[2024-10-28T16:43:01.355-0700] {processor.py:157} INFO - Started process (PID=68892) to work on /Users/saiprasadreddykolan/airflow_venv/lib/python3.10/site-packages/airflow/example_dags/plugins/listener_plugin.py
[2024-10-28T16:43:01.356-0700] {processor.py:826} INFO - Processing file /Users/saiprasadreddykolan/airflow_venv/lib/python3.10/site-packages/airflow/example_dags/plugins/listener_plugin.py for tasks to queue
[2024-10-28T16:43:01.356-0700] {logging_mixin.py:150} INFO - [2024-10-28T16:43:01.356-0700] {dagbag.py:541} INFO - Filling up the DagBag from /Users/saiprasadreddykolan/airflow_venv/lib/python3.10/site-packages/airflow/example_dags/plugins/listener_plugin.py
[2024-10-28T16:43:01.357-0700] {processor.py:838} WARNING - No viable dags retrieved from /Users/saiprasadreddykolan/airflow_venv/lib/python3.10/site-packages/airflow/example_dags/plugins/listener_plugin.py
[2024-10-28T16:43:01.577-0700] {processor.py:179} INFO - Processing /Users/saiprasadreddykolan/airflow_venv/lib/python3.10/site-packages/airflow/example_dags/plugins/listener_plugin.py took 0.222 seconds
[2024-10-28T16:44:19.772-0700] {processor.py:157} INFO - Started process (PID=68948) to work on /Users/saiprasadreddykolan/airflow_venv/lib/python3.10/site-packages/airflow/example_dags/plugins/listener_plugin.py
[2024-10-28T16:44:19.774-0700] {processor.py:826} INFO - Processing file /Users/saiprasadreddykolan/airflow_venv/lib/python3.10/site-packages/airflow/example_dags/plugins/listener_plugin.py for tasks to queue
[2024-10-28T16:44:19.775-0700] {logging_mixin.py:150} INFO - [2024-10-28T16:44:19.775-0700] {dagbag.py:541} INFO - Filling up the DagBag from /Users/saiprasadreddykolan/airflow_venv/lib/python3.10/site-packages/airflow/example_dags/plugins/listener_plugin.py
[2024-10-28T16:44:19.776-0700] {processor.py:838} WARNING - No viable dags retrieved from /Users/saiprasadreddykolan/airflow_venv/lib/python3.10/site-packages/airflow/example_dags/plugins/listener_plugin.py
[2024-10-28T16:44:19.992-0700] {processor.py:179} INFO - Processing /Users/saiprasadreddykolan/airflow_venv/lib/python3.10/site-packages/airflow/example_dags/plugins/listener_plugin.py took 0.220 seconds
[2024-10-28T16:45:06.840-0700] {processor.py:157} INFO - Started process (PID=69005) to work on /Users/saiprasadreddykolan/airflow_venv/lib/python3.10/site-packages/airflow/example_dags/plugins/listener_plugin.py
[2024-10-28T16:45:06.841-0700] {processor.py:826} INFO - Processing file /Users/saiprasadreddykolan/airflow_venv/lib/python3.10/site-packages/airflow/example_dags/plugins/listener_plugin.py for tasks to queue
[2024-10-28T16:45:06.841-0700] {logging_mixin.py:150} INFO - [2024-10-28T16:45:06.841-0700] {dagbag.py:541} INFO - Filling up the DagBag from /Users/saiprasadreddykolan/airflow_venv/lib/python3.10/site-packages/airflow/example_dags/plugins/listener_plugin.py
[2024-10-28T16:45:06.843-0700] {processor.py:838} WARNING - No viable dags retrieved from /Users/saiprasadreddykolan/airflow_venv/lib/python3.10/site-packages/airflow/example_dags/plugins/listener_plugin.py
[2024-10-28T16:45:07.081-0700] {processor.py:179} INFO - Processing /Users/saiprasadreddykolan/airflow_venv/lib/python3.10/site-packages/airflow/example_dags/plugins/listener_plugin.py took 0.242 seconds
[2024-10-28T16:45:53.530-0700] {processor.py:157} INFO - Started process (PID=69040) to work on /Users/saiprasadreddykolan/airflow_venv/lib/python3.10/site-packages/airflow/example_dags/plugins/listener_plugin.py
[2024-10-28T16:45:53.532-0700] {processor.py:826} INFO - Processing file /Users/saiprasadreddykolan/airflow_venv/lib/python3.10/site-packages/airflow/example_dags/plugins/listener_plugin.py for tasks to queue
[2024-10-28T16:45:53.533-0700] {logging_mixin.py:150} INFO - [2024-10-28T16:45:53.532-0700] {dagbag.py:541} INFO - Filling up the DagBag from /Users/saiprasadreddykolan/airflow_venv/lib/python3.10/site-packages/airflow/example_dags/plugins/listener_plugin.py
[2024-10-28T16:45:53.534-0700] {processor.py:838} WARNING - No viable dags retrieved from /Users/saiprasadreddykolan/airflow_venv/lib/python3.10/site-packages/airflow/example_dags/plugins/listener_plugin.py
[2024-10-28T16:45:53.756-0700] {processor.py:179} INFO - Processing /Users/saiprasadreddykolan/airflow_venv/lib/python3.10/site-packages/airflow/example_dags/plugins/listener_plugin.py took 0.226 seconds
[2024-10-28T16:46:41.617-0700] {processor.py:157} INFO - Started process (PID=69088) to work on /Users/saiprasadreddykolan/airflow_venv/lib/python3.10/site-packages/airflow/example_dags/plugins/listener_plugin.py
[2024-10-28T16:46:41.618-0700] {processor.py:826} INFO - Processing file /Users/saiprasadreddykolan/airflow_venv/lib/python3.10/site-packages/airflow/example_dags/plugins/listener_plugin.py for tasks to queue
[2024-10-28T16:46:41.619-0700] {logging_mixin.py:150} INFO - [2024-10-28T16:46:41.618-0700] {dagbag.py:541} INFO - Filling up the DagBag from /Users/saiprasadreddykolan/airflow_venv/lib/python3.10/site-packages/airflow/example_dags/plugins/listener_plugin.py
[2024-10-28T16:46:41.620-0700] {processor.py:838} WARNING - No viable dags retrieved from /Users/saiprasadreddykolan/airflow_venv/lib/python3.10/site-packages/airflow/example_dags/plugins/listener_plugin.py
[2024-10-28T16:46:41.857-0700] {processor.py:179} INFO - Processing /Users/saiprasadreddykolan/airflow_venv/lib/python3.10/site-packages/airflow/example_dags/plugins/listener_plugin.py took 0.241 seconds
[2024-10-28T16:47:28.135-0700] {processor.py:157} INFO - Started process (PID=69123) to work on /Users/saiprasadreddykolan/airflow_venv/lib/python3.10/site-packages/airflow/example_dags/plugins/listener_plugin.py
[2024-10-28T16:47:28.138-0700] {processor.py:826} INFO - Processing file /Users/saiprasadreddykolan/airflow_venv/lib/python3.10/site-packages/airflow/example_dags/plugins/listener_plugin.py for tasks to queue
[2024-10-28T16:47:28.138-0700] {logging_mixin.py:150} INFO - [2024-10-28T16:47:28.138-0700] {dagbag.py:541} INFO - Filling up the DagBag from /Users/saiprasadreddykolan/airflow_venv/lib/python3.10/site-packages/airflow/example_dags/plugins/listener_plugin.py
[2024-10-28T16:47:28.140-0700] {processor.py:838} WARNING - No viable dags retrieved from /Users/saiprasadreddykolan/airflow_venv/lib/python3.10/site-packages/airflow/example_dags/plugins/listener_plugin.py
[2024-10-28T16:47:28.374-0700] {processor.py:179} INFO - Processing /Users/saiprasadreddykolan/airflow_venv/lib/python3.10/site-packages/airflow/example_dags/plugins/listener_plugin.py took 0.239 seconds
[2024-10-28T16:48:11.821-0700] {processor.py:157} INFO - Started process (PID=69159) to work on /Users/saiprasadreddykolan/airflow_venv/lib/python3.10/site-packages/airflow/example_dags/plugins/listener_plugin.py
[2024-10-28T16:48:11.823-0700] {processor.py:826} INFO - Processing file /Users/saiprasadreddykolan/airflow_venv/lib/python3.10/site-packages/airflow/example_dags/plugins/listener_plugin.py for tasks to queue
[2024-10-28T16:48:11.823-0700] {logging_mixin.py:150} INFO - [2024-10-28T16:48:11.823-0700] {dagbag.py:541} INFO - Filling up the DagBag from /Users/saiprasadreddykolan/airflow_venv/lib/python3.10/site-packages/airflow/example_dags/plugins/listener_plugin.py
[2024-10-28T16:48:11.825-0700] {processor.py:838} WARNING - No viable dags retrieved from /Users/saiprasadreddykolan/airflow_venv/lib/python3.10/site-packages/airflow/example_dags/plugins/listener_plugin.py
[2024-10-28T16:48:12.046-0700] {processor.py:179} INFO - Processing /Users/saiprasadreddykolan/airflow_venv/lib/python3.10/site-packages/airflow/example_dags/plugins/listener_plugin.py took 0.226 seconds
[2024-10-28T16:48:58.583-0700] {processor.py:157} INFO - Started process (PID=69202) to work on /Users/saiprasadreddykolan/airflow_venv/lib/python3.10/site-packages/airflow/example_dags/plugins/listener_plugin.py
[2024-10-28T16:48:58.586-0700] {processor.py:826} INFO - Processing file /Users/saiprasadreddykolan/airflow_venv/lib/python3.10/site-packages/airflow/example_dags/plugins/listener_plugin.py for tasks to queue
[2024-10-28T16:48:58.586-0700] {logging_mixin.py:150} INFO - [2024-10-28T16:48:58.586-0700] {dagbag.py:541} INFO - Filling up the DagBag from /Users/saiprasadreddykolan/airflow_venv/lib/python3.10/site-packages/airflow/example_dags/plugins/listener_plugin.py
[2024-10-28T16:48:58.587-0700] {processor.py:838} WARNING - No viable dags retrieved from /Users/saiprasadreddykolan/airflow_venv/lib/python3.10/site-packages/airflow/example_dags/plugins/listener_plugin.py
[2024-10-28T16:48:58.831-0700] {processor.py:179} INFO - Processing /Users/saiprasadreddykolan/airflow_venv/lib/python3.10/site-packages/airflow/example_dags/plugins/listener_plugin.py took 0.247 seconds
[2024-10-28T16:49:44.667-0700] {processor.py:157} INFO - Started process (PID=69236) to work on /Users/saiprasadreddykolan/airflow_venv/lib/python3.10/site-packages/airflow/example_dags/plugins/listener_plugin.py
[2024-10-28T16:49:44.669-0700] {processor.py:826} INFO - Processing file /Users/saiprasadreddykolan/airflow_venv/lib/python3.10/site-packages/airflow/example_dags/plugins/listener_plugin.py for tasks to queue
[2024-10-28T16:49:44.669-0700] {logging_mixin.py:150} INFO - [2024-10-28T16:49:44.669-0700] {dagbag.py:541} INFO - Filling up the DagBag from /Users/saiprasadreddykolan/airflow_venv/lib/python3.10/site-packages/airflow/example_dags/plugins/listener_plugin.py
[2024-10-28T16:49:44.671-0700] {processor.py:838} WARNING - No viable dags retrieved from /Users/saiprasadreddykolan/airflow_venv/lib/python3.10/site-packages/airflow/example_dags/plugins/listener_plugin.py
[2024-10-28T16:49:44.893-0700] {processor.py:179} INFO - Processing /Users/saiprasadreddykolan/airflow_venv/lib/python3.10/site-packages/airflow/example_dags/plugins/listener_plugin.py took 0.226 seconds
[2024-10-28T16:50:29.560-0700] {processor.py:157} INFO - Started process (PID=69270) to work on /Users/saiprasadreddykolan/airflow_venv/lib/python3.10/site-packages/airflow/example_dags/plugins/listener_plugin.py
[2024-10-28T16:50:29.562-0700] {processor.py:826} INFO - Processing file /Users/saiprasadreddykolan/airflow_venv/lib/python3.10/site-packages/airflow/example_dags/plugins/listener_plugin.py for tasks to queue
[2024-10-28T16:50:29.563-0700] {logging_mixin.py:150} INFO - [2024-10-28T16:50:29.563-0700] {dagbag.py:541} INFO - Filling up the DagBag from /Users/saiprasadreddykolan/airflow_venv/lib/python3.10/site-packages/airflow/example_dags/plugins/listener_plugin.py
[2024-10-28T16:50:29.564-0700] {processor.py:838} WARNING - No viable dags retrieved from /Users/saiprasadreddykolan/airflow_venv/lib/python3.10/site-packages/airflow/example_dags/plugins/listener_plugin.py
[2024-10-28T16:50:29.783-0700] {processor.py:179} INFO - Processing /Users/saiprasadreddykolan/airflow_venv/lib/python3.10/site-packages/airflow/example_dags/plugins/listener_plugin.py took 0.223 seconds
[2024-10-28T16:51:18.536-0700] {processor.py:157} INFO - Started process (PID=69304) to work on /Users/saiprasadreddykolan/airflow_venv/lib/python3.10/site-packages/airflow/example_dags/plugins/listener_plugin.py
[2024-10-28T16:51:18.539-0700] {processor.py:826} INFO - Processing file /Users/saiprasadreddykolan/airflow_venv/lib/python3.10/site-packages/airflow/example_dags/plugins/listener_plugin.py for tasks to queue
[2024-10-28T16:51:18.539-0700] {logging_mixin.py:150} INFO - [2024-10-28T16:51:18.539-0700] {dagbag.py:541} INFO - Filling up the DagBag from /Users/saiprasadreddykolan/airflow_venv/lib/python3.10/site-packages/airflow/example_dags/plugins/listener_plugin.py
[2024-10-28T16:51:18.541-0700] {processor.py:838} WARNING - No viable dags retrieved from /Users/saiprasadreddykolan/airflow_venv/lib/python3.10/site-packages/airflow/example_dags/plugins/listener_plugin.py
[2024-10-28T16:51:18.757-0700] {processor.py:179} INFO - Processing /Users/saiprasadreddykolan/airflow_venv/lib/python3.10/site-packages/airflow/example_dags/plugins/listener_plugin.py took 0.221 seconds
[2024-10-28T16:52:07.325-0700] {processor.py:157} INFO - Started process (PID=69333) to work on /Users/saiprasadreddykolan/airflow_venv/lib/python3.10/site-packages/airflow/example_dags/plugins/listener_plugin.py
[2024-10-28T16:52:07.328-0700] {processor.py:826} INFO - Processing file /Users/saiprasadreddykolan/airflow_venv/lib/python3.10/site-packages/airflow/example_dags/plugins/listener_plugin.py for tasks to queue
[2024-10-28T16:52:07.328-0700] {logging_mixin.py:150} INFO - [2024-10-28T16:52:07.328-0700] {dagbag.py:541} INFO - Filling up the DagBag from /Users/saiprasadreddykolan/airflow_venv/lib/python3.10/site-packages/airflow/example_dags/plugins/listener_plugin.py
[2024-10-28T16:52:07.330-0700] {processor.py:838} WARNING - No viable dags retrieved from /Users/saiprasadreddykolan/airflow_venv/lib/python3.10/site-packages/airflow/example_dags/plugins/listener_plugin.py
[2024-10-28T16:52:07.548-0700] {processor.py:179} INFO - Processing /Users/saiprasadreddykolan/airflow_venv/lib/python3.10/site-packages/airflow/example_dags/plugins/listener_plugin.py took 0.223 seconds
[2024-10-28T16:52:54.374-0700] {processor.py:157} INFO - Started process (PID=69375) to work on /Users/saiprasadreddykolan/airflow_venv/lib/python3.10/site-packages/airflow/example_dags/plugins/listener_plugin.py
[2024-10-28T16:52:54.376-0700] {processor.py:826} INFO - Processing file /Users/saiprasadreddykolan/airflow_venv/lib/python3.10/site-packages/airflow/example_dags/plugins/listener_plugin.py for tasks to queue
[2024-10-28T16:52:54.376-0700] {logging_mixin.py:150} INFO - [2024-10-28T16:52:54.376-0700] {dagbag.py:541} INFO - Filling up the DagBag from /Users/saiprasadreddykolan/airflow_venv/lib/python3.10/site-packages/airflow/example_dags/plugins/listener_plugin.py
[2024-10-28T16:52:54.378-0700] {processor.py:838} WARNING - No viable dags retrieved from /Users/saiprasadreddykolan/airflow_venv/lib/python3.10/site-packages/airflow/example_dags/plugins/listener_plugin.py
[2024-10-28T16:52:54.600-0700] {processor.py:179} INFO - Processing /Users/saiprasadreddykolan/airflow_venv/lib/python3.10/site-packages/airflow/example_dags/plugins/listener_plugin.py took 0.227 seconds
[2024-10-28T16:53:40.054-0700] {processor.py:157} INFO - Started process (PID=69412) to work on /Users/saiprasadreddykolan/airflow_venv/lib/python3.10/site-packages/airflow/example_dags/plugins/listener_plugin.py
[2024-10-28T16:53:40.056-0700] {processor.py:826} INFO - Processing file /Users/saiprasadreddykolan/airflow_venv/lib/python3.10/site-packages/airflow/example_dags/plugins/listener_plugin.py for tasks to queue
[2024-10-28T16:53:40.056-0700] {logging_mixin.py:150} INFO - [2024-10-28T16:53:40.056-0700] {dagbag.py:541} INFO - Filling up the DagBag from /Users/saiprasadreddykolan/airflow_venv/lib/python3.10/site-packages/airflow/example_dags/plugins/listener_plugin.py
[2024-10-28T16:53:40.058-0700] {processor.py:838} WARNING - No viable dags retrieved from /Users/saiprasadreddykolan/airflow_venv/lib/python3.10/site-packages/airflow/example_dags/plugins/listener_plugin.py
[2024-10-28T16:53:40.274-0700] {processor.py:179} INFO - Processing /Users/saiprasadreddykolan/airflow_venv/lib/python3.10/site-packages/airflow/example_dags/plugins/listener_plugin.py took 0.220 seconds
[2024-10-28T16:54:21.754-0700] {processor.py:157} INFO - Started process (PID=69443) to work on /Users/saiprasadreddykolan/airflow_venv/lib/python3.10/site-packages/airflow/example_dags/plugins/listener_plugin.py
[2024-10-28T16:54:21.756-0700] {processor.py:826} INFO - Processing file /Users/saiprasadreddykolan/airflow_venv/lib/python3.10/site-packages/airflow/example_dags/plugins/listener_plugin.py for tasks to queue
[2024-10-28T16:54:21.756-0700] {logging_mixin.py:150} INFO - [2024-10-28T16:54:21.756-0700] {dagbag.py:541} INFO - Filling up the DagBag from /Users/saiprasadreddykolan/airflow_venv/lib/python3.10/site-packages/airflow/example_dags/plugins/listener_plugin.py
[2024-10-28T16:54:21.758-0700] {processor.py:838} WARNING - No viable dags retrieved from /Users/saiprasadreddykolan/airflow_venv/lib/python3.10/site-packages/airflow/example_dags/plugins/listener_plugin.py
[2024-10-28T16:54:21.981-0700] {processor.py:179} INFO - Processing /Users/saiprasadreddykolan/airflow_venv/lib/python3.10/site-packages/airflow/example_dags/plugins/listener_plugin.py took 0.227 seconds
[2024-10-28T16:55:10.624-0700] {processor.py:157} INFO - Started process (PID=69483) to work on /Users/saiprasadreddykolan/airflow_venv/lib/python3.10/site-packages/airflow/example_dags/plugins/listener_plugin.py
[2024-10-28T16:55:10.626-0700] {processor.py:826} INFO - Processing file /Users/saiprasadreddykolan/airflow_venv/lib/python3.10/site-packages/airflow/example_dags/plugins/listener_plugin.py for tasks to queue
[2024-10-28T16:55:10.626-0700] {logging_mixin.py:150} INFO - [2024-10-28T16:55:10.626-0700] {dagbag.py:541} INFO - Filling up the DagBag from /Users/saiprasadreddykolan/airflow_venv/lib/python3.10/site-packages/airflow/example_dags/plugins/listener_plugin.py
[2024-10-28T16:55:10.627-0700] {processor.py:838} WARNING - No viable dags retrieved from /Users/saiprasadreddykolan/airflow_venv/lib/python3.10/site-packages/airflow/example_dags/plugins/listener_plugin.py
[2024-10-28T16:55:10.847-0700] {processor.py:179} INFO - Processing /Users/saiprasadreddykolan/airflow_venv/lib/python3.10/site-packages/airflow/example_dags/plugins/listener_plugin.py took 0.224 seconds
[2024-10-28T16:56:01.211-0700] {processor.py:157} INFO - Started process (PID=69515) to work on /Users/saiprasadreddykolan/airflow_venv/lib/python3.10/site-packages/airflow/example_dags/plugins/listener_plugin.py
[2024-10-28T16:56:01.214-0700] {processor.py:826} INFO - Processing file /Users/saiprasadreddykolan/airflow_venv/lib/python3.10/site-packages/airflow/example_dags/plugins/listener_plugin.py for tasks to queue
[2024-10-28T16:56:01.214-0700] {logging_mixin.py:150} INFO - [2024-10-28T16:56:01.214-0700] {dagbag.py:541} INFO - Filling up the DagBag from /Users/saiprasadreddykolan/airflow_venv/lib/python3.10/site-packages/airflow/example_dags/plugins/listener_plugin.py
[2024-10-28T16:56:01.215-0700] {processor.py:838} WARNING - No viable dags retrieved from /Users/saiprasadreddykolan/airflow_venv/lib/python3.10/site-packages/airflow/example_dags/plugins/listener_plugin.py
[2024-10-28T16:56:01.432-0700] {processor.py:179} INFO - Processing /Users/saiprasadreddykolan/airflow_venv/lib/python3.10/site-packages/airflow/example_dags/plugins/listener_plugin.py took 0.221 seconds
[2024-10-28T16:56:51.616-0700] {processor.py:157} INFO - Started process (PID=69558) to work on /Users/saiprasadreddykolan/airflow_venv/lib/python3.10/site-packages/airflow/example_dags/plugins/listener_plugin.py
[2024-10-28T16:56:51.618-0700] {processor.py:826} INFO - Processing file /Users/saiprasadreddykolan/airflow_venv/lib/python3.10/site-packages/airflow/example_dags/plugins/listener_plugin.py for tasks to queue
[2024-10-28T16:56:51.618-0700] {logging_mixin.py:150} INFO - [2024-10-28T16:56:51.618-0700] {dagbag.py:541} INFO - Filling up the DagBag from /Users/saiprasadreddykolan/airflow_venv/lib/python3.10/site-packages/airflow/example_dags/plugins/listener_plugin.py
[2024-10-28T16:56:51.619-0700] {processor.py:838} WARNING - No viable dags retrieved from /Users/saiprasadreddykolan/airflow_venv/lib/python3.10/site-packages/airflow/example_dags/plugins/listener_plugin.py
[2024-10-28T16:56:51.840-0700] {processor.py:179} INFO - Processing /Users/saiprasadreddykolan/airflow_venv/lib/python3.10/site-packages/airflow/example_dags/plugins/listener_plugin.py took 0.224 seconds
[2024-10-28T16:57:37.701-0700] {processor.py:157} INFO - Started process (PID=69589) to work on /Users/saiprasadreddykolan/airflow_venv/lib/python3.10/site-packages/airflow/example_dags/plugins/listener_plugin.py
[2024-10-28T16:57:37.704-0700] {processor.py:826} INFO - Processing file /Users/saiprasadreddykolan/airflow_venv/lib/python3.10/site-packages/airflow/example_dags/plugins/listener_plugin.py for tasks to queue
[2024-10-28T16:57:37.704-0700] {logging_mixin.py:150} INFO - [2024-10-28T16:57:37.704-0700] {dagbag.py:541} INFO - Filling up the DagBag from /Users/saiprasadreddykolan/airflow_venv/lib/python3.10/site-packages/airflow/example_dags/plugins/listener_plugin.py
[2024-10-28T16:57:37.706-0700] {processor.py:838} WARNING - No viable dags retrieved from /Users/saiprasadreddykolan/airflow_venv/lib/python3.10/site-packages/airflow/example_dags/plugins/listener_plugin.py
[2024-10-28T16:57:37.923-0700] {processor.py:179} INFO - Processing /Users/saiprasadreddykolan/airflow_venv/lib/python3.10/site-packages/airflow/example_dags/plugins/listener_plugin.py took 0.222 seconds
[2024-10-28T16:58:21.311-0700] {processor.py:157} INFO - Started process (PID=69623) to work on /Users/saiprasadreddykolan/airflow_venv/lib/python3.10/site-packages/airflow/example_dags/plugins/listener_plugin.py
[2024-10-28T16:58:21.314-0700] {processor.py:826} INFO - Processing file /Users/saiprasadreddykolan/airflow_venv/lib/python3.10/site-packages/airflow/example_dags/plugins/listener_plugin.py for tasks to queue
[2024-10-28T16:58:21.314-0700] {logging_mixin.py:150} INFO - [2024-10-28T16:58:21.314-0700] {dagbag.py:541} INFO - Filling up the DagBag from /Users/saiprasadreddykolan/airflow_venv/lib/python3.10/site-packages/airflow/example_dags/plugins/listener_plugin.py
[2024-10-28T16:58:21.316-0700] {processor.py:838} WARNING - No viable dags retrieved from /Users/saiprasadreddykolan/airflow_venv/lib/python3.10/site-packages/airflow/example_dags/plugins/listener_plugin.py
[2024-10-28T16:58:21.541-0700] {processor.py:179} INFO - Processing /Users/saiprasadreddykolan/airflow_venv/lib/python3.10/site-packages/airflow/example_dags/plugins/listener_plugin.py took 0.230 seconds
[2024-10-28T16:59:09.565-0700] {processor.py:157} INFO - Started process (PID=69674) to work on /Users/saiprasadreddykolan/airflow_venv/lib/python3.10/site-packages/airflow/example_dags/plugins/listener_plugin.py
[2024-10-28T16:59:09.567-0700] {processor.py:826} INFO - Processing file /Users/saiprasadreddykolan/airflow_venv/lib/python3.10/site-packages/airflow/example_dags/plugins/listener_plugin.py for tasks to queue
[2024-10-28T16:59:09.568-0700] {logging_mixin.py:150} INFO - [2024-10-28T16:59:09.568-0700] {dagbag.py:541} INFO - Filling up the DagBag from /Users/saiprasadreddykolan/airflow_venv/lib/python3.10/site-packages/airflow/example_dags/plugins/listener_plugin.py
[2024-10-28T16:59:09.569-0700] {processor.py:838} WARNING - No viable dags retrieved from /Users/saiprasadreddykolan/airflow_venv/lib/python3.10/site-packages/airflow/example_dags/plugins/listener_plugin.py
[2024-10-28T16:59:09.785-0700] {processor.py:179} INFO - Processing /Users/saiprasadreddykolan/airflow_venv/lib/python3.10/site-packages/airflow/example_dags/plugins/listener_plugin.py took 0.220 seconds
[2024-10-28T16:59:53.289-0700] {processor.py:157} INFO - Started process (PID=69705) to work on /Users/saiprasadreddykolan/airflow_venv/lib/python3.10/site-packages/airflow/example_dags/plugins/listener_plugin.py
[2024-10-28T16:59:53.291-0700] {processor.py:826} INFO - Processing file /Users/saiprasadreddykolan/airflow_venv/lib/python3.10/site-packages/airflow/example_dags/plugins/listener_plugin.py for tasks to queue
[2024-10-28T16:59:53.292-0700] {logging_mixin.py:150} INFO - [2024-10-28T16:59:53.292-0700] {dagbag.py:541} INFO - Filling up the DagBag from /Users/saiprasadreddykolan/airflow_venv/lib/python3.10/site-packages/airflow/example_dags/plugins/listener_plugin.py
[2024-10-28T16:59:53.293-0700] {processor.py:838} WARNING - No viable dags retrieved from /Users/saiprasadreddykolan/airflow_venv/lib/python3.10/site-packages/airflow/example_dags/plugins/listener_plugin.py
[2024-10-28T16:59:53.508-0700] {processor.py:179} INFO - Processing /Users/saiprasadreddykolan/airflow_venv/lib/python3.10/site-packages/airflow/example_dags/plugins/listener_plugin.py took 0.219 seconds
