[2024-10-28T17:00:34.533-0700] {processor.py:157} INFO - Started process (PID=69738) to work on /Users/saiprasadreddykolan/airflow_venv/lib/python3.10/site-packages/airflow/example_dags/plugins/workday.py
[2024-10-28T17:00:34.534-0700] {processor.py:826} INFO - Processing file /Users/saiprasadreddykolan/airflow_venv/lib/python3.10/site-packages/airflow/example_dags/plugins/workday.py for tasks to queue
[2024-10-28T17:00:34.534-0700] {logging_mixin.py:150} INFO - [2024-10-28T17:00:34.534-0700] {dagbag.py:541} INFO - Filling up the DagBag from /Users/saiprasadreddykolan/airflow_venv/lib/python3.10/site-packages/airflow/example_dags/plugins/workday.py
[2024-10-28T17:00:34.536-0700] {logging_mixin.py:150} INFO - [2024-10-28T17:00:34.536-0700] {workday.py:36} WARNING - Could not import pandas. Holidays will not be considered.
[2024-10-28T17:00:34.536-0700] {processor.py:838} WARNING - No viable dags retrieved from /Users/saiprasadreddykolan/airflow_venv/lib/python3.10/site-packages/airflow/example_dags/plugins/workday.py
[2024-10-28T17:00:34.752-0700] {processor.py:179} INFO - Processing /Users/saiprasadreddykolan/airflow_venv/lib/python3.10/site-packages/airflow/example_dags/plugins/workday.py took 0.220 seconds
[2024-10-28T17:01:18.764-0700] {processor.py:157} INFO - Started process (PID=69784) to work on /Users/saiprasadreddykolan/airflow_venv/lib/python3.10/site-packages/airflow/example_dags/plugins/workday.py
[2024-10-28T17:01:18.765-0700] {processor.py:826} INFO - Processing file /Users/saiprasadreddykolan/airflow_venv/lib/python3.10/site-packages/airflow/example_dags/plugins/workday.py for tasks to queue
[2024-10-28T17:01:18.766-0700] {logging_mixin.py:150} INFO - [2024-10-28T17:01:18.766-0700] {dagbag.py:541} INFO - Filling up the DagBag from /Users/saiprasadreddykolan/airflow_venv/lib/python3.10/site-packages/airflow/example_dags/plugins/workday.py
[2024-10-28T17:01:18.766-0700] {logging_mixin.py:150} INFO - [2024-10-28T17:01:18.766-0700] {workday.py:36} WARNING - Could not import pandas. Holidays will not be considered.
[2024-10-28T17:01:18.766-0700] {processor.py:838} WARNING - No viable dags retrieved from /Users/saiprasadreddykolan/airflow_venv/lib/python3.10/site-packages/airflow/example_dags/plugins/workday.py
[2024-10-28T17:01:19.004-0700] {processor.py:179} INFO - Processing /Users/saiprasadreddykolan/airflow_venv/lib/python3.10/site-packages/airflow/example_dags/plugins/workday.py took 0.240 seconds
[2024-10-28T17:01:59.442-0700] {processor.py:157} INFO - Started process (PID=69812) to work on /Users/saiprasadreddykolan/airflow_venv/lib/python3.10/site-packages/airflow/example_dags/plugins/workday.py
[2024-10-28T17:01:59.445-0700] {processor.py:826} INFO - Processing file /Users/saiprasadreddykolan/airflow_venv/lib/python3.10/site-packages/airflow/example_dags/plugins/workday.py for tasks to queue
[2024-10-28T17:01:59.445-0700] {logging_mixin.py:150} INFO - [2024-10-28T17:01:59.445-0700] {dagbag.py:541} INFO - Filling up the DagBag from /Users/saiprasadreddykolan/airflow_venv/lib/python3.10/site-packages/airflow/example_dags/plugins/workday.py
[2024-10-28T17:01:59.446-0700] {logging_mixin.py:150} INFO - [2024-10-28T17:01:59.445-0700] {workday.py:36} WARNING - Could not import pandas. Holidays will not be considered.
[2024-10-28T17:01:59.446-0700] {processor.py:838} WARNING - No viable dags retrieved from /Users/saiprasadreddykolan/airflow_venv/lib/python3.10/site-packages/airflow/example_dags/plugins/workday.py
[2024-10-28T17:01:59.663-0700] {processor.py:179} INFO - Processing /Users/saiprasadreddykolan/airflow_venv/lib/python3.10/site-packages/airflow/example_dags/plugins/workday.py took 0.221 seconds
[2024-10-28T17:02:45.045-0700] {processor.py:157} INFO - Started process (PID=69841) to work on /Users/saiprasadreddykolan/airflow_venv/lib/python3.10/site-packages/airflow/example_dags/plugins/workday.py
[2024-10-28T17:02:45.047-0700] {processor.py:826} INFO - Processing file /Users/saiprasadreddykolan/airflow_venv/lib/python3.10/site-packages/airflow/example_dags/plugins/workday.py for tasks to queue
[2024-10-28T17:02:45.047-0700] {logging_mixin.py:150} INFO - [2024-10-28T17:02:45.047-0700] {dagbag.py:541} INFO - Filling up the DagBag from /Users/saiprasadreddykolan/airflow_venv/lib/python3.10/site-packages/airflow/example_dags/plugins/workday.py
[2024-10-28T17:02:45.048-0700] {logging_mixin.py:150} INFO - [2024-10-28T17:02:45.048-0700] {workday.py:36} WARNING - Could not import pandas. Holidays will not be considered.
[2024-10-28T17:02:45.048-0700] {processor.py:838} WARNING - No viable dags retrieved from /Users/saiprasadreddykolan/airflow_venv/lib/python3.10/site-packages/airflow/example_dags/plugins/workday.py
[2024-10-28T17:02:45.280-0700] {processor.py:179} INFO - Processing /Users/saiprasadreddykolan/airflow_venv/lib/python3.10/site-packages/airflow/example_dags/plugins/workday.py took 0.235 seconds
[2024-10-28T17:03:32.203-0700] {processor.py:157} INFO - Started process (PID=69874) to work on /Users/saiprasadreddykolan/airflow_venv/lib/python3.10/site-packages/airflow/example_dags/plugins/workday.py
[2024-10-28T17:03:32.206-0700] {processor.py:826} INFO - Processing file /Users/saiprasadreddykolan/airflow_venv/lib/python3.10/site-packages/airflow/example_dags/plugins/workday.py for tasks to queue
[2024-10-28T17:03:32.206-0700] {logging_mixin.py:150} INFO - [2024-10-28T17:03:32.206-0700] {dagbag.py:541} INFO - Filling up the DagBag from /Users/saiprasadreddykolan/airflow_venv/lib/python3.10/site-packages/airflow/example_dags/plugins/workday.py
[2024-10-28T17:03:32.206-0700] {logging_mixin.py:150} INFO - [2024-10-28T17:03:32.206-0700] {workday.py:36} WARNING - Could not import pandas. Holidays will not be considered.
[2024-10-28T17:03:32.206-0700] {processor.py:838} WARNING - No viable dags retrieved from /Users/saiprasadreddykolan/airflow_venv/lib/python3.10/site-packages/airflow/example_dags/plugins/workday.py
[2024-10-28T17:03:32.422-0700] {processor.py:179} INFO - Processing /Users/saiprasadreddykolan/airflow_venv/lib/python3.10/site-packages/airflow/example_dags/plugins/workday.py took 0.219 seconds
[2024-10-28T17:04:14.584-0700] {processor.py:157} INFO - Started process (PID=69902) to work on /Users/saiprasadreddykolan/airflow_venv/lib/python3.10/site-packages/airflow/example_dags/plugins/workday.py
[2024-10-28T17:04:14.586-0700] {processor.py:826} INFO - Processing file /Users/saiprasadreddykolan/airflow_venv/lib/python3.10/site-packages/airflow/example_dags/plugins/workday.py for tasks to queue
[2024-10-28T17:04:14.586-0700] {logging_mixin.py:150} INFO - [2024-10-28T17:04:14.586-0700] {dagbag.py:541} INFO - Filling up the DagBag from /Users/saiprasadreddykolan/airflow_venv/lib/python3.10/site-packages/airflow/example_dags/plugins/workday.py
[2024-10-28T17:04:14.586-0700] {logging_mixin.py:150} INFO - [2024-10-28T17:04:14.586-0700] {workday.py:36} WARNING - Could not import pandas. Holidays will not be considered.
[2024-10-28T17:04:14.586-0700] {processor.py:838} WARNING - No viable dags retrieved from /Users/saiprasadreddykolan/airflow_venv/lib/python3.10/site-packages/airflow/example_dags/plugins/workday.py
[2024-10-28T17:04:14.802-0700] {processor.py:179} INFO - Processing /Users/saiprasadreddykolan/airflow_venv/lib/python3.10/site-packages/airflow/example_dags/plugins/workday.py took 0.218 seconds
[2024-10-28T17:04:59.577-0700] {processor.py:157} INFO - Started process (PID=69939) to work on /Users/saiprasadreddykolan/airflow_venv/lib/python3.10/site-packages/airflow/example_dags/plugins/workday.py
[2024-10-28T17:04:59.579-0700] {processor.py:826} INFO - Processing file /Users/saiprasadreddykolan/airflow_venv/lib/python3.10/site-packages/airflow/example_dags/plugins/workday.py for tasks to queue
[2024-10-28T17:04:59.579-0700] {logging_mixin.py:150} INFO - [2024-10-28T17:04:59.579-0700] {dagbag.py:541} INFO - Filling up the DagBag from /Users/saiprasadreddykolan/airflow_venv/lib/python3.10/site-packages/airflow/example_dags/plugins/workday.py
[2024-10-28T17:04:59.580-0700] {logging_mixin.py:150} INFO - [2024-10-28T17:04:59.580-0700] {workday.py:36} WARNING - Could not import pandas. Holidays will not be considered.
[2024-10-28T17:04:59.580-0700] {processor.py:838} WARNING - No viable dags retrieved from /Users/saiprasadreddykolan/airflow_venv/lib/python3.10/site-packages/airflow/example_dags/plugins/workday.py
[2024-10-28T17:04:59.819-0700] {processor.py:179} INFO - Processing /Users/saiprasadreddykolan/airflow_venv/lib/python3.10/site-packages/airflow/example_dags/plugins/workday.py took 0.242 seconds
[2024-10-28T17:05:50.366-0700] {processor.py:157} INFO - Started process (PID=69970) to work on /Users/saiprasadreddykolan/airflow_venv/lib/python3.10/site-packages/airflow/example_dags/plugins/workday.py
[2024-10-28T17:05:50.368-0700] {processor.py:826} INFO - Processing file /Users/saiprasadreddykolan/airflow_venv/lib/python3.10/site-packages/airflow/example_dags/plugins/workday.py for tasks to queue
[2024-10-28T17:05:50.368-0700] {logging_mixin.py:150} INFO - [2024-10-28T17:05:50.368-0700] {dagbag.py:541} INFO - Filling up the DagBag from /Users/saiprasadreddykolan/airflow_venv/lib/python3.10/site-packages/airflow/example_dags/plugins/workday.py
[2024-10-28T17:05:50.369-0700] {logging_mixin.py:150} INFO - [2024-10-28T17:05:50.369-0700] {workday.py:36} WARNING - Could not import pandas. Holidays will not be considered.
[2024-10-28T17:05:50.369-0700] {processor.py:838} WARNING - No viable dags retrieved from /Users/saiprasadreddykolan/airflow_venv/lib/python3.10/site-packages/airflow/example_dags/plugins/workday.py
[2024-10-28T17:05:50.593-0700] {processor.py:179} INFO - Processing /Users/saiprasadreddykolan/airflow_venv/lib/python3.10/site-packages/airflow/example_dags/plugins/workday.py took 0.227 seconds
[2024-10-28T17:06:37.121-0700] {processor.py:157} INFO - Started process (PID=70001) to work on /Users/saiprasadreddykolan/airflow_venv/lib/python3.10/site-packages/airflow/example_dags/plugins/workday.py
[2024-10-28T17:06:37.124-0700] {processor.py:826} INFO - Processing file /Users/saiprasadreddykolan/airflow_venv/lib/python3.10/site-packages/airflow/example_dags/plugins/workday.py for tasks to queue
[2024-10-28T17:06:37.124-0700] {logging_mixin.py:150} INFO - [2024-10-28T17:06:37.124-0700] {dagbag.py:541} INFO - Filling up the DagBag from /Users/saiprasadreddykolan/airflow_venv/lib/python3.10/site-packages/airflow/example_dags/plugins/workday.py
[2024-10-28T17:06:37.124-0700] {logging_mixin.py:150} INFO - [2024-10-28T17:06:37.124-0700] {workday.py:36} WARNING - Could not import pandas. Holidays will not be considered.
[2024-10-28T17:06:37.125-0700] {processor.py:838} WARNING - No viable dags retrieved from /Users/saiprasadreddykolan/airflow_venv/lib/python3.10/site-packages/airflow/example_dags/plugins/workday.py
[2024-10-28T17:06:37.345-0700] {processor.py:179} INFO - Processing /Users/saiprasadreddykolan/airflow_venv/lib/python3.10/site-packages/airflow/example_dags/plugins/workday.py took 0.224 seconds
[2024-10-28T17:07:21.717-0700] {processor.py:157} INFO - Started process (PID=70037) to work on /Users/saiprasadreddykolan/airflow_venv/lib/python3.10/site-packages/airflow/example_dags/plugins/workday.py
[2024-10-28T17:07:21.720-0700] {processor.py:826} INFO - Processing file /Users/saiprasadreddykolan/airflow_venv/lib/python3.10/site-packages/airflow/example_dags/plugins/workday.py for tasks to queue
[2024-10-28T17:07:21.720-0700] {logging_mixin.py:150} INFO - [2024-10-28T17:07:21.720-0700] {dagbag.py:541} INFO - Filling up the DagBag from /Users/saiprasadreddykolan/airflow_venv/lib/python3.10/site-packages/airflow/example_dags/plugins/workday.py
[2024-10-28T17:07:21.721-0700] {logging_mixin.py:150} INFO - [2024-10-28T17:07:21.721-0700] {workday.py:36} WARNING - Could not import pandas. Holidays will not be considered.
[2024-10-28T17:07:21.721-0700] {processor.py:838} WARNING - No viable dags retrieved from /Users/saiprasadreddykolan/airflow_venv/lib/python3.10/site-packages/airflow/example_dags/plugins/workday.py
[2024-10-28T17:07:21.937-0700] {processor.py:179} INFO - Processing /Users/saiprasadreddykolan/airflow_venv/lib/python3.10/site-packages/airflow/example_dags/plugins/workday.py took 0.220 seconds
[2024-10-28T17:08:03.730-0700] {processor.py:157} INFO - Started process (PID=70067) to work on /Users/saiprasadreddykolan/airflow_venv/lib/python3.10/site-packages/airflow/example_dags/plugins/workday.py
[2024-10-28T17:08:03.732-0700] {processor.py:826} INFO - Processing file /Users/saiprasadreddykolan/airflow_venv/lib/python3.10/site-packages/airflow/example_dags/plugins/workday.py for tasks to queue
[2024-10-28T17:08:03.732-0700] {logging_mixin.py:150} INFO - [2024-10-28T17:08:03.732-0700] {dagbag.py:541} INFO - Filling up the DagBag from /Users/saiprasadreddykolan/airflow_venv/lib/python3.10/site-packages/airflow/example_dags/plugins/workday.py
[2024-10-28T17:08:03.733-0700] {logging_mixin.py:150} INFO - [2024-10-28T17:08:03.733-0700] {workday.py:36} WARNING - Could not import pandas. Holidays will not be considered.
[2024-10-28T17:08:03.733-0700] {processor.py:838} WARNING - No viable dags retrieved from /Users/saiprasadreddykolan/airflow_venv/lib/python3.10/site-packages/airflow/example_dags/plugins/workday.py
[2024-10-28T17:08:03.948-0700] {processor.py:179} INFO - Processing /Users/saiprasadreddykolan/airflow_venv/lib/python3.10/site-packages/airflow/example_dags/plugins/workday.py took 0.218 seconds
[2024-10-28T17:08:46.389-0700] {processor.py:157} INFO - Started process (PID=70095) to work on /Users/saiprasadreddykolan/airflow_venv/lib/python3.10/site-packages/airflow/example_dags/plugins/workday.py
[2024-10-28T17:08:46.391-0700] {processor.py:826} INFO - Processing file /Users/saiprasadreddykolan/airflow_venv/lib/python3.10/site-packages/airflow/example_dags/plugins/workday.py for tasks to queue
[2024-10-28T17:08:46.391-0700] {logging_mixin.py:150} INFO - [2024-10-28T17:08:46.391-0700] {dagbag.py:541} INFO - Filling up the DagBag from /Users/saiprasadreddykolan/airflow_venv/lib/python3.10/site-packages/airflow/example_dags/plugins/workday.py
[2024-10-28T17:08:46.392-0700] {logging_mixin.py:150} INFO - [2024-10-28T17:08:46.392-0700] {workday.py:36} WARNING - Could not import pandas. Holidays will not be considered.
[2024-10-28T17:08:46.392-0700] {processor.py:838} WARNING - No viable dags retrieved from /Users/saiprasadreddykolan/airflow_venv/lib/python3.10/site-packages/airflow/example_dags/plugins/workday.py
[2024-10-28T17:08:46.608-0700] {processor.py:179} INFO - Processing /Users/saiprasadreddykolan/airflow_venv/lib/python3.10/site-packages/airflow/example_dags/plugins/workday.py took 0.219 seconds
[2024-10-28T17:09:33.202-0700] {processor.py:157} INFO - Started process (PID=70125) to work on /Users/saiprasadreddykolan/airflow_venv/lib/python3.10/site-packages/airflow/example_dags/plugins/workday.py
[2024-10-28T17:09:33.204-0700] {processor.py:826} INFO - Processing file /Users/saiprasadreddykolan/airflow_venv/lib/python3.10/site-packages/airflow/example_dags/plugins/workday.py for tasks to queue
[2024-10-28T17:09:33.204-0700] {logging_mixin.py:150} INFO - [2024-10-28T17:09:33.204-0700] {dagbag.py:541} INFO - Filling up the DagBag from /Users/saiprasadreddykolan/airflow_venv/lib/python3.10/site-packages/airflow/example_dags/plugins/workday.py
[2024-10-28T17:09:33.205-0700] {logging_mixin.py:150} INFO - [2024-10-28T17:09:33.205-0700] {workday.py:36} WARNING - Could not import pandas. Holidays will not be considered.
[2024-10-28T17:09:33.205-0700] {processor.py:838} WARNING - No viable dags retrieved from /Users/saiprasadreddykolan/airflow_venv/lib/python3.10/site-packages/airflow/example_dags/plugins/workday.py
[2024-10-28T17:09:33.424-0700] {processor.py:179} INFO - Processing /Users/saiprasadreddykolan/airflow_venv/lib/python3.10/site-packages/airflow/example_dags/plugins/workday.py took 0.222 seconds
[2024-10-28T17:10:21.422-0700] {processor.py:157} INFO - Started process (PID=70155) to work on /Users/saiprasadreddykolan/airflow_venv/lib/python3.10/site-packages/airflow/example_dags/plugins/workday.py
[2024-10-28T17:10:21.425-0700] {processor.py:826} INFO - Processing file /Users/saiprasadreddykolan/airflow_venv/lib/python3.10/site-packages/airflow/example_dags/plugins/workday.py for tasks to queue
[2024-10-28T17:10:21.425-0700] {logging_mixin.py:150} INFO - [2024-10-28T17:10:21.425-0700] {dagbag.py:541} INFO - Filling up the DagBag from /Users/saiprasadreddykolan/airflow_venv/lib/python3.10/site-packages/airflow/example_dags/plugins/workday.py
[2024-10-28T17:10:21.426-0700] {logging_mixin.py:150} INFO - [2024-10-28T17:10:21.426-0700] {workday.py:36} WARNING - Could not import pandas. Holidays will not be considered.
[2024-10-28T17:10:21.426-0700] {processor.py:838} WARNING - No viable dags retrieved from /Users/saiprasadreddykolan/airflow_venv/lib/python3.10/site-packages/airflow/example_dags/plugins/workday.py
[2024-10-28T17:10:21.656-0700] {processor.py:179} INFO - Processing /Users/saiprasadreddykolan/airflow_venv/lib/python3.10/site-packages/airflow/example_dags/plugins/workday.py took 0.234 seconds
[2024-10-28T17:11:08.555-0700] {processor.py:157} INFO - Started process (PID=70185) to work on /Users/saiprasadreddykolan/airflow_venv/lib/python3.10/site-packages/airflow/example_dags/plugins/workday.py
[2024-10-28T17:11:08.557-0700] {processor.py:826} INFO - Processing file /Users/saiprasadreddykolan/airflow_venv/lib/python3.10/site-packages/airflow/example_dags/plugins/workday.py for tasks to queue
[2024-10-28T17:11:08.557-0700] {logging_mixin.py:150} INFO - [2024-10-28T17:11:08.557-0700] {dagbag.py:541} INFO - Filling up the DagBag from /Users/saiprasadreddykolan/airflow_venv/lib/python3.10/site-packages/airflow/example_dags/plugins/workday.py
[2024-10-28T17:11:08.558-0700] {logging_mixin.py:150} INFO - [2024-10-28T17:11:08.558-0700] {workday.py:36} WARNING - Could not import pandas. Holidays will not be considered.
[2024-10-28T17:11:08.558-0700] {processor.py:838} WARNING - No viable dags retrieved from /Users/saiprasadreddykolan/airflow_venv/lib/python3.10/site-packages/airflow/example_dags/plugins/workday.py
[2024-10-28T17:11:08.773-0700] {processor.py:179} INFO - Processing /Users/saiprasadreddykolan/airflow_venv/lib/python3.10/site-packages/airflow/example_dags/plugins/workday.py took 0.219 seconds
[2024-10-28T17:11:57.382-0700] {processor.py:157} INFO - Started process (PID=70214) to work on /Users/saiprasadreddykolan/airflow_venv/lib/python3.10/site-packages/airflow/example_dags/plugins/workday.py
[2024-10-28T17:11:57.385-0700] {processor.py:826} INFO - Processing file /Users/saiprasadreddykolan/airflow_venv/lib/python3.10/site-packages/airflow/example_dags/plugins/workday.py for tasks to queue
[2024-10-28T17:11:57.385-0700] {logging_mixin.py:150} INFO - [2024-10-28T17:11:57.385-0700] {dagbag.py:541} INFO - Filling up the DagBag from /Users/saiprasadreddykolan/airflow_venv/lib/python3.10/site-packages/airflow/example_dags/plugins/workday.py
[2024-10-28T17:11:57.386-0700] {logging_mixin.py:150} INFO - [2024-10-28T17:11:57.386-0700] {workday.py:36} WARNING - Could not import pandas. Holidays will not be considered.
[2024-10-28T17:11:57.386-0700] {processor.py:838} WARNING - No viable dags retrieved from /Users/saiprasadreddykolan/airflow_venv/lib/python3.10/site-packages/airflow/example_dags/plugins/workday.py
[2024-10-28T17:11:57.602-0700] {processor.py:179} INFO - Processing /Users/saiprasadreddykolan/airflow_venv/lib/python3.10/site-packages/airflow/example_dags/plugins/workday.py took 0.220 seconds
[2024-10-28T17:12:42.638-0700] {processor.py:157} INFO - Started process (PID=70245) to work on /Users/saiprasadreddykolan/airflow_venv/lib/python3.10/site-packages/airflow/example_dags/plugins/workday.py
[2024-10-28T17:12:42.641-0700] {processor.py:826} INFO - Processing file /Users/saiprasadreddykolan/airflow_venv/lib/python3.10/site-packages/airflow/example_dags/plugins/workday.py for tasks to queue
[2024-10-28T17:12:42.641-0700] {logging_mixin.py:150} INFO - [2024-10-28T17:12:42.641-0700] {dagbag.py:541} INFO - Filling up the DagBag from /Users/saiprasadreddykolan/airflow_venv/lib/python3.10/site-packages/airflow/example_dags/plugins/workday.py
[2024-10-28T17:12:42.642-0700] {logging_mixin.py:150} INFO - [2024-10-28T17:12:42.642-0700] {workday.py:36} WARNING - Could not import pandas. Holidays will not be considered.
[2024-10-28T17:12:42.642-0700] {processor.py:838} WARNING - No viable dags retrieved from /Users/saiprasadreddykolan/airflow_venv/lib/python3.10/site-packages/airflow/example_dags/plugins/workday.py
[2024-10-28T17:12:42.860-0700] {processor.py:179} INFO - Processing /Users/saiprasadreddykolan/airflow_venv/lib/python3.10/site-packages/airflow/example_dags/plugins/workday.py took 0.222 seconds
[2024-10-28T17:13:25.616-0700] {processor.py:157} INFO - Started process (PID=70276) to work on /Users/saiprasadreddykolan/airflow_venv/lib/python3.10/site-packages/airflow/example_dags/plugins/workday.py
[2024-10-28T17:13:25.618-0700] {processor.py:826} INFO - Processing file /Users/saiprasadreddykolan/airflow_venv/lib/python3.10/site-packages/airflow/example_dags/plugins/workday.py for tasks to queue
[2024-10-28T17:13:25.618-0700] {logging_mixin.py:150} INFO - [2024-10-28T17:13:25.618-0700] {dagbag.py:541} INFO - Filling up the DagBag from /Users/saiprasadreddykolan/airflow_venv/lib/python3.10/site-packages/airflow/example_dags/plugins/workday.py
[2024-10-28T17:13:25.619-0700] {logging_mixin.py:150} INFO - [2024-10-28T17:13:25.619-0700] {workday.py:36} WARNING - Could not import pandas. Holidays will not be considered.
[2024-10-28T17:13:25.619-0700] {processor.py:838} WARNING - No viable dags retrieved from /Users/saiprasadreddykolan/airflow_venv/lib/python3.10/site-packages/airflow/example_dags/plugins/workday.py
[2024-10-28T17:13:25.863-0700] {processor.py:179} INFO - Processing /Users/saiprasadreddykolan/airflow_venv/lib/python3.10/site-packages/airflow/example_dags/plugins/workday.py took 0.247 seconds
[2024-10-28T17:14:08.895-0700] {processor.py:157} INFO - Started process (PID=70306) to work on /Users/saiprasadreddykolan/airflow_venv/lib/python3.10/site-packages/airflow/example_dags/plugins/workday.py
[2024-10-28T17:14:08.898-0700] {processor.py:826} INFO - Processing file /Users/saiprasadreddykolan/airflow_venv/lib/python3.10/site-packages/airflow/example_dags/plugins/workday.py for tasks to queue
[2024-10-28T17:14:08.898-0700] {logging_mixin.py:150} INFO - [2024-10-28T17:14:08.898-0700] {dagbag.py:541} INFO - Filling up the DagBag from /Users/saiprasadreddykolan/airflow_venv/lib/python3.10/site-packages/airflow/example_dags/plugins/workday.py
[2024-10-28T17:14:08.899-0700] {logging_mixin.py:150} INFO - [2024-10-28T17:14:08.899-0700] {workday.py:36} WARNING - Could not import pandas. Holidays will not be considered.
[2024-10-28T17:14:08.899-0700] {processor.py:838} WARNING - No viable dags retrieved from /Users/saiprasadreddykolan/airflow_venv/lib/python3.10/site-packages/airflow/example_dags/plugins/workday.py
[2024-10-28T17:14:09.117-0700] {processor.py:179} INFO - Processing /Users/saiprasadreddykolan/airflow_venv/lib/python3.10/site-packages/airflow/example_dags/plugins/workday.py took 0.222 seconds
[2024-10-28T17:14:50.946-0700] {processor.py:157} INFO - Started process (PID=70334) to work on /Users/saiprasadreddykolan/airflow_venv/lib/python3.10/site-packages/airflow/example_dags/plugins/workday.py
[2024-10-28T17:14:50.949-0700] {processor.py:826} INFO - Processing file /Users/saiprasadreddykolan/airflow_venv/lib/python3.10/site-packages/airflow/example_dags/plugins/workday.py for tasks to queue
[2024-10-28T17:14:50.949-0700] {logging_mixin.py:150} INFO - [2024-10-28T17:14:50.949-0700] {dagbag.py:541} INFO - Filling up the DagBag from /Users/saiprasadreddykolan/airflow_venv/lib/python3.10/site-packages/airflow/example_dags/plugins/workday.py
[2024-10-28T17:14:50.949-0700] {logging_mixin.py:150} INFO - [2024-10-28T17:14:50.949-0700] {workday.py:36} WARNING - Could not import pandas. Holidays will not be considered.
[2024-10-28T17:14:50.949-0700] {processor.py:838} WARNING - No viable dags retrieved from /Users/saiprasadreddykolan/airflow_venv/lib/python3.10/site-packages/airflow/example_dags/plugins/workday.py
[2024-10-28T17:14:51.186-0700] {processor.py:179} INFO - Processing /Users/saiprasadreddykolan/airflow_venv/lib/python3.10/site-packages/airflow/example_dags/plugins/workday.py took 0.240 seconds
[2024-10-28T17:15:38.173-0700] {processor.py:157} INFO - Started process (PID=70368) to work on /Users/saiprasadreddykolan/airflow_venv/lib/python3.10/site-packages/airflow/example_dags/plugins/workday.py
[2024-10-28T17:15:38.176-0700] {processor.py:826} INFO - Processing file /Users/saiprasadreddykolan/airflow_venv/lib/python3.10/site-packages/airflow/example_dags/plugins/workday.py for tasks to queue
[2024-10-28T17:15:38.176-0700] {logging_mixin.py:150} INFO - [2024-10-28T17:15:38.176-0700] {dagbag.py:541} INFO - Filling up the DagBag from /Users/saiprasadreddykolan/airflow_venv/lib/python3.10/site-packages/airflow/example_dags/plugins/workday.py
[2024-10-28T17:15:38.177-0700] {logging_mixin.py:150} INFO - [2024-10-28T17:15:38.177-0700] {workday.py:36} WARNING - Could not import pandas. Holidays will not be considered.
[2024-10-28T17:15:38.177-0700] {processor.py:838} WARNING - No viable dags retrieved from /Users/saiprasadreddykolan/airflow_venv/lib/python3.10/site-packages/airflow/example_dags/plugins/workday.py
[2024-10-28T17:15:38.410-0700] {processor.py:179} INFO - Processing /Users/saiprasadreddykolan/airflow_venv/lib/python3.10/site-packages/airflow/example_dags/plugins/workday.py took 0.237 seconds
[2024-10-28T17:16:27.497-0700] {processor.py:157} INFO - Started process (PID=70458) to work on /Users/saiprasadreddykolan/airflow_venv/lib/python3.10/site-packages/airflow/example_dags/plugins/workday.py
[2024-10-28T17:16:27.499-0700] {processor.py:826} INFO - Processing file /Users/saiprasadreddykolan/airflow_venv/lib/python3.10/site-packages/airflow/example_dags/plugins/workday.py for tasks to queue
[2024-10-28T17:16:27.499-0700] {logging_mixin.py:150} INFO - [2024-10-28T17:16:27.499-0700] {dagbag.py:541} INFO - Filling up the DagBag from /Users/saiprasadreddykolan/airflow_venv/lib/python3.10/site-packages/airflow/example_dags/plugins/workday.py
[2024-10-28T17:16:27.500-0700] {logging_mixin.py:150} INFO - [2024-10-28T17:16:27.500-0700] {workday.py:36} WARNING - Could not import pandas. Holidays will not be considered.
[2024-10-28T17:16:27.500-0700] {processor.py:838} WARNING - No viable dags retrieved from /Users/saiprasadreddykolan/airflow_venv/lib/python3.10/site-packages/airflow/example_dags/plugins/workday.py
[2024-10-28T17:16:27.723-0700] {processor.py:179} INFO - Processing /Users/saiprasadreddykolan/airflow_venv/lib/python3.10/site-packages/airflow/example_dags/plugins/workday.py took 0.227 seconds
[2024-10-28T17:17:16.660-0700] {processor.py:157} INFO - Started process (PID=70491) to work on /Users/saiprasadreddykolan/airflow_venv/lib/python3.10/site-packages/airflow/example_dags/plugins/workday.py
[2024-10-28T17:17:16.663-0700] {processor.py:826} INFO - Processing file /Users/saiprasadreddykolan/airflow_venv/lib/python3.10/site-packages/airflow/example_dags/plugins/workday.py for tasks to queue
[2024-10-28T17:17:16.663-0700] {logging_mixin.py:150} INFO - [2024-10-28T17:17:16.663-0700] {dagbag.py:541} INFO - Filling up the DagBag from /Users/saiprasadreddykolan/airflow_venv/lib/python3.10/site-packages/airflow/example_dags/plugins/workday.py
[2024-10-28T17:17:16.663-0700] {logging_mixin.py:150} INFO - [2024-10-28T17:17:16.663-0700] {workday.py:36} WARNING - Could not import pandas. Holidays will not be considered.
[2024-10-28T17:17:16.663-0700] {processor.py:838} WARNING - No viable dags retrieved from /Users/saiprasadreddykolan/airflow_venv/lib/python3.10/site-packages/airflow/example_dags/plugins/workday.py
[2024-10-28T17:17:16.881-0700] {processor.py:179} INFO - Processing /Users/saiprasadreddykolan/airflow_venv/lib/python3.10/site-packages/airflow/example_dags/plugins/workday.py took 0.221 seconds
[2024-10-28T17:18:01.091-0700] {processor.py:157} INFO - Started process (PID=70525) to work on /Users/saiprasadreddykolan/airflow_venv/lib/python3.10/site-packages/airflow/example_dags/plugins/workday.py
[2024-10-28T17:18:01.093-0700] {processor.py:826} INFO - Processing file /Users/saiprasadreddykolan/airflow_venv/lib/python3.10/site-packages/airflow/example_dags/plugins/workday.py for tasks to queue
[2024-10-28T17:18:01.093-0700] {logging_mixin.py:150} INFO - [2024-10-28T17:18:01.093-0700] {dagbag.py:541} INFO - Filling up the DagBag from /Users/saiprasadreddykolan/airflow_venv/lib/python3.10/site-packages/airflow/example_dags/plugins/workday.py
[2024-10-28T17:18:01.094-0700] {logging_mixin.py:150} INFO - [2024-10-28T17:18:01.094-0700] {workday.py:36} WARNING - Could not import pandas. Holidays will not be considered.
[2024-10-28T17:18:01.094-0700] {processor.py:838} WARNING - No viable dags retrieved from /Users/saiprasadreddykolan/airflow_venv/lib/python3.10/site-packages/airflow/example_dags/plugins/workday.py
[2024-10-28T17:18:01.314-0700] {processor.py:179} INFO - Processing /Users/saiprasadreddykolan/airflow_venv/lib/python3.10/site-packages/airflow/example_dags/plugins/workday.py took 0.223 seconds
[2024-10-28T17:18:47.687-0700] {processor.py:157} INFO - Started process (PID=70563) to work on /Users/saiprasadreddykolan/airflow_venv/lib/python3.10/site-packages/airflow/example_dags/plugins/workday.py
[2024-10-28T17:18:47.689-0700] {processor.py:826} INFO - Processing file /Users/saiprasadreddykolan/airflow_venv/lib/python3.10/site-packages/airflow/example_dags/plugins/workday.py for tasks to queue
[2024-10-28T17:18:47.689-0700] {logging_mixin.py:150} INFO - [2024-10-28T17:18:47.689-0700] {dagbag.py:541} INFO - Filling up the DagBag from /Users/saiprasadreddykolan/airflow_venv/lib/python3.10/site-packages/airflow/example_dags/plugins/workday.py
[2024-10-28T17:18:47.689-0700] {logging_mixin.py:150} INFO - [2024-10-28T17:18:47.689-0700] {workday.py:36} WARNING - Could not import pandas. Holidays will not be considered.
[2024-10-28T17:18:47.689-0700] {processor.py:838} WARNING - No viable dags retrieved from /Users/saiprasadreddykolan/airflow_venv/lib/python3.10/site-packages/airflow/example_dags/plugins/workday.py
[2024-10-28T17:18:47.905-0700] {processor.py:179} INFO - Processing /Users/saiprasadreddykolan/airflow_venv/lib/python3.10/site-packages/airflow/example_dags/plugins/workday.py took 0.219 seconds
[2024-10-28T17:19:32.855-0700] {processor.py:157} INFO - Started process (PID=70616) to work on /Users/saiprasadreddykolan/airflow_venv/lib/python3.10/site-packages/airflow/example_dags/plugins/workday.py
[2024-10-28T17:19:32.857-0700] {processor.py:826} INFO - Processing file /Users/saiprasadreddykolan/airflow_venv/lib/python3.10/site-packages/airflow/example_dags/plugins/workday.py for tasks to queue
[2024-10-28T17:19:32.857-0700] {logging_mixin.py:150} INFO - [2024-10-28T17:19:32.857-0700] {dagbag.py:541} INFO - Filling up the DagBag from /Users/saiprasadreddykolan/airflow_venv/lib/python3.10/site-packages/airflow/example_dags/plugins/workday.py
[2024-10-28T17:19:32.858-0700] {logging_mixin.py:150} INFO - [2024-10-28T17:19:32.858-0700] {workday.py:36} WARNING - Could not import pandas. Holidays will not be considered.
[2024-10-28T17:19:32.858-0700] {processor.py:838} WARNING - No viable dags retrieved from /Users/saiprasadreddykolan/airflow_venv/lib/python3.10/site-packages/airflow/example_dags/plugins/workday.py
[2024-10-28T17:19:33.079-0700] {processor.py:179} INFO - Processing /Users/saiprasadreddykolan/airflow_venv/lib/python3.10/site-packages/airflow/example_dags/plugins/workday.py took 0.223 seconds
[2024-10-28T17:20:19.208-0700] {processor.py:157} INFO - Started process (PID=70644) to work on /Users/saiprasadreddykolan/airflow_venv/lib/python3.10/site-packages/airflow/example_dags/plugins/workday.py
[2024-10-28T17:20:19.210-0700] {processor.py:826} INFO - Processing file /Users/saiprasadreddykolan/airflow_venv/lib/python3.10/site-packages/airflow/example_dags/plugins/workday.py for tasks to queue
[2024-10-28T17:20:19.210-0700] {logging_mixin.py:150} INFO - [2024-10-28T17:20:19.210-0700] {dagbag.py:541} INFO - Filling up the DagBag from /Users/saiprasadreddykolan/airflow_venv/lib/python3.10/site-packages/airflow/example_dags/plugins/workday.py
[2024-10-28T17:20:19.211-0700] {logging_mixin.py:150} INFO - [2024-10-28T17:20:19.211-0700] {workday.py:36} WARNING - Could not import pandas. Holidays will not be considered.
[2024-10-28T17:20:19.211-0700] {processor.py:838} WARNING - No viable dags retrieved from /Users/saiprasadreddykolan/airflow_venv/lib/python3.10/site-packages/airflow/example_dags/plugins/workday.py
[2024-10-28T17:20:19.436-0700] {processor.py:179} INFO - Processing /Users/saiprasadreddykolan/airflow_venv/lib/python3.10/site-packages/airflow/example_dags/plugins/workday.py took 0.228 seconds
[2024-10-28T17:21:08.823-0700] {processor.py:157} INFO - Started process (PID=70678) to work on /Users/saiprasadreddykolan/airflow_venv/lib/python3.10/site-packages/airflow/example_dags/plugins/workday.py
[2024-10-28T17:21:08.826-0700] {processor.py:826} INFO - Processing file /Users/saiprasadreddykolan/airflow_venv/lib/python3.10/site-packages/airflow/example_dags/plugins/workday.py for tasks to queue
[2024-10-28T17:21:08.826-0700] {logging_mixin.py:150} INFO - [2024-10-28T17:21:08.826-0700] {dagbag.py:541} INFO - Filling up the DagBag from /Users/saiprasadreddykolan/airflow_venv/lib/python3.10/site-packages/airflow/example_dags/plugins/workday.py
[2024-10-28T17:21:08.826-0700] {logging_mixin.py:150} INFO - [2024-10-28T17:21:08.826-0700] {workday.py:36} WARNING - Could not import pandas. Holidays will not be considered.
[2024-10-28T17:21:08.826-0700] {processor.py:838} WARNING - No viable dags retrieved from /Users/saiprasadreddykolan/airflow_venv/lib/python3.10/site-packages/airflow/example_dags/plugins/workday.py
[2024-10-28T17:21:09.043-0700] {processor.py:179} INFO - Processing /Users/saiprasadreddykolan/airflow_venv/lib/python3.10/site-packages/airflow/example_dags/plugins/workday.py took 0.220 seconds
[2024-10-28T17:21:52.998-0700] {processor.py:157} INFO - Started process (PID=70708) to work on /Users/saiprasadreddykolan/airflow_venv/lib/python3.10/site-packages/airflow/example_dags/plugins/workday.py
[2024-10-28T17:21:53.001-0700] {processor.py:826} INFO - Processing file /Users/saiprasadreddykolan/airflow_venv/lib/python3.10/site-packages/airflow/example_dags/plugins/workday.py for tasks to queue
[2024-10-28T17:21:53.001-0700] {logging_mixin.py:150} INFO - [2024-10-28T17:21:53.001-0700] {dagbag.py:541} INFO - Filling up the DagBag from /Users/saiprasadreddykolan/airflow_venv/lib/python3.10/site-packages/airflow/example_dags/plugins/workday.py
[2024-10-28T17:21:53.002-0700] {logging_mixin.py:150} INFO - [2024-10-28T17:21:53.002-0700] {workday.py:36} WARNING - Could not import pandas. Holidays will not be considered.
[2024-10-28T17:21:53.002-0700] {processor.py:838} WARNING - No viable dags retrieved from /Users/saiprasadreddykolan/airflow_venv/lib/python3.10/site-packages/airflow/example_dags/plugins/workday.py
[2024-10-28T17:21:53.223-0700] {processor.py:179} INFO - Processing /Users/saiprasadreddykolan/airflow_venv/lib/python3.10/site-packages/airflow/example_dags/plugins/workday.py took 0.225 seconds
[2024-10-28T17:22:39.611-0700] {processor.py:157} INFO - Started process (PID=70740) to work on /Users/saiprasadreddykolan/airflow_venv/lib/python3.10/site-packages/airflow/example_dags/plugins/workday.py
[2024-10-28T17:22:39.613-0700] {processor.py:826} INFO - Processing file /Users/saiprasadreddykolan/airflow_venv/lib/python3.10/site-packages/airflow/example_dags/plugins/workday.py for tasks to queue
[2024-10-28T17:22:39.613-0700] {logging_mixin.py:150} INFO - [2024-10-28T17:22:39.613-0700] {dagbag.py:541} INFO - Filling up the DagBag from /Users/saiprasadreddykolan/airflow_venv/lib/python3.10/site-packages/airflow/example_dags/plugins/workday.py
[2024-10-28T17:22:39.614-0700] {logging_mixin.py:150} INFO - [2024-10-28T17:22:39.614-0700] {workday.py:36} WARNING - Could not import pandas. Holidays will not be considered.
[2024-10-28T17:22:39.614-0700] {processor.py:838} WARNING - No viable dags retrieved from /Users/saiprasadreddykolan/airflow_venv/lib/python3.10/site-packages/airflow/example_dags/plugins/workday.py
[2024-10-28T17:22:39.851-0700] {processor.py:179} INFO - Processing /Users/saiprasadreddykolan/airflow_venv/lib/python3.10/site-packages/airflow/example_dags/plugins/workday.py took 0.239 seconds
[2024-10-28T17:23:22.325-0700] {processor.py:157} INFO - Started process (PID=70792) to work on /Users/saiprasadreddykolan/airflow_venv/lib/python3.10/site-packages/airflow/example_dags/plugins/workday.py
[2024-10-28T17:23:22.327-0700] {processor.py:826} INFO - Processing file /Users/saiprasadreddykolan/airflow_venv/lib/python3.10/site-packages/airflow/example_dags/plugins/workday.py for tasks to queue
[2024-10-28T17:23:22.327-0700] {logging_mixin.py:150} INFO - [2024-10-28T17:23:22.327-0700] {dagbag.py:541} INFO - Filling up the DagBag from /Users/saiprasadreddykolan/airflow_venv/lib/python3.10/site-packages/airflow/example_dags/plugins/workday.py
[2024-10-28T17:23:22.328-0700] {logging_mixin.py:150} INFO - [2024-10-28T17:23:22.328-0700] {workday.py:36} WARNING - Could not import pandas. Holidays will not be considered.
[2024-10-28T17:23:22.328-0700] {processor.py:838} WARNING - No viable dags retrieved from /Users/saiprasadreddykolan/airflow_venv/lib/python3.10/site-packages/airflow/example_dags/plugins/workday.py
[2024-10-28T17:23:22.547-0700] {processor.py:179} INFO - Processing /Users/saiprasadreddykolan/airflow_venv/lib/python3.10/site-packages/airflow/example_dags/plugins/workday.py took 0.222 seconds
[2024-10-28T17:24:05.466-0700] {processor.py:157} INFO - Started process (PID=70835) to work on /Users/saiprasadreddykolan/airflow_venv/lib/python3.10/site-packages/airflow/example_dags/plugins/workday.py
[2024-10-28T17:24:05.468-0700] {processor.py:826} INFO - Processing file /Users/saiprasadreddykolan/airflow_venv/lib/python3.10/site-packages/airflow/example_dags/plugins/workday.py for tasks to queue
[2024-10-28T17:24:05.468-0700] {logging_mixin.py:150} INFO - [2024-10-28T17:24:05.468-0700] {dagbag.py:541} INFO - Filling up the DagBag from /Users/saiprasadreddykolan/airflow_venv/lib/python3.10/site-packages/airflow/example_dags/plugins/workday.py
[2024-10-28T17:24:05.469-0700] {logging_mixin.py:150} INFO - [2024-10-28T17:24:05.469-0700] {workday.py:36} WARNING - Could not import pandas. Holidays will not be considered.
[2024-10-28T17:24:05.469-0700] {processor.py:838} WARNING - No viable dags retrieved from /Users/saiprasadreddykolan/airflow_venv/lib/python3.10/site-packages/airflow/example_dags/plugins/workday.py
[2024-10-28T17:24:05.715-0700] {processor.py:179} INFO - Processing /Users/saiprasadreddykolan/airflow_venv/lib/python3.10/site-packages/airflow/example_dags/plugins/workday.py took 0.249 seconds
[2024-10-28T17:24:54.455-0700] {processor.py:157} INFO - Started process (PID=70882) to work on /Users/saiprasadreddykolan/airflow_venv/lib/python3.10/site-packages/airflow/example_dags/plugins/workday.py
[2024-10-28T17:24:54.458-0700] {processor.py:826} INFO - Processing file /Users/saiprasadreddykolan/airflow_venv/lib/python3.10/site-packages/airflow/example_dags/plugins/workday.py for tasks to queue
[2024-10-28T17:24:54.458-0700] {logging_mixin.py:150} INFO - [2024-10-28T17:24:54.458-0700] {dagbag.py:541} INFO - Filling up the DagBag from /Users/saiprasadreddykolan/airflow_venv/lib/python3.10/site-packages/airflow/example_dags/plugins/workday.py
[2024-10-28T17:24:54.459-0700] {logging_mixin.py:150} INFO - [2024-10-28T17:24:54.459-0700] {workday.py:36} WARNING - Could not import pandas. Holidays will not be considered.
[2024-10-28T17:24:54.459-0700] {processor.py:838} WARNING - No viable dags retrieved from /Users/saiprasadreddykolan/airflow_venv/lib/python3.10/site-packages/airflow/example_dags/plugins/workday.py
[2024-10-28T17:24:54.695-0700] {processor.py:179} INFO - Processing /Users/saiprasadreddykolan/airflow_venv/lib/python3.10/site-packages/airflow/example_dags/plugins/workday.py took 0.240 seconds
[2024-10-28T17:25:41.644-0700] {processor.py:157} INFO - Started process (PID=70923) to work on /Users/saiprasadreddykolan/airflow_venv/lib/python3.10/site-packages/airflow/example_dags/plugins/workday.py
[2024-10-28T17:25:41.646-0700] {processor.py:826} INFO - Processing file /Users/saiprasadreddykolan/airflow_venv/lib/python3.10/site-packages/airflow/example_dags/plugins/workday.py for tasks to queue
[2024-10-28T17:25:41.646-0700] {logging_mixin.py:150} INFO - [2024-10-28T17:25:41.646-0700] {dagbag.py:541} INFO - Filling up the DagBag from /Users/saiprasadreddykolan/airflow_venv/lib/python3.10/site-packages/airflow/example_dags/plugins/workday.py
[2024-10-28T17:25:41.647-0700] {logging_mixin.py:150} INFO - [2024-10-28T17:25:41.647-0700] {workday.py:36} WARNING - Could not import pandas. Holidays will not be considered.
[2024-10-28T17:25:41.647-0700] {processor.py:838} WARNING - No viable dags retrieved from /Users/saiprasadreddykolan/airflow_venv/lib/python3.10/site-packages/airflow/example_dags/plugins/workday.py
[2024-10-28T17:25:41.866-0700] {processor.py:179} INFO - Processing /Users/saiprasadreddykolan/airflow_venv/lib/python3.10/site-packages/airflow/example_dags/plugins/workday.py took 0.223 seconds
[2024-10-28T17:26:27.982-0700] {processor.py:157} INFO - Started process (PID=70968) to work on /Users/saiprasadreddykolan/airflow_venv/lib/python3.10/site-packages/airflow/example_dags/plugins/workday.py
[2024-10-28T17:26:27.984-0700] {processor.py:826} INFO - Processing file /Users/saiprasadreddykolan/airflow_venv/lib/python3.10/site-packages/airflow/example_dags/plugins/workday.py for tasks to queue
[2024-10-28T17:26:27.984-0700] {logging_mixin.py:150} INFO - [2024-10-28T17:26:27.984-0700] {dagbag.py:541} INFO - Filling up the DagBag from /Users/saiprasadreddykolan/airflow_venv/lib/python3.10/site-packages/airflow/example_dags/plugins/workday.py
[2024-10-28T17:26:27.984-0700] {logging_mixin.py:150} INFO - [2024-10-28T17:26:27.984-0700] {workday.py:36} WARNING - Could not import pandas. Holidays will not be considered.
[2024-10-28T17:26:27.985-0700] {processor.py:838} WARNING - No viable dags retrieved from /Users/saiprasadreddykolan/airflow_venv/lib/python3.10/site-packages/airflow/example_dags/plugins/workday.py
[2024-10-28T17:26:28.209-0700] {processor.py:179} INFO - Processing /Users/saiprasadreddykolan/airflow_venv/lib/python3.10/site-packages/airflow/example_dags/plugins/workday.py took 0.227 seconds
[2024-10-28T17:27:15.271-0700] {processor.py:157} INFO - Started process (PID=71004) to work on /Users/saiprasadreddykolan/airflow_venv/lib/python3.10/site-packages/airflow/example_dags/plugins/workday.py
[2024-10-28T17:27:15.272-0700] {processor.py:826} INFO - Processing file /Users/saiprasadreddykolan/airflow_venv/lib/python3.10/site-packages/airflow/example_dags/plugins/workday.py for tasks to queue
[2024-10-28T17:27:15.273-0700] {logging_mixin.py:150} INFO - [2024-10-28T17:27:15.273-0700] {dagbag.py:541} INFO - Filling up the DagBag from /Users/saiprasadreddykolan/airflow_venv/lib/python3.10/site-packages/airflow/example_dags/plugins/workday.py
[2024-10-28T17:27:15.273-0700] {logging_mixin.py:150} INFO - [2024-10-28T17:27:15.273-0700] {workday.py:36} WARNING - Could not import pandas. Holidays will not be considered.
[2024-10-28T17:27:15.273-0700] {processor.py:838} WARNING - No viable dags retrieved from /Users/saiprasadreddykolan/airflow_venv/lib/python3.10/site-packages/airflow/example_dags/plugins/workday.py
[2024-10-28T17:27:15.493-0700] {processor.py:179} INFO - Processing /Users/saiprasadreddykolan/airflow_venv/lib/python3.10/site-packages/airflow/example_dags/plugins/workday.py took 0.222 seconds
[2024-10-28T17:27:58.406-0700] {processor.py:157} INFO - Started process (PID=71033) to work on /Users/saiprasadreddykolan/airflow_venv/lib/python3.10/site-packages/airflow/example_dags/plugins/workday.py
[2024-10-28T17:27:58.408-0700] {processor.py:826} INFO - Processing file /Users/saiprasadreddykolan/airflow_venv/lib/python3.10/site-packages/airflow/example_dags/plugins/workday.py for tasks to queue
[2024-10-28T17:27:58.408-0700] {logging_mixin.py:150} INFO - [2024-10-28T17:27:58.408-0700] {dagbag.py:541} INFO - Filling up the DagBag from /Users/saiprasadreddykolan/airflow_venv/lib/python3.10/site-packages/airflow/example_dags/plugins/workday.py
[2024-10-28T17:27:58.409-0700] {logging_mixin.py:150} INFO - [2024-10-28T17:27:58.409-0700] {workday.py:36} WARNING - Could not import pandas. Holidays will not be considered.
[2024-10-28T17:27:58.409-0700] {processor.py:838} WARNING - No viable dags retrieved from /Users/saiprasadreddykolan/airflow_venv/lib/python3.10/site-packages/airflow/example_dags/plugins/workday.py
[2024-10-28T17:27:58.628-0700] {processor.py:179} INFO - Processing /Users/saiprasadreddykolan/airflow_venv/lib/python3.10/site-packages/airflow/example_dags/plugins/workday.py took 0.222 seconds
[2024-10-28T17:28:42.924-0700] {processor.py:157} INFO - Started process (PID=71067) to work on /Users/saiprasadreddykolan/airflow_venv/lib/python3.10/site-packages/airflow/example_dags/plugins/workday.py
[2024-10-28T17:28:42.927-0700] {processor.py:826} INFO - Processing file /Users/saiprasadreddykolan/airflow_venv/lib/python3.10/site-packages/airflow/example_dags/plugins/workday.py for tasks to queue
[2024-10-28T17:28:42.928-0700] {logging_mixin.py:150} INFO - [2024-10-28T17:28:42.927-0700] {dagbag.py:541} INFO - Filling up the DagBag from /Users/saiprasadreddykolan/airflow_venv/lib/python3.10/site-packages/airflow/example_dags/plugins/workday.py
[2024-10-28T17:28:42.928-0700] {logging_mixin.py:150} INFO - [2024-10-28T17:28:42.928-0700] {workday.py:36} WARNING - Could not import pandas. Holidays will not be considered.
[2024-10-28T17:28:42.929-0700] {processor.py:838} WARNING - No viable dags retrieved from /Users/saiprasadreddykolan/airflow_venv/lib/python3.10/site-packages/airflow/example_dags/plugins/workday.py
[2024-10-28T17:28:43.158-0700] {processor.py:179} INFO - Processing /Users/saiprasadreddykolan/airflow_venv/lib/python3.10/site-packages/airflow/example_dags/plugins/workday.py took 0.235 seconds
[2024-10-28T17:29:30.191-0700] {processor.py:157} INFO - Started process (PID=71110) to work on /Users/saiprasadreddykolan/airflow_venv/lib/python3.10/site-packages/airflow/example_dags/plugins/workday.py
[2024-10-28T17:29:30.192-0700] {processor.py:826} INFO - Processing file /Users/saiprasadreddykolan/airflow_venv/lib/python3.10/site-packages/airflow/example_dags/plugins/workday.py for tasks to queue
[2024-10-28T17:29:30.193-0700] {logging_mixin.py:150} INFO - [2024-10-28T17:29:30.192-0700] {dagbag.py:541} INFO - Filling up the DagBag from /Users/saiprasadreddykolan/airflow_venv/lib/python3.10/site-packages/airflow/example_dags/plugins/workday.py
[2024-10-28T17:29:30.193-0700] {logging_mixin.py:150} INFO - [2024-10-28T17:29:30.193-0700] {workday.py:36} WARNING - Could not import pandas. Holidays will not be considered.
[2024-10-28T17:29:30.193-0700] {processor.py:838} WARNING - No viable dags retrieved from /Users/saiprasadreddykolan/airflow_venv/lib/python3.10/site-packages/airflow/example_dags/plugins/workday.py
[2024-10-28T17:29:30.409-0700] {processor.py:179} INFO - Processing /Users/saiprasadreddykolan/airflow_venv/lib/python3.10/site-packages/airflow/example_dags/plugins/workday.py took 0.219 seconds
[2024-10-28T17:30:20.833-0700] {processor.py:157} INFO - Started process (PID=71140) to work on /Users/saiprasadreddykolan/airflow_venv/lib/python3.10/site-packages/airflow/example_dags/plugins/workday.py
[2024-10-28T17:30:20.835-0700] {processor.py:826} INFO - Processing file /Users/saiprasadreddykolan/airflow_venv/lib/python3.10/site-packages/airflow/example_dags/plugins/workday.py for tasks to queue
[2024-10-28T17:30:20.835-0700] {logging_mixin.py:150} INFO - [2024-10-28T17:30:20.835-0700] {dagbag.py:541} INFO - Filling up the DagBag from /Users/saiprasadreddykolan/airflow_venv/lib/python3.10/site-packages/airflow/example_dags/plugins/workday.py
[2024-10-28T17:30:20.836-0700] {logging_mixin.py:150} INFO - [2024-10-28T17:30:20.836-0700] {workday.py:36} WARNING - Could not import pandas. Holidays will not be considered.
[2024-10-28T17:30:20.836-0700] {processor.py:838} WARNING - No viable dags retrieved from /Users/saiprasadreddykolan/airflow_venv/lib/python3.10/site-packages/airflow/example_dags/plugins/workday.py
[2024-10-28T17:30:21.054-0700] {processor.py:179} INFO - Processing /Users/saiprasadreddykolan/airflow_venv/lib/python3.10/site-packages/airflow/example_dags/plugins/workday.py took 0.221 seconds
[2024-10-28T17:31:07.832-0700] {processor.py:157} INFO - Started process (PID=71178) to work on /Users/saiprasadreddykolan/airflow_venv/lib/python3.10/site-packages/airflow/example_dags/plugins/workday.py
[2024-10-28T17:31:07.834-0700] {processor.py:826} INFO - Processing file /Users/saiprasadreddykolan/airflow_venv/lib/python3.10/site-packages/airflow/example_dags/plugins/workday.py for tasks to queue
[2024-10-28T17:31:07.834-0700] {logging_mixin.py:150} INFO - [2024-10-28T17:31:07.834-0700] {dagbag.py:541} INFO - Filling up the DagBag from /Users/saiprasadreddykolan/airflow_venv/lib/python3.10/site-packages/airflow/example_dags/plugins/workday.py
[2024-10-28T17:31:07.835-0700] {logging_mixin.py:150} INFO - [2024-10-28T17:31:07.835-0700] {workday.py:36} WARNING - Could not import pandas. Holidays will not be considered.
[2024-10-28T17:31:07.835-0700] {processor.py:838} WARNING - No viable dags retrieved from /Users/saiprasadreddykolan/airflow_venv/lib/python3.10/site-packages/airflow/example_dags/plugins/workday.py
[2024-10-28T17:31:08.055-0700] {processor.py:179} INFO - Processing /Users/saiprasadreddykolan/airflow_venv/lib/python3.10/site-packages/airflow/example_dags/plugins/workday.py took 0.223 seconds
[2024-10-28T17:31:51.311-0700] {processor.py:157} INFO - Started process (PID=71208) to work on /Users/saiprasadreddykolan/airflow_venv/lib/python3.10/site-packages/airflow/example_dags/plugins/workday.py
[2024-10-28T17:31:51.313-0700] {processor.py:826} INFO - Processing file /Users/saiprasadreddykolan/airflow_venv/lib/python3.10/site-packages/airflow/example_dags/plugins/workday.py for tasks to queue
[2024-10-28T17:31:51.313-0700] {logging_mixin.py:150} INFO - [2024-10-28T17:31:51.313-0700] {dagbag.py:541} INFO - Filling up the DagBag from /Users/saiprasadreddykolan/airflow_venv/lib/python3.10/site-packages/airflow/example_dags/plugins/workday.py
[2024-10-28T17:31:51.314-0700] {logging_mixin.py:150} INFO - [2024-10-28T17:31:51.314-0700] {workday.py:36} WARNING - Could not import pandas. Holidays will not be considered.
[2024-10-28T17:31:51.314-0700] {processor.py:838} WARNING - No viable dags retrieved from /Users/saiprasadreddykolan/airflow_venv/lib/python3.10/site-packages/airflow/example_dags/plugins/workday.py
[2024-10-28T17:31:51.539-0700] {processor.py:179} INFO - Processing /Users/saiprasadreddykolan/airflow_venv/lib/python3.10/site-packages/airflow/example_dags/plugins/workday.py took 0.228 seconds
[2024-10-28T17:32:37.203-0700] {processor.py:157} INFO - Started process (PID=71247) to work on /Users/saiprasadreddykolan/airflow_venv/lib/python3.10/site-packages/airflow/example_dags/plugins/workday.py
[2024-10-28T17:32:37.205-0700] {processor.py:826} INFO - Processing file /Users/saiprasadreddykolan/airflow_venv/lib/python3.10/site-packages/airflow/example_dags/plugins/workday.py for tasks to queue
[2024-10-28T17:32:37.205-0700] {logging_mixin.py:150} INFO - [2024-10-28T17:32:37.205-0700] {dagbag.py:541} INFO - Filling up the DagBag from /Users/saiprasadreddykolan/airflow_venv/lib/python3.10/site-packages/airflow/example_dags/plugins/workday.py
[2024-10-28T17:32:37.206-0700] {logging_mixin.py:150} INFO - [2024-10-28T17:32:37.206-0700] {workday.py:36} WARNING - Could not import pandas. Holidays will not be considered.
[2024-10-28T17:32:37.206-0700] {processor.py:838} WARNING - No viable dags retrieved from /Users/saiprasadreddykolan/airflow_venv/lib/python3.10/site-packages/airflow/example_dags/plugins/workday.py
[2024-10-28T17:32:37.423-0700] {processor.py:179} INFO - Processing /Users/saiprasadreddykolan/airflow_venv/lib/python3.10/site-packages/airflow/example_dags/plugins/workday.py took 0.221 seconds
[2024-10-28T17:33:27.432-0700] {processor.py:157} INFO - Started process (PID=71283) to work on /Users/saiprasadreddykolan/airflow_venv/lib/python3.10/site-packages/airflow/example_dags/plugins/workday.py
[2024-10-28T17:33:27.434-0700] {processor.py:826} INFO - Processing file /Users/saiprasadreddykolan/airflow_venv/lib/python3.10/site-packages/airflow/example_dags/plugins/workday.py for tasks to queue
[2024-10-28T17:33:27.434-0700] {logging_mixin.py:150} INFO - [2024-10-28T17:33:27.434-0700] {dagbag.py:541} INFO - Filling up the DagBag from /Users/saiprasadreddykolan/airflow_venv/lib/python3.10/site-packages/airflow/example_dags/plugins/workday.py
[2024-10-28T17:33:27.435-0700] {logging_mixin.py:150} INFO - [2024-10-28T17:33:27.435-0700] {workday.py:36} WARNING - Could not import pandas. Holidays will not be considered.
[2024-10-28T17:33:27.435-0700] {processor.py:838} WARNING - No viable dags retrieved from /Users/saiprasadreddykolan/airflow_venv/lib/python3.10/site-packages/airflow/example_dags/plugins/workday.py
[2024-10-28T17:33:27.663-0700] {processor.py:179} INFO - Processing /Users/saiprasadreddykolan/airflow_venv/lib/python3.10/site-packages/airflow/example_dags/plugins/workday.py took 0.231 seconds
[2024-10-28T17:34:13.746-0700] {processor.py:157} INFO - Started process (PID=71314) to work on /Users/saiprasadreddykolan/airflow_venv/lib/python3.10/site-packages/airflow/example_dags/plugins/workday.py
[2024-10-28T17:34:13.748-0700] {processor.py:826} INFO - Processing file /Users/saiprasadreddykolan/airflow_venv/lib/python3.10/site-packages/airflow/example_dags/plugins/workday.py for tasks to queue
[2024-10-28T17:34:13.748-0700] {logging_mixin.py:150} INFO - [2024-10-28T17:34:13.748-0700] {dagbag.py:541} INFO - Filling up the DagBag from /Users/saiprasadreddykolan/airflow_venv/lib/python3.10/site-packages/airflow/example_dags/plugins/workday.py
[2024-10-28T17:34:13.749-0700] {logging_mixin.py:150} INFO - [2024-10-28T17:34:13.749-0700] {workday.py:36} WARNING - Could not import pandas. Holidays will not be considered.
[2024-10-28T17:34:13.749-0700] {processor.py:838} WARNING - No viable dags retrieved from /Users/saiprasadreddykolan/airflow_venv/lib/python3.10/site-packages/airflow/example_dags/plugins/workday.py
[2024-10-28T17:34:13.965-0700] {processor.py:179} INFO - Processing /Users/saiprasadreddykolan/airflow_venv/lib/python3.10/site-packages/airflow/example_dags/plugins/workday.py took 0.219 seconds
[2024-10-28T17:35:02.691-0700] {processor.py:157} INFO - Started process (PID=71346) to work on /Users/saiprasadreddykolan/airflow_venv/lib/python3.10/site-packages/airflow/example_dags/plugins/workday.py
[2024-10-28T17:35:02.694-0700] {processor.py:826} INFO - Processing file /Users/saiprasadreddykolan/airflow_venv/lib/python3.10/site-packages/airflow/example_dags/plugins/workday.py for tasks to queue
[2024-10-28T17:35:02.694-0700] {logging_mixin.py:150} INFO - [2024-10-28T17:35:02.694-0700] {dagbag.py:541} INFO - Filling up the DagBag from /Users/saiprasadreddykolan/airflow_venv/lib/python3.10/site-packages/airflow/example_dags/plugins/workday.py
[2024-10-28T17:35:02.695-0700] {logging_mixin.py:150} INFO - [2024-10-28T17:35:02.695-0700] {workday.py:36} WARNING - Could not import pandas. Holidays will not be considered.
[2024-10-28T17:35:02.695-0700] {processor.py:838} WARNING - No viable dags retrieved from /Users/saiprasadreddykolan/airflow_venv/lib/python3.10/site-packages/airflow/example_dags/plugins/workday.py
[2024-10-28T17:35:02.914-0700] {processor.py:179} INFO - Processing /Users/saiprasadreddykolan/airflow_venv/lib/python3.10/site-packages/airflow/example_dags/plugins/workday.py took 0.223 seconds
[2024-10-28T17:35:48.343-0700] {processor.py:157} INFO - Started process (PID=71379) to work on /Users/saiprasadreddykolan/airflow_venv/lib/python3.10/site-packages/airflow/example_dags/plugins/workday.py
[2024-10-28T17:35:48.345-0700] {processor.py:826} INFO - Processing file /Users/saiprasadreddykolan/airflow_venv/lib/python3.10/site-packages/airflow/example_dags/plugins/workday.py for tasks to queue
[2024-10-28T17:35:48.345-0700] {logging_mixin.py:150} INFO - [2024-10-28T17:35:48.345-0700] {dagbag.py:541} INFO - Filling up the DagBag from /Users/saiprasadreddykolan/airflow_venv/lib/python3.10/site-packages/airflow/example_dags/plugins/workday.py
[2024-10-28T17:35:48.346-0700] {logging_mixin.py:150} INFO - [2024-10-28T17:35:48.346-0700] {workday.py:36} WARNING - Could not import pandas. Holidays will not be considered.
[2024-10-28T17:35:48.346-0700] {processor.py:838} WARNING - No viable dags retrieved from /Users/saiprasadreddykolan/airflow_venv/lib/python3.10/site-packages/airflow/example_dags/plugins/workday.py
[2024-10-28T17:35:48.581-0700] {processor.py:179} INFO - Processing /Users/saiprasadreddykolan/airflow_venv/lib/python3.10/site-packages/airflow/example_dags/plugins/workday.py took 0.238 seconds
[2024-10-28T17:36:34.039-0700] {processor.py:157} INFO - Started process (PID=71415) to work on /Users/saiprasadreddykolan/airflow_venv/lib/python3.10/site-packages/airflow/example_dags/plugins/workday.py
[2024-10-28T17:36:34.041-0700] {processor.py:826} INFO - Processing file /Users/saiprasadreddykolan/airflow_venv/lib/python3.10/site-packages/airflow/example_dags/plugins/workday.py for tasks to queue
[2024-10-28T17:36:34.041-0700] {logging_mixin.py:150} INFO - [2024-10-28T17:36:34.041-0700] {dagbag.py:541} INFO - Filling up the DagBag from /Users/saiprasadreddykolan/airflow_venv/lib/python3.10/site-packages/airflow/example_dags/plugins/workday.py
[2024-10-28T17:36:34.042-0700] {logging_mixin.py:150} INFO - [2024-10-28T17:36:34.042-0700] {workday.py:36} WARNING - Could not import pandas. Holidays will not be considered.
[2024-10-28T17:36:34.042-0700] {processor.py:838} WARNING - No viable dags retrieved from /Users/saiprasadreddykolan/airflow_venv/lib/python3.10/site-packages/airflow/example_dags/plugins/workday.py
[2024-10-28T17:36:34.256-0700] {processor.py:179} INFO - Processing /Users/saiprasadreddykolan/airflow_venv/lib/python3.10/site-packages/airflow/example_dags/plugins/workday.py took 0.218 seconds
[2024-10-28T17:37:22.957-0700] {processor.py:157} INFO - Started process (PID=71475) to work on /Users/saiprasadreddykolan/airflow_venv/lib/python3.10/site-packages/airflow/example_dags/plugins/workday.py
[2024-10-28T17:37:22.959-0700] {processor.py:826} INFO - Processing file /Users/saiprasadreddykolan/airflow_venv/lib/python3.10/site-packages/airflow/example_dags/plugins/workday.py for tasks to queue
[2024-10-28T17:37:22.959-0700] {logging_mixin.py:150} INFO - [2024-10-28T17:37:22.959-0700] {dagbag.py:541} INFO - Filling up the DagBag from /Users/saiprasadreddykolan/airflow_venv/lib/python3.10/site-packages/airflow/example_dags/plugins/workday.py
[2024-10-28T17:37:22.960-0700] {logging_mixin.py:150} INFO - [2024-10-28T17:37:22.960-0700] {workday.py:36} WARNING - Could not import pandas. Holidays will not be considered.
[2024-10-28T17:37:22.960-0700] {processor.py:838} WARNING - No viable dags retrieved from /Users/saiprasadreddykolan/airflow_venv/lib/python3.10/site-packages/airflow/example_dags/plugins/workday.py
[2024-10-28T17:37:23.200-0700] {processor.py:179} INFO - Processing /Users/saiprasadreddykolan/airflow_venv/lib/python3.10/site-packages/airflow/example_dags/plugins/workday.py took 0.243 seconds
