[2024-10-28T16:42:57.893-0700] {processor.py:157} INFO - Started process (PID=68884) to work on /Users/saiprasadreddykolan/airflow_venv/lib/python3.10/site-packages/airflow/example_dags/subdags/subdag.py
[2024-10-28T16:42:57.894-0700] {processor.py:826} INFO - Processing file /Users/saiprasadreddykolan/airflow_venv/lib/python3.10/site-packages/airflow/example_dags/subdags/subdag.py for tasks to queue
[2024-10-28T16:42:57.895-0700] {logging_mixin.py:150} INFO - [2024-10-28T16:42:57.895-0700] {dagbag.py:541} INFO - Filling up the DagBag from /Users/saiprasadreddykolan/airflow_venv/lib/python3.10/site-packages/airflow/example_dags/subdags/subdag.py
[2024-10-28T16:42:57.896-0700] {processor.py:838} WARNING - No viable dags retrieved from /Users/saiprasadreddykolan/airflow_venv/lib/python3.10/site-packages/airflow/example_dags/subdags/subdag.py
[2024-10-28T16:42:58.108-0700] {processor.py:179} INFO - Processing /Users/saiprasadreddykolan/airflow_venv/lib/python3.10/site-packages/airflow/example_dags/subdags/subdag.py took 0.215 seconds
[2024-10-28T16:44:16.350-0700] {processor.py:157} INFO - Started process (PID=68942) to work on /Users/saiprasadreddykolan/airflow_venv/lib/python3.10/site-packages/airflow/example_dags/subdags/subdag.py
[2024-10-28T16:44:16.353-0700] {processor.py:826} INFO - Processing file /Users/saiprasadreddykolan/airflow_venv/lib/python3.10/site-packages/airflow/example_dags/subdags/subdag.py for tasks to queue
[2024-10-28T16:44:16.353-0700] {logging_mixin.py:150} INFO - [2024-10-28T16:44:16.353-0700] {dagbag.py:541} INFO - Filling up the DagBag from /Users/saiprasadreddykolan/airflow_venv/lib/python3.10/site-packages/airflow/example_dags/subdags/subdag.py
[2024-10-28T16:44:16.354-0700] {processor.py:838} WARNING - No viable dags retrieved from /Users/saiprasadreddykolan/airflow_venv/lib/python3.10/site-packages/airflow/example_dags/subdags/subdag.py
[2024-10-28T16:44:16.573-0700] {processor.py:179} INFO - Processing /Users/saiprasadreddykolan/airflow_venv/lib/python3.10/site-packages/airflow/example_dags/subdags/subdag.py took 0.223 seconds
[2024-10-28T16:45:04.366-0700] {processor.py:157} INFO - Started process (PID=69002) to work on /Users/saiprasadreddykolan/airflow_venv/lib/python3.10/site-packages/airflow/example_dags/subdags/subdag.py
[2024-10-28T16:45:04.368-0700] {processor.py:826} INFO - Processing file /Users/saiprasadreddykolan/airflow_venv/lib/python3.10/site-packages/airflow/example_dags/subdags/subdag.py for tasks to queue
[2024-10-28T16:45:04.369-0700] {logging_mixin.py:150} INFO - [2024-10-28T16:45:04.369-0700] {dagbag.py:541} INFO - Filling up the DagBag from /Users/saiprasadreddykolan/airflow_venv/lib/python3.10/site-packages/airflow/example_dags/subdags/subdag.py
[2024-10-28T16:45:04.370-0700] {processor.py:838} WARNING - No viable dags retrieved from /Users/saiprasadreddykolan/airflow_venv/lib/python3.10/site-packages/airflow/example_dags/subdags/subdag.py
[2024-10-28T16:45:04.601-0700] {processor.py:179} INFO - Processing /Users/saiprasadreddykolan/airflow_venv/lib/python3.10/site-packages/airflow/example_dags/subdags/subdag.py took 0.235 seconds
[2024-10-28T16:45:50.111-0700] {processor.py:157} INFO - Started process (PID=69038) to work on /Users/saiprasadreddykolan/airflow_venv/lib/python3.10/site-packages/airflow/example_dags/subdags/subdag.py
[2024-10-28T16:45:50.114-0700] {processor.py:826} INFO - Processing file /Users/saiprasadreddykolan/airflow_venv/lib/python3.10/site-packages/airflow/example_dags/subdags/subdag.py for tasks to queue
[2024-10-28T16:45:50.114-0700] {logging_mixin.py:150} INFO - [2024-10-28T16:45:50.114-0700] {dagbag.py:541} INFO - Filling up the DagBag from /Users/saiprasadreddykolan/airflow_venv/lib/python3.10/site-packages/airflow/example_dags/subdags/subdag.py
[2024-10-28T16:45:50.116-0700] {processor.py:838} WARNING - No viable dags retrieved from /Users/saiprasadreddykolan/airflow_venv/lib/python3.10/site-packages/airflow/example_dags/subdags/subdag.py
[2024-10-28T16:45:50.332-0700] {processor.py:179} INFO - Processing /Users/saiprasadreddykolan/airflow_venv/lib/python3.10/site-packages/airflow/example_dags/subdags/subdag.py took 0.221 seconds
[2024-10-28T16:46:38.347-0700] {processor.py:157} INFO - Started process (PID=69085) to work on /Users/saiprasadreddykolan/airflow_venv/lib/python3.10/site-packages/airflow/example_dags/subdags/subdag.py
[2024-10-28T16:46:38.349-0700] {processor.py:826} INFO - Processing file /Users/saiprasadreddykolan/airflow_venv/lib/python3.10/site-packages/airflow/example_dags/subdags/subdag.py for tasks to queue
[2024-10-28T16:46:38.349-0700] {logging_mixin.py:150} INFO - [2024-10-28T16:46:38.349-0700] {dagbag.py:541} INFO - Filling up the DagBag from /Users/saiprasadreddykolan/airflow_venv/lib/python3.10/site-packages/airflow/example_dags/subdags/subdag.py
[2024-10-28T16:46:38.351-0700] {processor.py:838} WARNING - No viable dags retrieved from /Users/saiprasadreddykolan/airflow_venv/lib/python3.10/site-packages/airflow/example_dags/subdags/subdag.py
[2024-10-28T16:46:38.576-0700] {processor.py:179} INFO - Processing /Users/saiprasadreddykolan/airflow_venv/lib/python3.10/site-packages/airflow/example_dags/subdags/subdag.py took 0.229 seconds
[2024-10-28T16:47:24.671-0700] {processor.py:157} INFO - Started process (PID=69121) to work on /Users/saiprasadreddykolan/airflow_venv/lib/python3.10/site-packages/airflow/example_dags/subdags/subdag.py
[2024-10-28T16:47:24.673-0700] {processor.py:826} INFO - Processing file /Users/saiprasadreddykolan/airflow_venv/lib/python3.10/site-packages/airflow/example_dags/subdags/subdag.py for tasks to queue
[2024-10-28T16:47:24.673-0700] {logging_mixin.py:150} INFO - [2024-10-28T16:47:24.673-0700] {dagbag.py:541} INFO - Filling up the DagBag from /Users/saiprasadreddykolan/airflow_venv/lib/python3.10/site-packages/airflow/example_dags/subdags/subdag.py
[2024-10-28T16:47:24.675-0700] {processor.py:838} WARNING - No viable dags retrieved from /Users/saiprasadreddykolan/airflow_venv/lib/python3.10/site-packages/airflow/example_dags/subdags/subdag.py
[2024-10-28T16:47:24.894-0700] {processor.py:179} INFO - Processing /Users/saiprasadreddykolan/airflow_venv/lib/python3.10/site-packages/airflow/example_dags/subdags/subdag.py took 0.223 seconds
[2024-10-28T16:48:08.395-0700] {processor.py:157} INFO - Started process (PID=69157) to work on /Users/saiprasadreddykolan/airflow_venv/lib/python3.10/site-packages/airflow/example_dags/subdags/subdag.py
[2024-10-28T16:48:08.397-0700] {processor.py:826} INFO - Processing file /Users/saiprasadreddykolan/airflow_venv/lib/python3.10/site-packages/airflow/example_dags/subdags/subdag.py for tasks to queue
[2024-10-28T16:48:08.397-0700] {logging_mixin.py:150} INFO - [2024-10-28T16:48:08.397-0700] {dagbag.py:541} INFO - Filling up the DagBag from /Users/saiprasadreddykolan/airflow_venv/lib/python3.10/site-packages/airflow/example_dags/subdags/subdag.py
[2024-10-28T16:48:08.398-0700] {processor.py:838} WARNING - No viable dags retrieved from /Users/saiprasadreddykolan/airflow_venv/lib/python3.10/site-packages/airflow/example_dags/subdags/subdag.py
[2024-10-28T16:48:08.614-0700] {processor.py:179} INFO - Processing /Users/saiprasadreddykolan/airflow_venv/lib/python3.10/site-packages/airflow/example_dags/subdags/subdag.py took 0.220 seconds
[2024-10-28T16:48:55.716-0700] {processor.py:157} INFO - Started process (PID=69200) to work on /Users/saiprasadreddykolan/airflow_venv/lib/python3.10/site-packages/airflow/example_dags/subdags/subdag.py
[2024-10-28T16:48:55.718-0700] {processor.py:826} INFO - Processing file /Users/saiprasadreddykolan/airflow_venv/lib/python3.10/site-packages/airflow/example_dags/subdags/subdag.py for tasks to queue
[2024-10-28T16:48:55.718-0700] {logging_mixin.py:150} INFO - [2024-10-28T16:48:55.718-0700] {dagbag.py:541} INFO - Filling up the DagBag from /Users/saiprasadreddykolan/airflow_venv/lib/python3.10/site-packages/airflow/example_dags/subdags/subdag.py
[2024-10-28T16:48:55.720-0700] {processor.py:838} WARNING - No viable dags retrieved from /Users/saiprasadreddykolan/airflow_venv/lib/python3.10/site-packages/airflow/example_dags/subdags/subdag.py
[2024-10-28T16:48:55.965-0700] {processor.py:179} INFO - Processing /Users/saiprasadreddykolan/airflow_venv/lib/python3.10/site-packages/airflow/example_dags/subdags/subdag.py took 0.249 seconds
[2024-10-28T16:49:41.770-0700] {processor.py:157} INFO - Started process (PID=69234) to work on /Users/saiprasadreddykolan/airflow_venv/lib/python3.10/site-packages/airflow/example_dags/subdags/subdag.py
[2024-10-28T16:49:41.772-0700] {processor.py:826} INFO - Processing file /Users/saiprasadreddykolan/airflow_venv/lib/python3.10/site-packages/airflow/example_dags/subdags/subdag.py for tasks to queue
[2024-10-28T16:49:41.772-0700] {logging_mixin.py:150} INFO - [2024-10-28T16:49:41.772-0700] {dagbag.py:541} INFO - Filling up the DagBag from /Users/saiprasadreddykolan/airflow_venv/lib/python3.10/site-packages/airflow/example_dags/subdags/subdag.py
[2024-10-28T16:49:41.774-0700] {processor.py:838} WARNING - No viable dags retrieved from /Users/saiprasadreddykolan/airflow_venv/lib/python3.10/site-packages/airflow/example_dags/subdags/subdag.py
[2024-10-28T16:49:41.996-0700] {processor.py:179} INFO - Processing /Users/saiprasadreddykolan/airflow_venv/lib/python3.10/site-packages/airflow/example_dags/subdags/subdag.py took 0.227 seconds
[2024-10-28T16:50:26.114-0700] {processor.py:157} INFO - Started process (PID=69268) to work on /Users/saiprasadreddykolan/airflow_venv/lib/python3.10/site-packages/airflow/example_dags/subdags/subdag.py
[2024-10-28T16:50:26.116-0700] {processor.py:826} INFO - Processing file /Users/saiprasadreddykolan/airflow_venv/lib/python3.10/site-packages/airflow/example_dags/subdags/subdag.py for tasks to queue
[2024-10-28T16:50:26.116-0700] {logging_mixin.py:150} INFO - [2024-10-28T16:50:26.116-0700] {dagbag.py:541} INFO - Filling up the DagBag from /Users/saiprasadreddykolan/airflow_venv/lib/python3.10/site-packages/airflow/example_dags/subdags/subdag.py
[2024-10-28T16:50:26.117-0700] {processor.py:838} WARNING - No viable dags retrieved from /Users/saiprasadreddykolan/airflow_venv/lib/python3.10/site-packages/airflow/example_dags/subdags/subdag.py
[2024-10-28T16:50:26.343-0700] {processor.py:179} INFO - Processing /Users/saiprasadreddykolan/airflow_venv/lib/python3.10/site-packages/airflow/example_dags/subdags/subdag.py took 0.229 seconds
[2024-10-28T16:51:15.221-0700] {processor.py:157} INFO - Started process (PID=69301) to work on /Users/saiprasadreddykolan/airflow_venv/lib/python3.10/site-packages/airflow/example_dags/subdags/subdag.py
[2024-10-28T16:51:15.223-0700] {processor.py:826} INFO - Processing file /Users/saiprasadreddykolan/airflow_venv/lib/python3.10/site-packages/airflow/example_dags/subdags/subdag.py for tasks to queue
[2024-10-28T16:51:15.223-0700] {logging_mixin.py:150} INFO - [2024-10-28T16:51:15.223-0700] {dagbag.py:541} INFO - Filling up the DagBag from /Users/saiprasadreddykolan/airflow_venv/lib/python3.10/site-packages/airflow/example_dags/subdags/subdag.py
[2024-10-28T16:51:15.225-0700] {processor.py:838} WARNING - No viable dags retrieved from /Users/saiprasadreddykolan/airflow_venv/lib/python3.10/site-packages/airflow/example_dags/subdags/subdag.py
[2024-10-28T16:51:15.456-0700] {processor.py:179} INFO - Processing /Users/saiprasadreddykolan/airflow_venv/lib/python3.10/site-packages/airflow/example_dags/subdags/subdag.py took 0.235 seconds
[2024-10-28T16:52:03.873-0700] {processor.py:157} INFO - Started process (PID=69331) to work on /Users/saiprasadreddykolan/airflow_venv/lib/python3.10/site-packages/airflow/example_dags/subdags/subdag.py
[2024-10-28T16:52:03.875-0700] {processor.py:826} INFO - Processing file /Users/saiprasadreddykolan/airflow_venv/lib/python3.10/site-packages/airflow/example_dags/subdags/subdag.py for tasks to queue
[2024-10-28T16:52:03.875-0700] {logging_mixin.py:150} INFO - [2024-10-28T16:52:03.875-0700] {dagbag.py:541} INFO - Filling up the DagBag from /Users/saiprasadreddykolan/airflow_venv/lib/python3.10/site-packages/airflow/example_dags/subdags/subdag.py
[2024-10-28T16:52:03.877-0700] {processor.py:838} WARNING - No viable dags retrieved from /Users/saiprasadreddykolan/airflow_venv/lib/python3.10/site-packages/airflow/example_dags/subdags/subdag.py
[2024-10-28T16:52:04.096-0700] {processor.py:179} INFO - Processing /Users/saiprasadreddykolan/airflow_venv/lib/python3.10/site-packages/airflow/example_dags/subdags/subdag.py took 0.223 seconds
[2024-10-28T16:52:50.924-0700] {processor.py:157} INFO - Started process (PID=69372) to work on /Users/saiprasadreddykolan/airflow_venv/lib/python3.10/site-packages/airflow/example_dags/subdags/subdag.py
[2024-10-28T16:52:50.926-0700] {processor.py:826} INFO - Processing file /Users/saiprasadreddykolan/airflow_venv/lib/python3.10/site-packages/airflow/example_dags/subdags/subdag.py for tasks to queue
[2024-10-28T16:52:50.926-0700] {logging_mixin.py:150} INFO - [2024-10-28T16:52:50.926-0700] {dagbag.py:541} INFO - Filling up the DagBag from /Users/saiprasadreddykolan/airflow_venv/lib/python3.10/site-packages/airflow/example_dags/subdags/subdag.py
[2024-10-28T16:52:50.928-0700] {processor.py:838} WARNING - No viable dags retrieved from /Users/saiprasadreddykolan/airflow_venv/lib/python3.10/site-packages/airflow/example_dags/subdags/subdag.py
[2024-10-28T16:52:51.147-0700] {processor.py:179} INFO - Processing /Users/saiprasadreddykolan/airflow_venv/lib/python3.10/site-packages/airflow/example_dags/subdags/subdag.py took 0.224 seconds
[2024-10-28T16:53:36.578-0700] {processor.py:157} INFO - Started process (PID=69410) to work on /Users/saiprasadreddykolan/airflow_venv/lib/python3.10/site-packages/airflow/example_dags/subdags/subdag.py
[2024-10-28T16:53:36.580-0700] {processor.py:826} INFO - Processing file /Users/saiprasadreddykolan/airflow_venv/lib/python3.10/site-packages/airflow/example_dags/subdags/subdag.py for tasks to queue
[2024-10-28T16:53:36.580-0700] {logging_mixin.py:150} INFO - [2024-10-28T16:53:36.580-0700] {dagbag.py:541} INFO - Filling up the DagBag from /Users/saiprasadreddykolan/airflow_venv/lib/python3.10/site-packages/airflow/example_dags/subdags/subdag.py
[2024-10-28T16:53:36.582-0700] {processor.py:838} WARNING - No viable dags retrieved from /Users/saiprasadreddykolan/airflow_venv/lib/python3.10/site-packages/airflow/example_dags/subdags/subdag.py
[2024-10-28T16:53:36.800-0700] {processor.py:179} INFO - Processing /Users/saiprasadreddykolan/airflow_venv/lib/python3.10/site-packages/airflow/example_dags/subdags/subdag.py took 0.223 seconds
[2024-10-28T16:54:18.269-0700] {processor.py:157} INFO - Started process (PID=69440) to work on /Users/saiprasadreddykolan/airflow_venv/lib/python3.10/site-packages/airflow/example_dags/subdags/subdag.py
[2024-10-28T16:54:18.271-0700] {processor.py:826} INFO - Processing file /Users/saiprasadreddykolan/airflow_venv/lib/python3.10/site-packages/airflow/example_dags/subdags/subdag.py for tasks to queue
[2024-10-28T16:54:18.271-0700] {logging_mixin.py:150} INFO - [2024-10-28T16:54:18.271-0700] {dagbag.py:541} INFO - Filling up the DagBag from /Users/saiprasadreddykolan/airflow_venv/lib/python3.10/site-packages/airflow/example_dags/subdags/subdag.py
[2024-10-28T16:54:18.274-0700] {processor.py:838} WARNING - No viable dags retrieved from /Users/saiprasadreddykolan/airflow_venv/lib/python3.10/site-packages/airflow/example_dags/subdags/subdag.py
[2024-10-28T16:54:18.493-0700] {processor.py:179} INFO - Processing /Users/saiprasadreddykolan/airflow_venv/lib/python3.10/site-packages/airflow/example_dags/subdags/subdag.py took 0.225 seconds
[2024-10-28T16:55:07.191-0700] {processor.py:157} INFO - Started process (PID=69481) to work on /Users/saiprasadreddykolan/airflow_venv/lib/python3.10/site-packages/airflow/example_dags/subdags/subdag.py
[2024-10-28T16:55:07.193-0700] {processor.py:826} INFO - Processing file /Users/saiprasadreddykolan/airflow_venv/lib/python3.10/site-packages/airflow/example_dags/subdags/subdag.py for tasks to queue
[2024-10-28T16:55:07.193-0700] {logging_mixin.py:150} INFO - [2024-10-28T16:55:07.193-0700] {dagbag.py:541} INFO - Filling up the DagBag from /Users/saiprasadreddykolan/airflow_venv/lib/python3.10/site-packages/airflow/example_dags/subdags/subdag.py
[2024-10-28T16:55:07.195-0700] {processor.py:838} WARNING - No viable dags retrieved from /Users/saiprasadreddykolan/airflow_venv/lib/python3.10/site-packages/airflow/example_dags/subdags/subdag.py
[2024-10-28T16:55:07.411-0700] {processor.py:179} INFO - Processing /Users/saiprasadreddykolan/airflow_venv/lib/python3.10/site-packages/airflow/example_dags/subdags/subdag.py took 0.220 seconds
[2024-10-28T16:55:57.773-0700] {processor.py:157} INFO - Started process (PID=69513) to work on /Users/saiprasadreddykolan/airflow_venv/lib/python3.10/site-packages/airflow/example_dags/subdags/subdag.py
[2024-10-28T16:55:57.775-0700] {processor.py:826} INFO - Processing file /Users/saiprasadreddykolan/airflow_venv/lib/python3.10/site-packages/airflow/example_dags/subdags/subdag.py for tasks to queue
[2024-10-28T16:55:57.775-0700] {logging_mixin.py:150} INFO - [2024-10-28T16:55:57.775-0700] {dagbag.py:541} INFO - Filling up the DagBag from /Users/saiprasadreddykolan/airflow_venv/lib/python3.10/site-packages/airflow/example_dags/subdags/subdag.py
[2024-10-28T16:55:57.777-0700] {processor.py:838} WARNING - No viable dags retrieved from /Users/saiprasadreddykolan/airflow_venv/lib/python3.10/site-packages/airflow/example_dags/subdags/subdag.py
[2024-10-28T16:55:58.000-0700] {processor.py:179} INFO - Processing /Users/saiprasadreddykolan/airflow_venv/lib/python3.10/site-packages/airflow/example_dags/subdags/subdag.py took 0.227 seconds
[2024-10-28T16:56:48.175-0700] {processor.py:157} INFO - Started process (PID=69556) to work on /Users/saiprasadreddykolan/airflow_venv/lib/python3.10/site-packages/airflow/example_dags/subdags/subdag.py
[2024-10-28T16:56:48.177-0700] {processor.py:826} INFO - Processing file /Users/saiprasadreddykolan/airflow_venv/lib/python3.10/site-packages/airflow/example_dags/subdags/subdag.py for tasks to queue
[2024-10-28T16:56:48.177-0700] {logging_mixin.py:150} INFO - [2024-10-28T16:56:48.177-0700] {dagbag.py:541} INFO - Filling up the DagBag from /Users/saiprasadreddykolan/airflow_venv/lib/python3.10/site-packages/airflow/example_dags/subdags/subdag.py
[2024-10-28T16:56:48.178-0700] {processor.py:838} WARNING - No viable dags retrieved from /Users/saiprasadreddykolan/airflow_venv/lib/python3.10/site-packages/airflow/example_dags/subdags/subdag.py
[2024-10-28T16:56:48.400-0700] {processor.py:179} INFO - Processing /Users/saiprasadreddykolan/airflow_venv/lib/python3.10/site-packages/airflow/example_dags/subdags/subdag.py took 0.225 seconds
[2024-10-28T16:57:34.274-0700] {processor.py:157} INFO - Started process (PID=69587) to work on /Users/saiprasadreddykolan/airflow_venv/lib/python3.10/site-packages/airflow/example_dags/subdags/subdag.py
[2024-10-28T16:57:34.276-0700] {processor.py:826} INFO - Processing file /Users/saiprasadreddykolan/airflow_venv/lib/python3.10/site-packages/airflow/example_dags/subdags/subdag.py for tasks to queue
[2024-10-28T16:57:34.276-0700] {logging_mixin.py:150} INFO - [2024-10-28T16:57:34.276-0700] {dagbag.py:541} INFO - Filling up the DagBag from /Users/saiprasadreddykolan/airflow_venv/lib/python3.10/site-packages/airflow/example_dags/subdags/subdag.py
[2024-10-28T16:57:34.278-0700] {processor.py:838} WARNING - No viable dags retrieved from /Users/saiprasadreddykolan/airflow_venv/lib/python3.10/site-packages/airflow/example_dags/subdags/subdag.py
[2024-10-28T16:57:34.495-0700] {processor.py:179} INFO - Processing /Users/saiprasadreddykolan/airflow_venv/lib/python3.10/site-packages/airflow/example_dags/subdags/subdag.py took 0.221 seconds
[2024-10-28T16:58:17.874-0700] {processor.py:157} INFO - Started process (PID=69621) to work on /Users/saiprasadreddykolan/airflow_venv/lib/python3.10/site-packages/airflow/example_dags/subdags/subdag.py
[2024-10-28T16:58:17.877-0700] {processor.py:826} INFO - Processing file /Users/saiprasadreddykolan/airflow_venv/lib/python3.10/site-packages/airflow/example_dags/subdags/subdag.py for tasks to queue
[2024-10-28T16:58:17.877-0700] {logging_mixin.py:150} INFO - [2024-10-28T16:58:17.877-0700] {dagbag.py:541} INFO - Filling up the DagBag from /Users/saiprasadreddykolan/airflow_venv/lib/python3.10/site-packages/airflow/example_dags/subdags/subdag.py
[2024-10-28T16:58:17.879-0700] {processor.py:838} WARNING - No viable dags retrieved from /Users/saiprasadreddykolan/airflow_venv/lib/python3.10/site-packages/airflow/example_dags/subdags/subdag.py
[2024-10-28T16:58:18.097-0700] {processor.py:179} INFO - Processing /Users/saiprasadreddykolan/airflow_venv/lib/python3.10/site-packages/airflow/example_dags/subdags/subdag.py took 0.223 seconds
[2024-10-28T16:59:06.459-0700] {processor.py:157} INFO - Started process (PID=69672) to work on /Users/saiprasadreddykolan/airflow_venv/lib/python3.10/site-packages/airflow/example_dags/subdags/subdag.py
[2024-10-28T16:59:06.461-0700] {processor.py:826} INFO - Processing file /Users/saiprasadreddykolan/airflow_venv/lib/python3.10/site-packages/airflow/example_dags/subdags/subdag.py for tasks to queue
[2024-10-28T16:59:06.461-0700] {logging_mixin.py:150} INFO - [2024-10-28T16:59:06.461-0700] {dagbag.py:541} INFO - Filling up the DagBag from /Users/saiprasadreddykolan/airflow_venv/lib/python3.10/site-packages/airflow/example_dags/subdags/subdag.py
[2024-10-28T16:59:06.462-0700] {processor.py:838} WARNING - No viable dags retrieved from /Users/saiprasadreddykolan/airflow_venv/lib/python3.10/site-packages/airflow/example_dags/subdags/subdag.py
[2024-10-28T16:59:06.682-0700] {processor.py:179} INFO - Processing /Users/saiprasadreddykolan/airflow_venv/lib/python3.10/site-packages/airflow/example_dags/subdags/subdag.py took 0.223 seconds
[2024-10-28T16:59:50.495-0700] {processor.py:157} INFO - Started process (PID=69703) to work on /Users/saiprasadreddykolan/airflow_venv/lib/python3.10/site-packages/airflow/example_dags/subdags/subdag.py
[2024-10-28T16:59:50.498-0700] {processor.py:826} INFO - Processing file /Users/saiprasadreddykolan/airflow_venv/lib/python3.10/site-packages/airflow/example_dags/subdags/subdag.py for tasks to queue
[2024-10-28T16:59:50.498-0700] {logging_mixin.py:150} INFO - [2024-10-28T16:59:50.498-0700] {dagbag.py:541} INFO - Filling up the DagBag from /Users/saiprasadreddykolan/airflow_venv/lib/python3.10/site-packages/airflow/example_dags/subdags/subdag.py
[2024-10-28T16:59:50.499-0700] {processor.py:838} WARNING - No viable dags retrieved from /Users/saiprasadreddykolan/airflow_venv/lib/python3.10/site-packages/airflow/example_dags/subdags/subdag.py
[2024-10-28T16:59:50.715-0700] {processor.py:179} INFO - Processing /Users/saiprasadreddykolan/airflow_venv/lib/python3.10/site-packages/airflow/example_dags/subdags/subdag.py took 0.220 seconds
