[2024-11-04T12:43:34.778-0800] {processor.py:186} INFO - Started process (PID=50325) to work on /opt/anaconda3/lib/python3.12/site-packages/airflow/example_dags/example_branch_day_of_week_operator.py
[2024-11-04T12:43:34.779-0800] {processor.py:914} INFO - Processing file /opt/anaconda3/lib/python3.12/site-packages/airflow/example_dags/example_branch_day_of_week_operator.py for tasks to queue
[2024-11-04T12:43:34.779-0800] {logging_mixin.py:190} INFO - [2024-11-04T12:43:34.779-0800] {dagbag.py:588} INFO - Filling up the DagBag from /opt/anaconda3/lib/python3.12/site-packages/airflow/example_dags/example_branch_day_of_week_operator.py
[2024-11-04T12:43:34.783-0800] {processor.py:925} INFO - DAG(s) 'example_weekday_branch_operator' retrieved from /opt/anaconda3/lib/python3.12/site-packages/airflow/example_dags/example_branch_day_of_week_operator.py
[2024-11-04T12:43:34.842-0800] {logging_mixin.py:190} INFO - [2024-11-04T12:43:34.841-0800] {dag.py:3239} INFO - Sync 1 DAGs
[2024-11-04T12:43:34.847-0800] {logging_mixin.py:190} INFO - [2024-11-04T12:43:34.847-0800] {dag.py:4180} INFO - Setting next_dagrun for example_weekday_branch_operator to 2024-11-03 00:00:00+00:00, run_after=2024-11-04 00:00:00+00:00
[2024-11-04T12:43:34.854-0800] {processor.py:208} INFO - Processing /opt/anaconda3/lib/python3.12/site-packages/airflow/example_dags/example_branch_day_of_week_operator.py took 0.076 seconds
[2024-11-04T12:46:04.386-0800] {processor.py:186} INFO - Started process (PID=50547) to work on /opt/anaconda3/lib/python3.12/site-packages/airflow/example_dags/example_branch_day_of_week_operator.py
[2024-11-04T12:46:04.386-0800] {processor.py:914} INFO - Processing file /opt/anaconda3/lib/python3.12/site-packages/airflow/example_dags/example_branch_day_of_week_operator.py for tasks to queue
[2024-11-04T12:46:04.386-0800] {logging_mixin.py:190} INFO - [2024-11-04T12:46:04.386-0800] {dagbag.py:588} INFO - Filling up the DagBag from /opt/anaconda3/lib/python3.12/site-packages/airflow/example_dags/example_branch_day_of_week_operator.py
[2024-11-04T12:46:04.391-0800] {processor.py:925} INFO - DAG(s) 'example_weekday_branch_operator' retrieved from /opt/anaconda3/lib/python3.12/site-packages/airflow/example_dags/example_branch_day_of_week_operator.py
[2024-11-04T12:46:04.422-0800] {logging_mixin.py:190} INFO - [2024-11-04T12:46:04.422-0800] {dag.py:3239} INFO - Sync 1 DAGs
[2024-11-04T12:46:04.429-0800] {logging_mixin.py:190} INFO - [2024-11-04T12:46:04.429-0800] {dag.py:4180} INFO - Setting next_dagrun for example_weekday_branch_operator to 2024-11-03 00:00:00+00:00, run_after=2024-11-04 00:00:00+00:00
[2024-11-04T12:46:04.436-0800] {processor.py:208} INFO - Processing /opt/anaconda3/lib/python3.12/site-packages/airflow/example_dags/example_branch_day_of_week_operator.py took 0.052 seconds
[2024-11-04T12:48:33.966-0800] {processor.py:186} INFO - Started process (PID=50757) to work on /opt/anaconda3/lib/python3.12/site-packages/airflow/example_dags/example_branch_day_of_week_operator.py
[2024-11-04T12:48:33.967-0800] {processor.py:914} INFO - Processing file /opt/anaconda3/lib/python3.12/site-packages/airflow/example_dags/example_branch_day_of_week_operator.py for tasks to queue
[2024-11-04T12:48:33.968-0800] {logging_mixin.py:190} INFO - [2024-11-04T12:48:33.968-0800] {dagbag.py:588} INFO - Filling up the DagBag from /opt/anaconda3/lib/python3.12/site-packages/airflow/example_dags/example_branch_day_of_week_operator.py
[2024-11-04T12:48:33.972-0800] {processor.py:925} INFO - DAG(s) 'example_weekday_branch_operator' retrieved from /opt/anaconda3/lib/python3.12/site-packages/airflow/example_dags/example_branch_day_of_week_operator.py
[2024-11-04T12:48:34.007-0800] {logging_mixin.py:190} INFO - [2024-11-04T12:48:34.007-0800] {dag.py:3239} INFO - Sync 1 DAGs
[2024-11-04T12:48:34.013-0800] {logging_mixin.py:190} INFO - [2024-11-04T12:48:34.013-0800] {dag.py:4180} INFO - Setting next_dagrun for example_weekday_branch_operator to 2024-11-03 00:00:00+00:00, run_after=2024-11-04 00:00:00+00:00
[2024-11-04T12:48:34.020-0800] {processor.py:208} INFO - Processing /opt/anaconda3/lib/python3.12/site-packages/airflow/example_dags/example_branch_day_of_week_operator.py took 0.055 seconds
[2024-11-04T12:51:02.456-0800] {processor.py:186} INFO - Started process (PID=50970) to work on /opt/anaconda3/lib/python3.12/site-packages/airflow/example_dags/example_branch_day_of_week_operator.py
[2024-11-04T12:51:02.457-0800] {processor.py:914} INFO - Processing file /opt/anaconda3/lib/python3.12/site-packages/airflow/example_dags/example_branch_day_of_week_operator.py for tasks to queue
[2024-11-04T12:51:02.458-0800] {logging_mixin.py:190} INFO - [2024-11-04T12:51:02.458-0800] {dagbag.py:588} INFO - Filling up the DagBag from /opt/anaconda3/lib/python3.12/site-packages/airflow/example_dags/example_branch_day_of_week_operator.py
[2024-11-04T12:51:02.462-0800] {processor.py:925} INFO - DAG(s) 'example_weekday_branch_operator' retrieved from /opt/anaconda3/lib/python3.12/site-packages/airflow/example_dags/example_branch_day_of_week_operator.py
[2024-11-04T12:51:02.493-0800] {logging_mixin.py:190} INFO - [2024-11-04T12:51:02.493-0800] {dag.py:3239} INFO - Sync 1 DAGs
[2024-11-04T12:51:02.500-0800] {logging_mixin.py:190} INFO - [2024-11-04T12:51:02.499-0800] {dag.py:4180} INFO - Setting next_dagrun for example_weekday_branch_operator to 2024-11-03 00:00:00+00:00, run_after=2024-11-04 00:00:00+00:00
[2024-11-04T12:51:02.505-0800] {processor.py:208} INFO - Processing /opt/anaconda3/lib/python3.12/site-packages/airflow/example_dags/example_branch_day_of_week_operator.py took 0.050 seconds
[2024-11-04T12:53:33.178-0800] {processor.py:186} INFO - Started process (PID=51174) to work on /opt/anaconda3/lib/python3.12/site-packages/airflow/example_dags/example_branch_day_of_week_operator.py
[2024-11-04T12:53:33.179-0800] {processor.py:914} INFO - Processing file /opt/anaconda3/lib/python3.12/site-packages/airflow/example_dags/example_branch_day_of_week_operator.py for tasks to queue
[2024-11-04T12:53:33.179-0800] {logging_mixin.py:190} INFO - [2024-11-04T12:53:33.179-0800] {dagbag.py:588} INFO - Filling up the DagBag from /opt/anaconda3/lib/python3.12/site-packages/airflow/example_dags/example_branch_day_of_week_operator.py
[2024-11-04T12:53:33.184-0800] {processor.py:925} INFO - DAG(s) 'example_weekday_branch_operator' retrieved from /opt/anaconda3/lib/python3.12/site-packages/airflow/example_dags/example_branch_day_of_week_operator.py
[2024-11-04T12:53:33.218-0800] {logging_mixin.py:190} INFO - [2024-11-04T12:53:33.217-0800] {dag.py:3239} INFO - Sync 1 DAGs
[2024-11-04T12:53:33.226-0800] {logging_mixin.py:190} INFO - [2024-11-04T12:53:33.226-0800] {dag.py:4180} INFO - Setting next_dagrun for example_weekday_branch_operator to 2024-11-03 00:00:00+00:00, run_after=2024-11-04 00:00:00+00:00
[2024-11-04T12:53:33.233-0800] {processor.py:208} INFO - Processing /opt/anaconda3/lib/python3.12/site-packages/airflow/example_dags/example_branch_day_of_week_operator.py took 0.057 seconds
[2024-11-04T12:56:06.479-0800] {processor.py:186} INFO - Started process (PID=51344) to work on /opt/anaconda3/lib/python3.12/site-packages/airflow/example_dags/example_branch_day_of_week_operator.py
[2024-11-04T12:56:06.480-0800] {processor.py:914} INFO - Processing file /opt/anaconda3/lib/python3.12/site-packages/airflow/example_dags/example_branch_day_of_week_operator.py for tasks to queue
[2024-11-04T12:56:06.480-0800] {logging_mixin.py:190} INFO - [2024-11-04T12:56:06.480-0800] {dagbag.py:588} INFO - Filling up the DagBag from /opt/anaconda3/lib/python3.12/site-packages/airflow/example_dags/example_branch_day_of_week_operator.py
[2024-11-04T12:56:06.484-0800] {processor.py:925} INFO - DAG(s) 'example_weekday_branch_operator' retrieved from /opt/anaconda3/lib/python3.12/site-packages/airflow/example_dags/example_branch_day_of_week_operator.py
[2024-11-04T12:56:06.515-0800] {logging_mixin.py:190} INFO - [2024-11-04T12:56:06.515-0800] {dag.py:3239} INFO - Sync 1 DAGs
[2024-11-04T12:56:06.521-0800] {logging_mixin.py:190} INFO - [2024-11-04T12:56:06.521-0800] {dag.py:4180} INFO - Setting next_dagrun for example_weekday_branch_operator to 2024-11-03 00:00:00+00:00, run_after=2024-11-04 00:00:00+00:00
[2024-11-04T12:56:06.526-0800] {processor.py:208} INFO - Processing /opt/anaconda3/lib/python3.12/site-packages/airflow/example_dags/example_branch_day_of_week_operator.py took 0.049 seconds
[2024-11-04T12:58:31.748-0800] {processor.py:186} INFO - Started process (PID=51536) to work on /opt/anaconda3/lib/python3.12/site-packages/airflow/example_dags/example_branch_day_of_week_operator.py
[2024-11-04T12:58:31.749-0800] {processor.py:914} INFO - Processing file /opt/anaconda3/lib/python3.12/site-packages/airflow/example_dags/example_branch_day_of_week_operator.py for tasks to queue
[2024-11-04T12:58:31.749-0800] {logging_mixin.py:190} INFO - [2024-11-04T12:58:31.749-0800] {dagbag.py:588} INFO - Filling up the DagBag from /opt/anaconda3/lib/python3.12/site-packages/airflow/example_dags/example_branch_day_of_week_operator.py
[2024-11-04T12:58:31.753-0800] {processor.py:925} INFO - DAG(s) 'example_weekday_branch_operator' retrieved from /opt/anaconda3/lib/python3.12/site-packages/airflow/example_dags/example_branch_day_of_week_operator.py
[2024-11-04T12:58:31.783-0800] {logging_mixin.py:190} INFO - [2024-11-04T12:58:31.783-0800] {dag.py:3239} INFO - Sync 1 DAGs
[2024-11-04T12:58:31.789-0800] {logging_mixin.py:190} INFO - [2024-11-04T12:58:31.789-0800] {dag.py:4180} INFO - Setting next_dagrun for example_weekday_branch_operator to 2024-11-03 00:00:00+00:00, run_after=2024-11-04 00:00:00+00:00
[2024-11-04T12:58:31.795-0800] {processor.py:208} INFO - Processing /opt/anaconda3/lib/python3.12/site-packages/airflow/example_dags/example_branch_day_of_week_operator.py took 0.049 seconds
[2024-11-04T13:01:01.330-0800] {processor.py:186} INFO - Started process (PID=51731) to work on /opt/anaconda3/lib/python3.12/site-packages/airflow/example_dags/example_branch_day_of_week_operator.py
[2024-11-04T13:01:01.331-0800] {processor.py:914} INFO - Processing file /opt/anaconda3/lib/python3.12/site-packages/airflow/example_dags/example_branch_day_of_week_operator.py for tasks to queue
[2024-11-04T13:01:01.332-0800] {logging_mixin.py:190} INFO - [2024-11-04T13:01:01.332-0800] {dagbag.py:588} INFO - Filling up the DagBag from /opt/anaconda3/lib/python3.12/site-packages/airflow/example_dags/example_branch_day_of_week_operator.py
[2024-11-04T13:01:01.336-0800] {processor.py:925} INFO - DAG(s) 'example_weekday_branch_operator' retrieved from /opt/anaconda3/lib/python3.12/site-packages/airflow/example_dags/example_branch_day_of_week_operator.py
[2024-11-04T13:01:01.368-0800] {logging_mixin.py:190} INFO - [2024-11-04T13:01:01.368-0800] {dag.py:3239} INFO - Sync 1 DAGs
[2024-11-04T13:01:01.376-0800] {logging_mixin.py:190} INFO - [2024-11-04T13:01:01.376-0800] {dag.py:4180} INFO - Setting next_dagrun for example_weekday_branch_operator to 2024-11-03 00:00:00+00:00, run_after=2024-11-04 00:00:00+00:00
[2024-11-04T13:01:01.382-0800] {processor.py:208} INFO - Processing /opt/anaconda3/lib/python3.12/site-packages/airflow/example_dags/example_branch_day_of_week_operator.py took 0.054 seconds
[2024-11-04T13:03:32.418-0800] {processor.py:186} INFO - Started process (PID=51912) to work on /opt/anaconda3/lib/python3.12/site-packages/airflow/example_dags/example_branch_day_of_week_operator.py
[2024-11-04T13:03:32.420-0800] {processor.py:914} INFO - Processing file /opt/anaconda3/lib/python3.12/site-packages/airflow/example_dags/example_branch_day_of_week_operator.py for tasks to queue
[2024-11-04T13:03:32.420-0800] {logging_mixin.py:190} INFO - [2024-11-04T13:03:32.420-0800] {dagbag.py:588} INFO - Filling up the DagBag from /opt/anaconda3/lib/python3.12/site-packages/airflow/example_dags/example_branch_day_of_week_operator.py
[2024-11-04T13:03:32.424-0800] {processor.py:925} INFO - DAG(s) 'example_weekday_branch_operator' retrieved from /opt/anaconda3/lib/python3.12/site-packages/airflow/example_dags/example_branch_day_of_week_operator.py
[2024-11-04T13:03:32.455-0800] {logging_mixin.py:190} INFO - [2024-11-04T13:03:32.455-0800] {dag.py:3239} INFO - Sync 1 DAGs
[2024-11-04T13:03:32.461-0800] {logging_mixin.py:190} INFO - [2024-11-04T13:03:32.461-0800] {dag.py:4180} INFO - Setting next_dagrun for example_weekday_branch_operator to 2024-11-03 00:00:00+00:00, run_after=2024-11-04 00:00:00+00:00
[2024-11-04T13:03:32.467-0800] {processor.py:208} INFO - Processing /opt/anaconda3/lib/python3.12/site-packages/airflow/example_dags/example_branch_day_of_week_operator.py took 0.050 seconds
[2024-11-04T13:05:54.978-0800] {processor.py:186} INFO - Started process (PID=52139) to work on /opt/anaconda3/lib/python3.12/site-packages/airflow/example_dags/example_branch_day_of_week_operator.py
[2024-11-04T13:05:54.979-0800] {processor.py:914} INFO - Processing file /opt/anaconda3/lib/python3.12/site-packages/airflow/example_dags/example_branch_day_of_week_operator.py for tasks to queue
[2024-11-04T13:05:54.980-0800] {logging_mixin.py:190} INFO - [2024-11-04T13:05:54.979-0800] {dagbag.py:588} INFO - Filling up the DagBag from /opt/anaconda3/lib/python3.12/site-packages/airflow/example_dags/example_branch_day_of_week_operator.py
[2024-11-04T13:05:54.984-0800] {processor.py:925} INFO - DAG(s) 'example_weekday_branch_operator' retrieved from /opt/anaconda3/lib/python3.12/site-packages/airflow/example_dags/example_branch_day_of_week_operator.py
[2024-11-04T13:05:55.017-0800] {logging_mixin.py:190} INFO - [2024-11-04T13:05:55.017-0800] {dag.py:3239} INFO - Sync 1 DAGs
[2024-11-04T13:05:55.023-0800] {logging_mixin.py:190} INFO - [2024-11-04T13:05:55.023-0800] {dag.py:4180} INFO - Setting next_dagrun for example_weekday_branch_operator to 2024-11-03 00:00:00+00:00, run_after=2024-11-04 00:00:00+00:00
[2024-11-04T13:05:55.029-0800] {processor.py:208} INFO - Processing /opt/anaconda3/lib/python3.12/site-packages/airflow/example_dags/example_branch_day_of_week_operator.py took 0.052 seconds
[2024-11-04T13:08:22.026-0800] {processor.py:186} INFO - Started process (PID=52324) to work on /opt/anaconda3/lib/python3.12/site-packages/airflow/example_dags/example_branch_day_of_week_operator.py
[2024-11-04T13:08:22.027-0800] {processor.py:914} INFO - Processing file /opt/anaconda3/lib/python3.12/site-packages/airflow/example_dags/example_branch_day_of_week_operator.py for tasks to queue
[2024-11-04T13:08:22.028-0800] {logging_mixin.py:190} INFO - [2024-11-04T13:08:22.028-0800] {dagbag.py:588} INFO - Filling up the DagBag from /opt/anaconda3/lib/python3.12/site-packages/airflow/example_dags/example_branch_day_of_week_operator.py
[2024-11-04T13:08:22.032-0800] {processor.py:925} INFO - DAG(s) 'example_weekday_branch_operator' retrieved from /opt/anaconda3/lib/python3.12/site-packages/airflow/example_dags/example_branch_day_of_week_operator.py
[2024-11-04T13:08:22.063-0800] {logging_mixin.py:190} INFO - [2024-11-04T13:08:22.063-0800] {dag.py:3239} INFO - Sync 1 DAGs
[2024-11-04T13:08:22.070-0800] {logging_mixin.py:190} INFO - [2024-11-04T13:08:22.069-0800] {dag.py:4180} INFO - Setting next_dagrun for example_weekday_branch_operator to 2024-11-03 00:00:00+00:00, run_after=2024-11-04 00:00:00+00:00
[2024-11-04T13:08:22.075-0800] {processor.py:208} INFO - Processing /opt/anaconda3/lib/python3.12/site-packages/airflow/example_dags/example_branch_day_of_week_operator.py took 0.050 seconds
[2024-11-04T13:10:42.410-0800] {processor.py:186} INFO - Started process (PID=52520) to work on /opt/anaconda3/lib/python3.12/site-packages/airflow/example_dags/example_branch_day_of_week_operator.py
[2024-11-04T13:10:42.411-0800] {processor.py:914} INFO - Processing file /opt/anaconda3/lib/python3.12/site-packages/airflow/example_dags/example_branch_day_of_week_operator.py for tasks to queue
[2024-11-04T13:10:42.411-0800] {logging_mixin.py:190} INFO - [2024-11-04T13:10:42.411-0800] {dagbag.py:588} INFO - Filling up the DagBag from /opt/anaconda3/lib/python3.12/site-packages/airflow/example_dags/example_branch_day_of_week_operator.py
[2024-11-04T13:10:42.415-0800] {processor.py:925} INFO - DAG(s) 'example_weekday_branch_operator' retrieved from /opt/anaconda3/lib/python3.12/site-packages/airflow/example_dags/example_branch_day_of_week_operator.py
[2024-11-04T13:10:42.445-0800] {logging_mixin.py:190} INFO - [2024-11-04T13:10:42.445-0800] {dag.py:3239} INFO - Sync 1 DAGs
[2024-11-04T13:10:42.451-0800] {logging_mixin.py:190} INFO - [2024-11-04T13:10:42.451-0800] {dag.py:4180} INFO - Setting next_dagrun for example_weekday_branch_operator to 2024-11-03 00:00:00+00:00, run_after=2024-11-04 00:00:00+00:00
[2024-11-04T13:10:42.457-0800] {processor.py:208} INFO - Processing /opt/anaconda3/lib/python3.12/site-packages/airflow/example_dags/example_branch_day_of_week_operator.py took 0.048 seconds
[2024-11-04T13:13:06.435-0800] {processor.py:186} INFO - Started process (PID=52704) to work on /opt/anaconda3/lib/python3.12/site-packages/airflow/example_dags/example_branch_day_of_week_operator.py
[2024-11-04T13:13:06.436-0800] {processor.py:914} INFO - Processing file /opt/anaconda3/lib/python3.12/site-packages/airflow/example_dags/example_branch_day_of_week_operator.py for tasks to queue
[2024-11-04T13:13:06.437-0800] {logging_mixin.py:190} INFO - [2024-11-04T13:13:06.436-0800] {dagbag.py:588} INFO - Filling up the DagBag from /opt/anaconda3/lib/python3.12/site-packages/airflow/example_dags/example_branch_day_of_week_operator.py
[2024-11-04T13:13:06.441-0800] {processor.py:925} INFO - DAG(s) 'example_weekday_branch_operator' retrieved from /opt/anaconda3/lib/python3.12/site-packages/airflow/example_dags/example_branch_day_of_week_operator.py
[2024-11-04T13:13:06.470-0800] {logging_mixin.py:190} INFO - [2024-11-04T13:13:06.470-0800] {dag.py:3239} INFO - Sync 1 DAGs
[2024-11-04T13:13:06.476-0800] {logging_mixin.py:190} INFO - [2024-11-04T13:13:06.476-0800] {dag.py:4180} INFO - Setting next_dagrun for example_weekday_branch_operator to 2024-11-03 00:00:00+00:00, run_after=2024-11-04 00:00:00+00:00
[2024-11-04T13:13:06.482-0800] {processor.py:208} INFO - Processing /opt/anaconda3/lib/python3.12/site-packages/airflow/example_dags/example_branch_day_of_week_operator.py took 0.048 seconds
[2024-11-04T13:15:24.663-0800] {processor.py:186} INFO - Started process (PID=52888) to work on /opt/anaconda3/lib/python3.12/site-packages/airflow/example_dags/example_branch_day_of_week_operator.py
[2024-11-04T13:15:24.663-0800] {processor.py:914} INFO - Processing file /opt/anaconda3/lib/python3.12/site-packages/airflow/example_dags/example_branch_day_of_week_operator.py for tasks to queue
[2024-11-04T13:15:24.664-0800] {logging_mixin.py:190} INFO - [2024-11-04T13:15:24.664-0800] {dagbag.py:588} INFO - Filling up the DagBag from /opt/anaconda3/lib/python3.12/site-packages/airflow/example_dags/example_branch_day_of_week_operator.py
[2024-11-04T13:15:24.669-0800] {processor.py:925} INFO - DAG(s) 'example_weekday_branch_operator' retrieved from /opt/anaconda3/lib/python3.12/site-packages/airflow/example_dags/example_branch_day_of_week_operator.py
[2024-11-04T13:15:24.700-0800] {logging_mixin.py:190} INFO - [2024-11-04T13:15:24.700-0800] {dag.py:3239} INFO - Sync 1 DAGs
[2024-11-04T13:15:24.706-0800] {logging_mixin.py:190} INFO - [2024-11-04T13:15:24.706-0800] {dag.py:4180} INFO - Setting next_dagrun for example_weekday_branch_operator to 2024-11-03 00:00:00+00:00, run_after=2024-11-04 00:00:00+00:00
[2024-11-04T13:15:24.712-0800] {processor.py:208} INFO - Processing /opt/anaconda3/lib/python3.12/site-packages/airflow/example_dags/example_branch_day_of_week_operator.py took 0.050 seconds
[2024-11-04T13:17:48.307-0800] {processor.py:186} INFO - Started process (PID=53053) to work on /opt/anaconda3/lib/python3.12/site-packages/airflow/example_dags/example_branch_day_of_week_operator.py
[2024-11-04T13:17:48.308-0800] {processor.py:914} INFO - Processing file /opt/anaconda3/lib/python3.12/site-packages/airflow/example_dags/example_branch_day_of_week_operator.py for tasks to queue
[2024-11-04T13:17:48.309-0800] {logging_mixin.py:190} INFO - [2024-11-04T13:17:48.308-0800] {dagbag.py:588} INFO - Filling up the DagBag from /opt/anaconda3/lib/python3.12/site-packages/airflow/example_dags/example_branch_day_of_week_operator.py
[2024-11-04T13:17:48.313-0800] {processor.py:925} INFO - DAG(s) 'example_weekday_branch_operator' retrieved from /opt/anaconda3/lib/python3.12/site-packages/airflow/example_dags/example_branch_day_of_week_operator.py
[2024-11-04T13:17:48.343-0800] {logging_mixin.py:190} INFO - [2024-11-04T13:17:48.342-0800] {dag.py:3239} INFO - Sync 1 DAGs
[2024-11-04T13:17:48.349-0800] {logging_mixin.py:190} INFO - [2024-11-04T13:17:48.349-0800] {dag.py:4180} INFO - Setting next_dagrun for example_weekday_branch_operator to 2024-11-03 00:00:00+00:00, run_after=2024-11-04 00:00:00+00:00
[2024-11-04T13:17:48.354-0800] {processor.py:208} INFO - Processing /opt/anaconda3/lib/python3.12/site-packages/airflow/example_dags/example_branch_day_of_week_operator.py took 0.048 seconds
[2024-11-04T13:20:12.067-0800] {processor.py:186} INFO - Started process (PID=53233) to work on /opt/anaconda3/lib/python3.12/site-packages/airflow/example_dags/example_branch_day_of_week_operator.py
[2024-11-04T13:20:12.068-0800] {processor.py:914} INFO - Processing file /opt/anaconda3/lib/python3.12/site-packages/airflow/example_dags/example_branch_day_of_week_operator.py for tasks to queue
[2024-11-04T13:20:12.068-0800] {logging_mixin.py:190} INFO - [2024-11-04T13:20:12.068-0800] {dagbag.py:588} INFO - Filling up the DagBag from /opt/anaconda3/lib/python3.12/site-packages/airflow/example_dags/example_branch_day_of_week_operator.py
[2024-11-04T13:20:12.073-0800] {processor.py:925} INFO - DAG(s) 'example_weekday_branch_operator' retrieved from /opt/anaconda3/lib/python3.12/site-packages/airflow/example_dags/example_branch_day_of_week_operator.py
[2024-11-04T13:20:12.103-0800] {logging_mixin.py:190} INFO - [2024-11-04T13:20:12.103-0800] {dag.py:3239} INFO - Sync 1 DAGs
[2024-11-04T13:20:12.110-0800] {logging_mixin.py:190} INFO - [2024-11-04T13:20:12.110-0800] {dag.py:4180} INFO - Setting next_dagrun for example_weekday_branch_operator to 2024-11-03 00:00:00+00:00, run_after=2024-11-04 00:00:00+00:00
[2024-11-04T13:20:12.116-0800] {processor.py:208} INFO - Processing /opt/anaconda3/lib/python3.12/site-packages/airflow/example_dags/example_branch_day_of_week_operator.py took 0.050 seconds
[2024-11-04T13:22:37.653-0800] {processor.py:186} INFO - Started process (PID=53397) to work on /opt/anaconda3/lib/python3.12/site-packages/airflow/example_dags/example_branch_day_of_week_operator.py
[2024-11-04T13:22:37.654-0800] {processor.py:914} INFO - Processing file /opt/anaconda3/lib/python3.12/site-packages/airflow/example_dags/example_branch_day_of_week_operator.py for tasks to queue
[2024-11-04T13:22:37.655-0800] {logging_mixin.py:190} INFO - [2024-11-04T13:22:37.655-0800] {dagbag.py:588} INFO - Filling up the DagBag from /opt/anaconda3/lib/python3.12/site-packages/airflow/example_dags/example_branch_day_of_week_operator.py
[2024-11-04T13:22:37.659-0800] {processor.py:925} INFO - DAG(s) 'example_weekday_branch_operator' retrieved from /opt/anaconda3/lib/python3.12/site-packages/airflow/example_dags/example_branch_day_of_week_operator.py
[2024-11-04T13:22:37.689-0800] {logging_mixin.py:190} INFO - [2024-11-04T13:22:37.689-0800] {dag.py:3239} INFO - Sync 1 DAGs
[2024-11-04T13:22:37.695-0800] {logging_mixin.py:190} INFO - [2024-11-04T13:22:37.695-0800] {dag.py:4180} INFO - Setting next_dagrun for example_weekday_branch_operator to 2024-11-03 00:00:00+00:00, run_after=2024-11-04 00:00:00+00:00
[2024-11-04T13:22:37.700-0800] {processor.py:208} INFO - Processing /opt/anaconda3/lib/python3.12/site-packages/airflow/example_dags/example_branch_day_of_week_operator.py took 0.049 seconds
[2024-11-04T13:24:58.177-0800] {processor.py:186} INFO - Started process (PID=53580) to work on /opt/anaconda3/lib/python3.12/site-packages/airflow/example_dags/example_branch_day_of_week_operator.py
[2024-11-04T13:24:58.178-0800] {processor.py:914} INFO - Processing file /opt/anaconda3/lib/python3.12/site-packages/airflow/example_dags/example_branch_day_of_week_operator.py for tasks to queue
[2024-11-04T13:24:58.179-0800] {logging_mixin.py:190} INFO - [2024-11-04T13:24:58.179-0800] {dagbag.py:588} INFO - Filling up the DagBag from /opt/anaconda3/lib/python3.12/site-packages/airflow/example_dags/example_branch_day_of_week_operator.py
[2024-11-04T13:24:58.183-0800] {processor.py:925} INFO - DAG(s) 'example_weekday_branch_operator' retrieved from /opt/anaconda3/lib/python3.12/site-packages/airflow/example_dags/example_branch_day_of_week_operator.py
[2024-11-04T13:24:58.213-0800] {logging_mixin.py:190} INFO - [2024-11-04T13:24:58.212-0800] {dag.py:3239} INFO - Sync 1 DAGs
[2024-11-04T13:24:58.219-0800] {logging_mixin.py:190} INFO - [2024-11-04T13:24:58.219-0800] {dag.py:4180} INFO - Setting next_dagrun for example_weekday_branch_operator to 2024-11-03 00:00:00+00:00, run_after=2024-11-04 00:00:00+00:00
[2024-11-04T13:24:58.224-0800] {processor.py:208} INFO - Processing /opt/anaconda3/lib/python3.12/site-packages/airflow/example_dags/example_branch_day_of_week_operator.py took 0.048 seconds
[2024-11-04T13:27:23.009-0800] {processor.py:186} INFO - Started process (PID=53758) to work on /opt/anaconda3/lib/python3.12/site-packages/airflow/example_dags/example_branch_day_of_week_operator.py
[2024-11-04T13:27:23.010-0800] {processor.py:914} INFO - Processing file /opt/anaconda3/lib/python3.12/site-packages/airflow/example_dags/example_branch_day_of_week_operator.py for tasks to queue
[2024-11-04T13:27:23.010-0800] {logging_mixin.py:190} INFO - [2024-11-04T13:27:23.010-0800] {dagbag.py:588} INFO - Filling up the DagBag from /opt/anaconda3/lib/python3.12/site-packages/airflow/example_dags/example_branch_day_of_week_operator.py
[2024-11-04T13:27:23.014-0800] {processor.py:925} INFO - DAG(s) 'example_weekday_branch_operator' retrieved from /opt/anaconda3/lib/python3.12/site-packages/airflow/example_dags/example_branch_day_of_week_operator.py
[2024-11-04T13:27:23.047-0800] {logging_mixin.py:190} INFO - [2024-11-04T13:27:23.047-0800] {dag.py:3239} INFO - Sync 1 DAGs
[2024-11-04T13:27:23.053-0800] {logging_mixin.py:190} INFO - [2024-11-04T13:27:23.053-0800] {dag.py:4180} INFO - Setting next_dagrun for example_weekday_branch_operator to 2024-11-03 00:00:00+00:00, run_after=2024-11-04 00:00:00+00:00
[2024-11-04T13:27:23.060-0800] {processor.py:208} INFO - Processing /opt/anaconda3/lib/python3.12/site-packages/airflow/example_dags/example_branch_day_of_week_operator.py took 0.052 seconds
[2024-11-04T13:29:45.986-0800] {processor.py:186} INFO - Started process (PID=53943) to work on /opt/anaconda3/lib/python3.12/site-packages/airflow/example_dags/example_branch_day_of_week_operator.py
[2024-11-04T13:29:45.988-0800] {processor.py:914} INFO - Processing file /opt/anaconda3/lib/python3.12/site-packages/airflow/example_dags/example_branch_day_of_week_operator.py for tasks to queue
[2024-11-04T13:29:45.988-0800] {logging_mixin.py:190} INFO - [2024-11-04T13:29:45.988-0800] {dagbag.py:588} INFO - Filling up the DagBag from /opt/anaconda3/lib/python3.12/site-packages/airflow/example_dags/example_branch_day_of_week_operator.py
[2024-11-04T13:29:45.993-0800] {processor.py:925} INFO - DAG(s) 'example_weekday_branch_operator' retrieved from /opt/anaconda3/lib/python3.12/site-packages/airflow/example_dags/example_branch_day_of_week_operator.py
[2024-11-04T13:29:46.023-0800] {logging_mixin.py:190} INFO - [2024-11-04T13:29:46.023-0800] {dag.py:3239} INFO - Sync 1 DAGs
[2024-11-04T13:29:46.029-0800] {logging_mixin.py:190} INFO - [2024-11-04T13:29:46.029-0800] {dag.py:4180} INFO - Setting next_dagrun for example_weekday_branch_operator to 2024-11-03 00:00:00+00:00, run_after=2024-11-04 00:00:00+00:00
[2024-11-04T13:29:46.034-0800] {processor.py:208} INFO - Processing /opt/anaconda3/lib/python3.12/site-packages/airflow/example_dags/example_branch_day_of_week_operator.py took 0.049 seconds
[2024-11-04T13:32:12.556-0800] {processor.py:186} INFO - Started process (PID=54107) to work on /opt/anaconda3/lib/python3.12/site-packages/airflow/example_dags/example_branch_day_of_week_operator.py
[2024-11-04T13:32:12.557-0800] {processor.py:914} INFO - Processing file /opt/anaconda3/lib/python3.12/site-packages/airflow/example_dags/example_branch_day_of_week_operator.py for tasks to queue
[2024-11-04T13:32:12.558-0800] {logging_mixin.py:190} INFO - [2024-11-04T13:32:12.558-0800] {dagbag.py:588} INFO - Filling up the DagBag from /opt/anaconda3/lib/python3.12/site-packages/airflow/example_dags/example_branch_day_of_week_operator.py
[2024-11-04T13:32:12.562-0800] {processor.py:925} INFO - DAG(s) 'example_weekday_branch_operator' retrieved from /opt/anaconda3/lib/python3.12/site-packages/airflow/example_dags/example_branch_day_of_week_operator.py
[2024-11-04T13:32:12.592-0800] {logging_mixin.py:190} INFO - [2024-11-04T13:32:12.592-0800] {dag.py:3239} INFO - Sync 1 DAGs
[2024-11-04T13:32:12.598-0800] {logging_mixin.py:190} INFO - [2024-11-04T13:32:12.598-0800] {dag.py:4180} INFO - Setting next_dagrun for example_weekday_branch_operator to 2024-11-03 00:00:00+00:00, run_after=2024-11-04 00:00:00+00:00
[2024-11-04T13:32:12.609-0800] {processor.py:208} INFO - Processing /opt/anaconda3/lib/python3.12/site-packages/airflow/example_dags/example_branch_day_of_week_operator.py took 0.054 seconds
[2024-11-04T13:34:35.937-0800] {processor.py:186} INFO - Started process (PID=54312) to work on /opt/anaconda3/lib/python3.12/site-packages/airflow/example_dags/example_branch_day_of_week_operator.py
[2024-11-04T13:34:35.939-0800] {processor.py:914} INFO - Processing file /opt/anaconda3/lib/python3.12/site-packages/airflow/example_dags/example_branch_day_of_week_operator.py for tasks to queue
[2024-11-04T13:34:35.939-0800] {logging_mixin.py:190} INFO - [2024-11-04T13:34:35.939-0800] {dagbag.py:588} INFO - Filling up the DagBag from /opt/anaconda3/lib/python3.12/site-packages/airflow/example_dags/example_branch_day_of_week_operator.py
[2024-11-04T13:34:35.943-0800] {processor.py:925} INFO - DAG(s) 'example_weekday_branch_operator' retrieved from /opt/anaconda3/lib/python3.12/site-packages/airflow/example_dags/example_branch_day_of_week_operator.py
[2024-11-04T13:34:35.976-0800] {logging_mixin.py:190} INFO - [2024-11-04T13:34:35.976-0800] {dag.py:3239} INFO - Sync 1 DAGs
[2024-11-04T13:34:35.982-0800] {logging_mixin.py:190} INFO - [2024-11-04T13:34:35.982-0800] {dag.py:4180} INFO - Setting next_dagrun for example_weekday_branch_operator to 2024-11-03 00:00:00+00:00, run_after=2024-11-04 00:00:00+00:00
[2024-11-04T13:34:35.988-0800] {processor.py:208} INFO - Processing /opt/anaconda3/lib/python3.12/site-packages/airflow/example_dags/example_branch_day_of_week_operator.py took 0.052 seconds
[2024-11-04T13:36:55.987-0800] {processor.py:186} INFO - Started process (PID=54493) to work on /opt/anaconda3/lib/python3.12/site-packages/airflow/example_dags/example_branch_day_of_week_operator.py
[2024-11-04T13:36:55.988-0800] {processor.py:914} INFO - Processing file /opt/anaconda3/lib/python3.12/site-packages/airflow/example_dags/example_branch_day_of_week_operator.py for tasks to queue
[2024-11-04T13:36:55.989-0800] {logging_mixin.py:190} INFO - [2024-11-04T13:36:55.989-0800] {dagbag.py:588} INFO - Filling up the DagBag from /opt/anaconda3/lib/python3.12/site-packages/airflow/example_dags/example_branch_day_of_week_operator.py
[2024-11-04T13:36:55.993-0800] {processor.py:925} INFO - DAG(s) 'example_weekday_branch_operator' retrieved from /opt/anaconda3/lib/python3.12/site-packages/airflow/example_dags/example_branch_day_of_week_operator.py
[2024-11-04T13:36:56.028-0800] {logging_mixin.py:190} INFO - [2024-11-04T13:36:56.028-0800] {dag.py:3239} INFO - Sync 1 DAGs
[2024-11-04T13:36:56.037-0800] {logging_mixin.py:190} INFO - [2024-11-04T13:36:56.037-0800] {dag.py:4180} INFO - Setting next_dagrun for example_weekday_branch_operator to 2024-11-03 00:00:00+00:00, run_after=2024-11-04 00:00:00+00:00
[2024-11-04T13:36:56.045-0800] {processor.py:208} INFO - Processing /opt/anaconda3/lib/python3.12/site-packages/airflow/example_dags/example_branch_day_of_week_operator.py took 0.059 seconds
[2024-11-04T13:39:20.131-0800] {processor.py:186} INFO - Started process (PID=54683) to work on /opt/anaconda3/lib/python3.12/site-packages/airflow/example_dags/example_branch_day_of_week_operator.py
[2024-11-04T13:39:20.132-0800] {processor.py:914} INFO - Processing file /opt/anaconda3/lib/python3.12/site-packages/airflow/example_dags/example_branch_day_of_week_operator.py for tasks to queue
[2024-11-04T13:39:20.133-0800] {logging_mixin.py:190} INFO - [2024-11-04T13:39:20.133-0800] {dagbag.py:588} INFO - Filling up the DagBag from /opt/anaconda3/lib/python3.12/site-packages/airflow/example_dags/example_branch_day_of_week_operator.py
[2024-11-04T13:39:20.138-0800] {processor.py:925} INFO - DAG(s) 'example_weekday_branch_operator' retrieved from /opt/anaconda3/lib/python3.12/site-packages/airflow/example_dags/example_branch_day_of_week_operator.py
[2024-11-04T13:39:20.169-0800] {logging_mixin.py:190} INFO - [2024-11-04T13:39:20.169-0800] {dag.py:3239} INFO - Sync 1 DAGs
[2024-11-04T13:39:20.175-0800] {logging_mixin.py:190} INFO - [2024-11-04T13:39:20.175-0800] {dag.py:4180} INFO - Setting next_dagrun for example_weekday_branch_operator to 2024-11-03 00:00:00+00:00, run_after=2024-11-04 00:00:00+00:00
[2024-11-04T13:39:20.181-0800] {processor.py:208} INFO - Processing /opt/anaconda3/lib/python3.12/site-packages/airflow/example_dags/example_branch_day_of_week_operator.py took 0.053 seconds
[2024-11-04T13:41:43.472-0800] {processor.py:186} INFO - Started process (PID=54854) to work on /opt/anaconda3/lib/python3.12/site-packages/airflow/example_dags/example_branch_day_of_week_operator.py
[2024-11-04T13:41:43.473-0800] {processor.py:914} INFO - Processing file /opt/anaconda3/lib/python3.12/site-packages/airflow/example_dags/example_branch_day_of_week_operator.py for tasks to queue
[2024-11-04T13:41:43.473-0800] {logging_mixin.py:190} INFO - [2024-11-04T13:41:43.473-0800] {dagbag.py:588} INFO - Filling up the DagBag from /opt/anaconda3/lib/python3.12/site-packages/airflow/example_dags/example_branch_day_of_week_operator.py
[2024-11-04T13:41:43.477-0800] {processor.py:925} INFO - DAG(s) 'example_weekday_branch_operator' retrieved from /opt/anaconda3/lib/python3.12/site-packages/airflow/example_dags/example_branch_day_of_week_operator.py
[2024-11-04T13:41:43.508-0800] {logging_mixin.py:190} INFO - [2024-11-04T13:41:43.508-0800] {dag.py:3239} INFO - Sync 1 DAGs
[2024-11-04T13:41:43.514-0800] {logging_mixin.py:190} INFO - [2024-11-04T13:41:43.514-0800] {dag.py:4180} INFO - Setting next_dagrun for example_weekday_branch_operator to 2024-11-03 00:00:00+00:00, run_after=2024-11-04 00:00:00+00:00
[2024-11-04T13:41:43.521-0800] {processor.py:208} INFO - Processing /opt/anaconda3/lib/python3.12/site-packages/airflow/example_dags/example_branch_day_of_week_operator.py took 0.051 seconds
[2024-11-04T13:44:08.905-0800] {processor.py:186} INFO - Started process (PID=55024) to work on /opt/anaconda3/lib/python3.12/site-packages/airflow/example_dags/example_branch_day_of_week_operator.py
[2024-11-04T13:44:08.906-0800] {processor.py:914} INFO - Processing file /opt/anaconda3/lib/python3.12/site-packages/airflow/example_dags/example_branch_day_of_week_operator.py for tasks to queue
[2024-11-04T13:44:08.906-0800] {logging_mixin.py:190} INFO - [2024-11-04T13:44:08.906-0800] {dagbag.py:588} INFO - Filling up the DagBag from /opt/anaconda3/lib/python3.12/site-packages/airflow/example_dags/example_branch_day_of_week_operator.py
[2024-11-04T13:44:08.911-0800] {processor.py:925} INFO - DAG(s) 'example_weekday_branch_operator' retrieved from /opt/anaconda3/lib/python3.12/site-packages/airflow/example_dags/example_branch_day_of_week_operator.py
[2024-11-04T13:44:08.940-0800] {logging_mixin.py:190} INFO - [2024-11-04T13:44:08.940-0800] {dag.py:3239} INFO - Sync 1 DAGs
[2024-11-04T13:44:08.946-0800] {logging_mixin.py:190} INFO - [2024-11-04T13:44:08.946-0800] {dag.py:4180} INFO - Setting next_dagrun for example_weekday_branch_operator to 2024-11-03 00:00:00+00:00, run_after=2024-11-04 00:00:00+00:00
[2024-11-04T13:44:08.952-0800] {processor.py:208} INFO - Processing /opt/anaconda3/lib/python3.12/site-packages/airflow/example_dags/example_branch_day_of_week_operator.py took 0.048 seconds
[2024-11-04T13:46:34.272-0800] {processor.py:186} INFO - Started process (PID=55196) to work on /opt/anaconda3/lib/python3.12/site-packages/airflow/example_dags/example_branch_day_of_week_operator.py
[2024-11-04T13:46:34.274-0800] {processor.py:914} INFO - Processing file /opt/anaconda3/lib/python3.12/site-packages/airflow/example_dags/example_branch_day_of_week_operator.py for tasks to queue
[2024-11-04T13:46:34.274-0800] {logging_mixin.py:190} INFO - [2024-11-04T13:46:34.274-0800] {dagbag.py:588} INFO - Filling up the DagBag from /opt/anaconda3/lib/python3.12/site-packages/airflow/example_dags/example_branch_day_of_week_operator.py
[2024-11-04T13:46:34.278-0800] {processor.py:925} INFO - DAG(s) 'example_weekday_branch_operator' retrieved from /opt/anaconda3/lib/python3.12/site-packages/airflow/example_dags/example_branch_day_of_week_operator.py
[2024-11-04T13:46:34.308-0800] {logging_mixin.py:190} INFO - [2024-11-04T13:46:34.308-0800] {dag.py:3239} INFO - Sync 1 DAGs
[2024-11-04T13:46:34.314-0800] {logging_mixin.py:190} INFO - [2024-11-04T13:46:34.314-0800] {dag.py:4180} INFO - Setting next_dagrun for example_weekday_branch_operator to 2024-11-03 00:00:00+00:00, run_after=2024-11-04 00:00:00+00:00
[2024-11-04T13:46:34.320-0800] {processor.py:208} INFO - Processing /opt/anaconda3/lib/python3.12/site-packages/airflow/example_dags/example_branch_day_of_week_operator.py took 0.048 seconds
[2024-11-04T13:48:50.197-0800] {processor.py:186} INFO - Started process (PID=55370) to work on /opt/anaconda3/lib/python3.12/site-packages/airflow/example_dags/example_branch_day_of_week_operator.py
[2024-11-04T13:48:50.198-0800] {processor.py:914} INFO - Processing file /opt/anaconda3/lib/python3.12/site-packages/airflow/example_dags/example_branch_day_of_week_operator.py for tasks to queue
[2024-11-04T13:48:50.198-0800] {logging_mixin.py:190} INFO - [2024-11-04T13:48:50.198-0800] {dagbag.py:588} INFO - Filling up the DagBag from /opt/anaconda3/lib/python3.12/site-packages/airflow/example_dags/example_branch_day_of_week_operator.py
[2024-11-04T13:48:50.203-0800] {processor.py:925} INFO - DAG(s) 'example_weekday_branch_operator' retrieved from /opt/anaconda3/lib/python3.12/site-packages/airflow/example_dags/example_branch_day_of_week_operator.py
[2024-11-04T13:48:50.232-0800] {logging_mixin.py:190} INFO - [2024-11-04T13:48:50.232-0800] {dag.py:3239} INFO - Sync 1 DAGs
[2024-11-04T13:48:50.238-0800] {logging_mixin.py:190} INFO - [2024-11-04T13:48:50.238-0800] {dag.py:4180} INFO - Setting next_dagrun for example_weekday_branch_operator to 2024-11-03 00:00:00+00:00, run_after=2024-11-04 00:00:00+00:00
[2024-11-04T13:48:50.244-0800] {processor.py:208} INFO - Processing /opt/anaconda3/lib/python3.12/site-packages/airflow/example_dags/example_branch_day_of_week_operator.py took 0.048 seconds
[2024-11-04T13:51:14.551-0800] {processor.py:186} INFO - Started process (PID=55549) to work on /opt/anaconda3/lib/python3.12/site-packages/airflow/example_dags/example_branch_day_of_week_operator.py
[2024-11-04T13:51:14.552-0800] {processor.py:914} INFO - Processing file /opt/anaconda3/lib/python3.12/site-packages/airflow/example_dags/example_branch_day_of_week_operator.py for tasks to queue
[2024-11-04T13:51:14.552-0800] {logging_mixin.py:190} INFO - [2024-11-04T13:51:14.552-0800] {dagbag.py:588} INFO - Filling up the DagBag from /opt/anaconda3/lib/python3.12/site-packages/airflow/example_dags/example_branch_day_of_week_operator.py
[2024-11-04T13:51:14.557-0800] {processor.py:925} INFO - DAG(s) 'example_weekday_branch_operator' retrieved from /opt/anaconda3/lib/python3.12/site-packages/airflow/example_dags/example_branch_day_of_week_operator.py
[2024-11-04T13:51:14.586-0800] {logging_mixin.py:190} INFO - [2024-11-04T13:51:14.586-0800] {dag.py:3239} INFO - Sync 1 DAGs
[2024-11-04T13:51:14.592-0800] {logging_mixin.py:190} INFO - [2024-11-04T13:51:14.592-0800] {dag.py:4180} INFO - Setting next_dagrun for example_weekday_branch_operator to 2024-11-03 00:00:00+00:00, run_after=2024-11-04 00:00:00+00:00
[2024-11-04T13:51:14.598-0800] {processor.py:208} INFO - Processing /opt/anaconda3/lib/python3.12/site-packages/airflow/example_dags/example_branch_day_of_week_operator.py took 0.048 seconds
[2024-11-04T13:53:46.221-0800] {processor.py:186} INFO - Started process (PID=55727) to work on /opt/anaconda3/lib/python3.12/site-packages/airflow/example_dags/example_branch_day_of_week_operator.py
[2024-11-04T13:53:46.222-0800] {processor.py:914} INFO - Processing file /opt/anaconda3/lib/python3.12/site-packages/airflow/example_dags/example_branch_day_of_week_operator.py for tasks to queue
[2024-11-04T13:53:46.222-0800] {logging_mixin.py:190} INFO - [2024-11-04T13:53:46.222-0800] {dagbag.py:588} INFO - Filling up the DagBag from /opt/anaconda3/lib/python3.12/site-packages/airflow/example_dags/example_branch_day_of_week_operator.py
[2024-11-04T13:53:46.228-0800] {processor.py:925} INFO - DAG(s) 'example_weekday_branch_operator' retrieved from /opt/anaconda3/lib/python3.12/site-packages/airflow/example_dags/example_branch_day_of_week_operator.py
[2024-11-04T13:53:46.264-0800] {logging_mixin.py:190} INFO - [2024-11-04T13:53:46.264-0800] {dag.py:3239} INFO - Sync 1 DAGs
[2024-11-04T13:53:46.270-0800] {logging_mixin.py:190} INFO - [2024-11-04T13:53:46.270-0800] {dag.py:4180} INFO - Setting next_dagrun for example_weekday_branch_operator to 2024-11-03 00:00:00+00:00, run_after=2024-11-04 00:00:00+00:00
[2024-11-04T13:53:46.276-0800] {processor.py:208} INFO - Processing /opt/anaconda3/lib/python3.12/site-packages/airflow/example_dags/example_branch_day_of_week_operator.py took 0.056 seconds
[2024-11-04T13:56:14.269-0800] {processor.py:186} INFO - Started process (PID=55920) to work on /opt/anaconda3/lib/python3.12/site-packages/airflow/example_dags/example_branch_day_of_week_operator.py
[2024-11-04T13:56:14.270-0800] {processor.py:914} INFO - Processing file /opt/anaconda3/lib/python3.12/site-packages/airflow/example_dags/example_branch_day_of_week_operator.py for tasks to queue
[2024-11-04T13:56:14.270-0800] {logging_mixin.py:190} INFO - [2024-11-04T13:56:14.270-0800] {dagbag.py:588} INFO - Filling up the DagBag from /opt/anaconda3/lib/python3.12/site-packages/airflow/example_dags/example_branch_day_of_week_operator.py
[2024-11-04T13:56:14.275-0800] {processor.py:925} INFO - DAG(s) 'example_weekday_branch_operator' retrieved from /opt/anaconda3/lib/python3.12/site-packages/airflow/example_dags/example_branch_day_of_week_operator.py
[2024-11-04T13:56:14.305-0800] {logging_mixin.py:190} INFO - [2024-11-04T13:56:14.305-0800] {dag.py:3239} INFO - Sync 1 DAGs
[2024-11-04T13:56:14.311-0800] {logging_mixin.py:190} INFO - [2024-11-04T13:56:14.311-0800] {dag.py:4180} INFO - Setting next_dagrun for example_weekday_branch_operator to 2024-11-03 00:00:00+00:00, run_after=2024-11-04 00:00:00+00:00
[2024-11-04T13:56:14.316-0800] {processor.py:208} INFO - Processing /opt/anaconda3/lib/python3.12/site-packages/airflow/example_dags/example_branch_day_of_week_operator.py took 0.049 seconds
[2024-11-04T13:58:43.813-0800] {processor.py:186} INFO - Started process (PID=56102) to work on /opt/anaconda3/lib/python3.12/site-packages/airflow/example_dags/example_branch_day_of_week_operator.py
[2024-11-04T13:58:43.815-0800] {processor.py:914} INFO - Processing file /opt/anaconda3/lib/python3.12/site-packages/airflow/example_dags/example_branch_day_of_week_operator.py for tasks to queue
[2024-11-04T13:58:43.815-0800] {logging_mixin.py:190} INFO - [2024-11-04T13:58:43.815-0800] {dagbag.py:588} INFO - Filling up the DagBag from /opt/anaconda3/lib/python3.12/site-packages/airflow/example_dags/example_branch_day_of_week_operator.py
[2024-11-04T13:58:43.819-0800] {processor.py:925} INFO - DAG(s) 'example_weekday_branch_operator' retrieved from /opt/anaconda3/lib/python3.12/site-packages/airflow/example_dags/example_branch_day_of_week_operator.py
[2024-11-04T13:58:43.849-0800] {logging_mixin.py:190} INFO - [2024-11-04T13:58:43.849-0800] {dag.py:3239} INFO - Sync 1 DAGs
[2024-11-04T13:58:43.855-0800] {logging_mixin.py:190} INFO - [2024-11-04T13:58:43.855-0800] {dag.py:4180} INFO - Setting next_dagrun for example_weekday_branch_operator to 2024-11-03 00:00:00+00:00, run_after=2024-11-04 00:00:00+00:00
[2024-11-04T13:58:43.861-0800] {processor.py:208} INFO - Processing /opt/anaconda3/lib/python3.12/site-packages/airflow/example_dags/example_branch_day_of_week_operator.py took 0.049 seconds
[2024-11-04T14:01:11.206-0800] {processor.py:186} INFO - Started process (PID=56337) to work on /opt/anaconda3/lib/python3.12/site-packages/airflow/example_dags/example_branch_day_of_week_operator.py
[2024-11-04T14:01:11.208-0800] {processor.py:914} INFO - Processing file /opt/anaconda3/lib/python3.12/site-packages/airflow/example_dags/example_branch_day_of_week_operator.py for tasks to queue
[2024-11-04T14:01:11.208-0800] {logging_mixin.py:190} INFO - [2024-11-04T14:01:11.208-0800] {dagbag.py:588} INFO - Filling up the DagBag from /opt/anaconda3/lib/python3.12/site-packages/airflow/example_dags/example_branch_day_of_week_operator.py
[2024-11-04T14:01:11.213-0800] {processor.py:925} INFO - DAG(s) 'example_weekday_branch_operator' retrieved from /opt/anaconda3/lib/python3.12/site-packages/airflow/example_dags/example_branch_day_of_week_operator.py
[2024-11-04T14:01:11.243-0800] {logging_mixin.py:190} INFO - [2024-11-04T14:01:11.243-0800] {dag.py:3239} INFO - Sync 1 DAGs
[2024-11-04T14:01:11.249-0800] {logging_mixin.py:190} INFO - [2024-11-04T14:01:11.249-0800] {dag.py:4180} INFO - Setting next_dagrun for example_weekday_branch_operator to 2024-11-03 00:00:00+00:00, run_after=2024-11-04 00:00:00+00:00
[2024-11-04T14:01:11.255-0800] {processor.py:208} INFO - Processing /opt/anaconda3/lib/python3.12/site-packages/airflow/example_dags/example_branch_day_of_week_operator.py took 0.050 seconds
[2024-11-04T14:03:36.347-0800] {processor.py:186} INFO - Started process (PID=56542) to work on /opt/anaconda3/lib/python3.12/site-packages/airflow/example_dags/example_branch_day_of_week_operator.py
[2024-11-04T14:03:36.349-0800] {processor.py:914} INFO - Processing file /opt/anaconda3/lib/python3.12/site-packages/airflow/example_dags/example_branch_day_of_week_operator.py for tasks to queue
[2024-11-04T14:03:36.349-0800] {logging_mixin.py:190} INFO - [2024-11-04T14:03:36.349-0800] {dagbag.py:588} INFO - Filling up the DagBag from /opt/anaconda3/lib/python3.12/site-packages/airflow/example_dags/example_branch_day_of_week_operator.py
[2024-11-04T14:03:36.354-0800] {processor.py:925} INFO - DAG(s) 'example_weekday_branch_operator' retrieved from /opt/anaconda3/lib/python3.12/site-packages/airflow/example_dags/example_branch_day_of_week_operator.py
[2024-11-04T14:03:36.384-0800] {logging_mixin.py:190} INFO - [2024-11-04T14:03:36.384-0800] {dag.py:3239} INFO - Sync 1 DAGs
[2024-11-04T14:03:36.390-0800] {logging_mixin.py:190} INFO - [2024-11-04T14:03:36.390-0800] {dag.py:4180} INFO - Setting next_dagrun for example_weekday_branch_operator to 2024-11-03 00:00:00+00:00, run_after=2024-11-04 00:00:00+00:00
[2024-11-04T14:03:36.395-0800] {processor.py:208} INFO - Processing /opt/anaconda3/lib/python3.12/site-packages/airflow/example_dags/example_branch_day_of_week_operator.py took 0.050 seconds
[2024-11-04T14:06:03.133-0800] {processor.py:186} INFO - Started process (PID=56817) to work on /opt/anaconda3/lib/python3.12/site-packages/airflow/example_dags/example_branch_day_of_week_operator.py
[2024-11-04T14:06:03.137-0800] {processor.py:914} INFO - Processing file /opt/anaconda3/lib/python3.12/site-packages/airflow/example_dags/example_branch_day_of_week_operator.py for tasks to queue
[2024-11-04T14:06:03.137-0800] {logging_mixin.py:190} INFO - [2024-11-04T14:06:03.137-0800] {dagbag.py:588} INFO - Filling up the DagBag from /opt/anaconda3/lib/python3.12/site-packages/airflow/example_dags/example_branch_day_of_week_operator.py
[2024-11-04T14:06:03.142-0800] {processor.py:925} INFO - DAG(s) 'example_weekday_branch_operator' retrieved from /opt/anaconda3/lib/python3.12/site-packages/airflow/example_dags/example_branch_day_of_week_operator.py
[2024-11-04T14:06:03.172-0800] {logging_mixin.py:190} INFO - [2024-11-04T14:06:03.172-0800] {dag.py:3239} INFO - Sync 1 DAGs
[2024-11-04T14:06:03.178-0800] {logging_mixin.py:190} INFO - [2024-11-04T14:06:03.178-0800] {dag.py:4180} INFO - Setting next_dagrun for example_weekday_branch_operator to 2024-11-03 00:00:00+00:00, run_after=2024-11-04 00:00:00+00:00
[2024-11-04T14:06:03.184-0800] {processor.py:208} INFO - Processing /opt/anaconda3/lib/python3.12/site-packages/airflow/example_dags/example_branch_day_of_week_operator.py took 0.052 seconds
[2024-11-04T14:08:25.348-0800] {processor.py:186} INFO - Started process (PID=57020) to work on /opt/anaconda3/lib/python3.12/site-packages/airflow/example_dags/example_branch_day_of_week_operator.py
[2024-11-04T14:08:25.351-0800] {processor.py:914} INFO - Processing file /opt/anaconda3/lib/python3.12/site-packages/airflow/example_dags/example_branch_day_of_week_operator.py for tasks to queue
[2024-11-04T14:08:25.351-0800] {logging_mixin.py:190} INFO - [2024-11-04T14:08:25.351-0800] {dagbag.py:588} INFO - Filling up the DagBag from /opt/anaconda3/lib/python3.12/site-packages/airflow/example_dags/example_branch_day_of_week_operator.py
[2024-11-04T14:08:25.356-0800] {processor.py:925} INFO - DAG(s) 'example_weekday_branch_operator' retrieved from /opt/anaconda3/lib/python3.12/site-packages/airflow/example_dags/example_branch_day_of_week_operator.py
[2024-11-04T14:08:25.387-0800] {logging_mixin.py:190} INFO - [2024-11-04T14:08:25.387-0800] {dag.py:3239} INFO - Sync 1 DAGs
[2024-11-04T14:08:25.394-0800] {logging_mixin.py:190} INFO - [2024-11-04T14:08:25.394-0800] {dag.py:4180} INFO - Setting next_dagrun for example_weekday_branch_operator to 2024-11-03 00:00:00+00:00, run_after=2024-11-04 00:00:00+00:00
[2024-11-04T14:08:25.400-0800] {processor.py:208} INFO - Processing /opt/anaconda3/lib/python3.12/site-packages/airflow/example_dags/example_branch_day_of_week_operator.py took 0.052 seconds
[2024-11-04T14:21:42.150-0800] {processor.py:186} INFO - Started process (PID=57885) to work on /opt/anaconda3/lib/python3.12/site-packages/airflow/example_dags/example_branch_day_of_week_operator.py
[2024-11-04T14:21:42.151-0800] {processor.py:914} INFO - Processing file /opt/anaconda3/lib/python3.12/site-packages/airflow/example_dags/example_branch_day_of_week_operator.py for tasks to queue
[2024-11-04T14:21:42.151-0800] {logging_mixin.py:190} INFO - [2024-11-04T14:21:42.151-0800] {dagbag.py:588} INFO - Filling up the DagBag from /opt/anaconda3/lib/python3.12/site-packages/airflow/example_dags/example_branch_day_of_week_operator.py
[2024-11-04T14:21:42.155-0800] {processor.py:925} INFO - DAG(s) 'example_weekday_branch_operator' retrieved from /opt/anaconda3/lib/python3.12/site-packages/airflow/example_dags/example_branch_day_of_week_operator.py
[2024-11-04T14:21:42.237-0800] {logging_mixin.py:190} INFO - [2024-11-04T14:21:42.237-0800] {override.py:1907} INFO - Created Permission View: can delete on DAG:example_weekday_branch_operator
[2024-11-04T14:21:42.241-0800] {logging_mixin.py:190} INFO - [2024-11-04T14:21:42.241-0800] {override.py:1907} INFO - Created Permission View: can edit on DAG:example_weekday_branch_operator
[2024-11-04T14:21:42.243-0800] {logging_mixin.py:190} INFO - [2024-11-04T14:21:42.243-0800] {override.py:1907} INFO - Created Permission View: can read on DAG:example_weekday_branch_operator
[2024-11-04T14:21:42.246-0800] {logging_mixin.py:190} INFO - [2024-11-04T14:21:42.246-0800] {override.py:1907} INFO - Created Permission View: menu access on DAG Run:example_weekday_branch_operator
[2024-11-04T14:21:42.249-0800] {logging_mixin.py:190} INFO - [2024-11-04T14:21:42.249-0800] {override.py:1907} INFO - Created Permission View: can delete on DAG Run:example_weekday_branch_operator
[2024-11-04T14:21:42.251-0800] {logging_mixin.py:190} INFO - [2024-11-04T14:21:42.251-0800] {override.py:1907} INFO - Created Permission View: can read on DAG Run:example_weekday_branch_operator
[2024-11-04T14:21:42.253-0800] {logging_mixin.py:190} INFO - [2024-11-04T14:21:42.253-0800] {override.py:1907} INFO - Created Permission View: can create on DAG Run:example_weekday_branch_operator
[2024-11-04T14:21:42.253-0800] {logging_mixin.py:190} INFO - [2024-11-04T14:21:42.253-0800] {dag.py:3239} INFO - Sync 1 DAGs
[2024-11-04T14:21:42.258-0800] {logging_mixin.py:190} INFO - [2024-11-04T14:21:42.257-0800] {dag.py:3262} INFO - Creating ORM DAG for example_weekday_branch_operator
[2024-11-04T14:21:42.261-0800] {logging_mixin.py:190} INFO - [2024-11-04T14:21:42.261-0800] {dag.py:4180} INFO - Setting next_dagrun for example_weekday_branch_operator to 2024-11-03 00:00:00+00:00, run_after=2024-11-04 00:00:00+00:00
[2024-11-04T14:21:42.267-0800] {processor.py:208} INFO - Processing /opt/anaconda3/lib/python3.12/site-packages/airflow/example_dags/example_branch_day_of_week_operator.py took 0.118 seconds
[2024-11-04T14:32:07.127-0800] {processor.py:186} INFO - Started process (PID=58569) to work on /opt/anaconda3/lib/python3.12/site-packages/airflow/example_dags/example_branch_day_of_week_operator.py
[2024-11-04T14:32:07.134-0800] {processor.py:914} INFO - Processing file /opt/anaconda3/lib/python3.12/site-packages/airflow/example_dags/example_branch_day_of_week_operator.py for tasks to queue
[2024-11-04T14:32:07.134-0800] {logging_mixin.py:190} INFO - [2024-11-04T14:32:07.134-0800] {dagbag.py:588} INFO - Filling up the DagBag from /opt/anaconda3/lib/python3.12/site-packages/airflow/example_dags/example_branch_day_of_week_operator.py
[2024-11-04T14:32:07.139-0800] {processor.py:925} INFO - DAG(s) 'example_weekday_branch_operator' retrieved from /opt/anaconda3/lib/python3.12/site-packages/airflow/example_dags/example_branch_day_of_week_operator.py
[2024-11-04T14:32:07.186-0800] {logging_mixin.py:190} INFO - [2024-11-04T14:32:07.186-0800] {dag.py:3239} INFO - Sync 1 DAGs
[2024-11-04T14:32:07.200-0800] {logging_mixin.py:190} INFO - [2024-11-04T14:32:07.200-0800] {dag.py:4180} INFO - Setting next_dagrun for example_weekday_branch_operator to 2024-11-03 00:00:00+00:00, run_after=2024-11-04 00:00:00+00:00
[2024-11-04T14:32:07.214-0800] {processor.py:208} INFO - Processing /opt/anaconda3/lib/python3.12/site-packages/airflow/example_dags/example_branch_day_of_week_operator.py took 0.088 seconds
[2024-11-04T15:37:59.255-0800] {processor.py:186} INFO - Started process (PID=58818) to work on /opt/anaconda3/lib/python3.12/site-packages/airflow/example_dags/example_branch_day_of_week_operator.py
[2024-11-04T15:37:59.256-0800] {processor.py:914} INFO - Processing file /opt/anaconda3/lib/python3.12/site-packages/airflow/example_dags/example_branch_day_of_week_operator.py for tasks to queue
[2024-11-04T15:37:59.256-0800] {logging_mixin.py:190} INFO - [2024-11-04T15:37:59.256-0800] {dagbag.py:588} INFO - Filling up the DagBag from /opt/anaconda3/lib/python3.12/site-packages/airflow/example_dags/example_branch_day_of_week_operator.py
[2024-11-04T15:37:59.260-0800] {processor.py:925} INFO - DAG(s) 'example_weekday_branch_operator' retrieved from /opt/anaconda3/lib/python3.12/site-packages/airflow/example_dags/example_branch_day_of_week_operator.py
[2024-11-04T15:37:59.341-0800] {logging_mixin.py:190} INFO - [2024-11-04T15:37:59.341-0800] {dag.py:3239} INFO - Sync 1 DAGs
[2024-11-04T15:37:59.349-0800] {logging_mixin.py:190} INFO - [2024-11-04T15:37:59.349-0800] {dag.py:4180} INFO - Setting next_dagrun for example_weekday_branch_operator to 2024-11-03 00:00:00+00:00, run_after=2024-11-04 00:00:00+00:00
[2024-11-04T15:37:59.359-0800] {processor.py:208} INFO - Processing /opt/anaconda3/lib/python3.12/site-packages/airflow/example_dags/example_branch_day_of_week_operator.py took 0.105 seconds
[2024-11-04T15:55:29.547-0800] {processor.py:186} INFO - Started process (PID=59032) to work on /opt/anaconda3/lib/python3.12/site-packages/airflow/example_dags/example_branch_day_of_week_operator.py
[2024-11-04T15:55:29.548-0800] {processor.py:914} INFO - Processing file /opt/anaconda3/lib/python3.12/site-packages/airflow/example_dags/example_branch_day_of_week_operator.py for tasks to queue
[2024-11-04T15:55:29.548-0800] {logging_mixin.py:190} INFO - [2024-11-04T15:55:29.548-0800] {dagbag.py:588} INFO - Filling up the DagBag from /opt/anaconda3/lib/python3.12/site-packages/airflow/example_dags/example_branch_day_of_week_operator.py
[2024-11-04T15:55:29.552-0800] {processor.py:925} INFO - DAG(s) 'example_weekday_branch_operator' retrieved from /opt/anaconda3/lib/python3.12/site-packages/airflow/example_dags/example_branch_day_of_week_operator.py
[2024-11-04T15:55:29.600-0800] {logging_mixin.py:190} INFO - [2024-11-04T15:55:29.600-0800] {dag.py:3239} INFO - Sync 1 DAGs
[2024-11-04T15:55:29.609-0800] {logging_mixin.py:190} INFO - [2024-11-04T15:55:29.609-0800] {dag.py:4180} INFO - Setting next_dagrun for example_weekday_branch_operator to 2024-11-03 00:00:00+00:00, run_after=2024-11-04 00:00:00+00:00
[2024-11-04T15:55:29.619-0800] {processor.py:208} INFO - Processing /opt/anaconda3/lib/python3.12/site-packages/airflow/example_dags/example_branch_day_of_week_operator.py took 0.073 seconds
