[2024-11-04T12:43:29.064-0800] {processor.py:186} INFO - Started process (PID=50316) to work on /opt/anaconda3/lib/python3.12/site-packages/airflow/example_dags/example_branch_operator_decorator.py
[2024-11-04T12:43:29.064-0800] {processor.py:914} INFO - Processing file /opt/anaconda3/lib/python3.12/site-packages/airflow/example_dags/example_branch_operator_decorator.py for tasks to queue
[2024-11-04T12:43:29.065-0800] {logging_mixin.py:190} INFO - [2024-11-04T12:43:29.065-0800] {dagbag.py:588} INFO - Filling up the DagBag from /opt/anaconda3/lib/python3.12/site-packages/airflow/example_dags/example_branch_operator_decorator.py
[2024-11-04T12:43:29.074-0800] {processor.py:927} WARNING - No viable dags retrieved from /opt/anaconda3/lib/python3.12/site-packages/airflow/example_dags/example_branch_operator_decorator.py
[2024-11-04T12:43:29.101-0800] {processor.py:208} INFO - Processing /opt/anaconda3/lib/python3.12/site-packages/airflow/example_dags/example_branch_operator_decorator.py took 0.038 seconds
[2024-11-04T12:45:58.509-0800] {processor.py:186} INFO - Started process (PID=50529) to work on /opt/anaconda3/lib/python3.12/site-packages/airflow/example_dags/example_branch_operator_decorator.py
[2024-11-04T12:45:58.511-0800] {processor.py:914} INFO - Processing file /opt/anaconda3/lib/python3.12/site-packages/airflow/example_dags/example_branch_operator_decorator.py for tasks to queue
[2024-11-04T12:45:58.511-0800] {logging_mixin.py:190} INFO - [2024-11-04T12:45:58.511-0800] {dagbag.py:588} INFO - Filling up the DagBag from /opt/anaconda3/lib/python3.12/site-packages/airflow/example_dags/example_branch_operator_decorator.py
[2024-11-04T12:45:58.521-0800] {processor.py:927} WARNING - No viable dags retrieved from /opt/anaconda3/lib/python3.12/site-packages/airflow/example_dags/example_branch_operator_decorator.py
[2024-11-04T12:45:58.547-0800] {processor.py:208} INFO - Processing /opt/anaconda3/lib/python3.12/site-packages/airflow/example_dags/example_branch_operator_decorator.py took 0.040 seconds
[2024-11-04T12:48:28.182-0800] {processor.py:186} INFO - Started process (PID=50747) to work on /opt/anaconda3/lib/python3.12/site-packages/airflow/example_dags/example_branch_operator_decorator.py
[2024-11-04T12:48:28.183-0800] {processor.py:914} INFO - Processing file /opt/anaconda3/lib/python3.12/site-packages/airflow/example_dags/example_branch_operator_decorator.py for tasks to queue
[2024-11-04T12:48:28.184-0800] {logging_mixin.py:190} INFO - [2024-11-04T12:48:28.184-0800] {dagbag.py:588} INFO - Filling up the DagBag from /opt/anaconda3/lib/python3.12/site-packages/airflow/example_dags/example_branch_operator_decorator.py
[2024-11-04T12:48:28.192-0800] {processor.py:927} WARNING - No viable dags retrieved from /opt/anaconda3/lib/python3.12/site-packages/airflow/example_dags/example_branch_operator_decorator.py
[2024-11-04T12:48:28.220-0800] {processor.py:208} INFO - Processing /opt/anaconda3/lib/python3.12/site-packages/airflow/example_dags/example_branch_operator_decorator.py took 0.039 seconds
[2024-11-04T12:50:57.637-0800] {processor.py:186} INFO - Started process (PID=50964) to work on /opt/anaconda3/lib/python3.12/site-packages/airflow/example_dags/example_branch_operator_decorator.py
[2024-11-04T12:50:57.637-0800] {processor.py:914} INFO - Processing file /opt/anaconda3/lib/python3.12/site-packages/airflow/example_dags/example_branch_operator_decorator.py for tasks to queue
[2024-11-04T12:50:57.637-0800] {logging_mixin.py:190} INFO - [2024-11-04T12:50:57.637-0800] {dagbag.py:588} INFO - Filling up the DagBag from /opt/anaconda3/lib/python3.12/site-packages/airflow/example_dags/example_branch_operator_decorator.py
[2024-11-04T12:50:57.645-0800] {processor.py:927} WARNING - No viable dags retrieved from /opt/anaconda3/lib/python3.12/site-packages/airflow/example_dags/example_branch_operator_decorator.py
[2024-11-04T12:50:57.671-0800] {processor.py:208} INFO - Processing /opt/anaconda3/lib/python3.12/site-packages/airflow/example_dags/example_branch_operator_decorator.py took 0.035 seconds
[2024-11-04T12:53:27.276-0800] {processor.py:186} INFO - Started process (PID=51165) to work on /opt/anaconda3/lib/python3.12/site-packages/airflow/example_dags/example_branch_operator_decorator.py
[2024-11-04T12:53:27.277-0800] {processor.py:914} INFO - Processing file /opt/anaconda3/lib/python3.12/site-packages/airflow/example_dags/example_branch_operator_decorator.py for tasks to queue
[2024-11-04T12:53:27.277-0800] {logging_mixin.py:190} INFO - [2024-11-04T12:53:27.277-0800] {dagbag.py:588} INFO - Filling up the DagBag from /opt/anaconda3/lib/python3.12/site-packages/airflow/example_dags/example_branch_operator_decorator.py
[2024-11-04T12:53:27.285-0800] {processor.py:927} WARNING - No viable dags retrieved from /opt/anaconda3/lib/python3.12/site-packages/airflow/example_dags/example_branch_operator_decorator.py
[2024-11-04T12:53:27.314-0800] {processor.py:208} INFO - Processing /opt/anaconda3/lib/python3.12/site-packages/airflow/example_dags/example_branch_operator_decorator.py took 0.040 seconds
[2024-11-04T12:56:01.467-0800] {processor.py:186} INFO - Started process (PID=51336) to work on /opt/anaconda3/lib/python3.12/site-packages/airflow/example_dags/example_branch_operator_decorator.py
[2024-11-04T12:56:01.468-0800] {processor.py:914} INFO - Processing file /opt/anaconda3/lib/python3.12/site-packages/airflow/example_dags/example_branch_operator_decorator.py for tasks to queue
[2024-11-04T12:56:01.468-0800] {logging_mixin.py:190} INFO - [2024-11-04T12:56:01.468-0800] {dagbag.py:588} INFO - Filling up the DagBag from /opt/anaconda3/lib/python3.12/site-packages/airflow/example_dags/example_branch_operator_decorator.py
[2024-11-04T12:56:01.476-0800] {processor.py:927} WARNING - No viable dags retrieved from /opt/anaconda3/lib/python3.12/site-packages/airflow/example_dags/example_branch_operator_decorator.py
[2024-11-04T12:56:01.504-0800] {processor.py:208} INFO - Processing /opt/anaconda3/lib/python3.12/site-packages/airflow/example_dags/example_branch_operator_decorator.py took 0.038 seconds
[2024-11-04T12:58:27.859-0800] {processor.py:186} INFO - Started process (PID=51522) to work on /opt/anaconda3/lib/python3.12/site-packages/airflow/example_dags/example_branch_operator_decorator.py
[2024-11-04T12:58:27.859-0800] {processor.py:914} INFO - Processing file /opt/anaconda3/lib/python3.12/site-packages/airflow/example_dags/example_branch_operator_decorator.py for tasks to queue
[2024-11-04T12:58:27.860-0800] {logging_mixin.py:190} INFO - [2024-11-04T12:58:27.860-0800] {dagbag.py:588} INFO - Filling up the DagBag from /opt/anaconda3/lib/python3.12/site-packages/airflow/example_dags/example_branch_operator_decorator.py
[2024-11-04T12:58:27.868-0800] {processor.py:927} WARNING - No viable dags retrieved from /opt/anaconda3/lib/python3.12/site-packages/airflow/example_dags/example_branch_operator_decorator.py
[2024-11-04T12:58:27.895-0800] {processor.py:208} INFO - Processing /opt/anaconda3/lib/python3.12/site-packages/airflow/example_dags/example_branch_operator_decorator.py took 0.038 seconds
[2024-11-04T13:00:57.404-0800] {processor.py:186} INFO - Started process (PID=51725) to work on /opt/anaconda3/lib/python3.12/site-packages/airflow/example_dags/example_branch_operator_decorator.py
[2024-11-04T13:00:57.405-0800] {processor.py:914} INFO - Processing file /opt/anaconda3/lib/python3.12/site-packages/airflow/example_dags/example_branch_operator_decorator.py for tasks to queue
[2024-11-04T13:00:57.405-0800] {logging_mixin.py:190} INFO - [2024-11-04T13:00:57.405-0800] {dagbag.py:588} INFO - Filling up the DagBag from /opt/anaconda3/lib/python3.12/site-packages/airflow/example_dags/example_branch_operator_decorator.py
[2024-11-04T13:00:57.413-0800] {processor.py:927} WARNING - No viable dags retrieved from /opt/anaconda3/lib/python3.12/site-packages/airflow/example_dags/example_branch_operator_decorator.py
[2024-11-04T13:00:57.440-0800] {processor.py:208} INFO - Processing /opt/anaconda3/lib/python3.12/site-packages/airflow/example_dags/example_branch_operator_decorator.py took 0.037 seconds
[2024-11-04T13:03:26.610-0800] {processor.py:186} INFO - Started process (PID=51901) to work on /opt/anaconda3/lib/python3.12/site-packages/airflow/example_dags/example_branch_operator_decorator.py
[2024-11-04T13:03:26.611-0800] {processor.py:914} INFO - Processing file /opt/anaconda3/lib/python3.12/site-packages/airflow/example_dags/example_branch_operator_decorator.py for tasks to queue
[2024-11-04T13:03:26.611-0800] {logging_mixin.py:190} INFO - [2024-11-04T13:03:26.611-0800] {dagbag.py:588} INFO - Filling up the DagBag from /opt/anaconda3/lib/python3.12/site-packages/airflow/example_dags/example_branch_operator_decorator.py
[2024-11-04T13:03:26.620-0800] {processor.py:927} WARNING - No viable dags retrieved from /opt/anaconda3/lib/python3.12/site-packages/airflow/example_dags/example_branch_operator_decorator.py
[2024-11-04T13:03:26.648-0800] {processor.py:208} INFO - Processing /opt/anaconda3/lib/python3.12/site-packages/airflow/example_dags/example_branch_operator_decorator.py took 0.039 seconds
[2024-11-04T13:05:51.043-0800] {processor.py:186} INFO - Started process (PID=52133) to work on /opt/anaconda3/lib/python3.12/site-packages/airflow/example_dags/example_branch_operator_decorator.py
[2024-11-04T13:05:51.044-0800] {processor.py:914} INFO - Processing file /opt/anaconda3/lib/python3.12/site-packages/airflow/example_dags/example_branch_operator_decorator.py for tasks to queue
[2024-11-04T13:05:51.044-0800] {logging_mixin.py:190} INFO - [2024-11-04T13:05:51.044-0800] {dagbag.py:588} INFO - Filling up the DagBag from /opt/anaconda3/lib/python3.12/site-packages/airflow/example_dags/example_branch_operator_decorator.py
[2024-11-04T13:05:51.053-0800] {processor.py:927} WARNING - No viable dags retrieved from /opt/anaconda3/lib/python3.12/site-packages/airflow/example_dags/example_branch_operator_decorator.py
[2024-11-04T13:05:51.080-0800] {processor.py:208} INFO - Processing /opt/anaconda3/lib/python3.12/site-packages/airflow/example_dags/example_branch_operator_decorator.py took 0.038 seconds
[2024-11-04T13:08:15.916-0800] {processor.py:186} INFO - Started process (PID=52314) to work on /opt/anaconda3/lib/python3.12/site-packages/airflow/example_dags/example_branch_operator_decorator.py
[2024-11-04T13:08:15.917-0800] {processor.py:914} INFO - Processing file /opt/anaconda3/lib/python3.12/site-packages/airflow/example_dags/example_branch_operator_decorator.py for tasks to queue
[2024-11-04T13:08:15.918-0800] {logging_mixin.py:190} INFO - [2024-11-04T13:08:15.918-0800] {dagbag.py:588} INFO - Filling up the DagBag from /opt/anaconda3/lib/python3.12/site-packages/airflow/example_dags/example_branch_operator_decorator.py
[2024-11-04T13:08:15.926-0800] {processor.py:927} WARNING - No viable dags retrieved from /opt/anaconda3/lib/python3.12/site-packages/airflow/example_dags/example_branch_operator_decorator.py
[2024-11-04T13:08:15.954-0800] {processor.py:208} INFO - Processing /opt/anaconda3/lib/python3.12/site-packages/airflow/example_dags/example_branch_operator_decorator.py took 0.039 seconds
[2024-11-04T13:10:37.712-0800] {processor.py:186} INFO - Started process (PID=52509) to work on /opt/anaconda3/lib/python3.12/site-packages/airflow/example_dags/example_branch_operator_decorator.py
[2024-11-04T13:10:37.713-0800] {processor.py:914} INFO - Processing file /opt/anaconda3/lib/python3.12/site-packages/airflow/example_dags/example_branch_operator_decorator.py for tasks to queue
[2024-11-04T13:10:37.713-0800] {logging_mixin.py:190} INFO - [2024-11-04T13:10:37.713-0800] {dagbag.py:588} INFO - Filling up the DagBag from /opt/anaconda3/lib/python3.12/site-packages/airflow/example_dags/example_branch_operator_decorator.py
[2024-11-04T13:10:37.721-0800] {processor.py:927} WARNING - No viable dags retrieved from /opt/anaconda3/lib/python3.12/site-packages/airflow/example_dags/example_branch_operator_decorator.py
[2024-11-04T13:10:37.750-0800] {processor.py:208} INFO - Processing /opt/anaconda3/lib/python3.12/site-packages/airflow/example_dags/example_branch_operator_decorator.py took 0.039 seconds
[2024-11-04T13:13:01.351-0800] {processor.py:186} INFO - Started process (PID=52698) to work on /opt/anaconda3/lib/python3.12/site-packages/airflow/example_dags/example_branch_operator_decorator.py
[2024-11-04T13:13:01.353-0800] {processor.py:914} INFO - Processing file /opt/anaconda3/lib/python3.12/site-packages/airflow/example_dags/example_branch_operator_decorator.py for tasks to queue
[2024-11-04T13:13:01.353-0800] {logging_mixin.py:190} INFO - [2024-11-04T13:13:01.353-0800] {dagbag.py:588} INFO - Filling up the DagBag from /opt/anaconda3/lib/python3.12/site-packages/airflow/example_dags/example_branch_operator_decorator.py
[2024-11-04T13:13:01.363-0800] {processor.py:927} WARNING - No viable dags retrieved from /opt/anaconda3/lib/python3.12/site-packages/airflow/example_dags/example_branch_operator_decorator.py
[2024-11-04T13:13:01.390-0800] {processor.py:208} INFO - Processing /opt/anaconda3/lib/python3.12/site-packages/airflow/example_dags/example_branch_operator_decorator.py took 0.040 seconds
[2024-11-04T13:15:19.665-0800] {processor.py:186} INFO - Started process (PID=52877) to work on /opt/anaconda3/lib/python3.12/site-packages/airflow/example_dags/example_branch_operator_decorator.py
[2024-11-04T13:15:19.666-0800] {processor.py:914} INFO - Processing file /opt/anaconda3/lib/python3.12/site-packages/airflow/example_dags/example_branch_operator_decorator.py for tasks to queue
[2024-11-04T13:15:19.667-0800] {logging_mixin.py:190} INFO - [2024-11-04T13:15:19.667-0800] {dagbag.py:588} INFO - Filling up the DagBag from /opt/anaconda3/lib/python3.12/site-packages/airflow/example_dags/example_branch_operator_decorator.py
[2024-11-04T13:15:19.674-0800] {processor.py:927} WARNING - No viable dags retrieved from /opt/anaconda3/lib/python3.12/site-packages/airflow/example_dags/example_branch_operator_decorator.py
[2024-11-04T13:15:19.700-0800] {processor.py:208} INFO - Processing /opt/anaconda3/lib/python3.12/site-packages/airflow/example_dags/example_branch_operator_decorator.py took 0.036 seconds
[2024-11-04T13:17:43.072-0800] {processor.py:186} INFO - Started process (PID=53047) to work on /opt/anaconda3/lib/python3.12/site-packages/airflow/example_dags/example_branch_operator_decorator.py
[2024-11-04T13:17:43.072-0800] {processor.py:914} INFO - Processing file /opt/anaconda3/lib/python3.12/site-packages/airflow/example_dags/example_branch_operator_decorator.py for tasks to queue
[2024-11-04T13:17:43.073-0800] {logging_mixin.py:190} INFO - [2024-11-04T13:17:43.073-0800] {dagbag.py:588} INFO - Filling up the DagBag from /opt/anaconda3/lib/python3.12/site-packages/airflow/example_dags/example_branch_operator_decorator.py
[2024-11-04T13:17:43.080-0800] {processor.py:927} WARNING - No viable dags retrieved from /opt/anaconda3/lib/python3.12/site-packages/airflow/example_dags/example_branch_operator_decorator.py
[2024-11-04T13:17:43.107-0800] {processor.py:208} INFO - Processing /opt/anaconda3/lib/python3.12/site-packages/airflow/example_dags/example_branch_operator_decorator.py took 0.037 seconds
[2024-11-04T13:20:08.128-0800] {processor.py:186} INFO - Started process (PID=53227) to work on /opt/anaconda3/lib/python3.12/site-packages/airflow/example_dags/example_branch_operator_decorator.py
[2024-11-04T13:20:08.129-0800] {processor.py:914} INFO - Processing file /opt/anaconda3/lib/python3.12/site-packages/airflow/example_dags/example_branch_operator_decorator.py for tasks to queue
[2024-11-04T13:20:08.129-0800] {logging_mixin.py:190} INFO - [2024-11-04T13:20:08.129-0800] {dagbag.py:588} INFO - Filling up the DagBag from /opt/anaconda3/lib/python3.12/site-packages/airflow/example_dags/example_branch_operator_decorator.py
[2024-11-04T13:20:08.137-0800] {processor.py:927} WARNING - No viable dags retrieved from /opt/anaconda3/lib/python3.12/site-packages/airflow/example_dags/example_branch_operator_decorator.py
[2024-11-04T13:20:08.163-0800] {processor.py:208} INFO - Processing /opt/anaconda3/lib/python3.12/site-packages/airflow/example_dags/example_branch_operator_decorator.py took 0.036 seconds
[2024-11-04T13:22:32.399-0800] {processor.py:186} INFO - Started process (PID=53390) to work on /opt/anaconda3/lib/python3.12/site-packages/airflow/example_dags/example_branch_operator_decorator.py
[2024-11-04T13:22:32.400-0800] {processor.py:914} INFO - Processing file /opt/anaconda3/lib/python3.12/site-packages/airflow/example_dags/example_branch_operator_decorator.py for tasks to queue
[2024-11-04T13:22:32.400-0800] {logging_mixin.py:190} INFO - [2024-11-04T13:22:32.400-0800] {dagbag.py:588} INFO - Filling up the DagBag from /opt/anaconda3/lib/python3.12/site-packages/airflow/example_dags/example_branch_operator_decorator.py
[2024-11-04T13:22:32.408-0800] {processor.py:927} WARNING - No viable dags retrieved from /opt/anaconda3/lib/python3.12/site-packages/airflow/example_dags/example_branch_operator_decorator.py
[2024-11-04T13:22:32.438-0800] {processor.py:208} INFO - Processing /opt/anaconda3/lib/python3.12/site-packages/airflow/example_dags/example_branch_operator_decorator.py took 0.040 seconds
[2024-11-04T13:24:54.321-0800] {processor.py:186} INFO - Started process (PID=53574) to work on /opt/anaconda3/lib/python3.12/site-packages/airflow/example_dags/example_branch_operator_decorator.py
[2024-11-04T13:24:54.322-0800] {processor.py:914} INFO - Processing file /opt/anaconda3/lib/python3.12/site-packages/airflow/example_dags/example_branch_operator_decorator.py for tasks to queue
[2024-11-04T13:24:54.322-0800] {logging_mixin.py:190} INFO - [2024-11-04T13:24:54.322-0800] {dagbag.py:588} INFO - Filling up the DagBag from /opt/anaconda3/lib/python3.12/site-packages/airflow/example_dags/example_branch_operator_decorator.py
[2024-11-04T13:24:54.330-0800] {processor.py:927} WARNING - No viable dags retrieved from /opt/anaconda3/lib/python3.12/site-packages/airflow/example_dags/example_branch_operator_decorator.py
[2024-11-04T13:24:54.355-0800] {processor.py:208} INFO - Processing /opt/anaconda3/lib/python3.12/site-packages/airflow/example_dags/example_branch_operator_decorator.py took 0.036 seconds
[2024-11-04T13:27:18.221-0800] {processor.py:186} INFO - Started process (PID=53752) to work on /opt/anaconda3/lib/python3.12/site-packages/airflow/example_dags/example_branch_operator_decorator.py
[2024-11-04T13:27:18.222-0800] {processor.py:914} INFO - Processing file /opt/anaconda3/lib/python3.12/site-packages/airflow/example_dags/example_branch_operator_decorator.py for tasks to queue
[2024-11-04T13:27:18.222-0800] {logging_mixin.py:190} INFO - [2024-11-04T13:27:18.222-0800] {dagbag.py:588} INFO - Filling up the DagBag from /opt/anaconda3/lib/python3.12/site-packages/airflow/example_dags/example_branch_operator_decorator.py
[2024-11-04T13:27:18.230-0800] {processor.py:927} WARNING - No viable dags retrieved from /opt/anaconda3/lib/python3.12/site-packages/airflow/example_dags/example_branch_operator_decorator.py
[2024-11-04T13:27:18.257-0800] {processor.py:208} INFO - Processing /opt/anaconda3/lib/python3.12/site-packages/airflow/example_dags/example_branch_operator_decorator.py took 0.036 seconds
[2024-11-04T13:29:41.215-0800] {processor.py:186} INFO - Started process (PID=53937) to work on /opt/anaconda3/lib/python3.12/site-packages/airflow/example_dags/example_branch_operator_decorator.py
[2024-11-04T13:29:41.216-0800] {processor.py:914} INFO - Processing file /opt/anaconda3/lib/python3.12/site-packages/airflow/example_dags/example_branch_operator_decorator.py for tasks to queue
[2024-11-04T13:29:41.216-0800] {logging_mixin.py:190} INFO - [2024-11-04T13:29:41.216-0800] {dagbag.py:588} INFO - Filling up the DagBag from /opt/anaconda3/lib/python3.12/site-packages/airflow/example_dags/example_branch_operator_decorator.py
[2024-11-04T13:29:41.224-0800] {processor.py:927} WARNING - No viable dags retrieved from /opt/anaconda3/lib/python3.12/site-packages/airflow/example_dags/example_branch_operator_decorator.py
[2024-11-04T13:29:41.255-0800] {processor.py:208} INFO - Processing /opt/anaconda3/lib/python3.12/site-packages/airflow/example_dags/example_branch_operator_decorator.py took 0.041 seconds
[2024-11-04T13:32:06.798-0800] {processor.py:186} INFO - Started process (PID=54101) to work on /opt/anaconda3/lib/python3.12/site-packages/airflow/example_dags/example_branch_operator_decorator.py
[2024-11-04T13:32:06.800-0800] {processor.py:914} INFO - Processing file /opt/anaconda3/lib/python3.12/site-packages/airflow/example_dags/example_branch_operator_decorator.py for tasks to queue
[2024-11-04T13:32:06.800-0800] {logging_mixin.py:190} INFO - [2024-11-04T13:32:06.800-0800] {dagbag.py:588} INFO - Filling up the DagBag from /opt/anaconda3/lib/python3.12/site-packages/airflow/example_dags/example_branch_operator_decorator.py
[2024-11-04T13:32:06.815-0800] {processor.py:927} WARNING - No viable dags retrieved from /opt/anaconda3/lib/python3.12/site-packages/airflow/example_dags/example_branch_operator_decorator.py
[2024-11-04T13:32:06.869-0800] {processor.py:208} INFO - Processing /opt/anaconda3/lib/python3.12/site-packages/airflow/example_dags/example_branch_operator_decorator.py took 0.074 seconds
[2024-11-04T13:34:31.923-0800] {processor.py:186} INFO - Started process (PID=54305) to work on /opt/anaconda3/lib/python3.12/site-packages/airflow/example_dags/example_branch_operator_decorator.py
[2024-11-04T13:34:31.925-0800] {processor.py:914} INFO - Processing file /opt/anaconda3/lib/python3.12/site-packages/airflow/example_dags/example_branch_operator_decorator.py for tasks to queue
[2024-11-04T13:34:31.925-0800] {logging_mixin.py:190} INFO - [2024-11-04T13:34:31.925-0800] {dagbag.py:588} INFO - Filling up the DagBag from /opt/anaconda3/lib/python3.12/site-packages/airflow/example_dags/example_branch_operator_decorator.py
[2024-11-04T13:34:31.933-0800] {processor.py:927} WARNING - No viable dags retrieved from /opt/anaconda3/lib/python3.12/site-packages/airflow/example_dags/example_branch_operator_decorator.py
[2024-11-04T13:34:31.958-0800] {processor.py:208} INFO - Processing /opt/anaconda3/lib/python3.12/site-packages/airflow/example_dags/example_branch_operator_decorator.py took 0.036 seconds
[2024-11-04T13:36:52.044-0800] {processor.py:186} INFO - Started process (PID=54487) to work on /opt/anaconda3/lib/python3.12/site-packages/airflow/example_dags/example_branch_operator_decorator.py
[2024-11-04T13:36:52.047-0800] {processor.py:914} INFO - Processing file /opt/anaconda3/lib/python3.12/site-packages/airflow/example_dags/example_branch_operator_decorator.py for tasks to queue
[2024-11-04T13:36:52.047-0800] {logging_mixin.py:190} INFO - [2024-11-04T13:36:52.047-0800] {dagbag.py:588} INFO - Filling up the DagBag from /opt/anaconda3/lib/python3.12/site-packages/airflow/example_dags/example_branch_operator_decorator.py
[2024-11-04T13:36:52.055-0800] {processor.py:927} WARNING - No viable dags retrieved from /opt/anaconda3/lib/python3.12/site-packages/airflow/example_dags/example_branch_operator_decorator.py
[2024-11-04T13:36:52.081-0800] {processor.py:208} INFO - Processing /opt/anaconda3/lib/python3.12/site-packages/airflow/example_dags/example_branch_operator_decorator.py took 0.037 seconds
[2024-11-04T13:39:15.209-0800] {processor.py:186} INFO - Started process (PID=54674) to work on /opt/anaconda3/lib/python3.12/site-packages/airflow/example_dags/example_branch_operator_decorator.py
[2024-11-04T13:39:15.210-0800] {processor.py:914} INFO - Processing file /opt/anaconda3/lib/python3.12/site-packages/airflow/example_dags/example_branch_operator_decorator.py for tasks to queue
[2024-11-04T13:39:15.210-0800] {logging_mixin.py:190} INFO - [2024-11-04T13:39:15.210-0800] {dagbag.py:588} INFO - Filling up the DagBag from /opt/anaconda3/lib/python3.12/site-packages/airflow/example_dags/example_branch_operator_decorator.py
[2024-11-04T13:39:15.219-0800] {processor.py:927} WARNING - No viable dags retrieved from /opt/anaconda3/lib/python3.12/site-packages/airflow/example_dags/example_branch_operator_decorator.py
[2024-11-04T13:39:15.249-0800] {processor.py:208} INFO - Processing /opt/anaconda3/lib/python3.12/site-packages/airflow/example_dags/example_branch_operator_decorator.py took 0.041 seconds
[2024-11-04T13:41:37.676-0800] {processor.py:186} INFO - Started process (PID=54848) to work on /opt/anaconda3/lib/python3.12/site-packages/airflow/example_dags/example_branch_operator_decorator.py
[2024-11-04T13:41:37.677-0800] {processor.py:914} INFO - Processing file /opt/anaconda3/lib/python3.12/site-packages/airflow/example_dags/example_branch_operator_decorator.py for tasks to queue
[2024-11-04T13:41:37.677-0800] {logging_mixin.py:190} INFO - [2024-11-04T13:41:37.677-0800] {dagbag.py:588} INFO - Filling up the DagBag from /opt/anaconda3/lib/python3.12/site-packages/airflow/example_dags/example_branch_operator_decorator.py
[2024-11-04T13:41:37.685-0800] {processor.py:927} WARNING - No viable dags retrieved from /opt/anaconda3/lib/python3.12/site-packages/airflow/example_dags/example_branch_operator_decorator.py
[2024-11-04T13:41:37.717-0800] {processor.py:208} INFO - Processing /opt/anaconda3/lib/python3.12/site-packages/airflow/example_dags/example_branch_operator_decorator.py took 0.043 seconds
[2024-11-04T13:44:04.035-0800] {processor.py:186} INFO - Started process (PID=55018) to work on /opt/anaconda3/lib/python3.12/site-packages/airflow/example_dags/example_branch_operator_decorator.py
[2024-11-04T13:44:04.036-0800] {processor.py:914} INFO - Processing file /opt/anaconda3/lib/python3.12/site-packages/airflow/example_dags/example_branch_operator_decorator.py for tasks to queue
[2024-11-04T13:44:04.036-0800] {logging_mixin.py:190} INFO - [2024-11-04T13:44:04.036-0800] {dagbag.py:588} INFO - Filling up the DagBag from /opt/anaconda3/lib/python3.12/site-packages/airflow/example_dags/example_branch_operator_decorator.py
[2024-11-04T13:44:04.044-0800] {processor.py:927} WARNING - No viable dags retrieved from /opt/anaconda3/lib/python3.12/site-packages/airflow/example_dags/example_branch_operator_decorator.py
[2024-11-04T13:44:04.069-0800] {processor.py:208} INFO - Processing /opt/anaconda3/lib/python3.12/site-packages/airflow/example_dags/example_branch_operator_decorator.py took 0.035 seconds
[2024-11-04T13:46:29.056-0800] {processor.py:186} INFO - Started process (PID=55190) to work on /opt/anaconda3/lib/python3.12/site-packages/airflow/example_dags/example_branch_operator_decorator.py
[2024-11-04T13:46:29.057-0800] {processor.py:914} INFO - Processing file /opt/anaconda3/lib/python3.12/site-packages/airflow/example_dags/example_branch_operator_decorator.py for tasks to queue
[2024-11-04T13:46:29.058-0800] {logging_mixin.py:190} INFO - [2024-11-04T13:46:29.058-0800] {dagbag.py:588} INFO - Filling up the DagBag from /opt/anaconda3/lib/python3.12/site-packages/airflow/example_dags/example_branch_operator_decorator.py
[2024-11-04T13:46:29.065-0800] {processor.py:927} WARNING - No viable dags retrieved from /opt/anaconda3/lib/python3.12/site-packages/airflow/example_dags/example_branch_operator_decorator.py
[2024-11-04T13:46:29.091-0800] {processor.py:208} INFO - Processing /opt/anaconda3/lib/python3.12/site-packages/airflow/example_dags/example_branch_operator_decorator.py took 0.036 seconds
[2024-11-04T13:48:46.231-0800] {processor.py:186} INFO - Started process (PID=55364) to work on /opt/anaconda3/lib/python3.12/site-packages/airflow/example_dags/example_branch_operator_decorator.py
[2024-11-04T13:48:46.232-0800] {processor.py:914} INFO - Processing file /opt/anaconda3/lib/python3.12/site-packages/airflow/example_dags/example_branch_operator_decorator.py for tasks to queue
[2024-11-04T13:48:46.232-0800] {logging_mixin.py:190} INFO - [2024-11-04T13:48:46.232-0800] {dagbag.py:588} INFO - Filling up the DagBag from /opt/anaconda3/lib/python3.12/site-packages/airflow/example_dags/example_branch_operator_decorator.py
[2024-11-04T13:48:46.240-0800] {processor.py:927} WARNING - No viable dags retrieved from /opt/anaconda3/lib/python3.12/site-packages/airflow/example_dags/example_branch_operator_decorator.py
[2024-11-04T13:48:46.265-0800] {processor.py:208} INFO - Processing /opt/anaconda3/lib/python3.12/site-packages/airflow/example_dags/example_branch_operator_decorator.py took 0.036 seconds
[2024-11-04T13:51:09.728-0800] {processor.py:186} INFO - Started process (PID=55543) to work on /opt/anaconda3/lib/python3.12/site-packages/airflow/example_dags/example_branch_operator_decorator.py
[2024-11-04T13:51:09.729-0800] {processor.py:914} INFO - Processing file /opt/anaconda3/lib/python3.12/site-packages/airflow/example_dags/example_branch_operator_decorator.py for tasks to queue
[2024-11-04T13:51:09.729-0800] {logging_mixin.py:190} INFO - [2024-11-04T13:51:09.729-0800] {dagbag.py:588} INFO - Filling up the DagBag from /opt/anaconda3/lib/python3.12/site-packages/airflow/example_dags/example_branch_operator_decorator.py
[2024-11-04T13:51:09.737-0800] {processor.py:927} WARNING - No viable dags retrieved from /opt/anaconda3/lib/python3.12/site-packages/airflow/example_dags/example_branch_operator_decorator.py
[2024-11-04T13:51:09.766-0800] {processor.py:208} INFO - Processing /opt/anaconda3/lib/python3.12/site-packages/airflow/example_dags/example_branch_operator_decorator.py took 0.039 seconds
[2024-11-04T13:53:40.258-0800] {processor.py:186} INFO - Started process (PID=55721) to work on /opt/anaconda3/lib/python3.12/site-packages/airflow/example_dags/example_branch_operator_decorator.py
[2024-11-04T13:53:40.259-0800] {processor.py:914} INFO - Processing file /opt/anaconda3/lib/python3.12/site-packages/airflow/example_dags/example_branch_operator_decorator.py for tasks to queue
[2024-11-04T13:53:40.259-0800] {logging_mixin.py:190} INFO - [2024-11-04T13:53:40.259-0800] {dagbag.py:588} INFO - Filling up the DagBag from /opt/anaconda3/lib/python3.12/site-packages/airflow/example_dags/example_branch_operator_decorator.py
[2024-11-04T13:53:40.267-0800] {processor.py:927} WARNING - No viable dags retrieved from /opt/anaconda3/lib/python3.12/site-packages/airflow/example_dags/example_branch_operator_decorator.py
[2024-11-04T13:53:40.293-0800] {processor.py:208} INFO - Processing /opt/anaconda3/lib/python3.12/site-packages/airflow/example_dags/example_branch_operator_decorator.py took 0.036 seconds
[2024-11-04T13:56:09.362-0800] {processor.py:186} INFO - Started process (PID=55913) to work on /opt/anaconda3/lib/python3.12/site-packages/airflow/example_dags/example_branch_operator_decorator.py
[2024-11-04T13:56:09.363-0800] {processor.py:914} INFO - Processing file /opt/anaconda3/lib/python3.12/site-packages/airflow/example_dags/example_branch_operator_decorator.py for tasks to queue
[2024-11-04T13:56:09.364-0800] {logging_mixin.py:190} INFO - [2024-11-04T13:56:09.364-0800] {dagbag.py:588} INFO - Filling up the DagBag from /opt/anaconda3/lib/python3.12/site-packages/airflow/example_dags/example_branch_operator_decorator.py
[2024-11-04T13:56:09.378-0800] {processor.py:927} WARNING - No viable dags retrieved from /opt/anaconda3/lib/python3.12/site-packages/airflow/example_dags/example_branch_operator_decorator.py
[2024-11-04T13:56:09.405-0800] {processor.py:208} INFO - Processing /opt/anaconda3/lib/python3.12/site-packages/airflow/example_dags/example_branch_operator_decorator.py took 0.044 seconds
[2024-11-04T13:58:37.963-0800] {processor.py:186} INFO - Started process (PID=56096) to work on /opt/anaconda3/lib/python3.12/site-packages/airflow/example_dags/example_branch_operator_decorator.py
[2024-11-04T13:58:37.965-0800] {processor.py:914} INFO - Processing file /opt/anaconda3/lib/python3.12/site-packages/airflow/example_dags/example_branch_operator_decorator.py for tasks to queue
[2024-11-04T13:58:37.965-0800] {logging_mixin.py:190} INFO - [2024-11-04T13:58:37.965-0800] {dagbag.py:588} INFO - Filling up the DagBag from /opt/anaconda3/lib/python3.12/site-packages/airflow/example_dags/example_branch_operator_decorator.py
[2024-11-04T13:58:37.973-0800] {processor.py:927} WARNING - No viable dags retrieved from /opt/anaconda3/lib/python3.12/site-packages/airflow/example_dags/example_branch_operator_decorator.py
[2024-11-04T13:58:37.999-0800] {processor.py:208} INFO - Processing /opt/anaconda3/lib/python3.12/site-packages/airflow/example_dags/example_branch_operator_decorator.py took 0.036 seconds
[2024-11-04T14:01:06.173-0800] {processor.py:186} INFO - Started process (PID=56329) to work on /opt/anaconda3/lib/python3.12/site-packages/airflow/example_dags/example_branch_operator_decorator.py
[2024-11-04T14:01:06.174-0800] {processor.py:914} INFO - Processing file /opt/anaconda3/lib/python3.12/site-packages/airflow/example_dags/example_branch_operator_decorator.py for tasks to queue
[2024-11-04T14:01:06.174-0800] {logging_mixin.py:190} INFO - [2024-11-04T14:01:06.174-0800] {dagbag.py:588} INFO - Filling up the DagBag from /opt/anaconda3/lib/python3.12/site-packages/airflow/example_dags/example_branch_operator_decorator.py
[2024-11-04T14:01:06.183-0800] {processor.py:927} WARNING - No viable dags retrieved from /opt/anaconda3/lib/python3.12/site-packages/airflow/example_dags/example_branch_operator_decorator.py
[2024-11-04T14:01:06.210-0800] {processor.py:208} INFO - Processing /opt/anaconda3/lib/python3.12/site-packages/airflow/example_dags/example_branch_operator_decorator.py took 0.038 seconds
[2024-11-04T14:03:31.431-0800] {processor.py:186} INFO - Started process (PID=56536) to work on /opt/anaconda3/lib/python3.12/site-packages/airflow/example_dags/example_branch_operator_decorator.py
[2024-11-04T14:03:31.432-0800] {processor.py:914} INFO - Processing file /opt/anaconda3/lib/python3.12/site-packages/airflow/example_dags/example_branch_operator_decorator.py for tasks to queue
[2024-11-04T14:03:31.432-0800] {logging_mixin.py:190} INFO - [2024-11-04T14:03:31.432-0800] {dagbag.py:588} INFO - Filling up the DagBag from /opt/anaconda3/lib/python3.12/site-packages/airflow/example_dags/example_branch_operator_decorator.py
[2024-11-04T14:03:31.440-0800] {processor.py:927} WARNING - No viable dags retrieved from /opt/anaconda3/lib/python3.12/site-packages/airflow/example_dags/example_branch_operator_decorator.py
[2024-11-04T14:03:31.465-0800] {processor.py:208} INFO - Processing /opt/anaconda3/lib/python3.12/site-packages/airflow/example_dags/example_branch_operator_decorator.py took 0.036 seconds
[2024-11-04T14:05:57.287-0800] {processor.py:186} INFO - Started process (PID=56803) to work on /opt/anaconda3/lib/python3.12/site-packages/airflow/example_dags/example_branch_operator_decorator.py
[2024-11-04T14:05:57.289-0800] {processor.py:914} INFO - Processing file /opt/anaconda3/lib/python3.12/site-packages/airflow/example_dags/example_branch_operator_decorator.py for tasks to queue
[2024-11-04T14:05:57.289-0800] {logging_mixin.py:190} INFO - [2024-11-04T14:05:57.289-0800] {dagbag.py:588} INFO - Filling up the DagBag from /opt/anaconda3/lib/python3.12/site-packages/airflow/example_dags/example_branch_operator_decorator.py
[2024-11-04T14:05:57.297-0800] {processor.py:927} WARNING - No viable dags retrieved from /opt/anaconda3/lib/python3.12/site-packages/airflow/example_dags/example_branch_operator_decorator.py
[2024-11-04T14:05:57.322-0800] {processor.py:208} INFO - Processing /opt/anaconda3/lib/python3.12/site-packages/airflow/example_dags/example_branch_operator_decorator.py took 0.036 seconds
[2024-11-04T14:08:20.354-0800] {processor.py:186} INFO - Started process (PID=57014) to work on /opt/anaconda3/lib/python3.12/site-packages/airflow/example_dags/example_branch_operator_decorator.py
[2024-11-04T14:08:20.355-0800] {processor.py:914} INFO - Processing file /opt/anaconda3/lib/python3.12/site-packages/airflow/example_dags/example_branch_operator_decorator.py for tasks to queue
[2024-11-04T14:08:20.356-0800] {logging_mixin.py:190} INFO - [2024-11-04T14:08:20.356-0800] {dagbag.py:588} INFO - Filling up the DagBag from /opt/anaconda3/lib/python3.12/site-packages/airflow/example_dags/example_branch_operator_decorator.py
[2024-11-04T14:08:20.363-0800] {processor.py:927} WARNING - No viable dags retrieved from /opt/anaconda3/lib/python3.12/site-packages/airflow/example_dags/example_branch_operator_decorator.py
[2024-11-04T14:08:20.389-0800] {processor.py:208} INFO - Processing /opt/anaconda3/lib/python3.12/site-packages/airflow/example_dags/example_branch_operator_decorator.py took 0.036 seconds
[2024-11-04T14:21:40.745-0800] {processor.py:186} INFO - Started process (PID=57879) to work on /opt/anaconda3/lib/python3.12/site-packages/airflow/example_dags/example_branch_operator_decorator.py
[2024-11-04T14:21:40.746-0800] {processor.py:914} INFO - Processing file /opt/anaconda3/lib/python3.12/site-packages/airflow/example_dags/example_branch_operator_decorator.py for tasks to queue
[2024-11-04T14:21:40.747-0800] {logging_mixin.py:190} INFO - [2024-11-04T14:21:40.747-0800] {dagbag.py:588} INFO - Filling up the DagBag from /opt/anaconda3/lib/python3.12/site-packages/airflow/example_dags/example_branch_operator_decorator.py
[2024-11-04T14:21:40.750-0800] {processor.py:927} WARNING - No viable dags retrieved from /opt/anaconda3/lib/python3.12/site-packages/airflow/example_dags/example_branch_operator_decorator.py
[2024-11-04T14:21:40.793-0800] {processor.py:208} INFO - Processing /opt/anaconda3/lib/python3.12/site-packages/airflow/example_dags/example_branch_operator_decorator.py took 0.049 seconds
[2024-11-04T14:32:05.037-0800] {processor.py:186} INFO - Started process (PID=58561) to work on /opt/anaconda3/lib/python3.12/site-packages/airflow/example_dags/example_branch_operator_decorator.py
[2024-11-04T14:32:05.037-0800] {processor.py:914} INFO - Processing file /opt/anaconda3/lib/python3.12/site-packages/airflow/example_dags/example_branch_operator_decorator.py for tasks to queue
[2024-11-04T14:32:05.038-0800] {logging_mixin.py:190} INFO - [2024-11-04T14:32:05.038-0800] {dagbag.py:588} INFO - Filling up the DagBag from /opt/anaconda3/lib/python3.12/site-packages/airflow/example_dags/example_branch_operator_decorator.py
[2024-11-04T14:32:05.042-0800] {processor.py:927} WARNING - No viable dags retrieved from /opt/anaconda3/lib/python3.12/site-packages/airflow/example_dags/example_branch_operator_decorator.py
[2024-11-04T14:32:05.086-0800] {processor.py:208} INFO - Processing /opt/anaconda3/lib/python3.12/site-packages/airflow/example_dags/example_branch_operator_decorator.py took 0.051 seconds
[2024-11-04T15:37:44.580-0800] {processor.py:186} INFO - Started process (PID=58758) to work on /opt/anaconda3/lib/python3.12/site-packages/airflow/example_dags/example_branch_operator_decorator.py
[2024-11-04T15:37:44.581-0800] {processor.py:914} INFO - Processing file /opt/anaconda3/lib/python3.12/site-packages/airflow/example_dags/example_branch_operator_decorator.py for tasks to queue
[2024-11-04T15:37:44.581-0800] {logging_mixin.py:190} INFO - [2024-11-04T15:37:44.581-0800] {dagbag.py:588} INFO - Filling up the DagBag from /opt/anaconda3/lib/python3.12/site-packages/airflow/example_dags/example_branch_operator_decorator.py
[2024-11-04T15:37:44.585-0800] {processor.py:927} WARNING - No viable dags retrieved from /opt/anaconda3/lib/python3.12/site-packages/airflow/example_dags/example_branch_operator_decorator.py
[2024-11-04T15:37:44.626-0800] {processor.py:208} INFO - Processing /opt/anaconda3/lib/python3.12/site-packages/airflow/example_dags/example_branch_operator_decorator.py took 0.047 seconds
[2024-11-04T15:55:00.913-0800] {processor.py:186} INFO - Started process (PID=58885) to work on /opt/anaconda3/lib/python3.12/site-packages/airflow/example_dags/example_branch_operator_decorator.py
[2024-11-04T15:55:00.947-0800] {processor.py:914} INFO - Processing file /opt/anaconda3/lib/python3.12/site-packages/airflow/example_dags/example_branch_operator_decorator.py for tasks to queue
[2024-11-04T15:55:00.948-0800] {logging_mixin.py:190} INFO - [2024-11-04T15:55:00.948-0800] {dagbag.py:588} INFO - Filling up the DagBag from /opt/anaconda3/lib/python3.12/site-packages/airflow/example_dags/example_branch_operator_decorator.py
[2024-11-04T15:55:00.954-0800] {processor.py:927} WARNING - No viable dags retrieved from /opt/anaconda3/lib/python3.12/site-packages/airflow/example_dags/example_branch_operator_decorator.py
[2024-11-04T15:55:01.002-0800] {processor.py:208} INFO - Processing /opt/anaconda3/lib/python3.12/site-packages/airflow/example_dags/example_branch_operator_decorator.py took 0.090 seconds
[2024-11-04T15:55:32.441-0800] {processor.py:186} INFO - Started process (PID=59045) to work on /opt/anaconda3/lib/python3.12/site-packages/airflow/example_dags/example_branch_operator_decorator.py
[2024-11-04T15:55:32.442-0800] {processor.py:914} INFO - Processing file /opt/anaconda3/lib/python3.12/site-packages/airflow/example_dags/example_branch_operator_decorator.py for tasks to queue
[2024-11-04T15:55:32.442-0800] {logging_mixin.py:190} INFO - [2024-11-04T15:55:32.442-0800] {dagbag.py:588} INFO - Filling up the DagBag from /opt/anaconda3/lib/python3.12/site-packages/airflow/example_dags/example_branch_operator_decorator.py
[2024-11-04T15:55:32.446-0800] {processor.py:927} WARNING - No viable dags retrieved from /opt/anaconda3/lib/python3.12/site-packages/airflow/example_dags/example_branch_operator_decorator.py
[2024-11-04T15:55:32.488-0800] {processor.py:208} INFO - Processing /opt/anaconda3/lib/python3.12/site-packages/airflow/example_dags/example_branch_operator_decorator.py took 0.048 seconds
