[2024-11-04T12:43:20.911-0800] {processor.py:186} INFO - Started process (PID=50306) to work on /opt/anaconda3/lib/python3.12/site-packages/airflow/example_dags/example_dataset_alias.py
[2024-11-04T12:43:20.912-0800] {processor.py:914} INFO - Processing file /opt/anaconda3/lib/python3.12/site-packages/airflow/example_dags/example_dataset_alias.py for tasks to queue
[2024-11-04T12:43:20.912-0800] {logging_mixin.py:190} INFO - [2024-11-04T12:43:20.912-0800] {dagbag.py:588} INFO - Filling up the DagBag from /opt/anaconda3/lib/python3.12/site-packages/airflow/example_dags/example_dataset_alias.py
[2024-11-04T12:43:20.969-0800] {processor.py:925} INFO - DAG(s) 'dataset_s3_bucket_consumer', 'dataset_s3_bucket_producer', 'dataset_alias_example_alias_producer', 'dataset_alias_example_alias_consumer' retrieved from /opt/anaconda3/lib/python3.12/site-packages/airflow/example_dags/example_dataset_alias.py
[2024-11-04T12:43:21.017-0800] {logging_mixin.py:190} INFO - [2024-11-04T12:43:21.016-0800] {dag.py:3239} INFO - Sync 4 DAGs
[2024-11-04T12:43:21.022-0800] {logging_mixin.py:190} INFO - [2024-11-04T12:43:21.022-0800] {dag.py:4180} INFO - Setting next_dagrun for dataset_alias_example_alias_consumer to None, run_after=None
[2024-11-04T12:43:21.022-0800] {logging_mixin.py:190} INFO - [2024-11-04T12:43:21.022-0800] {dag.py:4180} INFO - Setting next_dagrun for dataset_alias_example_alias_producer to None, run_after=None
[2024-11-04T12:43:21.023-0800] {logging_mixin.py:190} INFO - [2024-11-04T12:43:21.023-0800] {dag.py:4180} INFO - Setting next_dagrun for dataset_s3_bucket_consumer to None, run_after=None
[2024-11-04T12:43:21.023-0800] {logging_mixin.py:190} INFO - [2024-11-04T12:43:21.023-0800] {dag.py:4180} INFO - Setting next_dagrun for dataset_s3_bucket_producer to None, run_after=None
[2024-11-04T12:43:21.030-0800] {processor.py:208} INFO - Processing /opt/anaconda3/lib/python3.12/site-packages/airflow/example_dags/example_dataset_alias.py took 0.119 seconds
[2024-11-04T12:45:50.611-0800] {processor.py:186} INFO - Started process (PID=50516) to work on /opt/anaconda3/lib/python3.12/site-packages/airflow/example_dags/example_dataset_alias.py
[2024-11-04T12:45:50.612-0800] {processor.py:914} INFO - Processing file /opt/anaconda3/lib/python3.12/site-packages/airflow/example_dags/example_dataset_alias.py for tasks to queue
[2024-11-04T12:45:50.613-0800] {logging_mixin.py:190} INFO - [2024-11-04T12:45:50.612-0800] {dagbag.py:588} INFO - Filling up the DagBag from /opt/anaconda3/lib/python3.12/site-packages/airflow/example_dags/example_dataset_alias.py
[2024-11-04T12:45:50.670-0800] {processor.py:925} INFO - DAG(s) 'dataset_s3_bucket_producer', 'dataset_alias_example_alias_producer', 'dataset_s3_bucket_consumer', 'dataset_alias_example_alias_consumer' retrieved from /opt/anaconda3/lib/python3.12/site-packages/airflow/example_dags/example_dataset_alias.py
[2024-11-04T12:45:50.679-0800] {logging_mixin.py:190} INFO - [2024-11-04T12:45:50.678-0800] {dag.py:3239} INFO - Sync 4 DAGs
[2024-11-04T12:45:50.685-0800] {logging_mixin.py:190} INFO - [2024-11-04T12:45:50.684-0800] {dag.py:4180} INFO - Setting next_dagrun for dataset_alias_example_alias_consumer to None, run_after=None
[2024-11-04T12:45:50.685-0800] {logging_mixin.py:190} INFO - [2024-11-04T12:45:50.685-0800] {dag.py:4180} INFO - Setting next_dagrun for dataset_alias_example_alias_producer to None, run_after=None
[2024-11-04T12:45:50.685-0800] {logging_mixin.py:190} INFO - [2024-11-04T12:45:50.685-0800] {dag.py:4180} INFO - Setting next_dagrun for dataset_s3_bucket_consumer to None, run_after=None
[2024-11-04T12:45:50.686-0800] {logging_mixin.py:190} INFO - [2024-11-04T12:45:50.686-0800] {dag.py:4180} INFO - Setting next_dagrun for dataset_s3_bucket_producer to None, run_after=None
[2024-11-04T12:45:50.692-0800] {processor.py:208} INFO - Processing /opt/anaconda3/lib/python3.12/site-packages/airflow/example_dags/example_dataset_alias.py took 0.082 seconds
[2024-11-04T12:48:20.080-0800] {processor.py:186} INFO - Started process (PID=50732) to work on /opt/anaconda3/lib/python3.12/site-packages/airflow/example_dags/example_dataset_alias.py
[2024-11-04T12:48:20.081-0800] {processor.py:914} INFO - Processing file /opt/anaconda3/lib/python3.12/site-packages/airflow/example_dags/example_dataset_alias.py for tasks to queue
[2024-11-04T12:48:20.081-0800] {logging_mixin.py:190} INFO - [2024-11-04T12:48:20.081-0800] {dagbag.py:588} INFO - Filling up the DagBag from /opt/anaconda3/lib/python3.12/site-packages/airflow/example_dags/example_dataset_alias.py
[2024-11-04T12:48:20.139-0800] {processor.py:925} INFO - DAG(s) 'dataset_s3_bucket_consumer', 'dataset_alias_example_alias_producer', 'dataset_alias_example_alias_consumer', 'dataset_s3_bucket_producer' retrieved from /opt/anaconda3/lib/python3.12/site-packages/airflow/example_dags/example_dataset_alias.py
[2024-11-04T12:48:20.147-0800] {logging_mixin.py:190} INFO - [2024-11-04T12:48:20.147-0800] {dag.py:3239} INFO - Sync 4 DAGs
[2024-11-04T12:48:20.153-0800] {logging_mixin.py:190} INFO - [2024-11-04T12:48:20.153-0800] {dag.py:4180} INFO - Setting next_dagrun for dataset_alias_example_alias_consumer to None, run_after=None
[2024-11-04T12:48:20.153-0800] {logging_mixin.py:190} INFO - [2024-11-04T12:48:20.153-0800] {dag.py:4180} INFO - Setting next_dagrun for dataset_alias_example_alias_producer to None, run_after=None
[2024-11-04T12:48:20.154-0800] {logging_mixin.py:190} INFO - [2024-11-04T12:48:20.154-0800] {dag.py:4180} INFO - Setting next_dagrun for dataset_s3_bucket_consumer to None, run_after=None
[2024-11-04T12:48:20.154-0800] {logging_mixin.py:190} INFO - [2024-11-04T12:48:20.154-0800] {dag.py:4180} INFO - Setting next_dagrun for dataset_s3_bucket_producer to None, run_after=None
[2024-11-04T12:48:20.160-0800] {processor.py:208} INFO - Processing /opt/anaconda3/lib/python3.12/site-packages/airflow/example_dags/example_dataset_alias.py took 0.081 seconds
[2024-11-04T12:50:50.575-0800] {processor.py:186} INFO - Started process (PID=50954) to work on /opt/anaconda3/lib/python3.12/site-packages/airflow/example_dags/example_dataset_alias.py
[2024-11-04T12:50:50.576-0800] {processor.py:914} INFO - Processing file /opt/anaconda3/lib/python3.12/site-packages/airflow/example_dags/example_dataset_alias.py for tasks to queue
[2024-11-04T12:50:50.576-0800] {logging_mixin.py:190} INFO - [2024-11-04T12:50:50.576-0800] {dagbag.py:588} INFO - Filling up the DagBag from /opt/anaconda3/lib/python3.12/site-packages/airflow/example_dags/example_dataset_alias.py
[2024-11-04T12:50:50.653-0800] {processor.py:925} INFO - DAG(s) 'dataset_alias_example_alias_consumer', 'dataset_s3_bucket_consumer', 'dataset_s3_bucket_producer', 'dataset_alias_example_alias_producer' retrieved from /opt/anaconda3/lib/python3.12/site-packages/airflow/example_dags/example_dataset_alias.py
[2024-11-04T12:50:50.665-0800] {logging_mixin.py:190} INFO - [2024-11-04T12:50:50.665-0800] {dag.py:3239} INFO - Sync 4 DAGs
[2024-11-04T12:50:50.673-0800] {logging_mixin.py:190} INFO - [2024-11-04T12:50:50.672-0800] {dag.py:4180} INFO - Setting next_dagrun for dataset_alias_example_alias_consumer to None, run_after=None
[2024-11-04T12:50:50.674-0800] {logging_mixin.py:190} INFO - [2024-11-04T12:50:50.674-0800] {dag.py:4180} INFO - Setting next_dagrun for dataset_alias_example_alias_producer to None, run_after=None
[2024-11-04T12:50:50.675-0800] {logging_mixin.py:190} INFO - [2024-11-04T12:50:50.675-0800] {dag.py:4180} INFO - Setting next_dagrun for dataset_s3_bucket_consumer to None, run_after=None
[2024-11-04T12:50:50.675-0800] {logging_mixin.py:190} INFO - [2024-11-04T12:50:50.675-0800] {dag.py:4180} INFO - Setting next_dagrun for dataset_s3_bucket_producer to None, run_after=None
[2024-11-04T12:50:50.693-0800] {processor.py:208} INFO - Processing /opt/anaconda3/lib/python3.12/site-packages/airflow/example_dags/example_dataset_alias.py took 0.120 seconds
[2024-11-04T12:53:19.006-0800] {processor.py:186} INFO - Started process (PID=51156) to work on /opt/anaconda3/lib/python3.12/site-packages/airflow/example_dags/example_dataset_alias.py
[2024-11-04T12:53:19.008-0800] {processor.py:914} INFO - Processing file /opt/anaconda3/lib/python3.12/site-packages/airflow/example_dags/example_dataset_alias.py for tasks to queue
[2024-11-04T12:53:19.008-0800] {logging_mixin.py:190} INFO - [2024-11-04T12:53:19.008-0800] {dagbag.py:588} INFO - Filling up the DagBag from /opt/anaconda3/lib/python3.12/site-packages/airflow/example_dags/example_dataset_alias.py
[2024-11-04T12:53:19.067-0800] {processor.py:925} INFO - DAG(s) 'dataset_alias_example_alias_producer', 'dataset_s3_bucket_consumer', 'dataset_alias_example_alias_consumer', 'dataset_s3_bucket_producer' retrieved from /opt/anaconda3/lib/python3.12/site-packages/airflow/example_dags/example_dataset_alias.py
[2024-11-04T12:53:19.075-0800] {logging_mixin.py:190} INFO - [2024-11-04T12:53:19.074-0800] {dag.py:3239} INFO - Sync 4 DAGs
[2024-11-04T12:53:19.080-0800] {logging_mixin.py:190} INFO - [2024-11-04T12:53:19.080-0800] {dag.py:4180} INFO - Setting next_dagrun for dataset_alias_example_alias_consumer to None, run_after=None
[2024-11-04T12:53:19.081-0800] {logging_mixin.py:190} INFO - [2024-11-04T12:53:19.081-0800] {dag.py:4180} INFO - Setting next_dagrun for dataset_alias_example_alias_producer to None, run_after=None
[2024-11-04T12:53:19.081-0800] {logging_mixin.py:190} INFO - [2024-11-04T12:53:19.081-0800] {dag.py:4180} INFO - Setting next_dagrun for dataset_s3_bucket_consumer to None, run_after=None
[2024-11-04T12:53:19.082-0800] {logging_mixin.py:190} INFO - [2024-11-04T12:53:19.082-0800] {dag.py:4180} INFO - Setting next_dagrun for dataset_s3_bucket_producer to None, run_after=None
[2024-11-04T12:53:19.088-0800] {processor.py:208} INFO - Processing /opt/anaconda3/lib/python3.12/site-packages/airflow/example_dags/example_dataset_alias.py took 0.083 seconds
[2024-11-04T12:55:55.307-0800] {processor.py:186} INFO - Started process (PID=51328) to work on /opt/anaconda3/lib/python3.12/site-packages/airflow/example_dags/example_dataset_alias.py
[2024-11-04T12:55:55.308-0800] {processor.py:914} INFO - Processing file /opt/anaconda3/lib/python3.12/site-packages/airflow/example_dags/example_dataset_alias.py for tasks to queue
[2024-11-04T12:55:55.309-0800] {logging_mixin.py:190} INFO - [2024-11-04T12:55:55.309-0800] {dagbag.py:588} INFO - Filling up the DagBag from /opt/anaconda3/lib/python3.12/site-packages/airflow/example_dags/example_dataset_alias.py
[2024-11-04T12:55:55.368-0800] {processor.py:925} INFO - DAG(s) 'dataset_s3_bucket_producer', 'dataset_alias_example_alias_consumer', 'dataset_s3_bucket_consumer', 'dataset_alias_example_alias_producer' retrieved from /opt/anaconda3/lib/python3.12/site-packages/airflow/example_dags/example_dataset_alias.py
[2024-11-04T12:55:55.375-0800] {logging_mixin.py:190} INFO - [2024-11-04T12:55:55.375-0800] {dag.py:3239} INFO - Sync 4 DAGs
[2024-11-04T12:55:55.382-0800] {logging_mixin.py:190} INFO - [2024-11-04T12:55:55.382-0800] {dag.py:4180} INFO - Setting next_dagrun for dataset_alias_example_alias_consumer to None, run_after=None
[2024-11-04T12:55:55.383-0800] {logging_mixin.py:190} INFO - [2024-11-04T12:55:55.383-0800] {dag.py:4180} INFO - Setting next_dagrun for dataset_alias_example_alias_producer to None, run_after=None
[2024-11-04T12:55:55.383-0800] {logging_mixin.py:190} INFO - [2024-11-04T12:55:55.383-0800] {dag.py:4180} INFO - Setting next_dagrun for dataset_s3_bucket_consumer to None, run_after=None
[2024-11-04T12:55:55.383-0800] {logging_mixin.py:190} INFO - [2024-11-04T12:55:55.383-0800] {dag.py:4180} INFO - Setting next_dagrun for dataset_s3_bucket_producer to None, run_after=None
[2024-11-04T12:55:55.390-0800] {processor.py:208} INFO - Processing /opt/anaconda3/lib/python3.12/site-packages/airflow/example_dags/example_dataset_alias.py took 0.084 seconds
[2024-11-04T12:58:19.976-0800] {processor.py:186} INFO - Started process (PID=51510) to work on /opt/anaconda3/lib/python3.12/site-packages/airflow/example_dags/example_dataset_alias.py
[2024-11-04T12:58:19.977-0800] {processor.py:914} INFO - Processing file /opt/anaconda3/lib/python3.12/site-packages/airflow/example_dags/example_dataset_alias.py for tasks to queue
[2024-11-04T12:58:19.977-0800] {logging_mixin.py:190} INFO - [2024-11-04T12:58:19.977-0800] {dagbag.py:588} INFO - Filling up the DagBag from /opt/anaconda3/lib/python3.12/site-packages/airflow/example_dags/example_dataset_alias.py
[2024-11-04T12:58:20.037-0800] {processor.py:925} INFO - DAG(s) 'dataset_s3_bucket_consumer', 'dataset_alias_example_alias_producer', 'dataset_alias_example_alias_consumer', 'dataset_s3_bucket_producer' retrieved from /opt/anaconda3/lib/python3.12/site-packages/airflow/example_dags/example_dataset_alias.py
[2024-11-04T12:58:20.045-0800] {logging_mixin.py:190} INFO - [2024-11-04T12:58:20.045-0800] {dag.py:3239} INFO - Sync 4 DAGs
[2024-11-04T12:58:20.052-0800] {logging_mixin.py:190} INFO - [2024-11-04T12:58:20.052-0800] {dag.py:4180} INFO - Setting next_dagrun for dataset_alias_example_alias_consumer to None, run_after=None
[2024-11-04T12:58:20.052-0800] {logging_mixin.py:190} INFO - [2024-11-04T12:58:20.052-0800] {dag.py:4180} INFO - Setting next_dagrun for dataset_alias_example_alias_producer to None, run_after=None
[2024-11-04T12:58:20.053-0800] {logging_mixin.py:190} INFO - [2024-11-04T12:58:20.053-0800] {dag.py:4180} INFO - Setting next_dagrun for dataset_s3_bucket_consumer to None, run_after=None
[2024-11-04T12:58:20.053-0800] {logging_mixin.py:190} INFO - [2024-11-04T12:58:20.053-0800] {dag.py:4180} INFO - Setting next_dagrun for dataset_s3_bucket_producer to None, run_after=None
[2024-11-04T12:58:20.059-0800] {processor.py:208} INFO - Processing /opt/anaconda3/lib/python3.12/site-packages/airflow/example_dags/example_dataset_alias.py took 0.085 seconds
[2024-11-04T13:00:49.345-0800] {processor.py:186} INFO - Started process (PID=51717) to work on /opt/anaconda3/lib/python3.12/site-packages/airflow/example_dags/example_dataset_alias.py
[2024-11-04T13:00:49.346-0800] {processor.py:914} INFO - Processing file /opt/anaconda3/lib/python3.12/site-packages/airflow/example_dags/example_dataset_alias.py for tasks to queue
[2024-11-04T13:00:49.346-0800] {logging_mixin.py:190} INFO - [2024-11-04T13:00:49.346-0800] {dagbag.py:588} INFO - Filling up the DagBag from /opt/anaconda3/lib/python3.12/site-packages/airflow/example_dags/example_dataset_alias.py
[2024-11-04T13:00:49.407-0800] {processor.py:925} INFO - DAG(s) 'dataset_s3_bucket_consumer', 'dataset_alias_example_alias_consumer', 'dataset_alias_example_alias_producer', 'dataset_s3_bucket_producer' retrieved from /opt/anaconda3/lib/python3.12/site-packages/airflow/example_dags/example_dataset_alias.py
[2024-11-04T13:00:49.415-0800] {logging_mixin.py:190} INFO - [2024-11-04T13:00:49.415-0800] {dag.py:3239} INFO - Sync 4 DAGs
[2024-11-04T13:00:49.422-0800] {logging_mixin.py:190} INFO - [2024-11-04T13:00:49.422-0800] {dag.py:4180} INFO - Setting next_dagrun for dataset_alias_example_alias_consumer to None, run_after=None
[2024-11-04T13:00:49.423-0800] {logging_mixin.py:190} INFO - [2024-11-04T13:00:49.423-0800] {dag.py:4180} INFO - Setting next_dagrun for dataset_alias_example_alias_producer to None, run_after=None
[2024-11-04T13:00:49.423-0800] {logging_mixin.py:190} INFO - [2024-11-04T13:00:49.423-0800] {dag.py:4180} INFO - Setting next_dagrun for dataset_s3_bucket_consumer to None, run_after=None
[2024-11-04T13:00:49.424-0800] {logging_mixin.py:190} INFO - [2024-11-04T13:00:49.424-0800] {dag.py:4180} INFO - Setting next_dagrun for dataset_s3_bucket_producer to None, run_after=None
[2024-11-04T13:00:49.431-0800] {processor.py:208} INFO - Processing /opt/anaconda3/lib/python3.12/site-packages/airflow/example_dags/example_dataset_alias.py took 0.086 seconds
[2024-11-04T13:03:20.621-0800] {processor.py:186} INFO - Started process (PID=51893) to work on /opt/anaconda3/lib/python3.12/site-packages/airflow/example_dags/example_dataset_alias.py
[2024-11-04T13:03:20.622-0800] {processor.py:914} INFO - Processing file /opt/anaconda3/lib/python3.12/site-packages/airflow/example_dags/example_dataset_alias.py for tasks to queue
[2024-11-04T13:03:20.622-0800] {logging_mixin.py:190} INFO - [2024-11-04T13:03:20.622-0800] {dagbag.py:588} INFO - Filling up the DagBag from /opt/anaconda3/lib/python3.12/site-packages/airflow/example_dags/example_dataset_alias.py
[2024-11-04T13:03:20.680-0800] {processor.py:925} INFO - DAG(s) 'dataset_alias_example_alias_producer', 'dataset_s3_bucket_consumer', 'dataset_alias_example_alias_consumer', 'dataset_s3_bucket_producer' retrieved from /opt/anaconda3/lib/python3.12/site-packages/airflow/example_dags/example_dataset_alias.py
[2024-11-04T13:03:20.687-0800] {logging_mixin.py:190} INFO - [2024-11-04T13:03:20.687-0800] {dag.py:3239} INFO - Sync 4 DAGs
[2024-11-04T13:03:20.694-0800] {logging_mixin.py:190} INFO - [2024-11-04T13:03:20.694-0800] {dag.py:4180} INFO - Setting next_dagrun for dataset_alias_example_alias_consumer to None, run_after=None
[2024-11-04T13:03:20.694-0800] {logging_mixin.py:190} INFO - [2024-11-04T13:03:20.694-0800] {dag.py:4180} INFO - Setting next_dagrun for dataset_alias_example_alias_producer to None, run_after=None
[2024-11-04T13:03:20.695-0800] {logging_mixin.py:190} INFO - [2024-11-04T13:03:20.694-0800] {dag.py:4180} INFO - Setting next_dagrun for dataset_s3_bucket_consumer to None, run_after=None
[2024-11-04T13:03:20.695-0800] {logging_mixin.py:190} INFO - [2024-11-04T13:03:20.695-0800] {dag.py:4180} INFO - Setting next_dagrun for dataset_s3_bucket_producer to None, run_after=None
[2024-11-04T13:03:20.701-0800] {processor.py:208} INFO - Processing /opt/anaconda3/lib/python3.12/site-packages/airflow/example_dags/example_dataset_alias.py took 0.082 seconds
[2024-11-04T13:05:43.164-0800] {processor.py:186} INFO - Started process (PID=52125) to work on /opt/anaconda3/lib/python3.12/site-packages/airflow/example_dags/example_dataset_alias.py
[2024-11-04T13:05:43.165-0800] {processor.py:914} INFO - Processing file /opt/anaconda3/lib/python3.12/site-packages/airflow/example_dags/example_dataset_alias.py for tasks to queue
[2024-11-04T13:05:43.166-0800] {logging_mixin.py:190} INFO - [2024-11-04T13:05:43.166-0800] {dagbag.py:588} INFO - Filling up the DagBag from /opt/anaconda3/lib/python3.12/site-packages/airflow/example_dags/example_dataset_alias.py
[2024-11-04T13:05:43.223-0800] {processor.py:925} INFO - DAG(s) 'dataset_s3_bucket_consumer', 'dataset_s3_bucket_producer', 'dataset_alias_example_alias_producer', 'dataset_alias_example_alias_consumer' retrieved from /opt/anaconda3/lib/python3.12/site-packages/airflow/example_dags/example_dataset_alias.py
[2024-11-04T13:05:43.232-0800] {logging_mixin.py:190} INFO - [2024-11-04T13:05:43.232-0800] {dag.py:3239} INFO - Sync 4 DAGs
[2024-11-04T13:05:43.238-0800] {logging_mixin.py:190} INFO - [2024-11-04T13:05:43.238-0800] {dag.py:4180} INFO - Setting next_dagrun for dataset_alias_example_alias_consumer to None, run_after=None
[2024-11-04T13:05:43.238-0800] {logging_mixin.py:190} INFO - [2024-11-04T13:05:43.238-0800] {dag.py:4180} INFO - Setting next_dagrun for dataset_alias_example_alias_producer to None, run_after=None
[2024-11-04T13:05:43.239-0800] {logging_mixin.py:190} INFO - [2024-11-04T13:05:43.239-0800] {dag.py:4180} INFO - Setting next_dagrun for dataset_s3_bucket_consumer to None, run_after=None
[2024-11-04T13:05:43.239-0800] {logging_mixin.py:190} INFO - [2024-11-04T13:05:43.239-0800] {dag.py:4180} INFO - Setting next_dagrun for dataset_s3_bucket_producer to None, run_after=None
[2024-11-04T13:05:43.245-0800] {processor.py:208} INFO - Processing /opt/anaconda3/lib/python3.12/site-packages/airflow/example_dags/example_dataset_alias.py took 0.082 seconds
[2024-11-04T13:08:08.919-0800] {processor.py:186} INFO - Started process (PID=52302) to work on /opt/anaconda3/lib/python3.12/site-packages/airflow/example_dags/example_dataset_alias.py
[2024-11-04T13:08:08.920-0800] {processor.py:914} INFO - Processing file /opt/anaconda3/lib/python3.12/site-packages/airflow/example_dags/example_dataset_alias.py for tasks to queue
[2024-11-04T13:08:08.920-0800] {logging_mixin.py:190} INFO - [2024-11-04T13:08:08.920-0800] {dagbag.py:588} INFO - Filling up the DagBag from /opt/anaconda3/lib/python3.12/site-packages/airflow/example_dags/example_dataset_alias.py
[2024-11-04T13:08:08.982-0800] {processor.py:925} INFO - DAG(s) 'dataset_s3_bucket_consumer', 'dataset_alias_example_alias_producer', 'dataset_s3_bucket_producer', 'dataset_alias_example_alias_consumer' retrieved from /opt/anaconda3/lib/python3.12/site-packages/airflow/example_dags/example_dataset_alias.py
[2024-11-04T13:08:08.990-0800] {logging_mixin.py:190} INFO - [2024-11-04T13:08:08.990-0800] {dag.py:3239} INFO - Sync 4 DAGs
[2024-11-04T13:08:08.996-0800] {logging_mixin.py:190} INFO - [2024-11-04T13:08:08.996-0800] {dag.py:4180} INFO - Setting next_dagrun for dataset_alias_example_alias_consumer to None, run_after=None
[2024-11-04T13:08:08.997-0800] {logging_mixin.py:190} INFO - [2024-11-04T13:08:08.997-0800] {dag.py:4180} INFO - Setting next_dagrun for dataset_alias_example_alias_producer to None, run_after=None
[2024-11-04T13:08:08.997-0800] {logging_mixin.py:190} INFO - [2024-11-04T13:08:08.997-0800] {dag.py:4180} INFO - Setting next_dagrun for dataset_s3_bucket_consumer to None, run_after=None
[2024-11-04T13:08:08.997-0800] {logging_mixin.py:190} INFO - [2024-11-04T13:08:08.997-0800] {dag.py:4180} INFO - Setting next_dagrun for dataset_s3_bucket_producer to None, run_after=None
[2024-11-04T13:08:09.003-0800] {processor.py:208} INFO - Processing /opt/anaconda3/lib/python3.12/site-packages/airflow/example_dags/example_dataset_alias.py took 0.086 seconds
[2024-11-04T13:10:30.634-0800] {processor.py:186} INFO - Started process (PID=52496) to work on /opt/anaconda3/lib/python3.12/site-packages/airflow/example_dags/example_dataset_alias.py
[2024-11-04T13:10:30.635-0800] {processor.py:914} INFO - Processing file /opt/anaconda3/lib/python3.12/site-packages/airflow/example_dags/example_dataset_alias.py for tasks to queue
[2024-11-04T13:10:30.635-0800] {logging_mixin.py:190} INFO - [2024-11-04T13:10:30.635-0800] {dagbag.py:588} INFO - Filling up the DagBag from /opt/anaconda3/lib/python3.12/site-packages/airflow/example_dags/example_dataset_alias.py
[2024-11-04T13:10:30.694-0800] {processor.py:925} INFO - DAG(s) 'dataset_alias_example_alias_consumer', 'dataset_alias_example_alias_producer', 'dataset_s3_bucket_consumer', 'dataset_s3_bucket_producer' retrieved from /opt/anaconda3/lib/python3.12/site-packages/airflow/example_dags/example_dataset_alias.py
[2024-11-04T13:10:30.701-0800] {logging_mixin.py:190} INFO - [2024-11-04T13:10:30.701-0800] {dag.py:3239} INFO - Sync 4 DAGs
[2024-11-04T13:10:30.708-0800] {logging_mixin.py:190} INFO - [2024-11-04T13:10:30.708-0800] {dag.py:4180} INFO - Setting next_dagrun for dataset_alias_example_alias_consumer to None, run_after=None
[2024-11-04T13:10:30.708-0800] {logging_mixin.py:190} INFO - [2024-11-04T13:10:30.708-0800] {dag.py:4180} INFO - Setting next_dagrun for dataset_alias_example_alias_producer to None, run_after=None
[2024-11-04T13:10:30.709-0800] {logging_mixin.py:190} INFO - [2024-11-04T13:10:30.709-0800] {dag.py:4180} INFO - Setting next_dagrun for dataset_s3_bucket_consumer to None, run_after=None
[2024-11-04T13:10:30.709-0800] {logging_mixin.py:190} INFO - [2024-11-04T13:10:30.709-0800] {dag.py:4180} INFO - Setting next_dagrun for dataset_s3_bucket_producer to None, run_after=None
[2024-11-04T13:10:30.715-0800] {processor.py:208} INFO - Processing /opt/anaconda3/lib/python3.12/site-packages/airflow/example_dags/example_dataset_alias.py took 0.082 seconds
[2024-11-04T13:12:53.432-0800] {processor.py:186} INFO - Started process (PID=52689) to work on /opt/anaconda3/lib/python3.12/site-packages/airflow/example_dags/example_dataset_alias.py
[2024-11-04T13:12:53.433-0800] {processor.py:914} INFO - Processing file /opt/anaconda3/lib/python3.12/site-packages/airflow/example_dags/example_dataset_alias.py for tasks to queue
[2024-11-04T13:12:53.433-0800] {logging_mixin.py:190} INFO - [2024-11-04T13:12:53.433-0800] {dagbag.py:588} INFO - Filling up the DagBag from /opt/anaconda3/lib/python3.12/site-packages/airflow/example_dags/example_dataset_alias.py
[2024-11-04T13:12:53.490-0800] {processor.py:925} INFO - DAG(s) 'dataset_s3_bucket_consumer', 'dataset_s3_bucket_producer', 'dataset_alias_example_alias_consumer', 'dataset_alias_example_alias_producer' retrieved from /opt/anaconda3/lib/python3.12/site-packages/airflow/example_dags/example_dataset_alias.py
[2024-11-04T13:12:53.497-0800] {logging_mixin.py:190} INFO - [2024-11-04T13:12:53.497-0800] {dag.py:3239} INFO - Sync 4 DAGs
[2024-11-04T13:12:53.503-0800] {logging_mixin.py:190} INFO - [2024-11-04T13:12:53.503-0800] {dag.py:4180} INFO - Setting next_dagrun for dataset_alias_example_alias_consumer to None, run_after=None
[2024-11-04T13:12:53.504-0800] {logging_mixin.py:190} INFO - [2024-11-04T13:12:53.504-0800] {dag.py:4180} INFO - Setting next_dagrun for dataset_alias_example_alias_producer to None, run_after=None
[2024-11-04T13:12:53.504-0800] {logging_mixin.py:190} INFO - [2024-11-04T13:12:53.504-0800] {dag.py:4180} INFO - Setting next_dagrun for dataset_s3_bucket_consumer to None, run_after=None
[2024-11-04T13:12:53.504-0800] {logging_mixin.py:190} INFO - [2024-11-04T13:12:53.504-0800] {dag.py:4180} INFO - Setting next_dagrun for dataset_s3_bucket_producer to None, run_after=None
[2024-11-04T13:12:53.511-0800] {processor.py:208} INFO - Processing /opt/anaconda3/lib/python3.12/site-packages/airflow/example_dags/example_dataset_alias.py took 0.080 seconds
[2024-11-04T13:15:12.959-0800] {processor.py:186} INFO - Started process (PID=52869) to work on /opt/anaconda3/lib/python3.12/site-packages/airflow/example_dags/example_dataset_alias.py
[2024-11-04T13:15:12.960-0800] {processor.py:914} INFO - Processing file /opt/anaconda3/lib/python3.12/site-packages/airflow/example_dags/example_dataset_alias.py for tasks to queue
[2024-11-04T13:15:12.960-0800] {logging_mixin.py:190} INFO - [2024-11-04T13:15:12.960-0800] {dagbag.py:588} INFO - Filling up the DagBag from /opt/anaconda3/lib/python3.12/site-packages/airflow/example_dags/example_dataset_alias.py
[2024-11-04T13:15:13.024-0800] {processor.py:925} INFO - DAG(s) 'dataset_alias_example_alias_producer', 'dataset_alias_example_alias_consumer', 'dataset_s3_bucket_producer', 'dataset_s3_bucket_consumer' retrieved from /opt/anaconda3/lib/python3.12/site-packages/airflow/example_dags/example_dataset_alias.py
[2024-11-04T13:15:13.032-0800] {logging_mixin.py:190} INFO - [2024-11-04T13:15:13.032-0800] {dag.py:3239} INFO - Sync 4 DAGs
[2024-11-04T13:15:13.039-0800] {logging_mixin.py:190} INFO - [2024-11-04T13:15:13.038-0800] {dag.py:4180} INFO - Setting next_dagrun for dataset_alias_example_alias_consumer to None, run_after=None
[2024-11-04T13:15:13.039-0800] {logging_mixin.py:190} INFO - [2024-11-04T13:15:13.039-0800] {dag.py:4180} INFO - Setting next_dagrun for dataset_alias_example_alias_producer to None, run_after=None
[2024-11-04T13:15:13.040-0800] {logging_mixin.py:190} INFO - [2024-11-04T13:15:13.040-0800] {dag.py:4180} INFO - Setting next_dagrun for dataset_s3_bucket_consumer to None, run_after=None
[2024-11-04T13:15:13.040-0800] {logging_mixin.py:190} INFO - [2024-11-04T13:15:13.040-0800] {dag.py:4180} INFO - Setting next_dagrun for dataset_s3_bucket_producer to None, run_after=None
[2024-11-04T13:15:13.048-0800] {processor.py:208} INFO - Processing /opt/anaconda3/lib/python3.12/site-packages/airflow/example_dags/example_dataset_alias.py took 0.090 seconds
[2024-11-04T13:17:35.353-0800] {processor.py:186} INFO - Started process (PID=53039) to work on /opt/anaconda3/lib/python3.12/site-packages/airflow/example_dags/example_dataset_alias.py
[2024-11-04T13:17:35.353-0800] {processor.py:914} INFO - Processing file /opt/anaconda3/lib/python3.12/site-packages/airflow/example_dags/example_dataset_alias.py for tasks to queue
[2024-11-04T13:17:35.354-0800] {logging_mixin.py:190} INFO - [2024-11-04T13:17:35.353-0800] {dagbag.py:588} INFO - Filling up the DagBag from /opt/anaconda3/lib/python3.12/site-packages/airflow/example_dags/example_dataset_alias.py
[2024-11-04T13:17:35.411-0800] {processor.py:925} INFO - DAG(s) 'dataset_s3_bucket_consumer', 'dataset_alias_example_alias_consumer', 'dataset_alias_example_alias_producer', 'dataset_s3_bucket_producer' retrieved from /opt/anaconda3/lib/python3.12/site-packages/airflow/example_dags/example_dataset_alias.py
[2024-11-04T13:17:35.418-0800] {logging_mixin.py:190} INFO - [2024-11-04T13:17:35.418-0800] {dag.py:3239} INFO - Sync 4 DAGs
[2024-11-04T13:17:35.424-0800] {logging_mixin.py:190} INFO - [2024-11-04T13:17:35.424-0800] {dag.py:4180} INFO - Setting next_dagrun for dataset_alias_example_alias_consumer to None, run_after=None
[2024-11-04T13:17:35.425-0800] {logging_mixin.py:190} INFO - [2024-11-04T13:17:35.425-0800] {dag.py:4180} INFO - Setting next_dagrun for dataset_alias_example_alias_producer to None, run_after=None
[2024-11-04T13:17:35.425-0800] {logging_mixin.py:190} INFO - [2024-11-04T13:17:35.425-0800] {dag.py:4180} INFO - Setting next_dagrun for dataset_s3_bucket_consumer to None, run_after=None
[2024-11-04T13:17:35.425-0800] {logging_mixin.py:190} INFO - [2024-11-04T13:17:35.425-0800] {dag.py:4180} INFO - Setting next_dagrun for dataset_s3_bucket_producer to None, run_after=None
[2024-11-04T13:17:35.432-0800] {processor.py:208} INFO - Processing /opt/anaconda3/lib/python3.12/site-packages/airflow/example_dags/example_dataset_alias.py took 0.080 seconds
[2024-11-04T13:20:00.280-0800] {processor.py:186} INFO - Started process (PID=53219) to work on /opt/anaconda3/lib/python3.12/site-packages/airflow/example_dags/example_dataset_alias.py
[2024-11-04T13:20:00.281-0800] {processor.py:914} INFO - Processing file /opt/anaconda3/lib/python3.12/site-packages/airflow/example_dags/example_dataset_alias.py for tasks to queue
[2024-11-04T13:20:00.281-0800] {logging_mixin.py:190} INFO - [2024-11-04T13:20:00.281-0800] {dagbag.py:588} INFO - Filling up the DagBag from /opt/anaconda3/lib/python3.12/site-packages/airflow/example_dags/example_dataset_alias.py
[2024-11-04T13:20:00.342-0800] {processor.py:925} INFO - DAG(s) 'dataset_alias_example_alias_producer', 'dataset_s3_bucket_consumer', 'dataset_alias_example_alias_consumer', 'dataset_s3_bucket_producer' retrieved from /opt/anaconda3/lib/python3.12/site-packages/airflow/example_dags/example_dataset_alias.py
[2024-11-04T13:20:00.349-0800] {logging_mixin.py:190} INFO - [2024-11-04T13:20:00.349-0800] {dag.py:3239} INFO - Sync 4 DAGs
[2024-11-04T13:20:00.356-0800] {logging_mixin.py:190} INFO - [2024-11-04T13:20:00.355-0800] {dag.py:4180} INFO - Setting next_dagrun for dataset_alias_example_alias_consumer to None, run_after=None
[2024-11-04T13:20:00.356-0800] {logging_mixin.py:190} INFO - [2024-11-04T13:20:00.356-0800] {dag.py:4180} INFO - Setting next_dagrun for dataset_alias_example_alias_producer to None, run_after=None
[2024-11-04T13:20:00.357-0800] {logging_mixin.py:190} INFO - [2024-11-04T13:20:00.357-0800] {dag.py:4180} INFO - Setting next_dagrun for dataset_s3_bucket_consumer to None, run_after=None
[2024-11-04T13:20:00.357-0800] {logging_mixin.py:190} INFO - [2024-11-04T13:20:00.357-0800] {dag.py:4180} INFO - Setting next_dagrun for dataset_s3_bucket_producer to None, run_after=None
[2024-11-04T13:20:00.364-0800] {processor.py:208} INFO - Processing /opt/anaconda3/lib/python3.12/site-packages/airflow/example_dags/example_dataset_alias.py took 0.084 seconds
[2024-11-04T13:22:24.356-0800] {processor.py:186} INFO - Started process (PID=53382) to work on /opt/anaconda3/lib/python3.12/site-packages/airflow/example_dags/example_dataset_alias.py
[2024-11-04T13:22:24.356-0800] {processor.py:914} INFO - Processing file /opt/anaconda3/lib/python3.12/site-packages/airflow/example_dags/example_dataset_alias.py for tasks to queue
[2024-11-04T13:22:24.357-0800] {logging_mixin.py:190} INFO - [2024-11-04T13:22:24.357-0800] {dagbag.py:588} INFO - Filling up the DagBag from /opt/anaconda3/lib/python3.12/site-packages/airflow/example_dags/example_dataset_alias.py
[2024-11-04T13:22:24.415-0800] {processor.py:925} INFO - DAG(s) 'dataset_s3_bucket_consumer', 'dataset_s3_bucket_producer', 'dataset_alias_example_alias_producer', 'dataset_alias_example_alias_consumer' retrieved from /opt/anaconda3/lib/python3.12/site-packages/airflow/example_dags/example_dataset_alias.py
[2024-11-04T13:22:24.423-0800] {logging_mixin.py:190} INFO - [2024-11-04T13:22:24.423-0800] {dag.py:3239} INFO - Sync 4 DAGs
[2024-11-04T13:22:24.429-0800] {logging_mixin.py:190} INFO - [2024-11-04T13:22:24.429-0800] {dag.py:4180} INFO - Setting next_dagrun for dataset_alias_example_alias_consumer to None, run_after=None
[2024-11-04T13:22:24.430-0800] {logging_mixin.py:190} INFO - [2024-11-04T13:22:24.430-0800] {dag.py:4180} INFO - Setting next_dagrun for dataset_alias_example_alias_producer to None, run_after=None
[2024-11-04T13:22:24.430-0800] {logging_mixin.py:190} INFO - [2024-11-04T13:22:24.430-0800] {dag.py:4180} INFO - Setting next_dagrun for dataset_s3_bucket_consumer to None, run_after=None
[2024-11-04T13:22:24.430-0800] {logging_mixin.py:190} INFO - [2024-11-04T13:22:24.430-0800] {dag.py:4180} INFO - Setting next_dagrun for dataset_s3_bucket_producer to None, run_after=None
[2024-11-04T13:22:24.436-0800] {processor.py:208} INFO - Processing /opt/anaconda3/lib/python3.12/site-packages/airflow/example_dags/example_dataset_alias.py took 0.082 seconds
[2024-11-04T13:24:47.236-0800] {processor.py:186} INFO - Started process (PID=53565) to work on /opt/anaconda3/lib/python3.12/site-packages/airflow/example_dags/example_dataset_alias.py
[2024-11-04T13:24:47.236-0800] {processor.py:914} INFO - Processing file /opt/anaconda3/lib/python3.12/site-packages/airflow/example_dags/example_dataset_alias.py for tasks to queue
[2024-11-04T13:24:47.237-0800] {logging_mixin.py:190} INFO - [2024-11-04T13:24:47.236-0800] {dagbag.py:588} INFO - Filling up the DagBag from /opt/anaconda3/lib/python3.12/site-packages/airflow/example_dags/example_dataset_alias.py
[2024-11-04T13:24:47.294-0800] {processor.py:925} INFO - DAG(s) 'dataset_s3_bucket_consumer', 'dataset_s3_bucket_producer', 'dataset_alias_example_alias_producer', 'dataset_alias_example_alias_consumer' retrieved from /opt/anaconda3/lib/python3.12/site-packages/airflow/example_dags/example_dataset_alias.py
[2024-11-04T13:24:47.302-0800] {logging_mixin.py:190} INFO - [2024-11-04T13:24:47.302-0800] {dag.py:3239} INFO - Sync 4 DAGs
[2024-11-04T13:24:47.308-0800] {logging_mixin.py:190} INFO - [2024-11-04T13:24:47.308-0800] {dag.py:4180} INFO - Setting next_dagrun for dataset_alias_example_alias_consumer to None, run_after=None
[2024-11-04T13:24:47.308-0800] {logging_mixin.py:190} INFO - [2024-11-04T13:24:47.308-0800] {dag.py:4180} INFO - Setting next_dagrun for dataset_alias_example_alias_producer to None, run_after=None
[2024-11-04T13:24:47.309-0800] {logging_mixin.py:190} INFO - [2024-11-04T13:24:47.308-0800] {dag.py:4180} INFO - Setting next_dagrun for dataset_s3_bucket_consumer to None, run_after=None
[2024-11-04T13:24:47.309-0800] {logging_mixin.py:190} INFO - [2024-11-04T13:24:47.309-0800] {dag.py:4180} INFO - Setting next_dagrun for dataset_s3_bucket_producer to None, run_after=None
[2024-11-04T13:24:47.315-0800] {processor.py:208} INFO - Processing /opt/anaconda3/lib/python3.12/site-packages/airflow/example_dags/example_dataset_alias.py took 0.081 seconds
[2024-11-04T13:27:11.058-0800] {processor.py:186} INFO - Started process (PID=53744) to work on /opt/anaconda3/lib/python3.12/site-packages/airflow/example_dags/example_dataset_alias.py
[2024-11-04T13:27:11.059-0800] {processor.py:914} INFO - Processing file /opt/anaconda3/lib/python3.12/site-packages/airflow/example_dags/example_dataset_alias.py for tasks to queue
[2024-11-04T13:27:11.059-0800] {logging_mixin.py:190} INFO - [2024-11-04T13:27:11.059-0800] {dagbag.py:588} INFO - Filling up the DagBag from /opt/anaconda3/lib/python3.12/site-packages/airflow/example_dags/example_dataset_alias.py
[2024-11-04T13:27:11.122-0800] {processor.py:925} INFO - DAG(s) 'dataset_alias_example_alias_producer', 'dataset_alias_example_alias_consumer', 'dataset_s3_bucket_producer', 'dataset_s3_bucket_consumer' retrieved from /opt/anaconda3/lib/python3.12/site-packages/airflow/example_dags/example_dataset_alias.py
[2024-11-04T13:27:11.129-0800] {logging_mixin.py:190} INFO - [2024-11-04T13:27:11.129-0800] {dag.py:3239} INFO - Sync 4 DAGs
[2024-11-04T13:27:11.135-0800] {logging_mixin.py:190} INFO - [2024-11-04T13:27:11.135-0800] {dag.py:4180} INFO - Setting next_dagrun for dataset_alias_example_alias_consumer to None, run_after=None
[2024-11-04T13:27:11.137-0800] {logging_mixin.py:190} INFO - [2024-11-04T13:27:11.137-0800] {dag.py:4180} INFO - Setting next_dagrun for dataset_alias_example_alias_producer to None, run_after=None
[2024-11-04T13:27:11.137-0800] {logging_mixin.py:190} INFO - [2024-11-04T13:27:11.137-0800] {dag.py:4180} INFO - Setting next_dagrun for dataset_s3_bucket_consumer to None, run_after=None
[2024-11-04T13:27:11.137-0800] {logging_mixin.py:190} INFO - [2024-11-04T13:27:11.137-0800] {dag.py:4180} INFO - Setting next_dagrun for dataset_s3_bucket_producer to None, run_after=None
[2024-11-04T13:27:11.144-0800] {processor.py:208} INFO - Processing /opt/anaconda3/lib/python3.12/site-packages/airflow/example_dags/example_dataset_alias.py took 0.087 seconds
[2024-11-04T13:29:33.198-0800] {processor.py:186} INFO - Started process (PID=53920) to work on /opt/anaconda3/lib/python3.12/site-packages/airflow/example_dags/example_dataset_alias.py
[2024-11-04T13:29:33.198-0800] {processor.py:914} INFO - Processing file /opt/anaconda3/lib/python3.12/site-packages/airflow/example_dags/example_dataset_alias.py for tasks to queue
[2024-11-04T13:29:33.199-0800] {logging_mixin.py:190} INFO - [2024-11-04T13:29:33.199-0800] {dagbag.py:588} INFO - Filling up the DagBag from /opt/anaconda3/lib/python3.12/site-packages/airflow/example_dags/example_dataset_alias.py
[2024-11-04T13:29:33.257-0800] {processor.py:925} INFO - DAG(s) 'dataset_alias_example_alias_producer', 'dataset_s3_bucket_producer', 'dataset_alias_example_alias_consumer', 'dataset_s3_bucket_consumer' retrieved from /opt/anaconda3/lib/python3.12/site-packages/airflow/example_dags/example_dataset_alias.py
[2024-11-04T13:29:33.265-0800] {logging_mixin.py:190} INFO - [2024-11-04T13:29:33.264-0800] {dag.py:3239} INFO - Sync 4 DAGs
[2024-11-04T13:29:33.270-0800] {logging_mixin.py:190} INFO - [2024-11-04T13:29:33.270-0800] {dag.py:4180} INFO - Setting next_dagrun for dataset_alias_example_alias_consumer to None, run_after=None
[2024-11-04T13:29:33.271-0800] {logging_mixin.py:190} INFO - [2024-11-04T13:29:33.271-0800] {dag.py:4180} INFO - Setting next_dagrun for dataset_alias_example_alias_producer to None, run_after=None
[2024-11-04T13:29:33.271-0800] {logging_mixin.py:190} INFO - [2024-11-04T13:29:33.271-0800] {dag.py:4180} INFO - Setting next_dagrun for dataset_s3_bucket_consumer to None, run_after=None
[2024-11-04T13:29:33.272-0800] {logging_mixin.py:190} INFO - [2024-11-04T13:29:33.272-0800] {dag.py:4180} INFO - Setting next_dagrun for dataset_s3_bucket_producer to None, run_after=None
[2024-11-04T13:29:33.278-0800] {processor.py:208} INFO - Processing /opt/anaconda3/lib/python3.12/site-packages/airflow/example_dags/example_dataset_alias.py took 0.081 seconds
[2024-11-04T13:31:59.570-0800] {processor.py:186} INFO - Started process (PID=54093) to work on /opt/anaconda3/lib/python3.12/site-packages/airflow/example_dags/example_dataset_alias.py
[2024-11-04T13:31:59.571-0800] {processor.py:914} INFO - Processing file /opt/anaconda3/lib/python3.12/site-packages/airflow/example_dags/example_dataset_alias.py for tasks to queue
[2024-11-04T13:31:59.571-0800] {logging_mixin.py:190} INFO - [2024-11-04T13:31:59.571-0800] {dagbag.py:588} INFO - Filling up the DagBag from /opt/anaconda3/lib/python3.12/site-packages/airflow/example_dags/example_dataset_alias.py
[2024-11-04T13:31:59.628-0800] {processor.py:925} INFO - DAG(s) 'dataset_s3_bucket_producer', 'dataset_s3_bucket_consumer', 'dataset_alias_example_alias_consumer', 'dataset_alias_example_alias_producer' retrieved from /opt/anaconda3/lib/python3.12/site-packages/airflow/example_dags/example_dataset_alias.py
[2024-11-04T13:31:59.636-0800] {logging_mixin.py:190} INFO - [2024-11-04T13:31:59.636-0800] {dag.py:3239} INFO - Sync 4 DAGs
[2024-11-04T13:31:59.642-0800] {logging_mixin.py:190} INFO - [2024-11-04T13:31:59.642-0800] {dag.py:4180} INFO - Setting next_dagrun for dataset_alias_example_alias_consumer to None, run_after=None
[2024-11-04T13:31:59.642-0800] {logging_mixin.py:190} INFO - [2024-11-04T13:31:59.642-0800] {dag.py:4180} INFO - Setting next_dagrun for dataset_alias_example_alias_producer to None, run_after=None
[2024-11-04T13:31:59.643-0800] {logging_mixin.py:190} INFO - [2024-11-04T13:31:59.643-0800] {dag.py:4180} INFO - Setting next_dagrun for dataset_s3_bucket_consumer to None, run_after=None
[2024-11-04T13:31:59.643-0800] {logging_mixin.py:190} INFO - [2024-11-04T13:31:59.643-0800] {dag.py:4180} INFO - Setting next_dagrun for dataset_s3_bucket_producer to None, run_after=None
[2024-11-04T13:31:59.649-0800] {processor.py:208} INFO - Processing /opt/anaconda3/lib/python3.12/site-packages/airflow/example_dags/example_dataset_alias.py took 0.080 seconds
[2024-11-04T13:34:24.845-0800] {processor.py:186} INFO - Started process (PID=54290) to work on /opt/anaconda3/lib/python3.12/site-packages/airflow/example_dags/example_dataset_alias.py
[2024-11-04T13:34:24.846-0800] {processor.py:914} INFO - Processing file /opt/anaconda3/lib/python3.12/site-packages/airflow/example_dags/example_dataset_alias.py for tasks to queue
[2024-11-04T13:34:24.846-0800] {logging_mixin.py:190} INFO - [2024-11-04T13:34:24.846-0800] {dagbag.py:588} INFO - Filling up the DagBag from /opt/anaconda3/lib/python3.12/site-packages/airflow/example_dags/example_dataset_alias.py
[2024-11-04T13:34:24.910-0800] {processor.py:925} INFO - DAG(s) 'dataset_s3_bucket_producer', 'dataset_alias_example_alias_consumer', 'dataset_s3_bucket_consumer', 'dataset_alias_example_alias_producer' retrieved from /opt/anaconda3/lib/python3.12/site-packages/airflow/example_dags/example_dataset_alias.py
[2024-11-04T13:34:24.922-0800] {logging_mixin.py:190} INFO - [2024-11-04T13:34:24.922-0800] {dag.py:3239} INFO - Sync 4 DAGs
[2024-11-04T13:34:24.931-0800] {logging_mixin.py:190} INFO - [2024-11-04T13:34:24.931-0800] {dag.py:4180} INFO - Setting next_dagrun for dataset_alias_example_alias_consumer to None, run_after=None
[2024-11-04T13:34:24.932-0800] {logging_mixin.py:190} INFO - [2024-11-04T13:34:24.932-0800] {dag.py:4180} INFO - Setting next_dagrun for dataset_alias_example_alias_producer to None, run_after=None
[2024-11-04T13:34:24.932-0800] {logging_mixin.py:190} INFO - [2024-11-04T13:34:24.932-0800] {dag.py:4180} INFO - Setting next_dagrun for dataset_s3_bucket_consumer to None, run_after=None
[2024-11-04T13:34:24.932-0800] {logging_mixin.py:190} INFO - [2024-11-04T13:34:24.932-0800] {dag.py:4180} INFO - Setting next_dagrun for dataset_s3_bucket_producer to None, run_after=None
[2024-11-04T13:34:24.939-0800] {processor.py:208} INFO - Processing /opt/anaconda3/lib/python3.12/site-packages/airflow/example_dags/example_dataset_alias.py took 0.095 seconds
[2024-11-04T13:36:46.178-0800] {processor.py:186} INFO - Started process (PID=54479) to work on /opt/anaconda3/lib/python3.12/site-packages/airflow/example_dags/example_dataset_alias.py
[2024-11-04T13:36:46.179-0800] {processor.py:914} INFO - Processing file /opt/anaconda3/lib/python3.12/site-packages/airflow/example_dags/example_dataset_alias.py for tasks to queue
[2024-11-04T13:36:46.179-0800] {logging_mixin.py:190} INFO - [2024-11-04T13:36:46.179-0800] {dagbag.py:588} INFO - Filling up the DagBag from /opt/anaconda3/lib/python3.12/site-packages/airflow/example_dags/example_dataset_alias.py
[2024-11-04T13:36:46.236-0800] {processor.py:925} INFO - DAG(s) 'dataset_s3_bucket_consumer', 'dataset_alias_example_alias_producer', 'dataset_alias_example_alias_consumer', 'dataset_s3_bucket_producer' retrieved from /opt/anaconda3/lib/python3.12/site-packages/airflow/example_dags/example_dataset_alias.py
[2024-11-04T13:36:46.244-0800] {logging_mixin.py:190} INFO - [2024-11-04T13:36:46.244-0800] {dag.py:3239} INFO - Sync 4 DAGs
[2024-11-04T13:36:46.250-0800] {logging_mixin.py:190} INFO - [2024-11-04T13:36:46.250-0800] {dag.py:4180} INFO - Setting next_dagrun for dataset_alias_example_alias_consumer to None, run_after=None
[2024-11-04T13:36:46.251-0800] {logging_mixin.py:190} INFO - [2024-11-04T13:36:46.251-0800] {dag.py:4180} INFO - Setting next_dagrun for dataset_alias_example_alias_producer to None, run_after=None
[2024-11-04T13:36:46.251-0800] {logging_mixin.py:190} INFO - [2024-11-04T13:36:46.251-0800] {dag.py:4180} INFO - Setting next_dagrun for dataset_s3_bucket_consumer to None, run_after=None
[2024-11-04T13:36:46.251-0800] {logging_mixin.py:190} INFO - [2024-11-04T13:36:46.251-0800] {dag.py:4180} INFO - Setting next_dagrun for dataset_s3_bucket_producer to None, run_after=None
[2024-11-04T13:36:46.257-0800] {processor.py:208} INFO - Processing /opt/anaconda3/lib/python3.12/site-packages/airflow/example_dags/example_dataset_alias.py took 0.080 seconds
[2024-11-04T13:39:08.241-0800] {processor.py:186} INFO - Started process (PID=54665) to work on /opt/anaconda3/lib/python3.12/site-packages/airflow/example_dags/example_dataset_alias.py
[2024-11-04T13:39:08.242-0800] {processor.py:914} INFO - Processing file /opt/anaconda3/lib/python3.12/site-packages/airflow/example_dags/example_dataset_alias.py for tasks to queue
[2024-11-04T13:39:08.242-0800] {logging_mixin.py:190} INFO - [2024-11-04T13:39:08.242-0800] {dagbag.py:588} INFO - Filling up the DagBag from /opt/anaconda3/lib/python3.12/site-packages/airflow/example_dags/example_dataset_alias.py
[2024-11-04T13:39:08.300-0800] {processor.py:925} INFO - DAG(s) 'dataset_s3_bucket_consumer', 'dataset_alias_example_alias_consumer', 'dataset_alias_example_alias_producer', 'dataset_s3_bucket_producer' retrieved from /opt/anaconda3/lib/python3.12/site-packages/airflow/example_dags/example_dataset_alias.py
[2024-11-04T13:39:08.307-0800] {logging_mixin.py:190} INFO - [2024-11-04T13:39:08.307-0800] {dag.py:3239} INFO - Sync 4 DAGs
[2024-11-04T13:39:08.313-0800] {logging_mixin.py:190} INFO - [2024-11-04T13:39:08.313-0800] {dag.py:4180} INFO - Setting next_dagrun for dataset_alias_example_alias_consumer to None, run_after=None
[2024-11-04T13:39:08.314-0800] {logging_mixin.py:190} INFO - [2024-11-04T13:39:08.314-0800] {dag.py:4180} INFO - Setting next_dagrun for dataset_alias_example_alias_producer to None, run_after=None
[2024-11-04T13:39:08.314-0800] {logging_mixin.py:190} INFO - [2024-11-04T13:39:08.314-0800] {dag.py:4180} INFO - Setting next_dagrun for dataset_s3_bucket_consumer to None, run_after=None
[2024-11-04T13:39:08.314-0800] {logging_mixin.py:190} INFO - [2024-11-04T13:39:08.314-0800] {dag.py:4180} INFO - Setting next_dagrun for dataset_s3_bucket_producer to None, run_after=None
[2024-11-04T13:39:08.321-0800] {processor.py:208} INFO - Processing /opt/anaconda3/lib/python3.12/site-packages/airflow/example_dags/example_dataset_alias.py took 0.080 seconds
[2024-11-04T13:41:29.779-0800] {processor.py:186} INFO - Started process (PID=54839) to work on /opt/anaconda3/lib/python3.12/site-packages/airflow/example_dags/example_dataset_alias.py
[2024-11-04T13:41:29.779-0800] {processor.py:914} INFO - Processing file /opt/anaconda3/lib/python3.12/site-packages/airflow/example_dags/example_dataset_alias.py for tasks to queue
[2024-11-04T13:41:29.780-0800] {logging_mixin.py:190} INFO - [2024-11-04T13:41:29.780-0800] {dagbag.py:588} INFO - Filling up the DagBag from /opt/anaconda3/lib/python3.12/site-packages/airflow/example_dags/example_dataset_alias.py
[2024-11-04T13:41:29.839-0800] {processor.py:925} INFO - DAG(s) 'dataset_alias_example_alias_consumer', 'dataset_s3_bucket_consumer', 'dataset_s3_bucket_producer', 'dataset_alias_example_alias_producer' retrieved from /opt/anaconda3/lib/python3.12/site-packages/airflow/example_dags/example_dataset_alias.py
[2024-11-04T13:41:29.848-0800] {logging_mixin.py:190} INFO - [2024-11-04T13:41:29.848-0800] {dag.py:3239} INFO - Sync 4 DAGs
[2024-11-04T13:41:29.855-0800] {logging_mixin.py:190} INFO - [2024-11-04T13:41:29.855-0800] {dag.py:4180} INFO - Setting next_dagrun for dataset_alias_example_alias_consumer to None, run_after=None
[2024-11-04T13:41:29.856-0800] {logging_mixin.py:190} INFO - [2024-11-04T13:41:29.856-0800] {dag.py:4180} INFO - Setting next_dagrun for dataset_alias_example_alias_producer to None, run_after=None
[2024-11-04T13:41:29.856-0800] {logging_mixin.py:190} INFO - [2024-11-04T13:41:29.856-0800] {dag.py:4180} INFO - Setting next_dagrun for dataset_s3_bucket_consumer to None, run_after=None
[2024-11-04T13:41:29.856-0800] {logging_mixin.py:190} INFO - [2024-11-04T13:41:29.856-0800] {dag.py:4180} INFO - Setting next_dagrun for dataset_s3_bucket_producer to None, run_after=None
[2024-11-04T13:41:29.863-0800] {processor.py:208} INFO - Processing /opt/anaconda3/lib/python3.12/site-packages/airflow/example_dags/example_dataset_alias.py took 0.085 seconds
[2024-11-04T13:43:56.267-0800] {processor.py:186} INFO - Started process (PID=55010) to work on /opt/anaconda3/lib/python3.12/site-packages/airflow/example_dags/example_dataset_alias.py
[2024-11-04T13:43:56.268-0800] {processor.py:914} INFO - Processing file /opt/anaconda3/lib/python3.12/site-packages/airflow/example_dags/example_dataset_alias.py for tasks to queue
[2024-11-04T13:43:56.268-0800] {logging_mixin.py:190} INFO - [2024-11-04T13:43:56.268-0800] {dagbag.py:588} INFO - Filling up the DagBag from /opt/anaconda3/lib/python3.12/site-packages/airflow/example_dags/example_dataset_alias.py
[2024-11-04T13:43:56.325-0800] {processor.py:925} INFO - DAG(s) 'dataset_s3_bucket_consumer', 'dataset_alias_example_alias_producer', 'dataset_alias_example_alias_consumer', 'dataset_s3_bucket_producer' retrieved from /opt/anaconda3/lib/python3.12/site-packages/airflow/example_dags/example_dataset_alias.py
[2024-11-04T13:43:56.332-0800] {logging_mixin.py:190} INFO - [2024-11-04T13:43:56.332-0800] {dag.py:3239} INFO - Sync 4 DAGs
[2024-11-04T13:43:56.338-0800] {logging_mixin.py:190} INFO - [2024-11-04T13:43:56.338-0800] {dag.py:4180} INFO - Setting next_dagrun for dataset_alias_example_alias_consumer to None, run_after=None
[2024-11-04T13:43:56.339-0800] {logging_mixin.py:190} INFO - [2024-11-04T13:43:56.339-0800] {dag.py:4180} INFO - Setting next_dagrun for dataset_alias_example_alias_producer to None, run_after=None
[2024-11-04T13:43:56.339-0800] {logging_mixin.py:190} INFO - [2024-11-04T13:43:56.339-0800] {dag.py:4180} INFO - Setting next_dagrun for dataset_s3_bucket_consumer to None, run_after=None
[2024-11-04T13:43:56.339-0800] {logging_mixin.py:190} INFO - [2024-11-04T13:43:56.339-0800] {dag.py:4180} INFO - Setting next_dagrun for dataset_s3_bucket_producer to None, run_after=None
[2024-11-04T13:43:56.346-0800] {processor.py:208} INFO - Processing /opt/anaconda3/lib/python3.12/site-packages/airflow/example_dags/example_dataset_alias.py took 0.079 seconds
[2024-11-04T13:46:21.277-0800] {processor.py:186} INFO - Started process (PID=55182) to work on /opt/anaconda3/lib/python3.12/site-packages/airflow/example_dags/example_dataset_alias.py
[2024-11-04T13:46:21.277-0800] {processor.py:914} INFO - Processing file /opt/anaconda3/lib/python3.12/site-packages/airflow/example_dags/example_dataset_alias.py for tasks to queue
[2024-11-04T13:46:21.278-0800] {logging_mixin.py:190} INFO - [2024-11-04T13:46:21.278-0800] {dagbag.py:588} INFO - Filling up the DagBag from /opt/anaconda3/lib/python3.12/site-packages/airflow/example_dags/example_dataset_alias.py
[2024-11-04T13:46:21.335-0800] {processor.py:925} INFO - DAG(s) 'dataset_alias_example_alias_consumer', 'dataset_s3_bucket_producer', 'dataset_alias_example_alias_producer', 'dataset_s3_bucket_consumer' retrieved from /opt/anaconda3/lib/python3.12/site-packages/airflow/example_dags/example_dataset_alias.py
[2024-11-04T13:46:21.342-0800] {logging_mixin.py:190} INFO - [2024-11-04T13:46:21.342-0800] {dag.py:3239} INFO - Sync 4 DAGs
[2024-11-04T13:46:21.348-0800] {logging_mixin.py:190} INFO - [2024-11-04T13:46:21.348-0800] {dag.py:4180} INFO - Setting next_dagrun for dataset_alias_example_alias_consumer to None, run_after=None
[2024-11-04T13:46:21.350-0800] {logging_mixin.py:190} INFO - [2024-11-04T13:46:21.350-0800] {dag.py:4180} INFO - Setting next_dagrun for dataset_alias_example_alias_producer to None, run_after=None
[2024-11-04T13:46:21.350-0800] {logging_mixin.py:190} INFO - [2024-11-04T13:46:21.350-0800] {dag.py:4180} INFO - Setting next_dagrun for dataset_s3_bucket_consumer to None, run_after=None
[2024-11-04T13:46:21.350-0800] {logging_mixin.py:190} INFO - [2024-11-04T13:46:21.350-0800] {dag.py:4180} INFO - Setting next_dagrun for dataset_s3_bucket_producer to None, run_after=None
[2024-11-04T13:46:21.357-0800] {processor.py:208} INFO - Processing /opt/anaconda3/lib/python3.12/site-packages/airflow/example_dags/example_dataset_alias.py took 0.081 seconds
[2024-11-04T13:48:38.446-0800] {processor.py:186} INFO - Started process (PID=55350) to work on /opt/anaconda3/lib/python3.12/site-packages/airflow/example_dags/example_dataset_alias.py
[2024-11-04T13:48:38.447-0800] {processor.py:914} INFO - Processing file /opt/anaconda3/lib/python3.12/site-packages/airflow/example_dags/example_dataset_alias.py for tasks to queue
[2024-11-04T13:48:38.447-0800] {logging_mixin.py:190} INFO - [2024-11-04T13:48:38.447-0800] {dagbag.py:588} INFO - Filling up the DagBag from /opt/anaconda3/lib/python3.12/site-packages/airflow/example_dags/example_dataset_alias.py
[2024-11-04T13:48:38.506-0800] {processor.py:925} INFO - DAG(s) 'dataset_alias_example_alias_producer', 'dataset_s3_bucket_consumer', 'dataset_alias_example_alias_consumer', 'dataset_s3_bucket_producer' retrieved from /opt/anaconda3/lib/python3.12/site-packages/airflow/example_dags/example_dataset_alias.py
[2024-11-04T13:48:38.513-0800] {logging_mixin.py:190} INFO - [2024-11-04T13:48:38.513-0800] {dag.py:3239} INFO - Sync 4 DAGs
[2024-11-04T13:48:38.519-0800] {logging_mixin.py:190} INFO - [2024-11-04T13:48:38.519-0800] {dag.py:4180} INFO - Setting next_dagrun for dataset_alias_example_alias_consumer to None, run_after=None
[2024-11-04T13:48:38.520-0800] {logging_mixin.py:190} INFO - [2024-11-04T13:48:38.520-0800] {dag.py:4180} INFO - Setting next_dagrun for dataset_alias_example_alias_producer to None, run_after=None
[2024-11-04T13:48:38.520-0800] {logging_mixin.py:190} INFO - [2024-11-04T13:48:38.520-0800] {dag.py:4180} INFO - Setting next_dagrun for dataset_s3_bucket_consumer to None, run_after=None
[2024-11-04T13:48:38.521-0800] {logging_mixin.py:190} INFO - [2024-11-04T13:48:38.520-0800] {dag.py:4180} INFO - Setting next_dagrun for dataset_s3_bucket_producer to None, run_after=None
[2024-11-04T13:48:38.527-0800] {processor.py:208} INFO - Processing /opt/anaconda3/lib/python3.12/site-packages/airflow/example_dags/example_dataset_alias.py took 0.082 seconds
[2024-11-04T13:51:02.773-0800] {processor.py:186} INFO - Started process (PID=55535) to work on /opt/anaconda3/lib/python3.12/site-packages/airflow/example_dags/example_dataset_alias.py
[2024-11-04T13:51:02.773-0800] {processor.py:914} INFO - Processing file /opt/anaconda3/lib/python3.12/site-packages/airflow/example_dags/example_dataset_alias.py for tasks to queue
[2024-11-04T13:51:02.774-0800] {logging_mixin.py:190} INFO - [2024-11-04T13:51:02.774-0800] {dagbag.py:588} INFO - Filling up the DagBag from /opt/anaconda3/lib/python3.12/site-packages/airflow/example_dags/example_dataset_alias.py
[2024-11-04T13:51:02.835-0800] {processor.py:925} INFO - DAG(s) 'dataset_s3_bucket_consumer', 'dataset_alias_example_alias_consumer', 'dataset_alias_example_alias_producer', 'dataset_s3_bucket_producer' retrieved from /opt/anaconda3/lib/python3.12/site-packages/airflow/example_dags/example_dataset_alias.py
[2024-11-04T13:51:02.843-0800] {logging_mixin.py:190} INFO - [2024-11-04T13:51:02.842-0800] {dag.py:3239} INFO - Sync 4 DAGs
[2024-11-04T13:51:02.850-0800] {logging_mixin.py:190} INFO - [2024-11-04T13:51:02.850-0800] {dag.py:4180} INFO - Setting next_dagrun for dataset_alias_example_alias_consumer to None, run_after=None
[2024-11-04T13:51:02.850-0800] {logging_mixin.py:190} INFO - [2024-11-04T13:51:02.850-0800] {dag.py:4180} INFO - Setting next_dagrun for dataset_alias_example_alias_producer to None, run_after=None
[2024-11-04T13:51:02.851-0800] {logging_mixin.py:190} INFO - [2024-11-04T13:51:02.851-0800] {dag.py:4180} INFO - Setting next_dagrun for dataset_s3_bucket_consumer to None, run_after=None
[2024-11-04T13:51:02.851-0800] {logging_mixin.py:190} INFO - [2024-11-04T13:51:02.851-0800] {dag.py:4180} INFO - Setting next_dagrun for dataset_s3_bucket_producer to None, run_after=None
[2024-11-04T13:51:02.858-0800] {processor.py:208} INFO - Processing /opt/anaconda3/lib/python3.12/site-packages/airflow/example_dags/example_dataset_alias.py took 0.086 seconds
[2024-11-04T13:53:33.181-0800] {processor.py:186} INFO - Started process (PID=55705) to work on /opt/anaconda3/lib/python3.12/site-packages/airflow/example_dags/example_dataset_alias.py
[2024-11-04T13:53:33.182-0800] {processor.py:914} INFO - Processing file /opt/anaconda3/lib/python3.12/site-packages/airflow/example_dags/example_dataset_alias.py for tasks to queue
[2024-11-04T13:53:33.182-0800] {logging_mixin.py:190} INFO - [2024-11-04T13:53:33.182-0800] {dagbag.py:588} INFO - Filling up the DagBag from /opt/anaconda3/lib/python3.12/site-packages/airflow/example_dags/example_dataset_alias.py
[2024-11-04T13:53:33.239-0800] {processor.py:925} INFO - DAG(s) 'dataset_s3_bucket_producer', 'dataset_alias_example_alias_consumer', 'dataset_s3_bucket_consumer', 'dataset_alias_example_alias_producer' retrieved from /opt/anaconda3/lib/python3.12/site-packages/airflow/example_dags/example_dataset_alias.py
[2024-11-04T13:53:33.246-0800] {logging_mixin.py:190} INFO - [2024-11-04T13:53:33.246-0800] {dag.py:3239} INFO - Sync 4 DAGs
[2024-11-04T13:53:33.252-0800] {logging_mixin.py:190} INFO - [2024-11-04T13:53:33.252-0800] {dag.py:4180} INFO - Setting next_dagrun for dataset_alias_example_alias_consumer to None, run_after=None
[2024-11-04T13:53:33.253-0800] {logging_mixin.py:190} INFO - [2024-11-04T13:53:33.253-0800] {dag.py:4180} INFO - Setting next_dagrun for dataset_alias_example_alias_producer to None, run_after=None
[2024-11-04T13:53:33.253-0800] {logging_mixin.py:190} INFO - [2024-11-04T13:53:33.253-0800] {dag.py:4180} INFO - Setting next_dagrun for dataset_s3_bucket_consumer to None, run_after=None
[2024-11-04T13:53:33.253-0800] {logging_mixin.py:190} INFO - [2024-11-04T13:53:33.253-0800] {dag.py:4180} INFO - Setting next_dagrun for dataset_s3_bucket_producer to None, run_after=None
[2024-11-04T13:53:33.260-0800] {processor.py:208} INFO - Processing /opt/anaconda3/lib/python3.12/site-packages/airflow/example_dags/example_dataset_alias.py took 0.080 seconds
[2024-11-04T13:56:02.324-0800] {processor.py:186} INFO - Started process (PID=55905) to work on /opt/anaconda3/lib/python3.12/site-packages/airflow/example_dags/example_dataset_alias.py
[2024-11-04T13:56:02.325-0800] {processor.py:914} INFO - Processing file /opt/anaconda3/lib/python3.12/site-packages/airflow/example_dags/example_dataset_alias.py for tasks to queue
[2024-11-04T13:56:02.325-0800] {logging_mixin.py:190} INFO - [2024-11-04T13:56:02.325-0800] {dagbag.py:588} INFO - Filling up the DagBag from /opt/anaconda3/lib/python3.12/site-packages/airflow/example_dags/example_dataset_alias.py
[2024-11-04T13:56:02.400-0800] {processor.py:925} INFO - DAG(s) 'dataset_alias_example_alias_producer', 'dataset_s3_bucket_consumer', 'dataset_s3_bucket_producer', 'dataset_alias_example_alias_consumer' retrieved from /opt/anaconda3/lib/python3.12/site-packages/airflow/example_dags/example_dataset_alias.py
[2024-11-04T13:56:02.407-0800] {logging_mixin.py:190} INFO - [2024-11-04T13:56:02.407-0800] {dag.py:3239} INFO - Sync 4 DAGs
[2024-11-04T13:56:02.413-0800] {logging_mixin.py:190} INFO - [2024-11-04T13:56:02.413-0800] {dag.py:4180} INFO - Setting next_dagrun for dataset_alias_example_alias_consumer to None, run_after=None
[2024-11-04T13:56:02.414-0800] {logging_mixin.py:190} INFO - [2024-11-04T13:56:02.414-0800] {dag.py:4180} INFO - Setting next_dagrun for dataset_alias_example_alias_producer to None, run_after=None
[2024-11-04T13:56:02.414-0800] {logging_mixin.py:190} INFO - [2024-11-04T13:56:02.414-0800] {dag.py:4180} INFO - Setting next_dagrun for dataset_s3_bucket_consumer to None, run_after=None
[2024-11-04T13:56:02.414-0800] {logging_mixin.py:190} INFO - [2024-11-04T13:56:02.414-0800] {dag.py:4180} INFO - Setting next_dagrun for dataset_s3_bucket_producer to None, run_after=None
[2024-11-04T13:56:02.421-0800] {processor.py:208} INFO - Processing /opt/anaconda3/lib/python3.12/site-packages/airflow/example_dags/example_dataset_alias.py took 0.098 seconds
[2024-11-04T13:58:31.135-0800] {processor.py:186} INFO - Started process (PID=56087) to work on /opt/anaconda3/lib/python3.12/site-packages/airflow/example_dags/example_dataset_alias.py
[2024-11-04T13:58:31.135-0800] {processor.py:914} INFO - Processing file /opt/anaconda3/lib/python3.12/site-packages/airflow/example_dags/example_dataset_alias.py for tasks to queue
[2024-11-04T13:58:31.136-0800] {logging_mixin.py:190} INFO - [2024-11-04T13:58:31.136-0800] {dagbag.py:588} INFO - Filling up the DagBag from /opt/anaconda3/lib/python3.12/site-packages/airflow/example_dags/example_dataset_alias.py
[2024-11-04T13:58:31.193-0800] {processor.py:925} INFO - DAG(s) 'dataset_s3_bucket_producer', 'dataset_s3_bucket_consumer', 'dataset_alias_example_alias_consumer', 'dataset_alias_example_alias_producer' retrieved from /opt/anaconda3/lib/python3.12/site-packages/airflow/example_dags/example_dataset_alias.py
[2024-11-04T13:58:31.201-0800] {logging_mixin.py:190} INFO - [2024-11-04T13:58:31.200-0800] {dag.py:3239} INFO - Sync 4 DAGs
[2024-11-04T13:58:31.206-0800] {logging_mixin.py:190} INFO - [2024-11-04T13:58:31.206-0800] {dag.py:4180} INFO - Setting next_dagrun for dataset_alias_example_alias_consumer to None, run_after=None
[2024-11-04T13:58:31.207-0800] {logging_mixin.py:190} INFO - [2024-11-04T13:58:31.207-0800] {dag.py:4180} INFO - Setting next_dagrun for dataset_alias_example_alias_producer to None, run_after=None
[2024-11-04T13:58:31.207-0800] {logging_mixin.py:190} INFO - [2024-11-04T13:58:31.207-0800] {dag.py:4180} INFO - Setting next_dagrun for dataset_s3_bucket_consumer to None, run_after=None
[2024-11-04T13:58:31.208-0800] {logging_mixin.py:190} INFO - [2024-11-04T13:58:31.208-0800] {dag.py:4180} INFO - Setting next_dagrun for dataset_s3_bucket_producer to None, run_after=None
[2024-11-04T13:58:31.214-0800] {processor.py:208} INFO - Processing /opt/anaconda3/lib/python3.12/site-packages/airflow/example_dags/example_dataset_alias.py took 0.081 seconds
[2024-11-04T14:00:58.035-0800] {processor.py:186} INFO - Started process (PID=56283) to work on /opt/anaconda3/lib/python3.12/site-packages/airflow/example_dags/example_dataset_alias.py
[2024-11-04T14:00:58.037-0800] {processor.py:914} INFO - Processing file /opt/anaconda3/lib/python3.12/site-packages/airflow/example_dags/example_dataset_alias.py for tasks to queue
[2024-11-04T14:00:58.037-0800] {logging_mixin.py:190} INFO - [2024-11-04T14:00:58.037-0800] {dagbag.py:588} INFO - Filling up the DagBag from /opt/anaconda3/lib/python3.12/site-packages/airflow/example_dags/example_dataset_alias.py
[2024-11-04T14:00:58.095-0800] {processor.py:925} INFO - DAG(s) 'dataset_s3_bucket_producer', 'dataset_s3_bucket_consumer', 'dataset_alias_example_alias_consumer', 'dataset_alias_example_alias_producer' retrieved from /opt/anaconda3/lib/python3.12/site-packages/airflow/example_dags/example_dataset_alias.py
[2024-11-04T14:00:58.103-0800] {logging_mixin.py:190} INFO - [2024-11-04T14:00:58.103-0800] {dag.py:3239} INFO - Sync 4 DAGs
[2024-11-04T14:00:58.109-0800] {logging_mixin.py:190} INFO - [2024-11-04T14:00:58.109-0800] {dag.py:4180} INFO - Setting next_dagrun for dataset_alias_example_alias_consumer to None, run_after=None
[2024-11-04T14:00:58.109-0800] {logging_mixin.py:190} INFO - [2024-11-04T14:00:58.109-0800] {dag.py:4180} INFO - Setting next_dagrun for dataset_alias_example_alias_producer to None, run_after=None
[2024-11-04T14:00:58.110-0800] {logging_mixin.py:190} INFO - [2024-11-04T14:00:58.110-0800] {dag.py:4180} INFO - Setting next_dagrun for dataset_s3_bucket_consumer to None, run_after=None
[2024-11-04T14:00:58.110-0800] {logging_mixin.py:190} INFO - [2024-11-04T14:00:58.110-0800] {dag.py:4180} INFO - Setting next_dagrun for dataset_s3_bucket_producer to None, run_after=None
[2024-11-04T14:00:58.116-0800] {processor.py:208} INFO - Processing /opt/anaconda3/lib/python3.12/site-packages/airflow/example_dags/example_dataset_alias.py took 0.083 seconds
[2024-11-04T14:03:24.470-0800] {processor.py:186} INFO - Started process (PID=56528) to work on /opt/anaconda3/lib/python3.12/site-packages/airflow/example_dags/example_dataset_alias.py
[2024-11-04T14:03:24.473-0800] {processor.py:914} INFO - Processing file /opt/anaconda3/lib/python3.12/site-packages/airflow/example_dags/example_dataset_alias.py for tasks to queue
[2024-11-04T14:03:24.474-0800] {logging_mixin.py:190} INFO - [2024-11-04T14:03:24.474-0800] {dagbag.py:588} INFO - Filling up the DagBag from /opt/anaconda3/lib/python3.12/site-packages/airflow/example_dags/example_dataset_alias.py
[2024-11-04T14:03:24.538-0800] {processor.py:925} INFO - DAG(s) 'dataset_alias_example_alias_producer', 'dataset_s3_bucket_consumer', 'dataset_s3_bucket_producer', 'dataset_alias_example_alias_consumer' retrieved from /opt/anaconda3/lib/python3.12/site-packages/airflow/example_dags/example_dataset_alias.py
[2024-11-04T14:03:24.567-0800] {logging_mixin.py:190} INFO - [2024-11-04T14:03:24.567-0800] {dag.py:3239} INFO - Sync 4 DAGs
[2024-11-04T14:03:24.600-0800] {logging_mixin.py:190} INFO - [2024-11-04T14:03:24.600-0800] {dag.py:4180} INFO - Setting next_dagrun for dataset_alias_example_alias_consumer to None, run_after=None
[2024-11-04T14:03:24.601-0800] {logging_mixin.py:190} INFO - [2024-11-04T14:03:24.601-0800] {dag.py:4180} INFO - Setting next_dagrun for dataset_alias_example_alias_producer to None, run_after=None
[2024-11-04T14:03:24.602-0800] {logging_mixin.py:190} INFO - [2024-11-04T14:03:24.602-0800] {dag.py:4180} INFO - Setting next_dagrun for dataset_s3_bucket_consumer to None, run_after=None
[2024-11-04T14:03:24.602-0800] {logging_mixin.py:190} INFO - [2024-11-04T14:03:24.602-0800] {dag.py:4180} INFO - Setting next_dagrun for dataset_s3_bucket_producer to None, run_after=None
[2024-11-04T14:03:24.610-0800] {processor.py:208} INFO - Processing /opt/anaconda3/lib/python3.12/site-packages/airflow/example_dags/example_dataset_alias.py took 0.142 seconds
[2024-11-04T14:05:50.135-0800] {processor.py:186} INFO - Started process (PID=56792) to work on /opt/anaconda3/lib/python3.12/site-packages/airflow/example_dags/example_dataset_alias.py
[2024-11-04T14:05:50.136-0800] {processor.py:914} INFO - Processing file /opt/anaconda3/lib/python3.12/site-packages/airflow/example_dags/example_dataset_alias.py for tasks to queue
[2024-11-04T14:05:50.136-0800] {logging_mixin.py:190} INFO - [2024-11-04T14:05:50.136-0800] {dagbag.py:588} INFO - Filling up the DagBag from /opt/anaconda3/lib/python3.12/site-packages/airflow/example_dags/example_dataset_alias.py
[2024-11-04T14:05:50.199-0800] {processor.py:925} INFO - DAG(s) 'dataset_alias_example_alias_consumer', 'dataset_alias_example_alias_producer', 'dataset_s3_bucket_consumer', 'dataset_s3_bucket_producer' retrieved from /opt/anaconda3/lib/python3.12/site-packages/airflow/example_dags/example_dataset_alias.py
[2024-11-04T14:05:50.207-0800] {logging_mixin.py:190} INFO - [2024-11-04T14:05:50.207-0800] {dag.py:3239} INFO - Sync 4 DAGs
[2024-11-04T14:05:50.214-0800] {logging_mixin.py:190} INFO - [2024-11-04T14:05:50.214-0800] {dag.py:4180} INFO - Setting next_dagrun for dataset_alias_example_alias_consumer to None, run_after=None
[2024-11-04T14:05:50.215-0800] {logging_mixin.py:190} INFO - [2024-11-04T14:05:50.214-0800] {dag.py:4180} INFO - Setting next_dagrun for dataset_alias_example_alias_producer to None, run_after=None
[2024-11-04T14:05:50.215-0800] {logging_mixin.py:190} INFO - [2024-11-04T14:05:50.215-0800] {dag.py:4180} INFO - Setting next_dagrun for dataset_s3_bucket_consumer to None, run_after=None
[2024-11-04T14:05:50.215-0800] {logging_mixin.py:190} INFO - [2024-11-04T14:05:50.215-0800] {dag.py:4180} INFO - Setting next_dagrun for dataset_s3_bucket_producer to None, run_after=None
[2024-11-04T14:05:50.223-0800] {processor.py:208} INFO - Processing /opt/anaconda3/lib/python3.12/site-packages/airflow/example_dags/example_dataset_alias.py took 0.088 seconds
[2024-11-04T14:08:12.558-0800] {processor.py:186} INFO - Started process (PID=57004) to work on /opt/anaconda3/lib/python3.12/site-packages/airflow/example_dags/example_dataset_alias.py
[2024-11-04T14:08:12.559-0800] {processor.py:914} INFO - Processing file /opt/anaconda3/lib/python3.12/site-packages/airflow/example_dags/example_dataset_alias.py for tasks to queue
[2024-11-04T14:08:12.559-0800] {logging_mixin.py:190} INFO - [2024-11-04T14:08:12.559-0800] {dagbag.py:588} INFO - Filling up the DagBag from /opt/anaconda3/lib/python3.12/site-packages/airflow/example_dags/example_dataset_alias.py
[2024-11-04T14:08:12.617-0800] {processor.py:925} INFO - DAG(s) 'dataset_alias_example_alias_producer', 'dataset_s3_bucket_consumer', 'dataset_alias_example_alias_consumer', 'dataset_s3_bucket_producer' retrieved from /opt/anaconda3/lib/python3.12/site-packages/airflow/example_dags/example_dataset_alias.py
[2024-11-04T14:08:12.625-0800] {logging_mixin.py:190} INFO - [2024-11-04T14:08:12.625-0800] {dag.py:3239} INFO - Sync 4 DAGs
[2024-11-04T14:08:12.631-0800] {logging_mixin.py:190} INFO - [2024-11-04T14:08:12.631-0800] {dag.py:4180} INFO - Setting next_dagrun for dataset_alias_example_alias_consumer to None, run_after=None
[2024-11-04T14:08:12.631-0800] {logging_mixin.py:190} INFO - [2024-11-04T14:08:12.631-0800] {dag.py:4180} INFO - Setting next_dagrun for dataset_alias_example_alias_producer to None, run_after=None
[2024-11-04T14:08:12.632-0800] {logging_mixin.py:190} INFO - [2024-11-04T14:08:12.632-0800] {dag.py:4180} INFO - Setting next_dagrun for dataset_s3_bucket_consumer to None, run_after=None
[2024-11-04T14:08:12.632-0800] {logging_mixin.py:190} INFO - [2024-11-04T14:08:12.632-0800] {dag.py:4180} INFO - Setting next_dagrun for dataset_s3_bucket_producer to None, run_after=None
[2024-11-04T14:08:12.638-0800] {processor.py:208} INFO - Processing /opt/anaconda3/lib/python3.12/site-packages/airflow/example_dags/example_dataset_alias.py took 0.081 seconds
[2024-11-04T14:10:44.565-0800] {processor.py:186} INFO - Started process (PID=57191) to work on /opt/anaconda3/lib/python3.12/site-packages/airflow/example_dags/example_dataset_alias.py
[2024-11-04T14:10:44.566-0800] {processor.py:914} INFO - Processing file /opt/anaconda3/lib/python3.12/site-packages/airflow/example_dags/example_dataset_alias.py for tasks to queue
[2024-11-04T14:10:44.566-0800] {logging_mixin.py:190} INFO - [2024-11-04T14:10:44.566-0800] {dagbag.py:588} INFO - Filling up the DagBag from /opt/anaconda3/lib/python3.12/site-packages/airflow/example_dags/example_dataset_alias.py
[2024-11-04T14:10:44.624-0800] {processor.py:925} INFO - DAG(s) 'dataset_s3_bucket_consumer', 'dataset_alias_example_alias_producer', 'dataset_alias_example_alias_consumer', 'dataset_s3_bucket_producer' retrieved from /opt/anaconda3/lib/python3.12/site-packages/airflow/example_dags/example_dataset_alias.py
[2024-11-04T14:10:44.633-0800] {logging_mixin.py:190} INFO - [2024-11-04T14:10:44.633-0800] {dag.py:3239} INFO - Sync 4 DAGs
[2024-11-04T14:10:44.639-0800] {logging_mixin.py:190} INFO - [2024-11-04T14:10:44.639-0800] {dag.py:4180} INFO - Setting next_dagrun for dataset_alias_example_alias_consumer to None, run_after=None
[2024-11-04T14:10:44.639-0800] {logging_mixin.py:190} INFO - [2024-11-04T14:10:44.639-0800] {dag.py:4180} INFO - Setting next_dagrun for dataset_alias_example_alias_producer to None, run_after=None
[2024-11-04T14:10:44.640-0800] {logging_mixin.py:190} INFO - [2024-11-04T14:10:44.640-0800] {dag.py:4180} INFO - Setting next_dagrun for dataset_s3_bucket_consumer to None, run_after=None
[2024-11-04T14:10:44.640-0800] {logging_mixin.py:190} INFO - [2024-11-04T14:10:44.640-0800] {dag.py:4180} INFO - Setting next_dagrun for dataset_s3_bucket_producer to None, run_after=None
[2024-11-04T14:10:44.646-0800] {processor.py:208} INFO - Processing /opt/anaconda3/lib/python3.12/site-packages/airflow/example_dags/example_dataset_alias.py took 0.082 seconds
[2024-11-04T14:21:37.945-0800] {processor.py:186} INFO - Started process (PID=57870) to work on /opt/anaconda3/lib/python3.12/site-packages/airflow/example_dags/example_dataset_alias.py
[2024-11-04T14:21:37.946-0800] {processor.py:914} INFO - Processing file /opt/anaconda3/lib/python3.12/site-packages/airflow/example_dags/example_dataset_alias.py for tasks to queue
[2024-11-04T14:21:37.946-0800] {logging_mixin.py:190} INFO - [2024-11-04T14:21:37.946-0800] {dagbag.py:588} INFO - Filling up the DagBag from /opt/anaconda3/lib/python3.12/site-packages/airflow/example_dags/example_dataset_alias.py
[2024-11-04T14:21:38.020-0800] {processor.py:925} INFO - DAG(s) 'dataset_alias_example_alias_consumer', 'dataset_alias_example_alias_producer', 'dataset_s3_bucket_consumer', 'dataset_s3_bucket_producer' retrieved from /opt/anaconda3/lib/python3.12/site-packages/airflow/example_dags/example_dataset_alias.py
[2024-11-04T14:21:38.062-0800] {logging_mixin.py:190} INFO - [2024-11-04T14:21:38.062-0800] {override.py:1907} INFO - Created Permission View: can edit on DAG:dataset_alias_example_alias_consumer
[2024-11-04T14:21:38.067-0800] {logging_mixin.py:190} INFO - [2024-11-04T14:21:38.067-0800] {override.py:1907} INFO - Created Permission View: can read on DAG:dataset_alias_example_alias_consumer
[2024-11-04T14:21:38.070-0800] {logging_mixin.py:190} INFO - [2024-11-04T14:21:38.070-0800] {override.py:1907} INFO - Created Permission View: can delete on DAG:dataset_alias_example_alias_consumer
[2024-11-04T14:21:38.073-0800] {logging_mixin.py:190} INFO - [2024-11-04T14:21:38.073-0800] {override.py:1907} INFO - Created Permission View: menu access on DAG Run:dataset_alias_example_alias_consumer
[2024-11-04T14:21:38.076-0800] {logging_mixin.py:190} INFO - [2024-11-04T14:21:38.076-0800] {override.py:1907} INFO - Created Permission View: can read on DAG Run:dataset_alias_example_alias_consumer
[2024-11-04T14:21:38.078-0800] {logging_mixin.py:190} INFO - [2024-11-04T14:21:38.078-0800] {override.py:1907} INFO - Created Permission View: can delete on DAG Run:dataset_alias_example_alias_consumer
[2024-11-04T14:21:38.081-0800] {logging_mixin.py:190} INFO - [2024-11-04T14:21:38.080-0800] {override.py:1907} INFO - Created Permission View: can create on DAG Run:dataset_alias_example_alias_consumer
[2024-11-04T14:21:38.087-0800] {logging_mixin.py:190} INFO - [2024-11-04T14:21:38.087-0800] {override.py:1907} INFO - Created Permission View: can edit on DAG:dataset_alias_example_alias_producer
[2024-11-04T14:21:38.089-0800] {logging_mixin.py:190} INFO - [2024-11-04T14:21:38.089-0800] {override.py:1907} INFO - Created Permission View: can read on DAG:dataset_alias_example_alias_producer
[2024-11-04T14:21:38.092-0800] {logging_mixin.py:190} INFO - [2024-11-04T14:21:38.092-0800] {override.py:1907} INFO - Created Permission View: can delete on DAG:dataset_alias_example_alias_producer
[2024-11-04T14:21:38.095-0800] {logging_mixin.py:190} INFO - [2024-11-04T14:21:38.095-0800] {override.py:1907} INFO - Created Permission View: menu access on DAG Run:dataset_alias_example_alias_producer
[2024-11-04T14:21:38.097-0800] {logging_mixin.py:190} INFO - [2024-11-04T14:21:38.097-0800] {override.py:1907} INFO - Created Permission View: can read on DAG Run:dataset_alias_example_alias_producer
[2024-11-04T14:21:38.099-0800] {logging_mixin.py:190} INFO - [2024-11-04T14:21:38.099-0800] {override.py:1907} INFO - Created Permission View: can delete on DAG Run:dataset_alias_example_alias_producer
[2024-11-04T14:21:38.102-0800] {logging_mixin.py:190} INFO - [2024-11-04T14:21:38.102-0800] {override.py:1907} INFO - Created Permission View: can create on DAG Run:dataset_alias_example_alias_producer
[2024-11-04T14:21:38.107-0800] {logging_mixin.py:190} INFO - [2024-11-04T14:21:38.107-0800] {override.py:1907} INFO - Created Permission View: can edit on DAG:dataset_s3_bucket_consumer
[2024-11-04T14:21:38.109-0800] {logging_mixin.py:190} INFO - [2024-11-04T14:21:38.109-0800] {override.py:1907} INFO - Created Permission View: can read on DAG:dataset_s3_bucket_consumer
[2024-11-04T14:21:38.111-0800] {logging_mixin.py:190} INFO - [2024-11-04T14:21:38.111-0800] {override.py:1907} INFO - Created Permission View: can delete on DAG:dataset_s3_bucket_consumer
[2024-11-04T14:21:38.113-0800] {logging_mixin.py:190} INFO - [2024-11-04T14:21:38.113-0800] {override.py:1907} INFO - Created Permission View: menu access on DAG Run:dataset_s3_bucket_consumer
[2024-11-04T14:21:38.116-0800] {logging_mixin.py:190} INFO - [2024-11-04T14:21:38.115-0800] {override.py:1907} INFO - Created Permission View: can read on DAG Run:dataset_s3_bucket_consumer
[2024-11-04T14:21:38.118-0800] {logging_mixin.py:190} INFO - [2024-11-04T14:21:38.118-0800] {override.py:1907} INFO - Created Permission View: can delete on DAG Run:dataset_s3_bucket_consumer
[2024-11-04T14:21:38.120-0800] {logging_mixin.py:190} INFO - [2024-11-04T14:21:38.120-0800] {override.py:1907} INFO - Created Permission View: can create on DAG Run:dataset_s3_bucket_consumer
[2024-11-04T14:21:38.129-0800] {logging_mixin.py:190} INFO - [2024-11-04T14:21:38.129-0800] {override.py:1907} INFO - Created Permission View: can edit on DAG:dataset_s3_bucket_producer
[2024-11-04T14:21:38.136-0800] {logging_mixin.py:190} INFO - [2024-11-04T14:21:38.135-0800] {override.py:1907} INFO - Created Permission View: can read on DAG:dataset_s3_bucket_producer
[2024-11-04T14:21:38.140-0800] {logging_mixin.py:190} INFO - [2024-11-04T14:21:38.140-0800] {override.py:1907} INFO - Created Permission View: can delete on DAG:dataset_s3_bucket_producer
[2024-11-04T14:21:38.142-0800] {logging_mixin.py:190} INFO - [2024-11-04T14:21:38.142-0800] {override.py:1907} INFO - Created Permission View: menu access on DAG Run:dataset_s3_bucket_producer
[2024-11-04T14:21:38.144-0800] {logging_mixin.py:190} INFO - [2024-11-04T14:21:38.144-0800] {override.py:1907} INFO - Created Permission View: can read on DAG Run:dataset_s3_bucket_producer
[2024-11-04T14:21:38.147-0800] {logging_mixin.py:190} INFO - [2024-11-04T14:21:38.146-0800] {override.py:1907} INFO - Created Permission View: can delete on DAG Run:dataset_s3_bucket_producer
[2024-11-04T14:21:38.149-0800] {logging_mixin.py:190} INFO - [2024-11-04T14:21:38.149-0800] {override.py:1907} INFO - Created Permission View: can create on DAG Run:dataset_s3_bucket_producer
[2024-11-04T14:21:38.150-0800] {logging_mixin.py:190} INFO - [2024-11-04T14:21:38.149-0800] {dag.py:3239} INFO - Sync 4 DAGs
[2024-11-04T14:21:38.158-0800] {logging_mixin.py:190} INFO - [2024-11-04T14:21:38.158-0800] {dag.py:3262} INFO - Creating ORM DAG for dataset_s3_bucket_consumer
[2024-11-04T14:21:38.158-0800] {logging_mixin.py:190} INFO - [2024-11-04T14:21:38.158-0800] {dag.py:3262} INFO - Creating ORM DAG for dataset_alias_example_alias_producer
[2024-11-04T14:21:38.158-0800] {logging_mixin.py:190} INFO - [2024-11-04T14:21:38.158-0800] {dag.py:3262} INFO - Creating ORM DAG for dataset_s3_bucket_producer
[2024-11-04T14:21:38.158-0800] {logging_mixin.py:190} INFO - [2024-11-04T14:21:38.158-0800] {dag.py:3262} INFO - Creating ORM DAG for dataset_alias_example_alias_consumer
[2024-11-04T14:21:38.162-0800] {logging_mixin.py:190} INFO - [2024-11-04T14:21:38.162-0800] {dag.py:4180} INFO - Setting next_dagrun for dataset_alias_example_alias_consumer to None, run_after=None
[2024-11-04T14:21:38.162-0800] {logging_mixin.py:190} INFO - [2024-11-04T14:21:38.162-0800] {dag.py:4180} INFO - Setting next_dagrun for dataset_alias_example_alias_producer to None, run_after=None
[2024-11-04T14:21:38.162-0800] {logging_mixin.py:190} INFO - [2024-11-04T14:21:38.162-0800] {dag.py:4180} INFO - Setting next_dagrun for dataset_s3_bucket_consumer to None, run_after=None
[2024-11-04T14:21:38.163-0800] {logging_mixin.py:190} INFO - [2024-11-04T14:21:38.163-0800] {dag.py:4180} INFO - Setting next_dagrun for dataset_s3_bucket_producer to None, run_after=None
[2024-11-04T14:21:38.446-0800] {logging_mixin.py:190} INFO - [2024-11-04T14:21:38.446-0800] {utils.py:160} INFO - NumExpr defaulting to 8 threads.
[2024-11-04T14:21:38.559-0800] {processor.py:208} INFO - Processing /opt/anaconda3/lib/python3.12/site-packages/airflow/example_dags/example_dataset_alias.py took 0.616 seconds
[2024-11-04T14:32:02.875-0800] {processor.py:186} INFO - Started process (PID=58522) to work on /opt/anaconda3/lib/python3.12/site-packages/airflow/example_dags/example_dataset_alias.py
[2024-11-04T14:32:02.876-0800] {processor.py:914} INFO - Processing file /opt/anaconda3/lib/python3.12/site-packages/airflow/example_dags/example_dataset_alias.py for tasks to queue
[2024-11-04T14:32:02.876-0800] {logging_mixin.py:190} INFO - [2024-11-04T14:32:02.876-0800] {dagbag.py:588} INFO - Filling up the DagBag from /opt/anaconda3/lib/python3.12/site-packages/airflow/example_dags/example_dataset_alias.py
[2024-11-04T14:32:02.956-0800] {processor.py:925} INFO - DAG(s) 'dataset_s3_bucket_consumer', 'dataset_alias_example_alias_consumer', 'dataset_alias_example_alias_producer', 'dataset_s3_bucket_producer' retrieved from /opt/anaconda3/lib/python3.12/site-packages/airflow/example_dags/example_dataset_alias.py
[2024-11-04T14:32:02.971-0800] {logging_mixin.py:190} INFO - [2024-11-04T14:32:02.971-0800] {dag.py:3239} INFO - Sync 4 DAGs
[2024-11-04T14:32:02.979-0800] {logging_mixin.py:190} INFO - [2024-11-04T14:32:02.979-0800] {dag.py:4180} INFO - Setting next_dagrun for dataset_alias_example_alias_consumer to None, run_after=None
[2024-11-04T14:32:02.980-0800] {logging_mixin.py:190} INFO - [2024-11-04T14:32:02.980-0800] {dag.py:4180} INFO - Setting next_dagrun for dataset_alias_example_alias_producer to None, run_after=None
[2024-11-04T14:32:02.981-0800] {logging_mixin.py:190} INFO - [2024-11-04T14:32:02.981-0800] {dag.py:4180} INFO - Setting next_dagrun for dataset_s3_bucket_consumer to None, run_after=None
[2024-11-04T14:32:02.982-0800] {logging_mixin.py:190} INFO - [2024-11-04T14:32:02.981-0800] {dag.py:4180} INFO - Setting next_dagrun for dataset_s3_bucket_producer to None, run_after=None
[2024-11-04T14:32:02.992-0800] {processor.py:208} INFO - Processing /opt/anaconda3/lib/python3.12/site-packages/airflow/example_dags/example_dataset_alias.py took 0.119 seconds
[2024-11-04T15:37:41.560-0800] {processor.py:186} INFO - Started process (PID=58748) to work on /opt/anaconda3/lib/python3.12/site-packages/airflow/example_dags/example_dataset_alias.py
[2024-11-04T15:37:41.560-0800] {processor.py:914} INFO - Processing file /opt/anaconda3/lib/python3.12/site-packages/airflow/example_dags/example_dataset_alias.py for tasks to queue
[2024-11-04T15:37:41.561-0800] {logging_mixin.py:190} INFO - [2024-11-04T15:37:41.561-0800] {dagbag.py:588} INFO - Filling up the DagBag from /opt/anaconda3/lib/python3.12/site-packages/airflow/example_dags/example_dataset_alias.py
[2024-11-04T15:37:41.629-0800] {processor.py:925} INFO - DAG(s) 'dataset_s3_bucket_producer', 'dataset_alias_example_alias_consumer', 'dataset_s3_bucket_consumer', 'dataset_alias_example_alias_producer' retrieved from /opt/anaconda3/lib/python3.12/site-packages/airflow/example_dags/example_dataset_alias.py
[2024-11-04T15:37:41.640-0800] {logging_mixin.py:190} INFO - [2024-11-04T15:37:41.640-0800] {dag.py:3239} INFO - Sync 4 DAGs
[2024-11-04T15:37:41.648-0800] {logging_mixin.py:190} INFO - [2024-11-04T15:37:41.648-0800] {dag.py:4180} INFO - Setting next_dagrun for dataset_alias_example_alias_consumer to None, run_after=None
[2024-11-04T15:37:41.650-0800] {logging_mixin.py:190} INFO - [2024-11-04T15:37:41.650-0800] {dag.py:4180} INFO - Setting next_dagrun for dataset_alias_example_alias_producer to None, run_after=None
[2024-11-04T15:37:41.650-0800] {logging_mixin.py:190} INFO - [2024-11-04T15:37:41.650-0800] {dag.py:4180} INFO - Setting next_dagrun for dataset_s3_bucket_consumer to None, run_after=None
[2024-11-04T15:37:41.651-0800] {logging_mixin.py:190} INFO - [2024-11-04T15:37:41.651-0800] {dag.py:4180} INFO - Setting next_dagrun for dataset_s3_bucket_producer to None, run_after=None
[2024-11-04T15:37:41.663-0800] {processor.py:208} INFO - Processing /opt/anaconda3/lib/python3.12/site-packages/airflow/example_dags/example_dataset_alias.py took 0.105 seconds
[2024-11-04T15:38:14.171-0800] {processor.py:186} INFO - Started process (PID=58876) to work on /opt/anaconda3/lib/python3.12/site-packages/airflow/example_dags/example_dataset_alias.py
[2024-11-04T15:38:14.173-0800] {processor.py:914} INFO - Processing file /opt/anaconda3/lib/python3.12/site-packages/airflow/example_dags/example_dataset_alias.py for tasks to queue
[2024-11-04T15:38:14.173-0800] {logging_mixin.py:190} INFO - [2024-11-04T15:38:14.173-0800] {dagbag.py:588} INFO - Filling up the DagBag from /opt/anaconda3/lib/python3.12/site-packages/airflow/example_dags/example_dataset_alias.py
[2024-11-04T15:38:14.244-0800] {processor.py:925} INFO - DAG(s) 'dataset_alias_example_alias_producer', 'dataset_alias_example_alias_consumer', 'dataset_s3_bucket_producer', 'dataset_s3_bucket_consumer' retrieved from /opt/anaconda3/lib/python3.12/site-packages/airflow/example_dags/example_dataset_alias.py
[2024-11-04T15:38:14.255-0800] {logging_mixin.py:190} INFO - [2024-11-04T15:38:14.255-0800] {dag.py:3239} INFO - Sync 4 DAGs
[2024-11-04T15:38:14.266-0800] {logging_mixin.py:190} INFO - [2024-11-04T15:38:14.266-0800] {dag.py:4180} INFO - Setting next_dagrun for dataset_alias_example_alias_consumer to None, run_after=None
[2024-11-04T15:38:14.267-0800] {logging_mixin.py:190} INFO - [2024-11-04T15:38:14.267-0800] {dag.py:4180} INFO - Setting next_dagrun for dataset_alias_example_alias_producer to None, run_after=None
[2024-11-04T15:38:14.268-0800] {logging_mixin.py:190} INFO - [2024-11-04T15:38:14.268-0800] {dag.py:4180} INFO - Setting next_dagrun for dataset_s3_bucket_consumer to None, run_after=None
[2024-11-04T15:38:14.269-0800] {logging_mixin.py:190} INFO - [2024-11-04T15:38:14.269-0800] {dag.py:4180} INFO - Setting next_dagrun for dataset_s3_bucket_producer to None, run_after=None
[2024-11-04T15:38:14.281-0800] {processor.py:208} INFO - Processing /opt/anaconda3/lib/python3.12/site-packages/airflow/example_dags/example_dataset_alias.py took 0.111 seconds
[2024-11-04T15:55:26.437-0800] {processor.py:186} INFO - Started process (PID=59007) to work on /opt/anaconda3/lib/python3.12/site-packages/airflow/example_dags/example_dataset_alias.py
[2024-11-04T15:55:26.438-0800] {processor.py:914} INFO - Processing file /opt/anaconda3/lib/python3.12/site-packages/airflow/example_dags/example_dataset_alias.py for tasks to queue
[2024-11-04T15:55:26.438-0800] {logging_mixin.py:190} INFO - [2024-11-04T15:55:26.438-0800] {dagbag.py:588} INFO - Filling up the DagBag from /opt/anaconda3/lib/python3.12/site-packages/airflow/example_dags/example_dataset_alias.py
[2024-11-04T15:55:26.511-0800] {processor.py:925} INFO - DAG(s) 'dataset_alias_example_alias_producer', 'dataset_s3_bucket_consumer', 'dataset_s3_bucket_producer', 'dataset_alias_example_alias_consumer' retrieved from /opt/anaconda3/lib/python3.12/site-packages/airflow/example_dags/example_dataset_alias.py
[2024-11-04T15:55:26.521-0800] {logging_mixin.py:190} INFO - [2024-11-04T15:55:26.521-0800] {dag.py:3239} INFO - Sync 4 DAGs
[2024-11-04T15:55:26.529-0800] {logging_mixin.py:190} INFO - [2024-11-04T15:55:26.529-0800] {dag.py:4180} INFO - Setting next_dagrun for dataset_alias_example_alias_consumer to None, run_after=None
[2024-11-04T15:55:26.530-0800] {logging_mixin.py:190} INFO - [2024-11-04T15:55:26.530-0800] {dag.py:4180} INFO - Setting next_dagrun for dataset_alias_example_alias_producer to None, run_after=None
[2024-11-04T15:55:26.530-0800] {logging_mixin.py:190} INFO - [2024-11-04T15:55:26.530-0800] {dag.py:4180} INFO - Setting next_dagrun for dataset_s3_bucket_consumer to None, run_after=None
[2024-11-04T15:55:26.531-0800] {logging_mixin.py:190} INFO - [2024-11-04T15:55:26.531-0800] {dag.py:4180} INFO - Setting next_dagrun for dataset_s3_bucket_producer to None, run_after=None
[2024-11-04T15:55:26.541-0800] {processor.py:208} INFO - Processing /opt/anaconda3/lib/python3.12/site-packages/airflow/example_dags/example_dataset_alias.py took 0.106 seconds
