[2024-11-04T12:31:21.964-0800] {processor.py:186} INFO - Started process (PID=49871) to work on /opt/anaconda3/lib/python3.12/site-packages/airflow/example_dags/example_setup_teardown_taskflow.py
[2024-11-04T12:31:21.965-0800] {processor.py:914} INFO - Processing file /opt/anaconda3/lib/python3.12/site-packages/airflow/example_dags/example_setup_teardown_taskflow.py for tasks to queue
[2024-11-04T12:31:21.965-0800] {logging_mixin.py:190} INFO - [2024-11-04T12:31:21.965-0800] {dagbag.py:588} INFO - Filling up the DagBag from /opt/anaconda3/lib/python3.12/site-packages/airflow/example_dags/example_setup_teardown_taskflow.py
[2024-11-04T12:31:21.981-0800] {processor.py:925} INFO - DAG(s) 'example_setup_teardown_taskflow' retrieved from /opt/anaconda3/lib/python3.12/site-packages/airflow/example_dags/example_setup_teardown_taskflow.py
[2024-11-04T12:31:22.044-0800] {logging_mixin.py:190} INFO - [2024-11-04T12:31:22.044-0800] {dag.py:3239} INFO - Sync 1 DAGs
[2024-11-04T12:31:22.047-0800] {logging_mixin.py:190} INFO - [2024-11-04T12:31:22.047-0800] {dag.py:4180} INFO - Setting next_dagrun for example_setup_teardown_taskflow to None, run_after=None
[2024-11-04T12:31:22.054-0800] {processor.py:208} INFO - Processing /opt/anaconda3/lib/python3.12/site-packages/airflow/example_dags/example_setup_teardown_taskflow.py took 0.091 seconds
[2024-11-04T12:42:41.472-0800] {processor.py:186} INFO - Started process (PID=50259) to work on /opt/anaconda3/lib/python3.12/site-packages/airflow/example_dags/example_setup_teardown_taskflow.py
[2024-11-04T12:42:41.473-0800] {processor.py:914} INFO - Processing file /opt/anaconda3/lib/python3.12/site-packages/airflow/example_dags/example_setup_teardown_taskflow.py for tasks to queue
[2024-11-04T12:42:41.474-0800] {logging_mixin.py:190} INFO - [2024-11-04T12:42:41.474-0800] {dagbag.py:588} INFO - Filling up the DagBag from /opt/anaconda3/lib/python3.12/site-packages/airflow/example_dags/example_setup_teardown_taskflow.py
[2024-11-04T12:42:41.489-0800] {processor.py:925} INFO - DAG(s) 'example_setup_teardown_taskflow' retrieved from /opt/anaconda3/lib/python3.12/site-packages/airflow/example_dags/example_setup_teardown_taskflow.py
[2024-11-04T12:42:41.519-0800] {logging_mixin.py:190} INFO - [2024-11-04T12:42:41.519-0800] {dag.py:3239} INFO - Sync 1 DAGs
[2024-11-04T12:42:41.522-0800] {logging_mixin.py:190} INFO - [2024-11-04T12:42:41.522-0800] {dag.py:4180} INFO - Setting next_dagrun for example_setup_teardown_taskflow to None, run_after=None
[2024-11-04T12:42:41.528-0800] {processor.py:208} INFO - Processing /opt/anaconda3/lib/python3.12/site-packages/airflow/example_dags/example_setup_teardown_taskflow.py took 0.057 seconds
[2024-11-04T12:44:25.319-0800] {processor.py:186} INFO - Started process (PID=50381) to work on /opt/anaconda3/lib/python3.12/site-packages/airflow/example_dags/example_setup_teardown_taskflow.py
[2024-11-04T12:44:25.320-0800] {processor.py:914} INFO - Processing file /opt/anaconda3/lib/python3.12/site-packages/airflow/example_dags/example_setup_teardown_taskflow.py for tasks to queue
[2024-11-04T12:44:25.321-0800] {logging_mixin.py:190} INFO - [2024-11-04T12:44:25.320-0800] {dagbag.py:588} INFO - Filling up the DagBag from /opt/anaconda3/lib/python3.12/site-packages/airflow/example_dags/example_setup_teardown_taskflow.py
[2024-11-04T12:44:25.337-0800] {processor.py:925} INFO - DAG(s) 'example_setup_teardown_taskflow' retrieved from /opt/anaconda3/lib/python3.12/site-packages/airflow/example_dags/example_setup_teardown_taskflow.py
[2024-11-04T12:44:25.375-0800] {logging_mixin.py:190} INFO - [2024-11-04T12:44:25.375-0800] {dag.py:3239} INFO - Sync 1 DAGs
[2024-11-04T12:44:25.379-0800] {logging_mixin.py:190} INFO - [2024-11-04T12:44:25.379-0800] {dag.py:4180} INFO - Setting next_dagrun for example_setup_teardown_taskflow to None, run_after=None
[2024-11-04T12:44:25.387-0800] {processor.py:208} INFO - Processing /opt/anaconda3/lib/python3.12/site-packages/airflow/example_dags/example_setup_teardown_taskflow.py took 0.069 seconds
[2024-11-04T12:46:53.685-0800] {processor.py:186} INFO - Started process (PID=50620) to work on /opt/anaconda3/lib/python3.12/site-packages/airflow/example_dags/example_setup_teardown_taskflow.py
[2024-11-04T12:46:53.686-0800] {processor.py:914} INFO - Processing file /opt/anaconda3/lib/python3.12/site-packages/airflow/example_dags/example_setup_teardown_taskflow.py for tasks to queue
[2024-11-04T12:46:53.686-0800] {logging_mixin.py:190} INFO - [2024-11-04T12:46:53.686-0800] {dagbag.py:588} INFO - Filling up the DagBag from /opt/anaconda3/lib/python3.12/site-packages/airflow/example_dags/example_setup_teardown_taskflow.py
[2024-11-04T12:46:53.700-0800] {processor.py:925} INFO - DAG(s) 'example_setup_teardown_taskflow' retrieved from /opt/anaconda3/lib/python3.12/site-packages/airflow/example_dags/example_setup_teardown_taskflow.py
[2024-11-04T12:46:53.730-0800] {logging_mixin.py:190} INFO - [2024-11-04T12:46:53.730-0800] {dag.py:3239} INFO - Sync 1 DAGs
[2024-11-04T12:46:53.734-0800] {logging_mixin.py:190} INFO - [2024-11-04T12:46:53.734-0800] {dag.py:4180} INFO - Setting next_dagrun for example_setup_teardown_taskflow to None, run_after=None
[2024-11-04T12:46:53.740-0800] {processor.py:208} INFO - Processing /opt/anaconda3/lib/python3.12/site-packages/airflow/example_dags/example_setup_teardown_taskflow.py took 0.056 seconds
[2024-11-04T12:48:08.796-0800] {processor.py:186} INFO - Started process (PID=50704) to work on /opt/anaconda3/lib/python3.12/site-packages/airflow/example_dags/example_setup_teardown_taskflow.py
[2024-11-04T12:48:08.798-0800] {processor.py:914} INFO - Processing file /opt/anaconda3/lib/python3.12/site-packages/airflow/example_dags/example_setup_teardown_taskflow.py for tasks to queue
[2024-11-04T12:48:08.798-0800] {logging_mixin.py:190} INFO - [2024-11-04T12:48:08.798-0800] {dagbag.py:588} INFO - Filling up the DagBag from /opt/anaconda3/lib/python3.12/site-packages/airflow/example_dags/example_setup_teardown_taskflow.py
[2024-11-04T12:48:08.811-0800] {processor.py:925} INFO - DAG(s) 'example_setup_teardown_taskflow' retrieved from /opt/anaconda3/lib/python3.12/site-packages/airflow/example_dags/example_setup_teardown_taskflow.py
[2024-11-04T12:48:08.841-0800] {logging_mixin.py:190} INFO - [2024-11-04T12:48:08.841-0800] {dag.py:3239} INFO - Sync 1 DAGs
[2024-11-04T12:48:08.844-0800] {logging_mixin.py:190} INFO - [2024-11-04T12:48:08.844-0800] {dag.py:4180} INFO - Setting next_dagrun for example_setup_teardown_taskflow to None, run_after=None
[2024-11-04T12:48:08.850-0800] {processor.py:208} INFO - Processing /opt/anaconda3/lib/python3.12/site-packages/airflow/example_dags/example_setup_teardown_taskflow.py took 0.055 seconds
[2024-11-04T12:49:23.905-0800] {processor.py:186} INFO - Started process (PID=50818) to work on /opt/anaconda3/lib/python3.12/site-packages/airflow/example_dags/example_setup_teardown_taskflow.py
[2024-11-04T12:49:23.906-0800] {processor.py:914} INFO - Processing file /opt/anaconda3/lib/python3.12/site-packages/airflow/example_dags/example_setup_teardown_taskflow.py for tasks to queue
[2024-11-04T12:49:23.906-0800] {logging_mixin.py:190} INFO - [2024-11-04T12:49:23.906-0800] {dagbag.py:588} INFO - Filling up the DagBag from /opt/anaconda3/lib/python3.12/site-packages/airflow/example_dags/example_setup_teardown_taskflow.py
[2024-11-04T12:49:23.923-0800] {processor.py:925} INFO - DAG(s) 'example_setup_teardown_taskflow' retrieved from /opt/anaconda3/lib/python3.12/site-packages/airflow/example_dags/example_setup_teardown_taskflow.py
[2024-11-04T12:49:23.953-0800] {logging_mixin.py:190} INFO - [2024-11-04T12:49:23.952-0800] {dag.py:3239} INFO - Sync 1 DAGs
[2024-11-04T12:49:23.956-0800] {logging_mixin.py:190} INFO - [2024-11-04T12:49:23.956-0800] {dag.py:4180} INFO - Setting next_dagrun for example_setup_teardown_taskflow to None, run_after=None
[2024-11-04T12:49:23.961-0800] {processor.py:208} INFO - Processing /opt/anaconda3/lib/python3.12/site-packages/airflow/example_dags/example_setup_teardown_taskflow.py took 0.057 seconds
[2024-11-04T12:50:38.894-0800] {processor.py:186} INFO - Started process (PID=50941) to work on /opt/anaconda3/lib/python3.12/site-packages/airflow/example_dags/example_setup_teardown_taskflow.py
[2024-11-04T12:50:38.895-0800] {processor.py:914} INFO - Processing file /opt/anaconda3/lib/python3.12/site-packages/airflow/example_dags/example_setup_teardown_taskflow.py for tasks to queue
[2024-11-04T12:50:38.895-0800] {logging_mixin.py:190} INFO - [2024-11-04T12:50:38.895-0800] {dagbag.py:588} INFO - Filling up the DagBag from /opt/anaconda3/lib/python3.12/site-packages/airflow/example_dags/example_setup_teardown_taskflow.py
[2024-11-04T12:50:38.909-0800] {processor.py:925} INFO - DAG(s) 'example_setup_teardown_taskflow' retrieved from /opt/anaconda3/lib/python3.12/site-packages/airflow/example_dags/example_setup_teardown_taskflow.py
[2024-11-04T12:50:38.939-0800] {logging_mixin.py:190} INFO - [2024-11-04T12:50:38.939-0800] {dag.py:3239} INFO - Sync 1 DAGs
[2024-11-04T12:50:38.942-0800] {logging_mixin.py:190} INFO - [2024-11-04T12:50:38.942-0800] {dag.py:4180} INFO - Setting next_dagrun for example_setup_teardown_taskflow to None, run_after=None
[2024-11-04T12:50:38.948-0800] {processor.py:208} INFO - Processing /opt/anaconda3/lib/python3.12/site-packages/airflow/example_dags/example_setup_teardown_taskflow.py took 0.054 seconds
[2024-11-04T12:51:53.180-0800] {processor.py:186} INFO - Started process (PID=51032) to work on /opt/anaconda3/lib/python3.12/site-packages/airflow/example_dags/example_setup_teardown_taskflow.py
[2024-11-04T12:51:53.180-0800] {processor.py:914} INFO - Processing file /opt/anaconda3/lib/python3.12/site-packages/airflow/example_dags/example_setup_teardown_taskflow.py for tasks to queue
[2024-11-04T12:51:53.181-0800] {logging_mixin.py:190} INFO - [2024-11-04T12:51:53.181-0800] {dagbag.py:588} INFO - Filling up the DagBag from /opt/anaconda3/lib/python3.12/site-packages/airflow/example_dags/example_setup_teardown_taskflow.py
[2024-11-04T12:51:53.195-0800] {processor.py:925} INFO - DAG(s) 'example_setup_teardown_taskflow' retrieved from /opt/anaconda3/lib/python3.12/site-packages/airflow/example_dags/example_setup_teardown_taskflow.py
[2024-11-04T12:51:53.225-0800] {logging_mixin.py:190} INFO - [2024-11-04T12:51:53.225-0800] {dag.py:3239} INFO - Sync 1 DAGs
[2024-11-04T12:51:53.228-0800] {logging_mixin.py:190} INFO - [2024-11-04T12:51:53.228-0800] {dag.py:4180} INFO - Setting next_dagrun for example_setup_teardown_taskflow to None, run_after=None
[2024-11-04T12:51:53.234-0800] {processor.py:208} INFO - Processing /opt/anaconda3/lib/python3.12/site-packages/airflow/example_dags/example_setup_teardown_taskflow.py took 0.056 seconds
[2024-11-04T12:54:24.453-0800] {processor.py:186} INFO - Started process (PID=51230) to work on /opt/anaconda3/lib/python3.12/site-packages/airflow/example_dags/example_setup_teardown_taskflow.py
[2024-11-04T12:54:24.454-0800] {processor.py:914} INFO - Processing file /opt/anaconda3/lib/python3.12/site-packages/airflow/example_dags/example_setup_teardown_taskflow.py for tasks to queue
[2024-11-04T12:54:24.454-0800] {logging_mixin.py:190} INFO - [2024-11-04T12:54:24.454-0800] {dagbag.py:588} INFO - Filling up the DagBag from /opt/anaconda3/lib/python3.12/site-packages/airflow/example_dags/example_setup_teardown_taskflow.py
[2024-11-04T12:54:24.471-0800] {processor.py:925} INFO - DAG(s) 'example_setup_teardown_taskflow' retrieved from /opt/anaconda3/lib/python3.12/site-packages/airflow/example_dags/example_setup_teardown_taskflow.py
[2024-11-04T12:54:24.508-0800] {logging_mixin.py:190} INFO - [2024-11-04T12:54:24.508-0800] {dag.py:3239} INFO - Sync 1 DAGs
[2024-11-04T12:54:24.513-0800] {logging_mixin.py:190} INFO - [2024-11-04T12:54:24.513-0800] {dag.py:4180} INFO - Setting next_dagrun for example_setup_teardown_taskflow to None, run_after=None
[2024-11-04T12:54:24.522-0800] {processor.py:208} INFO - Processing /opt/anaconda3/lib/python3.12/site-packages/airflow/example_dags/example_setup_teardown_taskflow.py took 0.070 seconds
[2024-11-04T12:55:41.360-0800] {processor.py:186} INFO - Started process (PID=51314) to work on /opt/anaconda3/lib/python3.12/site-packages/airflow/example_dags/example_setup_teardown_taskflow.py
[2024-11-04T12:55:41.360-0800] {processor.py:914} INFO - Processing file /opt/anaconda3/lib/python3.12/site-packages/airflow/example_dags/example_setup_teardown_taskflow.py for tasks to queue
[2024-11-04T12:55:41.361-0800] {logging_mixin.py:190} INFO - [2024-11-04T12:55:41.361-0800] {dagbag.py:588} INFO - Filling up the DagBag from /opt/anaconda3/lib/python3.12/site-packages/airflow/example_dags/example_setup_teardown_taskflow.py
[2024-11-04T12:55:41.376-0800] {processor.py:925} INFO - DAG(s) 'example_setup_teardown_taskflow' retrieved from /opt/anaconda3/lib/python3.12/site-packages/airflow/example_dags/example_setup_teardown_taskflow.py
[2024-11-04T12:55:41.407-0800] {logging_mixin.py:190} INFO - [2024-11-04T12:55:41.407-0800] {dag.py:3239} INFO - Sync 1 DAGs
[2024-11-04T12:55:41.411-0800] {logging_mixin.py:190} INFO - [2024-11-04T12:55:41.410-0800] {dag.py:4180} INFO - Setting next_dagrun for example_setup_teardown_taskflow to None, run_after=None
[2024-11-04T12:55:41.417-0800] {processor.py:208} INFO - Processing /opt/anaconda3/lib/python3.12/site-packages/airflow/example_dags/example_setup_teardown_taskflow.py took 0.058 seconds
[2024-11-04T12:56:57.641-0800] {processor.py:186} INFO - Started process (PID=51410) to work on /opt/anaconda3/lib/python3.12/site-packages/airflow/example_dags/example_setup_teardown_taskflow.py
[2024-11-04T12:56:57.643-0800] {processor.py:914} INFO - Processing file /opt/anaconda3/lib/python3.12/site-packages/airflow/example_dags/example_setup_teardown_taskflow.py for tasks to queue
[2024-11-04T12:56:57.643-0800] {logging_mixin.py:190} INFO - [2024-11-04T12:56:57.643-0800] {dagbag.py:588} INFO - Filling up the DagBag from /opt/anaconda3/lib/python3.12/site-packages/airflow/example_dags/example_setup_teardown_taskflow.py
[2024-11-04T12:56:57.657-0800] {processor.py:925} INFO - DAG(s) 'example_setup_teardown_taskflow' retrieved from /opt/anaconda3/lib/python3.12/site-packages/airflow/example_dags/example_setup_teardown_taskflow.py
[2024-11-04T12:56:57.686-0800] {logging_mixin.py:190} INFO - [2024-11-04T12:56:57.686-0800] {dag.py:3239} INFO - Sync 1 DAGs
[2024-11-04T12:56:57.690-0800] {logging_mixin.py:190} INFO - [2024-11-04T12:56:57.690-0800] {dag.py:4180} INFO - Setting next_dagrun for example_setup_teardown_taskflow to None, run_after=None
[2024-11-04T12:56:57.695-0800] {processor.py:208} INFO - Processing /opt/anaconda3/lib/python3.12/site-packages/airflow/example_dags/example_setup_teardown_taskflow.py took 0.056 seconds
[2024-11-04T12:59:21.279-0800] {processor.py:186} INFO - Started process (PID=51598) to work on /opt/anaconda3/lib/python3.12/site-packages/airflow/example_dags/example_setup_teardown_taskflow.py
[2024-11-04T12:59:21.279-0800] {processor.py:914} INFO - Processing file /opt/anaconda3/lib/python3.12/site-packages/airflow/example_dags/example_setup_teardown_taskflow.py for tasks to queue
[2024-11-04T12:59:21.280-0800] {logging_mixin.py:190} INFO - [2024-11-04T12:59:21.280-0800] {dagbag.py:588} INFO - Filling up the DagBag from /opt/anaconda3/lib/python3.12/site-packages/airflow/example_dags/example_setup_teardown_taskflow.py
[2024-11-04T12:59:21.294-0800] {processor.py:925} INFO - DAG(s) 'example_setup_teardown_taskflow' retrieved from /opt/anaconda3/lib/python3.12/site-packages/airflow/example_dags/example_setup_teardown_taskflow.py
[2024-11-04T12:59:21.324-0800] {logging_mixin.py:190} INFO - [2024-11-04T12:59:21.323-0800] {dag.py:3239} INFO - Sync 1 DAGs
[2024-11-04T12:59:21.327-0800] {logging_mixin.py:190} INFO - [2024-11-04T12:59:21.327-0800] {dag.py:4180} INFO - Setting next_dagrun for example_setup_teardown_taskflow to None, run_after=None
[2024-11-04T12:59:21.333-0800] {processor.py:208} INFO - Processing /opt/anaconda3/lib/python3.12/site-packages/airflow/example_dags/example_setup_teardown_taskflow.py took 0.055 seconds
[2024-11-04T13:00:37.784-0800] {processor.py:186} INFO - Started process (PID=51705) to work on /opt/anaconda3/lib/python3.12/site-packages/airflow/example_dags/example_setup_teardown_taskflow.py
[2024-11-04T13:00:37.785-0800] {processor.py:914} INFO - Processing file /opt/anaconda3/lib/python3.12/site-packages/airflow/example_dags/example_setup_teardown_taskflow.py for tasks to queue
[2024-11-04T13:00:37.785-0800] {logging_mixin.py:190} INFO - [2024-11-04T13:00:37.785-0800] {dagbag.py:588} INFO - Filling up the DagBag from /opt/anaconda3/lib/python3.12/site-packages/airflow/example_dags/example_setup_teardown_taskflow.py
[2024-11-04T13:00:37.799-0800] {processor.py:925} INFO - DAG(s) 'example_setup_teardown_taskflow' retrieved from /opt/anaconda3/lib/python3.12/site-packages/airflow/example_dags/example_setup_teardown_taskflow.py
[2024-11-04T13:00:37.829-0800] {logging_mixin.py:190} INFO - [2024-11-04T13:00:37.829-0800] {dag.py:3239} INFO - Sync 1 DAGs
[2024-11-04T13:00:37.833-0800] {logging_mixin.py:190} INFO - [2024-11-04T13:00:37.833-0800] {dag.py:4180} INFO - Setting next_dagrun for example_setup_teardown_taskflow to None, run_after=None
[2024-11-04T13:00:37.840-0800] {processor.py:208} INFO - Processing /opt/anaconda3/lib/python3.12/site-packages/airflow/example_dags/example_setup_teardown_taskflow.py took 0.058 seconds
[2024-11-04T13:01:54.050-0800] {processor.py:186} INFO - Started process (PID=51788) to work on /opt/anaconda3/lib/python3.12/site-packages/airflow/example_dags/example_setup_teardown_taskflow.py
[2024-11-04T13:01:54.052-0800] {processor.py:914} INFO - Processing file /opt/anaconda3/lib/python3.12/site-packages/airflow/example_dags/example_setup_teardown_taskflow.py for tasks to queue
[2024-11-04T13:01:54.052-0800] {logging_mixin.py:190} INFO - [2024-11-04T13:01:54.052-0800] {dagbag.py:588} INFO - Filling up the DagBag from /opt/anaconda3/lib/python3.12/site-packages/airflow/example_dags/example_setup_teardown_taskflow.py
[2024-11-04T13:01:54.067-0800] {processor.py:925} INFO - DAG(s) 'example_setup_teardown_taskflow' retrieved from /opt/anaconda3/lib/python3.12/site-packages/airflow/example_dags/example_setup_teardown_taskflow.py
[2024-11-04T13:01:54.098-0800] {logging_mixin.py:190} INFO - [2024-11-04T13:01:54.098-0800] {dag.py:3239} INFO - Sync 1 DAGs
[2024-11-04T13:01:54.102-0800] {logging_mixin.py:190} INFO - [2024-11-04T13:01:54.102-0800] {dag.py:4180} INFO - Setting next_dagrun for example_setup_teardown_taskflow to None, run_after=None
[2024-11-04T13:01:54.111-0800] {processor.py:208} INFO - Processing /opt/anaconda3/lib/python3.12/site-packages/airflow/example_dags/example_setup_teardown_taskflow.py took 0.061 seconds
[2024-11-04T13:03:09.523-0800] {processor.py:186} INFO - Started process (PID=51874) to work on /opt/anaconda3/lib/python3.12/site-packages/airflow/example_dags/example_setup_teardown_taskflow.py
[2024-11-04T13:03:09.524-0800] {processor.py:914} INFO - Processing file /opt/anaconda3/lib/python3.12/site-packages/airflow/example_dags/example_setup_teardown_taskflow.py for tasks to queue
[2024-11-04T13:03:09.524-0800] {logging_mixin.py:190} INFO - [2024-11-04T13:03:09.524-0800] {dagbag.py:588} INFO - Filling up the DagBag from /opt/anaconda3/lib/python3.12/site-packages/airflow/example_dags/example_setup_teardown_taskflow.py
[2024-11-04T13:03:09.538-0800] {processor.py:925} INFO - DAG(s) 'example_setup_teardown_taskflow' retrieved from /opt/anaconda3/lib/python3.12/site-packages/airflow/example_dags/example_setup_teardown_taskflow.py
[2024-11-04T13:03:09.569-0800] {logging_mixin.py:190} INFO - [2024-11-04T13:03:09.569-0800] {dag.py:3239} INFO - Sync 1 DAGs
[2024-11-04T13:03:09.572-0800] {logging_mixin.py:190} INFO - [2024-11-04T13:03:09.572-0800] {dag.py:4180} INFO - Setting next_dagrun for example_setup_teardown_taskflow to None, run_after=None
[2024-11-04T13:03:09.578-0800] {processor.py:208} INFO - Processing /opt/anaconda3/lib/python3.12/site-packages/airflow/example_dags/example_setup_teardown_taskflow.py took 0.056 seconds
[2024-11-04T13:05:32.329-0800] {processor.py:186} INFO - Started process (PID=52111) to work on /opt/anaconda3/lib/python3.12/site-packages/airflow/example_dags/example_setup_teardown_taskflow.py
[2024-11-04T13:05:32.330-0800] {processor.py:914} INFO - Processing file /opt/anaconda3/lib/python3.12/site-packages/airflow/example_dags/example_setup_teardown_taskflow.py for tasks to queue
[2024-11-04T13:05:32.330-0800] {logging_mixin.py:190} INFO - [2024-11-04T13:05:32.330-0800] {dagbag.py:588} INFO - Filling up the DagBag from /opt/anaconda3/lib/python3.12/site-packages/airflow/example_dags/example_setup_teardown_taskflow.py
[2024-11-04T13:05:32.344-0800] {processor.py:925} INFO - DAG(s) 'example_setup_teardown_taskflow' retrieved from /opt/anaconda3/lib/python3.12/site-packages/airflow/example_dags/example_setup_teardown_taskflow.py
[2024-11-04T13:05:32.374-0800] {logging_mixin.py:190} INFO - [2024-11-04T13:05:32.374-0800] {dag.py:3239} INFO - Sync 1 DAGs
[2024-11-04T13:05:32.377-0800] {logging_mixin.py:190} INFO - [2024-11-04T13:05:32.377-0800] {dag.py:4180} INFO - Setting next_dagrun for example_setup_teardown_taskflow to None, run_after=None
[2024-11-04T13:05:32.383-0800] {processor.py:208} INFO - Processing /opt/anaconda3/lib/python3.12/site-packages/airflow/example_dags/example_setup_teardown_taskflow.py took 0.055 seconds
[2024-11-04T13:07:59.641-0800] {processor.py:186} INFO - Started process (PID=52289) to work on /opt/anaconda3/lib/python3.12/site-packages/airflow/example_dags/example_setup_teardown_taskflow.py
[2024-11-04T13:07:59.642-0800] {processor.py:914} INFO - Processing file /opt/anaconda3/lib/python3.12/site-packages/airflow/example_dags/example_setup_teardown_taskflow.py for tasks to queue
[2024-11-04T13:07:59.642-0800] {logging_mixin.py:190} INFO - [2024-11-04T13:07:59.642-0800] {dagbag.py:588} INFO - Filling up the DagBag from /opt/anaconda3/lib/python3.12/site-packages/airflow/example_dags/example_setup_teardown_taskflow.py
[2024-11-04T13:07:59.658-0800] {processor.py:925} INFO - DAG(s) 'example_setup_teardown_taskflow' retrieved from /opt/anaconda3/lib/python3.12/site-packages/airflow/example_dags/example_setup_teardown_taskflow.py
[2024-11-04T13:07:59.688-0800] {logging_mixin.py:190} INFO - [2024-11-04T13:07:59.688-0800] {dag.py:3239} INFO - Sync 1 DAGs
[2024-11-04T13:07:59.691-0800] {logging_mixin.py:190} INFO - [2024-11-04T13:07:59.691-0800] {dag.py:4180} INFO - Setting next_dagrun for example_setup_teardown_taskflow to None, run_after=None
[2024-11-04T13:07:59.697-0800] {processor.py:208} INFO - Processing /opt/anaconda3/lib/python3.12/site-packages/airflow/example_dags/example_setup_teardown_taskflow.py took 0.057 seconds
[2024-11-04T13:10:18.966-0800] {processor.py:186} INFO - Started process (PID=52470) to work on /opt/anaconda3/lib/python3.12/site-packages/airflow/example_dags/example_setup_teardown_taskflow.py
[2024-11-04T13:10:18.967-0800] {processor.py:914} INFO - Processing file /opt/anaconda3/lib/python3.12/site-packages/airflow/example_dags/example_setup_teardown_taskflow.py for tasks to queue
[2024-11-04T13:10:18.968-0800] {logging_mixin.py:190} INFO - [2024-11-04T13:10:18.968-0800] {dagbag.py:588} INFO - Filling up the DagBag from /opt/anaconda3/lib/python3.12/site-packages/airflow/example_dags/example_setup_teardown_taskflow.py
[2024-11-04T13:10:18.984-0800] {processor.py:925} INFO - DAG(s) 'example_setup_teardown_taskflow' retrieved from /opt/anaconda3/lib/python3.12/site-packages/airflow/example_dags/example_setup_teardown_taskflow.py
[2024-11-04T13:10:19.016-0800] {logging_mixin.py:190} INFO - [2024-11-04T13:10:19.016-0800] {dag.py:3239} INFO - Sync 1 DAGs
[2024-11-04T13:10:19.020-0800] {logging_mixin.py:190} INFO - [2024-11-04T13:10:19.020-0800] {dag.py:4180} INFO - Setting next_dagrun for example_setup_teardown_taskflow to None, run_after=None
[2024-11-04T13:10:19.027-0800] {processor.py:208} INFO - Processing /opt/anaconda3/lib/python3.12/site-packages/airflow/example_dags/example_setup_teardown_taskflow.py took 0.062 seconds
[2024-11-04T13:11:30.996-0800] {processor.py:186} INFO - Started process (PID=52591) to work on /opt/anaconda3/lib/python3.12/site-packages/airflow/example_dags/example_setup_teardown_taskflow.py
[2024-11-04T13:11:30.997-0800] {processor.py:914} INFO - Processing file /opt/anaconda3/lib/python3.12/site-packages/airflow/example_dags/example_setup_teardown_taskflow.py for tasks to queue
[2024-11-04T13:11:30.998-0800] {logging_mixin.py:190} INFO - [2024-11-04T13:11:30.998-0800] {dagbag.py:588} INFO - Filling up the DagBag from /opt/anaconda3/lib/python3.12/site-packages/airflow/example_dags/example_setup_teardown_taskflow.py
[2024-11-04T13:11:31.012-0800] {processor.py:925} INFO - DAG(s) 'example_setup_teardown_taskflow' retrieved from /opt/anaconda3/lib/python3.12/site-packages/airflow/example_dags/example_setup_teardown_taskflow.py
[2024-11-04T13:11:31.041-0800] {logging_mixin.py:190} INFO - [2024-11-04T13:11:31.041-0800] {dag.py:3239} INFO - Sync 1 DAGs
[2024-11-04T13:11:31.044-0800] {logging_mixin.py:190} INFO - [2024-11-04T13:11:31.044-0800] {dag.py:4180} INFO - Setting next_dagrun for example_setup_teardown_taskflow to None, run_after=None
[2024-11-04T13:11:31.050-0800] {processor.py:208} INFO - Processing /opt/anaconda3/lib/python3.12/site-packages/airflow/example_dags/example_setup_teardown_taskflow.py took 0.055 seconds
[2024-11-04T13:12:43.175-0800] {processor.py:186} INFO - Started process (PID=52677) to work on /opt/anaconda3/lib/python3.12/site-packages/airflow/example_dags/example_setup_teardown_taskflow.py
[2024-11-04T13:12:43.176-0800] {processor.py:914} INFO - Processing file /opt/anaconda3/lib/python3.12/site-packages/airflow/example_dags/example_setup_teardown_taskflow.py for tasks to queue
[2024-11-04T13:12:43.176-0800] {logging_mixin.py:190} INFO - [2024-11-04T13:12:43.176-0800] {dagbag.py:588} INFO - Filling up the DagBag from /opt/anaconda3/lib/python3.12/site-packages/airflow/example_dags/example_setup_teardown_taskflow.py
[2024-11-04T13:12:43.190-0800] {processor.py:925} INFO - DAG(s) 'example_setup_teardown_taskflow' retrieved from /opt/anaconda3/lib/python3.12/site-packages/airflow/example_dags/example_setup_teardown_taskflow.py
[2024-11-04T13:12:43.221-0800] {logging_mixin.py:190} INFO - [2024-11-04T13:12:43.221-0800] {dag.py:3239} INFO - Sync 1 DAGs
[2024-11-04T13:12:43.224-0800] {logging_mixin.py:190} INFO - [2024-11-04T13:12:43.224-0800] {dag.py:4180} INFO - Setting next_dagrun for example_setup_teardown_taskflow to None, run_after=None
[2024-11-04T13:12:43.231-0800] {processor.py:208} INFO - Processing /opt/anaconda3/lib/python3.12/site-packages/airflow/example_dags/example_setup_teardown_taskflow.py took 0.057 seconds
[2024-11-04T13:13:55.123-0800] {processor.py:186} INFO - Started process (PID=52774) to work on /opt/anaconda3/lib/python3.12/site-packages/airflow/example_dags/example_setup_teardown_taskflow.py
[2024-11-04T13:13:55.125-0800] {processor.py:914} INFO - Processing file /opt/anaconda3/lib/python3.12/site-packages/airflow/example_dags/example_setup_teardown_taskflow.py for tasks to queue
[2024-11-04T13:13:55.125-0800] {logging_mixin.py:190} INFO - [2024-11-04T13:13:55.125-0800] {dagbag.py:588} INFO - Filling up the DagBag from /opt/anaconda3/lib/python3.12/site-packages/airflow/example_dags/example_setup_teardown_taskflow.py
[2024-11-04T13:13:55.139-0800] {processor.py:925} INFO - DAG(s) 'example_setup_teardown_taskflow' retrieved from /opt/anaconda3/lib/python3.12/site-packages/airflow/example_dags/example_setup_teardown_taskflow.py
[2024-11-04T13:13:55.169-0800] {logging_mixin.py:190} INFO - [2024-11-04T13:13:55.168-0800] {dag.py:3239} INFO - Sync 1 DAGs
[2024-11-04T13:13:55.172-0800] {logging_mixin.py:190} INFO - [2024-11-04T13:13:55.172-0800] {dag.py:4180} INFO - Setting next_dagrun for example_setup_teardown_taskflow to None, run_after=None
[2024-11-04T13:13:55.178-0800] {processor.py:208} INFO - Processing /opt/anaconda3/lib/python3.12/site-packages/airflow/example_dags/example_setup_teardown_taskflow.py took 0.055 seconds
[2024-11-04T13:16:11.360-0800] {processor.py:186} INFO - Started process (PID=52943) to work on /opt/anaconda3/lib/python3.12/site-packages/airflow/example_dags/example_setup_teardown_taskflow.py
[2024-11-04T13:16:11.361-0800] {processor.py:914} INFO - Processing file /opt/anaconda3/lib/python3.12/site-packages/airflow/example_dags/example_setup_teardown_taskflow.py for tasks to queue
[2024-11-04T13:16:11.362-0800] {logging_mixin.py:190} INFO - [2024-11-04T13:16:11.362-0800] {dagbag.py:588} INFO - Filling up the DagBag from /opt/anaconda3/lib/python3.12/site-packages/airflow/example_dags/example_setup_teardown_taskflow.py
[2024-11-04T13:16:11.375-0800] {processor.py:925} INFO - DAG(s) 'example_setup_teardown_taskflow' retrieved from /opt/anaconda3/lib/python3.12/site-packages/airflow/example_dags/example_setup_teardown_taskflow.py
[2024-11-04T13:16:11.405-0800] {logging_mixin.py:190} INFO - [2024-11-04T13:16:11.405-0800] {dag.py:3239} INFO - Sync 1 DAGs
[2024-11-04T13:16:11.408-0800] {logging_mixin.py:190} INFO - [2024-11-04T13:16:11.408-0800] {dag.py:4180} INFO - Setting next_dagrun for example_setup_teardown_taskflow to None, run_after=None
[2024-11-04T13:16:11.414-0800] {processor.py:208} INFO - Processing /opt/anaconda3/lib/python3.12/site-packages/airflow/example_dags/example_setup_teardown_taskflow.py took 0.054 seconds
[2024-11-04T13:17:24.901-0800] {processor.py:186} INFO - Started process (PID=53025) to work on /opt/anaconda3/lib/python3.12/site-packages/airflow/example_dags/example_setup_teardown_taskflow.py
[2024-11-04T13:17:24.902-0800] {processor.py:914} INFO - Processing file /opt/anaconda3/lib/python3.12/site-packages/airflow/example_dags/example_setup_teardown_taskflow.py for tasks to queue
[2024-11-04T13:17:24.902-0800] {logging_mixin.py:190} INFO - [2024-11-04T13:17:24.902-0800] {dagbag.py:588} INFO - Filling up the DagBag from /opt/anaconda3/lib/python3.12/site-packages/airflow/example_dags/example_setup_teardown_taskflow.py
[2024-11-04T13:17:24.916-0800] {processor.py:925} INFO - DAG(s) 'example_setup_teardown_taskflow' retrieved from /opt/anaconda3/lib/python3.12/site-packages/airflow/example_dags/example_setup_teardown_taskflow.py
[2024-11-04T13:17:24.947-0800] {logging_mixin.py:190} INFO - [2024-11-04T13:17:24.946-0800] {dag.py:3239} INFO - Sync 1 DAGs
[2024-11-04T13:17:24.950-0800] {logging_mixin.py:190} INFO - [2024-11-04T13:17:24.950-0800] {dag.py:4180} INFO - Setting next_dagrun for example_setup_teardown_taskflow to None, run_after=None
[2024-11-04T13:17:24.955-0800] {processor.py:208} INFO - Processing /opt/anaconda3/lib/python3.12/site-packages/airflow/example_dags/example_setup_teardown_taskflow.py took 0.056 seconds
[2024-11-04T13:19:49.646-0800] {processor.py:186} INFO - Started process (PID=53205) to work on /opt/anaconda3/lib/python3.12/site-packages/airflow/example_dags/example_setup_teardown_taskflow.py
[2024-11-04T13:19:49.647-0800] {processor.py:914} INFO - Processing file /opt/anaconda3/lib/python3.12/site-packages/airflow/example_dags/example_setup_teardown_taskflow.py for tasks to queue
[2024-11-04T13:19:49.648-0800] {logging_mixin.py:190} INFO - [2024-11-04T13:19:49.648-0800] {dagbag.py:588} INFO - Filling up the DagBag from /opt/anaconda3/lib/python3.12/site-packages/airflow/example_dags/example_setup_teardown_taskflow.py
[2024-11-04T13:19:49.661-0800] {processor.py:925} INFO - DAG(s) 'example_setup_teardown_taskflow' retrieved from /opt/anaconda3/lib/python3.12/site-packages/airflow/example_dags/example_setup_teardown_taskflow.py
[2024-11-04T13:19:49.691-0800] {logging_mixin.py:190} INFO - [2024-11-04T13:19:49.691-0800] {dag.py:3239} INFO - Sync 1 DAGs
[2024-11-04T13:19:49.694-0800] {logging_mixin.py:190} INFO - [2024-11-04T13:19:49.694-0800] {dag.py:4180} INFO - Setting next_dagrun for example_setup_teardown_taskflow to None, run_after=None
[2024-11-04T13:19:49.699-0800] {processor.py:208} INFO - Processing /opt/anaconda3/lib/python3.12/site-packages/airflow/example_dags/example_setup_teardown_taskflow.py took 0.054 seconds
[2024-11-04T13:22:14.542-0800] {processor.py:186} INFO - Started process (PID=53370) to work on /opt/anaconda3/lib/python3.12/site-packages/airflow/example_dags/example_setup_teardown_taskflow.py
[2024-11-04T13:22:14.544-0800] {processor.py:914} INFO - Processing file /opt/anaconda3/lib/python3.12/site-packages/airflow/example_dags/example_setup_teardown_taskflow.py for tasks to queue
[2024-11-04T13:22:14.544-0800] {logging_mixin.py:190} INFO - [2024-11-04T13:22:14.544-0800] {dagbag.py:588} INFO - Filling up the DagBag from /opt/anaconda3/lib/python3.12/site-packages/airflow/example_dags/example_setup_teardown_taskflow.py
[2024-11-04T13:22:14.557-0800] {processor.py:925} INFO - DAG(s) 'example_setup_teardown_taskflow' retrieved from /opt/anaconda3/lib/python3.12/site-packages/airflow/example_dags/example_setup_teardown_taskflow.py
[2024-11-04T13:22:14.587-0800] {logging_mixin.py:190} INFO - [2024-11-04T13:22:14.587-0800] {dag.py:3239} INFO - Sync 1 DAGs
[2024-11-04T13:22:14.590-0800] {logging_mixin.py:190} INFO - [2024-11-04T13:22:14.590-0800] {dag.py:4180} INFO - Setting next_dagrun for example_setup_teardown_taskflow to None, run_after=None
[2024-11-04T13:22:14.596-0800] {processor.py:208} INFO - Processing /opt/anaconda3/lib/python3.12/site-packages/airflow/example_dags/example_setup_teardown_taskflow.py took 0.055 seconds
[2024-11-04T13:24:36.312-0800] {processor.py:186} INFO - Started process (PID=53552) to work on /opt/anaconda3/lib/python3.12/site-packages/airflow/example_dags/example_setup_teardown_taskflow.py
[2024-11-04T13:24:36.313-0800] {processor.py:914} INFO - Processing file /opt/anaconda3/lib/python3.12/site-packages/airflow/example_dags/example_setup_teardown_taskflow.py for tasks to queue
[2024-11-04T13:24:36.315-0800] {logging_mixin.py:190} INFO - [2024-11-04T13:24:36.314-0800] {dagbag.py:588} INFO - Filling up the DagBag from /opt/anaconda3/lib/python3.12/site-packages/airflow/example_dags/example_setup_teardown_taskflow.py
[2024-11-04T13:24:36.331-0800] {processor.py:925} INFO - DAG(s) 'example_setup_teardown_taskflow' retrieved from /opt/anaconda3/lib/python3.12/site-packages/airflow/example_dags/example_setup_teardown_taskflow.py
[2024-11-04T13:24:36.361-0800] {logging_mixin.py:190} INFO - [2024-11-04T13:24:36.360-0800] {dag.py:3239} INFO - Sync 1 DAGs
[2024-11-04T13:24:36.364-0800] {logging_mixin.py:190} INFO - [2024-11-04T13:24:36.364-0800] {dag.py:4180} INFO - Setting next_dagrun for example_setup_teardown_taskflow to None, run_after=None
[2024-11-04T13:24:36.370-0800] {processor.py:208} INFO - Processing /opt/anaconda3/lib/python3.12/site-packages/airflow/example_dags/example_setup_teardown_taskflow.py took 0.058 seconds
[2024-11-04T13:27:01.194-0800] {processor.py:186} INFO - Started process (PID=53729) to work on /opt/anaconda3/lib/python3.12/site-packages/airflow/example_dags/example_setup_teardown_taskflow.py
[2024-11-04T13:27:01.195-0800] {processor.py:914} INFO - Processing file /opt/anaconda3/lib/python3.12/site-packages/airflow/example_dags/example_setup_teardown_taskflow.py for tasks to queue
[2024-11-04T13:27:01.195-0800] {logging_mixin.py:190} INFO - [2024-11-04T13:27:01.195-0800] {dagbag.py:588} INFO - Filling up the DagBag from /opt/anaconda3/lib/python3.12/site-packages/airflow/example_dags/example_setup_teardown_taskflow.py
[2024-11-04T13:27:01.210-0800] {processor.py:925} INFO - DAG(s) 'example_setup_teardown_taskflow' retrieved from /opt/anaconda3/lib/python3.12/site-packages/airflow/example_dags/example_setup_teardown_taskflow.py
[2024-11-04T13:27:01.240-0800] {logging_mixin.py:190} INFO - [2024-11-04T13:27:01.240-0800] {dag.py:3239} INFO - Sync 1 DAGs
[2024-11-04T13:27:01.243-0800] {logging_mixin.py:190} INFO - [2024-11-04T13:27:01.243-0800] {dag.py:4180} INFO - Setting next_dagrun for example_setup_teardown_taskflow to None, run_after=None
[2024-11-04T13:27:01.249-0800] {processor.py:208} INFO - Processing /opt/anaconda3/lib/python3.12/site-packages/airflow/example_dags/example_setup_teardown_taskflow.py took 0.057 seconds
[2024-11-04T13:29:22.164-0800] {processor.py:186} INFO - Started process (PID=53902) to work on /opt/anaconda3/lib/python3.12/site-packages/airflow/example_dags/example_setup_teardown_taskflow.py
[2024-11-04T13:29:22.165-0800] {processor.py:914} INFO - Processing file /opt/anaconda3/lib/python3.12/site-packages/airflow/example_dags/example_setup_teardown_taskflow.py for tasks to queue
[2024-11-04T13:29:22.165-0800] {logging_mixin.py:190} INFO - [2024-11-04T13:29:22.165-0800] {dagbag.py:588} INFO - Filling up the DagBag from /opt/anaconda3/lib/python3.12/site-packages/airflow/example_dags/example_setup_teardown_taskflow.py
[2024-11-04T13:29:22.179-0800] {processor.py:925} INFO - DAG(s) 'example_setup_teardown_taskflow' retrieved from /opt/anaconda3/lib/python3.12/site-packages/airflow/example_dags/example_setup_teardown_taskflow.py
[2024-11-04T13:29:22.209-0800] {logging_mixin.py:190} INFO - [2024-11-04T13:29:22.209-0800] {dag.py:3239} INFO - Sync 1 DAGs
[2024-11-04T13:29:22.212-0800] {logging_mixin.py:190} INFO - [2024-11-04T13:29:22.212-0800] {dag.py:4180} INFO - Setting next_dagrun for example_setup_teardown_taskflow to None, run_after=None
[2024-11-04T13:29:22.218-0800] {processor.py:208} INFO - Processing /opt/anaconda3/lib/python3.12/site-packages/airflow/example_dags/example_setup_teardown_taskflow.py took 0.055 seconds
[2024-11-04T13:31:46.331-0800] {processor.py:186} INFO - Started process (PID=54079) to work on /opt/anaconda3/lib/python3.12/site-packages/airflow/example_dags/example_setup_teardown_taskflow.py
[2024-11-04T13:31:46.331-0800] {processor.py:914} INFO - Processing file /opt/anaconda3/lib/python3.12/site-packages/airflow/example_dags/example_setup_teardown_taskflow.py for tasks to queue
[2024-11-04T13:31:46.331-0800] {logging_mixin.py:190} INFO - [2024-11-04T13:31:46.331-0800] {dagbag.py:588} INFO - Filling up the DagBag from /opt/anaconda3/lib/python3.12/site-packages/airflow/example_dags/example_setup_teardown_taskflow.py
[2024-11-04T13:31:46.346-0800] {processor.py:925} INFO - DAG(s) 'example_setup_teardown_taskflow' retrieved from /opt/anaconda3/lib/python3.12/site-packages/airflow/example_dags/example_setup_teardown_taskflow.py
[2024-11-04T13:31:46.378-0800] {logging_mixin.py:190} INFO - [2024-11-04T13:31:46.378-0800] {dag.py:3239} INFO - Sync 1 DAGs
[2024-11-04T13:31:46.381-0800] {logging_mixin.py:190} INFO - [2024-11-04T13:31:46.381-0800] {dag.py:4180} INFO - Setting next_dagrun for example_setup_teardown_taskflow to None, run_after=None
[2024-11-04T13:31:46.388-0800] {processor.py:208} INFO - Processing /opt/anaconda3/lib/python3.12/site-packages/airflow/example_dags/example_setup_teardown_taskflow.py took 0.059 seconds
[2024-11-04T13:33:02.296-0800] {processor.py:186} INFO - Started process (PID=54167) to work on /opt/anaconda3/lib/python3.12/site-packages/airflow/example_dags/example_setup_teardown_taskflow.py
[2024-11-04T13:33:02.298-0800] {processor.py:914} INFO - Processing file /opt/anaconda3/lib/python3.12/site-packages/airflow/example_dags/example_setup_teardown_taskflow.py for tasks to queue
[2024-11-04T13:33:02.298-0800] {logging_mixin.py:190} INFO - [2024-11-04T13:33:02.298-0800] {dagbag.py:588} INFO - Filling up the DagBag from /opt/anaconda3/lib/python3.12/site-packages/airflow/example_dags/example_setup_teardown_taskflow.py
[2024-11-04T13:33:02.312-0800] {processor.py:925} INFO - DAG(s) 'example_setup_teardown_taskflow' retrieved from /opt/anaconda3/lib/python3.12/site-packages/airflow/example_dags/example_setup_teardown_taskflow.py
[2024-11-04T13:33:02.341-0800] {logging_mixin.py:190} INFO - [2024-11-04T13:33:02.341-0800] {dag.py:3239} INFO - Sync 1 DAGs
[2024-11-04T13:33:02.345-0800] {logging_mixin.py:190} INFO - [2024-11-04T13:33:02.345-0800] {dag.py:4180} INFO - Setting next_dagrun for example_setup_teardown_taskflow to None, run_after=None
[2024-11-04T13:33:02.350-0800] {processor.py:208} INFO - Processing /opt/anaconda3/lib/python3.12/site-packages/airflow/example_dags/example_setup_teardown_taskflow.py took 0.055 seconds
[2024-11-04T13:35:23.502-0800] {processor.py:186} INFO - Started process (PID=54365) to work on /opt/anaconda3/lib/python3.12/site-packages/airflow/example_dags/example_setup_teardown_taskflow.py
[2024-11-04T13:35:23.503-0800] {processor.py:914} INFO - Processing file /opt/anaconda3/lib/python3.12/site-packages/airflow/example_dags/example_setup_teardown_taskflow.py for tasks to queue
[2024-11-04T13:35:23.503-0800] {logging_mixin.py:190} INFO - [2024-11-04T13:35:23.503-0800] {dagbag.py:588} INFO - Filling up the DagBag from /opt/anaconda3/lib/python3.12/site-packages/airflow/example_dags/example_setup_teardown_taskflow.py
[2024-11-04T13:35:23.517-0800] {processor.py:925} INFO - DAG(s) 'example_setup_teardown_taskflow' retrieved from /opt/anaconda3/lib/python3.12/site-packages/airflow/example_dags/example_setup_teardown_taskflow.py
[2024-11-04T13:35:23.547-0800] {logging_mixin.py:190} INFO - [2024-11-04T13:35:23.547-0800] {dag.py:3239} INFO - Sync 1 DAGs
[2024-11-04T13:35:23.550-0800] {logging_mixin.py:190} INFO - [2024-11-04T13:35:23.550-0800] {dag.py:4180} INFO - Setting next_dagrun for example_setup_teardown_taskflow to None, run_after=None
[2024-11-04T13:35:23.556-0800] {processor.py:208} INFO - Processing /opt/anaconda3/lib/python3.12/site-packages/airflow/example_dags/example_setup_teardown_taskflow.py took 0.055 seconds
[2024-11-04T13:37:42.182-0800] {processor.py:186} INFO - Started process (PID=54544) to work on /opt/anaconda3/lib/python3.12/site-packages/airflow/example_dags/example_setup_teardown_taskflow.py
[2024-11-04T13:37:42.184-0800] {processor.py:914} INFO - Processing file /opt/anaconda3/lib/python3.12/site-packages/airflow/example_dags/example_setup_teardown_taskflow.py for tasks to queue
[2024-11-04T13:37:42.184-0800] {logging_mixin.py:190} INFO - [2024-11-04T13:37:42.184-0800] {dagbag.py:588} INFO - Filling up the DagBag from /opt/anaconda3/lib/python3.12/site-packages/airflow/example_dags/example_setup_teardown_taskflow.py
[2024-11-04T13:37:42.199-0800] {processor.py:925} INFO - DAG(s) 'example_setup_teardown_taskflow' retrieved from /opt/anaconda3/lib/python3.12/site-packages/airflow/example_dags/example_setup_teardown_taskflow.py
[2024-11-04T13:37:42.232-0800] {logging_mixin.py:190} INFO - [2024-11-04T13:37:42.231-0800] {dag.py:3239} INFO - Sync 1 DAGs
[2024-11-04T13:37:42.235-0800] {logging_mixin.py:190} INFO - [2024-11-04T13:37:42.235-0800] {dag.py:4180} INFO - Setting next_dagrun for example_setup_teardown_taskflow to None, run_after=None
[2024-11-04T13:37:42.241-0800] {processor.py:208} INFO - Processing /opt/anaconda3/lib/python3.12/site-packages/airflow/example_dags/example_setup_teardown_taskflow.py took 0.060 seconds
[2024-11-04T13:38:56.898-0800] {processor.py:186} INFO - Started process (PID=54644) to work on /opt/anaconda3/lib/python3.12/site-packages/airflow/example_dags/example_setup_teardown_taskflow.py
[2024-11-04T13:38:56.899-0800] {processor.py:914} INFO - Processing file /opt/anaconda3/lib/python3.12/site-packages/airflow/example_dags/example_setup_teardown_taskflow.py for tasks to queue
[2024-11-04T13:38:56.900-0800] {logging_mixin.py:190} INFO - [2024-11-04T13:38:56.900-0800] {dagbag.py:588} INFO - Filling up the DagBag from /opt/anaconda3/lib/python3.12/site-packages/airflow/example_dags/example_setup_teardown_taskflow.py
[2024-11-04T13:38:56.917-0800] {processor.py:925} INFO - DAG(s) 'example_setup_teardown_taskflow' retrieved from /opt/anaconda3/lib/python3.12/site-packages/airflow/example_dags/example_setup_teardown_taskflow.py
[2024-11-04T13:38:56.949-0800] {logging_mixin.py:190} INFO - [2024-11-04T13:38:56.948-0800] {dag.py:3239} INFO - Sync 1 DAGs
[2024-11-04T13:38:56.952-0800] {logging_mixin.py:190} INFO - [2024-11-04T13:38:56.952-0800] {dag.py:4180} INFO - Setting next_dagrun for example_setup_teardown_taskflow to None, run_after=None
[2024-11-04T13:38:56.958-0800] {processor.py:208} INFO - Processing /opt/anaconda3/lib/python3.12/site-packages/airflow/example_dags/example_setup_teardown_taskflow.py took 0.061 seconds
[2024-11-04T13:40:10.811-0800] {processor.py:186} INFO - Started process (PID=54742) to work on /opt/anaconda3/lib/python3.12/site-packages/airflow/example_dags/example_setup_teardown_taskflow.py
[2024-11-04T13:40:10.812-0800] {processor.py:914} INFO - Processing file /opt/anaconda3/lib/python3.12/site-packages/airflow/example_dags/example_setup_teardown_taskflow.py for tasks to queue
[2024-11-04T13:40:10.812-0800] {logging_mixin.py:190} INFO - [2024-11-04T13:40:10.812-0800] {dagbag.py:588} INFO - Filling up the DagBag from /opt/anaconda3/lib/python3.12/site-packages/airflow/example_dags/example_setup_teardown_taskflow.py
[2024-11-04T13:40:10.827-0800] {processor.py:925} INFO - DAG(s) 'example_setup_teardown_taskflow' retrieved from /opt/anaconda3/lib/python3.12/site-packages/airflow/example_dags/example_setup_teardown_taskflow.py
[2024-11-04T13:40:10.859-0800] {logging_mixin.py:190} INFO - [2024-11-04T13:40:10.859-0800] {dag.py:3239} INFO - Sync 1 DAGs
[2024-11-04T13:40:10.863-0800] {logging_mixin.py:190} INFO - [2024-11-04T13:40:10.863-0800] {dag.py:4180} INFO - Setting next_dagrun for example_setup_teardown_taskflow to None, run_after=None
[2024-11-04T13:40:10.869-0800] {processor.py:208} INFO - Processing /opt/anaconda3/lib/python3.12/site-packages/airflow/example_dags/example_setup_teardown_taskflow.py took 0.060 seconds
[2024-11-04T13:42:32.900-0800] {processor.py:186} INFO - Started process (PID=54908) to work on /opt/anaconda3/lib/python3.12/site-packages/airflow/example_dags/example_setup_teardown_taskflow.py
[2024-11-04T13:42:32.901-0800] {processor.py:914} INFO - Processing file /opt/anaconda3/lib/python3.12/site-packages/airflow/example_dags/example_setup_teardown_taskflow.py for tasks to queue
[2024-11-04T13:42:32.901-0800] {logging_mixin.py:190} INFO - [2024-11-04T13:42:32.901-0800] {dagbag.py:588} INFO - Filling up the DagBag from /opt/anaconda3/lib/python3.12/site-packages/airflow/example_dags/example_setup_teardown_taskflow.py
[2024-11-04T13:42:32.917-0800] {processor.py:925} INFO - DAG(s) 'example_setup_teardown_taskflow' retrieved from /opt/anaconda3/lib/python3.12/site-packages/airflow/example_dags/example_setup_teardown_taskflow.py
[2024-11-04T13:42:32.948-0800] {logging_mixin.py:190} INFO - [2024-11-04T13:42:32.948-0800] {dag.py:3239} INFO - Sync 1 DAGs
[2024-11-04T13:42:32.952-0800] {logging_mixin.py:190} INFO - [2024-11-04T13:42:32.952-0800] {dag.py:4180} INFO - Setting next_dagrun for example_setup_teardown_taskflow to None, run_after=None
[2024-11-04T13:42:32.958-0800] {processor.py:208} INFO - Processing /opt/anaconda3/lib/python3.12/site-packages/airflow/example_dags/example_setup_teardown_taskflow.py took 0.060 seconds
[2024-11-04T13:43:45.367-0800] {processor.py:186} INFO - Started process (PID=54998) to work on /opt/anaconda3/lib/python3.12/site-packages/airflow/example_dags/example_setup_teardown_taskflow.py
[2024-11-04T13:43:45.370-0800] {processor.py:914} INFO - Processing file /opt/anaconda3/lib/python3.12/site-packages/airflow/example_dags/example_setup_teardown_taskflow.py for tasks to queue
[2024-11-04T13:43:45.370-0800] {logging_mixin.py:190} INFO - [2024-11-04T13:43:45.370-0800] {dagbag.py:588} INFO - Filling up the DagBag from /opt/anaconda3/lib/python3.12/site-packages/airflow/example_dags/example_setup_teardown_taskflow.py
[2024-11-04T13:43:45.384-0800] {processor.py:925} INFO - DAG(s) 'example_setup_teardown_taskflow' retrieved from /opt/anaconda3/lib/python3.12/site-packages/airflow/example_dags/example_setup_teardown_taskflow.py
[2024-11-04T13:43:45.413-0800] {logging_mixin.py:190} INFO - [2024-11-04T13:43:45.413-0800] {dag.py:3239} INFO - Sync 1 DAGs
[2024-11-04T13:43:45.416-0800] {logging_mixin.py:190} INFO - [2024-11-04T13:43:45.416-0800] {dag.py:4180} INFO - Setting next_dagrun for example_setup_teardown_taskflow to None, run_after=None
[2024-11-04T13:43:45.422-0800] {processor.py:208} INFO - Processing /opt/anaconda3/lib/python3.12/site-packages/airflow/example_dags/example_setup_teardown_taskflow.py took 0.057 seconds
[2024-11-04T13:44:57.951-0800] {processor.py:186} INFO - Started process (PID=55082) to work on /opt/anaconda3/lib/python3.12/site-packages/airflow/example_dags/example_setup_teardown_taskflow.py
[2024-11-04T13:44:57.952-0800] {processor.py:914} INFO - Processing file /opt/anaconda3/lib/python3.12/site-packages/airflow/example_dags/example_setup_teardown_taskflow.py for tasks to queue
[2024-11-04T13:44:57.952-0800] {logging_mixin.py:190} INFO - [2024-11-04T13:44:57.952-0800] {dagbag.py:588} INFO - Filling up the DagBag from /opt/anaconda3/lib/python3.12/site-packages/airflow/example_dags/example_setup_teardown_taskflow.py
[2024-11-04T13:44:57.966-0800] {processor.py:925} INFO - DAG(s) 'example_setup_teardown_taskflow' retrieved from /opt/anaconda3/lib/python3.12/site-packages/airflow/example_dags/example_setup_teardown_taskflow.py
[2024-11-04T13:44:57.995-0800] {logging_mixin.py:190} INFO - [2024-11-04T13:44:57.995-0800] {dag.py:3239} INFO - Sync 1 DAGs
[2024-11-04T13:44:57.999-0800] {logging_mixin.py:190} INFO - [2024-11-04T13:44:57.999-0800] {dag.py:4180} INFO - Setting next_dagrun for example_setup_teardown_taskflow to None, run_after=None
[2024-11-04T13:44:58.004-0800] {processor.py:208} INFO - Processing /opt/anaconda3/lib/python3.12/site-packages/airflow/example_dags/example_setup_teardown_taskflow.py took 0.054 seconds
[2024-11-04T13:46:11.485-0800] {processor.py:186} INFO - Started process (PID=55170) to work on /opt/anaconda3/lib/python3.12/site-packages/airflow/example_dags/example_setup_teardown_taskflow.py
[2024-11-04T13:46:11.486-0800] {processor.py:914} INFO - Processing file /opt/anaconda3/lib/python3.12/site-packages/airflow/example_dags/example_setup_teardown_taskflow.py for tasks to queue
[2024-11-04T13:46:11.487-0800] {logging_mixin.py:190} INFO - [2024-11-04T13:46:11.487-0800] {dagbag.py:588} INFO - Filling up the DagBag from /opt/anaconda3/lib/python3.12/site-packages/airflow/example_dags/example_setup_teardown_taskflow.py
[2024-11-04T13:46:11.500-0800] {processor.py:925} INFO - DAG(s) 'example_setup_teardown_taskflow' retrieved from /opt/anaconda3/lib/python3.12/site-packages/airflow/example_dags/example_setup_teardown_taskflow.py
[2024-11-04T13:46:11.529-0800] {logging_mixin.py:190} INFO - [2024-11-04T13:46:11.529-0800] {dag.py:3239} INFO - Sync 1 DAGs
[2024-11-04T13:46:11.533-0800] {logging_mixin.py:190} INFO - [2024-11-04T13:46:11.533-0800] {dag.py:4180} INFO - Setting next_dagrun for example_setup_teardown_taskflow to None, run_after=None
[2024-11-04T13:46:11.538-0800] {processor.py:208} INFO - Processing /opt/anaconda3/lib/python3.12/site-packages/airflow/example_dags/example_setup_teardown_taskflow.py took 0.054 seconds
[2024-11-04T13:48:27.485-0800] {processor.py:186} INFO - Started process (PID=55337) to work on /opt/anaconda3/lib/python3.12/site-packages/airflow/example_dags/example_setup_teardown_taskflow.py
[2024-11-04T13:48:27.486-0800] {processor.py:914} INFO - Processing file /opt/anaconda3/lib/python3.12/site-packages/airflow/example_dags/example_setup_teardown_taskflow.py for tasks to queue
[2024-11-04T13:48:27.486-0800] {logging_mixin.py:190} INFO - [2024-11-04T13:48:27.486-0800] {dagbag.py:588} INFO - Filling up the DagBag from /opt/anaconda3/lib/python3.12/site-packages/airflow/example_dags/example_setup_teardown_taskflow.py
[2024-11-04T13:48:27.500-0800] {processor.py:925} INFO - DAG(s) 'example_setup_teardown_taskflow' retrieved from /opt/anaconda3/lib/python3.12/site-packages/airflow/example_dags/example_setup_teardown_taskflow.py
[2024-11-04T13:48:27.530-0800] {logging_mixin.py:190} INFO - [2024-11-04T13:48:27.530-0800] {dag.py:3239} INFO - Sync 1 DAGs
[2024-11-04T13:48:27.533-0800] {logging_mixin.py:190} INFO - [2024-11-04T13:48:27.533-0800] {dag.py:4180} INFO - Setting next_dagrun for example_setup_teardown_taskflow to None, run_after=None
[2024-11-04T13:48:27.539-0800] {processor.py:208} INFO - Processing /opt/anaconda3/lib/python3.12/site-packages/airflow/example_dags/example_setup_teardown_taskflow.py took 0.055 seconds
[2024-11-04T13:50:51.261-0800] {processor.py:186} INFO - Started process (PID=55518) to work on /opt/anaconda3/lib/python3.12/site-packages/airflow/example_dags/example_setup_teardown_taskflow.py
[2024-11-04T13:50:51.262-0800] {processor.py:914} INFO - Processing file /opt/anaconda3/lib/python3.12/site-packages/airflow/example_dags/example_setup_teardown_taskflow.py for tasks to queue
[2024-11-04T13:50:51.262-0800] {logging_mixin.py:190} INFO - [2024-11-04T13:50:51.262-0800] {dagbag.py:588} INFO - Filling up the DagBag from /opt/anaconda3/lib/python3.12/site-packages/airflow/example_dags/example_setup_teardown_taskflow.py
[2024-11-04T13:50:51.276-0800] {processor.py:925} INFO - DAG(s) 'example_setup_teardown_taskflow' retrieved from /opt/anaconda3/lib/python3.12/site-packages/airflow/example_dags/example_setup_teardown_taskflow.py
[2024-11-04T13:50:51.305-0800] {logging_mixin.py:190} INFO - [2024-11-04T13:50:51.305-0800] {dag.py:3239} INFO - Sync 1 DAGs
[2024-11-04T13:50:51.308-0800] {logging_mixin.py:190} INFO - [2024-11-04T13:50:51.308-0800] {dag.py:4180} INFO - Setting next_dagrun for example_setup_teardown_taskflow to None, run_after=None
[2024-11-04T13:50:51.314-0800] {processor.py:208} INFO - Processing /opt/anaconda3/lib/python3.12/site-packages/airflow/example_dags/example_setup_teardown_taskflow.py took 0.054 seconds
[2024-11-04T13:52:03.957-0800] {processor.py:186} INFO - Started process (PID=55605) to work on /opt/anaconda3/lib/python3.12/site-packages/airflow/example_dags/example_setup_teardown_taskflow.py
[2024-11-04T13:52:03.958-0800] {processor.py:914} INFO - Processing file /opt/anaconda3/lib/python3.12/site-packages/airflow/example_dags/example_setup_teardown_taskflow.py for tasks to queue
[2024-11-04T13:52:03.959-0800] {logging_mixin.py:190} INFO - [2024-11-04T13:52:03.958-0800] {dagbag.py:588} INFO - Filling up the DagBag from /opt/anaconda3/lib/python3.12/site-packages/airflow/example_dags/example_setup_teardown_taskflow.py
[2024-11-04T13:52:03.980-0800] {processor.py:925} INFO - DAG(s) 'example_setup_teardown_taskflow' retrieved from /opt/anaconda3/lib/python3.12/site-packages/airflow/example_dags/example_setup_teardown_taskflow.py
[2024-11-04T13:52:04.014-0800] {logging_mixin.py:190} INFO - [2024-11-04T13:52:04.014-0800] {dag.py:3239} INFO - Sync 1 DAGs
[2024-11-04T13:52:04.017-0800] {logging_mixin.py:190} INFO - [2024-11-04T13:52:04.017-0800] {dag.py:4180} INFO - Setting next_dagrun for example_setup_teardown_taskflow to None, run_after=None
[2024-11-04T13:52:04.027-0800] {processor.py:208} INFO - Processing /opt/anaconda3/lib/python3.12/site-packages/airflow/example_dags/example_setup_teardown_taskflow.py took 0.071 seconds
[2024-11-04T13:53:19.429-0800] {processor.py:186} INFO - Started process (PID=55690) to work on /opt/anaconda3/lib/python3.12/site-packages/airflow/example_dags/example_setup_teardown_taskflow.py
[2024-11-04T13:53:19.430-0800] {processor.py:914} INFO - Processing file /opt/anaconda3/lib/python3.12/site-packages/airflow/example_dags/example_setup_teardown_taskflow.py for tasks to queue
[2024-11-04T13:53:19.430-0800] {logging_mixin.py:190} INFO - [2024-11-04T13:53:19.430-0800] {dagbag.py:588} INFO - Filling up the DagBag from /opt/anaconda3/lib/python3.12/site-packages/airflow/example_dags/example_setup_teardown_taskflow.py
[2024-11-04T13:53:19.443-0800] {processor.py:925} INFO - DAG(s) 'example_setup_teardown_taskflow' retrieved from /opt/anaconda3/lib/python3.12/site-packages/airflow/example_dags/example_setup_teardown_taskflow.py
[2024-11-04T13:53:19.473-0800] {logging_mixin.py:190} INFO - [2024-11-04T13:53:19.473-0800] {dag.py:3239} INFO - Sync 1 DAGs
[2024-11-04T13:53:19.477-0800] {logging_mixin.py:190} INFO - [2024-11-04T13:53:19.477-0800] {dag.py:4180} INFO - Setting next_dagrun for example_setup_teardown_taskflow to None, run_after=None
[2024-11-04T13:53:19.482-0800] {processor.py:208} INFO - Processing /opt/anaconda3/lib/python3.12/site-packages/airflow/example_dags/example_setup_teardown_taskflow.py took 0.054 seconds
[2024-11-04T13:54:36.211-0800] {processor.py:186} INFO - Started process (PID=55787) to work on /opt/anaconda3/lib/python3.12/site-packages/airflow/example_dags/example_setup_teardown_taskflow.py
[2024-11-04T13:54:36.212-0800] {processor.py:914} INFO - Processing file /opt/anaconda3/lib/python3.12/site-packages/airflow/example_dags/example_setup_teardown_taskflow.py for tasks to queue
[2024-11-04T13:54:36.213-0800] {logging_mixin.py:190} INFO - [2024-11-04T13:54:36.213-0800] {dagbag.py:588} INFO - Filling up the DagBag from /opt/anaconda3/lib/python3.12/site-packages/airflow/example_dags/example_setup_teardown_taskflow.py
[2024-11-04T13:54:36.227-0800] {processor.py:925} INFO - DAG(s) 'example_setup_teardown_taskflow' retrieved from /opt/anaconda3/lib/python3.12/site-packages/airflow/example_dags/example_setup_teardown_taskflow.py
[2024-11-04T13:54:36.256-0800] {logging_mixin.py:190} INFO - [2024-11-04T13:54:36.256-0800] {dag.py:3239} INFO - Sync 1 DAGs
[2024-11-04T13:54:36.259-0800] {logging_mixin.py:190} INFO - [2024-11-04T13:54:36.259-0800] {dag.py:4180} INFO - Setting next_dagrun for example_setup_teardown_taskflow to None, run_after=None
[2024-11-04T13:54:36.265-0800] {processor.py:208} INFO - Processing /opt/anaconda3/lib/python3.12/site-packages/airflow/example_dags/example_setup_teardown_taskflow.py took 0.054 seconds
[2024-11-04T13:55:50.569-0800] {processor.py:186} INFO - Started process (PID=55880) to work on /opt/anaconda3/lib/python3.12/site-packages/airflow/example_dags/example_setup_teardown_taskflow.py
[2024-11-04T13:55:50.570-0800] {processor.py:914} INFO - Processing file /opt/anaconda3/lib/python3.12/site-packages/airflow/example_dags/example_setup_teardown_taskflow.py for tasks to queue
[2024-11-04T13:55:50.570-0800] {logging_mixin.py:190} INFO - [2024-11-04T13:55:50.570-0800] {dagbag.py:588} INFO - Filling up the DagBag from /opt/anaconda3/lib/python3.12/site-packages/airflow/example_dags/example_setup_teardown_taskflow.py
[2024-11-04T13:55:50.584-0800] {processor.py:925} INFO - DAG(s) 'example_setup_teardown_taskflow' retrieved from /opt/anaconda3/lib/python3.12/site-packages/airflow/example_dags/example_setup_teardown_taskflow.py
[2024-11-04T13:55:50.614-0800] {logging_mixin.py:190} INFO - [2024-11-04T13:55:50.614-0800] {dag.py:3239} INFO - Sync 1 DAGs
[2024-11-04T13:55:50.617-0800] {logging_mixin.py:190} INFO - [2024-11-04T13:55:50.617-0800] {dag.py:4180} INFO - Setting next_dagrun for example_setup_teardown_taskflow to None, run_after=None
[2024-11-04T13:55:50.623-0800] {processor.py:208} INFO - Processing /opt/anaconda3/lib/python3.12/site-packages/airflow/example_dags/example_setup_teardown_taskflow.py took 0.055 seconds
[2024-11-04T13:57:05.109-0800] {processor.py:186} INFO - Started process (PID=55988) to work on /opt/anaconda3/lib/python3.12/site-packages/airflow/example_dags/example_setup_teardown_taskflow.py
[2024-11-04T13:57:05.110-0800] {processor.py:914} INFO - Processing file /opt/anaconda3/lib/python3.12/site-packages/airflow/example_dags/example_setup_teardown_taskflow.py for tasks to queue
[2024-11-04T13:57:05.110-0800] {logging_mixin.py:190} INFO - [2024-11-04T13:57:05.110-0800] {dagbag.py:588} INFO - Filling up the DagBag from /opt/anaconda3/lib/python3.12/site-packages/airflow/example_dags/example_setup_teardown_taskflow.py
[2024-11-04T13:57:05.126-0800] {processor.py:925} INFO - DAG(s) 'example_setup_teardown_taskflow' retrieved from /opt/anaconda3/lib/python3.12/site-packages/airflow/example_dags/example_setup_teardown_taskflow.py
[2024-11-04T13:57:05.156-0800] {logging_mixin.py:190} INFO - [2024-11-04T13:57:05.156-0800] {dag.py:3239} INFO - Sync 1 DAGs
[2024-11-04T13:57:05.160-0800] {logging_mixin.py:190} INFO - [2024-11-04T13:57:05.159-0800] {dag.py:4180} INFO - Setting next_dagrun for example_setup_teardown_taskflow to None, run_after=None
[2024-11-04T13:57:05.165-0800] {processor.py:208} INFO - Processing /opt/anaconda3/lib/python3.12/site-packages/airflow/example_dags/example_setup_teardown_taskflow.py took 0.057 seconds
[2024-11-04T13:58:20.161-0800] {processor.py:186} INFO - Started process (PID=56073) to work on /opt/anaconda3/lib/python3.12/site-packages/airflow/example_dags/example_setup_teardown_taskflow.py
[2024-11-04T13:58:20.162-0800] {processor.py:914} INFO - Processing file /opt/anaconda3/lib/python3.12/site-packages/airflow/example_dags/example_setup_teardown_taskflow.py for tasks to queue
[2024-11-04T13:58:20.162-0800] {logging_mixin.py:190} INFO - [2024-11-04T13:58:20.162-0800] {dagbag.py:588} INFO - Filling up the DagBag from /opt/anaconda3/lib/python3.12/site-packages/airflow/example_dags/example_setup_teardown_taskflow.py
[2024-11-04T13:58:20.176-0800] {processor.py:925} INFO - DAG(s) 'example_setup_teardown_taskflow' retrieved from /opt/anaconda3/lib/python3.12/site-packages/airflow/example_dags/example_setup_teardown_taskflow.py
[2024-11-04T13:58:20.206-0800] {logging_mixin.py:190} INFO - [2024-11-04T13:58:20.205-0800] {dag.py:3239} INFO - Sync 1 DAGs
[2024-11-04T13:58:20.209-0800] {logging_mixin.py:190} INFO - [2024-11-04T13:58:20.209-0800] {dag.py:4180} INFO - Setting next_dagrun for example_setup_teardown_taskflow to None, run_after=None
[2024-11-04T13:58:20.214-0800] {processor.py:208} INFO - Processing /opt/anaconda3/lib/python3.12/site-packages/airflow/example_dags/example_setup_teardown_taskflow.py took 0.054 seconds
[2024-11-04T14:00:48.507-0800] {processor.py:186} INFO - Started process (PID=56266) to work on /opt/anaconda3/lib/python3.12/site-packages/airflow/example_dags/example_setup_teardown_taskflow.py
[2024-11-04T14:00:48.508-0800] {processor.py:914} INFO - Processing file /opt/anaconda3/lib/python3.12/site-packages/airflow/example_dags/example_setup_teardown_taskflow.py for tasks to queue
[2024-11-04T14:00:48.508-0800] {logging_mixin.py:190} INFO - [2024-11-04T14:00:48.508-0800] {dagbag.py:588} INFO - Filling up the DagBag from /opt/anaconda3/lib/python3.12/site-packages/airflow/example_dags/example_setup_teardown_taskflow.py
[2024-11-04T14:00:48.522-0800] {processor.py:925} INFO - DAG(s) 'example_setup_teardown_taskflow' retrieved from /opt/anaconda3/lib/python3.12/site-packages/airflow/example_dags/example_setup_teardown_taskflow.py
[2024-11-04T14:00:48.553-0800] {logging_mixin.py:190} INFO - [2024-11-04T14:00:48.553-0800] {dag.py:3239} INFO - Sync 1 DAGs
[2024-11-04T14:00:48.557-0800] {logging_mixin.py:190} INFO - [2024-11-04T14:00:48.557-0800] {dag.py:4180} INFO - Setting next_dagrun for example_setup_teardown_taskflow to None, run_after=None
[2024-11-04T14:00:48.564-0800] {processor.py:208} INFO - Processing /opt/anaconda3/lib/python3.12/site-packages/airflow/example_dags/example_setup_teardown_taskflow.py took 0.059 seconds
[2024-11-04T14:03:12.716-0800] {processor.py:186} INFO - Started process (PID=56515) to work on /opt/anaconda3/lib/python3.12/site-packages/airflow/example_dags/example_setup_teardown_taskflow.py
[2024-11-04T14:03:12.717-0800] {processor.py:914} INFO - Processing file /opt/anaconda3/lib/python3.12/site-packages/airflow/example_dags/example_setup_teardown_taskflow.py for tasks to queue
[2024-11-04T14:03:12.718-0800] {logging_mixin.py:190} INFO - [2024-11-04T14:03:12.718-0800] {dagbag.py:588} INFO - Filling up the DagBag from /opt/anaconda3/lib/python3.12/site-packages/airflow/example_dags/example_setup_teardown_taskflow.py
[2024-11-04T14:03:12.738-0800] {processor.py:925} INFO - DAG(s) 'example_setup_teardown_taskflow' retrieved from /opt/anaconda3/lib/python3.12/site-packages/airflow/example_dags/example_setup_teardown_taskflow.py
[2024-11-04T14:03:12.772-0800] {logging_mixin.py:190} INFO - [2024-11-04T14:03:12.772-0800] {dag.py:3239} INFO - Sync 1 DAGs
[2024-11-04T14:03:12.776-0800] {logging_mixin.py:190} INFO - [2024-11-04T14:03:12.776-0800] {dag.py:4180} INFO - Setting next_dagrun for example_setup_teardown_taskflow to None, run_after=None
[2024-11-04T14:03:12.783-0800] {processor.py:208} INFO - Processing /opt/anaconda3/lib/python3.12/site-packages/airflow/example_dags/example_setup_teardown_taskflow.py took 0.069 seconds
[2024-11-04T14:04:27.240-0800] {processor.py:186} INFO - Started process (PID=56630) to work on /opt/anaconda3/lib/python3.12/site-packages/airflow/example_dags/example_setup_teardown_taskflow.py
[2024-11-04T14:04:27.241-0800] {processor.py:914} INFO - Processing file /opt/anaconda3/lib/python3.12/site-packages/airflow/example_dags/example_setup_teardown_taskflow.py for tasks to queue
[2024-11-04T14:04:27.241-0800] {logging_mixin.py:190} INFO - [2024-11-04T14:04:27.241-0800] {dagbag.py:588} INFO - Filling up the DagBag from /opt/anaconda3/lib/python3.12/site-packages/airflow/example_dags/example_setup_teardown_taskflow.py
[2024-11-04T14:04:27.256-0800] {processor.py:925} INFO - DAG(s) 'example_setup_teardown_taskflow' retrieved from /opt/anaconda3/lib/python3.12/site-packages/airflow/example_dags/example_setup_teardown_taskflow.py
[2024-11-04T14:04:27.287-0800] {logging_mixin.py:190} INFO - [2024-11-04T14:04:27.287-0800] {dag.py:3239} INFO - Sync 1 DAGs
[2024-11-04T14:04:27.290-0800] {logging_mixin.py:190} INFO - [2024-11-04T14:04:27.290-0800] {dag.py:4180} INFO - Setting next_dagrun for example_setup_teardown_taskflow to None, run_after=None
[2024-11-04T14:04:27.296-0800] {processor.py:208} INFO - Processing /opt/anaconda3/lib/python3.12/site-packages/airflow/example_dags/example_setup_teardown_taskflow.py took 0.057 seconds
[2024-11-04T14:06:51.855-0800] {processor.py:186} INFO - Started process (PID=56901) to work on /opt/anaconda3/lib/python3.12/site-packages/airflow/example_dags/example_setup_teardown_taskflow.py
[2024-11-04T14:06:51.856-0800] {processor.py:914} INFO - Processing file /opt/anaconda3/lib/python3.12/site-packages/airflow/example_dags/example_setup_teardown_taskflow.py for tasks to queue
[2024-11-04T14:06:51.856-0800] {logging_mixin.py:190} INFO - [2024-11-04T14:06:51.856-0800] {dagbag.py:588} INFO - Filling up the DagBag from /opt/anaconda3/lib/python3.12/site-packages/airflow/example_dags/example_setup_teardown_taskflow.py
[2024-11-04T14:06:51.870-0800] {processor.py:925} INFO - DAG(s) 'example_setup_teardown_taskflow' retrieved from /opt/anaconda3/lib/python3.12/site-packages/airflow/example_dags/example_setup_teardown_taskflow.py
[2024-11-04T14:06:51.901-0800] {logging_mixin.py:190} INFO - [2024-11-04T14:06:51.901-0800] {dag.py:3239} INFO - Sync 1 DAGs
[2024-11-04T14:06:51.905-0800] {logging_mixin.py:190} INFO - [2024-11-04T14:06:51.905-0800] {dag.py:4180} INFO - Setting next_dagrun for example_setup_teardown_taskflow to None, run_after=None
[2024-11-04T14:06:51.912-0800] {processor.py:208} INFO - Processing /opt/anaconda3/lib/python3.12/site-packages/airflow/example_dags/example_setup_teardown_taskflow.py took 0.059 seconds
[2024-11-04T14:09:14.999-0800] {processor.py:186} INFO - Started process (PID=57085) to work on /opt/anaconda3/lib/python3.12/site-packages/airflow/example_dags/example_setup_teardown_taskflow.py
[2024-11-04T14:09:14.999-0800] {processor.py:914} INFO - Processing file /opt/anaconda3/lib/python3.12/site-packages/airflow/example_dags/example_setup_teardown_taskflow.py for tasks to queue
[2024-11-04T14:09:15.000-0800] {logging_mixin.py:190} INFO - [2024-11-04T14:09:15.000-0800] {dagbag.py:588} INFO - Filling up the DagBag from /opt/anaconda3/lib/python3.12/site-packages/airflow/example_dags/example_setup_teardown_taskflow.py
[2024-11-04T14:09:15.014-0800] {processor.py:925} INFO - DAG(s) 'example_setup_teardown_taskflow' retrieved from /opt/anaconda3/lib/python3.12/site-packages/airflow/example_dags/example_setup_teardown_taskflow.py
[2024-11-04T14:09:15.045-0800] {logging_mixin.py:190} INFO - [2024-11-04T14:09:15.045-0800] {dag.py:3239} INFO - Sync 1 DAGs
[2024-11-04T14:09:15.048-0800] {logging_mixin.py:190} INFO - [2024-11-04T14:09:15.048-0800] {dag.py:4180} INFO - Setting next_dagrun for example_setup_teardown_taskflow to None, run_after=None
[2024-11-04T14:09:15.053-0800] {processor.py:208} INFO - Processing /opt/anaconda3/lib/python3.12/site-packages/airflow/example_dags/example_setup_teardown_taskflow.py took 0.056 seconds
[2024-11-04T14:10:32.367-0800] {processor.py:186} INFO - Started process (PID=57174) to work on /opt/anaconda3/lib/python3.12/site-packages/airflow/example_dags/example_setup_teardown_taskflow.py
[2024-11-04T14:10:32.368-0800] {processor.py:914} INFO - Processing file /opt/anaconda3/lib/python3.12/site-packages/airflow/example_dags/example_setup_teardown_taskflow.py for tasks to queue
[2024-11-04T14:10:32.369-0800] {logging_mixin.py:190} INFO - [2024-11-04T14:10:32.369-0800] {dagbag.py:588} INFO - Filling up the DagBag from /opt/anaconda3/lib/python3.12/site-packages/airflow/example_dags/example_setup_teardown_taskflow.py
[2024-11-04T14:10:32.383-0800] {processor.py:925} INFO - DAG(s) 'example_setup_teardown_taskflow' retrieved from /opt/anaconda3/lib/python3.12/site-packages/airflow/example_dags/example_setup_teardown_taskflow.py
[2024-11-04T14:10:32.412-0800] {logging_mixin.py:190} INFO - [2024-11-04T14:10:32.412-0800] {dag.py:3239} INFO - Sync 1 DAGs
[2024-11-04T14:10:32.416-0800] {logging_mixin.py:190} INFO - [2024-11-04T14:10:32.416-0800] {dag.py:4180} INFO - Setting next_dagrun for example_setup_teardown_taskflow to None, run_after=None
[2024-11-04T14:10:32.421-0800] {processor.py:208} INFO - Processing /opt/anaconda3/lib/python3.12/site-packages/airflow/example_dags/example_setup_teardown_taskflow.py took 0.055 seconds
[2024-11-04T14:21:22.856-0800] {processor.py:186} INFO - Started process (PID=57814) to work on /opt/anaconda3/lib/python3.12/site-packages/airflow/example_dags/example_setup_teardown_taskflow.py
[2024-11-04T14:21:22.857-0800] {processor.py:914} INFO - Processing file /opt/anaconda3/lib/python3.12/site-packages/airflow/example_dags/example_setup_teardown_taskflow.py for tasks to queue
[2024-11-04T14:21:22.857-0800] {logging_mixin.py:190} INFO - [2024-11-04T14:21:22.857-0800] {dagbag.py:588} INFO - Filling up the DagBag from /opt/anaconda3/lib/python3.12/site-packages/airflow/example_dags/example_setup_teardown_taskflow.py
[2024-11-04T14:21:22.870-0800] {processor.py:925} INFO - DAG(s) 'example_setup_teardown_taskflow' retrieved from /opt/anaconda3/lib/python3.12/site-packages/airflow/example_dags/example_setup_teardown_taskflow.py
[2024-11-04T14:21:23.105-0800] {logging_mixin.py:190} INFO - [2024-11-04T14:21:23.105-0800] {override.py:1907} INFO - Created Permission View: can delete on DAG:example_setup_teardown_taskflow
[2024-11-04T14:21:23.110-0800] {logging_mixin.py:190} INFO - [2024-11-04T14:21:23.110-0800] {override.py:1907} INFO - Created Permission View: can edit on DAG:example_setup_teardown_taskflow
[2024-11-04T14:21:23.114-0800] {logging_mixin.py:190} INFO - [2024-11-04T14:21:23.113-0800] {override.py:1907} INFO - Created Permission View: can read on DAG:example_setup_teardown_taskflow
[2024-11-04T14:21:23.116-0800] {logging_mixin.py:190} INFO - [2024-11-04T14:21:23.116-0800] {override.py:1907} INFO - Created Permission View: can delete on DAG Run:example_setup_teardown_taskflow
[2024-11-04T14:21:23.119-0800] {logging_mixin.py:190} INFO - [2024-11-04T14:21:23.119-0800] {override.py:1907} INFO - Created Permission View: can create on DAG Run:example_setup_teardown_taskflow
[2024-11-04T14:21:23.122-0800] {logging_mixin.py:190} INFO - [2024-11-04T14:21:23.122-0800] {override.py:1907} INFO - Created Permission View: menu access on DAG Run:example_setup_teardown_taskflow
[2024-11-04T14:21:23.125-0800] {logging_mixin.py:190} INFO - [2024-11-04T14:21:23.125-0800] {override.py:1907} INFO - Created Permission View: can read on DAG Run:example_setup_teardown_taskflow
[2024-11-04T14:21:23.126-0800] {logging_mixin.py:190} INFO - [2024-11-04T14:21:23.125-0800] {dag.py:3239} INFO - Sync 1 DAGs
[2024-11-04T14:21:23.131-0800] {logging_mixin.py:190} INFO - [2024-11-04T14:21:23.131-0800] {dag.py:3262} INFO - Creating ORM DAG for example_setup_teardown_taskflow
[2024-11-04T14:21:23.131-0800] {logging_mixin.py:190} INFO - [2024-11-04T14:21:23.131-0800] {dag.py:4180} INFO - Setting next_dagrun for example_setup_teardown_taskflow to None, run_after=None
[2024-11-04T14:21:23.139-0800] {processor.py:208} INFO - Processing /opt/anaconda3/lib/python3.12/site-packages/airflow/example_dags/example_setup_teardown_taskflow.py took 0.285 seconds
[2024-11-04T14:23:37.734-0800] {processor.py:186} INFO - Started process (PID=58101) to work on /opt/anaconda3/lib/python3.12/site-packages/airflow/example_dags/example_setup_teardown_taskflow.py
[2024-11-04T14:23:37.735-0800] {processor.py:914} INFO - Processing file /opt/anaconda3/lib/python3.12/site-packages/airflow/example_dags/example_setup_teardown_taskflow.py for tasks to queue
[2024-11-04T14:23:37.736-0800] {logging_mixin.py:190} INFO - [2024-11-04T14:23:37.736-0800] {dagbag.py:588} INFO - Filling up the DagBag from /opt/anaconda3/lib/python3.12/site-packages/airflow/example_dags/example_setup_teardown_taskflow.py
[2024-11-04T14:23:37.746-0800] {processor.py:925} INFO - DAG(s) 'example_setup_teardown_taskflow' retrieved from /opt/anaconda3/lib/python3.12/site-packages/airflow/example_dags/example_setup_teardown_taskflow.py
[2024-11-04T14:23:37.797-0800] {logging_mixin.py:190} INFO - [2024-11-04T14:23:37.796-0800] {dag.py:3239} INFO - Sync 1 DAGs
[2024-11-04T14:23:37.801-0800] {logging_mixin.py:190} INFO - [2024-11-04T14:23:37.801-0800] {dag.py:4180} INFO - Setting next_dagrun for example_setup_teardown_taskflow to None, run_after=None
[2024-11-04T14:23:37.811-0800] {processor.py:208} INFO - Processing /opt/anaconda3/lib/python3.12/site-packages/airflow/example_dags/example_setup_teardown_taskflow.py took 0.078 seconds
[2024-11-04T14:31:49.311-0800] {processor.py:186} INFO - Started process (PID=58456) to work on /opt/anaconda3/lib/python3.12/site-packages/airflow/example_dags/example_setup_teardown_taskflow.py
[2024-11-04T14:31:49.311-0800] {processor.py:914} INFO - Processing file /opt/anaconda3/lib/python3.12/site-packages/airflow/example_dags/example_setup_teardown_taskflow.py for tasks to queue
[2024-11-04T14:31:49.312-0800] {logging_mixin.py:190} INFO - [2024-11-04T14:31:49.312-0800] {dagbag.py:588} INFO - Filling up the DagBag from /opt/anaconda3/lib/python3.12/site-packages/airflow/example_dags/example_setup_teardown_taskflow.py
[2024-11-04T14:31:49.323-0800] {processor.py:925} INFO - DAG(s) 'example_setup_teardown_taskflow' retrieved from /opt/anaconda3/lib/python3.12/site-packages/airflow/example_dags/example_setup_teardown_taskflow.py
[2024-11-04T14:31:49.366-0800] {logging_mixin.py:190} INFO - [2024-11-04T14:31:49.366-0800] {dag.py:3239} INFO - Sync 1 DAGs
[2024-11-04T14:31:49.370-0800] {logging_mixin.py:190} INFO - [2024-11-04T14:31:49.370-0800] {dag.py:4180} INFO - Setting next_dagrun for example_setup_teardown_taskflow to None, run_after=None
[2024-11-04T14:31:49.382-0800] {processor.py:208} INFO - Processing /opt/anaconda3/lib/python3.12/site-packages/airflow/example_dags/example_setup_teardown_taskflow.py took 0.072 seconds
[2024-11-04T15:24:33.530-0800] {processor.py:186} INFO - Started process (PID=58680) to work on /opt/anaconda3/lib/python3.12/site-packages/airflow/example_dags/example_setup_teardown_taskflow.py
[2024-11-04T15:24:33.531-0800] {processor.py:914} INFO - Processing file /opt/anaconda3/lib/python3.12/site-packages/airflow/example_dags/example_setup_teardown_taskflow.py for tasks to queue
[2024-11-04T15:24:33.532-0800] {logging_mixin.py:190} INFO - [2024-11-04T15:24:33.531-0800] {dagbag.py:588} INFO - Filling up the DagBag from /opt/anaconda3/lib/python3.12/site-packages/airflow/example_dags/example_setup_teardown_taskflow.py
[2024-11-04T15:24:33.542-0800] {processor.py:925} INFO - DAG(s) 'example_setup_teardown_taskflow' retrieved from /opt/anaconda3/lib/python3.12/site-packages/airflow/example_dags/example_setup_teardown_taskflow.py
[2024-11-04T15:24:33.681-0800] {logging_mixin.py:190} INFO - [2024-11-04T15:24:33.681-0800] {dag.py:3239} INFO - Sync 1 DAGs
[2024-11-04T15:24:33.698-0800] {logging_mixin.py:190} INFO - [2024-11-04T15:24:33.697-0800] {dag.py:4180} INFO - Setting next_dagrun for example_setup_teardown_taskflow to None, run_after=None
[2024-11-04T15:24:33.722-0800] {processor.py:208} INFO - Processing /opt/anaconda3/lib/python3.12/site-packages/airflow/example_dags/example_setup_teardown_taskflow.py took 0.193 seconds
[2024-11-04T15:37:58.283-0800] {processor.py:186} INFO - Started process (PID=58815) to work on /opt/anaconda3/lib/python3.12/site-packages/airflow/example_dags/example_setup_teardown_taskflow.py
[2024-11-04T15:37:58.284-0800] {processor.py:914} INFO - Processing file /opt/anaconda3/lib/python3.12/site-packages/airflow/example_dags/example_setup_teardown_taskflow.py for tasks to queue
[2024-11-04T15:37:58.284-0800] {logging_mixin.py:190} INFO - [2024-11-04T15:37:58.284-0800] {dagbag.py:588} INFO - Filling up the DagBag from /opt/anaconda3/lib/python3.12/site-packages/airflow/example_dags/example_setup_teardown_taskflow.py
[2024-11-04T15:37:58.295-0800] {processor.py:925} INFO - DAG(s) 'example_setup_teardown_taskflow' retrieved from /opt/anaconda3/lib/python3.12/site-packages/airflow/example_dags/example_setup_teardown_taskflow.py
[2024-11-04T15:37:58.342-0800] {logging_mixin.py:190} INFO - [2024-11-04T15:37:58.342-0800] {dag.py:3239} INFO - Sync 1 DAGs
[2024-11-04T15:37:58.347-0800] {logging_mixin.py:190} INFO - [2024-11-04T15:37:58.346-0800] {dag.py:4180} INFO - Setting next_dagrun for example_setup_teardown_taskflow to None, run_after=None
[2024-11-04T15:37:58.356-0800] {processor.py:208} INFO - Processing /opt/anaconda3/lib/python3.12/site-packages/airflow/example_dags/example_setup_teardown_taskflow.py took 0.074 seconds
[2024-11-04T15:55:14.424-0800] {processor.py:186} INFO - Started process (PID=58948) to work on /opt/anaconda3/lib/python3.12/site-packages/airflow/example_dags/example_setup_teardown_taskflow.py
[2024-11-04T15:55:14.425-0800] {processor.py:914} INFO - Processing file /opt/anaconda3/lib/python3.12/site-packages/airflow/example_dags/example_setup_teardown_taskflow.py for tasks to queue
[2024-11-04T15:55:14.428-0800] {logging_mixin.py:190} INFO - [2024-11-04T15:55:14.428-0800] {dagbag.py:588} INFO - Filling up the DagBag from /opt/anaconda3/lib/python3.12/site-packages/airflow/example_dags/example_setup_teardown_taskflow.py
[2024-11-04T15:55:14.441-0800] {processor.py:925} INFO - DAG(s) 'example_setup_teardown_taskflow' retrieved from /opt/anaconda3/lib/python3.12/site-packages/airflow/example_dags/example_setup_teardown_taskflow.py
[2024-11-04T15:55:14.531-0800] {logging_mixin.py:190} INFO - [2024-11-04T15:55:14.530-0800] {dag.py:3239} INFO - Sync 1 DAGs
[2024-11-04T15:55:14.536-0800] {logging_mixin.py:190} INFO - [2024-11-04T15:55:14.536-0800] {dag.py:4180} INFO - Setting next_dagrun for example_setup_teardown_taskflow to None, run_after=None
[2024-11-04T15:55:14.545-0800] {processor.py:208} INFO - Processing /opt/anaconda3/lib/python3.12/site-packages/airflow/example_dags/example_setup_teardown_taskflow.py took 0.123 seconds
[2024-11-04T15:55:47.013-0800] {processor.py:186} INFO - Started process (PID=59101) to work on /opt/anaconda3/lib/python3.12/site-packages/airflow/example_dags/example_setup_teardown_taskflow.py
[2024-11-04T15:55:47.014-0800] {processor.py:914} INFO - Processing file /opt/anaconda3/lib/python3.12/site-packages/airflow/example_dags/example_setup_teardown_taskflow.py for tasks to queue
[2024-11-04T15:55:47.014-0800] {logging_mixin.py:190} INFO - [2024-11-04T15:55:47.014-0800] {dagbag.py:588} INFO - Filling up the DagBag from /opt/anaconda3/lib/python3.12/site-packages/airflow/example_dags/example_setup_teardown_taskflow.py
[2024-11-04T15:55:47.024-0800] {processor.py:925} INFO - DAG(s) 'example_setup_teardown_taskflow' retrieved from /opt/anaconda3/lib/python3.12/site-packages/airflow/example_dags/example_setup_teardown_taskflow.py
[2024-11-04T15:55:47.073-0800] {logging_mixin.py:190} INFO - [2024-11-04T15:55:47.073-0800] {dag.py:3239} INFO - Sync 1 DAGs
[2024-11-04T15:55:47.077-0800] {logging_mixin.py:190} INFO - [2024-11-04T15:55:47.077-0800] {dag.py:4180} INFO - Setting next_dagrun for example_setup_teardown_taskflow to None, run_after=None
[2024-11-04T15:55:47.086-0800] {processor.py:208} INFO - Processing /opt/anaconda3/lib/python3.12/site-packages/airflow/example_dags/example_setup_teardown_taskflow.py took 0.074 seconds
