[2024-11-04T12:43:22.932-0800] {processor.py:186} INFO - Started process (PID=50308) to work on /opt/anaconda3/lib/python3.12/site-packages/airflow/example_dags/example_dag_decorator.py
[2024-11-04T12:43:22.933-0800] {processor.py:914} INFO - Processing file /opt/anaconda3/lib/python3.12/site-packages/airflow/example_dags/example_dag_decorator.py for tasks to queue
[2024-11-04T12:43:22.934-0800] {logging_mixin.py:190} INFO - [2024-11-04T12:43:22.933-0800] {dagbag.py:588} INFO - Filling up the DagBag from /opt/anaconda3/lib/python3.12/site-packages/airflow/example_dags/example_dag_decorator.py
[2024-11-04T12:43:23.016-0800] {processor.py:925} INFO - DAG(s) 'example_dag_decorator' retrieved from /opt/anaconda3/lib/python3.12/site-packages/airflow/example_dags/example_dag_decorator.py
[2024-11-04T12:43:23.071-0800] {logging_mixin.py:190} INFO - [2024-11-04T12:43:23.071-0800] {dag.py:3239} INFO - Sync 1 DAGs
[2024-11-04T12:43:23.074-0800] {logging_mixin.py:190} INFO - [2024-11-04T12:43:23.074-0800] {dag.py:4180} INFO - Setting next_dagrun for example_dag_decorator to None, run_after=None
[2024-11-04T12:43:23.081-0800] {processor.py:208} INFO - Processing /opt/anaconda3/lib/python3.12/site-packages/airflow/example_dags/example_dag_decorator.py took 0.150 seconds
[2024-11-04T12:45:52.660-0800] {processor.py:186} INFO - Started process (PID=50520) to work on /opt/anaconda3/lib/python3.12/site-packages/airflow/example_dags/example_dag_decorator.py
[2024-11-04T12:45:52.661-0800] {processor.py:914} INFO - Processing file /opt/anaconda3/lib/python3.12/site-packages/airflow/example_dags/example_dag_decorator.py for tasks to queue
[2024-11-04T12:45:52.661-0800] {logging_mixin.py:190} INFO - [2024-11-04T12:45:52.661-0800] {dagbag.py:588} INFO - Filling up the DagBag from /opt/anaconda3/lib/python3.12/site-packages/airflow/example_dags/example_dag_decorator.py
[2024-11-04T12:45:52.755-0800] {processor.py:925} INFO - DAG(s) 'example_dag_decorator' retrieved from /opt/anaconda3/lib/python3.12/site-packages/airflow/example_dags/example_dag_decorator.py
[2024-11-04T12:45:52.833-0800] {logging_mixin.py:190} INFO - [2024-11-04T12:45:52.832-0800] {dag.py:3239} INFO - Sync 1 DAGs
[2024-11-04T12:45:52.837-0800] {logging_mixin.py:190} INFO - [2024-11-04T12:45:52.837-0800] {dag.py:4180} INFO - Setting next_dagrun for example_dag_decorator to None, run_after=None
[2024-11-04T12:45:52.843-0800] {processor.py:208} INFO - Processing /opt/anaconda3/lib/python3.12/site-packages/airflow/example_dags/example_dag_decorator.py took 0.185 seconds
[2024-11-04T12:48:22.095-0800] {processor.py:186} INFO - Started process (PID=50736) to work on /opt/anaconda3/lib/python3.12/site-packages/airflow/example_dags/example_dag_decorator.py
[2024-11-04T12:48:22.095-0800] {processor.py:914} INFO - Processing file /opt/anaconda3/lib/python3.12/site-packages/airflow/example_dags/example_dag_decorator.py for tasks to queue
[2024-11-04T12:48:22.096-0800] {logging_mixin.py:190} INFO - [2024-11-04T12:48:22.096-0800] {dagbag.py:588} INFO - Filling up the DagBag from /opt/anaconda3/lib/python3.12/site-packages/airflow/example_dags/example_dag_decorator.py
[2024-11-04T12:48:22.194-0800] {processor.py:925} INFO - DAG(s) 'example_dag_decorator' retrieved from /opt/anaconda3/lib/python3.12/site-packages/airflow/example_dags/example_dag_decorator.py
[2024-11-04T12:48:22.287-0800] {logging_mixin.py:190} INFO - [2024-11-04T12:48:22.287-0800] {dag.py:3239} INFO - Sync 1 DAGs
[2024-11-04T12:48:22.291-0800] {logging_mixin.py:190} INFO - [2024-11-04T12:48:22.291-0800] {dag.py:4180} INFO - Setting next_dagrun for example_dag_decorator to None, run_after=None
[2024-11-04T12:48:22.297-0800] {processor.py:208} INFO - Processing /opt/anaconda3/lib/python3.12/site-packages/airflow/example_dags/example_dag_decorator.py took 0.204 seconds
[2024-11-04T12:50:52.677-0800] {processor.py:186} INFO - Started process (PID=50958) to work on /opt/anaconda3/lib/python3.12/site-packages/airflow/example_dags/example_dag_decorator.py
[2024-11-04T12:50:52.678-0800] {processor.py:914} INFO - Processing file /opt/anaconda3/lib/python3.12/site-packages/airflow/example_dags/example_dag_decorator.py for tasks to queue
[2024-11-04T12:50:52.678-0800] {logging_mixin.py:190} INFO - [2024-11-04T12:50:52.678-0800] {dagbag.py:588} INFO - Filling up the DagBag from /opt/anaconda3/lib/python3.12/site-packages/airflow/example_dags/example_dag_decorator.py
[2024-11-04T12:50:52.765-0800] {processor.py:925} INFO - DAG(s) 'example_dag_decorator' retrieved from /opt/anaconda3/lib/python3.12/site-packages/airflow/example_dags/example_dag_decorator.py
[2024-11-04T12:50:52.848-0800] {logging_mixin.py:190} INFO - [2024-11-04T12:50:52.847-0800] {dag.py:3239} INFO - Sync 1 DAGs
[2024-11-04T12:50:52.851-0800] {logging_mixin.py:190} INFO - [2024-11-04T12:50:52.851-0800] {dag.py:4180} INFO - Setting next_dagrun for example_dag_decorator to None, run_after=None
[2024-11-04T12:50:52.858-0800] {processor.py:208} INFO - Processing /opt/anaconda3/lib/python3.12/site-packages/airflow/example_dags/example_dag_decorator.py took 0.182 seconds
[2024-11-04T12:53:21.018-0800] {processor.py:186} INFO - Started process (PID=51159) to work on /opt/anaconda3/lib/python3.12/site-packages/airflow/example_dags/example_dag_decorator.py
[2024-11-04T12:53:21.019-0800] {processor.py:914} INFO - Processing file /opt/anaconda3/lib/python3.12/site-packages/airflow/example_dags/example_dag_decorator.py for tasks to queue
[2024-11-04T12:53:21.020-0800] {logging_mixin.py:190} INFO - [2024-11-04T12:53:21.020-0800] {dagbag.py:588} INFO - Filling up the DagBag from /opt/anaconda3/lib/python3.12/site-packages/airflow/example_dags/example_dag_decorator.py
[2024-11-04T12:53:21.120-0800] {processor.py:925} INFO - DAG(s) 'example_dag_decorator' retrieved from /opt/anaconda3/lib/python3.12/site-packages/airflow/example_dags/example_dag_decorator.py
[2024-11-04T12:53:21.208-0800] {logging_mixin.py:190} INFO - [2024-11-04T12:53:21.208-0800] {dag.py:3239} INFO - Sync 1 DAGs
[2024-11-04T12:53:21.212-0800] {logging_mixin.py:190} INFO - [2024-11-04T12:53:21.212-0800] {dag.py:4180} INFO - Setting next_dagrun for example_dag_decorator to None, run_after=None
[2024-11-04T12:53:21.234-0800] {processor.py:208} INFO - Processing /opt/anaconda3/lib/python3.12/site-packages/airflow/example_dags/example_dag_decorator.py took 0.217 seconds
[2024-11-04T12:55:57.246-0800] {processor.py:186} INFO - Started process (PID=51330) to work on /opt/anaconda3/lib/python3.12/site-packages/airflow/example_dags/example_dag_decorator.py
[2024-11-04T12:55:57.247-0800] {processor.py:914} INFO - Processing file /opt/anaconda3/lib/python3.12/site-packages/airflow/example_dags/example_dag_decorator.py for tasks to queue
[2024-11-04T12:55:57.247-0800] {logging_mixin.py:190} INFO - [2024-11-04T12:55:57.247-0800] {dagbag.py:588} INFO - Filling up the DagBag from /opt/anaconda3/lib/python3.12/site-packages/airflow/example_dags/example_dag_decorator.py
[2024-11-04T12:55:57.336-0800] {processor.py:925} INFO - DAG(s) 'example_dag_decorator' retrieved from /opt/anaconda3/lib/python3.12/site-packages/airflow/example_dags/example_dag_decorator.py
[2024-11-04T12:55:57.415-0800] {logging_mixin.py:190} INFO - [2024-11-04T12:55:57.415-0800] {dag.py:3239} INFO - Sync 1 DAGs
[2024-11-04T12:55:57.419-0800] {logging_mixin.py:190} INFO - [2024-11-04T12:55:57.419-0800] {dag.py:4180} INFO - Setting next_dagrun for example_dag_decorator to None, run_after=None
[2024-11-04T12:55:57.425-0800] {processor.py:208} INFO - Processing /opt/anaconda3/lib/python3.12/site-packages/airflow/example_dags/example_dag_decorator.py took 0.180 seconds
[2024-11-04T12:58:21.918-0800] {processor.py:186} INFO - Started process (PID=51512) to work on /opt/anaconda3/lib/python3.12/site-packages/airflow/example_dags/example_dag_decorator.py
[2024-11-04T12:58:21.918-0800] {processor.py:914} INFO - Processing file /opt/anaconda3/lib/python3.12/site-packages/airflow/example_dags/example_dag_decorator.py for tasks to queue
[2024-11-04T12:58:21.918-0800] {logging_mixin.py:190} INFO - [2024-11-04T12:58:21.918-0800] {dagbag.py:588} INFO - Filling up the DagBag from /opt/anaconda3/lib/python3.12/site-packages/airflow/example_dags/example_dag_decorator.py
[2024-11-04T12:58:22.005-0800] {processor.py:925} INFO - DAG(s) 'example_dag_decorator' retrieved from /opt/anaconda3/lib/python3.12/site-packages/airflow/example_dags/example_dag_decorator.py
[2024-11-04T12:58:22.082-0800] {logging_mixin.py:190} INFO - [2024-11-04T12:58:22.082-0800] {dag.py:3239} INFO - Sync 1 DAGs
[2024-11-04T12:58:22.085-0800] {logging_mixin.py:190} INFO - [2024-11-04T12:58:22.085-0800] {dag.py:4180} INFO - Setting next_dagrun for example_dag_decorator to None, run_after=None
[2024-11-04T12:58:22.091-0800] {processor.py:208} INFO - Processing /opt/anaconda3/lib/python3.12/site-packages/airflow/example_dags/example_dag_decorator.py took 0.174 seconds
[2024-11-04T13:00:51.521-0800] {processor.py:186} INFO - Started process (PID=51719) to work on /opt/anaconda3/lib/python3.12/site-packages/airflow/example_dags/example_dag_decorator.py
[2024-11-04T13:00:51.521-0800] {processor.py:914} INFO - Processing file /opt/anaconda3/lib/python3.12/site-packages/airflow/example_dags/example_dag_decorator.py for tasks to queue
[2024-11-04T13:00:51.522-0800] {logging_mixin.py:190} INFO - [2024-11-04T13:00:51.522-0800] {dagbag.py:588} INFO - Filling up the DagBag from /opt/anaconda3/lib/python3.12/site-packages/airflow/example_dags/example_dag_decorator.py
[2024-11-04T13:00:51.608-0800] {processor.py:925} INFO - DAG(s) 'example_dag_decorator' retrieved from /opt/anaconda3/lib/python3.12/site-packages/airflow/example_dags/example_dag_decorator.py
[2024-11-04T13:00:51.691-0800] {logging_mixin.py:190} INFO - [2024-11-04T13:00:51.691-0800] {dag.py:3239} INFO - Sync 1 DAGs
[2024-11-04T13:00:51.695-0800] {logging_mixin.py:190} INFO - [2024-11-04T13:00:51.695-0800] {dag.py:4180} INFO - Setting next_dagrun for example_dag_decorator to None, run_after=None
[2024-11-04T13:00:51.700-0800] {processor.py:208} INFO - Processing /opt/anaconda3/lib/python3.12/site-packages/airflow/example_dags/example_dag_decorator.py took 0.181 seconds
[2024-11-04T13:03:21.743-0800] {processor.py:186} INFO - Started process (PID=51895) to work on /opt/anaconda3/lib/python3.12/site-packages/airflow/example_dags/example_dag_decorator.py
[2024-11-04T13:03:21.744-0800] {processor.py:914} INFO - Processing file /opt/anaconda3/lib/python3.12/site-packages/airflow/example_dags/example_dag_decorator.py for tasks to queue
[2024-11-04T13:03:21.744-0800] {logging_mixin.py:190} INFO - [2024-11-04T13:03:21.744-0800] {dagbag.py:588} INFO - Filling up the DagBag from /opt/anaconda3/lib/python3.12/site-packages/airflow/example_dags/example_dag_decorator.py
[2024-11-04T13:03:21.832-0800] {processor.py:925} INFO - DAG(s) 'example_dag_decorator' retrieved from /opt/anaconda3/lib/python3.12/site-packages/airflow/example_dags/example_dag_decorator.py
[2024-11-04T13:03:21.908-0800] {logging_mixin.py:190} INFO - [2024-11-04T13:03:21.908-0800] {dag.py:3239} INFO - Sync 1 DAGs
[2024-11-04T13:03:21.912-0800] {logging_mixin.py:190} INFO - [2024-11-04T13:03:21.912-0800] {dag.py:4180} INFO - Setting next_dagrun for example_dag_decorator to None, run_after=None
[2024-11-04T13:03:21.918-0800] {processor.py:208} INFO - Processing /opt/anaconda3/lib/python3.12/site-packages/airflow/example_dags/example_dag_decorator.py took 0.176 seconds
[2024-11-04T13:05:45.105-0800] {processor.py:186} INFO - Started process (PID=52127) to work on /opt/anaconda3/lib/python3.12/site-packages/airflow/example_dags/example_dag_decorator.py
[2024-11-04T13:05:45.107-0800] {processor.py:914} INFO - Processing file /opt/anaconda3/lib/python3.12/site-packages/airflow/example_dags/example_dag_decorator.py for tasks to queue
[2024-11-04T13:05:45.107-0800] {logging_mixin.py:190} INFO - [2024-11-04T13:05:45.107-0800] {dagbag.py:588} INFO - Filling up the DagBag from /opt/anaconda3/lib/python3.12/site-packages/airflow/example_dags/example_dag_decorator.py
[2024-11-04T13:05:45.195-0800] {processor.py:925} INFO - DAG(s) 'example_dag_decorator' retrieved from /opt/anaconda3/lib/python3.12/site-packages/airflow/example_dags/example_dag_decorator.py
[2024-11-04T13:05:45.275-0800] {logging_mixin.py:190} INFO - [2024-11-04T13:05:45.275-0800] {dag.py:3239} INFO - Sync 1 DAGs
[2024-11-04T13:05:45.279-0800] {logging_mixin.py:190} INFO - [2024-11-04T13:05:45.279-0800] {dag.py:4180} INFO - Setting next_dagrun for example_dag_decorator to None, run_after=None
[2024-11-04T13:05:45.285-0800] {processor.py:208} INFO - Processing /opt/anaconda3/lib/python3.12/site-packages/airflow/example_dags/example_dag_decorator.py took 0.181 seconds
[2024-11-04T13:08:11.093-0800] {processor.py:186} INFO - Started process (PID=52304) to work on /opt/anaconda3/lib/python3.12/site-packages/airflow/example_dags/example_dag_decorator.py
[2024-11-04T13:08:11.094-0800] {processor.py:914} INFO - Processing file /opt/anaconda3/lib/python3.12/site-packages/airflow/example_dags/example_dag_decorator.py for tasks to queue
[2024-11-04T13:08:11.094-0800] {logging_mixin.py:190} INFO - [2024-11-04T13:08:11.094-0800] {dagbag.py:588} INFO - Filling up the DagBag from /opt/anaconda3/lib/python3.12/site-packages/airflow/example_dags/example_dag_decorator.py
[2024-11-04T13:08:11.194-0800] {processor.py:925} INFO - DAG(s) 'example_dag_decorator' retrieved from /opt/anaconda3/lib/python3.12/site-packages/airflow/example_dags/example_dag_decorator.py
[2024-11-04T13:08:11.285-0800] {logging_mixin.py:190} INFO - [2024-11-04T13:08:11.285-0800] {dag.py:3239} INFO - Sync 1 DAGs
[2024-11-04T13:08:11.289-0800] {logging_mixin.py:190} INFO - [2024-11-04T13:08:11.289-0800] {dag.py:4180} INFO - Setting next_dagrun for example_dag_decorator to None, run_after=None
[2024-11-04T13:08:11.295-0800] {processor.py:208} INFO - Processing /opt/anaconda3/lib/python3.12/site-packages/airflow/example_dags/example_dag_decorator.py took 0.204 seconds
[2024-11-04T13:10:32.572-0800] {processor.py:186} INFO - Started process (PID=52499) to work on /opt/anaconda3/lib/python3.12/site-packages/airflow/example_dags/example_dag_decorator.py
[2024-11-04T13:10:32.572-0800] {processor.py:914} INFO - Processing file /opt/anaconda3/lib/python3.12/site-packages/airflow/example_dags/example_dag_decorator.py for tasks to queue
[2024-11-04T13:10:32.572-0800] {logging_mixin.py:190} INFO - [2024-11-04T13:10:32.572-0800] {dagbag.py:588} INFO - Filling up the DagBag from /opt/anaconda3/lib/python3.12/site-packages/airflow/example_dags/example_dag_decorator.py
[2024-11-04T13:10:32.661-0800] {processor.py:925} INFO - DAG(s) 'example_dag_decorator' retrieved from /opt/anaconda3/lib/python3.12/site-packages/airflow/example_dags/example_dag_decorator.py
[2024-11-04T13:10:32.738-0800] {logging_mixin.py:190} INFO - [2024-11-04T13:10:32.738-0800] {dag.py:3239} INFO - Sync 1 DAGs
[2024-11-04T13:10:32.742-0800] {logging_mixin.py:190} INFO - [2024-11-04T13:10:32.742-0800] {dag.py:4180} INFO - Setting next_dagrun for example_dag_decorator to None, run_after=None
[2024-11-04T13:10:32.747-0800] {processor.py:208} INFO - Processing /opt/anaconda3/lib/python3.12/site-packages/airflow/example_dags/example_dag_decorator.py took 0.177 seconds
[2024-11-04T13:12:55.379-0800] {processor.py:186} INFO - Started process (PID=52691) to work on /opt/anaconda3/lib/python3.12/site-packages/airflow/example_dags/example_dag_decorator.py
[2024-11-04T13:12:55.381-0800] {processor.py:914} INFO - Processing file /opt/anaconda3/lib/python3.12/site-packages/airflow/example_dags/example_dag_decorator.py for tasks to queue
[2024-11-04T13:12:55.382-0800] {logging_mixin.py:190} INFO - [2024-11-04T13:12:55.382-0800] {dagbag.py:588} INFO - Filling up the DagBag from /opt/anaconda3/lib/python3.12/site-packages/airflow/example_dags/example_dag_decorator.py
[2024-11-04T13:12:55.469-0800] {processor.py:925} INFO - DAG(s) 'example_dag_decorator' retrieved from /opt/anaconda3/lib/python3.12/site-packages/airflow/example_dags/example_dag_decorator.py
[2024-11-04T13:12:55.547-0800] {logging_mixin.py:190} INFO - [2024-11-04T13:12:55.547-0800] {dag.py:3239} INFO - Sync 1 DAGs
[2024-11-04T13:12:55.550-0800] {logging_mixin.py:190} INFO - [2024-11-04T13:12:55.550-0800] {dag.py:4180} INFO - Setting next_dagrun for example_dag_decorator to None, run_after=None
[2024-11-04T13:12:55.558-0800] {processor.py:208} INFO - Processing /opt/anaconda3/lib/python3.12/site-packages/airflow/example_dags/example_dag_decorator.py took 0.179 seconds
[2024-11-04T13:15:14.569-0800] {processor.py:186} INFO - Started process (PID=52871) to work on /opt/anaconda3/lib/python3.12/site-packages/airflow/example_dags/example_dag_decorator.py
[2024-11-04T13:15:14.570-0800] {processor.py:914} INFO - Processing file /opt/anaconda3/lib/python3.12/site-packages/airflow/example_dags/example_dag_decorator.py for tasks to queue
[2024-11-04T13:15:14.570-0800] {logging_mixin.py:190} INFO - [2024-11-04T13:15:14.570-0800] {dagbag.py:588} INFO - Filling up the DagBag from /opt/anaconda3/lib/python3.12/site-packages/airflow/example_dags/example_dag_decorator.py
[2024-11-04T13:15:14.659-0800] {processor.py:925} INFO - DAG(s) 'example_dag_decorator' retrieved from /opt/anaconda3/lib/python3.12/site-packages/airflow/example_dags/example_dag_decorator.py
[2024-11-04T13:15:14.738-0800] {logging_mixin.py:190} INFO - [2024-11-04T13:15:14.738-0800] {dag.py:3239} INFO - Sync 1 DAGs
[2024-11-04T13:15:14.742-0800] {logging_mixin.py:190} INFO - [2024-11-04T13:15:14.742-0800] {dag.py:4180} INFO - Setting next_dagrun for example_dag_decorator to None, run_after=None
[2024-11-04T13:15:14.748-0800] {processor.py:208} INFO - Processing /opt/anaconda3/lib/python3.12/site-packages/airflow/example_dags/example_dag_decorator.py took 0.180 seconds
[2024-11-04T13:17:37.275-0800] {processor.py:186} INFO - Started process (PID=53041) to work on /opt/anaconda3/lib/python3.12/site-packages/airflow/example_dags/example_dag_decorator.py
[2024-11-04T13:17:37.276-0800] {processor.py:914} INFO - Processing file /opt/anaconda3/lib/python3.12/site-packages/airflow/example_dags/example_dag_decorator.py for tasks to queue
[2024-11-04T13:17:37.277-0800] {logging_mixin.py:190} INFO - [2024-11-04T13:17:37.277-0800] {dagbag.py:588} INFO - Filling up the DagBag from /opt/anaconda3/lib/python3.12/site-packages/airflow/example_dags/example_dag_decorator.py
[2024-11-04T13:17:37.369-0800] {processor.py:925} INFO - DAG(s) 'example_dag_decorator' retrieved from /opt/anaconda3/lib/python3.12/site-packages/airflow/example_dags/example_dag_decorator.py
[2024-11-04T13:17:37.448-0800] {logging_mixin.py:190} INFO - [2024-11-04T13:17:37.448-0800] {dag.py:3239} INFO - Sync 1 DAGs
[2024-11-04T13:17:37.451-0800] {logging_mixin.py:190} INFO - [2024-11-04T13:17:37.451-0800] {dag.py:4180} INFO - Setting next_dagrun for example_dag_decorator to None, run_after=None
[2024-11-04T13:17:37.457-0800] {processor.py:208} INFO - Processing /opt/anaconda3/lib/python3.12/site-packages/airflow/example_dags/example_dag_decorator.py took 0.183 seconds
[2024-11-04T13:20:02.244-0800] {processor.py:186} INFO - Started process (PID=53221) to work on /opt/anaconda3/lib/python3.12/site-packages/airflow/example_dags/example_dag_decorator.py
[2024-11-04T13:20:02.245-0800] {processor.py:914} INFO - Processing file /opt/anaconda3/lib/python3.12/site-packages/airflow/example_dags/example_dag_decorator.py for tasks to queue
[2024-11-04T13:20:02.246-0800] {logging_mixin.py:190} INFO - [2024-11-04T13:20:02.246-0800] {dagbag.py:588} INFO - Filling up the DagBag from /opt/anaconda3/lib/python3.12/site-packages/airflow/example_dags/example_dag_decorator.py
[2024-11-04T13:20:02.333-0800] {processor.py:925} INFO - DAG(s) 'example_dag_decorator' retrieved from /opt/anaconda3/lib/python3.12/site-packages/airflow/example_dags/example_dag_decorator.py
[2024-11-04T13:20:02.410-0800] {logging_mixin.py:190} INFO - [2024-11-04T13:20:02.410-0800] {dag.py:3239} INFO - Sync 1 DAGs
[2024-11-04T13:20:02.414-0800] {logging_mixin.py:190} INFO - [2024-11-04T13:20:02.414-0800] {dag.py:4180} INFO - Setting next_dagrun for example_dag_decorator to None, run_after=None
[2024-11-04T13:20:02.419-0800] {processor.py:208} INFO - Processing /opt/anaconda3/lib/python3.12/site-packages/airflow/example_dags/example_dag_decorator.py took 0.176 seconds
[2024-11-04T13:22:26.311-0800] {processor.py:186} INFO - Started process (PID=53384) to work on /opt/anaconda3/lib/python3.12/site-packages/airflow/example_dags/example_dag_decorator.py
[2024-11-04T13:22:26.312-0800] {processor.py:914} INFO - Processing file /opt/anaconda3/lib/python3.12/site-packages/airflow/example_dags/example_dag_decorator.py for tasks to queue
[2024-11-04T13:22:26.312-0800] {logging_mixin.py:190} INFO - [2024-11-04T13:22:26.312-0800] {dagbag.py:588} INFO - Filling up the DagBag from /opt/anaconda3/lib/python3.12/site-packages/airflow/example_dags/example_dag_decorator.py
[2024-11-04T13:22:26.400-0800] {processor.py:925} INFO - DAG(s) 'example_dag_decorator' retrieved from /opt/anaconda3/lib/python3.12/site-packages/airflow/example_dags/example_dag_decorator.py
[2024-11-04T13:22:26.479-0800] {logging_mixin.py:190} INFO - [2024-11-04T13:22:26.479-0800] {dag.py:3239} INFO - Sync 1 DAGs
[2024-11-04T13:22:26.483-0800] {logging_mixin.py:190} INFO - [2024-11-04T13:22:26.483-0800] {dag.py:4180} INFO - Setting next_dagrun for example_dag_decorator to None, run_after=None
[2024-11-04T13:22:26.488-0800] {processor.py:208} INFO - Processing /opt/anaconda3/lib/python3.12/site-packages/airflow/example_dags/example_dag_decorator.py took 0.179 seconds
[2024-11-04T13:24:49.177-0800] {processor.py:186} INFO - Started process (PID=53567) to work on /opt/anaconda3/lib/python3.12/site-packages/airflow/example_dags/example_dag_decorator.py
[2024-11-04T13:24:49.178-0800] {processor.py:914} INFO - Processing file /opt/anaconda3/lib/python3.12/site-packages/airflow/example_dags/example_dag_decorator.py for tasks to queue
[2024-11-04T13:24:49.179-0800] {logging_mixin.py:190} INFO - [2024-11-04T13:24:49.179-0800] {dagbag.py:588} INFO - Filling up the DagBag from /opt/anaconda3/lib/python3.12/site-packages/airflow/example_dags/example_dag_decorator.py
[2024-11-04T13:24:49.264-0800] {processor.py:925} INFO - DAG(s) 'example_dag_decorator' retrieved from /opt/anaconda3/lib/python3.12/site-packages/airflow/example_dags/example_dag_decorator.py
[2024-11-04T13:24:49.343-0800] {logging_mixin.py:190} INFO - [2024-11-04T13:24:49.343-0800] {dag.py:3239} INFO - Sync 1 DAGs
[2024-11-04T13:24:49.347-0800] {logging_mixin.py:190} INFO - [2024-11-04T13:24:49.346-0800] {dag.py:4180} INFO - Setting next_dagrun for example_dag_decorator to None, run_after=None
[2024-11-04T13:24:49.353-0800] {processor.py:208} INFO - Processing /opt/anaconda3/lib/python3.12/site-packages/airflow/example_dags/example_dag_decorator.py took 0.176 seconds
[2024-11-04T13:27:13.048-0800] {processor.py:186} INFO - Started process (PID=53746) to work on /opt/anaconda3/lib/python3.12/site-packages/airflow/example_dags/example_dag_decorator.py
[2024-11-04T13:27:13.048-0800] {processor.py:914} INFO - Processing file /opt/anaconda3/lib/python3.12/site-packages/airflow/example_dags/example_dag_decorator.py for tasks to queue
[2024-11-04T13:27:13.049-0800] {logging_mixin.py:190} INFO - [2024-11-04T13:27:13.049-0800] {dagbag.py:588} INFO - Filling up the DagBag from /opt/anaconda3/lib/python3.12/site-packages/airflow/example_dags/example_dag_decorator.py
[2024-11-04T13:27:13.140-0800] {processor.py:925} INFO - DAG(s) 'example_dag_decorator' retrieved from /opt/anaconda3/lib/python3.12/site-packages/airflow/example_dags/example_dag_decorator.py
[2024-11-04T13:27:13.216-0800] {logging_mixin.py:190} INFO - [2024-11-04T13:27:13.216-0800] {dag.py:3239} INFO - Sync 1 DAGs
[2024-11-04T13:27:13.220-0800] {logging_mixin.py:190} INFO - [2024-11-04T13:27:13.220-0800] {dag.py:4180} INFO - Setting next_dagrun for example_dag_decorator to None, run_after=None
[2024-11-04T13:27:13.225-0800] {processor.py:208} INFO - Processing /opt/anaconda3/lib/python3.12/site-packages/airflow/example_dags/example_dag_decorator.py took 0.179 seconds
[2024-11-04T13:29:35.183-0800] {processor.py:186} INFO - Started process (PID=53925) to work on /opt/anaconda3/lib/python3.12/site-packages/airflow/example_dags/example_dag_decorator.py
[2024-11-04T13:29:35.184-0800] {processor.py:914} INFO - Processing file /opt/anaconda3/lib/python3.12/site-packages/airflow/example_dags/example_dag_decorator.py for tasks to queue
[2024-11-04T13:29:35.184-0800] {logging_mixin.py:190} INFO - [2024-11-04T13:29:35.184-0800] {dagbag.py:588} INFO - Filling up the DagBag from /opt/anaconda3/lib/python3.12/site-packages/airflow/example_dags/example_dag_decorator.py
[2024-11-04T13:29:35.274-0800] {processor.py:925} INFO - DAG(s) 'example_dag_decorator' retrieved from /opt/anaconda3/lib/python3.12/site-packages/airflow/example_dags/example_dag_decorator.py
[2024-11-04T13:29:35.414-0800] {logging_mixin.py:190} INFO - [2024-11-04T13:29:35.414-0800] {dag.py:3239} INFO - Sync 1 DAGs
[2024-11-04T13:29:35.418-0800] {logging_mixin.py:190} INFO - [2024-11-04T13:29:35.418-0800] {dag.py:4180} INFO - Setting next_dagrun for example_dag_decorator to None, run_after=None
[2024-11-04T13:29:35.425-0800] {processor.py:208} INFO - Processing /opt/anaconda3/lib/python3.12/site-packages/airflow/example_dags/example_dag_decorator.py took 0.243 seconds
[2024-11-04T13:32:01.524-0800] {processor.py:186} INFO - Started process (PID=54095) to work on /opt/anaconda3/lib/python3.12/site-packages/airflow/example_dags/example_dag_decorator.py
[2024-11-04T13:32:01.525-0800] {processor.py:914} INFO - Processing file /opt/anaconda3/lib/python3.12/site-packages/airflow/example_dags/example_dag_decorator.py for tasks to queue
[2024-11-04T13:32:01.526-0800] {logging_mixin.py:190} INFO - [2024-11-04T13:32:01.526-0800] {dagbag.py:588} INFO - Filling up the DagBag from /opt/anaconda3/lib/python3.12/site-packages/airflow/example_dags/example_dag_decorator.py
[2024-11-04T13:32:01.612-0800] {processor.py:925} INFO - DAG(s) 'example_dag_decorator' retrieved from /opt/anaconda3/lib/python3.12/site-packages/airflow/example_dags/example_dag_decorator.py
[2024-11-04T13:32:01.690-0800] {logging_mixin.py:190} INFO - [2024-11-04T13:32:01.689-0800] {dag.py:3239} INFO - Sync 1 DAGs
[2024-11-04T13:32:01.693-0800] {logging_mixin.py:190} INFO - [2024-11-04T13:32:01.693-0800] {dag.py:4180} INFO - Setting next_dagrun for example_dag_decorator to None, run_after=None
[2024-11-04T13:32:01.699-0800] {processor.py:208} INFO - Processing /opt/anaconda3/lib/python3.12/site-packages/airflow/example_dags/example_dag_decorator.py took 0.176 seconds
[2024-11-04T13:34:26.870-0800] {processor.py:186} INFO - Started process (PID=54294) to work on /opt/anaconda3/lib/python3.12/site-packages/airflow/example_dags/example_dag_decorator.py
[2024-11-04T13:34:26.871-0800] {processor.py:914} INFO - Processing file /opt/anaconda3/lib/python3.12/site-packages/airflow/example_dags/example_dag_decorator.py for tasks to queue
[2024-11-04T13:34:26.871-0800] {logging_mixin.py:190} INFO - [2024-11-04T13:34:26.871-0800] {dagbag.py:588} INFO - Filling up the DagBag from /opt/anaconda3/lib/python3.12/site-packages/airflow/example_dags/example_dag_decorator.py
[2024-11-04T13:34:26.959-0800] {processor.py:925} INFO - DAG(s) 'example_dag_decorator' retrieved from /opt/anaconda3/lib/python3.12/site-packages/airflow/example_dags/example_dag_decorator.py
[2024-11-04T13:34:27.039-0800] {logging_mixin.py:190} INFO - [2024-11-04T13:34:27.039-0800] {dag.py:3239} INFO - Sync 1 DAGs
[2024-11-04T13:34:27.042-0800] {logging_mixin.py:190} INFO - [2024-11-04T13:34:27.042-0800] {dag.py:4180} INFO - Setting next_dagrun for example_dag_decorator to None, run_after=None
[2024-11-04T13:34:27.048-0800] {processor.py:208} INFO - Processing /opt/anaconda3/lib/python3.12/site-packages/airflow/example_dags/example_dag_decorator.py took 0.179 seconds
[2024-11-04T13:36:47.220-0800] {processor.py:186} INFO - Started process (PID=54481) to work on /opt/anaconda3/lib/python3.12/site-packages/airflow/example_dags/example_dag_decorator.py
[2024-11-04T13:36:47.222-0800] {processor.py:914} INFO - Processing file /opt/anaconda3/lib/python3.12/site-packages/airflow/example_dags/example_dag_decorator.py for tasks to queue
[2024-11-04T13:36:47.222-0800] {logging_mixin.py:190} INFO - [2024-11-04T13:36:47.222-0800] {dagbag.py:588} INFO - Filling up the DagBag from /opt/anaconda3/lib/python3.12/site-packages/airflow/example_dags/example_dag_decorator.py
[2024-11-04T13:36:47.308-0800] {processor.py:925} INFO - DAG(s) 'example_dag_decorator' retrieved from /opt/anaconda3/lib/python3.12/site-packages/airflow/example_dags/example_dag_decorator.py
[2024-11-04T13:36:47.389-0800] {logging_mixin.py:190} INFO - [2024-11-04T13:36:47.389-0800] {dag.py:3239} INFO - Sync 1 DAGs
[2024-11-04T13:36:47.392-0800] {logging_mixin.py:190} INFO - [2024-11-04T13:36:47.392-0800] {dag.py:4180} INFO - Setting next_dagrun for example_dag_decorator to None, run_after=None
[2024-11-04T13:36:47.398-0800] {processor.py:208} INFO - Processing /opt/anaconda3/lib/python3.12/site-packages/airflow/example_dags/example_dag_decorator.py took 0.179 seconds
[2024-11-04T13:39:10.223-0800] {processor.py:186} INFO - Started process (PID=54668) to work on /opt/anaconda3/lib/python3.12/site-packages/airflow/example_dags/example_dag_decorator.py
[2024-11-04T13:39:10.225-0800] {processor.py:914} INFO - Processing file /opt/anaconda3/lib/python3.12/site-packages/airflow/example_dags/example_dag_decorator.py for tasks to queue
[2024-11-04T13:39:10.225-0800] {logging_mixin.py:190} INFO - [2024-11-04T13:39:10.225-0800] {dagbag.py:588} INFO - Filling up the DagBag from /opt/anaconda3/lib/python3.12/site-packages/airflow/example_dags/example_dag_decorator.py
[2024-11-04T13:39:10.317-0800] {processor.py:925} INFO - DAG(s) 'example_dag_decorator' retrieved from /opt/anaconda3/lib/python3.12/site-packages/airflow/example_dags/example_dag_decorator.py
[2024-11-04T13:39:10.397-0800] {logging_mixin.py:190} INFO - [2024-11-04T13:39:10.397-0800] {dag.py:3239} INFO - Sync 1 DAGs
[2024-11-04T13:39:10.401-0800] {logging_mixin.py:190} INFO - [2024-11-04T13:39:10.401-0800] {dag.py:4180} INFO - Setting next_dagrun for example_dag_decorator to None, run_after=None
[2024-11-04T13:39:10.406-0800] {processor.py:208} INFO - Processing /opt/anaconda3/lib/python3.12/site-packages/airflow/example_dags/example_dag_decorator.py took 0.184 seconds
[2024-11-04T13:41:31.806-0800] {processor.py:186} INFO - Started process (PID=54841) to work on /opt/anaconda3/lib/python3.12/site-packages/airflow/example_dags/example_dag_decorator.py
[2024-11-04T13:41:31.807-0800] {processor.py:914} INFO - Processing file /opt/anaconda3/lib/python3.12/site-packages/airflow/example_dags/example_dag_decorator.py for tasks to queue
[2024-11-04T13:41:31.807-0800] {logging_mixin.py:190} INFO - [2024-11-04T13:41:31.807-0800] {dagbag.py:588} INFO - Filling up the DagBag from /opt/anaconda3/lib/python3.12/site-packages/airflow/example_dags/example_dag_decorator.py
[2024-11-04T13:41:31.895-0800] {processor.py:925} INFO - DAG(s) 'example_dag_decorator' retrieved from /opt/anaconda3/lib/python3.12/site-packages/airflow/example_dags/example_dag_decorator.py
[2024-11-04T13:41:31.975-0800] {logging_mixin.py:190} INFO - [2024-11-04T13:41:31.975-0800] {dag.py:3239} INFO - Sync 1 DAGs
[2024-11-04T13:41:31.978-0800] {logging_mixin.py:190} INFO - [2024-11-04T13:41:31.978-0800] {dag.py:4180} INFO - Setting next_dagrun for example_dag_decorator to None, run_after=None
[2024-11-04T13:41:31.985-0800] {processor.py:208} INFO - Processing /opt/anaconda3/lib/python3.12/site-packages/airflow/example_dags/example_dag_decorator.py took 0.180 seconds
[2024-11-04T13:43:58.195-0800] {processor.py:186} INFO - Started process (PID=55012) to work on /opt/anaconda3/lib/python3.12/site-packages/airflow/example_dags/example_dag_decorator.py
[2024-11-04T13:43:58.196-0800] {processor.py:914} INFO - Processing file /opt/anaconda3/lib/python3.12/site-packages/airflow/example_dags/example_dag_decorator.py for tasks to queue
[2024-11-04T13:43:58.196-0800] {logging_mixin.py:190} INFO - [2024-11-04T13:43:58.196-0800] {dagbag.py:588} INFO - Filling up the DagBag from /opt/anaconda3/lib/python3.12/site-packages/airflow/example_dags/example_dag_decorator.py
[2024-11-04T13:43:58.282-0800] {processor.py:925} INFO - DAG(s) 'example_dag_decorator' retrieved from /opt/anaconda3/lib/python3.12/site-packages/airflow/example_dags/example_dag_decorator.py
[2024-11-04T13:43:58.359-0800] {logging_mixin.py:190} INFO - [2024-11-04T13:43:58.359-0800] {dag.py:3239} INFO - Sync 1 DAGs
[2024-11-04T13:43:58.362-0800] {logging_mixin.py:190} INFO - [2024-11-04T13:43:58.362-0800] {dag.py:4180} INFO - Setting next_dagrun for example_dag_decorator to None, run_after=None
[2024-11-04T13:43:58.368-0800] {processor.py:208} INFO - Processing /opt/anaconda3/lib/python3.12/site-packages/airflow/example_dags/example_dag_decorator.py took 0.174 seconds
[2024-11-04T13:46:23.131-0800] {processor.py:186} INFO - Started process (PID=55184) to work on /opt/anaconda3/lib/python3.12/site-packages/airflow/example_dags/example_dag_decorator.py
[2024-11-04T13:46:23.132-0800] {processor.py:914} INFO - Processing file /opt/anaconda3/lib/python3.12/site-packages/airflow/example_dags/example_dag_decorator.py for tasks to queue
[2024-11-04T13:46:23.132-0800] {logging_mixin.py:190} INFO - [2024-11-04T13:46:23.132-0800] {dagbag.py:588} INFO - Filling up the DagBag from /opt/anaconda3/lib/python3.12/site-packages/airflow/example_dags/example_dag_decorator.py
[2024-11-04T13:46:23.219-0800] {processor.py:925} INFO - DAG(s) 'example_dag_decorator' retrieved from /opt/anaconda3/lib/python3.12/site-packages/airflow/example_dags/example_dag_decorator.py
[2024-11-04T13:46:23.297-0800] {logging_mixin.py:190} INFO - [2024-11-04T13:46:23.296-0800] {dag.py:3239} INFO - Sync 1 DAGs
[2024-11-04T13:46:23.300-0800] {logging_mixin.py:190} INFO - [2024-11-04T13:46:23.300-0800] {dag.py:4180} INFO - Setting next_dagrun for example_dag_decorator to None, run_after=None
[2024-11-04T13:46:23.306-0800] {processor.py:208} INFO - Processing /opt/anaconda3/lib/python3.12/site-packages/airflow/example_dags/example_dag_decorator.py took 0.176 seconds
[2024-11-04T13:48:40.414-0800] {processor.py:186} INFO - Started process (PID=55352) to work on /opt/anaconda3/lib/python3.12/site-packages/airflow/example_dags/example_dag_decorator.py
[2024-11-04T13:48:40.417-0800] {processor.py:914} INFO - Processing file /opt/anaconda3/lib/python3.12/site-packages/airflow/example_dags/example_dag_decorator.py for tasks to queue
[2024-11-04T13:48:40.417-0800] {logging_mixin.py:190} INFO - [2024-11-04T13:48:40.417-0800] {dagbag.py:588} INFO - Filling up the DagBag from /opt/anaconda3/lib/python3.12/site-packages/airflow/example_dags/example_dag_decorator.py
[2024-11-04T13:48:40.505-0800] {processor.py:925} INFO - DAG(s) 'example_dag_decorator' retrieved from /opt/anaconda3/lib/python3.12/site-packages/airflow/example_dags/example_dag_decorator.py
[2024-11-04T13:48:40.583-0800] {logging_mixin.py:190} INFO - [2024-11-04T13:48:40.583-0800] {dag.py:3239} INFO - Sync 1 DAGs
[2024-11-04T13:48:40.587-0800] {logging_mixin.py:190} INFO - [2024-11-04T13:48:40.586-0800] {dag.py:4180} INFO - Setting next_dagrun for example_dag_decorator to None, run_after=None
[2024-11-04T13:48:40.592-0800] {processor.py:208} INFO - Processing /opt/anaconda3/lib/python3.12/site-packages/airflow/example_dags/example_dag_decorator.py took 0.179 seconds
[2024-11-04T13:51:04.738-0800] {processor.py:186} INFO - Started process (PID=55537) to work on /opt/anaconda3/lib/python3.12/site-packages/airflow/example_dags/example_dag_decorator.py
[2024-11-04T13:51:04.741-0800] {processor.py:914} INFO - Processing file /opt/anaconda3/lib/python3.12/site-packages/airflow/example_dags/example_dag_decorator.py for tasks to queue
[2024-11-04T13:51:04.741-0800] {logging_mixin.py:190} INFO - [2024-11-04T13:51:04.741-0800] {dagbag.py:588} INFO - Filling up the DagBag from /opt/anaconda3/lib/python3.12/site-packages/airflow/example_dags/example_dag_decorator.py
[2024-11-04T13:51:04.828-0800] {processor.py:925} INFO - DAG(s) 'example_dag_decorator' retrieved from /opt/anaconda3/lib/python3.12/site-packages/airflow/example_dags/example_dag_decorator.py
[2024-11-04T13:51:04.905-0800] {logging_mixin.py:190} INFO - [2024-11-04T13:51:04.904-0800] {dag.py:3239} INFO - Sync 1 DAGs
[2024-11-04T13:51:04.908-0800] {logging_mixin.py:190} INFO - [2024-11-04T13:51:04.908-0800] {dag.py:4180} INFO - Setting next_dagrun for example_dag_decorator to None, run_after=None
[2024-11-04T13:51:04.914-0800] {processor.py:208} INFO - Processing /opt/anaconda3/lib/python3.12/site-packages/airflow/example_dags/example_dag_decorator.py took 0.177 seconds
[2024-11-04T13:53:35.150-0800] {processor.py:186} INFO - Started process (PID=55708) to work on /opt/anaconda3/lib/python3.12/site-packages/airflow/example_dags/example_dag_decorator.py
[2024-11-04T13:53:35.151-0800] {processor.py:914} INFO - Processing file /opt/anaconda3/lib/python3.12/site-packages/airflow/example_dags/example_dag_decorator.py for tasks to queue
[2024-11-04T13:53:35.152-0800] {logging_mixin.py:190} INFO - [2024-11-04T13:53:35.152-0800] {dagbag.py:588} INFO - Filling up the DagBag from /opt/anaconda3/lib/python3.12/site-packages/airflow/example_dags/example_dag_decorator.py
[2024-11-04T13:53:35.243-0800] {processor.py:925} INFO - DAG(s) 'example_dag_decorator' retrieved from /opt/anaconda3/lib/python3.12/site-packages/airflow/example_dags/example_dag_decorator.py
[2024-11-04T13:53:35.320-0800] {logging_mixin.py:190} INFO - [2024-11-04T13:53:35.320-0800] {dag.py:3239} INFO - Sync 1 DAGs
[2024-11-04T13:53:35.324-0800] {logging_mixin.py:190} INFO - [2024-11-04T13:53:35.323-0800] {dag.py:4180} INFO - Setting next_dagrun for example_dag_decorator to None, run_after=None
[2024-11-04T13:53:35.329-0800] {processor.py:208} INFO - Processing /opt/anaconda3/lib/python3.12/site-packages/airflow/example_dags/example_dag_decorator.py took 0.180 seconds
[2024-11-04T13:56:04.304-0800] {processor.py:186} INFO - Started process (PID=55907) to work on /opt/anaconda3/lib/python3.12/site-packages/airflow/example_dags/example_dag_decorator.py
[2024-11-04T13:56:04.305-0800] {processor.py:914} INFO - Processing file /opt/anaconda3/lib/python3.12/site-packages/airflow/example_dags/example_dag_decorator.py for tasks to queue
[2024-11-04T13:56:04.305-0800] {logging_mixin.py:190} INFO - [2024-11-04T13:56:04.305-0800] {dagbag.py:588} INFO - Filling up the DagBag from /opt/anaconda3/lib/python3.12/site-packages/airflow/example_dags/example_dag_decorator.py
[2024-11-04T13:56:04.394-0800] {processor.py:925} INFO - DAG(s) 'example_dag_decorator' retrieved from /opt/anaconda3/lib/python3.12/site-packages/airflow/example_dags/example_dag_decorator.py
[2024-11-04T13:56:04.472-0800] {logging_mixin.py:190} INFO - [2024-11-04T13:56:04.471-0800] {dag.py:3239} INFO - Sync 1 DAGs
[2024-11-04T13:56:04.475-0800] {logging_mixin.py:190} INFO - [2024-11-04T13:56:04.475-0800] {dag.py:4180} INFO - Setting next_dagrun for example_dag_decorator to None, run_after=None
[2024-11-04T13:56:04.482-0800] {processor.py:208} INFO - Processing /opt/anaconda3/lib/python3.12/site-packages/airflow/example_dags/example_dag_decorator.py took 0.180 seconds
[2024-11-04T13:58:32.231-0800] {processor.py:186} INFO - Started process (PID=56089) to work on /opt/anaconda3/lib/python3.12/site-packages/airflow/example_dags/example_dag_decorator.py
[2024-11-04T13:58:32.232-0800] {processor.py:914} INFO - Processing file /opt/anaconda3/lib/python3.12/site-packages/airflow/example_dags/example_dag_decorator.py for tasks to queue
[2024-11-04T13:58:32.232-0800] {logging_mixin.py:190} INFO - [2024-11-04T13:58:32.232-0800] {dagbag.py:588} INFO - Filling up the DagBag from /opt/anaconda3/lib/python3.12/site-packages/airflow/example_dags/example_dag_decorator.py
[2024-11-04T13:58:32.321-0800] {processor.py:925} INFO - DAG(s) 'example_dag_decorator' retrieved from /opt/anaconda3/lib/python3.12/site-packages/airflow/example_dags/example_dag_decorator.py
[2024-11-04T13:58:32.398-0800] {logging_mixin.py:190} INFO - [2024-11-04T13:58:32.398-0800] {dag.py:3239} INFO - Sync 1 DAGs
[2024-11-04T13:58:32.401-0800] {logging_mixin.py:190} INFO - [2024-11-04T13:58:32.401-0800] {dag.py:4180} INFO - Setting next_dagrun for example_dag_decorator to None, run_after=None
[2024-11-04T13:58:32.407-0800] {processor.py:208} INFO - Processing /opt/anaconda3/lib/python3.12/site-packages/airflow/example_dags/example_dag_decorator.py took 0.177 seconds
[2024-11-04T14:01:00.127-0800] {processor.py:186} INFO - Started process (PID=56285) to work on /opt/anaconda3/lib/python3.12/site-packages/airflow/example_dags/example_dag_decorator.py
[2024-11-04T14:01:00.127-0800] {processor.py:914} INFO - Processing file /opt/anaconda3/lib/python3.12/site-packages/airflow/example_dags/example_dag_decorator.py for tasks to queue
[2024-11-04T14:01:00.128-0800] {logging_mixin.py:190} INFO - [2024-11-04T14:01:00.128-0800] {dagbag.py:588} INFO - Filling up the DagBag from /opt/anaconda3/lib/python3.12/site-packages/airflow/example_dags/example_dag_decorator.py
[2024-11-04T14:01:00.229-0800] {processor.py:925} INFO - DAG(s) 'example_dag_decorator' retrieved from /opt/anaconda3/lib/python3.12/site-packages/airflow/example_dags/example_dag_decorator.py
[2024-11-04T14:01:00.313-0800] {logging_mixin.py:190} INFO - [2024-11-04T14:01:00.313-0800] {dag.py:3239} INFO - Sync 1 DAGs
[2024-11-04T14:01:00.318-0800] {logging_mixin.py:190} INFO - [2024-11-04T14:01:00.318-0800] {dag.py:4180} INFO - Setting next_dagrun for example_dag_decorator to None, run_after=None
[2024-11-04T14:01:00.324-0800] {processor.py:208} INFO - Processing /opt/anaconda3/lib/python3.12/site-packages/airflow/example_dags/example_dag_decorator.py took 0.198 seconds
[2024-11-04T14:03:26.497-0800] {processor.py:186} INFO - Started process (PID=56530) to work on /opt/anaconda3/lib/python3.12/site-packages/airflow/example_dags/example_dag_decorator.py
[2024-11-04T14:03:26.499-0800] {processor.py:914} INFO - Processing file /opt/anaconda3/lib/python3.12/site-packages/airflow/example_dags/example_dag_decorator.py for tasks to queue
[2024-11-04T14:03:26.499-0800] {logging_mixin.py:190} INFO - [2024-11-04T14:03:26.499-0800] {dagbag.py:588} INFO - Filling up the DagBag from /opt/anaconda3/lib/python3.12/site-packages/airflow/example_dags/example_dag_decorator.py
[2024-11-04T14:03:26.587-0800] {processor.py:925} INFO - DAG(s) 'example_dag_decorator' retrieved from /opt/anaconda3/lib/python3.12/site-packages/airflow/example_dags/example_dag_decorator.py
[2024-11-04T14:03:26.666-0800] {logging_mixin.py:190} INFO - [2024-11-04T14:03:26.666-0800] {dag.py:3239} INFO - Sync 1 DAGs
[2024-11-04T14:03:26.670-0800] {logging_mixin.py:190} INFO - [2024-11-04T14:03:26.670-0800] {dag.py:4180} INFO - Setting next_dagrun for example_dag_decorator to None, run_after=None
[2024-11-04T14:03:26.675-0800] {processor.py:208} INFO - Processing /opt/anaconda3/lib/python3.12/site-packages/airflow/example_dags/example_dag_decorator.py took 0.180 seconds
[2024-11-04T14:05:51.420-0800] {processor.py:186} INFO - Started process (PID=56794) to work on /opt/anaconda3/lib/python3.12/site-packages/airflow/example_dags/example_dag_decorator.py
[2024-11-04T14:05:51.422-0800] {processor.py:914} INFO - Processing file /opt/anaconda3/lib/python3.12/site-packages/airflow/example_dags/example_dag_decorator.py for tasks to queue
[2024-11-04T14:05:51.422-0800] {logging_mixin.py:190} INFO - [2024-11-04T14:05:51.422-0800] {dagbag.py:588} INFO - Filling up the DagBag from /opt/anaconda3/lib/python3.12/site-packages/airflow/example_dags/example_dag_decorator.py
[2024-11-04T14:05:51.509-0800] {processor.py:925} INFO - DAG(s) 'example_dag_decorator' retrieved from /opt/anaconda3/lib/python3.12/site-packages/airflow/example_dags/example_dag_decorator.py
[2024-11-04T14:05:51.587-0800] {logging_mixin.py:190} INFO - [2024-11-04T14:05:51.587-0800] {dag.py:3239} INFO - Sync 1 DAGs
[2024-11-04T14:05:51.590-0800] {logging_mixin.py:190} INFO - [2024-11-04T14:05:51.590-0800] {dag.py:4180} INFO - Setting next_dagrun for example_dag_decorator to None, run_after=None
[2024-11-04T14:05:51.596-0800] {processor.py:208} INFO - Processing /opt/anaconda3/lib/python3.12/site-packages/airflow/example_dags/example_dag_decorator.py took 0.177 seconds
[2024-11-04T14:08:14.492-0800] {processor.py:186} INFO - Started process (PID=57006) to work on /opt/anaconda3/lib/python3.12/site-packages/airflow/example_dags/example_dag_decorator.py
[2024-11-04T14:08:14.493-0800] {processor.py:914} INFO - Processing file /opt/anaconda3/lib/python3.12/site-packages/airflow/example_dags/example_dag_decorator.py for tasks to queue
[2024-11-04T14:08:14.493-0800] {logging_mixin.py:190} INFO - [2024-11-04T14:08:14.493-0800] {dagbag.py:588} INFO - Filling up the DagBag from /opt/anaconda3/lib/python3.12/site-packages/airflow/example_dags/example_dag_decorator.py
[2024-11-04T14:08:14.580-0800] {processor.py:925} INFO - DAG(s) 'example_dag_decorator' retrieved from /opt/anaconda3/lib/python3.12/site-packages/airflow/example_dags/example_dag_decorator.py
[2024-11-04T14:08:14.657-0800] {logging_mixin.py:190} INFO - [2024-11-04T14:08:14.657-0800] {dag.py:3239} INFO - Sync 1 DAGs
[2024-11-04T14:08:14.660-0800] {logging_mixin.py:190} INFO - [2024-11-04T14:08:14.660-0800] {dag.py:4180} INFO - Setting next_dagrun for example_dag_decorator to None, run_after=None
[2024-11-04T14:08:14.666-0800] {processor.py:208} INFO - Processing /opt/anaconda3/lib/python3.12/site-packages/airflow/example_dags/example_dag_decorator.py took 0.175 seconds
[2024-11-04T14:10:46.404-0800] {processor.py:186} INFO - Started process (PID=57193) to work on /opt/anaconda3/lib/python3.12/site-packages/airflow/example_dags/example_dag_decorator.py
[2024-11-04T14:10:46.406-0800] {processor.py:914} INFO - Processing file /opt/anaconda3/lib/python3.12/site-packages/airflow/example_dags/example_dag_decorator.py for tasks to queue
[2024-11-04T14:10:46.406-0800] {logging_mixin.py:190} INFO - [2024-11-04T14:10:46.406-0800] {dagbag.py:588} INFO - Filling up the DagBag from /opt/anaconda3/lib/python3.12/site-packages/airflow/example_dags/example_dag_decorator.py
[2024-11-04T14:10:46.497-0800] {processor.py:925} INFO - DAG(s) 'example_dag_decorator' retrieved from /opt/anaconda3/lib/python3.12/site-packages/airflow/example_dags/example_dag_decorator.py
[2024-11-04T14:10:46.575-0800] {logging_mixin.py:190} INFO - [2024-11-04T14:10:46.575-0800] {dag.py:3239} INFO - Sync 1 DAGs
[2024-11-04T14:10:46.579-0800] {logging_mixin.py:190} INFO - [2024-11-04T14:10:46.579-0800] {dag.py:4180} INFO - Setting next_dagrun for example_dag_decorator to None, run_after=None
[2024-11-04T14:10:46.585-0800] {processor.py:208} INFO - Processing /opt/anaconda3/lib/python3.12/site-packages/airflow/example_dags/example_dag_decorator.py took 0.183 seconds
[2024-11-04T14:21:38.872-0800] {processor.py:186} INFO - Started process (PID=57872) to work on /opt/anaconda3/lib/python3.12/site-packages/airflow/example_dags/example_dag_decorator.py
[2024-11-04T14:21:38.873-0800] {processor.py:914} INFO - Processing file /opt/anaconda3/lib/python3.12/site-packages/airflow/example_dags/example_dag_decorator.py for tasks to queue
[2024-11-04T14:21:38.873-0800] {logging_mixin.py:190} INFO - [2024-11-04T14:21:38.873-0800] {dagbag.py:588} INFO - Filling up the DagBag from /opt/anaconda3/lib/python3.12/site-packages/airflow/example_dags/example_dag_decorator.py
[2024-11-04T14:21:38.958-0800] {processor.py:925} INFO - DAG(s) 'example_dag_decorator' retrieved from /opt/anaconda3/lib/python3.12/site-packages/airflow/example_dags/example_dag_decorator.py
[2024-11-04T14:21:39.034-0800] {logging_mixin.py:190} INFO - [2024-11-04T14:21:39.033-0800] {override.py:1907} INFO - Created Permission View: can edit on DAG:example_dag_decorator
[2024-11-04T14:21:39.038-0800] {logging_mixin.py:190} INFO - [2024-11-04T14:21:39.038-0800] {override.py:1907} INFO - Created Permission View: can delete on DAG:example_dag_decorator
[2024-11-04T14:21:39.041-0800] {logging_mixin.py:190} INFO - [2024-11-04T14:21:39.041-0800] {override.py:1907} INFO - Created Permission View: can read on DAG:example_dag_decorator
[2024-11-04T14:21:39.044-0800] {logging_mixin.py:190} INFO - [2024-11-04T14:21:39.044-0800] {override.py:1907} INFO - Created Permission View: menu access on DAG Run:example_dag_decorator
[2024-11-04T14:21:39.046-0800] {logging_mixin.py:190} INFO - [2024-11-04T14:21:39.046-0800] {override.py:1907} INFO - Created Permission View: can create on DAG Run:example_dag_decorator
[2024-11-04T14:21:39.049-0800] {logging_mixin.py:190} INFO - [2024-11-04T14:21:39.049-0800] {override.py:1907} INFO - Created Permission View: can delete on DAG Run:example_dag_decorator
[2024-11-04T14:21:39.052-0800] {logging_mixin.py:190} INFO - [2024-11-04T14:21:39.052-0800] {override.py:1907} INFO - Created Permission View: can read on DAG Run:example_dag_decorator
[2024-11-04T14:21:39.053-0800] {logging_mixin.py:190} INFO - [2024-11-04T14:21:39.053-0800] {dag.py:3239} INFO - Sync 1 DAGs
[2024-11-04T14:21:39.056-0800] {logging_mixin.py:190} INFO - [2024-11-04T14:21:39.056-0800] {dag.py:3262} INFO - Creating ORM DAG for example_dag_decorator
[2024-11-04T14:21:39.057-0800] {logging_mixin.py:190} INFO - [2024-11-04T14:21:39.057-0800] {dag.py:4180} INFO - Setting next_dagrun for example_dag_decorator to None, run_after=None
[2024-11-04T14:21:39.063-0800] {processor.py:208} INFO - Processing /opt/anaconda3/lib/python3.12/site-packages/airflow/example_dags/example_dag_decorator.py took 0.192 seconds
[2024-11-04T14:32:03.729-0800] {processor.py:186} INFO - Started process (PID=58531) to work on /opt/anaconda3/lib/python3.12/site-packages/airflow/example_dags/example_dag_decorator.py
[2024-11-04T14:32:03.729-0800] {processor.py:914} INFO - Processing file /opt/anaconda3/lib/python3.12/site-packages/airflow/example_dags/example_dag_decorator.py for tasks to queue
[2024-11-04T14:32:03.730-0800] {logging_mixin.py:190} INFO - [2024-11-04T14:32:03.730-0800] {dagbag.py:588} INFO - Filling up the DagBag from /opt/anaconda3/lib/python3.12/site-packages/airflow/example_dags/example_dag_decorator.py
[2024-11-04T14:32:03.822-0800] {processor.py:925} INFO - DAG(s) 'example_dag_decorator' retrieved from /opt/anaconda3/lib/python3.12/site-packages/airflow/example_dags/example_dag_decorator.py
[2024-11-04T14:32:03.932-0800] {logging_mixin.py:190} INFO - [2024-11-04T14:32:03.932-0800] {dag.py:3239} INFO - Sync 1 DAGs
[2024-11-04T14:32:03.937-0800] {logging_mixin.py:190} INFO - [2024-11-04T14:32:03.937-0800] {dag.py:4180} INFO - Setting next_dagrun for example_dag_decorator to None, run_after=None
[2024-11-04T14:32:03.953-0800] {processor.py:208} INFO - Processing /opt/anaconda3/lib/python3.12/site-packages/airflow/example_dags/example_dag_decorator.py took 0.226 seconds
[2024-11-04T15:37:42.568-0800] {processor.py:186} INFO - Started process (PID=58752) to work on /opt/anaconda3/lib/python3.12/site-packages/airflow/example_dags/example_dag_decorator.py
[2024-11-04T15:37:42.569-0800] {processor.py:914} INFO - Processing file /opt/anaconda3/lib/python3.12/site-packages/airflow/example_dags/example_dag_decorator.py for tasks to queue
[2024-11-04T15:37:42.569-0800] {logging_mixin.py:190} INFO - [2024-11-04T15:37:42.569-0800] {dagbag.py:588} INFO - Filling up the DagBag from /opt/anaconda3/lib/python3.12/site-packages/airflow/example_dags/example_dag_decorator.py
[2024-11-04T15:37:42.645-0800] {processor.py:925} INFO - DAG(s) 'example_dag_decorator' retrieved from /opt/anaconda3/lib/python3.12/site-packages/airflow/example_dags/example_dag_decorator.py
[2024-11-04T15:37:42.735-0800] {logging_mixin.py:190} INFO - [2024-11-04T15:37:42.735-0800] {dag.py:3239} INFO - Sync 1 DAGs
[2024-11-04T15:37:42.739-0800] {logging_mixin.py:190} INFO - [2024-11-04T15:37:42.739-0800] {dag.py:4180} INFO - Setting next_dagrun for example_dag_decorator to None, run_after=None
[2024-11-04T15:37:42.750-0800] {processor.py:208} INFO - Processing /opt/anaconda3/lib/python3.12/site-packages/airflow/example_dags/example_dag_decorator.py took 0.184 seconds
[2024-11-04T15:38:14.263-0800] {processor.py:186} INFO - Started process (PID=58877) to work on /opt/anaconda3/lib/python3.12/site-packages/airflow/example_dags/example_dag_decorator.py
[2024-11-04T15:38:14.264-0800] {processor.py:914} INFO - Processing file /opt/anaconda3/lib/python3.12/site-packages/airflow/example_dags/example_dag_decorator.py for tasks to queue
[2024-11-04T15:38:14.264-0800] {logging_mixin.py:190} INFO - [2024-11-04T15:38:14.264-0800] {dagbag.py:588} INFO - Filling up the DagBag from /opt/anaconda3/lib/python3.12/site-packages/airflow/example_dags/example_dag_decorator.py
[2024-11-04T15:38:14.344-0800] {processor.py:925} INFO - DAG(s) 'example_dag_decorator' retrieved from /opt/anaconda3/lib/python3.12/site-packages/airflow/example_dags/example_dag_decorator.py
[2024-11-04T15:38:14.448-0800] {logging_mixin.py:190} INFO - [2024-11-04T15:38:14.447-0800] {dag.py:3239} INFO - Sync 1 DAGs
[2024-11-04T15:38:14.452-0800] {logging_mixin.py:190} INFO - [2024-11-04T15:38:14.452-0800] {dag.py:4180} INFO - Setting next_dagrun for example_dag_decorator to None, run_after=None
[2024-11-04T15:38:14.465-0800] {processor.py:208} INFO - Processing /opt/anaconda3/lib/python3.12/site-packages/airflow/example_dags/example_dag_decorator.py took 0.204 seconds
[2024-11-04T15:55:27.203-0800] {processor.py:186} INFO - Started process (PID=59013) to work on /opt/anaconda3/lib/python3.12/site-packages/airflow/example_dags/example_dag_decorator.py
[2024-11-04T15:55:27.204-0800] {processor.py:914} INFO - Processing file /opt/anaconda3/lib/python3.12/site-packages/airflow/example_dags/example_dag_decorator.py for tasks to queue
[2024-11-04T15:55:27.204-0800] {logging_mixin.py:190} INFO - [2024-11-04T15:55:27.204-0800] {dagbag.py:588} INFO - Filling up the DagBag from /opt/anaconda3/lib/python3.12/site-packages/airflow/example_dags/example_dag_decorator.py
[2024-11-04T15:55:27.291-0800] {processor.py:925} INFO - DAG(s) 'example_dag_decorator' retrieved from /opt/anaconda3/lib/python3.12/site-packages/airflow/example_dags/example_dag_decorator.py
[2024-11-04T15:55:27.400-0800] {logging_mixin.py:190} INFO - [2024-11-04T15:55:27.399-0800] {dag.py:3239} INFO - Sync 1 DAGs
[2024-11-04T15:55:27.404-0800] {logging_mixin.py:190} INFO - [2024-11-04T15:55:27.404-0800] {dag.py:4180} INFO - Setting next_dagrun for example_dag_decorator to None, run_after=None
[2024-11-04T15:55:27.434-0800] {processor.py:208} INFO - Processing /opt/anaconda3/lib/python3.12/site-packages/airflow/example_dags/example_dag_decorator.py took 0.233 seconds
