[2024-11-04T12:43:32.838-0800] {processor.py:186} INFO - Started process (PID=50323) to work on /opt/anaconda3/lib/python3.12/site-packages/airflow/example_dags/example_branch_labels.py
[2024-11-04T12:43:32.839-0800] {processor.py:914} INFO - Processing file /opt/anaconda3/lib/python3.12/site-packages/airflow/example_dags/example_branch_labels.py for tasks to queue
[2024-11-04T12:43:32.839-0800] {logging_mixin.py:190} INFO - [2024-11-04T12:43:32.839-0800] {dagbag.py:588} INFO - Filling up the DagBag from /opt/anaconda3/lib/python3.12/site-packages/airflow/example_dags/example_branch_labels.py
[2024-11-04T12:43:32.843-0800] {processor.py:925} INFO - DAG(s) 'example_branch_labels' retrieved from /opt/anaconda3/lib/python3.12/site-packages/airflow/example_dags/example_branch_labels.py
[2024-11-04T12:43:32.901-0800] {logging_mixin.py:190} INFO - [2024-11-04T12:43:32.901-0800] {dag.py:3239} INFO - Sync 1 DAGs
[2024-11-04T12:43:32.907-0800] {logging_mixin.py:190} INFO - [2024-11-04T12:43:32.907-0800] {dag.py:4180} INFO - Setting next_dagrun for example_branch_labels to 2024-11-03 00:00:00+00:00, run_after=2024-11-04 00:00:00+00:00
[2024-11-04T12:43:32.913-0800] {processor.py:208} INFO - Processing /opt/anaconda3/lib/python3.12/site-packages/airflow/example_dags/example_branch_labels.py took 0.076 seconds
[2024-11-04T12:46:02.406-0800] {processor.py:186} INFO - Started process (PID=50537) to work on /opt/anaconda3/lib/python3.12/site-packages/airflow/example_dags/example_branch_labels.py
[2024-11-04T12:46:02.407-0800] {processor.py:914} INFO - Processing file /opt/anaconda3/lib/python3.12/site-packages/airflow/example_dags/example_branch_labels.py for tasks to queue
[2024-11-04T12:46:02.407-0800] {logging_mixin.py:190} INFO - [2024-11-04T12:46:02.407-0800] {dagbag.py:588} INFO - Filling up the DagBag from /opt/anaconda3/lib/python3.12/site-packages/airflow/example_dags/example_branch_labels.py
[2024-11-04T12:46:02.411-0800] {processor.py:925} INFO - DAG(s) 'example_branch_labels' retrieved from /opt/anaconda3/lib/python3.12/site-packages/airflow/example_dags/example_branch_labels.py
[2024-11-04T12:46:02.442-0800] {logging_mixin.py:190} INFO - [2024-11-04T12:46:02.442-0800] {dag.py:3239} INFO - Sync 1 DAGs
[2024-11-04T12:46:02.448-0800] {logging_mixin.py:190} INFO - [2024-11-04T12:46:02.448-0800] {dag.py:4180} INFO - Setting next_dagrun for example_branch_labels to 2024-11-03 00:00:00+00:00, run_after=2024-11-04 00:00:00+00:00
[2024-11-04T12:46:02.455-0800] {processor.py:208} INFO - Processing /opt/anaconda3/lib/python3.12/site-packages/airflow/example_dags/example_branch_labels.py took 0.050 seconds
[2024-11-04T12:48:32.063-0800] {processor.py:186} INFO - Started process (PID=50755) to work on /opt/anaconda3/lib/python3.12/site-packages/airflow/example_dags/example_branch_labels.py
[2024-11-04T12:48:32.064-0800] {processor.py:914} INFO - Processing file /opt/anaconda3/lib/python3.12/site-packages/airflow/example_dags/example_branch_labels.py for tasks to queue
[2024-11-04T12:48:32.065-0800] {logging_mixin.py:190} INFO - [2024-11-04T12:48:32.065-0800] {dagbag.py:588} INFO - Filling up the DagBag from /opt/anaconda3/lib/python3.12/site-packages/airflow/example_dags/example_branch_labels.py
[2024-11-04T12:48:32.068-0800] {processor.py:925} INFO - DAG(s) 'example_branch_labels' retrieved from /opt/anaconda3/lib/python3.12/site-packages/airflow/example_dags/example_branch_labels.py
[2024-11-04T12:48:32.098-0800] {logging_mixin.py:190} INFO - [2024-11-04T12:48:32.098-0800] {dag.py:3239} INFO - Sync 1 DAGs
[2024-11-04T12:48:32.104-0800] {logging_mixin.py:190} INFO - [2024-11-04T12:48:32.104-0800] {dag.py:4180} INFO - Setting next_dagrun for example_branch_labels to 2024-11-03 00:00:00+00:00, run_after=2024-11-04 00:00:00+00:00
[2024-11-04T12:48:32.110-0800] {processor.py:208} INFO - Processing /opt/anaconda3/lib/python3.12/site-packages/airflow/example_dags/example_branch_labels.py took 0.048 seconds
[2024-11-04T12:51:00.544-0800] {processor.py:186} INFO - Started process (PID=50968) to work on /opt/anaconda3/lib/python3.12/site-packages/airflow/example_dags/example_branch_labels.py
[2024-11-04T12:51:00.545-0800] {processor.py:914} INFO - Processing file /opt/anaconda3/lib/python3.12/site-packages/airflow/example_dags/example_branch_labels.py for tasks to queue
[2024-11-04T12:51:00.545-0800] {logging_mixin.py:190} INFO - [2024-11-04T12:51:00.545-0800] {dagbag.py:588} INFO - Filling up the DagBag from /opt/anaconda3/lib/python3.12/site-packages/airflow/example_dags/example_branch_labels.py
[2024-11-04T12:51:00.549-0800] {processor.py:925} INFO - DAG(s) 'example_branch_labels' retrieved from /opt/anaconda3/lib/python3.12/site-packages/airflow/example_dags/example_branch_labels.py
[2024-11-04T12:51:00.579-0800] {logging_mixin.py:190} INFO - [2024-11-04T12:51:00.579-0800] {dag.py:3239} INFO - Sync 1 DAGs
[2024-11-04T12:51:00.586-0800] {logging_mixin.py:190} INFO - [2024-11-04T12:51:00.586-0800] {dag.py:4180} INFO - Setting next_dagrun for example_branch_labels to 2024-11-03 00:00:00+00:00, run_after=2024-11-04 00:00:00+00:00
[2024-11-04T12:51:00.592-0800] {processor.py:208} INFO - Processing /opt/anaconda3/lib/python3.12/site-packages/airflow/example_dags/example_branch_labels.py took 0.049 seconds
[2024-11-04T12:53:31.106-0800] {processor.py:186} INFO - Started process (PID=51172) to work on /opt/anaconda3/lib/python3.12/site-packages/airflow/example_dags/example_branch_labels.py
[2024-11-04T12:53:31.107-0800] {processor.py:914} INFO - Processing file /opt/anaconda3/lib/python3.12/site-packages/airflow/example_dags/example_branch_labels.py for tasks to queue
[2024-11-04T12:53:31.107-0800] {logging_mixin.py:190} INFO - [2024-11-04T12:53:31.107-0800] {dagbag.py:588} INFO - Filling up the DagBag from /opt/anaconda3/lib/python3.12/site-packages/airflow/example_dags/example_branch_labels.py
[2024-11-04T12:53:31.112-0800] {processor.py:925} INFO - DAG(s) 'example_branch_labels' retrieved from /opt/anaconda3/lib/python3.12/site-packages/airflow/example_dags/example_branch_labels.py
[2024-11-04T12:53:31.149-0800] {logging_mixin.py:190} INFO - [2024-11-04T12:53:31.149-0800] {dag.py:3239} INFO - Sync 1 DAGs
[2024-11-04T12:53:31.155-0800] {logging_mixin.py:190} INFO - [2024-11-04T12:53:31.155-0800] {dag.py:4180} INFO - Setting next_dagrun for example_branch_labels to 2024-11-03 00:00:00+00:00, run_after=2024-11-04 00:00:00+00:00
[2024-11-04T12:53:31.162-0800] {processor.py:208} INFO - Processing /opt/anaconda3/lib/python3.12/site-packages/airflow/example_dags/example_branch_labels.py took 0.059 seconds
[2024-11-04T12:56:05.259-0800] {processor.py:186} INFO - Started process (PID=51340) to work on /opt/anaconda3/lib/python3.12/site-packages/airflow/example_dags/example_branch_labels.py
[2024-11-04T12:56:05.260-0800] {processor.py:914} INFO - Processing file /opt/anaconda3/lib/python3.12/site-packages/airflow/example_dags/example_branch_labels.py for tasks to queue
[2024-11-04T12:56:05.261-0800] {logging_mixin.py:190} INFO - [2024-11-04T12:56:05.261-0800] {dagbag.py:588} INFO - Filling up the DagBag from /opt/anaconda3/lib/python3.12/site-packages/airflow/example_dags/example_branch_labels.py
[2024-11-04T12:56:05.264-0800] {processor.py:925} INFO - DAG(s) 'example_branch_labels' retrieved from /opt/anaconda3/lib/python3.12/site-packages/airflow/example_dags/example_branch_labels.py
[2024-11-04T12:56:05.294-0800] {logging_mixin.py:190} INFO - [2024-11-04T12:56:05.294-0800] {dag.py:3239} INFO - Sync 1 DAGs
[2024-11-04T12:56:05.300-0800] {logging_mixin.py:190} INFO - [2024-11-04T12:56:05.300-0800] {dag.py:4180} INFO - Setting next_dagrun for example_branch_labels to 2024-11-03 00:00:00+00:00, run_after=2024-11-04 00:00:00+00:00
[2024-11-04T12:56:05.307-0800] {processor.py:208} INFO - Processing /opt/anaconda3/lib/python3.12/site-packages/airflow/example_dags/example_branch_labels.py took 0.048 seconds
[2024-11-04T12:58:29.830-0800] {processor.py:186} INFO - Started process (PID=51527) to work on /opt/anaconda3/lib/python3.12/site-packages/airflow/example_dags/example_branch_labels.py
[2024-11-04T12:58:29.830-0800] {processor.py:914} INFO - Processing file /opt/anaconda3/lib/python3.12/site-packages/airflow/example_dags/example_branch_labels.py for tasks to queue
[2024-11-04T12:58:29.831-0800] {logging_mixin.py:190} INFO - [2024-11-04T12:58:29.831-0800] {dagbag.py:588} INFO - Filling up the DagBag from /opt/anaconda3/lib/python3.12/site-packages/airflow/example_dags/example_branch_labels.py
[2024-11-04T12:58:29.834-0800] {processor.py:925} INFO - DAG(s) 'example_branch_labels' retrieved from /opt/anaconda3/lib/python3.12/site-packages/airflow/example_dags/example_branch_labels.py
[2024-11-04T12:58:29.864-0800] {logging_mixin.py:190} INFO - [2024-11-04T12:58:29.864-0800] {dag.py:3239} INFO - Sync 1 DAGs
[2024-11-04T12:58:29.870-0800] {logging_mixin.py:190} INFO - [2024-11-04T12:58:29.870-0800] {dag.py:4180} INFO - Setting next_dagrun for example_branch_labels to 2024-11-03 00:00:00+00:00, run_after=2024-11-04 00:00:00+00:00
[2024-11-04T12:58:29.875-0800] {processor.py:208} INFO - Processing /opt/anaconda3/lib/python3.12/site-packages/airflow/example_dags/example_branch_labels.py took 0.046 seconds
[2024-11-04T13:01:00.453-0800] {processor.py:186} INFO - Started process (PID=51729) to work on /opt/anaconda3/lib/python3.12/site-packages/airflow/example_dags/example_branch_labels.py
[2024-11-04T13:01:00.454-0800] {processor.py:914} INFO - Processing file /opt/anaconda3/lib/python3.12/site-packages/airflow/example_dags/example_branch_labels.py for tasks to queue
[2024-11-04T13:01:00.454-0800] {logging_mixin.py:190} INFO - [2024-11-04T13:01:00.454-0800] {dagbag.py:588} INFO - Filling up the DagBag from /opt/anaconda3/lib/python3.12/site-packages/airflow/example_dags/example_branch_labels.py
[2024-11-04T13:01:00.458-0800] {processor.py:925} INFO - DAG(s) 'example_branch_labels' retrieved from /opt/anaconda3/lib/python3.12/site-packages/airflow/example_dags/example_branch_labels.py
[2024-11-04T13:01:00.488-0800] {logging_mixin.py:190} INFO - [2024-11-04T13:01:00.487-0800] {dag.py:3239} INFO - Sync 1 DAGs
[2024-11-04T13:01:00.494-0800] {logging_mixin.py:190} INFO - [2024-11-04T13:01:00.494-0800] {dag.py:4180} INFO - Setting next_dagrun for example_branch_labels to 2024-11-03 00:00:00+00:00, run_after=2024-11-04 00:00:00+00:00
[2024-11-04T13:01:00.499-0800] {processor.py:208} INFO - Processing /opt/anaconda3/lib/python3.12/site-packages/airflow/example_dags/example_branch_labels.py took 0.048 seconds
[2024-11-04T13:03:30.474-0800] {processor.py:186} INFO - Started process (PID=51909) to work on /opt/anaconda3/lib/python3.12/site-packages/airflow/example_dags/example_branch_labels.py
[2024-11-04T13:03:30.474-0800] {processor.py:914} INFO - Processing file /opt/anaconda3/lib/python3.12/site-packages/airflow/example_dags/example_branch_labels.py for tasks to queue
[2024-11-04T13:03:30.475-0800] {logging_mixin.py:190} INFO - [2024-11-04T13:03:30.475-0800] {dagbag.py:588} INFO - Filling up the DagBag from /opt/anaconda3/lib/python3.12/site-packages/airflow/example_dags/example_branch_labels.py
[2024-11-04T13:03:30.478-0800] {processor.py:925} INFO - DAG(s) 'example_branch_labels' retrieved from /opt/anaconda3/lib/python3.12/site-packages/airflow/example_dags/example_branch_labels.py
[2024-11-04T13:03:30.511-0800] {logging_mixin.py:190} INFO - [2024-11-04T13:03:30.510-0800] {dag.py:3239} INFO - Sync 1 DAGs
[2024-11-04T13:03:30.517-0800] {logging_mixin.py:190} INFO - [2024-11-04T13:03:30.517-0800] {dag.py:4180} INFO - Setting next_dagrun for example_branch_labels to 2024-11-03 00:00:00+00:00, run_after=2024-11-04 00:00:00+00:00
[2024-11-04T13:03:30.523-0800] {processor.py:208} INFO - Processing /opt/anaconda3/lib/python3.12/site-packages/airflow/example_dags/example_branch_labels.py took 0.050 seconds
[2024-11-04T13:05:54.116-0800] {processor.py:186} INFO - Started process (PID=52137) to work on /opt/anaconda3/lib/python3.12/site-packages/airflow/example_dags/example_branch_labels.py
[2024-11-04T13:05:54.117-0800] {processor.py:914} INFO - Processing file /opt/anaconda3/lib/python3.12/site-packages/airflow/example_dags/example_branch_labels.py for tasks to queue
[2024-11-04T13:05:54.117-0800] {logging_mixin.py:190} INFO - [2024-11-04T13:05:54.117-0800] {dagbag.py:588} INFO - Filling up the DagBag from /opt/anaconda3/lib/python3.12/site-packages/airflow/example_dags/example_branch_labels.py
[2024-11-04T13:05:54.120-0800] {processor.py:925} INFO - DAG(s) 'example_branch_labels' retrieved from /opt/anaconda3/lib/python3.12/site-packages/airflow/example_dags/example_branch_labels.py
[2024-11-04T13:05:54.151-0800] {logging_mixin.py:190} INFO - [2024-11-04T13:05:54.150-0800] {dag.py:3239} INFO - Sync 1 DAGs
[2024-11-04T13:05:54.157-0800] {logging_mixin.py:190} INFO - [2024-11-04T13:05:54.156-0800] {dag.py:4180} INFO - Setting next_dagrun for example_branch_labels to 2024-11-03 00:00:00+00:00, run_after=2024-11-04 00:00:00+00:00
[2024-11-04T13:05:54.163-0800] {processor.py:208} INFO - Processing /opt/anaconda3/lib/python3.12/site-packages/airflow/example_dags/example_branch_labels.py took 0.048 seconds
[2024-11-04T13:08:20.034-0800] {processor.py:186} INFO - Started process (PID=52321) to work on /opt/anaconda3/lib/python3.12/site-packages/airflow/example_dags/example_branch_labels.py
[2024-11-04T13:08:20.035-0800] {processor.py:914} INFO - Processing file /opt/anaconda3/lib/python3.12/site-packages/airflow/example_dags/example_branch_labels.py for tasks to queue
[2024-11-04T13:08:20.035-0800] {logging_mixin.py:190} INFO - [2024-11-04T13:08:20.035-0800] {dagbag.py:588} INFO - Filling up the DagBag from /opt/anaconda3/lib/python3.12/site-packages/airflow/example_dags/example_branch_labels.py
[2024-11-04T13:08:20.039-0800] {processor.py:925} INFO - DAG(s) 'example_branch_labels' retrieved from /opt/anaconda3/lib/python3.12/site-packages/airflow/example_dags/example_branch_labels.py
[2024-11-04T13:08:20.072-0800] {logging_mixin.py:190} INFO - [2024-11-04T13:08:20.072-0800] {dag.py:3239} INFO - Sync 1 DAGs
[2024-11-04T13:08:20.078-0800] {logging_mixin.py:190} INFO - [2024-11-04T13:08:20.078-0800] {dag.py:4180} INFO - Setting next_dagrun for example_branch_labels to 2024-11-03 00:00:00+00:00, run_after=2024-11-04 00:00:00+00:00
[2024-11-04T13:08:20.085-0800] {processor.py:208} INFO - Processing /opt/anaconda3/lib/python3.12/site-packages/airflow/example_dags/example_branch_labels.py took 0.052 seconds
[2024-11-04T13:10:40.488-0800] {processor.py:186} INFO - Started process (PID=52516) to work on /opt/anaconda3/lib/python3.12/site-packages/airflow/example_dags/example_branch_labels.py
[2024-11-04T13:10:40.489-0800] {processor.py:914} INFO - Processing file /opt/anaconda3/lib/python3.12/site-packages/airflow/example_dags/example_branch_labels.py for tasks to queue
[2024-11-04T13:10:40.489-0800] {logging_mixin.py:190} INFO - [2024-11-04T13:10:40.489-0800] {dagbag.py:588} INFO - Filling up the DagBag from /opt/anaconda3/lib/python3.12/site-packages/airflow/example_dags/example_branch_labels.py
[2024-11-04T13:10:40.493-0800] {processor.py:925} INFO - DAG(s) 'example_branch_labels' retrieved from /opt/anaconda3/lib/python3.12/site-packages/airflow/example_dags/example_branch_labels.py
[2024-11-04T13:10:40.523-0800] {logging_mixin.py:190} INFO - [2024-11-04T13:10:40.523-0800] {dag.py:3239} INFO - Sync 1 DAGs
[2024-11-04T13:10:40.529-0800] {logging_mixin.py:190} INFO - [2024-11-04T13:10:40.529-0800] {dag.py:4180} INFO - Setting next_dagrun for example_branch_labels to 2024-11-03 00:00:00+00:00, run_after=2024-11-04 00:00:00+00:00
[2024-11-04T13:10:40.535-0800] {processor.py:208} INFO - Processing /opt/anaconda3/lib/python3.12/site-packages/airflow/example_dags/example_branch_labels.py took 0.048 seconds
[2024-11-04T13:13:05.183-0800] {processor.py:186} INFO - Started process (PID=52702) to work on /opt/anaconda3/lib/python3.12/site-packages/airflow/example_dags/example_branch_labels.py
[2024-11-04T13:13:05.184-0800] {processor.py:914} INFO - Processing file /opt/anaconda3/lib/python3.12/site-packages/airflow/example_dags/example_branch_labels.py for tasks to queue
[2024-11-04T13:13:05.184-0800] {logging_mixin.py:190} INFO - [2024-11-04T13:13:05.184-0800] {dagbag.py:588} INFO - Filling up the DagBag from /opt/anaconda3/lib/python3.12/site-packages/airflow/example_dags/example_branch_labels.py
[2024-11-04T13:13:05.188-0800] {processor.py:925} INFO - DAG(s) 'example_branch_labels' retrieved from /opt/anaconda3/lib/python3.12/site-packages/airflow/example_dags/example_branch_labels.py
[2024-11-04T13:13:05.217-0800] {logging_mixin.py:190} INFO - [2024-11-04T13:13:05.217-0800] {dag.py:3239} INFO - Sync 1 DAGs
[2024-11-04T13:13:05.223-0800] {logging_mixin.py:190} INFO - [2024-11-04T13:13:05.223-0800] {dag.py:4180} INFO - Setting next_dagrun for example_branch_labels to 2024-11-03 00:00:00+00:00, run_after=2024-11-04 00:00:00+00:00
[2024-11-04T13:13:05.229-0800] {processor.py:208} INFO - Processing /opt/anaconda3/lib/python3.12/site-packages/airflow/example_dags/example_branch_labels.py took 0.048 seconds
[2024-11-04T13:15:22.631-0800] {processor.py:186} INFO - Started process (PID=52881) to work on /opt/anaconda3/lib/python3.12/site-packages/airflow/example_dags/example_branch_labels.py
[2024-11-04T13:15:22.632-0800] {processor.py:914} INFO - Processing file /opt/anaconda3/lib/python3.12/site-packages/airflow/example_dags/example_branch_labels.py for tasks to queue
[2024-11-04T13:15:22.632-0800] {logging_mixin.py:190} INFO - [2024-11-04T13:15:22.632-0800] {dagbag.py:588} INFO - Filling up the DagBag from /opt/anaconda3/lib/python3.12/site-packages/airflow/example_dags/example_branch_labels.py
[2024-11-04T13:15:22.636-0800] {processor.py:925} INFO - DAG(s) 'example_branch_labels' retrieved from /opt/anaconda3/lib/python3.12/site-packages/airflow/example_dags/example_branch_labels.py
[2024-11-04T13:15:22.667-0800] {logging_mixin.py:190} INFO - [2024-11-04T13:15:22.667-0800] {dag.py:3239} INFO - Sync 1 DAGs
[2024-11-04T13:15:22.673-0800] {logging_mixin.py:190} INFO - [2024-11-04T13:15:22.673-0800] {dag.py:4180} INFO - Setting next_dagrun for example_branch_labels to 2024-11-03 00:00:00+00:00, run_after=2024-11-04 00:00:00+00:00
[2024-11-04T13:15:22.679-0800] {processor.py:208} INFO - Processing /opt/anaconda3/lib/python3.12/site-packages/airflow/example_dags/example_branch_labels.py took 0.049 seconds
[2024-11-04T13:17:46.854-0800] {processor.py:186} INFO - Started process (PID=53051) to work on /opt/anaconda3/lib/python3.12/site-packages/airflow/example_dags/example_branch_labels.py
[2024-11-04T13:17:46.855-0800] {processor.py:914} INFO - Processing file /opt/anaconda3/lib/python3.12/site-packages/airflow/example_dags/example_branch_labels.py for tasks to queue
[2024-11-04T13:17:46.856-0800] {logging_mixin.py:190} INFO - [2024-11-04T13:17:46.856-0800] {dagbag.py:588} INFO - Filling up the DagBag from /opt/anaconda3/lib/python3.12/site-packages/airflow/example_dags/example_branch_labels.py
[2024-11-04T13:17:46.859-0800] {processor.py:925} INFO - DAG(s) 'example_branch_labels' retrieved from /opt/anaconda3/lib/python3.12/site-packages/airflow/example_dags/example_branch_labels.py
[2024-11-04T13:17:46.890-0800] {logging_mixin.py:190} INFO - [2024-11-04T13:17:46.890-0800] {dag.py:3239} INFO - Sync 1 DAGs
[2024-11-04T13:17:46.896-0800] {logging_mixin.py:190} INFO - [2024-11-04T13:17:46.896-0800] {dag.py:4180} INFO - Setting next_dagrun for example_branch_labels to 2024-11-03 00:00:00+00:00, run_after=2024-11-04 00:00:00+00:00
[2024-11-04T13:17:46.902-0800] {processor.py:208} INFO - Processing /opt/anaconda3/lib/python3.12/site-packages/airflow/example_dags/example_branch_labels.py took 0.048 seconds
[2024-11-04T13:20:10.146-0800] {processor.py:186} INFO - Started process (PID=53231) to work on /opt/anaconda3/lib/python3.12/site-packages/airflow/example_dags/example_branch_labels.py
[2024-11-04T13:20:10.147-0800] {processor.py:914} INFO - Processing file /opt/anaconda3/lib/python3.12/site-packages/airflow/example_dags/example_branch_labels.py for tasks to queue
[2024-11-04T13:20:10.147-0800] {logging_mixin.py:190} INFO - [2024-11-04T13:20:10.147-0800] {dagbag.py:588} INFO - Filling up the DagBag from /opt/anaconda3/lib/python3.12/site-packages/airflow/example_dags/example_branch_labels.py
[2024-11-04T13:20:10.151-0800] {processor.py:925} INFO - DAG(s) 'example_branch_labels' retrieved from /opt/anaconda3/lib/python3.12/site-packages/airflow/example_dags/example_branch_labels.py
[2024-11-04T13:20:10.181-0800] {logging_mixin.py:190} INFO - [2024-11-04T13:20:10.180-0800] {dag.py:3239} INFO - Sync 1 DAGs
[2024-11-04T13:20:10.187-0800] {logging_mixin.py:190} INFO - [2024-11-04T13:20:10.186-0800] {dag.py:4180} INFO - Setting next_dagrun for example_branch_labels to 2024-11-03 00:00:00+00:00, run_after=2024-11-04 00:00:00+00:00
[2024-11-04T13:20:10.192-0800] {processor.py:208} INFO - Processing /opt/anaconda3/lib/python3.12/site-packages/airflow/example_dags/example_branch_labels.py took 0.047 seconds
[2024-11-04T13:22:35.736-0800] {processor.py:186} INFO - Started process (PID=53395) to work on /opt/anaconda3/lib/python3.12/site-packages/airflow/example_dags/example_branch_labels.py
[2024-11-04T13:22:35.737-0800] {processor.py:914} INFO - Processing file /opt/anaconda3/lib/python3.12/site-packages/airflow/example_dags/example_branch_labels.py for tasks to queue
[2024-11-04T13:22:35.737-0800] {logging_mixin.py:190} INFO - [2024-11-04T13:22:35.737-0800] {dagbag.py:588} INFO - Filling up the DagBag from /opt/anaconda3/lib/python3.12/site-packages/airflow/example_dags/example_branch_labels.py
[2024-11-04T13:22:35.741-0800] {processor.py:925} INFO - DAG(s) 'example_branch_labels' retrieved from /opt/anaconda3/lib/python3.12/site-packages/airflow/example_dags/example_branch_labels.py
[2024-11-04T13:22:35.771-0800] {logging_mixin.py:190} INFO - [2024-11-04T13:22:35.770-0800] {dag.py:3239} INFO - Sync 1 DAGs
[2024-11-04T13:22:35.776-0800] {logging_mixin.py:190} INFO - [2024-11-04T13:22:35.776-0800] {dag.py:4180} INFO - Setting next_dagrun for example_branch_labels to 2024-11-03 00:00:00+00:00, run_after=2024-11-04 00:00:00+00:00
[2024-11-04T13:22:35.782-0800] {processor.py:208} INFO - Processing /opt/anaconda3/lib/python3.12/site-packages/airflow/example_dags/example_branch_labels.py took 0.048 seconds
[2024-11-04T13:24:56.267-0800] {processor.py:186} INFO - Started process (PID=53578) to work on /opt/anaconda3/lib/python3.12/site-packages/airflow/example_dags/example_branch_labels.py
[2024-11-04T13:24:56.269-0800] {processor.py:914} INFO - Processing file /opt/anaconda3/lib/python3.12/site-packages/airflow/example_dags/example_branch_labels.py for tasks to queue
[2024-11-04T13:24:56.269-0800] {logging_mixin.py:190} INFO - [2024-11-04T13:24:56.269-0800] {dagbag.py:588} INFO - Filling up the DagBag from /opt/anaconda3/lib/python3.12/site-packages/airflow/example_dags/example_branch_labels.py
[2024-11-04T13:24:56.273-0800] {processor.py:925} INFO - DAG(s) 'example_branch_labels' retrieved from /opt/anaconda3/lib/python3.12/site-packages/airflow/example_dags/example_branch_labels.py
[2024-11-04T13:24:56.303-0800] {logging_mixin.py:190} INFO - [2024-11-04T13:24:56.303-0800] {dag.py:3239} INFO - Sync 1 DAGs
[2024-11-04T13:24:56.309-0800] {logging_mixin.py:190} INFO - [2024-11-04T13:24:56.309-0800] {dag.py:4180} INFO - Setting next_dagrun for example_branch_labels to 2024-11-03 00:00:00+00:00, run_after=2024-11-04 00:00:00+00:00
[2024-11-04T13:24:56.315-0800] {processor.py:208} INFO - Processing /opt/anaconda3/lib/python3.12/site-packages/airflow/example_dags/example_branch_labels.py took 0.049 seconds
[2024-11-04T13:27:21.067-0800] {processor.py:186} INFO - Started process (PID=53756) to work on /opt/anaconda3/lib/python3.12/site-packages/airflow/example_dags/example_branch_labels.py
[2024-11-04T13:27:21.068-0800] {processor.py:914} INFO - Processing file /opt/anaconda3/lib/python3.12/site-packages/airflow/example_dags/example_branch_labels.py for tasks to queue
[2024-11-04T13:27:21.069-0800] {logging_mixin.py:190} INFO - [2024-11-04T13:27:21.069-0800] {dagbag.py:588} INFO - Filling up the DagBag from /opt/anaconda3/lib/python3.12/site-packages/airflow/example_dags/example_branch_labels.py
[2024-11-04T13:27:21.073-0800] {processor.py:925} INFO - DAG(s) 'example_branch_labels' retrieved from /opt/anaconda3/lib/python3.12/site-packages/airflow/example_dags/example_branch_labels.py
[2024-11-04T13:27:21.105-0800] {logging_mixin.py:190} INFO - [2024-11-04T13:27:21.105-0800] {dag.py:3239} INFO - Sync 1 DAGs
[2024-11-04T13:27:21.112-0800] {logging_mixin.py:190} INFO - [2024-11-04T13:27:21.112-0800] {dag.py:4180} INFO - Setting next_dagrun for example_branch_labels to 2024-11-03 00:00:00+00:00, run_after=2024-11-04 00:00:00+00:00
[2024-11-04T13:27:21.117-0800] {processor.py:208} INFO - Processing /opt/anaconda3/lib/python3.12/site-packages/airflow/example_dags/example_branch_labels.py took 0.053 seconds
[2024-11-04T13:29:44.018-0800] {processor.py:186} INFO - Started process (PID=53941) to work on /opt/anaconda3/lib/python3.12/site-packages/airflow/example_dags/example_branch_labels.py
[2024-11-04T13:29:44.019-0800] {processor.py:914} INFO - Processing file /opt/anaconda3/lib/python3.12/site-packages/airflow/example_dags/example_branch_labels.py for tasks to queue
[2024-11-04T13:29:44.020-0800] {logging_mixin.py:190} INFO - [2024-11-04T13:29:44.019-0800] {dagbag.py:588} INFO - Filling up the DagBag from /opt/anaconda3/lib/python3.12/site-packages/airflow/example_dags/example_branch_labels.py
[2024-11-04T13:29:44.023-0800] {processor.py:925} INFO - DAG(s) 'example_branch_labels' retrieved from /opt/anaconda3/lib/python3.12/site-packages/airflow/example_dags/example_branch_labels.py
[2024-11-04T13:29:44.054-0800] {logging_mixin.py:190} INFO - [2024-11-04T13:29:44.054-0800] {dag.py:3239} INFO - Sync 1 DAGs
[2024-11-04T13:29:44.062-0800] {logging_mixin.py:190} INFO - [2024-11-04T13:29:44.062-0800] {dag.py:4180} INFO - Setting next_dagrun for example_branch_labels to 2024-11-03 00:00:00+00:00, run_after=2024-11-04 00:00:00+00:00
[2024-11-04T13:29:44.068-0800] {processor.py:208} INFO - Processing /opt/anaconda3/lib/python3.12/site-packages/airflow/example_dags/example_branch_labels.py took 0.051 seconds
[2024-11-04T13:32:10.628-0800] {processor.py:186} INFO - Started process (PID=54105) to work on /opt/anaconda3/lib/python3.12/site-packages/airflow/example_dags/example_branch_labels.py
[2024-11-04T13:32:10.629-0800] {processor.py:914} INFO - Processing file /opt/anaconda3/lib/python3.12/site-packages/airflow/example_dags/example_branch_labels.py for tasks to queue
[2024-11-04T13:32:10.629-0800] {logging_mixin.py:190} INFO - [2024-11-04T13:32:10.629-0800] {dagbag.py:588} INFO - Filling up the DagBag from /opt/anaconda3/lib/python3.12/site-packages/airflow/example_dags/example_branch_labels.py
[2024-11-04T13:32:10.632-0800] {processor.py:925} INFO - DAG(s) 'example_branch_labels' retrieved from /opt/anaconda3/lib/python3.12/site-packages/airflow/example_dags/example_branch_labels.py
[2024-11-04T13:32:10.662-0800] {logging_mixin.py:190} INFO - [2024-11-04T13:32:10.662-0800] {dag.py:3239} INFO - Sync 1 DAGs
[2024-11-04T13:32:10.668-0800] {logging_mixin.py:190} INFO - [2024-11-04T13:32:10.668-0800] {dag.py:4180} INFO - Setting next_dagrun for example_branch_labels to 2024-11-03 00:00:00+00:00, run_after=2024-11-04 00:00:00+00:00
[2024-11-04T13:32:10.677-0800] {processor.py:208} INFO - Processing /opt/anaconda3/lib/python3.12/site-packages/airflow/example_dags/example_branch_labels.py took 0.050 seconds
[2024-11-04T13:34:34.018-0800] {processor.py:186} INFO - Started process (PID=54309) to work on /opt/anaconda3/lib/python3.12/site-packages/airflow/example_dags/example_branch_labels.py
[2024-11-04T13:34:34.018-0800] {processor.py:914} INFO - Processing file /opt/anaconda3/lib/python3.12/site-packages/airflow/example_dags/example_branch_labels.py for tasks to queue
[2024-11-04T13:34:34.019-0800] {logging_mixin.py:190} INFO - [2024-11-04T13:34:34.019-0800] {dagbag.py:588} INFO - Filling up the DagBag from /opt/anaconda3/lib/python3.12/site-packages/airflow/example_dags/example_branch_labels.py
[2024-11-04T13:34:34.022-0800] {processor.py:925} INFO - DAG(s) 'example_branch_labels' retrieved from /opt/anaconda3/lib/python3.12/site-packages/airflow/example_dags/example_branch_labels.py
[2024-11-04T13:34:34.052-0800] {logging_mixin.py:190} INFO - [2024-11-04T13:34:34.052-0800] {dag.py:3239} INFO - Sync 1 DAGs
[2024-11-04T13:34:34.058-0800] {logging_mixin.py:190} INFO - [2024-11-04T13:34:34.058-0800] {dag.py:4180} INFO - Setting next_dagrun for example_branch_labels to 2024-11-03 00:00:00+00:00, run_after=2024-11-04 00:00:00+00:00
[2024-11-04T13:34:34.064-0800] {processor.py:208} INFO - Processing /opt/anaconda3/lib/python3.12/site-packages/airflow/example_dags/example_branch_labels.py took 0.048 seconds
[2024-11-04T13:36:55.114-0800] {processor.py:186} INFO - Started process (PID=54491) to work on /opt/anaconda3/lib/python3.12/site-packages/airflow/example_dags/example_branch_labels.py
[2024-11-04T13:36:55.116-0800] {processor.py:914} INFO - Processing file /opt/anaconda3/lib/python3.12/site-packages/airflow/example_dags/example_branch_labels.py for tasks to queue
[2024-11-04T13:36:55.116-0800] {logging_mixin.py:190} INFO - [2024-11-04T13:36:55.116-0800] {dagbag.py:588} INFO - Filling up the DagBag from /opt/anaconda3/lib/python3.12/site-packages/airflow/example_dags/example_branch_labels.py
[2024-11-04T13:36:55.119-0800] {processor.py:925} INFO - DAG(s) 'example_branch_labels' retrieved from /opt/anaconda3/lib/python3.12/site-packages/airflow/example_dags/example_branch_labels.py
[2024-11-04T13:36:55.149-0800] {logging_mixin.py:190} INFO - [2024-11-04T13:36:55.149-0800] {dag.py:3239} INFO - Sync 1 DAGs
[2024-11-04T13:36:55.155-0800] {logging_mixin.py:190} INFO - [2024-11-04T13:36:55.155-0800] {dag.py:4180} INFO - Setting next_dagrun for example_branch_labels to 2024-11-03 00:00:00+00:00, run_after=2024-11-04 00:00:00+00:00
[2024-11-04T13:36:55.160-0800] {processor.py:208} INFO - Processing /opt/anaconda3/lib/python3.12/site-packages/airflow/example_dags/example_branch_labels.py took 0.047 seconds
[2024-11-04T13:39:18.195-0800] {processor.py:186} INFO - Started process (PID=54681) to work on /opt/anaconda3/lib/python3.12/site-packages/airflow/example_dags/example_branch_labels.py
[2024-11-04T13:39:18.197-0800] {processor.py:914} INFO - Processing file /opt/anaconda3/lib/python3.12/site-packages/airflow/example_dags/example_branch_labels.py for tasks to queue
[2024-11-04T13:39:18.197-0800] {logging_mixin.py:190} INFO - [2024-11-04T13:39:18.197-0800] {dagbag.py:588} INFO - Filling up the DagBag from /opt/anaconda3/lib/python3.12/site-packages/airflow/example_dags/example_branch_labels.py
[2024-11-04T13:39:18.200-0800] {processor.py:925} INFO - DAG(s) 'example_branch_labels' retrieved from /opt/anaconda3/lib/python3.12/site-packages/airflow/example_dags/example_branch_labels.py
[2024-11-04T13:39:18.231-0800] {logging_mixin.py:190} INFO - [2024-11-04T13:39:18.231-0800] {dag.py:3239} INFO - Sync 1 DAGs
[2024-11-04T13:39:18.237-0800] {logging_mixin.py:190} INFO - [2024-11-04T13:39:18.237-0800] {dag.py:4180} INFO - Setting next_dagrun for example_branch_labels to 2024-11-03 00:00:00+00:00, run_after=2024-11-04 00:00:00+00:00
[2024-11-04T13:39:18.243-0800] {processor.py:208} INFO - Processing /opt/anaconda3/lib/python3.12/site-packages/airflow/example_dags/example_branch_labels.py took 0.049 seconds
[2024-11-04T13:41:41.553-0800] {processor.py:186} INFO - Started process (PID=54852) to work on /opt/anaconda3/lib/python3.12/site-packages/airflow/example_dags/example_branch_labels.py
[2024-11-04T13:41:41.554-0800] {processor.py:914} INFO - Processing file /opt/anaconda3/lib/python3.12/site-packages/airflow/example_dags/example_branch_labels.py for tasks to queue
[2024-11-04T13:41:41.555-0800] {logging_mixin.py:190} INFO - [2024-11-04T13:41:41.555-0800] {dagbag.py:588} INFO - Filling up the DagBag from /opt/anaconda3/lib/python3.12/site-packages/airflow/example_dags/example_branch_labels.py
[2024-11-04T13:41:41.559-0800] {processor.py:925} INFO - DAG(s) 'example_branch_labels' retrieved from /opt/anaconda3/lib/python3.12/site-packages/airflow/example_dags/example_branch_labels.py
[2024-11-04T13:41:41.589-0800] {logging_mixin.py:190} INFO - [2024-11-04T13:41:41.589-0800] {dag.py:3239} INFO - Sync 1 DAGs
[2024-11-04T13:41:41.595-0800] {logging_mixin.py:190} INFO - [2024-11-04T13:41:41.595-0800] {dag.py:4180} INFO - Setting next_dagrun for example_branch_labels to 2024-11-03 00:00:00+00:00, run_after=2024-11-04 00:00:00+00:00
[2024-11-04T13:41:41.601-0800] {processor.py:208} INFO - Processing /opt/anaconda3/lib/python3.12/site-packages/airflow/example_dags/example_branch_labels.py took 0.049 seconds
[2024-11-04T13:44:07.224-0800] {processor.py:186} INFO - Started process (PID=55022) to work on /opt/anaconda3/lib/python3.12/site-packages/airflow/example_dags/example_branch_labels.py
[2024-11-04T13:44:07.225-0800] {processor.py:914} INFO - Processing file /opt/anaconda3/lib/python3.12/site-packages/airflow/example_dags/example_branch_labels.py for tasks to queue
[2024-11-04T13:44:07.225-0800] {logging_mixin.py:190} INFO - [2024-11-04T13:44:07.225-0800] {dagbag.py:588} INFO - Filling up the DagBag from /opt/anaconda3/lib/python3.12/site-packages/airflow/example_dags/example_branch_labels.py
[2024-11-04T13:44:07.228-0800] {processor.py:925} INFO - DAG(s) 'example_branch_labels' retrieved from /opt/anaconda3/lib/python3.12/site-packages/airflow/example_dags/example_branch_labels.py
[2024-11-04T13:44:07.258-0800] {logging_mixin.py:190} INFO - [2024-11-04T13:44:07.258-0800] {dag.py:3239} INFO - Sync 1 DAGs
[2024-11-04T13:44:07.264-0800] {logging_mixin.py:190} INFO - [2024-11-04T13:44:07.264-0800] {dag.py:4180} INFO - Setting next_dagrun for example_branch_labels to 2024-11-03 00:00:00+00:00, run_after=2024-11-04 00:00:00+00:00
[2024-11-04T13:44:07.270-0800] {processor.py:208} INFO - Processing /opt/anaconda3/lib/python3.12/site-packages/airflow/example_dags/example_branch_labels.py took 0.047 seconds
[2024-11-04T13:46:32.366-0800] {processor.py:186} INFO - Started process (PID=55194) to work on /opt/anaconda3/lib/python3.12/site-packages/airflow/example_dags/example_branch_labels.py
[2024-11-04T13:46:32.368-0800] {processor.py:914} INFO - Processing file /opt/anaconda3/lib/python3.12/site-packages/airflow/example_dags/example_branch_labels.py for tasks to queue
[2024-11-04T13:46:32.368-0800] {logging_mixin.py:190} INFO - [2024-11-04T13:46:32.368-0800] {dagbag.py:588} INFO - Filling up the DagBag from /opt/anaconda3/lib/python3.12/site-packages/airflow/example_dags/example_branch_labels.py
[2024-11-04T13:46:32.371-0800] {processor.py:925} INFO - DAG(s) 'example_branch_labels' retrieved from /opt/anaconda3/lib/python3.12/site-packages/airflow/example_dags/example_branch_labels.py
[2024-11-04T13:46:32.401-0800] {logging_mixin.py:190} INFO - [2024-11-04T13:46:32.401-0800] {dag.py:3239} INFO - Sync 1 DAGs
[2024-11-04T13:46:32.407-0800] {logging_mixin.py:190} INFO - [2024-11-04T13:46:32.407-0800] {dag.py:4180} INFO - Setting next_dagrun for example_branch_labels to 2024-11-03 00:00:00+00:00, run_after=2024-11-04 00:00:00+00:00
[2024-11-04T13:46:32.412-0800] {processor.py:208} INFO - Processing /opt/anaconda3/lib/python3.12/site-packages/airflow/example_dags/example_branch_labels.py took 0.047 seconds
[2024-11-04T13:48:48.306-0800] {processor.py:186} INFO - Started process (PID=55368) to work on /opt/anaconda3/lib/python3.12/site-packages/airflow/example_dags/example_branch_labels.py
[2024-11-04T13:48:48.307-0800] {processor.py:914} INFO - Processing file /opt/anaconda3/lib/python3.12/site-packages/airflow/example_dags/example_branch_labels.py for tasks to queue
[2024-11-04T13:48:48.308-0800] {logging_mixin.py:190} INFO - [2024-11-04T13:48:48.308-0800] {dagbag.py:588} INFO - Filling up the DagBag from /opt/anaconda3/lib/python3.12/site-packages/airflow/example_dags/example_branch_labels.py
[2024-11-04T13:48:48.311-0800] {processor.py:925} INFO - DAG(s) 'example_branch_labels' retrieved from /opt/anaconda3/lib/python3.12/site-packages/airflow/example_dags/example_branch_labels.py
[2024-11-04T13:48:48.341-0800] {logging_mixin.py:190} INFO - [2024-11-04T13:48:48.341-0800] {dag.py:3239} INFO - Sync 1 DAGs
[2024-11-04T13:48:48.347-0800] {logging_mixin.py:190} INFO - [2024-11-04T13:48:48.347-0800] {dag.py:4180} INFO - Setting next_dagrun for example_branch_labels to 2024-11-03 00:00:00+00:00, run_after=2024-11-04 00:00:00+00:00
[2024-11-04T13:48:48.352-0800] {processor.py:208} INFO - Processing /opt/anaconda3/lib/python3.12/site-packages/airflow/example_dags/example_branch_labels.py took 0.047 seconds
[2024-11-04T13:51:12.663-0800] {processor.py:186} INFO - Started process (PID=55547) to work on /opt/anaconda3/lib/python3.12/site-packages/airflow/example_dags/example_branch_labels.py
[2024-11-04T13:51:12.664-0800] {processor.py:914} INFO - Processing file /opt/anaconda3/lib/python3.12/site-packages/airflow/example_dags/example_branch_labels.py for tasks to queue
[2024-11-04T13:51:12.664-0800] {logging_mixin.py:190} INFO - [2024-11-04T13:51:12.664-0800] {dagbag.py:588} INFO - Filling up the DagBag from /opt/anaconda3/lib/python3.12/site-packages/airflow/example_dags/example_branch_labels.py
[2024-11-04T13:51:12.667-0800] {processor.py:925} INFO - DAG(s) 'example_branch_labels' retrieved from /opt/anaconda3/lib/python3.12/site-packages/airflow/example_dags/example_branch_labels.py
[2024-11-04T13:51:12.697-0800] {logging_mixin.py:190} INFO - [2024-11-04T13:51:12.697-0800] {dag.py:3239} INFO - Sync 1 DAGs
[2024-11-04T13:51:12.703-0800] {logging_mixin.py:190} INFO - [2024-11-04T13:51:12.703-0800] {dag.py:4180} INFO - Setting next_dagrun for example_branch_labels to 2024-11-03 00:00:00+00:00, run_after=2024-11-04 00:00:00+00:00
[2024-11-04T13:51:12.709-0800] {processor.py:208} INFO - Processing /opt/anaconda3/lib/python3.12/site-packages/airflow/example_dags/example_branch_labels.py took 0.048 seconds
[2024-11-04T13:53:44.263-0800] {processor.py:186} INFO - Started process (PID=55725) to work on /opt/anaconda3/lib/python3.12/site-packages/airflow/example_dags/example_branch_labels.py
[2024-11-04T13:53:44.264-0800] {processor.py:914} INFO - Processing file /opt/anaconda3/lib/python3.12/site-packages/airflow/example_dags/example_branch_labels.py for tasks to queue
[2024-11-04T13:53:44.265-0800] {logging_mixin.py:190} INFO - [2024-11-04T13:53:44.265-0800] {dagbag.py:588} INFO - Filling up the DagBag from /opt/anaconda3/lib/python3.12/site-packages/airflow/example_dags/example_branch_labels.py
[2024-11-04T13:53:44.269-0800] {processor.py:925} INFO - DAG(s) 'example_branch_labels' retrieved from /opt/anaconda3/lib/python3.12/site-packages/airflow/example_dags/example_branch_labels.py
[2024-11-04T13:53:44.300-0800] {logging_mixin.py:190} INFO - [2024-11-04T13:53:44.300-0800] {dag.py:3239} INFO - Sync 1 DAGs
[2024-11-04T13:53:44.307-0800] {logging_mixin.py:190} INFO - [2024-11-04T13:53:44.307-0800] {dag.py:4180} INFO - Setting next_dagrun for example_branch_labels to 2024-11-03 00:00:00+00:00, run_after=2024-11-04 00:00:00+00:00
[2024-11-04T13:53:44.314-0800] {processor.py:208} INFO - Processing /opt/anaconda3/lib/python3.12/site-packages/airflow/example_dags/example_branch_labels.py took 0.051 seconds
[2024-11-04T13:56:12.291-0800] {processor.py:186} INFO - Started process (PID=55917) to work on /opt/anaconda3/lib/python3.12/site-packages/airflow/example_dags/example_branch_labels.py
[2024-11-04T13:56:12.292-0800] {processor.py:914} INFO - Processing file /opt/anaconda3/lib/python3.12/site-packages/airflow/example_dags/example_branch_labels.py for tasks to queue
[2024-11-04T13:56:12.292-0800] {logging_mixin.py:190} INFO - [2024-11-04T13:56:12.292-0800] {dagbag.py:588} INFO - Filling up the DagBag from /opt/anaconda3/lib/python3.12/site-packages/airflow/example_dags/example_branch_labels.py
[2024-11-04T13:56:12.296-0800] {processor.py:925} INFO - DAG(s) 'example_branch_labels' retrieved from /opt/anaconda3/lib/python3.12/site-packages/airflow/example_dags/example_branch_labels.py
[2024-11-04T13:56:12.328-0800] {logging_mixin.py:190} INFO - [2024-11-04T13:56:12.328-0800] {dag.py:3239} INFO - Sync 1 DAGs
[2024-11-04T13:56:12.336-0800] {logging_mixin.py:190} INFO - [2024-11-04T13:56:12.336-0800] {dag.py:4180} INFO - Setting next_dagrun for example_branch_labels to 2024-11-03 00:00:00+00:00, run_after=2024-11-04 00:00:00+00:00
[2024-11-04T13:56:12.342-0800] {processor.py:208} INFO - Processing /opt/anaconda3/lib/python3.12/site-packages/airflow/example_dags/example_branch_labels.py took 0.052 seconds
[2024-11-04T13:58:41.895-0800] {processor.py:186} INFO - Started process (PID=56100) to work on /opt/anaconda3/lib/python3.12/site-packages/airflow/example_dags/example_branch_labels.py
[2024-11-04T13:58:41.897-0800] {processor.py:914} INFO - Processing file /opt/anaconda3/lib/python3.12/site-packages/airflow/example_dags/example_branch_labels.py for tasks to queue
[2024-11-04T13:58:41.897-0800] {logging_mixin.py:190} INFO - [2024-11-04T13:58:41.897-0800] {dagbag.py:588} INFO - Filling up the DagBag from /opt/anaconda3/lib/python3.12/site-packages/airflow/example_dags/example_branch_labels.py
[2024-11-04T13:58:41.901-0800] {processor.py:925} INFO - DAG(s) 'example_branch_labels' retrieved from /opt/anaconda3/lib/python3.12/site-packages/airflow/example_dags/example_branch_labels.py
[2024-11-04T13:58:41.931-0800] {logging_mixin.py:190} INFO - [2024-11-04T13:58:41.931-0800] {dag.py:3239} INFO - Sync 1 DAGs
[2024-11-04T13:58:41.937-0800] {logging_mixin.py:190} INFO - [2024-11-04T13:58:41.937-0800] {dag.py:4180} INFO - Setting next_dagrun for example_branch_labels to 2024-11-03 00:00:00+00:00, run_after=2024-11-04 00:00:00+00:00
[2024-11-04T13:58:41.943-0800] {processor.py:208} INFO - Processing /opt/anaconda3/lib/python3.12/site-packages/airflow/example_dags/example_branch_labels.py took 0.049 seconds
[2024-11-04T14:01:10.043-0800] {processor.py:186} INFO - Started process (PID=56335) to work on /opt/anaconda3/lib/python3.12/site-packages/airflow/example_dags/example_branch_labels.py
[2024-11-04T14:01:10.044-0800] {processor.py:914} INFO - Processing file /opt/anaconda3/lib/python3.12/site-packages/airflow/example_dags/example_branch_labels.py for tasks to queue
[2024-11-04T14:01:10.044-0800] {logging_mixin.py:190} INFO - [2024-11-04T14:01:10.044-0800] {dagbag.py:588} INFO - Filling up the DagBag from /opt/anaconda3/lib/python3.12/site-packages/airflow/example_dags/example_branch_labels.py
[2024-11-04T14:01:10.048-0800] {processor.py:925} INFO - DAG(s) 'example_branch_labels' retrieved from /opt/anaconda3/lib/python3.12/site-packages/airflow/example_dags/example_branch_labels.py
[2024-11-04T14:01:10.078-0800] {logging_mixin.py:190} INFO - [2024-11-04T14:01:10.078-0800] {dag.py:3239} INFO - Sync 1 DAGs
[2024-11-04T14:01:10.084-0800] {logging_mixin.py:190} INFO - [2024-11-04T14:01:10.084-0800] {dag.py:4180} INFO - Setting next_dagrun for example_branch_labels to 2024-11-03 00:00:00+00:00, run_after=2024-11-04 00:00:00+00:00
[2024-11-04T14:01:10.090-0800] {processor.py:208} INFO - Processing /opt/anaconda3/lib/python3.12/site-packages/airflow/example_dags/example_branch_labels.py took 0.049 seconds
[2024-11-04T14:03:35.258-0800] {processor.py:186} INFO - Started process (PID=56540) to work on /opt/anaconda3/lib/python3.12/site-packages/airflow/example_dags/example_branch_labels.py
[2024-11-04T14:03:35.259-0800] {processor.py:914} INFO - Processing file /opt/anaconda3/lib/python3.12/site-packages/airflow/example_dags/example_branch_labels.py for tasks to queue
[2024-11-04T14:03:35.259-0800] {logging_mixin.py:190} INFO - [2024-11-04T14:03:35.259-0800] {dagbag.py:588} INFO - Filling up the DagBag from /opt/anaconda3/lib/python3.12/site-packages/airflow/example_dags/example_branch_labels.py
[2024-11-04T14:03:35.262-0800] {processor.py:925} INFO - DAG(s) 'example_branch_labels' retrieved from /opt/anaconda3/lib/python3.12/site-packages/airflow/example_dags/example_branch_labels.py
[2024-11-04T14:03:35.293-0800] {logging_mixin.py:190} INFO - [2024-11-04T14:03:35.293-0800] {dag.py:3239} INFO - Sync 1 DAGs
[2024-11-04T14:03:35.299-0800] {logging_mixin.py:190} INFO - [2024-11-04T14:03:35.299-0800] {dag.py:4180} INFO - Setting next_dagrun for example_branch_labels to 2024-11-03 00:00:00+00:00, run_after=2024-11-04 00:00:00+00:00
[2024-11-04T14:03:35.305-0800] {processor.py:208} INFO - Processing /opt/anaconda3/lib/python3.12/site-packages/airflow/example_dags/example_branch_labels.py took 0.048 seconds
[2024-11-04T14:06:01.207-0800] {processor.py:186} INFO - Started process (PID=56815) to work on /opt/anaconda3/lib/python3.12/site-packages/airflow/example_dags/example_branch_labels.py
[2024-11-04T14:06:01.207-0800] {processor.py:914} INFO - Processing file /opt/anaconda3/lib/python3.12/site-packages/airflow/example_dags/example_branch_labels.py for tasks to queue
[2024-11-04T14:06:01.208-0800] {logging_mixin.py:190} INFO - [2024-11-04T14:06:01.208-0800] {dagbag.py:588} INFO - Filling up the DagBag from /opt/anaconda3/lib/python3.12/site-packages/airflow/example_dags/example_branch_labels.py
[2024-11-04T14:06:01.211-0800] {processor.py:925} INFO - DAG(s) 'example_branch_labels' retrieved from /opt/anaconda3/lib/python3.12/site-packages/airflow/example_dags/example_branch_labels.py
[2024-11-04T14:06:01.242-0800] {logging_mixin.py:190} INFO - [2024-11-04T14:06:01.242-0800] {dag.py:3239} INFO - Sync 1 DAGs
[2024-11-04T14:06:01.248-0800] {logging_mixin.py:190} INFO - [2024-11-04T14:06:01.248-0800] {dag.py:4180} INFO - Setting next_dagrun for example_branch_labels to 2024-11-03 00:00:00+00:00, run_after=2024-11-04 00:00:00+00:00
[2024-11-04T14:06:01.254-0800] {processor.py:208} INFO - Processing /opt/anaconda3/lib/python3.12/site-packages/airflow/example_dags/example_branch_labels.py took 0.048 seconds
[2024-11-04T14:08:23.466-0800] {processor.py:186} INFO - Started process (PID=57018) to work on /opt/anaconda3/lib/python3.12/site-packages/airflow/example_dags/example_branch_labels.py
[2024-11-04T14:08:23.467-0800] {processor.py:914} INFO - Processing file /opt/anaconda3/lib/python3.12/site-packages/airflow/example_dags/example_branch_labels.py for tasks to queue
[2024-11-04T14:08:23.468-0800] {logging_mixin.py:190} INFO - [2024-11-04T14:08:23.468-0800] {dagbag.py:588} INFO - Filling up the DagBag from /opt/anaconda3/lib/python3.12/site-packages/airflow/example_dags/example_branch_labels.py
[2024-11-04T14:08:23.471-0800] {processor.py:925} INFO - DAG(s) 'example_branch_labels' retrieved from /opt/anaconda3/lib/python3.12/site-packages/airflow/example_dags/example_branch_labels.py
[2024-11-04T14:08:23.501-0800] {logging_mixin.py:190} INFO - [2024-11-04T14:08:23.501-0800] {dag.py:3239} INFO - Sync 1 DAGs
[2024-11-04T14:08:23.507-0800] {logging_mixin.py:190} INFO - [2024-11-04T14:08:23.507-0800] {dag.py:4180} INFO - Setting next_dagrun for example_branch_labels to 2024-11-03 00:00:00+00:00, run_after=2024-11-04 00:00:00+00:00
[2024-11-04T14:08:23.512-0800] {processor.py:208} INFO - Processing /opt/anaconda3/lib/python3.12/site-packages/airflow/example_dags/example_branch_labels.py took 0.047 seconds
[2024-11-04T14:21:41.700-0800] {processor.py:186} INFO - Started process (PID=57883) to work on /opt/anaconda3/lib/python3.12/site-packages/airflow/example_dags/example_branch_labels.py
[2024-11-04T14:21:41.702-0800] {processor.py:914} INFO - Processing file /opt/anaconda3/lib/python3.12/site-packages/airflow/example_dags/example_branch_labels.py for tasks to queue
[2024-11-04T14:21:41.702-0800] {logging_mixin.py:190} INFO - [2024-11-04T14:21:41.702-0800] {dagbag.py:588} INFO - Filling up the DagBag from /opt/anaconda3/lib/python3.12/site-packages/airflow/example_dags/example_branch_labels.py
[2024-11-04T14:21:41.706-0800] {processor.py:925} INFO - DAG(s) 'example_branch_labels' retrieved from /opt/anaconda3/lib/python3.12/site-packages/airflow/example_dags/example_branch_labels.py
[2024-11-04T14:21:41.790-0800] {logging_mixin.py:190} INFO - [2024-11-04T14:21:41.789-0800] {override.py:1907} INFO - Created Permission View: can read on DAG:example_branch_labels
[2024-11-04T14:21:41.793-0800] {logging_mixin.py:190} INFO - [2024-11-04T14:21:41.793-0800] {override.py:1907} INFO - Created Permission View: can delete on DAG:example_branch_labels
[2024-11-04T14:21:41.796-0800] {logging_mixin.py:190} INFO - [2024-11-04T14:21:41.796-0800] {override.py:1907} INFO - Created Permission View: can edit on DAG:example_branch_labels
[2024-11-04T14:21:41.798-0800] {logging_mixin.py:190} INFO - [2024-11-04T14:21:41.798-0800] {override.py:1907} INFO - Created Permission View: can read on DAG Run:example_branch_labels
[2024-11-04T14:21:41.801-0800] {logging_mixin.py:190} INFO - [2024-11-04T14:21:41.801-0800] {override.py:1907} INFO - Created Permission View: can create on DAG Run:example_branch_labels
[2024-11-04T14:21:41.805-0800] {logging_mixin.py:190} INFO - [2024-11-04T14:21:41.805-0800] {override.py:1907} INFO - Created Permission View: menu access on DAG Run:example_branch_labels
[2024-11-04T14:21:41.808-0800] {logging_mixin.py:190} INFO - [2024-11-04T14:21:41.808-0800] {override.py:1907} INFO - Created Permission View: can delete on DAG Run:example_branch_labels
[2024-11-04T14:21:41.808-0800] {logging_mixin.py:190} INFO - [2024-11-04T14:21:41.808-0800] {dag.py:3239} INFO - Sync 1 DAGs
[2024-11-04T14:21:41.813-0800] {logging_mixin.py:190} INFO - [2024-11-04T14:21:41.813-0800] {dag.py:3262} INFO - Creating ORM DAG for example_branch_labels
[2024-11-04T14:21:41.816-0800] {logging_mixin.py:190} INFO - [2024-11-04T14:21:41.816-0800] {dag.py:4180} INFO - Setting next_dagrun for example_branch_labels to 2024-11-03 00:00:00+00:00, run_after=2024-11-04 00:00:00+00:00
[2024-11-04T14:21:41.823-0800] {processor.py:208} INFO - Processing /opt/anaconda3/lib/python3.12/site-packages/airflow/example_dags/example_branch_labels.py took 0.124 seconds
[2024-11-04T14:32:06.109-0800] {processor.py:186} INFO - Started process (PID=58565) to work on /opt/anaconda3/lib/python3.12/site-packages/airflow/example_dags/example_branch_labels.py
[2024-11-04T14:32:06.110-0800] {processor.py:914} INFO - Processing file /opt/anaconda3/lib/python3.12/site-packages/airflow/example_dags/example_branch_labels.py for tasks to queue
[2024-11-04T14:32:06.110-0800] {logging_mixin.py:190} INFO - [2024-11-04T14:32:06.110-0800] {dagbag.py:588} INFO - Filling up the DagBag from /opt/anaconda3/lib/python3.12/site-packages/airflow/example_dags/example_branch_labels.py
[2024-11-04T14:32:06.114-0800] {processor.py:925} INFO - DAG(s) 'example_branch_labels' retrieved from /opt/anaconda3/lib/python3.12/site-packages/airflow/example_dags/example_branch_labels.py
[2024-11-04T14:32:06.160-0800] {logging_mixin.py:190} INFO - [2024-11-04T14:32:06.160-0800] {dag.py:3239} INFO - Sync 1 DAGs
[2024-11-04T14:32:06.169-0800] {logging_mixin.py:190} INFO - [2024-11-04T14:32:06.169-0800] {dag.py:4180} INFO - Setting next_dagrun for example_branch_labels to 2024-11-03 00:00:00+00:00, run_after=2024-11-04 00:00:00+00:00
[2024-11-04T14:32:06.180-0800] {processor.py:208} INFO - Processing /opt/anaconda3/lib/python3.12/site-packages/airflow/example_dags/example_branch_labels.py took 0.072 seconds
[2024-11-04T15:37:45.529-0800] {processor.py:186} INFO - Started process (PID=58763) to work on /opt/anaconda3/lib/python3.12/site-packages/airflow/example_dags/example_branch_labels.py
[2024-11-04T15:37:45.530-0800] {processor.py:914} INFO - Processing file /opt/anaconda3/lib/python3.12/site-packages/airflow/example_dags/example_branch_labels.py for tasks to queue
[2024-11-04T15:37:45.530-0800] {logging_mixin.py:190} INFO - [2024-11-04T15:37:45.530-0800] {dagbag.py:588} INFO - Filling up the DagBag from /opt/anaconda3/lib/python3.12/site-packages/airflow/example_dags/example_branch_labels.py
[2024-11-04T15:37:45.533-0800] {processor.py:925} INFO - DAG(s) 'example_branch_labels' retrieved from /opt/anaconda3/lib/python3.12/site-packages/airflow/example_dags/example_branch_labels.py
[2024-11-04T15:37:45.575-0800] {logging_mixin.py:190} INFO - [2024-11-04T15:37:45.575-0800] {dag.py:3239} INFO - Sync 1 DAGs
[2024-11-04T15:37:45.582-0800] {logging_mixin.py:190} INFO - [2024-11-04T15:37:45.582-0800] {dag.py:4180} INFO - Setting next_dagrun for example_branch_labels to 2024-11-03 00:00:00+00:00, run_after=2024-11-04 00:00:00+00:00
[2024-11-04T15:37:45.589-0800] {processor.py:208} INFO - Processing /opt/anaconda3/lib/python3.12/site-packages/airflow/example_dags/example_branch_labels.py took 0.061 seconds
[2024-11-04T15:55:29.507-0800] {processor.py:186} INFO - Started process (PID=59030) to work on /opt/anaconda3/lib/python3.12/site-packages/airflow/example_dags/example_branch_labels.py
[2024-11-04T15:55:29.507-0800] {processor.py:914} INFO - Processing file /opt/anaconda3/lib/python3.12/site-packages/airflow/example_dags/example_branch_labels.py for tasks to queue
[2024-11-04T15:55:29.508-0800] {logging_mixin.py:190} INFO - [2024-11-04T15:55:29.508-0800] {dagbag.py:588} INFO - Filling up the DagBag from /opt/anaconda3/lib/python3.12/site-packages/airflow/example_dags/example_branch_labels.py
[2024-11-04T15:55:29.511-0800] {processor.py:925} INFO - DAG(s) 'example_branch_labels' retrieved from /opt/anaconda3/lib/python3.12/site-packages/airflow/example_dags/example_branch_labels.py
[2024-11-04T15:55:29.556-0800] {logging_mixin.py:190} INFO - [2024-11-04T15:55:29.556-0800] {dag.py:3239} INFO - Sync 1 DAGs
[2024-11-04T15:55:29.565-0800] {logging_mixin.py:190} INFO - [2024-11-04T15:55:29.565-0800] {dag.py:4180} INFO - Setting next_dagrun for example_branch_labels to 2024-11-03 00:00:00+00:00, run_after=2024-11-04 00:00:00+00:00
[2024-11-04T15:55:29.574-0800] {processor.py:208} INFO - Processing /opt/anaconda3/lib/python3.12/site-packages/airflow/example_dags/example_branch_labels.py took 0.069 seconds
