[2024-11-04T12:43:15.130-0800] {processor.py:186} INFO - Started process (PID=50300) to work on /opt/anaconda3/lib/python3.12/site-packages/airflow/example_dags/example_display_name.py
[2024-11-04T12:43:15.130-0800] {processor.py:914} INFO - Processing file /opt/anaconda3/lib/python3.12/site-packages/airflow/example_dags/example_display_name.py for tasks to queue
[2024-11-04T12:43:15.131-0800] {logging_mixin.py:190} INFO - [2024-11-04T12:43:15.131-0800] {dagbag.py:588} INFO - Filling up the DagBag from /opt/anaconda3/lib/python3.12/site-packages/airflow/example_dags/example_display_name.py
[2024-11-04T12:43:15.143-0800] {processor.py:925} INFO - DAG(s) 'example_display_name' retrieved from /opt/anaconda3/lib/python3.12/site-packages/airflow/example_dags/example_display_name.py
[2024-11-04T12:43:15.200-0800] {logging_mixin.py:190} INFO - [2024-11-04T12:43:15.200-0800] {dag.py:3239} INFO - Sync 1 DAGs
[2024-11-04T12:43:15.204-0800] {logging_mixin.py:190} INFO - [2024-11-04T12:43:15.204-0800] {dag.py:4180} INFO - Setting next_dagrun for example_display_name to None, run_after=None
[2024-11-04T12:43:15.210-0800] {processor.py:208} INFO - Processing /opt/anaconda3/lib/python3.12/site-packages/airflow/example_dags/example_display_name.py took 0.082 seconds
[2024-11-04T12:45:44.797-0800] {processor.py:186} INFO - Started process (PID=50502) to work on /opt/anaconda3/lib/python3.12/site-packages/airflow/example_dags/example_display_name.py
[2024-11-04T12:45:44.798-0800] {processor.py:914} INFO - Processing file /opt/anaconda3/lib/python3.12/site-packages/airflow/example_dags/example_display_name.py for tasks to queue
[2024-11-04T12:45:44.798-0800] {logging_mixin.py:190} INFO - [2024-11-04T12:45:44.798-0800] {dagbag.py:588} INFO - Filling up the DagBag from /opt/anaconda3/lib/python3.12/site-packages/airflow/example_dags/example_display_name.py
[2024-11-04T12:45:44.811-0800] {processor.py:925} INFO - DAG(s) 'example_display_name' retrieved from /opt/anaconda3/lib/python3.12/site-packages/airflow/example_dags/example_display_name.py
[2024-11-04T12:45:44.840-0800] {logging_mixin.py:190} INFO - [2024-11-04T12:45:44.840-0800] {dag.py:3239} INFO - Sync 1 DAGs
[2024-11-04T12:45:44.844-0800] {logging_mixin.py:190} INFO - [2024-11-04T12:45:44.844-0800] {dag.py:4180} INFO - Setting next_dagrun for example_display_name to None, run_after=None
[2024-11-04T12:45:44.849-0800] {processor.py:208} INFO - Processing /opt/anaconda3/lib/python3.12/site-packages/airflow/example_dags/example_display_name.py took 0.054 seconds
[2024-11-04T12:48:14.521-0800] {processor.py:186} INFO - Started process (PID=50710) to work on /opt/anaconda3/lib/python3.12/site-packages/airflow/example_dags/example_display_name.py
[2024-11-04T12:48:14.523-0800] {processor.py:914} INFO - Processing file /opt/anaconda3/lib/python3.12/site-packages/airflow/example_dags/example_display_name.py for tasks to queue
[2024-11-04T12:48:14.523-0800] {logging_mixin.py:190} INFO - [2024-11-04T12:48:14.523-0800] {dagbag.py:588} INFO - Filling up the DagBag from /opt/anaconda3/lib/python3.12/site-packages/airflow/example_dags/example_display_name.py
[2024-11-04T12:48:14.539-0800] {processor.py:925} INFO - DAG(s) 'example_display_name' retrieved from /opt/anaconda3/lib/python3.12/site-packages/airflow/example_dags/example_display_name.py
[2024-11-04T12:48:14.567-0800] {logging_mixin.py:190} INFO - [2024-11-04T12:48:14.567-0800] {dag.py:3239} INFO - Sync 1 DAGs
[2024-11-04T12:48:14.570-0800] {logging_mixin.py:190} INFO - [2024-11-04T12:48:14.570-0800] {dag.py:4180} INFO - Setting next_dagrun for example_display_name to None, run_after=None
[2024-11-04T12:48:14.576-0800] {processor.py:208} INFO - Processing /opt/anaconda3/lib/python3.12/site-packages/airflow/example_dags/example_display_name.py took 0.056 seconds
[2024-11-04T12:50:44.674-0800] {processor.py:186} INFO - Started process (PID=50947) to work on /opt/anaconda3/lib/python3.12/site-packages/airflow/example_dags/example_display_name.py
[2024-11-04T12:50:44.675-0800] {processor.py:914} INFO - Processing file /opt/anaconda3/lib/python3.12/site-packages/airflow/example_dags/example_display_name.py for tasks to queue
[2024-11-04T12:50:44.675-0800] {logging_mixin.py:190} INFO - [2024-11-04T12:50:44.675-0800] {dagbag.py:588} INFO - Filling up the DagBag from /opt/anaconda3/lib/python3.12/site-packages/airflow/example_dags/example_display_name.py
[2024-11-04T12:50:44.690-0800] {processor.py:925} INFO - DAG(s) 'example_display_name' retrieved from /opt/anaconda3/lib/python3.12/site-packages/airflow/example_dags/example_display_name.py
[2024-11-04T12:50:44.719-0800] {logging_mixin.py:190} INFO - [2024-11-04T12:50:44.719-0800] {dag.py:3239} INFO - Sync 1 DAGs
[2024-11-04T12:50:44.723-0800] {logging_mixin.py:190} INFO - [2024-11-04T12:50:44.722-0800] {dag.py:4180} INFO - Setting next_dagrun for example_display_name to None, run_after=None
[2024-11-04T12:50:44.728-0800] {processor.py:208} INFO - Processing /opt/anaconda3/lib/python3.12/site-packages/airflow/example_dags/example_display_name.py took 0.055 seconds
[2024-11-04T12:53:13.721-0800] {processor.py:186} INFO - Started process (PID=51150) to work on /opt/anaconda3/lib/python3.12/site-packages/airflow/example_dags/example_display_name.py
[2024-11-04T12:53:13.722-0800] {processor.py:914} INFO - Processing file /opt/anaconda3/lib/python3.12/site-packages/airflow/example_dags/example_display_name.py for tasks to queue
[2024-11-04T12:53:13.722-0800] {logging_mixin.py:190} INFO - [2024-11-04T12:53:13.722-0800] {dagbag.py:588} INFO - Filling up the DagBag from /opt/anaconda3/lib/python3.12/site-packages/airflow/example_dags/example_display_name.py
[2024-11-04T12:53:13.735-0800] {processor.py:925} INFO - DAG(s) 'example_display_name' retrieved from /opt/anaconda3/lib/python3.12/site-packages/airflow/example_dags/example_display_name.py
[2024-11-04T12:53:13.764-0800] {logging_mixin.py:190} INFO - [2024-11-04T12:53:13.764-0800] {dag.py:3239} INFO - Sync 1 DAGs
[2024-11-04T12:53:13.768-0800] {logging_mixin.py:190} INFO - [2024-11-04T12:53:13.767-0800] {dag.py:4180} INFO - Setting next_dagrun for example_display_name to None, run_after=None
[2024-11-04T12:53:13.773-0800] {processor.py:208} INFO - Processing /opt/anaconda3/lib/python3.12/site-packages/airflow/example_dags/example_display_name.py took 0.053 seconds
[2024-11-04T12:55:49.346-0800] {processor.py:186} INFO - Started process (PID=51322) to work on /opt/anaconda3/lib/python3.12/site-packages/airflow/example_dags/example_display_name.py
[2024-11-04T12:55:49.347-0800] {processor.py:914} INFO - Processing file /opt/anaconda3/lib/python3.12/site-packages/airflow/example_dags/example_display_name.py for tasks to queue
[2024-11-04T12:55:49.348-0800] {logging_mixin.py:190} INFO - [2024-11-04T12:55:49.348-0800] {dagbag.py:588} INFO - Filling up the DagBag from /opt/anaconda3/lib/python3.12/site-packages/airflow/example_dags/example_display_name.py
[2024-11-04T12:55:49.361-0800] {processor.py:925} INFO - DAG(s) 'example_display_name' retrieved from /opt/anaconda3/lib/python3.12/site-packages/airflow/example_dags/example_display_name.py
[2024-11-04T12:55:49.390-0800] {logging_mixin.py:190} INFO - [2024-11-04T12:55:49.390-0800] {dag.py:3239} INFO - Sync 1 DAGs
[2024-11-04T12:55:49.394-0800] {logging_mixin.py:190} INFO - [2024-11-04T12:55:49.394-0800] {dag.py:4180} INFO - Setting next_dagrun for example_display_name to None, run_after=None
[2024-11-04T12:55:49.400-0800] {processor.py:208} INFO - Processing /opt/anaconda3/lib/python3.12/site-packages/airflow/example_dags/example_display_name.py took 0.055 seconds
[2024-11-04T12:58:14.147-0800] {processor.py:186} INFO - Started process (PID=51504) to work on /opt/anaconda3/lib/python3.12/site-packages/airflow/example_dags/example_display_name.py
[2024-11-04T12:58:14.148-0800] {processor.py:914} INFO - Processing file /opt/anaconda3/lib/python3.12/site-packages/airflow/example_dags/example_display_name.py for tasks to queue
[2024-11-04T12:58:14.148-0800] {logging_mixin.py:190} INFO - [2024-11-04T12:58:14.148-0800] {dagbag.py:588} INFO - Filling up the DagBag from /opt/anaconda3/lib/python3.12/site-packages/airflow/example_dags/example_display_name.py
[2024-11-04T12:58:14.162-0800] {processor.py:925} INFO - DAG(s) 'example_display_name' retrieved from /opt/anaconda3/lib/python3.12/site-packages/airflow/example_dags/example_display_name.py
[2024-11-04T12:58:14.191-0800] {logging_mixin.py:190} INFO - [2024-11-04T12:58:14.190-0800] {dag.py:3239} INFO - Sync 1 DAGs
[2024-11-04T12:58:14.194-0800] {logging_mixin.py:190} INFO - [2024-11-04T12:58:14.194-0800] {dag.py:4180} INFO - Setting next_dagrun for example_display_name to None, run_after=None
[2024-11-04T12:58:14.200-0800] {processor.py:208} INFO - Processing /opt/anaconda3/lib/python3.12/site-packages/airflow/example_dags/example_display_name.py took 0.055 seconds
[2024-11-04T13:00:43.400-0800] {processor.py:186} INFO - Started process (PID=51711) to work on /opt/anaconda3/lib/python3.12/site-packages/airflow/example_dags/example_display_name.py
[2024-11-04T13:00:43.401-0800] {processor.py:914} INFO - Processing file /opt/anaconda3/lib/python3.12/site-packages/airflow/example_dags/example_display_name.py for tasks to queue
[2024-11-04T13:00:43.401-0800] {logging_mixin.py:190} INFO - [2024-11-04T13:00:43.401-0800] {dagbag.py:588} INFO - Filling up the DagBag from /opt/anaconda3/lib/python3.12/site-packages/airflow/example_dags/example_display_name.py
[2024-11-04T13:00:43.415-0800] {processor.py:925} INFO - DAG(s) 'example_display_name' retrieved from /opt/anaconda3/lib/python3.12/site-packages/airflow/example_dags/example_display_name.py
[2024-11-04T13:00:43.445-0800] {logging_mixin.py:190} INFO - [2024-11-04T13:00:43.445-0800] {dag.py:3239} INFO - Sync 1 DAGs
[2024-11-04T13:00:43.450-0800] {logging_mixin.py:190} INFO - [2024-11-04T13:00:43.450-0800] {dag.py:4180} INFO - Setting next_dagrun for example_display_name to None, run_after=None
[2024-11-04T13:00:43.456-0800] {processor.py:208} INFO - Processing /opt/anaconda3/lib/python3.12/site-packages/airflow/example_dags/example_display_name.py took 0.058 seconds
[2024-11-04T13:03:14.711-0800] {processor.py:186} INFO - Started process (PID=51883) to work on /opt/anaconda3/lib/python3.12/site-packages/airflow/example_dags/example_display_name.py
[2024-11-04T13:03:14.712-0800] {processor.py:914} INFO - Processing file /opt/anaconda3/lib/python3.12/site-packages/airflow/example_dags/example_display_name.py for tasks to queue
[2024-11-04T13:03:14.713-0800] {logging_mixin.py:190} INFO - [2024-11-04T13:03:14.713-0800] {dagbag.py:588} INFO - Filling up the DagBag from /opt/anaconda3/lib/python3.12/site-packages/airflow/example_dags/example_display_name.py
[2024-11-04T13:03:14.726-0800] {processor.py:925} INFO - DAG(s) 'example_display_name' retrieved from /opt/anaconda3/lib/python3.12/site-packages/airflow/example_dags/example_display_name.py
[2024-11-04T13:03:14.755-0800] {logging_mixin.py:190} INFO - [2024-11-04T13:03:14.755-0800] {dag.py:3239} INFO - Sync 1 DAGs
[2024-11-04T13:03:14.758-0800] {logging_mixin.py:190} INFO - [2024-11-04T13:03:14.758-0800] {dag.py:4180} INFO - Setting next_dagrun for example_display_name to None, run_after=None
[2024-11-04T13:03:14.764-0800] {processor.py:208} INFO - Processing /opt/anaconda3/lib/python3.12/site-packages/airflow/example_dags/example_display_name.py took 0.054 seconds
[2024-11-04T13:05:37.297-0800] {processor.py:186} INFO - Started process (PID=52118) to work on /opt/anaconda3/lib/python3.12/site-packages/airflow/example_dags/example_display_name.py
[2024-11-04T13:05:37.298-0800] {processor.py:914} INFO - Processing file /opt/anaconda3/lib/python3.12/site-packages/airflow/example_dags/example_display_name.py for tasks to queue
[2024-11-04T13:05:37.299-0800] {logging_mixin.py:190} INFO - [2024-11-04T13:05:37.298-0800] {dagbag.py:588} INFO - Filling up the DagBag from /opt/anaconda3/lib/python3.12/site-packages/airflow/example_dags/example_display_name.py
[2024-11-04T13:05:37.312-0800] {processor.py:925} INFO - DAG(s) 'example_display_name' retrieved from /opt/anaconda3/lib/python3.12/site-packages/airflow/example_dags/example_display_name.py
[2024-11-04T13:05:37.341-0800] {logging_mixin.py:190} INFO - [2024-11-04T13:05:37.340-0800] {dag.py:3239} INFO - Sync 1 DAGs
[2024-11-04T13:05:37.344-0800] {logging_mixin.py:190} INFO - [2024-11-04T13:05:37.344-0800] {dag.py:4180} INFO - Setting next_dagrun for example_display_name to None, run_after=None
[2024-11-04T13:05:37.351-0800] {processor.py:208} INFO - Processing /opt/anaconda3/lib/python3.12/site-packages/airflow/example_dags/example_display_name.py took 0.055 seconds
[2024-11-04T13:08:04.802-0800] {processor.py:186} INFO - Started process (PID=52295) to work on /opt/anaconda3/lib/python3.12/site-packages/airflow/example_dags/example_display_name.py
[2024-11-04T13:08:04.803-0800] {processor.py:914} INFO - Processing file /opt/anaconda3/lib/python3.12/site-packages/airflow/example_dags/example_display_name.py for tasks to queue
[2024-11-04T13:08:04.803-0800] {logging_mixin.py:190} INFO - [2024-11-04T13:08:04.803-0800] {dagbag.py:588} INFO - Filling up the DagBag from /opt/anaconda3/lib/python3.12/site-packages/airflow/example_dags/example_display_name.py
[2024-11-04T13:08:04.816-0800] {processor.py:925} INFO - DAG(s) 'example_display_name' retrieved from /opt/anaconda3/lib/python3.12/site-packages/airflow/example_dags/example_display_name.py
[2024-11-04T13:08:04.845-0800] {logging_mixin.py:190} INFO - [2024-11-04T13:08:04.845-0800] {dag.py:3239} INFO - Sync 1 DAGs
[2024-11-04T13:08:04.848-0800] {logging_mixin.py:190} INFO - [2024-11-04T13:08:04.848-0800] {dag.py:4180} INFO - Setting next_dagrun for example_display_name to None, run_after=None
[2024-11-04T13:08:04.854-0800] {processor.py:208} INFO - Processing /opt/anaconda3/lib/python3.12/site-packages/airflow/example_dags/example_display_name.py took 0.053 seconds
[2024-11-04T13:10:24.975-0800] {processor.py:186} INFO - Started process (PID=52488) to work on /opt/anaconda3/lib/python3.12/site-packages/airflow/example_dags/example_display_name.py
[2024-11-04T13:10:24.976-0800] {processor.py:914} INFO - Processing file /opt/anaconda3/lib/python3.12/site-packages/airflow/example_dags/example_display_name.py for tasks to queue
[2024-11-04T13:10:24.976-0800] {logging_mixin.py:190} INFO - [2024-11-04T13:10:24.976-0800] {dagbag.py:588} INFO - Filling up the DagBag from /opt/anaconda3/lib/python3.12/site-packages/airflow/example_dags/example_display_name.py
[2024-11-04T13:10:24.989-0800] {processor.py:925} INFO - DAG(s) 'example_display_name' retrieved from /opt/anaconda3/lib/python3.12/site-packages/airflow/example_dags/example_display_name.py
[2024-11-04T13:10:25.020-0800] {logging_mixin.py:190} INFO - [2024-11-04T13:10:25.020-0800] {dag.py:3239} INFO - Sync 1 DAGs
[2024-11-04T13:10:25.023-0800] {logging_mixin.py:190} INFO - [2024-11-04T13:10:25.023-0800] {dag.py:4180} INFO - Setting next_dagrun for example_display_name to None, run_after=None
[2024-11-04T13:10:25.029-0800] {processor.py:208} INFO - Processing /opt/anaconda3/lib/python3.12/site-packages/airflow/example_dags/example_display_name.py took 0.055 seconds
[2024-11-04T13:12:48.359-0800] {processor.py:186} INFO - Started process (PID=52683) to work on /opt/anaconda3/lib/python3.12/site-packages/airflow/example_dags/example_display_name.py
[2024-11-04T13:12:48.360-0800] {processor.py:914} INFO - Processing file /opt/anaconda3/lib/python3.12/site-packages/airflow/example_dags/example_display_name.py for tasks to queue
[2024-11-04T13:12:48.360-0800] {logging_mixin.py:190} INFO - [2024-11-04T13:12:48.360-0800] {dagbag.py:588} INFO - Filling up the DagBag from /opt/anaconda3/lib/python3.12/site-packages/airflow/example_dags/example_display_name.py
[2024-11-04T13:12:48.373-0800] {processor.py:925} INFO - DAG(s) 'example_display_name' retrieved from /opt/anaconda3/lib/python3.12/site-packages/airflow/example_dags/example_display_name.py
[2024-11-04T13:12:48.402-0800] {logging_mixin.py:190} INFO - [2024-11-04T13:12:48.402-0800] {dag.py:3239} INFO - Sync 1 DAGs
[2024-11-04T13:12:48.405-0800] {logging_mixin.py:190} INFO - [2024-11-04T13:12:48.405-0800] {dag.py:4180} INFO - Setting next_dagrun for example_display_name to None, run_after=None
[2024-11-04T13:12:48.411-0800] {processor.py:208} INFO - Processing /opt/anaconda3/lib/python3.12/site-packages/airflow/example_dags/example_display_name.py took 0.053 seconds
[2024-11-04T13:15:06.510-0800] {processor.py:186} INFO - Started process (PID=52863) to work on /opt/anaconda3/lib/python3.12/site-packages/airflow/example_dags/example_display_name.py
[2024-11-04T13:15:06.511-0800] {processor.py:914} INFO - Processing file /opt/anaconda3/lib/python3.12/site-packages/airflow/example_dags/example_display_name.py for tasks to queue
[2024-11-04T13:15:06.511-0800] {logging_mixin.py:190} INFO - [2024-11-04T13:15:06.511-0800] {dagbag.py:588} INFO - Filling up the DagBag from /opt/anaconda3/lib/python3.12/site-packages/airflow/example_dags/example_display_name.py
[2024-11-04T13:15:06.524-0800] {processor.py:925} INFO - DAG(s) 'example_display_name' retrieved from /opt/anaconda3/lib/python3.12/site-packages/airflow/example_dags/example_display_name.py
[2024-11-04T13:15:06.552-0800] {logging_mixin.py:190} INFO - [2024-11-04T13:15:06.552-0800] {dag.py:3239} INFO - Sync 1 DAGs
[2024-11-04T13:15:06.556-0800] {logging_mixin.py:190} INFO - [2024-11-04T13:15:06.556-0800] {dag.py:4180} INFO - Setting next_dagrun for example_display_name to None, run_after=None
[2024-11-04T13:15:06.561-0800] {processor.py:208} INFO - Processing /opt/anaconda3/lib/python3.12/site-packages/airflow/example_dags/example_display_name.py took 0.052 seconds
[2024-11-04T13:17:30.364-0800] {processor.py:186} INFO - Started process (PID=53032) to work on /opt/anaconda3/lib/python3.12/site-packages/airflow/example_dags/example_display_name.py
[2024-11-04T13:17:30.365-0800] {processor.py:914} INFO - Processing file /opt/anaconda3/lib/python3.12/site-packages/airflow/example_dags/example_display_name.py for tasks to queue
[2024-11-04T13:17:30.365-0800] {logging_mixin.py:190} INFO - [2024-11-04T13:17:30.365-0800] {dagbag.py:588} INFO - Filling up the DagBag from /opt/anaconda3/lib/python3.12/site-packages/airflow/example_dags/example_display_name.py
[2024-11-04T13:17:30.378-0800] {processor.py:925} INFO - DAG(s) 'example_display_name' retrieved from /opt/anaconda3/lib/python3.12/site-packages/airflow/example_dags/example_display_name.py
[2024-11-04T13:17:30.409-0800] {logging_mixin.py:190} INFO - [2024-11-04T13:17:30.409-0800] {dag.py:3239} INFO - Sync 1 DAGs
[2024-11-04T13:17:30.413-0800] {logging_mixin.py:190} INFO - [2024-11-04T13:17:30.413-0800] {dag.py:4180} INFO - Setting next_dagrun for example_display_name to None, run_after=None
[2024-11-04T13:17:30.419-0800] {processor.py:208} INFO - Processing /opt/anaconda3/lib/python3.12/site-packages/airflow/example_dags/example_display_name.py took 0.056 seconds
[2024-11-04T13:19:54.411-0800] {processor.py:186} INFO - Started process (PID=53213) to work on /opt/anaconda3/lib/python3.12/site-packages/airflow/example_dags/example_display_name.py
[2024-11-04T13:19:54.413-0800] {processor.py:914} INFO - Processing file /opt/anaconda3/lib/python3.12/site-packages/airflow/example_dags/example_display_name.py for tasks to queue
[2024-11-04T13:19:54.414-0800] {logging_mixin.py:190} INFO - [2024-11-04T13:19:54.414-0800] {dagbag.py:588} INFO - Filling up the DagBag from /opt/anaconda3/lib/python3.12/site-packages/airflow/example_dags/example_display_name.py
[2024-11-04T13:19:54.427-0800] {processor.py:925} INFO - DAG(s) 'example_display_name' retrieved from /opt/anaconda3/lib/python3.12/site-packages/airflow/example_dags/example_display_name.py
[2024-11-04T13:19:54.455-0800] {logging_mixin.py:190} INFO - [2024-11-04T13:19:54.455-0800] {dag.py:3239} INFO - Sync 1 DAGs
[2024-11-04T13:19:54.459-0800] {logging_mixin.py:190} INFO - [2024-11-04T13:19:54.459-0800] {dag.py:4180} INFO - Setting next_dagrun for example_display_name to None, run_after=None
[2024-11-04T13:19:54.464-0800] {processor.py:208} INFO - Processing /opt/anaconda3/lib/python3.12/site-packages/airflow/example_dags/example_display_name.py took 0.054 seconds
[2024-11-04T13:22:19.508-0800] {processor.py:186} INFO - Started process (PID=53376) to work on /opt/anaconda3/lib/python3.12/site-packages/airflow/example_dags/example_display_name.py
[2024-11-04T13:22:19.509-0800] {processor.py:914} INFO - Processing file /opt/anaconda3/lib/python3.12/site-packages/airflow/example_dags/example_display_name.py for tasks to queue
[2024-11-04T13:22:19.509-0800] {logging_mixin.py:190} INFO - [2024-11-04T13:22:19.509-0800] {dagbag.py:588} INFO - Filling up the DagBag from /opt/anaconda3/lib/python3.12/site-packages/airflow/example_dags/example_display_name.py
[2024-11-04T13:22:19.522-0800] {processor.py:925} INFO - DAG(s) 'example_display_name' retrieved from /opt/anaconda3/lib/python3.12/site-packages/airflow/example_dags/example_display_name.py
[2024-11-04T13:22:19.551-0800] {logging_mixin.py:190} INFO - [2024-11-04T13:22:19.551-0800] {dag.py:3239} INFO - Sync 1 DAGs
[2024-11-04T13:22:19.554-0800] {logging_mixin.py:190} INFO - [2024-11-04T13:22:19.554-0800] {dag.py:4180} INFO - Setting next_dagrun for example_display_name to None, run_after=None
[2024-11-04T13:22:19.559-0800] {processor.py:208} INFO - Processing /opt/anaconda3/lib/python3.12/site-packages/airflow/example_dags/example_display_name.py took 0.052 seconds
[2024-11-04T13:24:41.375-0800] {processor.py:186} INFO - Started process (PID=53559) to work on /opt/anaconda3/lib/python3.12/site-packages/airflow/example_dags/example_display_name.py
[2024-11-04T13:24:41.377-0800] {processor.py:914} INFO - Processing file /opt/anaconda3/lib/python3.12/site-packages/airflow/example_dags/example_display_name.py for tasks to queue
[2024-11-04T13:24:41.377-0800] {logging_mixin.py:190} INFO - [2024-11-04T13:24:41.377-0800] {dagbag.py:588} INFO - Filling up the DagBag from /opt/anaconda3/lib/python3.12/site-packages/airflow/example_dags/example_display_name.py
[2024-11-04T13:24:41.390-0800] {processor.py:925} INFO - DAG(s) 'example_display_name' retrieved from /opt/anaconda3/lib/python3.12/site-packages/airflow/example_dags/example_display_name.py
[2024-11-04T13:24:41.418-0800] {logging_mixin.py:190} INFO - [2024-11-04T13:24:41.418-0800] {dag.py:3239} INFO - Sync 1 DAGs
[2024-11-04T13:24:41.421-0800] {logging_mixin.py:190} INFO - [2024-11-04T13:24:41.421-0800] {dag.py:4180} INFO - Setting next_dagrun for example_display_name to None, run_after=None
[2024-11-04T13:24:41.427-0800] {processor.py:208} INFO - Processing /opt/anaconda3/lib/python3.12/site-packages/airflow/example_dags/example_display_name.py took 0.053 seconds
[2024-11-04T13:27:07.149-0800] {processor.py:186} INFO - Started process (PID=53737) to work on /opt/anaconda3/lib/python3.12/site-packages/airflow/example_dags/example_display_name.py
[2024-11-04T13:27:07.150-0800] {processor.py:914} INFO - Processing file /opt/anaconda3/lib/python3.12/site-packages/airflow/example_dags/example_display_name.py for tasks to queue
[2024-11-04T13:27:07.150-0800] {logging_mixin.py:190} INFO - [2024-11-04T13:27:07.150-0800] {dagbag.py:588} INFO - Filling up the DagBag from /opt/anaconda3/lib/python3.12/site-packages/airflow/example_dags/example_display_name.py
[2024-11-04T13:27:07.167-0800] {processor.py:925} INFO - DAG(s) 'example_display_name' retrieved from /opt/anaconda3/lib/python3.12/site-packages/airflow/example_dags/example_display_name.py
[2024-11-04T13:27:07.195-0800] {logging_mixin.py:190} INFO - [2024-11-04T13:27:07.195-0800] {dag.py:3239} INFO - Sync 1 DAGs
[2024-11-04T13:27:07.199-0800] {logging_mixin.py:190} INFO - [2024-11-04T13:27:07.198-0800] {dag.py:4180} INFO - Setting next_dagrun for example_display_name to None, run_after=None
[2024-11-04T13:27:07.204-0800] {processor.py:208} INFO - Processing /opt/anaconda3/lib/python3.12/site-packages/airflow/example_dags/example_display_name.py took 0.056 seconds
[2024-11-04T13:29:28.493-0800] {processor.py:186} INFO - Started process (PID=53911) to work on /opt/anaconda3/lib/python3.12/site-packages/airflow/example_dags/example_display_name.py
[2024-11-04T13:29:28.494-0800] {processor.py:914} INFO - Processing file /opt/anaconda3/lib/python3.12/site-packages/airflow/example_dags/example_display_name.py for tasks to queue
[2024-11-04T13:29:28.495-0800] {logging_mixin.py:190} INFO - [2024-11-04T13:29:28.494-0800] {dagbag.py:588} INFO - Filling up the DagBag from /opt/anaconda3/lib/python3.12/site-packages/airflow/example_dags/example_display_name.py
[2024-11-04T13:29:28.508-0800] {processor.py:925} INFO - DAG(s) 'example_display_name' retrieved from /opt/anaconda3/lib/python3.12/site-packages/airflow/example_dags/example_display_name.py
[2024-11-04T13:29:28.536-0800] {logging_mixin.py:190} INFO - [2024-11-04T13:29:28.536-0800] {dag.py:3239} INFO - Sync 1 DAGs
[2024-11-04T13:29:28.540-0800] {logging_mixin.py:190} INFO - [2024-11-04T13:29:28.540-0800] {dag.py:4180} INFO - Setting next_dagrun for example_display_name to None, run_after=None
[2024-11-04T13:29:28.546-0800] {processor.py:208} INFO - Processing /opt/anaconda3/lib/python3.12/site-packages/airflow/example_dags/example_display_name.py took 0.054 seconds
[2024-11-04T13:31:53.771-0800] {processor.py:186} INFO - Started process (PID=54087) to work on /opt/anaconda3/lib/python3.12/site-packages/airflow/example_dags/example_display_name.py
[2024-11-04T13:31:53.772-0800] {processor.py:914} INFO - Processing file /opt/anaconda3/lib/python3.12/site-packages/airflow/example_dags/example_display_name.py for tasks to queue
[2024-11-04T13:31:53.773-0800] {logging_mixin.py:190} INFO - [2024-11-04T13:31:53.773-0800] {dagbag.py:588} INFO - Filling up the DagBag from /opt/anaconda3/lib/python3.12/site-packages/airflow/example_dags/example_display_name.py
[2024-11-04T13:31:53.786-0800] {processor.py:925} INFO - DAG(s) 'example_display_name' retrieved from /opt/anaconda3/lib/python3.12/site-packages/airflow/example_dags/example_display_name.py
[2024-11-04T13:31:53.814-0800] {logging_mixin.py:190} INFO - [2024-11-04T13:31:53.814-0800] {dag.py:3239} INFO - Sync 1 DAGs
[2024-11-04T13:31:53.818-0800] {logging_mixin.py:190} INFO - [2024-11-04T13:31:53.818-0800] {dag.py:4180} INFO - Setting next_dagrun for example_display_name to None, run_after=None
[2024-11-04T13:31:53.823-0800] {processor.py:208} INFO - Processing /opt/anaconda3/lib/python3.12/site-packages/airflow/example_dags/example_display_name.py took 0.053 seconds
[2024-11-04T13:34:19.799-0800] {processor.py:186} INFO - Started process (PID=54282) to work on /opt/anaconda3/lib/python3.12/site-packages/airflow/example_dags/example_display_name.py
[2024-11-04T13:34:19.800-0800] {processor.py:914} INFO - Processing file /opt/anaconda3/lib/python3.12/site-packages/airflow/example_dags/example_display_name.py for tasks to queue
[2024-11-04T13:34:19.800-0800] {logging_mixin.py:190} INFO - [2024-11-04T13:34:19.800-0800] {dagbag.py:588} INFO - Filling up the DagBag from /opt/anaconda3/lib/python3.12/site-packages/airflow/example_dags/example_display_name.py
[2024-11-04T13:34:19.813-0800] {processor.py:925} INFO - DAG(s) 'example_display_name' retrieved from /opt/anaconda3/lib/python3.12/site-packages/airflow/example_dags/example_display_name.py
[2024-11-04T13:34:19.842-0800] {logging_mixin.py:190} INFO - [2024-11-04T13:34:19.842-0800] {dag.py:3239} INFO - Sync 1 DAGs
[2024-11-04T13:34:19.845-0800] {logging_mixin.py:190} INFO - [2024-11-04T13:34:19.845-0800] {dag.py:4180} INFO - Setting next_dagrun for example_display_name to None, run_after=None
[2024-11-04T13:34:19.851-0800] {processor.py:208} INFO - Processing /opt/anaconda3/lib/python3.12/site-packages/airflow/example_dags/example_display_name.py took 0.053 seconds
[2024-11-04T13:36:40.986-0800] {processor.py:186} INFO - Started process (PID=54471) to work on /opt/anaconda3/lib/python3.12/site-packages/airflow/example_dags/example_display_name.py
[2024-11-04T13:36:40.987-0800] {processor.py:914} INFO - Processing file /opt/anaconda3/lib/python3.12/site-packages/airflow/example_dags/example_display_name.py for tasks to queue
[2024-11-04T13:36:40.987-0800] {logging_mixin.py:190} INFO - [2024-11-04T13:36:40.987-0800] {dagbag.py:588} INFO - Filling up the DagBag from /opt/anaconda3/lib/python3.12/site-packages/airflow/example_dags/example_display_name.py
[2024-11-04T13:36:41.000-0800] {processor.py:925} INFO - DAG(s) 'example_display_name' retrieved from /opt/anaconda3/lib/python3.12/site-packages/airflow/example_dags/example_display_name.py
[2024-11-04T13:36:41.029-0800] {logging_mixin.py:190} INFO - [2024-11-04T13:36:41.029-0800] {dag.py:3239} INFO - Sync 1 DAGs
[2024-11-04T13:36:41.032-0800] {logging_mixin.py:190} INFO - [2024-11-04T13:36:41.032-0800] {dag.py:4180} INFO - Setting next_dagrun for example_display_name to None, run_after=None
[2024-11-04T13:36:41.038-0800] {processor.py:208} INFO - Processing /opt/anaconda3/lib/python3.12/site-packages/airflow/example_dags/example_display_name.py took 0.052 seconds
[2024-11-04T13:39:02.337-0800] {processor.py:186} INFO - Started process (PID=54657) to work on /opt/anaconda3/lib/python3.12/site-packages/airflow/example_dags/example_display_name.py
[2024-11-04T13:39:02.338-0800] {processor.py:914} INFO - Processing file /opt/anaconda3/lib/python3.12/site-packages/airflow/example_dags/example_display_name.py for tasks to queue
[2024-11-04T13:39:02.338-0800] {logging_mixin.py:190} INFO - [2024-11-04T13:39:02.338-0800] {dagbag.py:588} INFO - Filling up the DagBag from /opt/anaconda3/lib/python3.12/site-packages/airflow/example_dags/example_display_name.py
[2024-11-04T13:39:02.351-0800] {processor.py:925} INFO - DAG(s) 'example_display_name' retrieved from /opt/anaconda3/lib/python3.12/site-packages/airflow/example_dags/example_display_name.py
[2024-11-04T13:39:02.380-0800] {logging_mixin.py:190} INFO - [2024-11-04T13:39:02.379-0800] {dag.py:3239} INFO - Sync 1 DAGs
[2024-11-04T13:39:02.383-0800] {logging_mixin.py:190} INFO - [2024-11-04T13:39:02.383-0800] {dag.py:4180} INFO - Setting next_dagrun for example_display_name to None, run_after=None
[2024-11-04T13:39:02.388-0800] {processor.py:208} INFO - Processing /opt/anaconda3/lib/python3.12/site-packages/airflow/example_dags/example_display_name.py took 0.053 seconds
[2024-11-04T13:41:23.759-0800] {processor.py:186} INFO - Started process (PID=54833) to work on /opt/anaconda3/lib/python3.12/site-packages/airflow/example_dags/example_display_name.py
[2024-11-04T13:41:23.760-0800] {processor.py:914} INFO - Processing file /opt/anaconda3/lib/python3.12/site-packages/airflow/example_dags/example_display_name.py for tasks to queue
[2024-11-04T13:41:23.760-0800] {logging_mixin.py:190} INFO - [2024-11-04T13:41:23.760-0800] {dagbag.py:588} INFO - Filling up the DagBag from /opt/anaconda3/lib/python3.12/site-packages/airflow/example_dags/example_display_name.py
[2024-11-04T13:41:23.773-0800] {processor.py:925} INFO - DAG(s) 'example_display_name' retrieved from /opt/anaconda3/lib/python3.12/site-packages/airflow/example_dags/example_display_name.py
[2024-11-04T13:41:23.801-0800] {logging_mixin.py:190} INFO - [2024-11-04T13:41:23.801-0800] {dag.py:3239} INFO - Sync 1 DAGs
[2024-11-04T13:41:23.805-0800] {logging_mixin.py:190} INFO - [2024-11-04T13:41:23.804-0800] {dag.py:4180} INFO - Setting next_dagrun for example_display_name to None, run_after=None
[2024-11-04T13:41:23.811-0800] {processor.py:208} INFO - Processing /opt/anaconda3/lib/python3.12/site-packages/airflow/example_dags/example_display_name.py took 0.053 seconds
[2024-11-04T13:43:51.072-0800] {processor.py:186} INFO - Started process (PID=55004) to work on /opt/anaconda3/lib/python3.12/site-packages/airflow/example_dags/example_display_name.py
[2024-11-04T13:43:51.073-0800] {processor.py:914} INFO - Processing file /opt/anaconda3/lib/python3.12/site-packages/airflow/example_dags/example_display_name.py for tasks to queue
[2024-11-04T13:43:51.073-0800] {logging_mixin.py:190} INFO - [2024-11-04T13:43:51.073-0800] {dagbag.py:588} INFO - Filling up the DagBag from /opt/anaconda3/lib/python3.12/site-packages/airflow/example_dags/example_display_name.py
[2024-11-04T13:43:51.086-0800] {processor.py:925} INFO - DAG(s) 'example_display_name' retrieved from /opt/anaconda3/lib/python3.12/site-packages/airflow/example_dags/example_display_name.py
[2024-11-04T13:43:51.114-0800] {logging_mixin.py:190} INFO - [2024-11-04T13:43:51.114-0800] {dag.py:3239} INFO - Sync 1 DAGs
[2024-11-04T13:43:51.118-0800] {logging_mixin.py:190} INFO - [2024-11-04T13:43:51.118-0800] {dag.py:4180} INFO - Setting next_dagrun for example_display_name to None, run_after=None
[2024-11-04T13:43:51.123-0800] {processor.py:208} INFO - Processing /opt/anaconda3/lib/python3.12/site-packages/airflow/example_dags/example_display_name.py took 0.052 seconds
[2024-11-04T13:46:16.478-0800] {processor.py:186} INFO - Started process (PID=55176) to work on /opt/anaconda3/lib/python3.12/site-packages/airflow/example_dags/example_display_name.py
[2024-11-04T13:46:16.479-0800] {processor.py:914} INFO - Processing file /opt/anaconda3/lib/python3.12/site-packages/airflow/example_dags/example_display_name.py for tasks to queue
[2024-11-04T13:46:16.479-0800] {logging_mixin.py:190} INFO - [2024-11-04T13:46:16.479-0800] {dagbag.py:588} INFO - Filling up the DagBag from /opt/anaconda3/lib/python3.12/site-packages/airflow/example_dags/example_display_name.py
[2024-11-04T13:46:16.492-0800] {processor.py:925} INFO - DAG(s) 'example_display_name' retrieved from /opt/anaconda3/lib/python3.12/site-packages/airflow/example_dags/example_display_name.py
[2024-11-04T13:46:16.520-0800] {logging_mixin.py:190} INFO - [2024-11-04T13:46:16.520-0800] {dag.py:3239} INFO - Sync 1 DAGs
[2024-11-04T13:46:16.523-0800] {logging_mixin.py:190} INFO - [2024-11-04T13:46:16.523-0800] {dag.py:4180} INFO - Setting next_dagrun for example_display_name to None, run_after=None
[2024-11-04T13:46:16.529-0800] {processor.py:208} INFO - Processing /opt/anaconda3/lib/python3.12/site-packages/airflow/example_dags/example_display_name.py took 0.052 seconds
[2024-11-04T13:48:33.265-0800] {processor.py:186} INFO - Started process (PID=55343) to work on /opt/anaconda3/lib/python3.12/site-packages/airflow/example_dags/example_display_name.py
[2024-11-04T13:48:33.266-0800] {processor.py:914} INFO - Processing file /opt/anaconda3/lib/python3.12/site-packages/airflow/example_dags/example_display_name.py for tasks to queue
[2024-11-04T13:48:33.266-0800] {logging_mixin.py:190} INFO - [2024-11-04T13:48:33.266-0800] {dagbag.py:588} INFO - Filling up the DagBag from /opt/anaconda3/lib/python3.12/site-packages/airflow/example_dags/example_display_name.py
[2024-11-04T13:48:33.279-0800] {processor.py:925} INFO - DAG(s) 'example_display_name' retrieved from /opt/anaconda3/lib/python3.12/site-packages/airflow/example_dags/example_display_name.py
[2024-11-04T13:48:33.307-0800] {logging_mixin.py:190} INFO - [2024-11-04T13:48:33.307-0800] {dag.py:3239} INFO - Sync 1 DAGs
[2024-11-04T13:48:33.310-0800] {logging_mixin.py:190} INFO - [2024-11-04T13:48:33.310-0800] {dag.py:4180} INFO - Setting next_dagrun for example_display_name to None, run_after=None
[2024-11-04T13:48:33.316-0800] {processor.py:208} INFO - Processing /opt/anaconda3/lib/python3.12/site-packages/airflow/example_dags/example_display_name.py took 0.052 seconds
[2024-11-04T13:50:56.934-0800] {processor.py:186} INFO - Started process (PID=55524) to work on /opt/anaconda3/lib/python3.12/site-packages/airflow/example_dags/example_display_name.py
[2024-11-04T13:50:56.937-0800] {processor.py:914} INFO - Processing file /opt/anaconda3/lib/python3.12/site-packages/airflow/example_dags/example_display_name.py for tasks to queue
[2024-11-04T13:50:56.937-0800] {logging_mixin.py:190} INFO - [2024-11-04T13:50:56.937-0800] {dagbag.py:588} INFO - Filling up the DagBag from /opt/anaconda3/lib/python3.12/site-packages/airflow/example_dags/example_display_name.py
[2024-11-04T13:50:56.950-0800] {processor.py:925} INFO - DAG(s) 'example_display_name' retrieved from /opt/anaconda3/lib/python3.12/site-packages/airflow/example_dags/example_display_name.py
[2024-11-04T13:50:56.979-0800] {logging_mixin.py:190} INFO - [2024-11-04T13:50:56.979-0800] {dag.py:3239} INFO - Sync 1 DAGs
[2024-11-04T13:50:56.982-0800] {logging_mixin.py:190} INFO - [2024-11-04T13:50:56.982-0800] {dag.py:4180} INFO - Setting next_dagrun for example_display_name to None, run_after=None
[2024-11-04T13:50:56.988-0800] {processor.py:208} INFO - Processing /opt/anaconda3/lib/python3.12/site-packages/airflow/example_dags/example_display_name.py took 0.054 seconds
[2024-11-04T13:53:27.296-0800] {processor.py:186} INFO - Started process (PID=55698) to work on /opt/anaconda3/lib/python3.12/site-packages/airflow/example_dags/example_display_name.py
[2024-11-04T13:53:27.297-0800] {processor.py:914} INFO - Processing file /opt/anaconda3/lib/python3.12/site-packages/airflow/example_dags/example_display_name.py for tasks to queue
[2024-11-04T13:53:27.297-0800] {logging_mixin.py:190} INFO - [2024-11-04T13:53:27.297-0800] {dagbag.py:588} INFO - Filling up the DagBag from /opt/anaconda3/lib/python3.12/site-packages/airflow/example_dags/example_display_name.py
[2024-11-04T13:53:27.310-0800] {processor.py:925} INFO - DAG(s) 'example_display_name' retrieved from /opt/anaconda3/lib/python3.12/site-packages/airflow/example_dags/example_display_name.py
[2024-11-04T13:53:27.341-0800] {logging_mixin.py:190} INFO - [2024-11-04T13:53:27.341-0800] {dag.py:3239} INFO - Sync 1 DAGs
[2024-11-04T13:53:27.344-0800] {logging_mixin.py:190} INFO - [2024-11-04T13:53:27.344-0800] {dag.py:4180} INFO - Setting next_dagrun for example_display_name to None, run_after=None
[2024-11-04T13:53:27.350-0800] {processor.py:208} INFO - Processing /opt/anaconda3/lib/python3.12/site-packages/airflow/example_dags/example_display_name.py took 0.055 seconds
[2024-11-04T13:55:56.417-0800] {processor.py:186} INFO - Started process (PID=55890) to work on /opt/anaconda3/lib/python3.12/site-packages/airflow/example_dags/example_display_name.py
[2024-11-04T13:55:56.417-0800] {processor.py:914} INFO - Processing file /opt/anaconda3/lib/python3.12/site-packages/airflow/example_dags/example_display_name.py for tasks to queue
[2024-11-04T13:55:56.418-0800] {logging_mixin.py:190} INFO - [2024-11-04T13:55:56.418-0800] {dagbag.py:588} INFO - Filling up the DagBag from /opt/anaconda3/lib/python3.12/site-packages/airflow/example_dags/example_display_name.py
[2024-11-04T13:55:56.434-0800] {processor.py:925} INFO - DAG(s) 'example_display_name' retrieved from /opt/anaconda3/lib/python3.12/site-packages/airflow/example_dags/example_display_name.py
[2024-11-04T13:55:56.463-0800] {logging_mixin.py:190} INFO - [2024-11-04T13:55:56.463-0800] {dag.py:3239} INFO - Sync 1 DAGs
[2024-11-04T13:55:56.468-0800] {logging_mixin.py:190} INFO - [2024-11-04T13:55:56.467-0800] {dag.py:4180} INFO - Setting next_dagrun for example_display_name to None, run_after=None
[2024-11-04T13:55:56.474-0800] {processor.py:208} INFO - Processing /opt/anaconda3/lib/python3.12/site-packages/airflow/example_dags/example_display_name.py took 0.059 seconds
[2024-11-04T13:58:26.110-0800] {processor.py:186} INFO - Started process (PID=56080) to work on /opt/anaconda3/lib/python3.12/site-packages/airflow/example_dags/example_display_name.py
[2024-11-04T13:58:26.111-0800] {processor.py:914} INFO - Processing file /opt/anaconda3/lib/python3.12/site-packages/airflow/example_dags/example_display_name.py for tasks to queue
[2024-11-04T13:58:26.111-0800] {logging_mixin.py:190} INFO - [2024-11-04T13:58:26.111-0800] {dagbag.py:588} INFO - Filling up the DagBag from /opt/anaconda3/lib/python3.12/site-packages/airflow/example_dags/example_display_name.py
[2024-11-04T13:58:26.127-0800] {processor.py:925} INFO - DAG(s) 'example_display_name' retrieved from /opt/anaconda3/lib/python3.12/site-packages/airflow/example_dags/example_display_name.py
[2024-11-04T13:58:26.156-0800] {logging_mixin.py:190} INFO - [2024-11-04T13:58:26.155-0800] {dag.py:3239} INFO - Sync 1 DAGs
[2024-11-04T13:58:26.159-0800] {logging_mixin.py:190} INFO - [2024-11-04T13:58:26.159-0800] {dag.py:4180} INFO - Setting next_dagrun for example_display_name to None, run_after=None
[2024-11-04T13:58:26.164-0800] {processor.py:208} INFO - Processing /opt/anaconda3/lib/python3.12/site-packages/airflow/example_dags/example_display_name.py took 0.055 seconds
[2024-11-04T14:00:52.284-0800] {processor.py:186} INFO - Started process (PID=56272) to work on /opt/anaconda3/lib/python3.12/site-packages/airflow/example_dags/example_display_name.py
[2024-11-04T14:00:52.284-0800] {processor.py:914} INFO - Processing file /opt/anaconda3/lib/python3.12/site-packages/airflow/example_dags/example_display_name.py for tasks to queue
[2024-11-04T14:00:52.285-0800] {logging_mixin.py:190} INFO - [2024-11-04T14:00:52.285-0800] {dagbag.py:588} INFO - Filling up the DagBag from /opt/anaconda3/lib/python3.12/site-packages/airflow/example_dags/example_display_name.py
[2024-11-04T14:00:52.298-0800] {processor.py:925} INFO - DAG(s) 'example_display_name' retrieved from /opt/anaconda3/lib/python3.12/site-packages/airflow/example_dags/example_display_name.py
[2024-11-04T14:00:52.327-0800] {logging_mixin.py:190} INFO - [2024-11-04T14:00:52.326-0800] {dag.py:3239} INFO - Sync 1 DAGs
[2024-11-04T14:00:52.330-0800] {logging_mixin.py:190} INFO - [2024-11-04T14:00:52.330-0800] {dag.py:4180} INFO - Setting next_dagrun for example_display_name to None, run_after=None
[2024-11-04T14:00:52.335-0800] {processor.py:208} INFO - Processing /opt/anaconda3/lib/python3.12/site-packages/airflow/example_dags/example_display_name.py took 0.053 seconds
[2024-11-04T14:03:18.587-0800] {processor.py:186} INFO - Started process (PID=56521) to work on /opt/anaconda3/lib/python3.12/site-packages/airflow/example_dags/example_display_name.py
[2024-11-04T14:03:18.588-0800] {processor.py:914} INFO - Processing file /opt/anaconda3/lib/python3.12/site-packages/airflow/example_dags/example_display_name.py for tasks to queue
[2024-11-04T14:03:18.588-0800] {logging_mixin.py:190} INFO - [2024-11-04T14:03:18.588-0800] {dagbag.py:588} INFO - Filling up the DagBag from /opt/anaconda3/lib/python3.12/site-packages/airflow/example_dags/example_display_name.py
[2024-11-04T14:03:18.602-0800] {processor.py:925} INFO - DAG(s) 'example_display_name' retrieved from /opt/anaconda3/lib/python3.12/site-packages/airflow/example_dags/example_display_name.py
[2024-11-04T14:03:18.631-0800] {logging_mixin.py:190} INFO - [2024-11-04T14:03:18.631-0800] {dag.py:3239} INFO - Sync 1 DAGs
[2024-11-04T14:03:18.635-0800] {logging_mixin.py:190} INFO - [2024-11-04T14:03:18.635-0800] {dag.py:4180} INFO - Setting next_dagrun for example_display_name to None, run_after=None
[2024-11-04T14:03:18.641-0800] {processor.py:208} INFO - Processing /opt/anaconda3/lib/python3.12/site-packages/airflow/example_dags/example_display_name.py took 0.055 seconds
[2024-11-04T14:05:44.326-0800] {processor.py:186} INFO - Started process (PID=56786) to work on /opt/anaconda3/lib/python3.12/site-packages/airflow/example_dags/example_display_name.py
[2024-11-04T14:05:44.327-0800] {processor.py:914} INFO - Processing file /opt/anaconda3/lib/python3.12/site-packages/airflow/example_dags/example_display_name.py for tasks to queue
[2024-11-04T14:05:44.328-0800] {logging_mixin.py:190} INFO - [2024-11-04T14:05:44.328-0800] {dagbag.py:588} INFO - Filling up the DagBag from /opt/anaconda3/lib/python3.12/site-packages/airflow/example_dags/example_display_name.py
[2024-11-04T14:05:44.341-0800] {processor.py:925} INFO - DAG(s) 'example_display_name' retrieved from /opt/anaconda3/lib/python3.12/site-packages/airflow/example_dags/example_display_name.py
[2024-11-04T14:05:44.370-0800] {logging_mixin.py:190} INFO - [2024-11-04T14:05:44.369-0800] {dag.py:3239} INFO - Sync 1 DAGs
[2024-11-04T14:05:44.373-0800] {logging_mixin.py:190} INFO - [2024-11-04T14:05:44.373-0800] {dag.py:4180} INFO - Setting next_dagrun for example_display_name to None, run_after=None
[2024-11-04T14:05:44.378-0800] {processor.py:208} INFO - Processing /opt/anaconda3/lib/python3.12/site-packages/airflow/example_dags/example_display_name.py took 0.053 seconds
[2024-11-04T14:08:07.347-0800] {processor.py:186} INFO - Started process (PID=56997) to work on /opt/anaconda3/lib/python3.12/site-packages/airflow/example_dags/example_display_name.py
[2024-11-04T14:08:07.348-0800] {processor.py:914} INFO - Processing file /opt/anaconda3/lib/python3.12/site-packages/airflow/example_dags/example_display_name.py for tasks to queue
[2024-11-04T14:08:07.348-0800] {logging_mixin.py:190} INFO - [2024-11-04T14:08:07.348-0800] {dagbag.py:588} INFO - Filling up the DagBag from /opt/anaconda3/lib/python3.12/site-packages/airflow/example_dags/example_display_name.py
[2024-11-04T14:08:07.361-0800] {processor.py:925} INFO - DAG(s) 'example_display_name' retrieved from /opt/anaconda3/lib/python3.12/site-packages/airflow/example_dags/example_display_name.py
[2024-11-04T14:08:07.390-0800] {logging_mixin.py:190} INFO - [2024-11-04T14:08:07.390-0800] {dag.py:3239} INFO - Sync 1 DAGs
[2024-11-04T14:08:07.393-0800] {logging_mixin.py:190} INFO - [2024-11-04T14:08:07.393-0800] {dag.py:4180} INFO - Setting next_dagrun for example_display_name to None, run_after=None
[2024-11-04T14:08:07.399-0800] {processor.py:208} INFO - Processing /opt/anaconda3/lib/python3.12/site-packages/airflow/example_dags/example_display_name.py took 0.053 seconds
[2024-11-04T14:10:39.560-0800] {processor.py:186} INFO - Started process (PID=57185) to work on /opt/anaconda3/lib/python3.12/site-packages/airflow/example_dags/example_display_name.py
[2024-11-04T14:10:39.560-0800] {processor.py:914} INFO - Processing file /opt/anaconda3/lib/python3.12/site-packages/airflow/example_dags/example_display_name.py for tasks to queue
[2024-11-04T14:10:39.561-0800] {logging_mixin.py:190} INFO - [2024-11-04T14:10:39.561-0800] {dagbag.py:588} INFO - Filling up the DagBag from /opt/anaconda3/lib/python3.12/site-packages/airflow/example_dags/example_display_name.py
[2024-11-04T14:10:39.578-0800] {processor.py:925} INFO - DAG(s) 'example_display_name' retrieved from /opt/anaconda3/lib/python3.12/site-packages/airflow/example_dags/example_display_name.py
[2024-11-04T14:10:39.646-0800] {logging_mixin.py:190} INFO - [2024-11-04T14:10:39.646-0800] {dag.py:3239} INFO - Sync 1 DAGs
[2024-11-04T14:10:39.650-0800] {logging_mixin.py:190} INFO - [2024-11-04T14:10:39.650-0800] {dag.py:4180} INFO - Setting next_dagrun for example_display_name to None, run_after=None
[2024-11-04T14:10:39.657-0800] {processor.py:208} INFO - Processing /opt/anaconda3/lib/python3.12/site-packages/airflow/example_dags/example_display_name.py took 0.098 seconds
[2024-11-04T14:21:35.881-0800] {processor.py:186} INFO - Started process (PID=57863) to work on /opt/anaconda3/lib/python3.12/site-packages/airflow/example_dags/example_display_name.py
[2024-11-04T14:21:35.882-0800] {processor.py:914} INFO - Processing file /opt/anaconda3/lib/python3.12/site-packages/airflow/example_dags/example_display_name.py for tasks to queue
[2024-11-04T14:21:35.882-0800] {logging_mixin.py:190} INFO - [2024-11-04T14:21:35.882-0800] {dagbag.py:588} INFO - Filling up the DagBag from /opt/anaconda3/lib/python3.12/site-packages/airflow/example_dags/example_display_name.py
[2024-11-04T14:21:35.891-0800] {processor.py:925} INFO - DAG(s) 'example_display_name' retrieved from /opt/anaconda3/lib/python3.12/site-packages/airflow/example_dags/example_display_name.py
[2024-11-04T14:21:35.968-0800] {logging_mixin.py:190} INFO - [2024-11-04T14:21:35.968-0800] {override.py:1907} INFO - Created Permission View: can read on DAG:example_display_name
[2024-11-04T14:21:35.973-0800] {logging_mixin.py:190} INFO - [2024-11-04T14:21:35.972-0800] {override.py:1907} INFO - Created Permission View: can edit on DAG:example_display_name
[2024-11-04T14:21:35.976-0800] {logging_mixin.py:190} INFO - [2024-11-04T14:21:35.975-0800] {override.py:1907} INFO - Created Permission View: can delete on DAG:example_display_name
[2024-11-04T14:21:35.979-0800] {logging_mixin.py:190} INFO - [2024-11-04T14:21:35.979-0800] {override.py:1907} INFO - Created Permission View: can create on DAG Run:example_display_name
[2024-11-04T14:21:35.981-0800] {logging_mixin.py:190} INFO - [2024-11-04T14:21:35.981-0800] {override.py:1907} INFO - Created Permission View: can read on DAG Run:example_display_name
[2024-11-04T14:21:35.984-0800] {logging_mixin.py:190} INFO - [2024-11-04T14:21:35.984-0800] {override.py:1907} INFO - Created Permission View: can delete on DAG Run:example_display_name
[2024-11-04T14:21:35.986-0800] {logging_mixin.py:190} INFO - [2024-11-04T14:21:35.986-0800] {override.py:1907} INFO - Created Permission View: menu access on DAG Run:example_display_name
[2024-11-04T14:21:35.986-0800] {logging_mixin.py:190} INFO - [2024-11-04T14:21:35.986-0800] {dag.py:3239} INFO - Sync 1 DAGs
[2024-11-04T14:21:35.990-0800] {logging_mixin.py:190} INFO - [2024-11-04T14:21:35.989-0800] {dag.py:3262} INFO - Creating ORM DAG for example_display_name
[2024-11-04T14:21:35.990-0800] {logging_mixin.py:190} INFO - [2024-11-04T14:21:35.990-0800] {dag.py:4180} INFO - Setting next_dagrun for example_display_name to None, run_after=None
[2024-11-04T14:21:35.996-0800] {processor.py:208} INFO - Processing /opt/anaconda3/lib/python3.12/site-packages/airflow/example_dags/example_display_name.py took 0.116 seconds
[2024-11-04T14:32:01.434-0800] {processor.py:186} INFO - Started process (PID=58508) to work on /opt/anaconda3/lib/python3.12/site-packages/airflow/example_dags/example_display_name.py
[2024-11-04T14:32:01.434-0800] {processor.py:914} INFO - Processing file /opt/anaconda3/lib/python3.12/site-packages/airflow/example_dags/example_display_name.py for tasks to queue
[2024-11-04T14:32:01.435-0800] {logging_mixin.py:190} INFO - [2024-11-04T14:32:01.435-0800] {dagbag.py:588} INFO - Filling up the DagBag from /opt/anaconda3/lib/python3.12/site-packages/airflow/example_dags/example_display_name.py
[2024-11-04T14:32:01.446-0800] {processor.py:925} INFO - DAG(s) 'example_display_name' retrieved from /opt/anaconda3/lib/python3.12/site-packages/airflow/example_dags/example_display_name.py
[2024-11-04T14:32:01.493-0800] {logging_mixin.py:190} INFO - [2024-11-04T14:32:01.493-0800] {dag.py:3239} INFO - Sync 1 DAGs
[2024-11-04T14:32:01.498-0800] {logging_mixin.py:190} INFO - [2024-11-04T14:32:01.498-0800] {dag.py:4180} INFO - Setting next_dagrun for example_display_name to None, run_after=None
[2024-11-04T14:32:01.509-0800] {processor.py:208} INFO - Processing /opt/anaconda3/lib/python3.12/site-packages/airflow/example_dags/example_display_name.py took 0.077 seconds
[2024-11-04T15:37:39.560-0800] {processor.py:186} INFO - Started process (PID=58742) to work on /opt/anaconda3/lib/python3.12/site-packages/airflow/example_dags/example_display_name.py
[2024-11-04T15:37:39.561-0800] {processor.py:914} INFO - Processing file /opt/anaconda3/lib/python3.12/site-packages/airflow/example_dags/example_display_name.py for tasks to queue
[2024-11-04T15:37:39.562-0800] {logging_mixin.py:190} INFO - [2024-11-04T15:37:39.562-0800] {dagbag.py:588} INFO - Filling up the DagBag from /opt/anaconda3/lib/python3.12/site-packages/airflow/example_dags/example_display_name.py
[2024-11-04T15:37:39.572-0800] {processor.py:925} INFO - DAG(s) 'example_display_name' retrieved from /opt/anaconda3/lib/python3.12/site-packages/airflow/example_dags/example_display_name.py
[2024-11-04T15:37:39.618-0800] {logging_mixin.py:190} INFO - [2024-11-04T15:37:39.618-0800] {dag.py:3239} INFO - Sync 1 DAGs
[2024-11-04T15:37:39.623-0800] {logging_mixin.py:190} INFO - [2024-11-04T15:37:39.623-0800] {dag.py:4180} INFO - Setting next_dagrun for example_display_name to None, run_after=None
[2024-11-04T15:37:39.632-0800] {processor.py:208} INFO - Processing /opt/anaconda3/lib/python3.12/site-packages/airflow/example_dags/example_display_name.py took 0.073 seconds
[2024-11-04T15:38:12.269-0800] {processor.py:186} INFO - Started process (PID=58868) to work on /opt/anaconda3/lib/python3.12/site-packages/airflow/example_dags/example_display_name.py
[2024-11-04T15:38:12.270-0800] {processor.py:914} INFO - Processing file /opt/anaconda3/lib/python3.12/site-packages/airflow/example_dags/example_display_name.py for tasks to queue
[2024-11-04T15:38:12.271-0800] {logging_mixin.py:190} INFO - [2024-11-04T15:38:12.271-0800] {dagbag.py:588} INFO - Filling up the DagBag from /opt/anaconda3/lib/python3.12/site-packages/airflow/example_dags/example_display_name.py
[2024-11-04T15:38:12.281-0800] {processor.py:925} INFO - DAG(s) 'example_display_name' retrieved from /opt/anaconda3/lib/python3.12/site-packages/airflow/example_dags/example_display_name.py
[2024-11-04T15:38:12.329-0800] {logging_mixin.py:190} INFO - [2024-11-04T15:38:12.328-0800] {dag.py:3239} INFO - Sync 1 DAGs
[2024-11-04T15:38:12.333-0800] {logging_mixin.py:190} INFO - [2024-11-04T15:38:12.333-0800] {dag.py:4180} INFO - Setting next_dagrun for example_display_name to None, run_after=None
[2024-11-04T15:38:12.342-0800] {processor.py:208} INFO - Processing /opt/anaconda3/lib/python3.12/site-packages/airflow/example_dags/example_display_name.py took 0.074 seconds
[2024-11-04T15:55:25.194-0800] {processor.py:186} INFO - Started process (PID=58999) to work on /opt/anaconda3/lib/python3.12/site-packages/airflow/example_dags/example_display_name.py
[2024-11-04T15:55:25.194-0800] {processor.py:914} INFO - Processing file /opt/anaconda3/lib/python3.12/site-packages/airflow/example_dags/example_display_name.py for tasks to queue
[2024-11-04T15:55:25.195-0800] {logging_mixin.py:190} INFO - [2024-11-04T15:55:25.195-0800] {dagbag.py:588} INFO - Filling up the DagBag from /opt/anaconda3/lib/python3.12/site-packages/airflow/example_dags/example_display_name.py
[2024-11-04T15:55:25.205-0800] {processor.py:925} INFO - DAG(s) 'example_display_name' retrieved from /opt/anaconda3/lib/python3.12/site-packages/airflow/example_dags/example_display_name.py
[2024-11-04T15:55:25.246-0800] {logging_mixin.py:190} INFO - [2024-11-04T15:55:25.246-0800] {dag.py:3239} INFO - Sync 1 DAGs
[2024-11-04T15:55:25.251-0800] {logging_mixin.py:190} INFO - [2024-11-04T15:55:25.250-0800] {dag.py:4180} INFO - Setting next_dagrun for example_display_name to None, run_after=None
[2024-11-04T15:55:25.259-0800] {processor.py:208} INFO - Processing /opt/anaconda3/lib/python3.12/site-packages/airflow/example_dags/example_display_name.py took 0.070 seconds
