[2024-11-04T12:31:43.667-0800] {processor.py:186} INFO - Started process (PID=49899) to work on /opt/anaconda3/lib/python3.12/site-packages/airflow/example_dags/example_latest_only.py
[2024-11-04T12:31:43.667-0800] {processor.py:914} INFO - Processing file /opt/anaconda3/lib/python3.12/site-packages/airflow/example_dags/example_latest_only.py for tasks to queue
[2024-11-04T12:31:43.667-0800] {logging_mixin.py:190} INFO - [2024-11-04T12:31:43.667-0800] {dagbag.py:588} INFO - Filling up the DagBag from /opt/anaconda3/lib/python3.12/site-packages/airflow/example_dags/example_latest_only.py
[2024-11-04T12:31:43.670-0800] {processor.py:925} INFO - DAG(s) 'latest_only' retrieved from /opt/anaconda3/lib/python3.12/site-packages/airflow/example_dags/example_latest_only.py
[2024-11-04T12:31:43.727-0800] {logging_mixin.py:190} INFO - [2024-11-04T12:31:43.727-0800] {dag.py:3239} INFO - Sync 1 DAGs
[2024-11-04T12:31:43.732-0800] {logging_mixin.py:190} INFO - [2024-11-04T12:31:43.732-0800] {dag.py:4180} INFO - Setting next_dagrun for latest_only to 2024-11-04 16:00:00+00:00, run_after=2024-11-04 20:00:00+00:00
[2024-11-04T12:31:43.738-0800] {processor.py:208} INFO - Processing /opt/anaconda3/lib/python3.12/site-packages/airflow/example_dags/example_latest_only.py took 0.073 seconds
[2024-11-04T12:43:05.044-0800] {processor.py:186} INFO - Started process (PID=50287) to work on /opt/anaconda3/lib/python3.12/site-packages/airflow/example_dags/example_latest_only.py
[2024-11-04T12:43:05.045-0800] {processor.py:914} INFO - Processing file /opt/anaconda3/lib/python3.12/site-packages/airflow/example_dags/example_latest_only.py for tasks to queue
[2024-11-04T12:43:05.046-0800] {logging_mixin.py:190} INFO - [2024-11-04T12:43:05.046-0800] {dagbag.py:588} INFO - Filling up the DagBag from /opt/anaconda3/lib/python3.12/site-packages/airflow/example_dags/example_latest_only.py
[2024-11-04T12:43:05.049-0800] {processor.py:925} INFO - DAG(s) 'latest_only' retrieved from /opt/anaconda3/lib/python3.12/site-packages/airflow/example_dags/example_latest_only.py
[2024-11-04T12:43:05.080-0800] {logging_mixin.py:190} INFO - [2024-11-04T12:43:05.080-0800] {dag.py:3239} INFO - Sync 1 DAGs
[2024-11-04T12:43:05.086-0800] {logging_mixin.py:190} INFO - [2024-11-04T12:43:05.086-0800] {dag.py:4180} INFO - Setting next_dagrun for latest_only to 2024-11-04 16:00:00+00:00, run_after=2024-11-04 20:00:00+00:00
[2024-11-04T12:43:05.092-0800] {processor.py:208} INFO - Processing /opt/anaconda3/lib/python3.12/site-packages/airflow/example_dags/example_latest_only.py took 0.049 seconds
[2024-11-04T12:44:49.176-0800] {processor.py:186} INFO - Started process (PID=50408) to work on /opt/anaconda3/lib/python3.12/site-packages/airflow/example_dags/example_latest_only.py
[2024-11-04T12:44:49.177-0800] {processor.py:914} INFO - Processing file /opt/anaconda3/lib/python3.12/site-packages/airflow/example_dags/example_latest_only.py for tasks to queue
[2024-11-04T12:44:49.178-0800] {logging_mixin.py:190} INFO - [2024-11-04T12:44:49.178-0800] {dagbag.py:588} INFO - Filling up the DagBag from /opt/anaconda3/lib/python3.12/site-packages/airflow/example_dags/example_latest_only.py
[2024-11-04T12:44:49.180-0800] {processor.py:925} INFO - DAG(s) 'latest_only' retrieved from /opt/anaconda3/lib/python3.12/site-packages/airflow/example_dags/example_latest_only.py
[2024-11-04T12:44:49.210-0800] {logging_mixin.py:190} INFO - [2024-11-04T12:44:49.210-0800] {dag.py:3239} INFO - Sync 1 DAGs
[2024-11-04T12:44:49.216-0800] {logging_mixin.py:190} INFO - [2024-11-04T12:44:49.216-0800] {dag.py:4180} INFO - Setting next_dagrun for latest_only to 2024-11-04 16:00:00+00:00, run_after=2024-11-04 20:00:00+00:00
[2024-11-04T12:44:49.221-0800] {processor.py:208} INFO - Processing /opt/anaconda3/lib/python3.12/site-packages/airflow/example_dags/example_latest_only.py took 0.046 seconds
[2024-11-04T12:47:18.430-0800] {processor.py:186} INFO - Started process (PID=50646) to work on /opt/anaconda3/lib/python3.12/site-packages/airflow/example_dags/example_latest_only.py
[2024-11-04T12:47:18.431-0800] {processor.py:914} INFO - Processing file /opt/anaconda3/lib/python3.12/site-packages/airflow/example_dags/example_latest_only.py for tasks to queue
[2024-11-04T12:47:18.431-0800] {logging_mixin.py:190} INFO - [2024-11-04T12:47:18.431-0800] {dagbag.py:588} INFO - Filling up the DagBag from /opt/anaconda3/lib/python3.12/site-packages/airflow/example_dags/example_latest_only.py
[2024-11-04T12:47:18.434-0800] {processor.py:925} INFO - DAG(s) 'latest_only' retrieved from /opt/anaconda3/lib/python3.12/site-packages/airflow/example_dags/example_latest_only.py
[2024-11-04T12:47:18.463-0800] {logging_mixin.py:190} INFO - [2024-11-04T12:47:18.463-0800] {dag.py:3239} INFO - Sync 1 DAGs
[2024-11-04T12:47:18.469-0800] {logging_mixin.py:190} INFO - [2024-11-04T12:47:18.469-0800] {dag.py:4180} INFO - Setting next_dagrun for latest_only to 2024-11-04 16:00:00+00:00, run_after=2024-11-04 20:00:00+00:00
[2024-11-04T12:47:18.474-0800] {processor.py:208} INFO - Processing /opt/anaconda3/lib/python3.12/site-packages/airflow/example_dags/example_latest_only.py took 0.046 seconds
[2024-11-04T12:49:48.413-0800] {processor.py:186} INFO - Started process (PID=50855) to work on /opt/anaconda3/lib/python3.12/site-packages/airflow/example_dags/example_latest_only.py
[2024-11-04T12:49:48.414-0800] {processor.py:914} INFO - Processing file /opt/anaconda3/lib/python3.12/site-packages/airflow/example_dags/example_latest_only.py for tasks to queue
[2024-11-04T12:49:48.414-0800] {logging_mixin.py:190} INFO - [2024-11-04T12:49:48.414-0800] {dagbag.py:588} INFO - Filling up the DagBag from /opt/anaconda3/lib/python3.12/site-packages/airflow/example_dags/example_latest_only.py
[2024-11-04T12:49:48.420-0800] {processor.py:925} INFO - DAG(s) 'latest_only' retrieved from /opt/anaconda3/lib/python3.12/site-packages/airflow/example_dags/example_latest_only.py
[2024-11-04T12:49:48.464-0800] {logging_mixin.py:190} INFO - [2024-11-04T12:49:48.464-0800] {dag.py:3239} INFO - Sync 1 DAGs
[2024-11-04T12:49:48.471-0800] {logging_mixin.py:190} INFO - [2024-11-04T12:49:48.471-0800] {dag.py:4180} INFO - Setting next_dagrun for latest_only to 2024-11-04 16:00:00+00:00, run_after=2024-11-04 20:00:00+00:00
[2024-11-04T12:49:48.478-0800] {processor.py:208} INFO - Processing /opt/anaconda3/lib/python3.12/site-packages/airflow/example_dags/example_latest_only.py took 0.066 seconds
[2024-11-04T12:52:15.955-0800] {processor.py:186} INFO - Started process (PID=51068) to work on /opt/anaconda3/lib/python3.12/site-packages/airflow/example_dags/example_latest_only.py
[2024-11-04T12:52:15.956-0800] {processor.py:914} INFO - Processing file /opt/anaconda3/lib/python3.12/site-packages/airflow/example_dags/example_latest_only.py for tasks to queue
[2024-11-04T12:52:15.956-0800] {logging_mixin.py:190} INFO - [2024-11-04T12:52:15.956-0800] {dagbag.py:588} INFO - Filling up the DagBag from /opt/anaconda3/lib/python3.12/site-packages/airflow/example_dags/example_latest_only.py
[2024-11-04T12:52:15.959-0800] {processor.py:925} INFO - DAG(s) 'latest_only' retrieved from /opt/anaconda3/lib/python3.12/site-packages/airflow/example_dags/example_latest_only.py
[2024-11-04T12:52:15.988-0800] {logging_mixin.py:190} INFO - [2024-11-04T12:52:15.988-0800] {dag.py:3239} INFO - Sync 1 DAGs
[2024-11-04T12:52:15.994-0800] {logging_mixin.py:190} INFO - [2024-11-04T12:52:15.994-0800] {dag.py:4180} INFO - Setting next_dagrun for latest_only to 2024-11-04 16:00:00+00:00, run_after=2024-11-04 20:00:00+00:00
[2024-11-04T12:52:16.000-0800] {processor.py:208} INFO - Processing /opt/anaconda3/lib/python3.12/site-packages/airflow/example_dags/example_latest_only.py took 0.046 seconds
[2024-11-04T12:54:51.261-0800] {processor.py:186} INFO - Started process (PID=51258) to work on /opt/anaconda3/lib/python3.12/site-packages/airflow/example_dags/example_latest_only.py
[2024-11-04T12:54:51.261-0800] {processor.py:914} INFO - Processing file /opt/anaconda3/lib/python3.12/site-packages/airflow/example_dags/example_latest_only.py for tasks to queue
[2024-11-04T12:54:51.262-0800] {logging_mixin.py:190} INFO - [2024-11-04T12:54:51.262-0800] {dagbag.py:588} INFO - Filling up the DagBag from /opt/anaconda3/lib/python3.12/site-packages/airflow/example_dags/example_latest_only.py
[2024-11-04T12:54:51.265-0800] {processor.py:925} INFO - DAG(s) 'latest_only' retrieved from /opt/anaconda3/lib/python3.12/site-packages/airflow/example_dags/example_latest_only.py
[2024-11-04T12:54:51.300-0800] {logging_mixin.py:190} INFO - [2024-11-04T12:54:51.300-0800] {dag.py:3239} INFO - Sync 1 DAGs
[2024-11-04T12:54:51.308-0800] {logging_mixin.py:190} INFO - [2024-11-04T12:54:51.308-0800] {dag.py:4180} INFO - Setting next_dagrun for latest_only to 2024-11-04 16:00:00+00:00, run_after=2024-11-04 20:00:00+00:00
[2024-11-04T12:54:51.314-0800] {processor.py:208} INFO - Processing /opt/anaconda3/lib/python3.12/site-packages/airflow/example_dags/example_latest_only.py took 0.055 seconds
[2024-11-04T12:57:22.307-0800] {processor.py:186} INFO - Started process (PID=51438) to work on /opt/anaconda3/lib/python3.12/site-packages/airflow/example_dags/example_latest_only.py
[2024-11-04T12:57:22.309-0800] {processor.py:914} INFO - Processing file /opt/anaconda3/lib/python3.12/site-packages/airflow/example_dags/example_latest_only.py for tasks to queue
[2024-11-04T12:57:22.310-0800] {logging_mixin.py:190} INFO - [2024-11-04T12:57:22.310-0800] {dagbag.py:588} INFO - Filling up the DagBag from /opt/anaconda3/lib/python3.12/site-packages/airflow/example_dags/example_latest_only.py
[2024-11-04T12:57:22.312-0800] {processor.py:925} INFO - DAG(s) 'latest_only' retrieved from /opt/anaconda3/lib/python3.12/site-packages/airflow/example_dags/example_latest_only.py
[2024-11-04T12:57:22.342-0800] {logging_mixin.py:190} INFO - [2024-11-04T12:57:22.342-0800] {dag.py:3239} INFO - Sync 1 DAGs
[2024-11-04T12:57:22.348-0800] {logging_mixin.py:190} INFO - [2024-11-04T12:57:22.348-0800] {dag.py:4180} INFO - Setting next_dagrun for latest_only to 2024-11-04 16:00:00+00:00, run_after=2024-11-04 20:00:00+00:00
[2024-11-04T12:57:22.354-0800] {processor.py:208} INFO - Processing /opt/anaconda3/lib/python3.12/site-packages/airflow/example_dags/example_latest_only.py took 0.048 seconds
[2024-11-04T12:59:45.079-0800] {processor.py:186} INFO - Started process (PID=51630) to work on /opt/anaconda3/lib/python3.12/site-packages/airflow/example_dags/example_latest_only.py
[2024-11-04T12:59:45.079-0800] {processor.py:914} INFO - Processing file /opt/anaconda3/lib/python3.12/site-packages/airflow/example_dags/example_latest_only.py for tasks to queue
[2024-11-04T12:59:45.080-0800] {logging_mixin.py:190} INFO - [2024-11-04T12:59:45.079-0800] {dagbag.py:588} INFO - Filling up the DagBag from /opt/anaconda3/lib/python3.12/site-packages/airflow/example_dags/example_latest_only.py
[2024-11-04T12:59:45.082-0800] {processor.py:925} INFO - DAG(s) 'latest_only' retrieved from /opt/anaconda3/lib/python3.12/site-packages/airflow/example_dags/example_latest_only.py
[2024-11-04T12:59:45.112-0800] {logging_mixin.py:190} INFO - [2024-11-04T12:59:45.112-0800] {dag.py:3239} INFO - Sync 1 DAGs
[2024-11-04T12:59:45.118-0800] {logging_mixin.py:190} INFO - [2024-11-04T12:59:45.118-0800] {dag.py:4180} INFO - Setting next_dagrun for latest_only to 2024-11-04 16:00:00+00:00, run_after=2024-11-04 20:00:00+00:00
[2024-11-04T12:59:45.123-0800] {processor.py:208} INFO - Processing /opt/anaconda3/lib/python3.12/site-packages/airflow/example_dags/example_latest_only.py took 0.046 seconds
[2024-11-04T13:02:17.675-0800] {processor.py:186} INFO - Started process (PID=51815) to work on /opt/anaconda3/lib/python3.12/site-packages/airflow/example_dags/example_latest_only.py
[2024-11-04T13:02:17.676-0800] {processor.py:914} INFO - Processing file /opt/anaconda3/lib/python3.12/site-packages/airflow/example_dags/example_latest_only.py for tasks to queue
[2024-11-04T13:02:17.676-0800] {logging_mixin.py:190} INFO - [2024-11-04T13:02:17.676-0800] {dagbag.py:588} INFO - Filling up the DagBag from /opt/anaconda3/lib/python3.12/site-packages/airflow/example_dags/example_latest_only.py
[2024-11-04T13:02:17.679-0800] {processor.py:925} INFO - DAG(s) 'latest_only' retrieved from /opt/anaconda3/lib/python3.12/site-packages/airflow/example_dags/example_latest_only.py
[2024-11-04T13:02:17.709-0800] {logging_mixin.py:190} INFO - [2024-11-04T13:02:17.709-0800] {dag.py:3239} INFO - Sync 1 DAGs
[2024-11-04T13:02:17.715-0800] {logging_mixin.py:190} INFO - [2024-11-04T13:02:17.715-0800] {dag.py:4180} INFO - Setting next_dagrun for latest_only to 2024-11-04 16:00:00+00:00, run_after=2024-11-04 20:00:00+00:00
[2024-11-04T13:02:17.720-0800] {processor.py:208} INFO - Processing /opt/anaconda3/lib/python3.12/site-packages/airflow/example_dags/example_latest_only.py took 0.047 seconds
[2024-11-04T13:04:44.653-0800] {processor.py:186} INFO - Started process (PID=52019) to work on /opt/anaconda3/lib/python3.12/site-packages/airflow/example_dags/example_latest_only.py
[2024-11-04T13:04:44.654-0800] {processor.py:914} INFO - Processing file /opt/anaconda3/lib/python3.12/site-packages/airflow/example_dags/example_latest_only.py for tasks to queue
[2024-11-04T13:04:44.654-0800] {logging_mixin.py:190} INFO - [2024-11-04T13:04:44.654-0800] {dagbag.py:588} INFO - Filling up the DagBag from /opt/anaconda3/lib/python3.12/site-packages/airflow/example_dags/example_latest_only.py
[2024-11-04T13:04:44.657-0800] {processor.py:925} INFO - DAG(s) 'latest_only' retrieved from /opt/anaconda3/lib/python3.12/site-packages/airflow/example_dags/example_latest_only.py
[2024-11-04T13:04:44.687-0800] {logging_mixin.py:190} INFO - [2024-11-04T13:04:44.687-0800] {dag.py:3239} INFO - Sync 1 DAGs
[2024-11-04T13:04:44.693-0800] {logging_mixin.py:190} INFO - [2024-11-04T13:04:44.693-0800] {dag.py:4180} INFO - Setting next_dagrun for latest_only to 2024-11-04 16:00:00+00:00, run_after=2024-11-04 20:00:00+00:00
[2024-11-04T13:04:44.699-0800] {processor.py:208} INFO - Processing /opt/anaconda3/lib/python3.12/site-packages/airflow/example_dags/example_latest_only.py took 0.047 seconds
[2024-11-04T13:07:09.321-0800] {processor.py:186} INFO - Started process (PID=52222) to work on /opt/anaconda3/lib/python3.12/site-packages/airflow/example_dags/example_latest_only.py
[2024-11-04T13:07:09.322-0800] {processor.py:914} INFO - Processing file /opt/anaconda3/lib/python3.12/site-packages/airflow/example_dags/example_latest_only.py for tasks to queue
[2024-11-04T13:07:09.322-0800] {logging_mixin.py:190} INFO - [2024-11-04T13:07:09.322-0800] {dagbag.py:588} INFO - Filling up the DagBag from /opt/anaconda3/lib/python3.12/site-packages/airflow/example_dags/example_latest_only.py
[2024-11-04T13:07:09.325-0800] {processor.py:925} INFO - DAG(s) 'latest_only' retrieved from /opt/anaconda3/lib/python3.12/site-packages/airflow/example_dags/example_latest_only.py
[2024-11-04T13:07:09.365-0800] {logging_mixin.py:190} INFO - [2024-11-04T13:07:09.365-0800] {dag.py:3239} INFO - Sync 1 DAGs
[2024-11-04T13:07:09.371-0800] {logging_mixin.py:190} INFO - [2024-11-04T13:07:09.371-0800] {dag.py:4180} INFO - Setting next_dagrun for latest_only to 2024-11-04 16:00:00+00:00, run_after=2024-11-04 20:00:00+00:00
[2024-11-04T13:07:09.377-0800] {processor.py:208} INFO - Processing /opt/anaconda3/lib/python3.12/site-packages/airflow/example_dags/example_latest_only.py took 0.057 seconds
[2024-11-04T13:09:33.708-0800] {processor.py:186} INFO - Started process (PID=52416) to work on /opt/anaconda3/lib/python3.12/site-packages/airflow/example_dags/example_latest_only.py
[2024-11-04T13:09:33.708-0800] {processor.py:914} INFO - Processing file /opt/anaconda3/lib/python3.12/site-packages/airflow/example_dags/example_latest_only.py for tasks to queue
[2024-11-04T13:09:33.709-0800] {logging_mixin.py:190} INFO - [2024-11-04T13:09:33.709-0800] {dagbag.py:588} INFO - Filling up the DagBag from /opt/anaconda3/lib/python3.12/site-packages/airflow/example_dags/example_latest_only.py
[2024-11-04T13:09:33.712-0800] {processor.py:925} INFO - DAG(s) 'latest_only' retrieved from /opt/anaconda3/lib/python3.12/site-packages/airflow/example_dags/example_latest_only.py
[2024-11-04T13:09:33.741-0800] {logging_mixin.py:190} INFO - [2024-11-04T13:09:33.741-0800] {dag.py:3239} INFO - Sync 1 DAGs
[2024-11-04T13:09:33.747-0800] {logging_mixin.py:190} INFO - [2024-11-04T13:09:33.747-0800] {dag.py:4180} INFO - Setting next_dagrun for latest_only to 2024-11-04 16:00:00+00:00, run_after=2024-11-04 20:00:00+00:00
[2024-11-04T13:09:33.753-0800] {processor.py:208} INFO - Processing /opt/anaconda3/lib/python3.12/site-packages/airflow/example_dags/example_latest_only.py took 0.046 seconds
[2024-11-04T13:11:55.432-0800] {processor.py:186} INFO - Started process (PID=52619) to work on /opt/anaconda3/lib/python3.12/site-packages/airflow/example_dags/example_latest_only.py
[2024-11-04T13:11:55.433-0800] {processor.py:914} INFO - Processing file /opt/anaconda3/lib/python3.12/site-packages/airflow/example_dags/example_latest_only.py for tasks to queue
[2024-11-04T13:11:55.433-0800] {logging_mixin.py:190} INFO - [2024-11-04T13:11:55.433-0800] {dagbag.py:588} INFO - Filling up the DagBag from /opt/anaconda3/lib/python3.12/site-packages/airflow/example_dags/example_latest_only.py
[2024-11-04T13:11:55.436-0800] {processor.py:925} INFO - DAG(s) 'latest_only' retrieved from /opt/anaconda3/lib/python3.12/site-packages/airflow/example_dags/example_latest_only.py
[2024-11-04T13:11:55.465-0800] {logging_mixin.py:190} INFO - [2024-11-04T13:11:55.465-0800] {dag.py:3239} INFO - Sync 1 DAGs
[2024-11-04T13:11:55.471-0800] {logging_mixin.py:190} INFO - [2024-11-04T13:11:55.471-0800] {dag.py:4180} INFO - Setting next_dagrun for latest_only to 2024-11-04 16:00:00+00:00, run_after=2024-11-04 20:00:00+00:00
[2024-11-04T13:11:55.476-0800] {processor.py:208} INFO - Processing /opt/anaconda3/lib/python3.12/site-packages/airflow/example_dags/example_latest_only.py took 0.045 seconds
[2024-11-04T13:14:16.845-0800] {processor.py:186} INFO - Started process (PID=52802) to work on /opt/anaconda3/lib/python3.12/site-packages/airflow/example_dags/example_latest_only.py
[2024-11-04T13:14:16.846-0800] {processor.py:914} INFO - Processing file /opt/anaconda3/lib/python3.12/site-packages/airflow/example_dags/example_latest_only.py for tasks to queue
[2024-11-04T13:14:16.846-0800] {logging_mixin.py:190} INFO - [2024-11-04T13:14:16.846-0800] {dagbag.py:588} INFO - Filling up the DagBag from /opt/anaconda3/lib/python3.12/site-packages/airflow/example_dags/example_latest_only.py
[2024-11-04T13:14:16.849-0800] {processor.py:925} INFO - DAG(s) 'latest_only' retrieved from /opt/anaconda3/lib/python3.12/site-packages/airflow/example_dags/example_latest_only.py
[2024-11-04T13:14:16.878-0800] {logging_mixin.py:190} INFO - [2024-11-04T13:14:16.878-0800] {dag.py:3239} INFO - Sync 1 DAGs
[2024-11-04T13:14:16.884-0800] {logging_mixin.py:190} INFO - [2024-11-04T13:14:16.884-0800] {dag.py:4180} INFO - Setting next_dagrun for latest_only to 2024-11-04 16:00:00+00:00, run_after=2024-11-04 20:00:00+00:00
[2024-11-04T13:14:16.889-0800] {processor.py:208} INFO - Processing /opt/anaconda3/lib/python3.12/site-packages/airflow/example_dags/example_latest_only.py took 0.045 seconds
[2024-11-04T13:16:34.803-0800] {processor.py:186} INFO - Started process (PID=52971) to work on /opt/anaconda3/lib/python3.12/site-packages/airflow/example_dags/example_latest_only.py
[2024-11-04T13:16:34.804-0800] {processor.py:914} INFO - Processing file /opt/anaconda3/lib/python3.12/site-packages/airflow/example_dags/example_latest_only.py for tasks to queue
[2024-11-04T13:16:34.804-0800] {logging_mixin.py:190} INFO - [2024-11-04T13:16:34.804-0800] {dagbag.py:588} INFO - Filling up the DagBag from /opt/anaconda3/lib/python3.12/site-packages/airflow/example_dags/example_latest_only.py
[2024-11-04T13:16:34.807-0800] {processor.py:925} INFO - DAG(s) 'latest_only' retrieved from /opt/anaconda3/lib/python3.12/site-packages/airflow/example_dags/example_latest_only.py
[2024-11-04T13:16:34.837-0800] {logging_mixin.py:190} INFO - [2024-11-04T13:16:34.837-0800] {dag.py:3239} INFO - Sync 1 DAGs
[2024-11-04T13:16:34.843-0800] {logging_mixin.py:190} INFO - [2024-11-04T13:16:34.843-0800] {dag.py:4180} INFO - Setting next_dagrun for latest_only to 2024-11-04 16:00:00+00:00, run_after=2024-11-04 20:00:00+00:00
[2024-11-04T13:16:34.848-0800] {processor.py:208} INFO - Processing /opt/anaconda3/lib/python3.12/site-packages/airflow/example_dags/example_latest_only.py took 0.046 seconds
[2024-11-04T13:18:59.420-0800] {processor.py:186} INFO - Started process (PID=53150) to work on /opt/anaconda3/lib/python3.12/site-packages/airflow/example_dags/example_latest_only.py
[2024-11-04T13:18:59.420-0800] {processor.py:914} INFO - Processing file /opt/anaconda3/lib/python3.12/site-packages/airflow/example_dags/example_latest_only.py for tasks to queue
[2024-11-04T13:18:59.420-0800] {logging_mixin.py:190} INFO - [2024-11-04T13:18:59.420-0800] {dagbag.py:588} INFO - Filling up the DagBag from /opt/anaconda3/lib/python3.12/site-packages/airflow/example_dags/example_latest_only.py
[2024-11-04T13:18:59.423-0800] {processor.py:925} INFO - DAG(s) 'latest_only' retrieved from /opt/anaconda3/lib/python3.12/site-packages/airflow/example_dags/example_latest_only.py
[2024-11-04T13:18:59.454-0800] {logging_mixin.py:190} INFO - [2024-11-04T13:18:59.454-0800] {dag.py:3239} INFO - Sync 1 DAGs
[2024-11-04T13:18:59.462-0800] {logging_mixin.py:190} INFO - [2024-11-04T13:18:59.462-0800] {dag.py:4180} INFO - Setting next_dagrun for latest_only to 2024-11-04 16:00:00+00:00, run_after=2024-11-04 20:00:00+00:00
[2024-11-04T13:18:59.469-0800] {processor.py:208} INFO - Processing /opt/anaconda3/lib/python3.12/site-packages/airflow/example_dags/example_latest_only.py took 0.051 seconds
[2024-11-04T13:21:25.230-0800] {processor.py:186} INFO - Started process (PID=53315) to work on /opt/anaconda3/lib/python3.12/site-packages/airflow/example_dags/example_latest_only.py
[2024-11-04T13:21:25.231-0800] {processor.py:914} INFO - Processing file /opt/anaconda3/lib/python3.12/site-packages/airflow/example_dags/example_latest_only.py for tasks to queue
[2024-11-04T13:21:25.231-0800] {logging_mixin.py:190} INFO - [2024-11-04T13:21:25.231-0800] {dagbag.py:588} INFO - Filling up the DagBag from /opt/anaconda3/lib/python3.12/site-packages/airflow/example_dags/example_latest_only.py
[2024-11-04T13:21:25.234-0800] {processor.py:925} INFO - DAG(s) 'latest_only' retrieved from /opt/anaconda3/lib/python3.12/site-packages/airflow/example_dags/example_latest_only.py
[2024-11-04T13:21:25.264-0800] {logging_mixin.py:190} INFO - [2024-11-04T13:21:25.264-0800] {dag.py:3239} INFO - Sync 1 DAGs
[2024-11-04T13:21:25.270-0800] {logging_mixin.py:190} INFO - [2024-11-04T13:21:25.270-0800] {dag.py:4180} INFO - Setting next_dagrun for latest_only to 2024-11-04 16:00:00+00:00, run_after=2024-11-04 20:00:00+00:00
[2024-11-04T13:21:25.276-0800] {processor.py:208} INFO - Processing /opt/anaconda3/lib/python3.12/site-packages/airflow/example_dags/example_latest_only.py took 0.046 seconds
[2024-11-04T13:23:49.577-0800] {processor.py:186} INFO - Started process (PID=53480) to work on /opt/anaconda3/lib/python3.12/site-packages/airflow/example_dags/example_latest_only.py
[2024-11-04T13:23:49.578-0800] {processor.py:914} INFO - Processing file /opt/anaconda3/lib/python3.12/site-packages/airflow/example_dags/example_latest_only.py for tasks to queue
[2024-11-04T13:23:49.578-0800] {logging_mixin.py:190} INFO - [2024-11-04T13:23:49.578-0800] {dagbag.py:588} INFO - Filling up the DagBag from /opt/anaconda3/lib/python3.12/site-packages/airflow/example_dags/example_latest_only.py
[2024-11-04T13:23:49.581-0800] {processor.py:925} INFO - DAG(s) 'latest_only' retrieved from /opt/anaconda3/lib/python3.12/site-packages/airflow/example_dags/example_latest_only.py
[2024-11-04T13:23:49.611-0800] {logging_mixin.py:190} INFO - [2024-11-04T13:23:49.611-0800] {dag.py:3239} INFO - Sync 1 DAGs
[2024-11-04T13:23:49.617-0800] {logging_mixin.py:190} INFO - [2024-11-04T13:23:49.616-0800] {dag.py:4180} INFO - Setting next_dagrun for latest_only to 2024-11-04 16:00:00+00:00, run_after=2024-11-04 20:00:00+00:00
[2024-11-04T13:23:49.622-0800] {processor.py:208} INFO - Processing /opt/anaconda3/lib/python3.12/site-packages/airflow/example_dags/example_latest_only.py took 0.046 seconds
[2024-11-04T13:26:10.331-0800] {processor.py:186} INFO - Started process (PID=53669) to work on /opt/anaconda3/lib/python3.12/site-packages/airflow/example_dags/example_latest_only.py
[2024-11-04T13:26:10.331-0800] {processor.py:914} INFO - Processing file /opt/anaconda3/lib/python3.12/site-packages/airflow/example_dags/example_latest_only.py for tasks to queue
[2024-11-04T13:26:10.332-0800] {logging_mixin.py:190} INFO - [2024-11-04T13:26:10.332-0800] {dagbag.py:588} INFO - Filling up the DagBag from /opt/anaconda3/lib/python3.12/site-packages/airflow/example_dags/example_latest_only.py
[2024-11-04T13:26:10.334-0800] {processor.py:925} INFO - DAG(s) 'latest_only' retrieved from /opt/anaconda3/lib/python3.12/site-packages/airflow/example_dags/example_latest_only.py
[2024-11-04T13:26:10.365-0800] {logging_mixin.py:190} INFO - [2024-11-04T13:26:10.365-0800] {dag.py:3239} INFO - Sync 1 DAGs
[2024-11-04T13:26:10.371-0800] {logging_mixin.py:190} INFO - [2024-11-04T13:26:10.371-0800] {dag.py:4180} INFO - Setting next_dagrun for latest_only to 2024-11-04 16:00:00+00:00, run_after=2024-11-04 20:00:00+00:00
[2024-11-04T13:26:10.377-0800] {processor.py:208} INFO - Processing /opt/anaconda3/lib/python3.12/site-packages/airflow/example_dags/example_latest_only.py took 0.047 seconds
[2024-11-04T13:28:35.400-0800] {processor.py:186} INFO - Started process (PID=53846) to work on /opt/anaconda3/lib/python3.12/site-packages/airflow/example_dags/example_latest_only.py
[2024-11-04T13:28:35.400-0800] {processor.py:914} INFO - Processing file /opt/anaconda3/lib/python3.12/site-packages/airflow/example_dags/example_latest_only.py for tasks to queue
[2024-11-04T13:28:35.401-0800] {logging_mixin.py:190} INFO - [2024-11-04T13:28:35.400-0800] {dagbag.py:588} INFO - Filling up the DagBag from /opt/anaconda3/lib/python3.12/site-packages/airflow/example_dags/example_latest_only.py
[2024-11-04T13:28:35.403-0800] {processor.py:925} INFO - DAG(s) 'latest_only' retrieved from /opt/anaconda3/lib/python3.12/site-packages/airflow/example_dags/example_latest_only.py
[2024-11-04T13:28:35.433-0800] {logging_mixin.py:190} INFO - [2024-11-04T13:28:35.433-0800] {dag.py:3239} INFO - Sync 1 DAGs
[2024-11-04T13:28:35.439-0800] {logging_mixin.py:190} INFO - [2024-11-04T13:28:35.439-0800] {dag.py:4180} INFO - Setting next_dagrun for latest_only to 2024-11-04 16:00:00+00:00, run_after=2024-11-04 20:00:00+00:00
[2024-11-04T13:28:35.445-0800] {processor.py:208} INFO - Processing /opt/anaconda3/lib/python3.12/site-packages/airflow/example_dags/example_latest_only.py took 0.047 seconds
[2024-11-04T13:30:57.596-0800] {processor.py:186} INFO - Started process (PID=54022) to work on /opt/anaconda3/lib/python3.12/site-packages/airflow/example_dags/example_latest_only.py
[2024-11-04T13:30:57.597-0800] {processor.py:914} INFO - Processing file /opt/anaconda3/lib/python3.12/site-packages/airflow/example_dags/example_latest_only.py for tasks to queue
[2024-11-04T13:30:57.597-0800] {logging_mixin.py:190} INFO - [2024-11-04T13:30:57.597-0800] {dagbag.py:588} INFO - Filling up the DagBag from /opt/anaconda3/lib/python3.12/site-packages/airflow/example_dags/example_latest_only.py
[2024-11-04T13:30:57.600-0800] {processor.py:925} INFO - DAG(s) 'latest_only' retrieved from /opt/anaconda3/lib/python3.12/site-packages/airflow/example_dags/example_latest_only.py
[2024-11-04T13:30:57.632-0800] {logging_mixin.py:190} INFO - [2024-11-04T13:30:57.632-0800] {dag.py:3239} INFO - Sync 1 DAGs
[2024-11-04T13:30:57.638-0800] {logging_mixin.py:190} INFO - [2024-11-04T13:30:57.638-0800] {dag.py:4180} INFO - Setting next_dagrun for latest_only to 2024-11-04 16:00:00+00:00, run_after=2024-11-04 20:00:00+00:00
[2024-11-04T13:30:57.643-0800] {processor.py:208} INFO - Processing /opt/anaconda3/lib/python3.12/site-packages/airflow/example_dags/example_latest_only.py took 0.048 seconds
[2024-11-04T13:33:24.834-0800] {processor.py:186} INFO - Started process (PID=54195) to work on /opt/anaconda3/lib/python3.12/site-packages/airflow/example_dags/example_latest_only.py
[2024-11-04T13:33:24.834-0800] {processor.py:914} INFO - Processing file /opt/anaconda3/lib/python3.12/site-packages/airflow/example_dags/example_latest_only.py for tasks to queue
[2024-11-04T13:33:24.835-0800] {logging_mixin.py:190} INFO - [2024-11-04T13:33:24.835-0800] {dagbag.py:588} INFO - Filling up the DagBag from /opt/anaconda3/lib/python3.12/site-packages/airflow/example_dags/example_latest_only.py
[2024-11-04T13:33:24.837-0800] {processor.py:925} INFO - DAG(s) 'latest_only' retrieved from /opt/anaconda3/lib/python3.12/site-packages/airflow/example_dags/example_latest_only.py
[2024-11-04T13:33:24.870-0800] {logging_mixin.py:190} INFO - [2024-11-04T13:33:24.870-0800] {dag.py:3239} INFO - Sync 1 DAGs
[2024-11-04T13:33:24.876-0800] {logging_mixin.py:190} INFO - [2024-11-04T13:33:24.875-0800] {dag.py:4180} INFO - Setting next_dagrun for latest_only to 2024-11-04 16:00:00+00:00, run_after=2024-11-04 20:00:00+00:00
[2024-11-04T13:33:24.881-0800] {processor.py:208} INFO - Processing /opt/anaconda3/lib/python3.12/site-packages/airflow/example_dags/example_latest_only.py took 0.049 seconds
[2024-11-04T13:35:47.484-0800] {processor.py:186} INFO - Started process (PID=54393) to work on /opt/anaconda3/lib/python3.12/site-packages/airflow/example_dags/example_latest_only.py
[2024-11-04T13:35:47.484-0800] {processor.py:914} INFO - Processing file /opt/anaconda3/lib/python3.12/site-packages/airflow/example_dags/example_latest_only.py for tasks to queue
[2024-11-04T13:35:47.484-0800] {logging_mixin.py:190} INFO - [2024-11-04T13:35:47.484-0800] {dagbag.py:588} INFO - Filling up the DagBag from /opt/anaconda3/lib/python3.12/site-packages/airflow/example_dags/example_latest_only.py
[2024-11-04T13:35:47.487-0800] {processor.py:925} INFO - DAG(s) 'latest_only' retrieved from /opt/anaconda3/lib/python3.12/site-packages/airflow/example_dags/example_latest_only.py
[2024-11-04T13:35:47.516-0800] {logging_mixin.py:190} INFO - [2024-11-04T13:35:47.516-0800] {dag.py:3239} INFO - Sync 1 DAGs
[2024-11-04T13:35:47.522-0800] {logging_mixin.py:190} INFO - [2024-11-04T13:35:47.522-0800] {dag.py:4180} INFO - Setting next_dagrun for latest_only to 2024-11-04 16:00:00+00:00, run_after=2024-11-04 20:00:00+00:00
[2024-11-04T13:35:47.528-0800] {processor.py:208} INFO - Processing /opt/anaconda3/lib/python3.12/site-packages/airflow/example_dags/example_latest_only.py took 0.045 seconds
[2024-11-04T13:38:07.141-0800] {processor.py:186} INFO - Started process (PID=54570) to work on /opt/anaconda3/lib/python3.12/site-packages/airflow/example_dags/example_latest_only.py
[2024-11-04T13:38:07.142-0800] {processor.py:914} INFO - Processing file /opt/anaconda3/lib/python3.12/site-packages/airflow/example_dags/example_latest_only.py for tasks to queue
[2024-11-04T13:38:07.142-0800] {logging_mixin.py:190} INFO - [2024-11-04T13:38:07.142-0800] {dagbag.py:588} INFO - Filling up the DagBag from /opt/anaconda3/lib/python3.12/site-packages/airflow/example_dags/example_latest_only.py
[2024-11-04T13:38:07.146-0800] {processor.py:925} INFO - DAG(s) 'latest_only' retrieved from /opt/anaconda3/lib/python3.12/site-packages/airflow/example_dags/example_latest_only.py
[2024-11-04T13:38:07.181-0800] {logging_mixin.py:190} INFO - [2024-11-04T13:38:07.181-0800] {dag.py:3239} INFO - Sync 1 DAGs
[2024-11-04T13:38:07.188-0800] {logging_mixin.py:190} INFO - [2024-11-04T13:38:07.188-0800] {dag.py:4180} INFO - Setting next_dagrun for latest_only to 2024-11-04 16:00:00+00:00, run_after=2024-11-04 20:00:00+00:00
[2024-11-04T13:38:07.195-0800] {processor.py:208} INFO - Processing /opt/anaconda3/lib/python3.12/site-packages/airflow/example_dags/example_latest_only.py took 0.055 seconds
[2024-11-04T13:40:31.759-0800] {processor.py:186} INFO - Started process (PID=54769) to work on /opt/anaconda3/lib/python3.12/site-packages/airflow/example_dags/example_latest_only.py
[2024-11-04T13:40:31.760-0800] {processor.py:914} INFO - Processing file /opt/anaconda3/lib/python3.12/site-packages/airflow/example_dags/example_latest_only.py for tasks to queue
[2024-11-04T13:40:31.760-0800] {logging_mixin.py:190} INFO - [2024-11-04T13:40:31.760-0800] {dagbag.py:588} INFO - Filling up the DagBag from /opt/anaconda3/lib/python3.12/site-packages/airflow/example_dags/example_latest_only.py
[2024-11-04T13:40:31.763-0800] {processor.py:925} INFO - DAG(s) 'latest_only' retrieved from /opt/anaconda3/lib/python3.12/site-packages/airflow/example_dags/example_latest_only.py
[2024-11-04T13:40:31.792-0800] {logging_mixin.py:190} INFO - [2024-11-04T13:40:31.792-0800] {dag.py:3239} INFO - Sync 1 DAGs
[2024-11-04T13:40:31.798-0800] {logging_mixin.py:190} INFO - [2024-11-04T13:40:31.798-0800] {dag.py:4180} INFO - Setting next_dagrun for latest_only to 2024-11-04 16:00:00+00:00, run_after=2024-11-04 20:00:00+00:00
[2024-11-04T13:40:31.804-0800] {processor.py:208} INFO - Processing /opt/anaconda3/lib/python3.12/site-packages/airflow/example_dags/example_latest_only.py took 0.045 seconds
[2024-11-04T13:42:55.751-0800] {processor.py:186} INFO - Started process (PID=54937) to work on /opt/anaconda3/lib/python3.12/site-packages/airflow/example_dags/example_latest_only.py
[2024-11-04T13:42:55.752-0800] {processor.py:914} INFO - Processing file /opt/anaconda3/lib/python3.12/site-packages/airflow/example_dags/example_latest_only.py for tasks to queue
[2024-11-04T13:42:55.752-0800] {logging_mixin.py:190} INFO - [2024-11-04T13:42:55.752-0800] {dagbag.py:588} INFO - Filling up the DagBag from /opt/anaconda3/lib/python3.12/site-packages/airflow/example_dags/example_latest_only.py
[2024-11-04T13:42:55.755-0800] {processor.py:925} INFO - DAG(s) 'latest_only' retrieved from /opt/anaconda3/lib/python3.12/site-packages/airflow/example_dags/example_latest_only.py
[2024-11-04T13:42:55.785-0800] {logging_mixin.py:190} INFO - [2024-11-04T13:42:55.784-0800] {dag.py:3239} INFO - Sync 1 DAGs
[2024-11-04T13:42:55.790-0800] {logging_mixin.py:190} INFO - [2024-11-04T13:42:55.790-0800] {dag.py:4180} INFO - Setting next_dagrun for latest_only to 2024-11-04 16:00:00+00:00, run_after=2024-11-04 20:00:00+00:00
[2024-11-04T13:42:55.796-0800] {processor.py:208} INFO - Processing /opt/anaconda3/lib/python3.12/site-packages/airflow/example_dags/example_latest_only.py took 0.045 seconds
[2024-11-04T13:45:21.076-0800] {processor.py:186} INFO - Started process (PID=55108) to work on /opt/anaconda3/lib/python3.12/site-packages/airflow/example_dags/example_latest_only.py
[2024-11-04T13:45:21.076-0800] {processor.py:914} INFO - Processing file /opt/anaconda3/lib/python3.12/site-packages/airflow/example_dags/example_latest_only.py for tasks to queue
[2024-11-04T13:45:21.077-0800] {logging_mixin.py:190} INFO - [2024-11-04T13:45:21.077-0800] {dagbag.py:588} INFO - Filling up the DagBag from /opt/anaconda3/lib/python3.12/site-packages/airflow/example_dags/example_latest_only.py
[2024-11-04T13:45:21.079-0800] {processor.py:925} INFO - DAG(s) 'latest_only' retrieved from /opt/anaconda3/lib/python3.12/site-packages/airflow/example_dags/example_latest_only.py
[2024-11-04T13:45:21.109-0800] {logging_mixin.py:190} INFO - [2024-11-04T13:45:21.109-0800] {dag.py:3239} INFO - Sync 1 DAGs
[2024-11-04T13:45:21.114-0800] {logging_mixin.py:190} INFO - [2024-11-04T13:45:21.114-0800] {dag.py:4180} INFO - Setting next_dagrun for latest_only to 2024-11-04 16:00:00+00:00, run_after=2024-11-04 20:00:00+00:00
[2024-11-04T13:45:21.120-0800] {processor.py:208} INFO - Processing /opt/anaconda3/lib/python3.12/site-packages/airflow/example_dags/example_latest_only.py took 0.045 seconds
[2024-11-04T13:47:46.072-0800] {processor.py:186} INFO - Started process (PID=55283) to work on /opt/anaconda3/lib/python3.12/site-packages/airflow/example_dags/example_latest_only.py
[2024-11-04T13:47:46.072-0800] {processor.py:914} INFO - Processing file /opt/anaconda3/lib/python3.12/site-packages/airflow/example_dags/example_latest_only.py for tasks to queue
[2024-11-04T13:47:46.073-0800] {logging_mixin.py:190} INFO - [2024-11-04T13:47:46.072-0800] {dagbag.py:588} INFO - Filling up the DagBag from /opt/anaconda3/lib/python3.12/site-packages/airflow/example_dags/example_latest_only.py
[2024-11-04T13:47:46.075-0800] {processor.py:925} INFO - DAG(s) 'latest_only' retrieved from /opt/anaconda3/lib/python3.12/site-packages/airflow/example_dags/example_latest_only.py
[2024-11-04T13:47:46.104-0800] {logging_mixin.py:190} INFO - [2024-11-04T13:47:46.104-0800] {dag.py:3239} INFO - Sync 1 DAGs
[2024-11-04T13:47:46.110-0800] {logging_mixin.py:190} INFO - [2024-11-04T13:47:46.110-0800] {dag.py:4180} INFO - Setting next_dagrun for latest_only to 2024-11-04 16:00:00+00:00, run_after=2024-11-04 20:00:00+00:00
[2024-11-04T13:47:46.116-0800] {processor.py:208} INFO - Processing /opt/anaconda3/lib/python3.12/site-packages/airflow/example_dags/example_latest_only.py took 0.045 seconds
[2024-11-04T13:50:02.135-0800] {processor.py:186} INFO - Started process (PID=55462) to work on /opt/anaconda3/lib/python3.12/site-packages/airflow/example_dags/example_latest_only.py
[2024-11-04T13:50:02.135-0800] {processor.py:914} INFO - Processing file /opt/anaconda3/lib/python3.12/site-packages/airflow/example_dags/example_latest_only.py for tasks to queue
[2024-11-04T13:50:02.136-0800] {logging_mixin.py:190} INFO - [2024-11-04T13:50:02.136-0800] {dagbag.py:588} INFO - Filling up the DagBag from /opt/anaconda3/lib/python3.12/site-packages/airflow/example_dags/example_latest_only.py
[2024-11-04T13:50:02.138-0800] {processor.py:925} INFO - DAG(s) 'latest_only' retrieved from /opt/anaconda3/lib/python3.12/site-packages/airflow/example_dags/example_latest_only.py
[2024-11-04T13:50:02.168-0800] {logging_mixin.py:190} INFO - [2024-11-04T13:50:02.168-0800] {dag.py:3239} INFO - Sync 1 DAGs
[2024-11-04T13:50:02.173-0800] {logging_mixin.py:190} INFO - [2024-11-04T13:50:02.173-0800] {dag.py:4180} INFO - Setting next_dagrun for latest_only to 2024-11-04 16:00:00+00:00, run_after=2024-11-04 20:00:00+00:00
[2024-11-04T13:50:02.179-0800] {processor.py:208} INFO - Processing /opt/anaconda3/lib/python3.12/site-packages/airflow/example_dags/example_latest_only.py took 0.045 seconds
[2024-11-04T13:52:29.252-0800] {processor.py:186} INFO - Started process (PID=55632) to work on /opt/anaconda3/lib/python3.12/site-packages/airflow/example_dags/example_latest_only.py
[2024-11-04T13:52:29.252-0800] {processor.py:914} INFO - Processing file /opt/anaconda3/lib/python3.12/site-packages/airflow/example_dags/example_latest_only.py for tasks to queue
[2024-11-04T13:52:29.253-0800] {logging_mixin.py:190} INFO - [2024-11-04T13:52:29.253-0800] {dagbag.py:588} INFO - Filling up the DagBag from /opt/anaconda3/lib/python3.12/site-packages/airflow/example_dags/example_latest_only.py
[2024-11-04T13:52:29.255-0800] {processor.py:925} INFO - DAG(s) 'latest_only' retrieved from /opt/anaconda3/lib/python3.12/site-packages/airflow/example_dags/example_latest_only.py
[2024-11-04T13:52:29.285-0800] {logging_mixin.py:190} INFO - [2024-11-04T13:52:29.285-0800] {dag.py:3239} INFO - Sync 1 DAGs
[2024-11-04T13:52:29.291-0800] {logging_mixin.py:190} INFO - [2024-11-04T13:52:29.291-0800] {dag.py:4180} INFO - Setting next_dagrun for latest_only to 2024-11-04 16:00:00+00:00, run_after=2024-11-04 20:00:00+00:00
[2024-11-04T13:52:29.297-0800] {processor.py:208} INFO - Processing /opt/anaconda3/lib/python3.12/site-packages/airflow/example_dags/example_latest_only.py took 0.046 seconds
[2024-11-04T13:55:01.770-0800] {processor.py:186} INFO - Started process (PID=55824) to work on /opt/anaconda3/lib/python3.12/site-packages/airflow/example_dags/example_latest_only.py
[2024-11-04T13:55:01.770-0800] {processor.py:914} INFO - Processing file /opt/anaconda3/lib/python3.12/site-packages/airflow/example_dags/example_latest_only.py for tasks to queue
[2024-11-04T13:55:01.770-0800] {logging_mixin.py:190} INFO - [2024-11-04T13:55:01.770-0800] {dagbag.py:588} INFO - Filling up the DagBag from /opt/anaconda3/lib/python3.12/site-packages/airflow/example_dags/example_latest_only.py
[2024-11-04T13:55:01.773-0800] {processor.py:925} INFO - DAG(s) 'latest_only' retrieved from /opt/anaconda3/lib/python3.12/site-packages/airflow/example_dags/example_latest_only.py
[2024-11-04T13:55:01.803-0800] {logging_mixin.py:190} INFO - [2024-11-04T13:55:01.803-0800] {dag.py:3239} INFO - Sync 1 DAGs
[2024-11-04T13:55:01.809-0800] {logging_mixin.py:190} INFO - [2024-11-04T13:55:01.809-0800] {dag.py:4180} INFO - Setting next_dagrun for latest_only to 2024-11-04 16:00:00+00:00, run_after=2024-11-04 20:00:00+00:00
[2024-11-04T13:55:01.815-0800] {processor.py:208} INFO - Processing /opt/anaconda3/lib/python3.12/site-packages/airflow/example_dags/example_latest_only.py took 0.046 seconds
[2024-11-04T13:57:28.943-0800] {processor.py:186} INFO - Started process (PID=56014) to work on /opt/anaconda3/lib/python3.12/site-packages/airflow/example_dags/example_latest_only.py
[2024-11-04T13:57:28.944-0800] {processor.py:914} INFO - Processing file /opt/anaconda3/lib/python3.12/site-packages/airflow/example_dags/example_latest_only.py for tasks to queue
[2024-11-04T13:57:28.944-0800] {logging_mixin.py:190} INFO - [2024-11-04T13:57:28.944-0800] {dagbag.py:588} INFO - Filling up the DagBag from /opt/anaconda3/lib/python3.12/site-packages/airflow/example_dags/example_latest_only.py
[2024-11-04T13:57:28.947-0800] {processor.py:925} INFO - DAG(s) 'latest_only' retrieved from /opt/anaconda3/lib/python3.12/site-packages/airflow/example_dags/example_latest_only.py
[2024-11-04T13:57:28.978-0800] {logging_mixin.py:190} INFO - [2024-11-04T13:57:28.978-0800] {dag.py:3239} INFO - Sync 1 DAGs
[2024-11-04T13:57:28.984-0800] {logging_mixin.py:190} INFO - [2024-11-04T13:57:28.984-0800] {dag.py:4180} INFO - Setting next_dagrun for latest_only to 2024-11-04 16:00:00+00:00, run_after=2024-11-04 20:00:00+00:00
[2024-11-04T13:57:28.990-0800] {processor.py:208} INFO - Processing /opt/anaconda3/lib/python3.12/site-packages/airflow/example_dags/example_latest_only.py took 0.048 seconds
[2024-11-04T13:59:56.843-0800] {processor.py:186} INFO - Started process (PID=56201) to work on /opt/anaconda3/lib/python3.12/site-packages/airflow/example_dags/example_latest_only.py
[2024-11-04T13:59:56.844-0800] {processor.py:914} INFO - Processing file /opt/anaconda3/lib/python3.12/site-packages/airflow/example_dags/example_latest_only.py for tasks to queue
[2024-11-04T13:59:56.844-0800] {logging_mixin.py:190} INFO - [2024-11-04T13:59:56.844-0800] {dagbag.py:588} INFO - Filling up the DagBag from /opt/anaconda3/lib/python3.12/site-packages/airflow/example_dags/example_latest_only.py
[2024-11-04T13:59:56.847-0800] {processor.py:925} INFO - DAG(s) 'latest_only' retrieved from /opt/anaconda3/lib/python3.12/site-packages/airflow/example_dags/example_latest_only.py
[2024-11-04T13:59:56.883-0800] {logging_mixin.py:190} INFO - [2024-11-04T13:59:56.882-0800] {dag.py:3239} INFO - Sync 1 DAGs
[2024-11-04T13:59:56.889-0800] {logging_mixin.py:190} INFO - [2024-11-04T13:59:56.889-0800] {dag.py:4180} INFO - Setting next_dagrun for latest_only to 2024-11-04 16:00:00+00:00, run_after=2024-11-04 20:00:00+00:00
[2024-11-04T13:59:56.896-0800] {processor.py:208} INFO - Processing /opt/anaconda3/lib/python3.12/site-packages/airflow/example_dags/example_latest_only.py took 0.054 seconds
[2024-11-04T14:02:24.239-0800] {processor.py:186} INFO - Started process (PID=56457) to work on /opt/anaconda3/lib/python3.12/site-packages/airflow/example_dags/example_latest_only.py
[2024-11-04T14:02:24.240-0800] {processor.py:914} INFO - Processing file /opt/anaconda3/lib/python3.12/site-packages/airflow/example_dags/example_latest_only.py for tasks to queue
[2024-11-04T14:02:24.240-0800] {logging_mixin.py:190} INFO - [2024-11-04T14:02:24.240-0800] {dagbag.py:588} INFO - Filling up the DagBag from /opt/anaconda3/lib/python3.12/site-packages/airflow/example_dags/example_latest_only.py
[2024-11-04T14:02:24.244-0800] {processor.py:925} INFO - DAG(s) 'latest_only' retrieved from /opt/anaconda3/lib/python3.12/site-packages/airflow/example_dags/example_latest_only.py
[2024-11-04T14:02:24.274-0800] {logging_mixin.py:190} INFO - [2024-11-04T14:02:24.274-0800] {dag.py:3239} INFO - Sync 1 DAGs
[2024-11-04T14:02:24.279-0800] {logging_mixin.py:190} INFO - [2024-11-04T14:02:24.279-0800] {dag.py:4180} INFO - Setting next_dagrun for latest_only to 2024-11-04 16:00:00+00:00, run_after=2024-11-04 20:00:00+00:00
[2024-11-04T14:02:24.285-0800] {processor.py:208} INFO - Processing /opt/anaconda3/lib/python3.12/site-packages/airflow/example_dags/example_latest_only.py took 0.047 seconds
[2024-11-04T14:04:50.699-0800] {processor.py:186} INFO - Started process (PID=56664) to work on /opt/anaconda3/lib/python3.12/site-packages/airflow/example_dags/example_latest_only.py
[2024-11-04T14:04:50.700-0800] {processor.py:914} INFO - Processing file /opt/anaconda3/lib/python3.12/site-packages/airflow/example_dags/example_latest_only.py for tasks to queue
[2024-11-04T14:04:50.700-0800] {logging_mixin.py:190} INFO - [2024-11-04T14:04:50.700-0800] {dagbag.py:588} INFO - Filling up the DagBag from /opt/anaconda3/lib/python3.12/site-packages/airflow/example_dags/example_latest_only.py
[2024-11-04T14:04:50.703-0800] {processor.py:925} INFO - DAG(s) 'latest_only' retrieved from /opt/anaconda3/lib/python3.12/site-packages/airflow/example_dags/example_latest_only.py
[2024-11-04T14:04:50.732-0800] {logging_mixin.py:190} INFO - [2024-11-04T14:04:50.732-0800] {dag.py:3239} INFO - Sync 1 DAGs
[2024-11-04T14:04:50.738-0800] {logging_mixin.py:190} INFO - [2024-11-04T14:04:50.738-0800] {dag.py:4180} INFO - Setting next_dagrun for latest_only to 2024-11-04 16:00:00+00:00, run_after=2024-11-04 20:00:00+00:00
[2024-11-04T14:04:50.744-0800] {processor.py:208} INFO - Processing /opt/anaconda3/lib/python3.12/site-packages/airflow/example_dags/example_latest_only.py took 0.046 seconds
[2024-11-04T14:07:14.951-0800] {processor.py:186} INFO - Started process (PID=56935) to work on /opt/anaconda3/lib/python3.12/site-packages/airflow/example_dags/example_latest_only.py
[2024-11-04T14:07:14.953-0800] {processor.py:914} INFO - Processing file /opt/anaconda3/lib/python3.12/site-packages/airflow/example_dags/example_latest_only.py for tasks to queue
[2024-11-04T14:07:14.954-0800] {logging_mixin.py:190} INFO - [2024-11-04T14:07:14.953-0800] {dagbag.py:588} INFO - Filling up the DagBag from /opt/anaconda3/lib/python3.12/site-packages/airflow/example_dags/example_latest_only.py
[2024-11-04T14:07:14.956-0800] {processor.py:925} INFO - DAG(s) 'latest_only' retrieved from /opt/anaconda3/lib/python3.12/site-packages/airflow/example_dags/example_latest_only.py
[2024-11-04T14:07:14.986-0800] {logging_mixin.py:190} INFO - [2024-11-04T14:07:14.986-0800] {dag.py:3239} INFO - Sync 1 DAGs
[2024-11-04T14:07:14.992-0800] {logging_mixin.py:190} INFO - [2024-11-04T14:07:14.992-0800] {dag.py:4180} INFO - Setting next_dagrun for latest_only to 2024-11-04 16:00:00+00:00, run_after=2024-11-04 20:00:00+00:00
[2024-11-04T14:07:14.997-0800] {processor.py:208} INFO - Processing /opt/anaconda3/lib/python3.12/site-packages/airflow/example_dags/example_latest_only.py took 0.047 seconds
[2024-11-04T14:09:39.615-0800] {processor.py:186} INFO - Started process (PID=57119) to work on /opt/anaconda3/lib/python3.12/site-packages/airflow/example_dags/example_latest_only.py
[2024-11-04T14:09:39.617-0800] {processor.py:914} INFO - Processing file /opt/anaconda3/lib/python3.12/site-packages/airflow/example_dags/example_latest_only.py for tasks to queue
[2024-11-04T14:09:39.617-0800] {logging_mixin.py:190} INFO - [2024-11-04T14:09:39.617-0800] {dagbag.py:588} INFO - Filling up the DagBag from /opt/anaconda3/lib/python3.12/site-packages/airflow/example_dags/example_latest_only.py
[2024-11-04T14:09:39.620-0800] {processor.py:925} INFO - DAG(s) 'latest_only' retrieved from /opt/anaconda3/lib/python3.12/site-packages/airflow/example_dags/example_latest_only.py
[2024-11-04T14:09:39.650-0800] {logging_mixin.py:190} INFO - [2024-11-04T14:09:39.650-0800] {dag.py:3239} INFO - Sync 1 DAGs
[2024-11-04T14:09:39.656-0800] {logging_mixin.py:190} INFO - [2024-11-04T14:09:39.656-0800] {dag.py:4180} INFO - Setting next_dagrun for latest_only to 2024-11-04 16:00:00+00:00, run_after=2024-11-04 20:00:00+00:00
[2024-11-04T14:09:39.661-0800] {processor.py:208} INFO - Processing /opt/anaconda3/lib/python3.12/site-packages/airflow/example_dags/example_latest_only.py took 0.047 seconds
[2024-11-04T14:21:32.373-0800] {processor.py:186} INFO - Started process (PID=57851) to work on /opt/anaconda3/lib/python3.12/site-packages/airflow/example_dags/example_latest_only.py
[2024-11-04T14:21:32.374-0800] {processor.py:914} INFO - Processing file /opt/anaconda3/lib/python3.12/site-packages/airflow/example_dags/example_latest_only.py for tasks to queue
[2024-11-04T14:21:32.375-0800] {logging_mixin.py:190} INFO - [2024-11-04T14:21:32.374-0800] {dagbag.py:588} INFO - Filling up the DagBag from /opt/anaconda3/lib/python3.12/site-packages/airflow/example_dags/example_latest_only.py
[2024-11-04T14:21:32.377-0800] {processor.py:925} INFO - DAG(s) 'latest_only' retrieved from /opt/anaconda3/lib/python3.12/site-packages/airflow/example_dags/example_latest_only.py
[2024-11-04T14:21:32.459-0800] {logging_mixin.py:190} INFO - [2024-11-04T14:21:32.459-0800] {override.py:1907} INFO - Created Permission View: can delete on DAG:latest_only
[2024-11-04T14:21:32.464-0800] {logging_mixin.py:190} INFO - [2024-11-04T14:21:32.464-0800] {override.py:1907} INFO - Created Permission View: can edit on DAG:latest_only
[2024-11-04T14:21:32.467-0800] {logging_mixin.py:190} INFO - [2024-11-04T14:21:32.467-0800] {override.py:1907} INFO - Created Permission View: can read on DAG:latest_only
[2024-11-04T14:21:32.470-0800] {logging_mixin.py:190} INFO - [2024-11-04T14:21:32.470-0800] {override.py:1907} INFO - Created Permission View: can delete on DAG Run:latest_only
[2024-11-04T14:21:32.472-0800] {logging_mixin.py:190} INFO - [2024-11-04T14:21:32.472-0800] {override.py:1907} INFO - Created Permission View: menu access on DAG Run:latest_only
[2024-11-04T14:21:32.475-0800] {logging_mixin.py:190} INFO - [2024-11-04T14:21:32.475-0800] {override.py:1907} INFO - Created Permission View: can read on DAG Run:latest_only
[2024-11-04T14:21:32.477-0800] {logging_mixin.py:190} INFO - [2024-11-04T14:21:32.477-0800] {override.py:1907} INFO - Created Permission View: can create on DAG Run:latest_only
[2024-11-04T14:21:32.477-0800] {logging_mixin.py:190} INFO - [2024-11-04T14:21:32.477-0800] {dag.py:3239} INFO - Sync 1 DAGs
[2024-11-04T14:21:32.482-0800] {logging_mixin.py:190} INFO - [2024-11-04T14:21:32.482-0800] {dag.py:3262} INFO - Creating ORM DAG for latest_only
[2024-11-04T14:21:32.485-0800] {logging_mixin.py:190} INFO - [2024-11-04T14:21:32.485-0800] {dag.py:4180} INFO - Setting next_dagrun for latest_only to 2024-11-04 16:00:00+00:00, run_after=2024-11-04 20:00:00+00:00
[2024-11-04T14:21:32.492-0800] {processor.py:208} INFO - Processing /opt/anaconda3/lib/python3.12/site-packages/airflow/example_dags/example_latest_only.py took 0.121 seconds
[2024-11-04T14:23:45.073-0800] {processor.py:186} INFO - Started process (PID=58129) to work on /opt/anaconda3/lib/python3.12/site-packages/airflow/example_dags/example_latest_only.py
[2024-11-04T14:23:45.074-0800] {processor.py:914} INFO - Processing file /opt/anaconda3/lib/python3.12/site-packages/airflow/example_dags/example_latest_only.py for tasks to queue
[2024-11-04T14:23:45.074-0800] {logging_mixin.py:190} INFO - [2024-11-04T14:23:45.074-0800] {dagbag.py:588} INFO - Filling up the DagBag from /opt/anaconda3/lib/python3.12/site-packages/airflow/example_dags/example_latest_only.py
[2024-11-04T14:23:45.077-0800] {processor.py:925} INFO - DAG(s) 'latest_only' retrieved from /opt/anaconda3/lib/python3.12/site-packages/airflow/example_dags/example_latest_only.py
[2024-11-04T14:23:45.122-0800] {logging_mixin.py:190} INFO - [2024-11-04T14:23:45.122-0800] {dag.py:3239} INFO - Sync 1 DAGs
[2024-11-04T14:23:45.129-0800] {logging_mixin.py:190} INFO - [2024-11-04T14:23:45.129-0800] {dag.py:4180} INFO - Setting next_dagrun for latest_only to 2024-11-04 16:00:00+00:00, run_after=2024-11-04 20:00:00+00:00
[2024-11-04T14:23:45.139-0800] {processor.py:208} INFO - Processing /opt/anaconda3/lib/python3.12/site-packages/airflow/example_dags/example_latest_only.py took 0.067 seconds
[2024-11-04T14:31:56.722-0800] {processor.py:186} INFO - Started process (PID=58483) to work on /opt/anaconda3/lib/python3.12/site-packages/airflow/example_dags/example_latest_only.py
[2024-11-04T14:31:56.722-0800] {processor.py:914} INFO - Processing file /opt/anaconda3/lib/python3.12/site-packages/airflow/example_dags/example_latest_only.py for tasks to queue
[2024-11-04T14:31:56.723-0800] {logging_mixin.py:190} INFO - [2024-11-04T14:31:56.723-0800] {dagbag.py:588} INFO - Filling up the DagBag from /opt/anaconda3/lib/python3.12/site-packages/airflow/example_dags/example_latest_only.py
[2024-11-04T14:31:56.726-0800] {processor.py:925} INFO - DAG(s) 'latest_only' retrieved from /opt/anaconda3/lib/python3.12/site-packages/airflow/example_dags/example_latest_only.py
[2024-11-04T14:31:56.768-0800] {logging_mixin.py:190} INFO - [2024-11-04T14:31:56.768-0800] {dag.py:3239} INFO - Sync 1 DAGs
[2024-11-04T14:31:56.780-0800] {logging_mixin.py:190} INFO - [2024-11-04T14:31:56.780-0800] {dag.py:4180} INFO - Setting next_dagrun for latest_only to 2024-11-04 16:00:00+00:00, run_after=2024-11-04 20:00:00+00:00
[2024-11-04T14:31:56.791-0800] {processor.py:208} INFO - Processing /opt/anaconda3/lib/python3.12/site-packages/airflow/example_dags/example_latest_only.py took 0.071 seconds
[2024-11-04T15:37:36.345-0800] {processor.py:186} INFO - Started process (PID=58731) to work on /opt/anaconda3/lib/python3.12/site-packages/airflow/example_dags/example_latest_only.py
[2024-11-04T15:37:36.346-0800] {processor.py:914} INFO - Processing file /opt/anaconda3/lib/python3.12/site-packages/airflow/example_dags/example_latest_only.py for tasks to queue
[2024-11-04T15:37:36.346-0800] {logging_mixin.py:190} INFO - [2024-11-04T15:37:36.346-0800] {dagbag.py:588} INFO - Filling up the DagBag from /opt/anaconda3/lib/python3.12/site-packages/airflow/example_dags/example_latest_only.py
[2024-11-04T15:37:36.349-0800] {processor.py:925} INFO - DAG(s) 'latest_only' retrieved from /opt/anaconda3/lib/python3.12/site-packages/airflow/example_dags/example_latest_only.py
[2024-11-04T15:37:36.401-0800] {logging_mixin.py:190} INFO - [2024-11-04T15:37:36.401-0800] {dag.py:3239} INFO - Sync 1 DAGs
[2024-11-04T15:37:36.409-0800] {logging_mixin.py:190} INFO - [2024-11-04T15:37:36.409-0800] {dag.py:4180} INFO - Setting next_dagrun for latest_only to 2024-11-04 16:00:00+00:00, run_after=2024-11-04 20:00:00+00:00
[2024-11-04T15:37:36.417-0800] {processor.py:208} INFO - Processing /opt/anaconda3/lib/python3.12/site-packages/airflow/example_dags/example_latest_only.py took 0.074 seconds
[2024-11-04T15:38:09.008-0800] {processor.py:186} INFO - Started process (PID=58856) to work on /opt/anaconda3/lib/python3.12/site-packages/airflow/example_dags/example_latest_only.py
[2024-11-04T15:38:09.008-0800] {processor.py:914} INFO - Processing file /opt/anaconda3/lib/python3.12/site-packages/airflow/example_dags/example_latest_only.py for tasks to queue
[2024-11-04T15:38:09.009-0800] {logging_mixin.py:190} INFO - [2024-11-04T15:38:09.009-0800] {dagbag.py:588} INFO - Filling up the DagBag from /opt/anaconda3/lib/python3.12/site-packages/airflow/example_dags/example_latest_only.py
[2024-11-04T15:38:09.011-0800] {processor.py:925} INFO - DAG(s) 'latest_only' retrieved from /opt/anaconda3/lib/python3.12/site-packages/airflow/example_dags/example_latest_only.py
[2024-11-04T15:38:09.057-0800] {logging_mixin.py:190} INFO - [2024-11-04T15:38:09.057-0800] {dag.py:3239} INFO - Sync 1 DAGs
[2024-11-04T15:38:09.066-0800] {logging_mixin.py:190} INFO - [2024-11-04T15:38:09.066-0800] {dag.py:4180} INFO - Setting next_dagrun for latest_only to 2024-11-04 16:00:00+00:00, run_after=2024-11-04 20:00:00+00:00
[2024-11-04T15:38:09.075-0800] {processor.py:208} INFO - Processing /opt/anaconda3/lib/python3.12/site-packages/airflow/example_dags/example_latest_only.py took 0.068 seconds
[2024-11-04T15:55:21.906-0800] {processor.py:186} INFO - Started process (PID=58984) to work on /opt/anaconda3/lib/python3.12/site-packages/airflow/example_dags/example_latest_only.py
[2024-11-04T15:55:21.907-0800] {processor.py:914} INFO - Processing file /opt/anaconda3/lib/python3.12/site-packages/airflow/example_dags/example_latest_only.py for tasks to queue
[2024-11-04T15:55:21.907-0800] {logging_mixin.py:190} INFO - [2024-11-04T15:55:21.907-0800] {dagbag.py:588} INFO - Filling up the DagBag from /opt/anaconda3/lib/python3.12/site-packages/airflow/example_dags/example_latest_only.py
[2024-11-04T15:55:21.910-0800] {processor.py:925} INFO - DAG(s) 'latest_only' retrieved from /opt/anaconda3/lib/python3.12/site-packages/airflow/example_dags/example_latest_only.py
[2024-11-04T15:55:21.958-0800] {logging_mixin.py:190} INFO - [2024-11-04T15:55:21.958-0800] {dag.py:3239} INFO - Sync 1 DAGs
[2024-11-04T15:55:21.967-0800] {logging_mixin.py:190} INFO - [2024-11-04T15:55:21.967-0800] {dag.py:4180} INFO - Setting next_dagrun for latest_only to 2024-11-04 16:00:00+00:00, run_after=2024-11-04 20:00:00+00:00
[2024-11-04T15:55:21.976-0800] {processor.py:208} INFO - Processing /opt/anaconda3/lib/python3.12/site-packages/airflow/example_dags/example_latest_only.py took 0.072 seconds
