[2024-11-04T12:31:23.628-0800] {processor.py:186} INFO - Started process (PID=49873) to work on /opt/anaconda3/lib/python3.12/site-packages/airflow/example_dags/example_setup_teardown.py
[2024-11-04T12:31:23.629-0800] {processor.py:914} INFO - Processing file /opt/anaconda3/lib/python3.12/site-packages/airflow/example_dags/example_setup_teardown.py for tasks to queue
[2024-11-04T12:31:23.629-0800] {logging_mixin.py:190} INFO - [2024-11-04T12:31:23.629-0800] {dagbag.py:588} INFO - Filling up the DagBag from /opt/anaconda3/lib/python3.12/site-packages/airflow/example_dags/example_setup_teardown.py
[2024-11-04T12:31:23.633-0800] {processor.py:925} INFO - DAG(s) 'example_setup_teardown' retrieved from /opt/anaconda3/lib/python3.12/site-packages/airflow/example_dags/example_setup_teardown.py
[2024-11-04T12:31:23.691-0800] {logging_mixin.py:190} INFO - [2024-11-04T12:31:23.691-0800] {dag.py:3239} INFO - Sync 1 DAGs
[2024-11-04T12:31:23.694-0800] {logging_mixin.py:190} INFO - [2024-11-04T12:31:23.694-0800] {dag.py:4180} INFO - Setting next_dagrun for example_setup_teardown to None, run_after=None
[2024-11-04T12:31:23.701-0800] {processor.py:208} INFO - Processing /opt/anaconda3/lib/python3.12/site-packages/airflow/example_dags/example_setup_teardown.py took 0.073 seconds
[2024-11-04T12:42:43.364-0800] {processor.py:186} INFO - Started process (PID=50262) to work on /opt/anaconda3/lib/python3.12/site-packages/airflow/example_dags/example_setup_teardown.py
[2024-11-04T12:42:43.365-0800] {processor.py:914} INFO - Processing file /opt/anaconda3/lib/python3.12/site-packages/airflow/example_dags/example_setup_teardown.py for tasks to queue
[2024-11-04T12:42:43.366-0800] {logging_mixin.py:190} INFO - [2024-11-04T12:42:43.365-0800] {dagbag.py:588} INFO - Filling up the DagBag from /opt/anaconda3/lib/python3.12/site-packages/airflow/example_dags/example_setup_teardown.py
[2024-11-04T12:42:43.368-0800] {processor.py:925} INFO - DAG(s) 'example_setup_teardown' retrieved from /opt/anaconda3/lib/python3.12/site-packages/airflow/example_dags/example_setup_teardown.py
[2024-11-04T12:42:43.400-0800] {logging_mixin.py:190} INFO - [2024-11-04T12:42:43.400-0800] {dag.py:3239} INFO - Sync 1 DAGs
[2024-11-04T12:42:43.404-0800] {logging_mixin.py:190} INFO - [2024-11-04T12:42:43.404-0800] {dag.py:4180} INFO - Setting next_dagrun for example_setup_teardown to None, run_after=None
[2024-11-04T12:42:43.409-0800] {processor.py:208} INFO - Processing /opt/anaconda3/lib/python3.12/site-packages/airflow/example_dags/example_setup_teardown.py took 0.046 seconds
[2024-11-04T12:44:27.455-0800] {processor.py:186} INFO - Started process (PID=50383) to work on /opt/anaconda3/lib/python3.12/site-packages/airflow/example_dags/example_setup_teardown.py
[2024-11-04T12:44:27.456-0800] {processor.py:914} INFO - Processing file /opt/anaconda3/lib/python3.12/site-packages/airflow/example_dags/example_setup_teardown.py for tasks to queue
[2024-11-04T12:44:27.457-0800] {logging_mixin.py:190} INFO - [2024-11-04T12:44:27.457-0800] {dagbag.py:588} INFO - Filling up the DagBag from /opt/anaconda3/lib/python3.12/site-packages/airflow/example_dags/example_setup_teardown.py
[2024-11-04T12:44:27.463-0800] {processor.py:925} INFO - DAG(s) 'example_setup_teardown' retrieved from /opt/anaconda3/lib/python3.12/site-packages/airflow/example_dags/example_setup_teardown.py
[2024-11-04T12:44:27.504-0800] {logging_mixin.py:190} INFO - [2024-11-04T12:44:27.504-0800] {dag.py:3239} INFO - Sync 1 DAGs
[2024-11-04T12:44:27.509-0800] {logging_mixin.py:190} INFO - [2024-11-04T12:44:27.509-0800] {dag.py:4180} INFO - Setting next_dagrun for example_setup_teardown to None, run_after=None
[2024-11-04T12:44:27.517-0800] {processor.py:208} INFO - Processing /opt/anaconda3/lib/python3.12/site-packages/airflow/example_dags/example_setup_teardown.py took 0.064 seconds
[2024-11-04T12:46:55.633-0800] {processor.py:186} INFO - Started process (PID=50622) to work on /opt/anaconda3/lib/python3.12/site-packages/airflow/example_dags/example_setup_teardown.py
[2024-11-04T12:46:55.634-0800] {processor.py:914} INFO - Processing file /opt/anaconda3/lib/python3.12/site-packages/airflow/example_dags/example_setup_teardown.py for tasks to queue
[2024-11-04T12:46:55.634-0800] {logging_mixin.py:190} INFO - [2024-11-04T12:46:55.634-0800] {dagbag.py:588} INFO - Filling up the DagBag from /opt/anaconda3/lib/python3.12/site-packages/airflow/example_dags/example_setup_teardown.py
[2024-11-04T12:46:55.637-0800] {processor.py:925} INFO - DAG(s) 'example_setup_teardown' retrieved from /opt/anaconda3/lib/python3.12/site-packages/airflow/example_dags/example_setup_teardown.py
[2024-11-04T12:46:55.668-0800] {logging_mixin.py:190} INFO - [2024-11-04T12:46:55.668-0800] {dag.py:3239} INFO - Sync 1 DAGs
[2024-11-04T12:46:55.671-0800] {logging_mixin.py:190} INFO - [2024-11-04T12:46:55.671-0800] {dag.py:4180} INFO - Setting next_dagrun for example_setup_teardown to None, run_after=None
[2024-11-04T12:46:55.677-0800] {processor.py:208} INFO - Processing /opt/anaconda3/lib/python3.12/site-packages/airflow/example_dags/example_setup_teardown.py took 0.045 seconds
[2024-11-04T12:49:25.938-0800] {processor.py:186} INFO - Started process (PID=50820) to work on /opt/anaconda3/lib/python3.12/site-packages/airflow/example_dags/example_setup_teardown.py
[2024-11-04T12:49:25.939-0800] {processor.py:914} INFO - Processing file /opt/anaconda3/lib/python3.12/site-packages/airflow/example_dags/example_setup_teardown.py for tasks to queue
[2024-11-04T12:49:25.939-0800] {logging_mixin.py:190} INFO - [2024-11-04T12:49:25.939-0800] {dagbag.py:588} INFO - Filling up the DagBag from /opt/anaconda3/lib/python3.12/site-packages/airflow/example_dags/example_setup_teardown.py
[2024-11-04T12:49:25.943-0800] {processor.py:925} INFO - DAG(s) 'example_setup_teardown' retrieved from /opt/anaconda3/lib/python3.12/site-packages/airflow/example_dags/example_setup_teardown.py
[2024-11-04T12:49:25.974-0800] {logging_mixin.py:190} INFO - [2024-11-04T12:49:25.974-0800] {dag.py:3239} INFO - Sync 1 DAGs
[2024-11-04T12:49:25.979-0800] {logging_mixin.py:190} INFO - [2024-11-04T12:49:25.979-0800] {dag.py:4180} INFO - Setting next_dagrun for example_setup_teardown to None, run_after=None
[2024-11-04T12:49:25.987-0800] {processor.py:208} INFO - Processing /opt/anaconda3/lib/python3.12/site-packages/airflow/example_dags/example_setup_teardown.py took 0.050 seconds
[2024-11-04T12:51:54.084-0800] {processor.py:186} INFO - Started process (PID=51037) to work on /opt/anaconda3/lib/python3.12/site-packages/airflow/example_dags/example_setup_teardown.py
[2024-11-04T12:51:54.085-0800] {processor.py:914} INFO - Processing file /opt/anaconda3/lib/python3.12/site-packages/airflow/example_dags/example_setup_teardown.py for tasks to queue
[2024-11-04T12:51:54.085-0800] {logging_mixin.py:190} INFO - [2024-11-04T12:51:54.085-0800] {dagbag.py:588} INFO - Filling up the DagBag from /opt/anaconda3/lib/python3.12/site-packages/airflow/example_dags/example_setup_teardown.py
[2024-11-04T12:51:54.088-0800] {processor.py:925} INFO - DAG(s) 'example_setup_teardown' retrieved from /opt/anaconda3/lib/python3.12/site-packages/airflow/example_dags/example_setup_teardown.py
[2024-11-04T12:51:54.118-0800] {logging_mixin.py:190} INFO - [2024-11-04T12:51:54.118-0800] {dag.py:3239} INFO - Sync 1 DAGs
[2024-11-04T12:51:54.121-0800] {logging_mixin.py:190} INFO - [2024-11-04T12:51:54.121-0800] {dag.py:4180} INFO - Setting next_dagrun for example_setup_teardown to None, run_after=None
[2024-11-04T12:51:54.127-0800] {processor.py:208} INFO - Processing /opt/anaconda3/lib/python3.12/site-packages/airflow/example_dags/example_setup_teardown.py took 0.044 seconds
[2024-11-04T12:54:26.594-0800] {processor.py:186} INFO - Started process (PID=51232) to work on /opt/anaconda3/lib/python3.12/site-packages/airflow/example_dags/example_setup_teardown.py
[2024-11-04T12:54:26.595-0800] {processor.py:914} INFO - Processing file /opt/anaconda3/lib/python3.12/site-packages/airflow/example_dags/example_setup_teardown.py for tasks to queue
[2024-11-04T12:54:26.595-0800] {logging_mixin.py:190} INFO - [2024-11-04T12:54:26.595-0800] {dagbag.py:588} INFO - Filling up the DagBag from /opt/anaconda3/lib/python3.12/site-packages/airflow/example_dags/example_setup_teardown.py
[2024-11-04T12:54:26.598-0800] {processor.py:925} INFO - DAG(s) 'example_setup_teardown' retrieved from /opt/anaconda3/lib/python3.12/site-packages/airflow/example_dags/example_setup_teardown.py
[2024-11-04T12:54:26.630-0800] {logging_mixin.py:190} INFO - [2024-11-04T12:54:26.630-0800] {dag.py:3239} INFO - Sync 1 DAGs
[2024-11-04T12:54:26.634-0800] {logging_mixin.py:190} INFO - [2024-11-04T12:54:26.634-0800] {dag.py:4180} INFO - Setting next_dagrun for example_setup_teardown to None, run_after=None
[2024-11-04T12:54:26.645-0800] {processor.py:208} INFO - Processing /opt/anaconda3/lib/python3.12/site-packages/airflow/example_dags/example_setup_teardown.py took 0.052 seconds
[2024-11-04T12:55:43.358-0800] {processor.py:186} INFO - Started process (PID=51316) to work on /opt/anaconda3/lib/python3.12/site-packages/airflow/example_dags/example_setup_teardown.py
[2024-11-04T12:55:43.358-0800] {processor.py:914} INFO - Processing file /opt/anaconda3/lib/python3.12/site-packages/airflow/example_dags/example_setup_teardown.py for tasks to queue
[2024-11-04T12:55:43.359-0800] {logging_mixin.py:190} INFO - [2024-11-04T12:55:43.358-0800] {dagbag.py:588} INFO - Filling up the DagBag from /opt/anaconda3/lib/python3.12/site-packages/airflow/example_dags/example_setup_teardown.py
[2024-11-04T12:55:43.362-0800] {processor.py:925} INFO - DAG(s) 'example_setup_teardown' retrieved from /opt/anaconda3/lib/python3.12/site-packages/airflow/example_dags/example_setup_teardown.py
[2024-11-04T12:55:43.394-0800] {logging_mixin.py:190} INFO - [2024-11-04T12:55:43.394-0800] {dag.py:3239} INFO - Sync 1 DAGs
[2024-11-04T12:55:43.398-0800] {logging_mixin.py:190} INFO - [2024-11-04T12:55:43.398-0800] {dag.py:4180} INFO - Setting next_dagrun for example_setup_teardown to None, run_after=None
[2024-11-04T12:55:43.404-0800] {processor.py:208} INFO - Processing /opt/anaconda3/lib/python3.12/site-packages/airflow/example_dags/example_setup_teardown.py took 0.048 seconds
[2024-11-04T12:56:59.567-0800] {processor.py:186} INFO - Started process (PID=51412) to work on /opt/anaconda3/lib/python3.12/site-packages/airflow/example_dags/example_setup_teardown.py
[2024-11-04T12:56:59.567-0800] {processor.py:914} INFO - Processing file /opt/anaconda3/lib/python3.12/site-packages/airflow/example_dags/example_setup_teardown.py for tasks to queue
[2024-11-04T12:56:59.568-0800] {logging_mixin.py:190} INFO - [2024-11-04T12:56:59.568-0800] {dagbag.py:588} INFO - Filling up the DagBag from /opt/anaconda3/lib/python3.12/site-packages/airflow/example_dags/example_setup_teardown.py
[2024-11-04T12:56:59.571-0800] {processor.py:925} INFO - DAG(s) 'example_setup_teardown' retrieved from /opt/anaconda3/lib/python3.12/site-packages/airflow/example_dags/example_setup_teardown.py
[2024-11-04T12:56:59.604-0800] {logging_mixin.py:190} INFO - [2024-11-04T12:56:59.604-0800] {dag.py:3239} INFO - Sync 1 DAGs
[2024-11-04T12:56:59.608-0800] {logging_mixin.py:190} INFO - [2024-11-04T12:56:59.608-0800] {dag.py:4180} INFO - Setting next_dagrun for example_setup_teardown to None, run_after=None
[2024-11-04T12:56:59.615-0800] {processor.py:208} INFO - Processing /opt/anaconda3/lib/python3.12/site-packages/airflow/example_dags/example_setup_teardown.py took 0.050 seconds
[2024-11-04T12:59:23.233-0800] {processor.py:186} INFO - Started process (PID=51601) to work on /opt/anaconda3/lib/python3.12/site-packages/airflow/example_dags/example_setup_teardown.py
[2024-11-04T12:59:23.234-0800] {processor.py:914} INFO - Processing file /opt/anaconda3/lib/python3.12/site-packages/airflow/example_dags/example_setup_teardown.py for tasks to queue
[2024-11-04T12:59:23.234-0800] {logging_mixin.py:190} INFO - [2024-11-04T12:59:23.234-0800] {dagbag.py:588} INFO - Filling up the DagBag from /opt/anaconda3/lib/python3.12/site-packages/airflow/example_dags/example_setup_teardown.py
[2024-11-04T12:59:23.238-0800] {processor.py:925} INFO - DAG(s) 'example_setup_teardown' retrieved from /opt/anaconda3/lib/python3.12/site-packages/airflow/example_dags/example_setup_teardown.py
[2024-11-04T12:59:23.268-0800] {logging_mixin.py:190} INFO - [2024-11-04T12:59:23.268-0800] {dag.py:3239} INFO - Sync 1 DAGs
[2024-11-04T12:59:23.272-0800] {logging_mixin.py:190} INFO - [2024-11-04T12:59:23.272-0800] {dag.py:4180} INFO - Setting next_dagrun for example_setup_teardown to None, run_after=None
[2024-11-04T12:59:23.278-0800] {processor.py:208} INFO - Processing /opt/anaconda3/lib/python3.12/site-packages/airflow/example_dags/example_setup_teardown.py took 0.047 seconds
[2024-11-04T13:01:55.172-0800] {processor.py:186} INFO - Started process (PID=51790) to work on /opt/anaconda3/lib/python3.12/site-packages/airflow/example_dags/example_setup_teardown.py
[2024-11-04T13:01:55.173-0800] {processor.py:914} INFO - Processing file /opt/anaconda3/lib/python3.12/site-packages/airflow/example_dags/example_setup_teardown.py for tasks to queue
[2024-11-04T13:01:55.173-0800] {logging_mixin.py:190} INFO - [2024-11-04T13:01:55.173-0800] {dagbag.py:588} INFO - Filling up the DagBag from /opt/anaconda3/lib/python3.12/site-packages/airflow/example_dags/example_setup_teardown.py
[2024-11-04T13:01:55.176-0800] {processor.py:925} INFO - DAG(s) 'example_setup_teardown' retrieved from /opt/anaconda3/lib/python3.12/site-packages/airflow/example_dags/example_setup_teardown.py
[2024-11-04T13:01:55.207-0800] {logging_mixin.py:190} INFO - [2024-11-04T13:01:55.207-0800] {dag.py:3239} INFO - Sync 1 DAGs
[2024-11-04T13:01:55.212-0800] {logging_mixin.py:190} INFO - [2024-11-04T13:01:55.212-0800] {dag.py:4180} INFO - Setting next_dagrun for example_setup_teardown to None, run_after=None
[2024-11-04T13:01:55.218-0800] {processor.py:208} INFO - Processing /opt/anaconda3/lib/python3.12/site-packages/airflow/example_dags/example_setup_teardown.py took 0.048 seconds
[2024-11-04T13:04:22.782-0800] {processor.py:186} INFO - Started process (PID=51993) to work on /opt/anaconda3/lib/python3.12/site-packages/airflow/example_dags/example_setup_teardown.py
[2024-11-04T13:04:22.784-0800] {processor.py:914} INFO - Processing file /opt/anaconda3/lib/python3.12/site-packages/airflow/example_dags/example_setup_teardown.py for tasks to queue
[2024-11-04T13:04:22.784-0800] {logging_mixin.py:190} INFO - [2024-11-04T13:04:22.784-0800] {dagbag.py:588} INFO - Filling up the DagBag from /opt/anaconda3/lib/python3.12/site-packages/airflow/example_dags/example_setup_teardown.py
[2024-11-04T13:04:22.787-0800] {processor.py:925} INFO - DAG(s) 'example_setup_teardown' retrieved from /opt/anaconda3/lib/python3.12/site-packages/airflow/example_dags/example_setup_teardown.py
[2024-11-04T13:04:22.818-0800] {logging_mixin.py:190} INFO - [2024-11-04T13:04:22.818-0800] {dag.py:3239} INFO - Sync 1 DAGs
[2024-11-04T13:04:22.821-0800] {logging_mixin.py:190} INFO - [2024-11-04T13:04:22.821-0800] {dag.py:4180} INFO - Setting next_dagrun for example_setup_teardown to None, run_after=None
[2024-11-04T13:04:22.828-0800] {processor.py:208} INFO - Processing /opt/anaconda3/lib/python3.12/site-packages/airflow/example_dags/example_setup_teardown.py took 0.047 seconds
[2024-11-04T13:06:46.739-0800] {processor.py:186} INFO - Started process (PID=52198) to work on /opt/anaconda3/lib/python3.12/site-packages/airflow/example_dags/example_setup_teardown.py
[2024-11-04T13:06:46.740-0800] {processor.py:914} INFO - Processing file /opt/anaconda3/lib/python3.12/site-packages/airflow/example_dags/example_setup_teardown.py for tasks to queue
[2024-11-04T13:06:46.740-0800] {logging_mixin.py:190} INFO - [2024-11-04T13:06:46.740-0800] {dagbag.py:588} INFO - Filling up the DagBag from /opt/anaconda3/lib/python3.12/site-packages/airflow/example_dags/example_setup_teardown.py
[2024-11-04T13:06:46.744-0800] {processor.py:925} INFO - DAG(s) 'example_setup_teardown' retrieved from /opt/anaconda3/lib/python3.12/site-packages/airflow/example_dags/example_setup_teardown.py
[2024-11-04T13:06:46.776-0800] {logging_mixin.py:190} INFO - [2024-11-04T13:06:46.776-0800] {dag.py:3239} INFO - Sync 1 DAGs
[2024-11-04T13:06:46.780-0800] {logging_mixin.py:190} INFO - [2024-11-04T13:06:46.779-0800] {dag.py:4180} INFO - Setting next_dagrun for example_setup_teardown to None, run_after=None
[2024-11-04T13:06:46.785-0800] {processor.py:208} INFO - Processing /opt/anaconda3/lib/python3.12/site-packages/airflow/example_dags/example_setup_teardown.py took 0.047 seconds
[2024-11-04T13:09:10.697-0800] {processor.py:186} INFO - Started process (PID=52389) to work on /opt/anaconda3/lib/python3.12/site-packages/airflow/example_dags/example_setup_teardown.py
[2024-11-04T13:09:10.699-0800] {processor.py:914} INFO - Processing file /opt/anaconda3/lib/python3.12/site-packages/airflow/example_dags/example_setup_teardown.py for tasks to queue
[2024-11-04T13:09:10.699-0800] {logging_mixin.py:190} INFO - [2024-11-04T13:09:10.699-0800] {dagbag.py:588} INFO - Filling up the DagBag from /opt/anaconda3/lib/python3.12/site-packages/airflow/example_dags/example_setup_teardown.py
[2024-11-04T13:09:10.702-0800] {processor.py:925} INFO - DAG(s) 'example_setup_teardown' retrieved from /opt/anaconda3/lib/python3.12/site-packages/airflow/example_dags/example_setup_teardown.py
[2024-11-04T13:09:10.732-0800] {logging_mixin.py:190} INFO - [2024-11-04T13:09:10.732-0800] {dag.py:3239} INFO - Sync 1 DAGs
[2024-11-04T13:09:10.736-0800] {logging_mixin.py:190} INFO - [2024-11-04T13:09:10.736-0800] {dag.py:4180} INFO - Setting next_dagrun for example_setup_teardown to None, run_after=None
[2024-11-04T13:09:10.742-0800] {processor.py:208} INFO - Processing /opt/anaconda3/lib/python3.12/site-packages/airflow/example_dags/example_setup_teardown.py took 0.045 seconds
[2024-11-04T13:11:32.899-0800] {processor.py:186} INFO - Started process (PID=52594) to work on /opt/anaconda3/lib/python3.12/site-packages/airflow/example_dags/example_setup_teardown.py
[2024-11-04T13:11:32.901-0800] {processor.py:914} INFO - Processing file /opt/anaconda3/lib/python3.12/site-packages/airflow/example_dags/example_setup_teardown.py for tasks to queue
[2024-11-04T13:11:32.901-0800] {logging_mixin.py:190} INFO - [2024-11-04T13:11:32.901-0800] {dagbag.py:588} INFO - Filling up the DagBag from /opt/anaconda3/lib/python3.12/site-packages/airflow/example_dags/example_setup_teardown.py
[2024-11-04T13:11:32.904-0800] {processor.py:925} INFO - DAG(s) 'example_setup_teardown' retrieved from /opt/anaconda3/lib/python3.12/site-packages/airflow/example_dags/example_setup_teardown.py
[2024-11-04T13:11:32.935-0800] {logging_mixin.py:190} INFO - [2024-11-04T13:11:32.935-0800] {dag.py:3239} INFO - Sync 1 DAGs
[2024-11-04T13:11:32.939-0800] {logging_mixin.py:190} INFO - [2024-11-04T13:11:32.939-0800] {dag.py:4180} INFO - Setting next_dagrun for example_setup_teardown to None, run_after=None
[2024-11-04T13:11:32.945-0800] {processor.py:208} INFO - Processing /opt/anaconda3/lib/python3.12/site-packages/airflow/example_dags/example_setup_teardown.py took 0.047 seconds
[2024-11-04T13:13:57.020-0800] {processor.py:186} INFO - Started process (PID=52776) to work on /opt/anaconda3/lib/python3.12/site-packages/airflow/example_dags/example_setup_teardown.py
[2024-11-04T13:13:57.021-0800] {processor.py:914} INFO - Processing file /opt/anaconda3/lib/python3.12/site-packages/airflow/example_dags/example_setup_teardown.py for tasks to queue
[2024-11-04T13:13:57.021-0800] {logging_mixin.py:190} INFO - [2024-11-04T13:13:57.021-0800] {dagbag.py:588} INFO - Filling up the DagBag from /opt/anaconda3/lib/python3.12/site-packages/airflow/example_dags/example_setup_teardown.py
[2024-11-04T13:13:57.024-0800] {processor.py:925} INFO - DAG(s) 'example_setup_teardown' retrieved from /opt/anaconda3/lib/python3.12/site-packages/airflow/example_dags/example_setup_teardown.py
[2024-11-04T13:13:57.054-0800] {logging_mixin.py:190} INFO - [2024-11-04T13:13:57.054-0800] {dag.py:3239} INFO - Sync 1 DAGs
[2024-11-04T13:13:57.057-0800] {logging_mixin.py:190} INFO - [2024-11-04T13:13:57.057-0800] {dag.py:4180} INFO - Setting next_dagrun for example_setup_teardown to None, run_after=None
[2024-11-04T13:13:57.063-0800] {processor.py:208} INFO - Processing /opt/anaconda3/lib/python3.12/site-packages/airflow/example_dags/example_setup_teardown.py took 0.045 seconds
[2024-11-04T13:16:12.221-0800] {processor.py:186} INFO - Started process (PID=52945) to work on /opt/anaconda3/lib/python3.12/site-packages/airflow/example_dags/example_setup_teardown.py
[2024-11-04T13:16:12.222-0800] {processor.py:914} INFO - Processing file /opt/anaconda3/lib/python3.12/site-packages/airflow/example_dags/example_setup_teardown.py for tasks to queue
[2024-11-04T13:16:12.222-0800] {logging_mixin.py:190} INFO - [2024-11-04T13:16:12.222-0800] {dagbag.py:588} INFO - Filling up the DagBag from /opt/anaconda3/lib/python3.12/site-packages/airflow/example_dags/example_setup_teardown.py
[2024-11-04T13:16:12.225-0800] {processor.py:925} INFO - DAG(s) 'example_setup_teardown' retrieved from /opt/anaconda3/lib/python3.12/site-packages/airflow/example_dags/example_setup_teardown.py
[2024-11-04T13:16:12.255-0800] {logging_mixin.py:190} INFO - [2024-11-04T13:16:12.255-0800] {dag.py:3239} INFO - Sync 1 DAGs
[2024-11-04T13:16:12.259-0800] {logging_mixin.py:190} INFO - [2024-11-04T13:16:12.259-0800] {dag.py:4180} INFO - Setting next_dagrun for example_setup_teardown to None, run_after=None
[2024-11-04T13:16:12.264-0800] {processor.py:208} INFO - Processing /opt/anaconda3/lib/python3.12/site-packages/airflow/example_dags/example_setup_teardown.py took 0.044 seconds
[2024-11-04T13:18:36.744-0800] {processor.py:186} INFO - Started process (PID=53118) to work on /opt/anaconda3/lib/python3.12/site-packages/airflow/example_dags/example_setup_teardown.py
[2024-11-04T13:18:36.744-0800] {processor.py:914} INFO - Processing file /opt/anaconda3/lib/python3.12/site-packages/airflow/example_dags/example_setup_teardown.py for tasks to queue
[2024-11-04T13:18:36.745-0800] {logging_mixin.py:190} INFO - [2024-11-04T13:18:36.744-0800] {dagbag.py:588} INFO - Filling up the DagBag from /opt/anaconda3/lib/python3.12/site-packages/airflow/example_dags/example_setup_teardown.py
[2024-11-04T13:18:36.748-0800] {processor.py:925} INFO - DAG(s) 'example_setup_teardown' retrieved from /opt/anaconda3/lib/python3.12/site-packages/airflow/example_dags/example_setup_teardown.py
[2024-11-04T13:18:36.780-0800] {logging_mixin.py:190} INFO - [2024-11-04T13:18:36.779-0800] {dag.py:3239} INFO - Sync 1 DAGs
[2024-11-04T13:18:36.783-0800] {logging_mixin.py:190} INFO - [2024-11-04T13:18:36.783-0800] {dag.py:4180} INFO - Setting next_dagrun for example_setup_teardown to None, run_after=None
[2024-11-04T13:18:36.790-0800] {processor.py:208} INFO - Processing /opt/anaconda3/lib/python3.12/site-packages/airflow/example_dags/example_setup_teardown.py took 0.047 seconds
[2024-11-04T13:21:02.567-0800] {processor.py:186} INFO - Started process (PID=53290) to work on /opt/anaconda3/lib/python3.12/site-packages/airflow/example_dags/example_setup_teardown.py
[2024-11-04T13:21:02.568-0800] {processor.py:914} INFO - Processing file /opt/anaconda3/lib/python3.12/site-packages/airflow/example_dags/example_setup_teardown.py for tasks to queue
[2024-11-04T13:21:02.568-0800] {logging_mixin.py:190} INFO - [2024-11-04T13:21:02.568-0800] {dagbag.py:588} INFO - Filling up the DagBag from /opt/anaconda3/lib/python3.12/site-packages/airflow/example_dags/example_setup_teardown.py
[2024-11-04T13:21:02.572-0800] {processor.py:925} INFO - DAG(s) 'example_setup_teardown' retrieved from /opt/anaconda3/lib/python3.12/site-packages/airflow/example_dags/example_setup_teardown.py
[2024-11-04T13:21:02.602-0800] {logging_mixin.py:190} INFO - [2024-11-04T13:21:02.601-0800] {dag.py:3239} INFO - Sync 1 DAGs
[2024-11-04T13:21:02.605-0800] {logging_mixin.py:190} INFO - [2024-11-04T13:21:02.605-0800] {dag.py:4180} INFO - Setting next_dagrun for example_setup_teardown to None, run_after=None
[2024-11-04T13:21:02.611-0800] {processor.py:208} INFO - Processing /opt/anaconda3/lib/python3.12/site-packages/airflow/example_dags/example_setup_teardown.py took 0.045 seconds
[2024-11-04T13:23:27.050-0800] {processor.py:186} INFO - Started process (PID=53453) to work on /opt/anaconda3/lib/python3.12/site-packages/airflow/example_dags/example_setup_teardown.py
[2024-11-04T13:23:27.051-0800] {processor.py:914} INFO - Processing file /opt/anaconda3/lib/python3.12/site-packages/airflow/example_dags/example_setup_teardown.py for tasks to queue
[2024-11-04T13:23:27.052-0800] {logging_mixin.py:190} INFO - [2024-11-04T13:23:27.051-0800] {dagbag.py:588} INFO - Filling up the DagBag from /opt/anaconda3/lib/python3.12/site-packages/airflow/example_dags/example_setup_teardown.py
[2024-11-04T13:23:27.054-0800] {processor.py:925} INFO - DAG(s) 'example_setup_teardown' retrieved from /opt/anaconda3/lib/python3.12/site-packages/airflow/example_dags/example_setup_teardown.py
[2024-11-04T13:23:27.084-0800] {logging_mixin.py:190} INFO - [2024-11-04T13:23:27.084-0800] {dag.py:3239} INFO - Sync 1 DAGs
[2024-11-04T13:23:27.088-0800] {logging_mixin.py:190} INFO - [2024-11-04T13:23:27.088-0800] {dag.py:4180} INFO - Setting next_dagrun for example_setup_teardown to None, run_after=None
[2024-11-04T13:23:27.094-0800] {processor.py:208} INFO - Processing /opt/anaconda3/lib/python3.12/site-packages/airflow/example_dags/example_setup_teardown.py took 0.044 seconds
[2024-11-04T13:25:46.033-0800] {processor.py:186} INFO - Started process (PID=53641) to work on /opt/anaconda3/lib/python3.12/site-packages/airflow/example_dags/example_setup_teardown.py
[2024-11-04T13:25:46.034-0800] {processor.py:914} INFO - Processing file /opt/anaconda3/lib/python3.12/site-packages/airflow/example_dags/example_setup_teardown.py for tasks to queue
[2024-11-04T13:25:46.034-0800] {logging_mixin.py:190} INFO - [2024-11-04T13:25:46.034-0800] {dagbag.py:588} INFO - Filling up the DagBag from /opt/anaconda3/lib/python3.12/site-packages/airflow/example_dags/example_setup_teardown.py
[2024-11-04T13:25:46.037-0800] {processor.py:925} INFO - DAG(s) 'example_setup_teardown' retrieved from /opt/anaconda3/lib/python3.12/site-packages/airflow/example_dags/example_setup_teardown.py
[2024-11-04T13:25:46.067-0800] {logging_mixin.py:190} INFO - [2024-11-04T13:25:46.067-0800] {dag.py:3239} INFO - Sync 1 DAGs
[2024-11-04T13:25:46.072-0800] {logging_mixin.py:190} INFO - [2024-11-04T13:25:46.072-0800] {dag.py:4180} INFO - Setting next_dagrun for example_setup_teardown to None, run_after=None
[2024-11-04T13:25:46.079-0800] {processor.py:208} INFO - Processing /opt/anaconda3/lib/python3.12/site-packages/airflow/example_dags/example_setup_teardown.py took 0.047 seconds
[2024-11-04T13:27:02.257-0800] {processor.py:186} INFO - Started process (PID=53731) to work on /opt/anaconda3/lib/python3.12/site-packages/airflow/example_dags/example_setup_teardown.py
[2024-11-04T13:27:02.258-0800] {processor.py:914} INFO - Processing file /opt/anaconda3/lib/python3.12/site-packages/airflow/example_dags/example_setup_teardown.py for tasks to queue
[2024-11-04T13:27:02.259-0800] {logging_mixin.py:190} INFO - [2024-11-04T13:27:02.258-0800] {dagbag.py:588} INFO - Filling up the DagBag from /opt/anaconda3/lib/python3.12/site-packages/airflow/example_dags/example_setup_teardown.py
[2024-11-04T13:27:02.262-0800] {processor.py:925} INFO - DAG(s) 'example_setup_teardown' retrieved from /opt/anaconda3/lib/python3.12/site-packages/airflow/example_dags/example_setup_teardown.py
[2024-11-04T13:27:02.292-0800] {logging_mixin.py:190} INFO - [2024-11-04T13:27:02.292-0800] {dag.py:3239} INFO - Sync 1 DAGs
[2024-11-04T13:27:02.296-0800] {logging_mixin.py:190} INFO - [2024-11-04T13:27:02.295-0800] {dag.py:4180} INFO - Setting next_dagrun for example_setup_teardown to None, run_after=None
[2024-11-04T13:27:02.301-0800] {processor.py:208} INFO - Processing /opt/anaconda3/lib/python3.12/site-packages/airflow/example_dags/example_setup_teardown.py took 0.046 seconds
[2024-11-04T13:29:24.117-0800] {processor.py:186} INFO - Started process (PID=53905) to work on /opt/anaconda3/lib/python3.12/site-packages/airflow/example_dags/example_setup_teardown.py
[2024-11-04T13:29:24.118-0800] {processor.py:914} INFO - Processing file /opt/anaconda3/lib/python3.12/site-packages/airflow/example_dags/example_setup_teardown.py for tasks to queue
[2024-11-04T13:29:24.118-0800] {logging_mixin.py:190} INFO - [2024-11-04T13:29:24.118-0800] {dagbag.py:588} INFO - Filling up the DagBag from /opt/anaconda3/lib/python3.12/site-packages/airflow/example_dags/example_setup_teardown.py
[2024-11-04T13:29:24.121-0800] {processor.py:925} INFO - DAG(s) 'example_setup_teardown' retrieved from /opt/anaconda3/lib/python3.12/site-packages/airflow/example_dags/example_setup_teardown.py
[2024-11-04T13:29:24.153-0800] {logging_mixin.py:190} INFO - [2024-11-04T13:29:24.153-0800] {dag.py:3239} INFO - Sync 1 DAGs
[2024-11-04T13:29:24.156-0800] {logging_mixin.py:190} INFO - [2024-11-04T13:29:24.156-0800] {dag.py:4180} INFO - Setting next_dagrun for example_setup_teardown to None, run_after=None
[2024-11-04T13:29:24.162-0800] {processor.py:208} INFO - Processing /opt/anaconda3/lib/python3.12/site-packages/airflow/example_dags/example_setup_teardown.py took 0.046 seconds
[2024-11-04T13:31:48.308-0800] {processor.py:186} INFO - Started process (PID=54081) to work on /opt/anaconda3/lib/python3.12/site-packages/airflow/example_dags/example_setup_teardown.py
[2024-11-04T13:31:48.309-0800] {processor.py:914} INFO - Processing file /opt/anaconda3/lib/python3.12/site-packages/airflow/example_dags/example_setup_teardown.py for tasks to queue
[2024-11-04T13:31:48.309-0800] {logging_mixin.py:190} INFO - [2024-11-04T13:31:48.309-0800] {dagbag.py:588} INFO - Filling up the DagBag from /opt/anaconda3/lib/python3.12/site-packages/airflow/example_dags/example_setup_teardown.py
[2024-11-04T13:31:48.312-0800] {processor.py:925} INFO - DAG(s) 'example_setup_teardown' retrieved from /opt/anaconda3/lib/python3.12/site-packages/airflow/example_dags/example_setup_teardown.py
[2024-11-04T13:31:48.343-0800] {logging_mixin.py:190} INFO - [2024-11-04T13:31:48.343-0800] {dag.py:3239} INFO - Sync 1 DAGs
[2024-11-04T13:31:48.347-0800] {logging_mixin.py:190} INFO - [2024-11-04T13:31:48.347-0800] {dag.py:4180} INFO - Setting next_dagrun for example_setup_teardown to None, run_after=None
[2024-11-04T13:31:48.353-0800] {processor.py:208} INFO - Processing /opt/anaconda3/lib/python3.12/site-packages/airflow/example_dags/example_setup_teardown.py took 0.046 seconds
[2024-11-04T13:33:04.232-0800] {processor.py:186} INFO - Started process (PID=54169) to work on /opt/anaconda3/lib/python3.12/site-packages/airflow/example_dags/example_setup_teardown.py
[2024-11-04T13:33:04.233-0800] {processor.py:914} INFO - Processing file /opt/anaconda3/lib/python3.12/site-packages/airflow/example_dags/example_setup_teardown.py for tasks to queue
[2024-11-04T13:33:04.233-0800] {logging_mixin.py:190} INFO - [2024-11-04T13:33:04.233-0800] {dagbag.py:588} INFO - Filling up the DagBag from /opt/anaconda3/lib/python3.12/site-packages/airflow/example_dags/example_setup_teardown.py
[2024-11-04T13:33:04.236-0800] {processor.py:925} INFO - DAG(s) 'example_setup_teardown' retrieved from /opt/anaconda3/lib/python3.12/site-packages/airflow/example_dags/example_setup_teardown.py
[2024-11-04T13:33:04.266-0800] {logging_mixin.py:190} INFO - [2024-11-04T13:33:04.266-0800] {dag.py:3239} INFO - Sync 1 DAGs
[2024-11-04T13:33:04.270-0800] {logging_mixin.py:190} INFO - [2024-11-04T13:33:04.269-0800] {dag.py:4180} INFO - Setting next_dagrun for example_setup_teardown to None, run_after=None
[2024-11-04T13:33:04.275-0800] {processor.py:208} INFO - Processing /opt/anaconda3/lib/python3.12/site-packages/airflow/example_dags/example_setup_teardown.py took 0.045 seconds
[2024-11-04T13:35:25.475-0800] {processor.py:186} INFO - Started process (PID=54367) to work on /opt/anaconda3/lib/python3.12/site-packages/airflow/example_dags/example_setup_teardown.py
[2024-11-04T13:35:25.475-0800] {processor.py:914} INFO - Processing file /opt/anaconda3/lib/python3.12/site-packages/airflow/example_dags/example_setup_teardown.py for tasks to queue
[2024-11-04T13:35:25.475-0800] {logging_mixin.py:190} INFO - [2024-11-04T13:35:25.475-0800] {dagbag.py:588} INFO - Filling up the DagBag from /opt/anaconda3/lib/python3.12/site-packages/airflow/example_dags/example_setup_teardown.py
[2024-11-04T13:35:25.478-0800] {processor.py:925} INFO - DAG(s) 'example_setup_teardown' retrieved from /opt/anaconda3/lib/python3.12/site-packages/airflow/example_dags/example_setup_teardown.py
[2024-11-04T13:35:25.509-0800] {logging_mixin.py:190} INFO - [2024-11-04T13:35:25.509-0800] {dag.py:3239} INFO - Sync 1 DAGs
[2024-11-04T13:35:25.513-0800] {logging_mixin.py:190} INFO - [2024-11-04T13:35:25.513-0800] {dag.py:4180} INFO - Setting next_dagrun for example_setup_teardown to None, run_after=None
[2024-11-04T13:35:25.519-0800] {processor.py:208} INFO - Processing /opt/anaconda3/lib/python3.12/site-packages/airflow/example_dags/example_setup_teardown.py took 0.045 seconds
[2024-11-04T13:37:44.128-0800] {processor.py:186} INFO - Started process (PID=54546) to work on /opt/anaconda3/lib/python3.12/site-packages/airflow/example_dags/example_setup_teardown.py
[2024-11-04T13:37:44.129-0800] {processor.py:914} INFO - Processing file /opt/anaconda3/lib/python3.12/site-packages/airflow/example_dags/example_setup_teardown.py for tasks to queue
[2024-11-04T13:37:44.129-0800] {logging_mixin.py:190} INFO - [2024-11-04T13:37:44.129-0800] {dagbag.py:588} INFO - Filling up the DagBag from /opt/anaconda3/lib/python3.12/site-packages/airflow/example_dags/example_setup_teardown.py
[2024-11-04T13:37:44.132-0800] {processor.py:925} INFO - DAG(s) 'example_setup_teardown' retrieved from /opt/anaconda3/lib/python3.12/site-packages/airflow/example_dags/example_setup_teardown.py
[2024-11-04T13:37:44.162-0800] {logging_mixin.py:190} INFO - [2024-11-04T13:37:44.162-0800] {dag.py:3239} INFO - Sync 1 DAGs
[2024-11-04T13:37:44.166-0800] {logging_mixin.py:190} INFO - [2024-11-04T13:37:44.166-0800] {dag.py:4180} INFO - Setting next_dagrun for example_setup_teardown to None, run_after=None
[2024-11-04T13:37:44.171-0800] {processor.py:208} INFO - Processing /opt/anaconda3/lib/python3.12/site-packages/airflow/example_dags/example_setup_teardown.py took 0.045 seconds
[2024-11-04T13:40:11.819-0800] {processor.py:186} INFO - Started process (PID=54744) to work on /opt/anaconda3/lib/python3.12/site-packages/airflow/example_dags/example_setup_teardown.py
[2024-11-04T13:40:11.820-0800] {processor.py:914} INFO - Processing file /opt/anaconda3/lib/python3.12/site-packages/airflow/example_dags/example_setup_teardown.py for tasks to queue
[2024-11-04T13:40:11.821-0800] {logging_mixin.py:190} INFO - [2024-11-04T13:40:11.821-0800] {dagbag.py:588} INFO - Filling up the DagBag from /opt/anaconda3/lib/python3.12/site-packages/airflow/example_dags/example_setup_teardown.py
[2024-11-04T13:40:11.824-0800] {processor.py:925} INFO - DAG(s) 'example_setup_teardown' retrieved from /opt/anaconda3/lib/python3.12/site-packages/airflow/example_dags/example_setup_teardown.py
[2024-11-04T13:40:11.855-0800] {logging_mixin.py:190} INFO - [2024-11-04T13:40:11.855-0800] {dag.py:3239} INFO - Sync 1 DAGs
[2024-11-04T13:40:11.859-0800] {logging_mixin.py:190} INFO - [2024-11-04T13:40:11.859-0800] {dag.py:4180} INFO - Setting next_dagrun for example_setup_teardown to None, run_after=None
[2024-11-04T13:40:11.865-0800] {processor.py:208} INFO - Processing /opt/anaconda3/lib/python3.12/site-packages/airflow/example_dags/example_setup_teardown.py took 0.048 seconds
[2024-11-04T13:42:33.974-0800] {processor.py:186} INFO - Started process (PID=54910) to work on /opt/anaconda3/lib/python3.12/site-packages/airflow/example_dags/example_setup_teardown.py
[2024-11-04T13:42:33.975-0800] {processor.py:914} INFO - Processing file /opt/anaconda3/lib/python3.12/site-packages/airflow/example_dags/example_setup_teardown.py for tasks to queue
[2024-11-04T13:42:33.976-0800] {logging_mixin.py:190} INFO - [2024-11-04T13:42:33.976-0800] {dagbag.py:588} INFO - Filling up the DagBag from /opt/anaconda3/lib/python3.12/site-packages/airflow/example_dags/example_setup_teardown.py
[2024-11-04T13:42:33.979-0800] {processor.py:925} INFO - DAG(s) 'example_setup_teardown' retrieved from /opt/anaconda3/lib/python3.12/site-packages/airflow/example_dags/example_setup_teardown.py
[2024-11-04T13:42:34.009-0800] {logging_mixin.py:190} INFO - [2024-11-04T13:42:34.009-0800] {dag.py:3239} INFO - Sync 1 DAGs
[2024-11-04T13:42:34.012-0800] {logging_mixin.py:190} INFO - [2024-11-04T13:42:34.012-0800] {dag.py:4180} INFO - Setting next_dagrun for example_setup_teardown to None, run_after=None
[2024-11-04T13:42:34.018-0800] {processor.py:208} INFO - Processing /opt/anaconda3/lib/python3.12/site-packages/airflow/example_dags/example_setup_teardown.py took 0.045 seconds
[2024-11-04T13:44:59.848-0800] {processor.py:186} INFO - Started process (PID=55084) to work on /opt/anaconda3/lib/python3.12/site-packages/airflow/example_dags/example_setup_teardown.py
[2024-11-04T13:44:59.849-0800] {processor.py:914} INFO - Processing file /opt/anaconda3/lib/python3.12/site-packages/airflow/example_dags/example_setup_teardown.py for tasks to queue
[2024-11-04T13:44:59.850-0800] {logging_mixin.py:190} INFO - [2024-11-04T13:44:59.850-0800] {dagbag.py:588} INFO - Filling up the DagBag from /opt/anaconda3/lib/python3.12/site-packages/airflow/example_dags/example_setup_teardown.py
[2024-11-04T13:44:59.853-0800] {processor.py:925} INFO - DAG(s) 'example_setup_teardown' retrieved from /opt/anaconda3/lib/python3.12/site-packages/airflow/example_dags/example_setup_teardown.py
[2024-11-04T13:44:59.883-0800] {logging_mixin.py:190} INFO - [2024-11-04T13:44:59.882-0800] {dag.py:3239} INFO - Sync 1 DAGs
[2024-11-04T13:44:59.886-0800] {logging_mixin.py:190} INFO - [2024-11-04T13:44:59.886-0800] {dag.py:4180} INFO - Setting next_dagrun for example_setup_teardown to None, run_after=None
[2024-11-04T13:44:59.892-0800] {processor.py:208} INFO - Processing /opt/anaconda3/lib/python3.12/site-packages/airflow/example_dags/example_setup_teardown.py took 0.045 seconds
[2024-11-04T13:47:23.447-0800] {processor.py:186} INFO - Started process (PID=55257) to work on /opt/anaconda3/lib/python3.12/site-packages/airflow/example_dags/example_setup_teardown.py
[2024-11-04T13:47:23.447-0800] {processor.py:914} INFO - Processing file /opt/anaconda3/lib/python3.12/site-packages/airflow/example_dags/example_setup_teardown.py for tasks to queue
[2024-11-04T13:47:23.448-0800] {logging_mixin.py:190} INFO - [2024-11-04T13:47:23.448-0800] {dagbag.py:588} INFO - Filling up the DagBag from /opt/anaconda3/lib/python3.12/site-packages/airflow/example_dags/example_setup_teardown.py
[2024-11-04T13:47:23.450-0800] {processor.py:925} INFO - DAG(s) 'example_setup_teardown' retrieved from /opt/anaconda3/lib/python3.12/site-packages/airflow/example_dags/example_setup_teardown.py
[2024-11-04T13:47:23.480-0800] {logging_mixin.py:190} INFO - [2024-11-04T13:47:23.480-0800] {dag.py:3239} INFO - Sync 1 DAGs
[2024-11-04T13:47:23.484-0800] {logging_mixin.py:190} INFO - [2024-11-04T13:47:23.484-0800] {dag.py:4180} INFO - Setting next_dagrun for example_setup_teardown to None, run_after=None
[2024-11-04T13:47:23.490-0800] {processor.py:208} INFO - Processing /opt/anaconda3/lib/python3.12/site-packages/airflow/example_dags/example_setup_teardown.py took 0.044 seconds
[2024-11-04T13:49:40.470-0800] {processor.py:186} INFO - Started process (PID=55438) to work on /opt/anaconda3/lib/python3.12/site-packages/airflow/example_dags/example_setup_teardown.py
[2024-11-04T13:49:40.470-0800] {processor.py:914} INFO - Processing file /opt/anaconda3/lib/python3.12/site-packages/airflow/example_dags/example_setup_teardown.py for tasks to queue
[2024-11-04T13:49:40.471-0800] {logging_mixin.py:190} INFO - [2024-11-04T13:49:40.471-0800] {dagbag.py:588} INFO - Filling up the DagBag from /opt/anaconda3/lib/python3.12/site-packages/airflow/example_dags/example_setup_teardown.py
[2024-11-04T13:49:40.474-0800] {processor.py:925} INFO - DAG(s) 'example_setup_teardown' retrieved from /opt/anaconda3/lib/python3.12/site-packages/airflow/example_dags/example_setup_teardown.py
[2024-11-04T13:49:40.504-0800] {logging_mixin.py:190} INFO - [2024-11-04T13:49:40.503-0800] {dag.py:3239} INFO - Sync 1 DAGs
[2024-11-04T13:49:40.507-0800] {logging_mixin.py:190} INFO - [2024-11-04T13:49:40.507-0800] {dag.py:4180} INFO - Setting next_dagrun for example_setup_teardown to None, run_after=None
[2024-11-04T13:49:40.513-0800] {processor.py:208} INFO - Processing /opt/anaconda3/lib/python3.12/site-packages/airflow/example_dags/example_setup_teardown.py took 0.044 seconds
[2024-11-04T13:52:06.001-0800] {processor.py:186} INFO - Started process (PID=55607) to work on /opt/anaconda3/lib/python3.12/site-packages/airflow/example_dags/example_setup_teardown.py
[2024-11-04T13:52:06.002-0800] {processor.py:914} INFO - Processing file /opt/anaconda3/lib/python3.12/site-packages/airflow/example_dags/example_setup_teardown.py for tasks to queue
[2024-11-04T13:52:06.003-0800] {logging_mixin.py:190} INFO - [2024-11-04T13:52:06.002-0800] {dagbag.py:588} INFO - Filling up the DagBag from /opt/anaconda3/lib/python3.12/site-packages/airflow/example_dags/example_setup_teardown.py
[2024-11-04T13:52:06.006-0800] {processor.py:925} INFO - DAG(s) 'example_setup_teardown' retrieved from /opt/anaconda3/lib/python3.12/site-packages/airflow/example_dags/example_setup_teardown.py
[2024-11-04T13:52:06.037-0800] {logging_mixin.py:190} INFO - [2024-11-04T13:52:06.037-0800] {dag.py:3239} INFO - Sync 1 DAGs
[2024-11-04T13:52:06.040-0800] {logging_mixin.py:190} INFO - [2024-11-04T13:52:06.040-0800] {dag.py:4180} INFO - Setting next_dagrun for example_setup_teardown to None, run_after=None
[2024-11-04T13:52:06.047-0800] {processor.py:208} INFO - Processing /opt/anaconda3/lib/python3.12/site-packages/airflow/example_dags/example_setup_teardown.py took 0.046 seconds
[2024-11-04T13:53:21.378-0800] {processor.py:186} INFO - Started process (PID=55692) to work on /opt/anaconda3/lib/python3.12/site-packages/airflow/example_dags/example_setup_teardown.py
[2024-11-04T13:53:21.379-0800] {processor.py:914} INFO - Processing file /opt/anaconda3/lib/python3.12/site-packages/airflow/example_dags/example_setup_teardown.py for tasks to queue
[2024-11-04T13:53:21.379-0800] {logging_mixin.py:190} INFO - [2024-11-04T13:53:21.379-0800] {dagbag.py:588} INFO - Filling up the DagBag from /opt/anaconda3/lib/python3.12/site-packages/airflow/example_dags/example_setup_teardown.py
[2024-11-04T13:53:21.382-0800] {processor.py:925} INFO - DAG(s) 'example_setup_teardown' retrieved from /opt/anaconda3/lib/python3.12/site-packages/airflow/example_dags/example_setup_teardown.py
[2024-11-04T13:53:21.419-0800] {logging_mixin.py:190} INFO - [2024-11-04T13:53:21.418-0800] {dag.py:3239} INFO - Sync 1 DAGs
[2024-11-04T13:53:21.422-0800] {logging_mixin.py:190} INFO - [2024-11-04T13:53:21.422-0800] {dag.py:4180} INFO - Setting next_dagrun for example_setup_teardown to None, run_after=None
[2024-11-04T13:53:21.428-0800] {processor.py:208} INFO - Processing /opt/anaconda3/lib/python3.12/site-packages/airflow/example_dags/example_setup_teardown.py took 0.052 seconds
[2024-11-04T13:54:38.174-0800] {processor.py:186} INFO - Started process (PID=55790) to work on /opt/anaconda3/lib/python3.12/site-packages/airflow/example_dags/example_setup_teardown.py
[2024-11-04T13:54:38.175-0800] {processor.py:914} INFO - Processing file /opt/anaconda3/lib/python3.12/site-packages/airflow/example_dags/example_setup_teardown.py for tasks to queue
[2024-11-04T13:54:38.176-0800] {logging_mixin.py:190} INFO - [2024-11-04T13:54:38.175-0800] {dagbag.py:588} INFO - Filling up the DagBag from /opt/anaconda3/lib/python3.12/site-packages/airflow/example_dags/example_setup_teardown.py
[2024-11-04T13:54:38.178-0800] {processor.py:925} INFO - DAG(s) 'example_setup_teardown' retrieved from /opt/anaconda3/lib/python3.12/site-packages/airflow/example_dags/example_setup_teardown.py
[2024-11-04T13:54:38.211-0800] {logging_mixin.py:190} INFO - [2024-11-04T13:54:38.211-0800] {dag.py:3239} INFO - Sync 1 DAGs
[2024-11-04T13:54:38.215-0800] {logging_mixin.py:190} INFO - [2024-11-04T13:54:38.215-0800] {dag.py:4180} INFO - Setting next_dagrun for example_setup_teardown to None, run_after=None
[2024-11-04T13:54:38.221-0800] {processor.py:208} INFO - Processing /opt/anaconda3/lib/python3.12/site-packages/airflow/example_dags/example_setup_teardown.py took 0.048 seconds
[2024-11-04T13:57:07.090-0800] {processor.py:186} INFO - Started process (PID=55990) to work on /opt/anaconda3/lib/python3.12/site-packages/airflow/example_dags/example_setup_teardown.py
[2024-11-04T13:57:07.091-0800] {processor.py:914} INFO - Processing file /opt/anaconda3/lib/python3.12/site-packages/airflow/example_dags/example_setup_teardown.py for tasks to queue
[2024-11-04T13:57:07.091-0800] {logging_mixin.py:190} INFO - [2024-11-04T13:57:07.091-0800] {dagbag.py:588} INFO - Filling up the DagBag from /opt/anaconda3/lib/python3.12/site-packages/airflow/example_dags/example_setup_teardown.py
[2024-11-04T13:57:07.095-0800] {processor.py:925} INFO - DAG(s) 'example_setup_teardown' retrieved from /opt/anaconda3/lib/python3.12/site-packages/airflow/example_dags/example_setup_teardown.py
[2024-11-04T13:57:07.129-0800] {logging_mixin.py:190} INFO - [2024-11-04T13:57:07.129-0800] {dag.py:3239} INFO - Sync 1 DAGs
[2024-11-04T13:57:07.133-0800] {logging_mixin.py:190} INFO - [2024-11-04T13:57:07.133-0800] {dag.py:4180} INFO - Setting next_dagrun for example_setup_teardown to None, run_after=None
[2024-11-04T13:57:07.139-0800] {processor.py:208} INFO - Processing /opt/anaconda3/lib/python3.12/site-packages/airflow/example_dags/example_setup_teardown.py took 0.050 seconds
[2024-11-04T13:59:35.114-0800] {processor.py:186} INFO - Started process (PID=56169) to work on /opt/anaconda3/lib/python3.12/site-packages/airflow/example_dags/example_setup_teardown.py
[2024-11-04T13:59:35.115-0800] {processor.py:914} INFO - Processing file /opt/anaconda3/lib/python3.12/site-packages/airflow/example_dags/example_setup_teardown.py for tasks to queue
[2024-11-04T13:59:35.115-0800] {logging_mixin.py:190} INFO - [2024-11-04T13:59:35.115-0800] {dagbag.py:588} INFO - Filling up the DagBag from /opt/anaconda3/lib/python3.12/site-packages/airflow/example_dags/example_setup_teardown.py
[2024-11-04T13:59:35.119-0800] {processor.py:925} INFO - DAG(s) 'example_setup_teardown' retrieved from /opt/anaconda3/lib/python3.12/site-packages/airflow/example_dags/example_setup_teardown.py
[2024-11-04T13:59:35.152-0800] {logging_mixin.py:190} INFO - [2024-11-04T13:59:35.152-0800] {dag.py:3239} INFO - Sync 1 DAGs
[2024-11-04T13:59:35.157-0800] {logging_mixin.py:190} INFO - [2024-11-04T13:59:35.156-0800] {dag.py:4180} INFO - Setting next_dagrun for example_setup_teardown to None, run_after=None
[2024-11-04T13:59:35.163-0800] {processor.py:208} INFO - Processing /opt/anaconda3/lib/python3.12/site-packages/airflow/example_dags/example_setup_teardown.py took 0.050 seconds
[2024-11-04T14:02:02.605-0800] {processor.py:186} INFO - Started process (PID=56420) to work on /opt/anaconda3/lib/python3.12/site-packages/airflow/example_dags/example_setup_teardown.py
[2024-11-04T14:02:02.606-0800] {processor.py:914} INFO - Processing file /opt/anaconda3/lib/python3.12/site-packages/airflow/example_dags/example_setup_teardown.py for tasks to queue
[2024-11-04T14:02:02.606-0800] {logging_mixin.py:190} INFO - [2024-11-04T14:02:02.606-0800] {dagbag.py:588} INFO - Filling up the DagBag from /opt/anaconda3/lib/python3.12/site-packages/airflow/example_dags/example_setup_teardown.py
[2024-11-04T14:02:02.609-0800] {processor.py:925} INFO - DAG(s) 'example_setup_teardown' retrieved from /opt/anaconda3/lib/python3.12/site-packages/airflow/example_dags/example_setup_teardown.py
[2024-11-04T14:02:02.642-0800] {logging_mixin.py:190} INFO - [2024-11-04T14:02:02.642-0800] {dag.py:3239} INFO - Sync 1 DAGs
[2024-11-04T14:02:02.647-0800] {logging_mixin.py:190} INFO - [2024-11-04T14:02:02.647-0800] {dag.py:4180} INFO - Setting next_dagrun for example_setup_teardown to None, run_after=None
[2024-11-04T14:02:02.654-0800] {processor.py:208} INFO - Processing /opt/anaconda3/lib/python3.12/site-packages/airflow/example_dags/example_setup_teardown.py took 0.050 seconds
[2024-11-04T14:04:29.203-0800] {processor.py:186} INFO - Started process (PID=56632) to work on /opt/anaconda3/lib/python3.12/site-packages/airflow/example_dags/example_setup_teardown.py
[2024-11-04T14:04:29.204-0800] {processor.py:914} INFO - Processing file /opt/anaconda3/lib/python3.12/site-packages/airflow/example_dags/example_setup_teardown.py for tasks to queue
[2024-11-04T14:04:29.204-0800] {logging_mixin.py:190} INFO - [2024-11-04T14:04:29.204-0800] {dagbag.py:588} INFO - Filling up the DagBag from /opt/anaconda3/lib/python3.12/site-packages/airflow/example_dags/example_setup_teardown.py
[2024-11-04T14:04:29.207-0800] {processor.py:925} INFO - DAG(s) 'example_setup_teardown' retrieved from /opt/anaconda3/lib/python3.12/site-packages/airflow/example_dags/example_setup_teardown.py
[2024-11-04T14:04:29.239-0800] {logging_mixin.py:190} INFO - [2024-11-04T14:04:29.239-0800] {dag.py:3239} INFO - Sync 1 DAGs
[2024-11-04T14:04:29.243-0800] {logging_mixin.py:190} INFO - [2024-11-04T14:04:29.243-0800] {dag.py:4180} INFO - Setting next_dagrun for example_setup_teardown to None, run_after=None
[2024-11-04T14:04:29.249-0800] {processor.py:208} INFO - Processing /opt/anaconda3/lib/python3.12/site-packages/airflow/example_dags/example_setup_teardown.py took 0.047 seconds
[2024-11-04T14:06:53.765-0800] {processor.py:186} INFO - Started process (PID=56904) to work on /opt/anaconda3/lib/python3.12/site-packages/airflow/example_dags/example_setup_teardown.py
[2024-11-04T14:06:53.766-0800] {processor.py:914} INFO - Processing file /opt/anaconda3/lib/python3.12/site-packages/airflow/example_dags/example_setup_teardown.py for tasks to queue
[2024-11-04T14:06:53.766-0800] {logging_mixin.py:190} INFO - [2024-11-04T14:06:53.766-0800] {dagbag.py:588} INFO - Filling up the DagBag from /opt/anaconda3/lib/python3.12/site-packages/airflow/example_dags/example_setup_teardown.py
[2024-11-04T14:06:53.769-0800] {processor.py:925} INFO - DAG(s) 'example_setup_teardown' retrieved from /opt/anaconda3/lib/python3.12/site-packages/airflow/example_dags/example_setup_teardown.py
[2024-11-04T14:06:53.800-0800] {logging_mixin.py:190} INFO - [2024-11-04T14:06:53.800-0800] {dag.py:3239} INFO - Sync 1 DAGs
[2024-11-04T14:06:53.804-0800] {logging_mixin.py:190} INFO - [2024-11-04T14:06:53.804-0800] {dag.py:4180} INFO - Setting next_dagrun for example_setup_teardown to None, run_after=None
[2024-11-04T14:06:53.810-0800] {processor.py:208} INFO - Processing /opt/anaconda3/lib/python3.12/site-packages/airflow/example_dags/example_setup_teardown.py took 0.046 seconds
[2024-11-04T14:09:16.924-0800] {processor.py:186} INFO - Started process (PID=57089) to work on /opt/anaconda3/lib/python3.12/site-packages/airflow/example_dags/example_setup_teardown.py
[2024-11-04T14:09:16.924-0800] {processor.py:914} INFO - Processing file /opt/anaconda3/lib/python3.12/site-packages/airflow/example_dags/example_setup_teardown.py for tasks to queue
[2024-11-04T14:09:16.925-0800] {logging_mixin.py:190} INFO - [2024-11-04T14:09:16.925-0800] {dagbag.py:588} INFO - Filling up the DagBag from /opt/anaconda3/lib/python3.12/site-packages/airflow/example_dags/example_setup_teardown.py
[2024-11-04T14:09:16.928-0800] {processor.py:925} INFO - DAG(s) 'example_setup_teardown' retrieved from /opt/anaconda3/lib/python3.12/site-packages/airflow/example_dags/example_setup_teardown.py
[2024-11-04T14:09:16.959-0800] {logging_mixin.py:190} INFO - [2024-11-04T14:09:16.959-0800] {dag.py:3239} INFO - Sync 1 DAGs
[2024-11-04T14:09:16.963-0800] {logging_mixin.py:190} INFO - [2024-11-04T14:09:16.963-0800] {dag.py:4180} INFO - Setting next_dagrun for example_setup_teardown to None, run_after=None
[2024-11-04T14:09:16.969-0800] {processor.py:208} INFO - Processing /opt/anaconda3/lib/python3.12/site-packages/airflow/example_dags/example_setup_teardown.py took 0.046 seconds
[2024-11-04T14:10:33.690-0800] {processor.py:186} INFO - Started process (PID=57176) to work on /opt/anaconda3/lib/python3.12/site-packages/airflow/example_dags/example_setup_teardown.py
[2024-11-04T14:10:33.691-0800] {processor.py:914} INFO - Processing file /opt/anaconda3/lib/python3.12/site-packages/airflow/example_dags/example_setup_teardown.py for tasks to queue
[2024-11-04T14:10:33.691-0800] {logging_mixin.py:190} INFO - [2024-11-04T14:10:33.691-0800] {dagbag.py:588} INFO - Filling up the DagBag from /opt/anaconda3/lib/python3.12/site-packages/airflow/example_dags/example_setup_teardown.py
[2024-11-04T14:10:33.695-0800] {processor.py:925} INFO - DAG(s) 'example_setup_teardown' retrieved from /opt/anaconda3/lib/python3.12/site-packages/airflow/example_dags/example_setup_teardown.py
[2024-11-04T14:10:33.725-0800] {logging_mixin.py:190} INFO - [2024-11-04T14:10:33.725-0800] {dag.py:3239} INFO - Sync 1 DAGs
[2024-11-04T14:10:33.729-0800] {logging_mixin.py:190} INFO - [2024-11-04T14:10:33.729-0800] {dag.py:4180} INFO - Setting next_dagrun for example_setup_teardown to None, run_after=None
[2024-11-04T14:10:33.734-0800] {processor.py:208} INFO - Processing /opt/anaconda3/lib/python3.12/site-packages/airflow/example_dags/example_setup_teardown.py took 0.045 seconds
[2024-11-04T14:21:24.029-0800] {processor.py:186} INFO - Started process (PID=57817) to work on /opt/anaconda3/lib/python3.12/site-packages/airflow/example_dags/example_setup_teardown.py
[2024-11-04T14:21:24.030-0800] {processor.py:914} INFO - Processing file /opt/anaconda3/lib/python3.12/site-packages/airflow/example_dags/example_setup_teardown.py for tasks to queue
[2024-11-04T14:21:24.030-0800] {logging_mixin.py:190} INFO - [2024-11-04T14:21:24.030-0800] {dagbag.py:588} INFO - Filling up the DagBag from /opt/anaconda3/lib/python3.12/site-packages/airflow/example_dags/example_setup_teardown.py
[2024-11-04T14:21:24.034-0800] {processor.py:925} INFO - DAG(s) 'example_setup_teardown' retrieved from /opt/anaconda3/lib/python3.12/site-packages/airflow/example_dags/example_setup_teardown.py
[2024-11-04T14:21:24.117-0800] {logging_mixin.py:190} INFO - [2024-11-04T14:21:24.117-0800] {override.py:1907} INFO - Created Permission View: can edit on DAG:example_setup_teardown
[2024-11-04T14:21:24.122-0800] {logging_mixin.py:190} INFO - [2024-11-04T14:21:24.122-0800] {override.py:1907} INFO - Created Permission View: can delete on DAG:example_setup_teardown
[2024-11-04T14:21:24.126-0800] {logging_mixin.py:190} INFO - [2024-11-04T14:21:24.126-0800] {override.py:1907} INFO - Created Permission View: can read on DAG:example_setup_teardown
[2024-11-04T14:21:24.131-0800] {logging_mixin.py:190} INFO - [2024-11-04T14:21:24.131-0800] {override.py:1907} INFO - Created Permission View: menu access on DAG Run:example_setup_teardown
[2024-11-04T14:21:24.133-0800] {logging_mixin.py:190} INFO - [2024-11-04T14:21:24.133-0800] {override.py:1907} INFO - Created Permission View: can delete on DAG Run:example_setup_teardown
[2024-11-04T14:21:24.136-0800] {logging_mixin.py:190} INFO - [2024-11-04T14:21:24.136-0800] {override.py:1907} INFO - Created Permission View: can read on DAG Run:example_setup_teardown
[2024-11-04T14:21:24.138-0800] {logging_mixin.py:190} INFO - [2024-11-04T14:21:24.138-0800] {override.py:1907} INFO - Created Permission View: can create on DAG Run:example_setup_teardown
[2024-11-04T14:21:24.138-0800] {logging_mixin.py:190} INFO - [2024-11-04T14:21:24.138-0800] {dag.py:3239} INFO - Sync 1 DAGs
[2024-11-04T14:21:24.143-0800] {logging_mixin.py:190} INFO - [2024-11-04T14:21:24.143-0800] {dag.py:3262} INFO - Creating ORM DAG for example_setup_teardown
[2024-11-04T14:21:24.143-0800] {logging_mixin.py:190} INFO - [2024-11-04T14:21:24.143-0800] {dag.py:4180} INFO - Setting next_dagrun for example_setup_teardown to None, run_after=None
[2024-11-04T14:21:24.151-0800] {processor.py:208} INFO - Processing /opt/anaconda3/lib/python3.12/site-packages/airflow/example_dags/example_setup_teardown.py took 0.123 seconds
[2024-11-04T14:23:38.452-0800] {processor.py:186} INFO - Started process (PID=58103) to work on /opt/anaconda3/lib/python3.12/site-packages/airflow/example_dags/example_setup_teardown.py
[2024-11-04T14:23:38.453-0800] {processor.py:914} INFO - Processing file /opt/anaconda3/lib/python3.12/site-packages/airflow/example_dags/example_setup_teardown.py for tasks to queue
[2024-11-04T14:23:38.453-0800] {logging_mixin.py:190} INFO - [2024-11-04T14:23:38.453-0800] {dagbag.py:588} INFO - Filling up the DagBag from /opt/anaconda3/lib/python3.12/site-packages/airflow/example_dags/example_setup_teardown.py
[2024-11-04T14:23:38.457-0800] {processor.py:925} INFO - DAG(s) 'example_setup_teardown' retrieved from /opt/anaconda3/lib/python3.12/site-packages/airflow/example_dags/example_setup_teardown.py
[2024-11-04T14:23:38.506-0800] {logging_mixin.py:190} INFO - [2024-11-04T14:23:38.506-0800] {dag.py:3239} INFO - Sync 1 DAGs
[2024-11-04T14:23:38.511-0800] {logging_mixin.py:190} INFO - [2024-11-04T14:23:38.511-0800] {dag.py:4180} INFO - Setting next_dagrun for example_setup_teardown to None, run_after=None
[2024-11-04T14:23:38.520-0800] {processor.py:208} INFO - Processing /opt/anaconda3/lib/python3.12/site-packages/airflow/example_dags/example_setup_teardown.py took 0.069 seconds
[2024-11-04T14:31:50.041-0800] {processor.py:186} INFO - Started process (PID=58458) to work on /opt/anaconda3/lib/python3.12/site-packages/airflow/example_dags/example_setup_teardown.py
[2024-11-04T14:31:50.042-0800] {processor.py:914} INFO - Processing file /opt/anaconda3/lib/python3.12/site-packages/airflow/example_dags/example_setup_teardown.py for tasks to queue
[2024-11-04T14:31:50.043-0800] {logging_mixin.py:190} INFO - [2024-11-04T14:31:50.043-0800] {dagbag.py:588} INFO - Filling up the DagBag from /opt/anaconda3/lib/python3.12/site-packages/airflow/example_dags/example_setup_teardown.py
[2024-11-04T14:31:50.046-0800] {processor.py:925} INFO - DAG(s) 'example_setup_teardown' retrieved from /opt/anaconda3/lib/python3.12/site-packages/airflow/example_dags/example_setup_teardown.py
[2024-11-04T14:31:50.093-0800] {logging_mixin.py:190} INFO - [2024-11-04T14:31:50.093-0800] {dag.py:3239} INFO - Sync 1 DAGs
[2024-11-04T14:31:50.098-0800] {logging_mixin.py:190} INFO - [2024-11-04T14:31:50.098-0800] {dag.py:4180} INFO - Setting next_dagrun for example_setup_teardown to None, run_after=None
[2024-11-04T14:31:50.108-0800] {processor.py:208} INFO - Processing /opt/anaconda3/lib/python3.12/site-packages/airflow/example_dags/example_setup_teardown.py took 0.069 seconds
[2024-11-04T15:24:33.979-0800] {processor.py:186} INFO - Started process (PID=58681) to work on /opt/anaconda3/lib/python3.12/site-packages/airflow/example_dags/example_setup_teardown.py
[2024-11-04T15:24:33.980-0800] {processor.py:914} INFO - Processing file /opt/anaconda3/lib/python3.12/site-packages/airflow/example_dags/example_setup_teardown.py for tasks to queue
[2024-11-04T15:24:33.980-0800] {logging_mixin.py:190} INFO - [2024-11-04T15:24:33.980-0800] {dagbag.py:588} INFO - Filling up the DagBag from /opt/anaconda3/lib/python3.12/site-packages/airflow/example_dags/example_setup_teardown.py
[2024-11-04T15:24:33.985-0800] {processor.py:925} INFO - DAG(s) 'example_setup_teardown' retrieved from /opt/anaconda3/lib/python3.12/site-packages/airflow/example_dags/example_setup_teardown.py
[2024-11-04T15:24:34.070-0800] {logging_mixin.py:190} INFO - [2024-11-04T15:24:34.070-0800] {dag.py:3239} INFO - Sync 1 DAGs
[2024-11-04T15:24:34.076-0800] {logging_mixin.py:190} INFO - [2024-11-04T15:24:34.076-0800] {dag.py:4180} INFO - Setting next_dagrun for example_setup_teardown to None, run_after=None
[2024-11-04T15:24:34.086-0800] {processor.py:208} INFO - Processing /opt/anaconda3/lib/python3.12/site-packages/airflow/example_dags/example_setup_teardown.py took 0.109 seconds
[2024-11-04T15:38:01.450-0800] {processor.py:186} INFO - Started process (PID=58829) to work on /opt/anaconda3/lib/python3.12/site-packages/airflow/example_dags/example_setup_teardown.py
[2024-11-04T15:38:01.451-0800] {processor.py:914} INFO - Processing file /opt/anaconda3/lib/python3.12/site-packages/airflow/example_dags/example_setup_teardown.py for tasks to queue
[2024-11-04T15:38:01.452-0800] {logging_mixin.py:190} INFO - [2024-11-04T15:38:01.451-0800] {dagbag.py:588} INFO - Filling up the DagBag from /opt/anaconda3/lib/python3.12/site-packages/airflow/example_dags/example_setup_teardown.py
[2024-11-04T15:38:01.455-0800] {processor.py:925} INFO - DAG(s) 'example_setup_teardown' retrieved from /opt/anaconda3/lib/python3.12/site-packages/airflow/example_dags/example_setup_teardown.py
[2024-11-04T15:38:01.546-0800] {logging_mixin.py:190} INFO - [2024-11-04T15:38:01.546-0800] {dag.py:3239} INFO - Sync 1 DAGs
[2024-11-04T15:38:01.550-0800] {logging_mixin.py:190} INFO - [2024-11-04T15:38:01.550-0800] {dag.py:4180} INFO - Setting next_dagrun for example_setup_teardown to None, run_after=None
[2024-11-04T15:38:01.560-0800] {processor.py:208} INFO - Processing /opt/anaconda3/lib/python3.12/site-packages/airflow/example_dags/example_setup_teardown.py took 0.111 seconds
[2024-11-04T15:55:15.446-0800] {processor.py:186} INFO - Started process (PID=58951) to work on /opt/anaconda3/lib/python3.12/site-packages/airflow/example_dags/example_setup_teardown.py
[2024-11-04T15:55:15.446-0800] {processor.py:914} INFO - Processing file /opt/anaconda3/lib/python3.12/site-packages/airflow/example_dags/example_setup_teardown.py for tasks to queue
[2024-11-04T15:55:15.447-0800] {logging_mixin.py:190} INFO - [2024-11-04T15:55:15.447-0800] {dagbag.py:588} INFO - Filling up the DagBag from /opt/anaconda3/lib/python3.12/site-packages/airflow/example_dags/example_setup_teardown.py
[2024-11-04T15:55:15.450-0800] {processor.py:925} INFO - DAG(s) 'example_setup_teardown' retrieved from /opt/anaconda3/lib/python3.12/site-packages/airflow/example_dags/example_setup_teardown.py
[2024-11-04T15:55:15.491-0800] {logging_mixin.py:190} INFO - [2024-11-04T15:55:15.491-0800] {dag.py:3239} INFO - Sync 1 DAGs
[2024-11-04T15:55:15.496-0800] {logging_mixin.py:190} INFO - [2024-11-04T15:55:15.496-0800] {dag.py:4180} INFO - Setting next_dagrun for example_setup_teardown to None, run_after=None
[2024-11-04T15:55:15.505-0800] {processor.py:208} INFO - Processing /opt/anaconda3/lib/python3.12/site-packages/airflow/example_dags/example_setup_teardown.py took 0.060 seconds
[2024-11-04T15:55:47.118-0800] {processor.py:186} INFO - Started process (PID=59102) to work on /opt/anaconda3/lib/python3.12/site-packages/airflow/example_dags/example_setup_teardown.py
[2024-11-04T15:55:47.118-0800] {processor.py:914} INFO - Processing file /opt/anaconda3/lib/python3.12/site-packages/airflow/example_dags/example_setup_teardown.py for tasks to queue
[2024-11-04T15:55:47.119-0800] {logging_mixin.py:190} INFO - [2024-11-04T15:55:47.119-0800] {dagbag.py:588} INFO - Filling up the DagBag from /opt/anaconda3/lib/python3.12/site-packages/airflow/example_dags/example_setup_teardown.py
[2024-11-04T15:55:47.122-0800] {processor.py:925} INFO - DAG(s) 'example_setup_teardown' retrieved from /opt/anaconda3/lib/python3.12/site-packages/airflow/example_dags/example_setup_teardown.py
[2024-11-04T15:55:47.171-0800] {logging_mixin.py:190} INFO - [2024-11-04T15:55:47.171-0800] {dag.py:3239} INFO - Sync 1 DAGs
[2024-11-04T15:55:47.177-0800] {logging_mixin.py:190} INFO - [2024-11-04T15:55:47.177-0800] {dag.py:4180} INFO - Setting next_dagrun for example_setup_teardown to None, run_after=None
[2024-11-04T15:55:47.186-0800] {processor.py:208} INFO - Processing /opt/anaconda3/lib/python3.12/site-packages/airflow/example_dags/example_setup_teardown.py took 0.070 seconds
