[2024-11-04T12:31:37.756-0800] {processor.py:186} INFO - Started process (PID=49891) to work on /opt/anaconda3/lib/python3.12/site-packages/airflow/example_dags/example_outlet_event_extra.py
[2024-11-04T12:31:37.757-0800] {processor.py:914} INFO - Processing file /opt/anaconda3/lib/python3.12/site-packages/airflow/example_dags/example_outlet_event_extra.py for tasks to queue
[2024-11-04T12:31:37.757-0800] {logging_mixin.py:190} INFO - [2024-11-04T12:31:37.757-0800] {dagbag.py:588} INFO - Filling up the DagBag from /opt/anaconda3/lib/python3.12/site-packages/airflow/example_dags/example_outlet_event_extra.py
[2024-11-04T12:31:37.809-0800] {processor.py:925} INFO - DAG(s) 'dataset_with_extra_by_context', 'dataset_with_extra_by_yield', 'dataset_with_extra_from_classic_operator' retrieved from /opt/anaconda3/lib/python3.12/site-packages/airflow/example_dags/example_outlet_event_extra.py
[2024-11-04T12:31:37.871-0800] {logging_mixin.py:190} INFO - [2024-11-04T12:31:37.871-0800] {dag.py:3239} INFO - Sync 3 DAGs
[2024-11-04T12:31:37.876-0800] {logging_mixin.py:190} INFO - [2024-11-04T12:31:37.876-0800] {dag.py:4180} INFO - Setting next_dagrun for dataset_with_extra_by_context to 2024-11-03 00:00:00+00:00, run_after=2024-11-04 00:00:00+00:00
[2024-11-04T12:31:37.878-0800] {logging_mixin.py:190} INFO - [2024-11-04T12:31:37.877-0800] {dag.py:4180} INFO - Setting next_dagrun for dataset_with_extra_by_yield to 2024-11-03 00:00:00+00:00, run_after=2024-11-04 00:00:00+00:00
[2024-11-04T12:31:37.878-0800] {logging_mixin.py:190} INFO - [2024-11-04T12:31:37.878-0800] {dag.py:4180} INFO - Setting next_dagrun for dataset_with_extra_from_classic_operator to 2024-11-03 00:00:00+00:00, run_after=2024-11-04 00:00:00+00:00
[2024-11-04T12:31:37.886-0800] {processor.py:208} INFO - Processing /opt/anaconda3/lib/python3.12/site-packages/airflow/example_dags/example_outlet_event_extra.py took 0.131 seconds
[2024-11-04T12:42:58.082-0800] {processor.py:186} INFO - Started process (PID=50279) to work on /opt/anaconda3/lib/python3.12/site-packages/airflow/example_dags/example_outlet_event_extra.py
[2024-11-04T12:42:58.082-0800] {processor.py:914} INFO - Processing file /opt/anaconda3/lib/python3.12/site-packages/airflow/example_dags/example_outlet_event_extra.py for tasks to queue
[2024-11-04T12:42:58.083-0800] {logging_mixin.py:190} INFO - [2024-11-04T12:42:58.082-0800] {dagbag.py:588} INFO - Filling up the DagBag from /opt/anaconda3/lib/python3.12/site-packages/airflow/example_dags/example_outlet_event_extra.py
[2024-11-04T12:42:58.134-0800] {processor.py:925} INFO - DAG(s) 'dataset_with_extra_by_context', 'dataset_with_extra_from_classic_operator', 'dataset_with_extra_by_yield' retrieved from /opt/anaconda3/lib/python3.12/site-packages/airflow/example_dags/example_outlet_event_extra.py
[2024-11-04T12:42:58.164-0800] {logging_mixin.py:190} INFO - [2024-11-04T12:42:58.164-0800] {dag.py:3239} INFO - Sync 3 DAGs
[2024-11-04T12:42:58.171-0800] {logging_mixin.py:190} INFO - [2024-11-04T12:42:58.170-0800] {dag.py:4180} INFO - Setting next_dagrun for dataset_with_extra_by_context to 2024-11-03 00:00:00+00:00, run_after=2024-11-04 00:00:00+00:00
[2024-11-04T12:42:58.172-0800] {logging_mixin.py:190} INFO - [2024-11-04T12:42:58.172-0800] {dag.py:4180} INFO - Setting next_dagrun for dataset_with_extra_by_yield to 2024-11-03 00:00:00+00:00, run_after=2024-11-04 00:00:00+00:00
[2024-11-04T12:42:58.172-0800] {logging_mixin.py:190} INFO - [2024-11-04T12:42:58.172-0800] {dag.py:4180} INFO - Setting next_dagrun for dataset_with_extra_from_classic_operator to 2024-11-03 00:00:00+00:00, run_after=2024-11-04 00:00:00+00:00
[2024-11-04T12:42:58.179-0800] {processor.py:208} INFO - Processing /opt/anaconda3/lib/python3.12/site-packages/airflow/example_dags/example_outlet_event_extra.py took 0.098 seconds
[2024-11-04T12:44:41.355-0800] {processor.py:186} INFO - Started process (PID=50400) to work on /opt/anaconda3/lib/python3.12/site-packages/airflow/example_dags/example_outlet_event_extra.py
[2024-11-04T12:44:41.355-0800] {processor.py:914} INFO - Processing file /opt/anaconda3/lib/python3.12/site-packages/airflow/example_dags/example_outlet_event_extra.py for tasks to queue
[2024-11-04T12:44:41.356-0800] {logging_mixin.py:190} INFO - [2024-11-04T12:44:41.356-0800] {dagbag.py:588} INFO - Filling up the DagBag from /opt/anaconda3/lib/python3.12/site-packages/airflow/example_dags/example_outlet_event_extra.py
[2024-11-04T12:44:41.409-0800] {processor.py:925} INFO - DAG(s) 'dataset_with_extra_by_yield', 'dataset_with_extra_from_classic_operator', 'dataset_with_extra_by_context' retrieved from /opt/anaconda3/lib/python3.12/site-packages/airflow/example_dags/example_outlet_event_extra.py
[2024-11-04T12:44:41.451-0800] {logging_mixin.py:190} INFO - [2024-11-04T12:44:41.450-0800] {dag.py:3239} INFO - Sync 3 DAGs
[2024-11-04T12:44:41.458-0800] {logging_mixin.py:190} INFO - [2024-11-04T12:44:41.458-0800] {dag.py:4180} INFO - Setting next_dagrun for dataset_with_extra_by_context to 2024-11-03 00:00:00+00:00, run_after=2024-11-04 00:00:00+00:00
[2024-11-04T12:44:41.460-0800] {logging_mixin.py:190} INFO - [2024-11-04T12:44:41.460-0800] {dag.py:4180} INFO - Setting next_dagrun for dataset_with_extra_by_yield to 2024-11-03 00:00:00+00:00, run_after=2024-11-04 00:00:00+00:00
[2024-11-04T12:44:41.460-0800] {logging_mixin.py:190} INFO - [2024-11-04T12:44:41.460-0800] {dag.py:4180} INFO - Setting next_dagrun for dataset_with_extra_from_classic_operator to 2024-11-03 00:00:00+00:00, run_after=2024-11-04 00:00:00+00:00
[2024-11-04T12:44:41.467-0800] {processor.py:208} INFO - Processing /opt/anaconda3/lib/python3.12/site-packages/airflow/example_dags/example_outlet_event_extra.py took 0.114 seconds
[2024-11-04T12:47:10.760-0800] {processor.py:186} INFO - Started process (PID=50638) to work on /opt/anaconda3/lib/python3.12/site-packages/airflow/example_dags/example_outlet_event_extra.py
[2024-11-04T12:47:10.761-0800] {processor.py:914} INFO - Processing file /opt/anaconda3/lib/python3.12/site-packages/airflow/example_dags/example_outlet_event_extra.py for tasks to queue
[2024-11-04T12:47:10.761-0800] {logging_mixin.py:190} INFO - [2024-11-04T12:47:10.761-0800] {dagbag.py:588} INFO - Filling up the DagBag from /opt/anaconda3/lib/python3.12/site-packages/airflow/example_dags/example_outlet_event_extra.py
[2024-11-04T12:47:10.812-0800] {processor.py:925} INFO - DAG(s) 'dataset_with_extra_by_yield', 'dataset_with_extra_by_context', 'dataset_with_extra_from_classic_operator' retrieved from /opt/anaconda3/lib/python3.12/site-packages/airflow/example_dags/example_outlet_event_extra.py
[2024-11-04T12:47:10.842-0800] {logging_mixin.py:190} INFO - [2024-11-04T12:47:10.842-0800] {dag.py:3239} INFO - Sync 3 DAGs
[2024-11-04T12:47:10.849-0800] {logging_mixin.py:190} INFO - [2024-11-04T12:47:10.849-0800] {dag.py:4180} INFO - Setting next_dagrun for dataset_with_extra_by_context to 2024-11-03 00:00:00+00:00, run_after=2024-11-04 00:00:00+00:00
[2024-11-04T12:47:10.850-0800] {logging_mixin.py:190} INFO - [2024-11-04T12:47:10.850-0800] {dag.py:4180} INFO - Setting next_dagrun for dataset_with_extra_by_yield to 2024-11-03 00:00:00+00:00, run_after=2024-11-04 00:00:00+00:00
[2024-11-04T12:47:10.851-0800] {logging_mixin.py:190} INFO - [2024-11-04T12:47:10.851-0800] {dag.py:4180} INFO - Setting next_dagrun for dataset_with_extra_from_classic_operator to 2024-11-03 00:00:00+00:00, run_after=2024-11-04 00:00:00+00:00
[2024-11-04T12:47:10.857-0800] {processor.py:208} INFO - Processing /opt/anaconda3/lib/python3.12/site-packages/airflow/example_dags/example_outlet_event_extra.py took 0.098 seconds
[2024-11-04T12:49:41.472-0800] {processor.py:186} INFO - Started process (PID=50846) to work on /opt/anaconda3/lib/python3.12/site-packages/airflow/example_dags/example_outlet_event_extra.py
[2024-11-04T12:49:41.473-0800] {processor.py:914} INFO - Processing file /opt/anaconda3/lib/python3.12/site-packages/airflow/example_dags/example_outlet_event_extra.py for tasks to queue
[2024-11-04T12:49:41.473-0800] {logging_mixin.py:190} INFO - [2024-11-04T12:49:41.473-0800] {dagbag.py:588} INFO - Filling up the DagBag from /opt/anaconda3/lib/python3.12/site-packages/airflow/example_dags/example_outlet_event_extra.py
[2024-11-04T12:49:41.528-0800] {processor.py:925} INFO - DAG(s) 'dataset_with_extra_from_classic_operator', 'dataset_with_extra_by_yield', 'dataset_with_extra_by_context' retrieved from /opt/anaconda3/lib/python3.12/site-packages/airflow/example_dags/example_outlet_event_extra.py
[2024-11-04T12:49:41.563-0800] {logging_mixin.py:190} INFO - [2024-11-04T12:49:41.562-0800] {dag.py:3239} INFO - Sync 3 DAGs
[2024-11-04T12:49:41.569-0800] {logging_mixin.py:190} INFO - [2024-11-04T12:49:41.569-0800] {dag.py:4180} INFO - Setting next_dagrun for dataset_with_extra_by_context to 2024-11-03 00:00:00+00:00, run_after=2024-11-04 00:00:00+00:00
[2024-11-04T12:49:41.571-0800] {logging_mixin.py:190} INFO - [2024-11-04T12:49:41.571-0800] {dag.py:4180} INFO - Setting next_dagrun for dataset_with_extra_by_yield to 2024-11-03 00:00:00+00:00, run_after=2024-11-04 00:00:00+00:00
[2024-11-04T12:49:41.571-0800] {logging_mixin.py:190} INFO - [2024-11-04T12:49:41.571-0800] {dag.py:4180} INFO - Setting next_dagrun for dataset_with_extra_from_classic_operator to 2024-11-03 00:00:00+00:00, run_after=2024-11-04 00:00:00+00:00
[2024-11-04T12:49:41.578-0800] {processor.py:208} INFO - Processing /opt/anaconda3/lib/python3.12/site-packages/airflow/example_dags/example_outlet_event_extra.py took 0.107 seconds
[2024-11-04T12:52:08.365-0800] {processor.py:186} INFO - Started process (PID=51060) to work on /opt/anaconda3/lib/python3.12/site-packages/airflow/example_dags/example_outlet_event_extra.py
[2024-11-04T12:52:08.366-0800] {processor.py:914} INFO - Processing file /opt/anaconda3/lib/python3.12/site-packages/airflow/example_dags/example_outlet_event_extra.py for tasks to queue
[2024-11-04T12:52:08.366-0800] {logging_mixin.py:190} INFO - [2024-11-04T12:52:08.366-0800] {dagbag.py:588} INFO - Filling up the DagBag from /opt/anaconda3/lib/python3.12/site-packages/airflow/example_dags/example_outlet_event_extra.py
[2024-11-04T12:52:08.417-0800] {processor.py:925} INFO - DAG(s) 'dataset_with_extra_from_classic_operator', 'dataset_with_extra_by_context', 'dataset_with_extra_by_yield' retrieved from /opt/anaconda3/lib/python3.12/site-packages/airflow/example_dags/example_outlet_event_extra.py
[2024-11-04T12:52:08.448-0800] {logging_mixin.py:190} INFO - [2024-11-04T12:52:08.448-0800] {dag.py:3239} INFO - Sync 3 DAGs
[2024-11-04T12:52:08.454-0800] {logging_mixin.py:190} INFO - [2024-11-04T12:52:08.454-0800] {dag.py:4180} INFO - Setting next_dagrun for dataset_with_extra_by_context to 2024-11-03 00:00:00+00:00, run_after=2024-11-04 00:00:00+00:00
[2024-11-04T12:52:08.456-0800] {logging_mixin.py:190} INFO - [2024-11-04T12:52:08.456-0800] {dag.py:4180} INFO - Setting next_dagrun for dataset_with_extra_by_yield to 2024-11-03 00:00:00+00:00, run_after=2024-11-04 00:00:00+00:00
[2024-11-04T12:52:08.456-0800] {logging_mixin.py:190} INFO - [2024-11-04T12:52:08.456-0800] {dag.py:4180} INFO - Setting next_dagrun for dataset_with_extra_from_classic_operator to 2024-11-03 00:00:00+00:00, run_after=2024-11-04 00:00:00+00:00
[2024-11-04T12:52:08.462-0800] {processor.py:208} INFO - Processing /opt/anaconda3/lib/python3.12/site-packages/airflow/example_dags/example_outlet_event_extra.py took 0.099 seconds
[2024-11-04T12:54:43.176-0800] {processor.py:186} INFO - Started process (PID=51249) to work on /opt/anaconda3/lib/python3.12/site-packages/airflow/example_dags/example_outlet_event_extra.py
[2024-11-04T12:54:43.178-0800] {processor.py:914} INFO - Processing file /opt/anaconda3/lib/python3.12/site-packages/airflow/example_dags/example_outlet_event_extra.py for tasks to queue
[2024-11-04T12:54:43.178-0800] {logging_mixin.py:190} INFO - [2024-11-04T12:54:43.178-0800] {dagbag.py:588} INFO - Filling up the DagBag from /opt/anaconda3/lib/python3.12/site-packages/airflow/example_dags/example_outlet_event_extra.py
[2024-11-04T12:54:43.242-0800] {processor.py:925} INFO - DAG(s) 'dataset_with_extra_by_yield', 'dataset_with_extra_by_context', 'dataset_with_extra_from_classic_operator' retrieved from /opt/anaconda3/lib/python3.12/site-packages/airflow/example_dags/example_outlet_event_extra.py
[2024-11-04T12:54:43.276-0800] {logging_mixin.py:190} INFO - [2024-11-04T12:54:43.276-0800] {dag.py:3239} INFO - Sync 3 DAGs
[2024-11-04T12:54:43.284-0800] {logging_mixin.py:190} INFO - [2024-11-04T12:54:43.283-0800] {dag.py:4180} INFO - Setting next_dagrun for dataset_with_extra_by_context to 2024-11-03 00:00:00+00:00, run_after=2024-11-04 00:00:00+00:00
[2024-11-04T12:54:43.285-0800] {logging_mixin.py:190} INFO - [2024-11-04T12:54:43.285-0800] {dag.py:4180} INFO - Setting next_dagrun for dataset_with_extra_by_yield to 2024-11-03 00:00:00+00:00, run_after=2024-11-04 00:00:00+00:00
[2024-11-04T12:54:43.286-0800] {logging_mixin.py:190} INFO - [2024-11-04T12:54:43.286-0800] {dag.py:4180} INFO - Setting next_dagrun for dataset_with_extra_from_classic_operator to 2024-11-03 00:00:00+00:00, run_after=2024-11-04 00:00:00+00:00
[2024-11-04T12:54:43.292-0800] {processor.py:208} INFO - Processing /opt/anaconda3/lib/python3.12/site-packages/airflow/example_dags/example_outlet_event_extra.py took 0.117 seconds
[2024-11-04T12:57:14.557-0800] {processor.py:186} INFO - Started process (PID=51428) to work on /opt/anaconda3/lib/python3.12/site-packages/airflow/example_dags/example_outlet_event_extra.py
[2024-11-04T12:57:14.558-0800] {processor.py:914} INFO - Processing file /opt/anaconda3/lib/python3.12/site-packages/airflow/example_dags/example_outlet_event_extra.py for tasks to queue
[2024-11-04T12:57:14.558-0800] {logging_mixin.py:190} INFO - [2024-11-04T12:57:14.558-0800] {dagbag.py:588} INFO - Filling up the DagBag from /opt/anaconda3/lib/python3.12/site-packages/airflow/example_dags/example_outlet_event_extra.py
[2024-11-04T12:57:14.602-0800] {processor.py:925} INFO - DAG(s) 'dataset_with_extra_by_context', 'dataset_with_extra_by_yield', 'dataset_with_extra_from_classic_operator' retrieved from /opt/anaconda3/lib/python3.12/site-packages/airflow/example_dags/example_outlet_event_extra.py
[2024-11-04T12:57:14.632-0800] {logging_mixin.py:190} INFO - [2024-11-04T12:57:14.632-0800] {dag.py:3239} INFO - Sync 3 DAGs
[2024-11-04T12:57:14.638-0800] {logging_mixin.py:190} INFO - [2024-11-04T12:57:14.638-0800] {dag.py:4180} INFO - Setting next_dagrun for dataset_with_extra_by_context to 2024-11-03 00:00:00+00:00, run_after=2024-11-04 00:00:00+00:00
[2024-11-04T12:57:14.640-0800] {logging_mixin.py:190} INFO - [2024-11-04T12:57:14.639-0800] {dag.py:4180} INFO - Setting next_dagrun for dataset_with_extra_by_yield to 2024-11-03 00:00:00+00:00, run_after=2024-11-04 00:00:00+00:00
[2024-11-04T12:57:14.640-0800] {logging_mixin.py:190} INFO - [2024-11-04T12:57:14.640-0800] {dag.py:4180} INFO - Setting next_dagrun for dataset_with_extra_from_classic_operator to 2024-11-03 00:00:00+00:00, run_after=2024-11-04 00:00:00+00:00
[2024-11-04T12:57:14.646-0800] {processor.py:208} INFO - Processing /opt/anaconda3/lib/python3.12/site-packages/airflow/example_dags/example_outlet_event_extra.py took 0.090 seconds
[2024-11-04T12:59:39.137-0800] {processor.py:186} INFO - Started process (PID=51618) to work on /opt/anaconda3/lib/python3.12/site-packages/airflow/example_dags/example_outlet_event_extra.py
[2024-11-04T12:59:39.137-0800] {processor.py:914} INFO - Processing file /opt/anaconda3/lib/python3.12/site-packages/airflow/example_dags/example_outlet_event_extra.py for tasks to queue
[2024-11-04T12:59:39.138-0800] {logging_mixin.py:190} INFO - [2024-11-04T12:59:39.138-0800] {dagbag.py:588} INFO - Filling up the DagBag from /opt/anaconda3/lib/python3.12/site-packages/airflow/example_dags/example_outlet_event_extra.py
[2024-11-04T12:59:39.189-0800] {processor.py:925} INFO - DAG(s) 'dataset_with_extra_by_yield', 'dataset_with_extra_by_context', 'dataset_with_extra_from_classic_operator' retrieved from /opt/anaconda3/lib/python3.12/site-packages/airflow/example_dags/example_outlet_event_extra.py
[2024-11-04T12:59:39.223-0800] {logging_mixin.py:190} INFO - [2024-11-04T12:59:39.222-0800] {dag.py:3239} INFO - Sync 3 DAGs
[2024-11-04T12:59:39.230-0800] {logging_mixin.py:190} INFO - [2024-11-04T12:59:39.230-0800] {dag.py:4180} INFO - Setting next_dagrun for dataset_with_extra_by_context to 2024-11-03 00:00:00+00:00, run_after=2024-11-04 00:00:00+00:00
[2024-11-04T12:59:39.231-0800] {logging_mixin.py:190} INFO - [2024-11-04T12:59:39.231-0800] {dag.py:4180} INFO - Setting next_dagrun for dataset_with_extra_by_yield to 2024-11-03 00:00:00+00:00, run_after=2024-11-04 00:00:00+00:00
[2024-11-04T12:59:39.232-0800] {logging_mixin.py:190} INFO - [2024-11-04T12:59:39.232-0800] {dag.py:4180} INFO - Setting next_dagrun for dataset_with_extra_from_classic_operator to 2024-11-03 00:00:00+00:00, run_after=2024-11-04 00:00:00+00:00
[2024-11-04T12:59:39.239-0800] {processor.py:208} INFO - Processing /opt/anaconda3/lib/python3.12/site-packages/airflow/example_dags/example_outlet_event_extra.py took 0.103 seconds
[2024-11-04T13:02:11.744-0800] {processor.py:186} INFO - Started process (PID=51806) to work on /opt/anaconda3/lib/python3.12/site-packages/airflow/example_dags/example_outlet_event_extra.py
[2024-11-04T13:02:11.745-0800] {processor.py:914} INFO - Processing file /opt/anaconda3/lib/python3.12/site-packages/airflow/example_dags/example_outlet_event_extra.py for tasks to queue
[2024-11-04T13:02:11.746-0800] {logging_mixin.py:190} INFO - [2024-11-04T13:02:11.746-0800] {dagbag.py:588} INFO - Filling up the DagBag from /opt/anaconda3/lib/python3.12/site-packages/airflow/example_dags/example_outlet_event_extra.py
[2024-11-04T13:02:11.799-0800] {processor.py:925} INFO - DAG(s) 'dataset_with_extra_by_yield', 'dataset_with_extra_by_context', 'dataset_with_extra_from_classic_operator' retrieved from /opt/anaconda3/lib/python3.12/site-packages/airflow/example_dags/example_outlet_event_extra.py
[2024-11-04T13:02:11.830-0800] {logging_mixin.py:190} INFO - [2024-11-04T13:02:11.829-0800] {dag.py:3239} INFO - Sync 3 DAGs
[2024-11-04T13:02:11.836-0800] {logging_mixin.py:190} INFO - [2024-11-04T13:02:11.836-0800] {dag.py:4180} INFO - Setting next_dagrun for dataset_with_extra_by_context to 2024-11-03 00:00:00+00:00, run_after=2024-11-04 00:00:00+00:00
[2024-11-04T13:02:11.837-0800] {logging_mixin.py:190} INFO - [2024-11-04T13:02:11.837-0800] {dag.py:4180} INFO - Setting next_dagrun for dataset_with_extra_by_yield to 2024-11-03 00:00:00+00:00, run_after=2024-11-04 00:00:00+00:00
[2024-11-04T13:02:11.838-0800] {logging_mixin.py:190} INFO - [2024-11-04T13:02:11.838-0800] {dag.py:4180} INFO - Setting next_dagrun for dataset_with_extra_from_classic_operator to 2024-11-03 00:00:00+00:00, run_after=2024-11-04 00:00:00+00:00
[2024-11-04T13:02:11.844-0800] {processor.py:208} INFO - Processing /opt/anaconda3/lib/python3.12/site-packages/airflow/example_dags/example_outlet_event_extra.py took 0.101 seconds
[2024-11-04T13:04:37.922-0800] {processor.py:186} INFO - Started process (PID=52011) to work on /opt/anaconda3/lib/python3.12/site-packages/airflow/example_dags/example_outlet_event_extra.py
[2024-11-04T13:04:37.923-0800] {processor.py:914} INFO - Processing file /opt/anaconda3/lib/python3.12/site-packages/airflow/example_dags/example_outlet_event_extra.py for tasks to queue
[2024-11-04T13:04:37.923-0800] {logging_mixin.py:190} INFO - [2024-11-04T13:04:37.923-0800] {dagbag.py:588} INFO - Filling up the DagBag from /opt/anaconda3/lib/python3.12/site-packages/airflow/example_dags/example_outlet_event_extra.py
[2024-11-04T13:04:37.976-0800] {processor.py:925} INFO - DAG(s) 'dataset_with_extra_by_context', 'dataset_with_extra_from_classic_operator', 'dataset_with_extra_by_yield' retrieved from /opt/anaconda3/lib/python3.12/site-packages/airflow/example_dags/example_outlet_event_extra.py
[2024-11-04T13:04:38.008-0800] {logging_mixin.py:190} INFO - [2024-11-04T13:04:38.008-0800] {dag.py:3239} INFO - Sync 3 DAGs
[2024-11-04T13:04:38.015-0800] {logging_mixin.py:190} INFO - [2024-11-04T13:04:38.015-0800] {dag.py:4180} INFO - Setting next_dagrun for dataset_with_extra_by_context to 2024-11-03 00:00:00+00:00, run_after=2024-11-04 00:00:00+00:00
[2024-11-04T13:04:38.016-0800] {logging_mixin.py:190} INFO - [2024-11-04T13:04:38.016-0800] {dag.py:4180} INFO - Setting next_dagrun for dataset_with_extra_by_yield to 2024-11-03 00:00:00+00:00, run_after=2024-11-04 00:00:00+00:00
[2024-11-04T13:04:38.017-0800] {logging_mixin.py:190} INFO - [2024-11-04T13:04:38.017-0800] {dag.py:4180} INFO - Setting next_dagrun for dataset_with_extra_from_classic_operator to 2024-11-03 00:00:00+00:00, run_after=2024-11-04 00:00:00+00:00
[2024-11-04T13:04:38.024-0800] {processor.py:208} INFO - Processing /opt/anaconda3/lib/python3.12/site-packages/airflow/example_dags/example_outlet_event_extra.py took 0.103 seconds
[2024-11-04T13:07:01.196-0800] {processor.py:186} INFO - Started process (PID=52214) to work on /opt/anaconda3/lib/python3.12/site-packages/airflow/example_dags/example_outlet_event_extra.py
[2024-11-04T13:07:01.198-0800] {processor.py:914} INFO - Processing file /opt/anaconda3/lib/python3.12/site-packages/airflow/example_dags/example_outlet_event_extra.py for tasks to queue
[2024-11-04T13:07:01.198-0800] {logging_mixin.py:190} INFO - [2024-11-04T13:07:01.198-0800] {dagbag.py:588} INFO - Filling up the DagBag from /opt/anaconda3/lib/python3.12/site-packages/airflow/example_dags/example_outlet_event_extra.py
[2024-11-04T13:07:01.247-0800] {processor.py:925} INFO - DAG(s) 'dataset_with_extra_by_yield', 'dataset_with_extra_from_classic_operator', 'dataset_with_extra_by_context' retrieved from /opt/anaconda3/lib/python3.12/site-packages/airflow/example_dags/example_outlet_event_extra.py
[2024-11-04T13:07:01.284-0800] {logging_mixin.py:190} INFO - [2024-11-04T13:07:01.284-0800] {dag.py:3239} INFO - Sync 3 DAGs
[2024-11-04T13:07:01.292-0800] {logging_mixin.py:190} INFO - [2024-11-04T13:07:01.292-0800] {dag.py:4180} INFO - Setting next_dagrun for dataset_with_extra_by_context to 2024-11-03 00:00:00+00:00, run_after=2024-11-04 00:00:00+00:00
[2024-11-04T13:07:01.293-0800] {logging_mixin.py:190} INFO - [2024-11-04T13:07:01.293-0800] {dag.py:4180} INFO - Setting next_dagrun for dataset_with_extra_by_yield to 2024-11-03 00:00:00+00:00, run_after=2024-11-04 00:00:00+00:00
[2024-11-04T13:07:01.294-0800] {logging_mixin.py:190} INFO - [2024-11-04T13:07:01.294-0800] {dag.py:4180} INFO - Setting next_dagrun for dataset_with_extra_from_classic_operator to 2024-11-03 00:00:00+00:00, run_after=2024-11-04 00:00:00+00:00
[2024-11-04T13:07:01.301-0800] {processor.py:208} INFO - Processing /opt/anaconda3/lib/python3.12/site-packages/airflow/example_dags/example_outlet_event_extra.py took 0.105 seconds
[2024-11-04T13:09:26.875-0800] {processor.py:186} INFO - Started process (PID=52405) to work on /opt/anaconda3/lib/python3.12/site-packages/airflow/example_dags/example_outlet_event_extra.py
[2024-11-04T13:09:26.876-0800] {processor.py:914} INFO - Processing file /opt/anaconda3/lib/python3.12/site-packages/airflow/example_dags/example_outlet_event_extra.py for tasks to queue
[2024-11-04T13:09:26.876-0800] {logging_mixin.py:190} INFO - [2024-11-04T13:09:26.876-0800] {dagbag.py:588} INFO - Filling up the DagBag from /opt/anaconda3/lib/python3.12/site-packages/airflow/example_dags/example_outlet_event_extra.py
[2024-11-04T13:09:26.931-0800] {processor.py:925} INFO - DAG(s) 'dataset_with_extra_from_classic_operator', 'dataset_with_extra_by_yield', 'dataset_with_extra_by_context' retrieved from /opt/anaconda3/lib/python3.12/site-packages/airflow/example_dags/example_outlet_event_extra.py
[2024-11-04T13:09:26.962-0800] {logging_mixin.py:190} INFO - [2024-11-04T13:09:26.962-0800] {dag.py:3239} INFO - Sync 3 DAGs
[2024-11-04T13:09:26.968-0800] {logging_mixin.py:190} INFO - [2024-11-04T13:09:26.968-0800] {dag.py:4180} INFO - Setting next_dagrun for dataset_with_extra_by_context to 2024-11-03 00:00:00+00:00, run_after=2024-11-04 00:00:00+00:00
[2024-11-04T13:09:26.970-0800] {logging_mixin.py:190} INFO - [2024-11-04T13:09:26.970-0800] {dag.py:4180} INFO - Setting next_dagrun for dataset_with_extra_by_yield to 2024-11-03 00:00:00+00:00, run_after=2024-11-04 00:00:00+00:00
[2024-11-04T13:09:26.970-0800] {logging_mixin.py:190} INFO - [2024-11-04T13:09:26.970-0800] {dag.py:4180} INFO - Setting next_dagrun for dataset_with_extra_from_classic_operator to 2024-11-03 00:00:00+00:00, run_after=2024-11-04 00:00:00+00:00
[2024-11-04T13:09:26.977-0800] {processor.py:208} INFO - Processing /opt/anaconda3/lib/python3.12/site-packages/airflow/example_dags/example_outlet_event_extra.py took 0.103 seconds
[2024-11-04T13:11:48.394-0800] {processor.py:186} INFO - Started process (PID=52611) to work on /opt/anaconda3/lib/python3.12/site-packages/airflow/example_dags/example_outlet_event_extra.py
[2024-11-04T13:11:48.396-0800] {processor.py:914} INFO - Processing file /opt/anaconda3/lib/python3.12/site-packages/airflow/example_dags/example_outlet_event_extra.py for tasks to queue
[2024-11-04T13:11:48.396-0800] {logging_mixin.py:190} INFO - [2024-11-04T13:11:48.396-0800] {dagbag.py:588} INFO - Filling up the DagBag from /opt/anaconda3/lib/python3.12/site-packages/airflow/example_dags/example_outlet_event_extra.py
[2024-11-04T13:11:48.446-0800] {processor.py:925} INFO - DAG(s) 'dataset_with_extra_by_yield', 'dataset_with_extra_from_classic_operator', 'dataset_with_extra_by_context' retrieved from /opt/anaconda3/lib/python3.12/site-packages/airflow/example_dags/example_outlet_event_extra.py
[2024-11-04T13:11:48.476-0800] {logging_mixin.py:190} INFO - [2024-11-04T13:11:48.476-0800] {dag.py:3239} INFO - Sync 3 DAGs
[2024-11-04T13:11:48.483-0800] {logging_mixin.py:190} INFO - [2024-11-04T13:11:48.483-0800] {dag.py:4180} INFO - Setting next_dagrun for dataset_with_extra_by_context to 2024-11-03 00:00:00+00:00, run_after=2024-11-04 00:00:00+00:00
[2024-11-04T13:11:48.484-0800] {logging_mixin.py:190} INFO - [2024-11-04T13:11:48.484-0800] {dag.py:4180} INFO - Setting next_dagrun for dataset_with_extra_by_yield to 2024-11-03 00:00:00+00:00, run_after=2024-11-04 00:00:00+00:00
[2024-11-04T13:11:48.485-0800] {logging_mixin.py:190} INFO - [2024-11-04T13:11:48.485-0800] {dag.py:4180} INFO - Setting next_dagrun for dataset_with_extra_from_classic_operator to 2024-11-03 00:00:00+00:00, run_after=2024-11-04 00:00:00+00:00
[2024-11-04T13:11:48.491-0800] {processor.py:208} INFO - Processing /opt/anaconda3/lib/python3.12/site-packages/airflow/example_dags/example_outlet_event_extra.py took 0.098 seconds
[2024-11-04T13:14:11.022-0800] {processor.py:186} INFO - Started process (PID=52793) to work on /opt/anaconda3/lib/python3.12/site-packages/airflow/example_dags/example_outlet_event_extra.py
[2024-11-04T13:14:11.024-0800] {processor.py:914} INFO - Processing file /opt/anaconda3/lib/python3.12/site-packages/airflow/example_dags/example_outlet_event_extra.py for tasks to queue
[2024-11-04T13:14:11.024-0800] {logging_mixin.py:190} INFO - [2024-11-04T13:14:11.024-0800] {dagbag.py:588} INFO - Filling up the DagBag from /opt/anaconda3/lib/python3.12/site-packages/airflow/example_dags/example_outlet_event_extra.py
[2024-11-04T13:14:11.074-0800] {processor.py:925} INFO - DAG(s) 'dataset_with_extra_by_context', 'dataset_with_extra_from_classic_operator', 'dataset_with_extra_by_yield' retrieved from /opt/anaconda3/lib/python3.12/site-packages/airflow/example_dags/example_outlet_event_extra.py
[2024-11-04T13:14:11.105-0800] {logging_mixin.py:190} INFO - [2024-11-04T13:14:11.105-0800] {dag.py:3239} INFO - Sync 3 DAGs
[2024-11-04T13:14:11.111-0800] {logging_mixin.py:190} INFO - [2024-11-04T13:14:11.111-0800] {dag.py:4180} INFO - Setting next_dagrun for dataset_with_extra_by_context to 2024-11-03 00:00:00+00:00, run_after=2024-11-04 00:00:00+00:00
[2024-11-04T13:14:11.112-0800] {logging_mixin.py:190} INFO - [2024-11-04T13:14:11.112-0800] {dag.py:4180} INFO - Setting next_dagrun for dataset_with_extra_by_yield to 2024-11-03 00:00:00+00:00, run_after=2024-11-04 00:00:00+00:00
[2024-11-04T13:14:11.113-0800] {logging_mixin.py:190} INFO - [2024-11-04T13:14:11.113-0800] {dag.py:4180} INFO - Setting next_dagrun for dataset_with_extra_from_classic_operator to 2024-11-03 00:00:00+00:00, run_after=2024-11-04 00:00:00+00:00
[2024-11-04T13:14:11.119-0800] {processor.py:208} INFO - Processing /opt/anaconda3/lib/python3.12/site-packages/airflow/example_dags/example_outlet_event_extra.py took 0.099 seconds
[2024-11-04T13:16:27.809-0800] {processor.py:186} INFO - Started process (PID=52962) to work on /opt/anaconda3/lib/python3.12/site-packages/airflow/example_dags/example_outlet_event_extra.py
[2024-11-04T13:16:27.810-0800] {processor.py:914} INFO - Processing file /opt/anaconda3/lib/python3.12/site-packages/airflow/example_dags/example_outlet_event_extra.py for tasks to queue
[2024-11-04T13:16:27.811-0800] {logging_mixin.py:190} INFO - [2024-11-04T13:16:27.811-0800] {dagbag.py:588} INFO - Filling up the DagBag from /opt/anaconda3/lib/python3.12/site-packages/airflow/example_dags/example_outlet_event_extra.py
[2024-11-04T13:16:27.863-0800] {processor.py:925} INFO - DAG(s) 'dataset_with_extra_by_context', 'dataset_with_extra_from_classic_operator', 'dataset_with_extra_by_yield' retrieved from /opt/anaconda3/lib/python3.12/site-packages/airflow/example_dags/example_outlet_event_extra.py
[2024-11-04T13:16:27.894-0800] {logging_mixin.py:190} INFO - [2024-11-04T13:16:27.894-0800] {dag.py:3239} INFO - Sync 3 DAGs
[2024-11-04T13:16:27.901-0800] {logging_mixin.py:190} INFO - [2024-11-04T13:16:27.901-0800] {dag.py:4180} INFO - Setting next_dagrun for dataset_with_extra_by_context to 2024-11-03 00:00:00+00:00, run_after=2024-11-04 00:00:00+00:00
[2024-11-04T13:16:27.902-0800] {logging_mixin.py:190} INFO - [2024-11-04T13:16:27.902-0800] {dag.py:4180} INFO - Setting next_dagrun for dataset_with_extra_by_yield to 2024-11-03 00:00:00+00:00, run_after=2024-11-04 00:00:00+00:00
[2024-11-04T13:16:27.903-0800] {logging_mixin.py:190} INFO - [2024-11-04T13:16:27.903-0800] {dag.py:4180} INFO - Setting next_dagrun for dataset_with_extra_from_classic_operator to 2024-11-03 00:00:00+00:00, run_after=2024-11-04 00:00:00+00:00
[2024-11-04T13:16:27.909-0800] {processor.py:208} INFO - Processing /opt/anaconda3/lib/python3.12/site-packages/airflow/example_dags/example_outlet_event_extra.py took 0.101 seconds
[2024-11-04T13:18:52.279-0800] {processor.py:186} INFO - Started process (PID=53142) to work on /opt/anaconda3/lib/python3.12/site-packages/airflow/example_dags/example_outlet_event_extra.py
[2024-11-04T13:18:52.280-0800] {processor.py:914} INFO - Processing file /opt/anaconda3/lib/python3.12/site-packages/airflow/example_dags/example_outlet_event_extra.py for tasks to queue
[2024-11-04T13:18:52.280-0800] {logging_mixin.py:190} INFO - [2024-11-04T13:18:52.280-0800] {dagbag.py:588} INFO - Filling up the DagBag from /opt/anaconda3/lib/python3.12/site-packages/airflow/example_dags/example_outlet_event_extra.py
[2024-11-04T13:18:52.331-0800] {processor.py:925} INFO - DAG(s) 'dataset_with_extra_by_yield', 'dataset_with_extra_by_context', 'dataset_with_extra_from_classic_operator' retrieved from /opt/anaconda3/lib/python3.12/site-packages/airflow/example_dags/example_outlet_event_extra.py
[2024-11-04T13:18:52.362-0800] {logging_mixin.py:190} INFO - [2024-11-04T13:18:52.362-0800] {dag.py:3239} INFO - Sync 3 DAGs
[2024-11-04T13:18:52.370-0800] {logging_mixin.py:190} INFO - [2024-11-04T13:18:52.370-0800] {dag.py:4180} INFO - Setting next_dagrun for dataset_with_extra_by_context to 2024-11-03 00:00:00+00:00, run_after=2024-11-04 00:00:00+00:00
[2024-11-04T13:18:52.371-0800] {logging_mixin.py:190} INFO - [2024-11-04T13:18:52.371-0800] {dag.py:4180} INFO - Setting next_dagrun for dataset_with_extra_by_yield to 2024-11-03 00:00:00+00:00, run_after=2024-11-04 00:00:00+00:00
[2024-11-04T13:18:52.372-0800] {logging_mixin.py:190} INFO - [2024-11-04T13:18:52.372-0800] {dag.py:4180} INFO - Setting next_dagrun for dataset_with_extra_from_classic_operator to 2024-11-03 00:00:00+00:00, run_after=2024-11-04 00:00:00+00:00
[2024-11-04T13:18:52.378-0800] {processor.py:208} INFO - Processing /opt/anaconda3/lib/python3.12/site-packages/airflow/example_dags/example_outlet_event_extra.py took 0.101 seconds
[2024-11-04T13:21:18.112-0800] {processor.py:186} INFO - Started process (PID=53306) to work on /opt/anaconda3/lib/python3.12/site-packages/airflow/example_dags/example_outlet_event_extra.py
[2024-11-04T13:21:18.113-0800] {processor.py:914} INFO - Processing file /opt/anaconda3/lib/python3.12/site-packages/airflow/example_dags/example_outlet_event_extra.py for tasks to queue
[2024-11-04T13:21:18.114-0800] {logging_mixin.py:190} INFO - [2024-11-04T13:21:18.114-0800] {dagbag.py:588} INFO - Filling up the DagBag from /opt/anaconda3/lib/python3.12/site-packages/airflow/example_dags/example_outlet_event_extra.py
[2024-11-04T13:21:18.165-0800] {processor.py:925} INFO - DAG(s) 'dataset_with_extra_from_classic_operator', 'dataset_with_extra_by_context', 'dataset_with_extra_by_yield' retrieved from /opt/anaconda3/lib/python3.12/site-packages/airflow/example_dags/example_outlet_event_extra.py
[2024-11-04T13:21:18.195-0800] {logging_mixin.py:190} INFO - [2024-11-04T13:21:18.195-0800] {dag.py:3239} INFO - Sync 3 DAGs
[2024-11-04T13:21:18.201-0800] {logging_mixin.py:190} INFO - [2024-11-04T13:21:18.201-0800] {dag.py:4180} INFO - Setting next_dagrun for dataset_with_extra_by_context to 2024-11-03 00:00:00+00:00, run_after=2024-11-04 00:00:00+00:00
[2024-11-04T13:21:18.203-0800] {logging_mixin.py:190} INFO - [2024-11-04T13:21:18.203-0800] {dag.py:4180} INFO - Setting next_dagrun for dataset_with_extra_by_yield to 2024-11-03 00:00:00+00:00, run_after=2024-11-04 00:00:00+00:00
[2024-11-04T13:21:18.203-0800] {logging_mixin.py:190} INFO - [2024-11-04T13:21:18.203-0800] {dag.py:4180} INFO - Setting next_dagrun for dataset_with_extra_from_classic_operator to 2024-11-03 00:00:00+00:00, run_after=2024-11-04 00:00:00+00:00
[2024-11-04T13:21:18.209-0800] {processor.py:208} INFO - Processing /opt/anaconda3/lib/python3.12/site-packages/airflow/example_dags/example_outlet_event_extra.py took 0.099 seconds
[2024-11-04T13:23:42.398-0800] {processor.py:186} INFO - Started process (PID=53472) to work on /opt/anaconda3/lib/python3.12/site-packages/airflow/example_dags/example_outlet_event_extra.py
[2024-11-04T13:23:42.400-0800] {processor.py:914} INFO - Processing file /opt/anaconda3/lib/python3.12/site-packages/airflow/example_dags/example_outlet_event_extra.py for tasks to queue
[2024-11-04T13:23:42.401-0800] {logging_mixin.py:190} INFO - [2024-11-04T13:23:42.400-0800] {dagbag.py:588} INFO - Filling up the DagBag from /opt/anaconda3/lib/python3.12/site-packages/airflow/example_dags/example_outlet_event_extra.py
[2024-11-04T13:23:42.558-0800] {processor.py:925} INFO - DAG(s) 'dataset_with_extra_by_context', 'dataset_with_extra_by_yield', 'dataset_with_extra_from_classic_operator' retrieved from /opt/anaconda3/lib/python3.12/site-packages/airflow/example_dags/example_outlet_event_extra.py
[2024-11-04T13:23:42.591-0800] {logging_mixin.py:190} INFO - [2024-11-04T13:23:42.591-0800] {dag.py:3239} INFO - Sync 3 DAGs
[2024-11-04T13:23:42.597-0800] {logging_mixin.py:190} INFO - [2024-11-04T13:23:42.597-0800] {dag.py:4180} INFO - Setting next_dagrun for dataset_with_extra_by_context to 2024-11-03 00:00:00+00:00, run_after=2024-11-04 00:00:00+00:00
[2024-11-04T13:23:42.599-0800] {logging_mixin.py:190} INFO - [2024-11-04T13:23:42.599-0800] {dag.py:4180} INFO - Setting next_dagrun for dataset_with_extra_by_yield to 2024-11-03 00:00:00+00:00, run_after=2024-11-04 00:00:00+00:00
[2024-11-04T13:23:42.599-0800] {logging_mixin.py:190} INFO - [2024-11-04T13:23:42.599-0800] {dag.py:4180} INFO - Setting next_dagrun for dataset_with_extra_from_classic_operator to 2024-11-03 00:00:00+00:00, run_after=2024-11-04 00:00:00+00:00
[2024-11-04T13:23:42.607-0800] {processor.py:208} INFO - Processing /opt/anaconda3/lib/python3.12/site-packages/airflow/example_dags/example_outlet_event_extra.py took 0.210 seconds
[2024-11-04T13:26:02.651-0800] {processor.py:186} INFO - Started process (PID=53661) to work on /opt/anaconda3/lib/python3.12/site-packages/airflow/example_dags/example_outlet_event_extra.py
[2024-11-04T13:26:02.655-0800] {processor.py:914} INFO - Processing file /opt/anaconda3/lib/python3.12/site-packages/airflow/example_dags/example_outlet_event_extra.py for tasks to queue
[2024-11-04T13:26:02.656-0800] {logging_mixin.py:190} INFO - [2024-11-04T13:26:02.656-0800] {dagbag.py:588} INFO - Filling up the DagBag from /opt/anaconda3/lib/python3.12/site-packages/airflow/example_dags/example_outlet_event_extra.py
[2024-11-04T13:26:02.715-0800] {processor.py:925} INFO - DAG(s) 'dataset_with_extra_from_classic_operator', 'dataset_with_extra_by_context', 'dataset_with_extra_by_yield' retrieved from /opt/anaconda3/lib/python3.12/site-packages/airflow/example_dags/example_outlet_event_extra.py
[2024-11-04T13:26:02.752-0800] {logging_mixin.py:190} INFO - [2024-11-04T13:26:02.751-0800] {dag.py:3239} INFO - Sync 3 DAGs
[2024-11-04T13:26:02.758-0800] {logging_mixin.py:190} INFO - [2024-11-04T13:26:02.758-0800] {dag.py:4180} INFO - Setting next_dagrun for dataset_with_extra_by_context to 2024-11-03 00:00:00+00:00, run_after=2024-11-04 00:00:00+00:00
[2024-11-04T13:26:02.760-0800] {logging_mixin.py:190} INFO - [2024-11-04T13:26:02.760-0800] {dag.py:4180} INFO - Setting next_dagrun for dataset_with_extra_by_yield to 2024-11-03 00:00:00+00:00, run_after=2024-11-04 00:00:00+00:00
[2024-11-04T13:26:02.760-0800] {logging_mixin.py:190} INFO - [2024-11-04T13:26:02.760-0800] {dag.py:4180} INFO - Setting next_dagrun for dataset_with_extra_from_classic_operator to 2024-11-03 00:00:00+00:00, run_after=2024-11-04 00:00:00+00:00
[2024-11-04T13:26:02.767-0800] {processor.py:208} INFO - Processing /opt/anaconda3/lib/python3.12/site-packages/airflow/example_dags/example_outlet_event_extra.py took 0.117 seconds
[2024-11-04T13:28:27.498-0800] {processor.py:186} INFO - Started process (PID=53836) to work on /opt/anaconda3/lib/python3.12/site-packages/airflow/example_dags/example_outlet_event_extra.py
[2024-11-04T13:28:27.499-0800] {processor.py:914} INFO - Processing file /opt/anaconda3/lib/python3.12/site-packages/airflow/example_dags/example_outlet_event_extra.py for tasks to queue
[2024-11-04T13:28:27.500-0800] {logging_mixin.py:190} INFO - [2024-11-04T13:28:27.500-0800] {dagbag.py:588} INFO - Filling up the DagBag from /opt/anaconda3/lib/python3.12/site-packages/airflow/example_dags/example_outlet_event_extra.py
[2024-11-04T13:28:27.551-0800] {processor.py:925} INFO - DAG(s) 'dataset_with_extra_from_classic_operator', 'dataset_with_extra_by_context', 'dataset_with_extra_by_yield' retrieved from /opt/anaconda3/lib/python3.12/site-packages/airflow/example_dags/example_outlet_event_extra.py
[2024-11-04T13:28:27.581-0800] {logging_mixin.py:190} INFO - [2024-11-04T13:28:27.581-0800] {dag.py:3239} INFO - Sync 3 DAGs
[2024-11-04T13:28:27.587-0800] {logging_mixin.py:190} INFO - [2024-11-04T13:28:27.587-0800] {dag.py:4180} INFO - Setting next_dagrun for dataset_with_extra_by_context to 2024-11-03 00:00:00+00:00, run_after=2024-11-04 00:00:00+00:00
[2024-11-04T13:28:27.589-0800] {logging_mixin.py:190} INFO - [2024-11-04T13:28:27.589-0800] {dag.py:4180} INFO - Setting next_dagrun for dataset_with_extra_by_yield to 2024-11-03 00:00:00+00:00, run_after=2024-11-04 00:00:00+00:00
[2024-11-04T13:28:27.589-0800] {logging_mixin.py:190} INFO - [2024-11-04T13:28:27.589-0800] {dag.py:4180} INFO - Setting next_dagrun for dataset_with_extra_from_classic_operator to 2024-11-03 00:00:00+00:00, run_after=2024-11-04 00:00:00+00:00
[2024-11-04T13:28:27.595-0800] {processor.py:208} INFO - Processing /opt/anaconda3/lib/python3.12/site-packages/airflow/example_dags/example_outlet_event_extra.py took 0.098 seconds
[2024-11-04T13:30:49.739-0800] {processor.py:186} INFO - Started process (PID=54014) to work on /opt/anaconda3/lib/python3.12/site-packages/airflow/example_dags/example_outlet_event_extra.py
[2024-11-04T13:30:49.741-0800] {processor.py:914} INFO - Processing file /opt/anaconda3/lib/python3.12/site-packages/airflow/example_dags/example_outlet_event_extra.py for tasks to queue
[2024-11-04T13:30:49.741-0800] {logging_mixin.py:190} INFO - [2024-11-04T13:30:49.741-0800] {dagbag.py:588} INFO - Filling up the DagBag from /opt/anaconda3/lib/python3.12/site-packages/airflow/example_dags/example_outlet_event_extra.py
[2024-11-04T13:30:49.794-0800] {processor.py:925} INFO - DAG(s) 'dataset_with_extra_by_context', 'dataset_with_extra_by_yield', 'dataset_with_extra_from_classic_operator' retrieved from /opt/anaconda3/lib/python3.12/site-packages/airflow/example_dags/example_outlet_event_extra.py
[2024-11-04T13:30:49.829-0800] {logging_mixin.py:190} INFO - [2024-11-04T13:30:49.829-0800] {dag.py:3239} INFO - Sync 3 DAGs
[2024-11-04T13:30:49.836-0800] {logging_mixin.py:190} INFO - [2024-11-04T13:30:49.835-0800] {dag.py:4180} INFO - Setting next_dagrun for dataset_with_extra_by_context to 2024-11-03 00:00:00+00:00, run_after=2024-11-04 00:00:00+00:00
[2024-11-04T13:30:49.837-0800] {logging_mixin.py:190} INFO - [2024-11-04T13:30:49.837-0800] {dag.py:4180} INFO - Setting next_dagrun for dataset_with_extra_by_yield to 2024-11-03 00:00:00+00:00, run_after=2024-11-04 00:00:00+00:00
[2024-11-04T13:30:49.837-0800] {logging_mixin.py:190} INFO - [2024-11-04T13:30:49.837-0800] {dag.py:4180} INFO - Setting next_dagrun for dataset_with_extra_from_classic_operator to 2024-11-03 00:00:00+00:00, run_after=2024-11-04 00:00:00+00:00
[2024-11-04T13:30:49.844-0800] {processor.py:208} INFO - Processing /opt/anaconda3/lib/python3.12/site-packages/airflow/example_dags/example_outlet_event_extra.py took 0.106 seconds
[2024-11-04T13:33:18.721-0800] {processor.py:186} INFO - Started process (PID=54185) to work on /opt/anaconda3/lib/python3.12/site-packages/airflow/example_dags/example_outlet_event_extra.py
[2024-11-04T13:33:18.722-0800] {processor.py:914} INFO - Processing file /opt/anaconda3/lib/python3.12/site-packages/airflow/example_dags/example_outlet_event_extra.py for tasks to queue
[2024-11-04T13:33:18.722-0800] {logging_mixin.py:190} INFO - [2024-11-04T13:33:18.722-0800] {dagbag.py:588} INFO - Filling up the DagBag from /opt/anaconda3/lib/python3.12/site-packages/airflow/example_dags/example_outlet_event_extra.py
[2024-11-04T13:33:18.774-0800] {processor.py:925} INFO - DAG(s) 'dataset_with_extra_by_yield', 'dataset_with_extra_from_classic_operator', 'dataset_with_extra_by_context' retrieved from /opt/anaconda3/lib/python3.12/site-packages/airflow/example_dags/example_outlet_event_extra.py
[2024-11-04T13:33:18.805-0800] {logging_mixin.py:190} INFO - [2024-11-04T13:33:18.805-0800] {dag.py:3239} INFO - Sync 3 DAGs
[2024-11-04T13:33:18.811-0800] {logging_mixin.py:190} INFO - [2024-11-04T13:33:18.811-0800] {dag.py:4180} INFO - Setting next_dagrun for dataset_with_extra_by_context to 2024-11-03 00:00:00+00:00, run_after=2024-11-04 00:00:00+00:00
[2024-11-04T13:33:18.813-0800] {logging_mixin.py:190} INFO - [2024-11-04T13:33:18.813-0800] {dag.py:4180} INFO - Setting next_dagrun for dataset_with_extra_by_yield to 2024-11-03 00:00:00+00:00, run_after=2024-11-04 00:00:00+00:00
[2024-11-04T13:33:18.813-0800] {logging_mixin.py:190} INFO - [2024-11-04T13:33:18.813-0800] {dag.py:4180} INFO - Setting next_dagrun for dataset_with_extra_from_classic_operator to 2024-11-03 00:00:00+00:00, run_after=2024-11-04 00:00:00+00:00
[2024-11-04T13:33:18.820-0800] {processor.py:208} INFO - Processing /opt/anaconda3/lib/python3.12/site-packages/airflow/example_dags/example_outlet_event_extra.py took 0.099 seconds
[2024-11-04T13:35:40.570-0800] {processor.py:186} INFO - Started process (PID=54385) to work on /opt/anaconda3/lib/python3.12/site-packages/airflow/example_dags/example_outlet_event_extra.py
[2024-11-04T13:35:40.572-0800] {processor.py:914} INFO - Processing file /opt/anaconda3/lib/python3.12/site-packages/airflow/example_dags/example_outlet_event_extra.py for tasks to queue
[2024-11-04T13:35:40.572-0800] {logging_mixin.py:190} INFO - [2024-11-04T13:35:40.572-0800] {dagbag.py:588} INFO - Filling up the DagBag from /opt/anaconda3/lib/python3.12/site-packages/airflow/example_dags/example_outlet_event_extra.py
[2024-11-04T13:35:40.623-0800] {processor.py:925} INFO - DAG(s) 'dataset_with_extra_from_classic_operator', 'dataset_with_extra_by_context', 'dataset_with_extra_by_yield' retrieved from /opt/anaconda3/lib/python3.12/site-packages/airflow/example_dags/example_outlet_event_extra.py
[2024-11-04T13:35:40.653-0800] {logging_mixin.py:190} INFO - [2024-11-04T13:35:40.653-0800] {dag.py:3239} INFO - Sync 3 DAGs
[2024-11-04T13:35:40.660-0800] {logging_mixin.py:190} INFO - [2024-11-04T13:35:40.659-0800] {dag.py:4180} INFO - Setting next_dagrun for dataset_with_extra_by_context to 2024-11-03 00:00:00+00:00, run_after=2024-11-04 00:00:00+00:00
[2024-11-04T13:35:40.661-0800] {logging_mixin.py:190} INFO - [2024-11-04T13:35:40.661-0800] {dag.py:4180} INFO - Setting next_dagrun for dataset_with_extra_by_yield to 2024-11-03 00:00:00+00:00, run_after=2024-11-04 00:00:00+00:00
[2024-11-04T13:35:40.662-0800] {logging_mixin.py:190} INFO - [2024-11-04T13:35:40.662-0800] {dag.py:4180} INFO - Setting next_dagrun for dataset_with_extra_from_classic_operator to 2024-11-03 00:00:00+00:00, run_after=2024-11-04 00:00:00+00:00
[2024-11-04T13:35:40.668-0800] {processor.py:208} INFO - Processing /opt/anaconda3/lib/python3.12/site-packages/airflow/example_dags/example_outlet_event_extra.py took 0.099 seconds
[2024-11-04T13:37:59.309-0800] {processor.py:186} INFO - Started process (PID=54562) to work on /opt/anaconda3/lib/python3.12/site-packages/airflow/example_dags/example_outlet_event_extra.py
[2024-11-04T13:37:59.310-0800] {processor.py:914} INFO - Processing file /opt/anaconda3/lib/python3.12/site-packages/airflow/example_dags/example_outlet_event_extra.py for tasks to queue
[2024-11-04T13:37:59.310-0800] {logging_mixin.py:190} INFO - [2024-11-04T13:37:59.310-0800] {dagbag.py:588} INFO - Filling up the DagBag from /opt/anaconda3/lib/python3.12/site-packages/airflow/example_dags/example_outlet_event_extra.py
[2024-11-04T13:37:59.363-0800] {processor.py:925} INFO - DAG(s) 'dataset_with_extra_by_context', 'dataset_with_extra_from_classic_operator', 'dataset_with_extra_by_yield' retrieved from /opt/anaconda3/lib/python3.12/site-packages/airflow/example_dags/example_outlet_event_extra.py
[2024-11-04T13:37:59.395-0800] {logging_mixin.py:190} INFO - [2024-11-04T13:37:59.395-0800] {dag.py:3239} INFO - Sync 3 DAGs
[2024-11-04T13:37:59.401-0800] {logging_mixin.py:190} INFO - [2024-11-04T13:37:59.401-0800] {dag.py:4180} INFO - Setting next_dagrun for dataset_with_extra_by_context to 2024-11-03 00:00:00+00:00, run_after=2024-11-04 00:00:00+00:00
[2024-11-04T13:37:59.402-0800] {logging_mixin.py:190} INFO - [2024-11-04T13:37:59.402-0800] {dag.py:4180} INFO - Setting next_dagrun for dataset_with_extra_by_yield to 2024-11-03 00:00:00+00:00, run_after=2024-11-04 00:00:00+00:00
[2024-11-04T13:37:59.403-0800] {logging_mixin.py:190} INFO - [2024-11-04T13:37:59.403-0800] {dag.py:4180} INFO - Setting next_dagrun for dataset_with_extra_from_classic_operator to 2024-11-03 00:00:00+00:00, run_after=2024-11-04 00:00:00+00:00
[2024-11-04T13:37:59.409-0800] {processor.py:208} INFO - Processing /opt/anaconda3/lib/python3.12/site-packages/airflow/example_dags/example_outlet_event_extra.py took 0.101 seconds
[2024-11-04T13:40:25.765-0800] {processor.py:186} INFO - Started process (PID=54761) to work on /opt/anaconda3/lib/python3.12/site-packages/airflow/example_dags/example_outlet_event_extra.py
[2024-11-04T13:40:25.766-0800] {processor.py:914} INFO - Processing file /opt/anaconda3/lib/python3.12/site-packages/airflow/example_dags/example_outlet_event_extra.py for tasks to queue
[2024-11-04T13:40:25.766-0800] {logging_mixin.py:190} INFO - [2024-11-04T13:40:25.766-0800] {dagbag.py:588} INFO - Filling up the DagBag from /opt/anaconda3/lib/python3.12/site-packages/airflow/example_dags/example_outlet_event_extra.py
[2024-11-04T13:40:25.817-0800] {processor.py:925} INFO - DAG(s) 'dataset_with_extra_by_yield', 'dataset_with_extra_from_classic_operator', 'dataset_with_extra_by_context' retrieved from /opt/anaconda3/lib/python3.12/site-packages/airflow/example_dags/example_outlet_event_extra.py
[2024-11-04T13:40:25.848-0800] {logging_mixin.py:190} INFO - [2024-11-04T13:40:25.848-0800] {dag.py:3239} INFO - Sync 3 DAGs
[2024-11-04T13:40:25.854-0800] {logging_mixin.py:190} INFO - [2024-11-04T13:40:25.854-0800] {dag.py:4180} INFO - Setting next_dagrun for dataset_with_extra_by_context to 2024-11-03 00:00:00+00:00, run_after=2024-11-04 00:00:00+00:00
[2024-11-04T13:40:25.855-0800] {logging_mixin.py:190} INFO - [2024-11-04T13:40:25.855-0800] {dag.py:4180} INFO - Setting next_dagrun for dataset_with_extra_by_yield to 2024-11-03 00:00:00+00:00, run_after=2024-11-04 00:00:00+00:00
[2024-11-04T13:40:25.856-0800] {logging_mixin.py:190} INFO - [2024-11-04T13:40:25.856-0800] {dag.py:4180} INFO - Setting next_dagrun for dataset_with_extra_from_classic_operator to 2024-11-03 00:00:00+00:00, run_after=2024-11-04 00:00:00+00:00
[2024-11-04T13:40:25.862-0800] {processor.py:208} INFO - Processing /opt/anaconda3/lib/python3.12/site-packages/airflow/example_dags/example_outlet_event_extra.py took 0.098 seconds
[2024-11-04T13:42:49.845-0800] {processor.py:186} INFO - Started process (PID=54928) to work on /opt/anaconda3/lib/python3.12/site-packages/airflow/example_dags/example_outlet_event_extra.py
[2024-11-04T13:42:49.846-0800] {processor.py:914} INFO - Processing file /opt/anaconda3/lib/python3.12/site-packages/airflow/example_dags/example_outlet_event_extra.py for tasks to queue
[2024-11-04T13:42:49.846-0800] {logging_mixin.py:190} INFO - [2024-11-04T13:42:49.846-0800] {dagbag.py:588} INFO - Filling up the DagBag from /opt/anaconda3/lib/python3.12/site-packages/airflow/example_dags/example_outlet_event_extra.py
[2024-11-04T13:42:49.897-0800] {processor.py:925} INFO - DAG(s) 'dataset_with_extra_by_context', 'dataset_with_extra_from_classic_operator', 'dataset_with_extra_by_yield' retrieved from /opt/anaconda3/lib/python3.12/site-packages/airflow/example_dags/example_outlet_event_extra.py
[2024-11-04T13:42:49.928-0800] {logging_mixin.py:190} INFO - [2024-11-04T13:42:49.928-0800] {dag.py:3239} INFO - Sync 3 DAGs
[2024-11-04T13:42:49.935-0800] {logging_mixin.py:190} INFO - [2024-11-04T13:42:49.935-0800] {dag.py:4180} INFO - Setting next_dagrun for dataset_with_extra_by_context to 2024-11-03 00:00:00+00:00, run_after=2024-11-04 00:00:00+00:00
[2024-11-04T13:42:49.937-0800] {logging_mixin.py:190} INFO - [2024-11-04T13:42:49.937-0800] {dag.py:4180} INFO - Setting next_dagrun for dataset_with_extra_by_yield to 2024-11-03 00:00:00+00:00, run_after=2024-11-04 00:00:00+00:00
[2024-11-04T13:42:49.937-0800] {logging_mixin.py:190} INFO - [2024-11-04T13:42:49.937-0800] {dag.py:4180} INFO - Setting next_dagrun for dataset_with_extra_from_classic_operator to 2024-11-03 00:00:00+00:00, run_after=2024-11-04 00:00:00+00:00
[2024-11-04T13:42:49.944-0800] {processor.py:208} INFO - Processing /opt/anaconda3/lib/python3.12/site-packages/airflow/example_dags/example_outlet_event_extra.py took 0.100 seconds
[2024-11-04T13:45:14.313-0800] {processor.py:186} INFO - Started process (PID=55100) to work on /opt/anaconda3/lib/python3.12/site-packages/airflow/example_dags/example_outlet_event_extra.py
[2024-11-04T13:45:14.314-0800] {processor.py:914} INFO - Processing file /opt/anaconda3/lib/python3.12/site-packages/airflow/example_dags/example_outlet_event_extra.py for tasks to queue
[2024-11-04T13:45:14.315-0800] {logging_mixin.py:190} INFO - [2024-11-04T13:45:14.315-0800] {dagbag.py:588} INFO - Filling up the DagBag from /opt/anaconda3/lib/python3.12/site-packages/airflow/example_dags/example_outlet_event_extra.py
[2024-11-04T13:45:14.365-0800] {processor.py:925} INFO - DAG(s) 'dataset_with_extra_by_yield', 'dataset_with_extra_by_context', 'dataset_with_extra_from_classic_operator' retrieved from /opt/anaconda3/lib/python3.12/site-packages/airflow/example_dags/example_outlet_event_extra.py
[2024-11-04T13:45:14.395-0800] {logging_mixin.py:190} INFO - [2024-11-04T13:45:14.395-0800] {dag.py:3239} INFO - Sync 3 DAGs
[2024-11-04T13:45:14.402-0800] {logging_mixin.py:190} INFO - [2024-11-04T13:45:14.402-0800] {dag.py:4180} INFO - Setting next_dagrun for dataset_with_extra_by_context to 2024-11-03 00:00:00+00:00, run_after=2024-11-04 00:00:00+00:00
[2024-11-04T13:45:14.403-0800] {logging_mixin.py:190} INFO - [2024-11-04T13:45:14.403-0800] {dag.py:4180} INFO - Setting next_dagrun for dataset_with_extra_by_yield to 2024-11-03 00:00:00+00:00, run_after=2024-11-04 00:00:00+00:00
[2024-11-04T13:45:14.404-0800] {logging_mixin.py:190} INFO - [2024-11-04T13:45:14.404-0800] {dag.py:4180} INFO - Setting next_dagrun for dataset_with_extra_from_classic_operator to 2024-11-03 00:00:00+00:00, run_after=2024-11-04 00:00:00+00:00
[2024-11-04T13:45:14.410-0800] {processor.py:208} INFO - Processing /opt/anaconda3/lib/python3.12/site-packages/airflow/example_dags/example_outlet_event_extra.py took 0.098 seconds
[2024-11-04T13:47:39.059-0800] {processor.py:186} INFO - Started process (PID=55275) to work on /opt/anaconda3/lib/python3.12/site-packages/airflow/example_dags/example_outlet_event_extra.py
[2024-11-04T13:47:39.060-0800] {processor.py:914} INFO - Processing file /opt/anaconda3/lib/python3.12/site-packages/airflow/example_dags/example_outlet_event_extra.py for tasks to queue
[2024-11-04T13:47:39.060-0800] {logging_mixin.py:190} INFO - [2024-11-04T13:47:39.060-0800] {dagbag.py:588} INFO - Filling up the DagBag from /opt/anaconda3/lib/python3.12/site-packages/airflow/example_dags/example_outlet_event_extra.py
[2024-11-04T13:47:39.112-0800] {processor.py:925} INFO - DAG(s) 'dataset_with_extra_by_context', 'dataset_with_extra_from_classic_operator', 'dataset_with_extra_by_yield' retrieved from /opt/anaconda3/lib/python3.12/site-packages/airflow/example_dags/example_outlet_event_extra.py
[2024-11-04T13:47:39.144-0800] {logging_mixin.py:190} INFO - [2024-11-04T13:47:39.144-0800] {dag.py:3239} INFO - Sync 3 DAGs
[2024-11-04T13:47:39.151-0800] {logging_mixin.py:190} INFO - [2024-11-04T13:47:39.151-0800] {dag.py:4180} INFO - Setting next_dagrun for dataset_with_extra_by_context to 2024-11-03 00:00:00+00:00, run_after=2024-11-04 00:00:00+00:00
[2024-11-04T13:47:39.152-0800] {logging_mixin.py:190} INFO - [2024-11-04T13:47:39.152-0800] {dag.py:4180} INFO - Setting next_dagrun for dataset_with_extra_by_yield to 2024-11-03 00:00:00+00:00, run_after=2024-11-04 00:00:00+00:00
[2024-11-04T13:47:39.153-0800] {logging_mixin.py:190} INFO - [2024-11-04T13:47:39.153-0800] {dag.py:4180} INFO - Setting next_dagrun for dataset_with_extra_from_classic_operator to 2024-11-03 00:00:00+00:00, run_after=2024-11-04 00:00:00+00:00
[2024-11-04T13:47:39.160-0800] {processor.py:208} INFO - Processing /opt/anaconda3/lib/python3.12/site-packages/airflow/example_dags/example_outlet_event_extra.py took 0.102 seconds
[2024-11-04T13:49:54.459-0800] {processor.py:186} INFO - Started process (PID=55454) to work on /opt/anaconda3/lib/python3.12/site-packages/airflow/example_dags/example_outlet_event_extra.py
[2024-11-04T13:49:54.461-0800] {processor.py:914} INFO - Processing file /opt/anaconda3/lib/python3.12/site-packages/airflow/example_dags/example_outlet_event_extra.py for tasks to queue
[2024-11-04T13:49:54.461-0800] {logging_mixin.py:190} INFO - [2024-11-04T13:49:54.461-0800] {dagbag.py:588} INFO - Filling up the DagBag from /opt/anaconda3/lib/python3.12/site-packages/airflow/example_dags/example_outlet_event_extra.py
[2024-11-04T13:49:54.511-0800] {processor.py:925} INFO - DAG(s) 'dataset_with_extra_from_classic_operator', 'dataset_with_extra_by_context', 'dataset_with_extra_by_yield' retrieved from /opt/anaconda3/lib/python3.12/site-packages/airflow/example_dags/example_outlet_event_extra.py
[2024-11-04T13:49:54.541-0800] {logging_mixin.py:190} INFO - [2024-11-04T13:49:54.541-0800] {dag.py:3239} INFO - Sync 3 DAGs
[2024-11-04T13:49:54.548-0800] {logging_mixin.py:190} INFO - [2024-11-04T13:49:54.548-0800] {dag.py:4180} INFO - Setting next_dagrun for dataset_with_extra_by_context to 2024-11-03 00:00:00+00:00, run_after=2024-11-04 00:00:00+00:00
[2024-11-04T13:49:54.549-0800] {logging_mixin.py:190} INFO - [2024-11-04T13:49:54.549-0800] {dag.py:4180} INFO - Setting next_dagrun for dataset_with_extra_by_yield to 2024-11-03 00:00:00+00:00, run_after=2024-11-04 00:00:00+00:00
[2024-11-04T13:49:54.552-0800] {logging_mixin.py:190} INFO - [2024-11-04T13:49:54.552-0800] {dag.py:4180} INFO - Setting next_dagrun for dataset_with_extra_from_classic_operator to 2024-11-03 00:00:00+00:00, run_after=2024-11-04 00:00:00+00:00
[2024-11-04T13:49:54.559-0800] {processor.py:208} INFO - Processing /opt/anaconda3/lib/python3.12/site-packages/airflow/example_dags/example_outlet_event_extra.py took 0.100 seconds
[2024-11-04T13:52:21.849-0800] {processor.py:186} INFO - Started process (PID=55623) to work on /opt/anaconda3/lib/python3.12/site-packages/airflow/example_dags/example_outlet_event_extra.py
[2024-11-04T13:52:21.850-0800] {processor.py:914} INFO - Processing file /opt/anaconda3/lib/python3.12/site-packages/airflow/example_dags/example_outlet_event_extra.py for tasks to queue
[2024-11-04T13:52:21.850-0800] {logging_mixin.py:190} INFO - [2024-11-04T13:52:21.850-0800] {dagbag.py:588} INFO - Filling up the DagBag from /opt/anaconda3/lib/python3.12/site-packages/airflow/example_dags/example_outlet_event_extra.py
[2024-11-04T13:52:21.910-0800] {processor.py:925} INFO - DAG(s) 'dataset_with_extra_from_classic_operator', 'dataset_with_extra_by_context', 'dataset_with_extra_by_yield' retrieved from /opt/anaconda3/lib/python3.12/site-packages/airflow/example_dags/example_outlet_event_extra.py
[2024-11-04T13:52:21.942-0800] {logging_mixin.py:190} INFO - [2024-11-04T13:52:21.942-0800] {dag.py:3239} INFO - Sync 3 DAGs
[2024-11-04T13:52:21.948-0800] {logging_mixin.py:190} INFO - [2024-11-04T13:52:21.948-0800] {dag.py:4180} INFO - Setting next_dagrun for dataset_with_extra_by_context to 2024-11-03 00:00:00+00:00, run_after=2024-11-04 00:00:00+00:00
[2024-11-04T13:52:21.949-0800] {logging_mixin.py:190} INFO - [2024-11-04T13:52:21.949-0800] {dag.py:4180} INFO - Setting next_dagrun for dataset_with_extra_by_yield to 2024-11-03 00:00:00+00:00, run_after=2024-11-04 00:00:00+00:00
[2024-11-04T13:52:21.950-0800] {logging_mixin.py:190} INFO - [2024-11-04T13:52:21.950-0800] {dag.py:4180} INFO - Setting next_dagrun for dataset_with_extra_from_classic_operator to 2024-11-03 00:00:00+00:00, run_after=2024-11-04 00:00:00+00:00
[2024-11-04T13:52:21.956-0800] {processor.py:208} INFO - Processing /opt/anaconda3/lib/python3.12/site-packages/airflow/example_dags/example_outlet_event_extra.py took 0.109 seconds
[2024-11-04T13:54:53.791-0800] {processor.py:186} INFO - Started process (PID=55814) to work on /opt/anaconda3/lib/python3.12/site-packages/airflow/example_dags/example_outlet_event_extra.py
[2024-11-04T13:54:53.792-0800] {processor.py:914} INFO - Processing file /opt/anaconda3/lib/python3.12/site-packages/airflow/example_dags/example_outlet_event_extra.py for tasks to queue
[2024-11-04T13:54:53.792-0800] {logging_mixin.py:190} INFO - [2024-11-04T13:54:53.792-0800] {dagbag.py:588} INFO - Filling up the DagBag from /opt/anaconda3/lib/python3.12/site-packages/airflow/example_dags/example_outlet_event_extra.py
[2024-11-04T13:54:53.845-0800] {processor.py:925} INFO - DAG(s) 'dataset_with_extra_by_yield', 'dataset_with_extra_from_classic_operator', 'dataset_with_extra_by_context' retrieved from /opt/anaconda3/lib/python3.12/site-packages/airflow/example_dags/example_outlet_event_extra.py
[2024-11-04T13:54:53.877-0800] {logging_mixin.py:190} INFO - [2024-11-04T13:54:53.877-0800] {dag.py:3239} INFO - Sync 3 DAGs
[2024-11-04T13:54:53.884-0800] {logging_mixin.py:190} INFO - [2024-11-04T13:54:53.884-0800] {dag.py:4180} INFO - Setting next_dagrun for dataset_with_extra_by_context to 2024-11-03 00:00:00+00:00, run_after=2024-11-04 00:00:00+00:00
[2024-11-04T13:54:53.886-0800] {logging_mixin.py:190} INFO - [2024-11-04T13:54:53.886-0800] {dag.py:4180} INFO - Setting next_dagrun for dataset_with_extra_by_yield to 2024-11-03 00:00:00+00:00, run_after=2024-11-04 00:00:00+00:00
[2024-11-04T13:54:53.886-0800] {logging_mixin.py:190} INFO - [2024-11-04T13:54:53.886-0800] {dag.py:4180} INFO - Setting next_dagrun for dataset_with_extra_from_classic_operator to 2024-11-03 00:00:00+00:00, run_after=2024-11-04 00:00:00+00:00
[2024-11-04T13:54:53.893-0800] {processor.py:208} INFO - Processing /opt/anaconda3/lib/python3.12/site-packages/airflow/example_dags/example_outlet_event_extra.py took 0.103 seconds
[2024-11-04T13:57:20.975-0800] {processor.py:186} INFO - Started process (PID=56006) to work on /opt/anaconda3/lib/python3.12/site-packages/airflow/example_dags/example_outlet_event_extra.py
[2024-11-04T13:57:20.976-0800] {processor.py:914} INFO - Processing file /opt/anaconda3/lib/python3.12/site-packages/airflow/example_dags/example_outlet_event_extra.py for tasks to queue
[2024-11-04T13:57:20.977-0800] {logging_mixin.py:190} INFO - [2024-11-04T13:57:20.977-0800] {dagbag.py:588} INFO - Filling up the DagBag from /opt/anaconda3/lib/python3.12/site-packages/airflow/example_dags/example_outlet_event_extra.py
[2024-11-04T13:57:21.032-0800] {processor.py:925} INFO - DAG(s) 'dataset_with_extra_by_context', 'dataset_with_extra_by_yield', 'dataset_with_extra_from_classic_operator' retrieved from /opt/anaconda3/lib/python3.12/site-packages/airflow/example_dags/example_outlet_event_extra.py
[2024-11-04T13:57:21.063-0800] {logging_mixin.py:190} INFO - [2024-11-04T13:57:21.063-0800] {dag.py:3239} INFO - Sync 3 DAGs
[2024-11-04T13:57:21.069-0800] {logging_mixin.py:190} INFO - [2024-11-04T13:57:21.069-0800] {dag.py:4180} INFO - Setting next_dagrun for dataset_with_extra_by_context to 2024-11-03 00:00:00+00:00, run_after=2024-11-04 00:00:00+00:00
[2024-11-04T13:57:21.070-0800] {logging_mixin.py:190} INFO - [2024-11-04T13:57:21.070-0800] {dag.py:4180} INFO - Setting next_dagrun for dataset_with_extra_by_yield to 2024-11-03 00:00:00+00:00, run_after=2024-11-04 00:00:00+00:00
[2024-11-04T13:57:21.071-0800] {logging_mixin.py:190} INFO - [2024-11-04T13:57:21.071-0800] {dag.py:4180} INFO - Setting next_dagrun for dataset_with_extra_from_classic_operator to 2024-11-03 00:00:00+00:00, run_after=2024-11-04 00:00:00+00:00
[2024-11-04T13:57:21.077-0800] {processor.py:208} INFO - Processing /opt/anaconda3/lib/python3.12/site-packages/airflow/example_dags/example_outlet_event_extra.py took 0.104 seconds
[2024-11-04T13:59:49.740-0800] {processor.py:186} INFO - Started process (PID=56187) to work on /opt/anaconda3/lib/python3.12/site-packages/airflow/example_dags/example_outlet_event_extra.py
[2024-11-04T13:59:49.740-0800] {processor.py:914} INFO - Processing file /opt/anaconda3/lib/python3.12/site-packages/airflow/example_dags/example_outlet_event_extra.py for tasks to queue
[2024-11-04T13:59:49.741-0800] {logging_mixin.py:190} INFO - [2024-11-04T13:59:49.741-0800] {dagbag.py:588} INFO - Filling up the DagBag from /opt/anaconda3/lib/python3.12/site-packages/airflow/example_dags/example_outlet_event_extra.py
[2024-11-04T13:59:49.792-0800] {processor.py:925} INFO - DAG(s) 'dataset_with_extra_by_yield', 'dataset_with_extra_by_context', 'dataset_with_extra_from_classic_operator' retrieved from /opt/anaconda3/lib/python3.12/site-packages/airflow/example_dags/example_outlet_event_extra.py
[2024-11-04T13:59:49.823-0800] {logging_mixin.py:190} INFO - [2024-11-04T13:59:49.823-0800] {dag.py:3239} INFO - Sync 3 DAGs
[2024-11-04T13:59:49.829-0800] {logging_mixin.py:190} INFO - [2024-11-04T13:59:49.829-0800] {dag.py:4180} INFO - Setting next_dagrun for dataset_with_extra_by_context to 2024-11-03 00:00:00+00:00, run_after=2024-11-04 00:00:00+00:00
[2024-11-04T13:59:49.830-0800] {logging_mixin.py:190} INFO - [2024-11-04T13:59:49.830-0800] {dag.py:4180} INFO - Setting next_dagrun for dataset_with_extra_by_yield to 2024-11-03 00:00:00+00:00, run_after=2024-11-04 00:00:00+00:00
[2024-11-04T13:59:49.831-0800] {logging_mixin.py:190} INFO - [2024-11-04T13:59:49.831-0800] {dag.py:4180} INFO - Setting next_dagrun for dataset_with_extra_from_classic_operator to 2024-11-03 00:00:00+00:00, run_after=2024-11-04 00:00:00+00:00
[2024-11-04T13:59:49.837-0800] {processor.py:208} INFO - Processing /opt/anaconda3/lib/python3.12/site-packages/airflow/example_dags/example_outlet_event_extra.py took 0.099 seconds
[2024-11-04T14:02:17.439-0800] {processor.py:186} INFO - Started process (PID=56447) to work on /opt/anaconda3/lib/python3.12/site-packages/airflow/example_dags/example_outlet_event_extra.py
[2024-11-04T14:02:17.440-0800] {processor.py:914} INFO - Processing file /opt/anaconda3/lib/python3.12/site-packages/airflow/example_dags/example_outlet_event_extra.py for tasks to queue
[2024-11-04T14:02:17.440-0800] {logging_mixin.py:190} INFO - [2024-11-04T14:02:17.440-0800] {dagbag.py:588} INFO - Filling up the DagBag from /opt/anaconda3/lib/python3.12/site-packages/airflow/example_dags/example_outlet_event_extra.py
[2024-11-04T14:02:17.491-0800] {processor.py:925} INFO - DAG(s) 'dataset_with_extra_from_classic_operator', 'dataset_with_extra_by_yield', 'dataset_with_extra_by_context' retrieved from /opt/anaconda3/lib/python3.12/site-packages/airflow/example_dags/example_outlet_event_extra.py
[2024-11-04T14:02:17.521-0800] {logging_mixin.py:190} INFO - [2024-11-04T14:02:17.521-0800] {dag.py:3239} INFO - Sync 3 DAGs
[2024-11-04T14:02:17.527-0800] {logging_mixin.py:190} INFO - [2024-11-04T14:02:17.527-0800] {dag.py:4180} INFO - Setting next_dagrun for dataset_with_extra_by_context to 2024-11-03 00:00:00+00:00, run_after=2024-11-04 00:00:00+00:00
[2024-11-04T14:02:17.529-0800] {logging_mixin.py:190} INFO - [2024-11-04T14:02:17.529-0800] {dag.py:4180} INFO - Setting next_dagrun for dataset_with_extra_by_yield to 2024-11-03 00:00:00+00:00, run_after=2024-11-04 00:00:00+00:00
[2024-11-04T14:02:17.529-0800] {logging_mixin.py:190} INFO - [2024-11-04T14:02:17.529-0800] {dag.py:4180} INFO - Setting next_dagrun for dataset_with_extra_from_classic_operator to 2024-11-03 00:00:00+00:00, run_after=2024-11-04 00:00:00+00:00
[2024-11-04T14:02:17.535-0800] {processor.py:208} INFO - Processing /opt/anaconda3/lib/python3.12/site-packages/airflow/example_dags/example_outlet_event_extra.py took 0.098 seconds
[2024-11-04T14:04:43.045-0800] {processor.py:186} INFO - Started process (PID=56651) to work on /opt/anaconda3/lib/python3.12/site-packages/airflow/example_dags/example_outlet_event_extra.py
[2024-11-04T14:04:43.046-0800] {processor.py:914} INFO - Processing file /opt/anaconda3/lib/python3.12/site-packages/airflow/example_dags/example_outlet_event_extra.py for tasks to queue
[2024-11-04T14:04:43.046-0800] {logging_mixin.py:190} INFO - [2024-11-04T14:04:43.046-0800] {dagbag.py:588} INFO - Filling up the DagBag from /opt/anaconda3/lib/python3.12/site-packages/airflow/example_dags/example_outlet_event_extra.py
[2024-11-04T14:04:43.097-0800] {processor.py:925} INFO - DAG(s) 'dataset_with_extra_by_context', 'dataset_with_extra_from_classic_operator', 'dataset_with_extra_by_yield' retrieved from /opt/anaconda3/lib/python3.12/site-packages/airflow/example_dags/example_outlet_event_extra.py
[2024-11-04T14:04:43.127-0800] {logging_mixin.py:190} INFO - [2024-11-04T14:04:43.127-0800] {dag.py:3239} INFO - Sync 3 DAGs
[2024-11-04T14:04:43.133-0800] {logging_mixin.py:190} INFO - [2024-11-04T14:04:43.133-0800] {dag.py:4180} INFO - Setting next_dagrun for dataset_with_extra_by_context to 2024-11-03 00:00:00+00:00, run_after=2024-11-04 00:00:00+00:00
[2024-11-04T14:04:43.135-0800] {logging_mixin.py:190} INFO - [2024-11-04T14:04:43.135-0800] {dag.py:4180} INFO - Setting next_dagrun for dataset_with_extra_by_yield to 2024-11-03 00:00:00+00:00, run_after=2024-11-04 00:00:00+00:00
[2024-11-04T14:04:43.135-0800] {logging_mixin.py:190} INFO - [2024-11-04T14:04:43.135-0800] {dag.py:4180} INFO - Setting next_dagrun for dataset_with_extra_from_classic_operator to 2024-11-03 00:00:00+00:00, run_after=2024-11-04 00:00:00+00:00
[2024-11-04T14:04:43.142-0800] {processor.py:208} INFO - Processing /opt/anaconda3/lib/python3.12/site-packages/airflow/example_dags/example_outlet_event_extra.py took 0.098 seconds
[2024-11-04T14:07:08.618-0800] {processor.py:186} INFO - Started process (PID=56927) to work on /opt/anaconda3/lib/python3.12/site-packages/airflow/example_dags/example_outlet_event_extra.py
[2024-11-04T14:07:08.619-0800] {processor.py:914} INFO - Processing file /opt/anaconda3/lib/python3.12/site-packages/airflow/example_dags/example_outlet_event_extra.py for tasks to queue
[2024-11-04T14:07:08.619-0800] {logging_mixin.py:190} INFO - [2024-11-04T14:07:08.619-0800] {dagbag.py:588} INFO - Filling up the DagBag from /opt/anaconda3/lib/python3.12/site-packages/airflow/example_dags/example_outlet_event_extra.py
[2024-11-04T14:07:08.670-0800] {processor.py:925} INFO - DAG(s) 'dataset_with_extra_from_classic_operator', 'dataset_with_extra_by_context', 'dataset_with_extra_by_yield' retrieved from /opt/anaconda3/lib/python3.12/site-packages/airflow/example_dags/example_outlet_event_extra.py
[2024-11-04T14:07:08.700-0800] {logging_mixin.py:190} INFO - [2024-11-04T14:07:08.700-0800] {dag.py:3239} INFO - Sync 3 DAGs
[2024-11-04T14:07:08.706-0800] {logging_mixin.py:190} INFO - [2024-11-04T14:07:08.706-0800] {dag.py:4180} INFO - Setting next_dagrun for dataset_with_extra_by_context to 2024-11-03 00:00:00+00:00, run_after=2024-11-04 00:00:00+00:00
[2024-11-04T14:07:08.708-0800] {logging_mixin.py:190} INFO - [2024-11-04T14:07:08.708-0800] {dag.py:4180} INFO - Setting next_dagrun for dataset_with_extra_by_yield to 2024-11-03 00:00:00+00:00, run_after=2024-11-04 00:00:00+00:00
[2024-11-04T14:07:08.708-0800] {logging_mixin.py:190} INFO - [2024-11-04T14:07:08.708-0800] {dag.py:4180} INFO - Setting next_dagrun for dataset_with_extra_from_classic_operator to 2024-11-03 00:00:00+00:00, run_after=2024-11-04 00:00:00+00:00
[2024-11-04T14:07:08.715-0800] {processor.py:208} INFO - Processing /opt/anaconda3/lib/python3.12/site-packages/airflow/example_dags/example_outlet_event_extra.py took 0.098 seconds
[2024-11-04T14:09:32.740-0800] {processor.py:186} INFO - Started process (PID=57109) to work on /opt/anaconda3/lib/python3.12/site-packages/airflow/example_dags/example_outlet_event_extra.py
[2024-11-04T14:09:32.740-0800] {processor.py:914} INFO - Processing file /opt/anaconda3/lib/python3.12/site-packages/airflow/example_dags/example_outlet_event_extra.py for tasks to queue
[2024-11-04T14:09:32.741-0800] {logging_mixin.py:190} INFO - [2024-11-04T14:09:32.741-0800] {dagbag.py:588} INFO - Filling up the DagBag from /opt/anaconda3/lib/python3.12/site-packages/airflow/example_dags/example_outlet_event_extra.py
[2024-11-04T14:09:32.795-0800] {processor.py:925} INFO - DAG(s) 'dataset_with_extra_by_yield', 'dataset_with_extra_from_classic_operator', 'dataset_with_extra_by_context' retrieved from /opt/anaconda3/lib/python3.12/site-packages/airflow/example_dags/example_outlet_event_extra.py
[2024-11-04T14:09:32.826-0800] {logging_mixin.py:190} INFO - [2024-11-04T14:09:32.826-0800] {dag.py:3239} INFO - Sync 3 DAGs
[2024-11-04T14:09:32.832-0800] {logging_mixin.py:190} INFO - [2024-11-04T14:09:32.832-0800] {dag.py:4180} INFO - Setting next_dagrun for dataset_with_extra_by_context to 2024-11-03 00:00:00+00:00, run_after=2024-11-04 00:00:00+00:00
[2024-11-04T14:09:32.834-0800] {logging_mixin.py:190} INFO - [2024-11-04T14:09:32.834-0800] {dag.py:4180} INFO - Setting next_dagrun for dataset_with_extra_by_yield to 2024-11-03 00:00:00+00:00, run_after=2024-11-04 00:00:00+00:00
[2024-11-04T14:09:32.834-0800] {logging_mixin.py:190} INFO - [2024-11-04T14:09:32.834-0800] {dag.py:4180} INFO - Setting next_dagrun for dataset_with_extra_from_classic_operator to 2024-11-03 00:00:00+00:00, run_after=2024-11-04 00:00:00+00:00
[2024-11-04T14:09:32.841-0800] {processor.py:208} INFO - Processing /opt/anaconda3/lib/python3.12/site-packages/airflow/example_dags/example_outlet_event_extra.py took 0.102 seconds
[2024-11-04T14:21:29.662-0800] {processor.py:186} INFO - Started process (PID=57833) to work on /opt/anaconda3/lib/python3.12/site-packages/airflow/example_dags/example_outlet_event_extra.py
[2024-11-04T14:21:29.663-0800] {processor.py:914} INFO - Processing file /opt/anaconda3/lib/python3.12/site-packages/airflow/example_dags/example_outlet_event_extra.py for tasks to queue
[2024-11-04T14:21:29.663-0800] {logging_mixin.py:190} INFO - [2024-11-04T14:21:29.663-0800] {dagbag.py:588} INFO - Filling up the DagBag from /opt/anaconda3/lib/python3.12/site-packages/airflow/example_dags/example_outlet_event_extra.py
[2024-11-04T14:21:29.717-0800] {processor.py:925} INFO - DAG(s) 'dataset_with_extra_from_classic_operator', 'dataset_with_extra_by_context', 'dataset_with_extra_by_yield' retrieved from /opt/anaconda3/lib/python3.12/site-packages/airflow/example_dags/example_outlet_event_extra.py
[2024-11-04T14:21:29.811-0800] {logging_mixin.py:190} INFO - [2024-11-04T14:21:29.811-0800] {override.py:1907} INFO - Created Permission View: can delete on DAG:dataset_with_extra_from_classic_operator
[2024-11-04T14:21:29.816-0800] {logging_mixin.py:190} INFO - [2024-11-04T14:21:29.816-0800] {override.py:1907} INFO - Created Permission View: can read on DAG:dataset_with_extra_from_classic_operator
[2024-11-04T14:21:29.820-0800] {logging_mixin.py:190} INFO - [2024-11-04T14:21:29.820-0800] {override.py:1907} INFO - Created Permission View: can edit on DAG:dataset_with_extra_from_classic_operator
[2024-11-04T14:21:29.823-0800] {logging_mixin.py:190} INFO - [2024-11-04T14:21:29.823-0800] {override.py:1907} INFO - Created Permission View: can delete on DAG Run:dataset_with_extra_from_classic_operator
[2024-11-04T14:21:29.827-0800] {logging_mixin.py:190} INFO - [2024-11-04T14:21:29.826-0800] {override.py:1907} INFO - Created Permission View: can read on DAG Run:dataset_with_extra_from_classic_operator
[2024-11-04T14:21:29.829-0800] {logging_mixin.py:190} INFO - [2024-11-04T14:21:29.829-0800] {override.py:1907} INFO - Created Permission View: menu access on DAG Run:dataset_with_extra_from_classic_operator
[2024-11-04T14:21:29.832-0800] {logging_mixin.py:190} INFO - [2024-11-04T14:21:29.832-0800] {override.py:1907} INFO - Created Permission View: can create on DAG Run:dataset_with_extra_from_classic_operator
[2024-11-04T14:21:29.839-0800] {logging_mixin.py:190} INFO - [2024-11-04T14:21:29.838-0800] {override.py:1907} INFO - Created Permission View: can delete on DAG:dataset_with_extra_by_context
[2024-11-04T14:21:29.841-0800] {logging_mixin.py:190} INFO - [2024-11-04T14:21:29.841-0800] {override.py:1907} INFO - Created Permission View: can read on DAG:dataset_with_extra_by_context
[2024-11-04T14:21:29.844-0800] {logging_mixin.py:190} INFO - [2024-11-04T14:21:29.844-0800] {override.py:1907} INFO - Created Permission View: can edit on DAG:dataset_with_extra_by_context
[2024-11-04T14:21:29.846-0800] {logging_mixin.py:190} INFO - [2024-11-04T14:21:29.846-0800] {override.py:1907} INFO - Created Permission View: can delete on DAG Run:dataset_with_extra_by_context
[2024-11-04T14:21:29.849-0800] {logging_mixin.py:190} INFO - [2024-11-04T14:21:29.849-0800] {override.py:1907} INFO - Created Permission View: can read on DAG Run:dataset_with_extra_by_context
[2024-11-04T14:21:29.851-0800] {logging_mixin.py:190} INFO - [2024-11-04T14:21:29.851-0800] {override.py:1907} INFO - Created Permission View: menu access on DAG Run:dataset_with_extra_by_context
[2024-11-04T14:21:29.853-0800] {logging_mixin.py:190} INFO - [2024-11-04T14:21:29.853-0800] {override.py:1907} INFO - Created Permission View: can create on DAG Run:dataset_with_extra_by_context
[2024-11-04T14:21:29.858-0800] {logging_mixin.py:190} INFO - [2024-11-04T14:21:29.858-0800] {override.py:1907} INFO - Created Permission View: can delete on DAG:dataset_with_extra_by_yield
[2024-11-04T14:21:29.860-0800] {logging_mixin.py:190} INFO - [2024-11-04T14:21:29.860-0800] {override.py:1907} INFO - Created Permission View: can read on DAG:dataset_with_extra_by_yield
[2024-11-04T14:21:29.862-0800] {logging_mixin.py:190} INFO - [2024-11-04T14:21:29.862-0800] {override.py:1907} INFO - Created Permission View: can edit on DAG:dataset_with_extra_by_yield
[2024-11-04T14:21:29.865-0800] {logging_mixin.py:190} INFO - [2024-11-04T14:21:29.865-0800] {override.py:1907} INFO - Created Permission View: can delete on DAG Run:dataset_with_extra_by_yield
[2024-11-04T14:21:29.867-0800] {logging_mixin.py:190} INFO - [2024-11-04T14:21:29.867-0800] {override.py:1907} INFO - Created Permission View: can read on DAG Run:dataset_with_extra_by_yield
[2024-11-04T14:21:29.869-0800] {logging_mixin.py:190} INFO - [2024-11-04T14:21:29.869-0800] {override.py:1907} INFO - Created Permission View: menu access on DAG Run:dataset_with_extra_by_yield
[2024-11-04T14:21:29.871-0800] {logging_mixin.py:190} INFO - [2024-11-04T14:21:29.871-0800] {override.py:1907} INFO - Created Permission View: can create on DAG Run:dataset_with_extra_by_yield
[2024-11-04T14:21:29.871-0800] {logging_mixin.py:190} INFO - [2024-11-04T14:21:29.871-0800] {dag.py:3239} INFO - Sync 3 DAGs
[2024-11-04T14:21:29.876-0800] {logging_mixin.py:190} INFO - [2024-11-04T14:21:29.876-0800] {dag.py:3262} INFO - Creating ORM DAG for dataset_with_extra_by_context
[2024-11-04T14:21:29.876-0800] {logging_mixin.py:190} INFO - [2024-11-04T14:21:29.876-0800] {dag.py:3262} INFO - Creating ORM DAG for dataset_with_extra_from_classic_operator
[2024-11-04T14:21:29.877-0800] {logging_mixin.py:190} INFO - [2024-11-04T14:21:29.877-0800] {dag.py:3262} INFO - Creating ORM DAG for dataset_with_extra_by_yield
[2024-11-04T14:21:29.882-0800] {logging_mixin.py:190} INFO - [2024-11-04T14:21:29.882-0800] {dag.py:4180} INFO - Setting next_dagrun for dataset_with_extra_by_context to 2024-11-03 00:00:00+00:00, run_after=2024-11-04 00:00:00+00:00
[2024-11-04T14:21:29.882-0800] {logging_mixin.py:190} INFO - [2024-11-04T14:21:29.882-0800] {dag.py:4180} INFO - Setting next_dagrun for dataset_with_extra_by_yield to 2024-11-03 00:00:00+00:00, run_after=2024-11-04 00:00:00+00:00
[2024-11-04T14:21:29.883-0800] {logging_mixin.py:190} INFO - [2024-11-04T14:21:29.883-0800] {dag.py:4180} INFO - Setting next_dagrun for dataset_with_extra_from_classic_operator to 2024-11-03 00:00:00+00:00, run_after=2024-11-04 00:00:00+00:00
[2024-11-04T14:21:30.157-0800] {logging_mixin.py:190} INFO - [2024-11-04T14:21:30.156-0800] {utils.py:160} INFO - NumExpr defaulting to 8 threads.
[2024-11-04T14:21:30.292-0800] {processor.py:208} INFO - Processing /opt/anaconda3/lib/python3.12/site-packages/airflow/example_dags/example_outlet_event_extra.py took 0.631 seconds
[2024-11-04T14:23:43.040-0800] {processor.py:186} INFO - Started process (PID=58121) to work on /opt/anaconda3/lib/python3.12/site-packages/airflow/example_dags/example_outlet_event_extra.py
[2024-11-04T14:23:43.041-0800] {processor.py:914} INFO - Processing file /opt/anaconda3/lib/python3.12/site-packages/airflow/example_dags/example_outlet_event_extra.py for tasks to queue
[2024-11-04T14:23:43.041-0800] {logging_mixin.py:190} INFO - [2024-11-04T14:23:43.041-0800] {dagbag.py:588} INFO - Filling up the DagBag from /opt/anaconda3/lib/python3.12/site-packages/airflow/example_dags/example_outlet_event_extra.py
[2024-11-04T14:23:43.088-0800] {processor.py:925} INFO - DAG(s) 'dataset_with_extra_by_context', 'dataset_with_extra_by_yield', 'dataset_with_extra_from_classic_operator' retrieved from /opt/anaconda3/lib/python3.12/site-packages/airflow/example_dags/example_outlet_event_extra.py
[2024-11-04T14:23:43.138-0800] {logging_mixin.py:190} INFO - [2024-11-04T14:23:43.138-0800] {dag.py:3239} INFO - Sync 3 DAGs
[2024-11-04T14:23:43.147-0800] {logging_mixin.py:190} INFO - [2024-11-04T14:23:43.147-0800] {dag.py:4180} INFO - Setting next_dagrun for dataset_with_extra_by_context to 2024-11-03 00:00:00+00:00, run_after=2024-11-04 00:00:00+00:00
[2024-11-04T14:23:43.149-0800] {logging_mixin.py:190} INFO - [2024-11-04T14:23:43.149-0800] {dag.py:4180} INFO - Setting next_dagrun for dataset_with_extra_by_yield to 2024-11-03 00:00:00+00:00, run_after=2024-11-04 00:00:00+00:00
[2024-11-04T14:23:43.150-0800] {logging_mixin.py:190} INFO - [2024-11-04T14:23:43.150-0800] {dag.py:4180} INFO - Setting next_dagrun for dataset_with_extra_from_classic_operator to 2024-11-03 00:00:00+00:00, run_after=2024-11-04 00:00:00+00:00
[2024-11-04T14:23:43.162-0800] {processor.py:208} INFO - Processing /opt/anaconda3/lib/python3.12/site-packages/airflow/example_dags/example_outlet_event_extra.py took 0.124 seconds
[2024-11-04T14:31:54.489-0800] {processor.py:186} INFO - Started process (PID=58474) to work on /opt/anaconda3/lib/python3.12/site-packages/airflow/example_dags/example_outlet_event_extra.py
[2024-11-04T14:31:54.491-0800] {processor.py:914} INFO - Processing file /opt/anaconda3/lib/python3.12/site-packages/airflow/example_dags/example_outlet_event_extra.py for tasks to queue
[2024-11-04T14:31:54.491-0800] {logging_mixin.py:190} INFO - [2024-11-04T14:31:54.491-0800] {dagbag.py:588} INFO - Filling up the DagBag from /opt/anaconda3/lib/python3.12/site-packages/airflow/example_dags/example_outlet_event_extra.py
[2024-11-04T14:31:54.536-0800] {processor.py:925} INFO - DAG(s) 'dataset_with_extra_by_yield', 'dataset_with_extra_by_context', 'dataset_with_extra_from_classic_operator' retrieved from /opt/anaconda3/lib/python3.12/site-packages/airflow/example_dags/example_outlet_event_extra.py
[2024-11-04T14:31:54.585-0800] {logging_mixin.py:190} INFO - [2024-11-04T14:31:54.585-0800] {dag.py:3239} INFO - Sync 3 DAGs
[2024-11-04T14:31:54.595-0800] {logging_mixin.py:190} INFO - [2024-11-04T14:31:54.595-0800] {dag.py:4180} INFO - Setting next_dagrun for dataset_with_extra_by_context to 2024-11-03 00:00:00+00:00, run_after=2024-11-04 00:00:00+00:00
[2024-11-04T14:31:54.597-0800] {logging_mixin.py:190} INFO - [2024-11-04T14:31:54.597-0800] {dag.py:4180} INFO - Setting next_dagrun for dataset_with_extra_by_yield to 2024-11-03 00:00:00+00:00, run_after=2024-11-04 00:00:00+00:00
[2024-11-04T14:31:54.598-0800] {logging_mixin.py:190} INFO - [2024-11-04T14:31:54.598-0800] {dag.py:4180} INFO - Setting next_dagrun for dataset_with_extra_from_classic_operator to 2024-11-03 00:00:00+00:00, run_after=2024-11-04 00:00:00+00:00
[2024-11-04T14:31:54.611-0800] {processor.py:208} INFO - Processing /opt/anaconda3/lib/python3.12/site-packages/airflow/example_dags/example_outlet_event_extra.py took 0.124 seconds
[2024-11-04T15:37:34.050-0800] {processor.py:186} INFO - Started process (PID=58712) to work on /opt/anaconda3/lib/python3.12/site-packages/airflow/example_dags/example_outlet_event_extra.py
[2024-11-04T15:37:34.051-0800] {processor.py:914} INFO - Processing file /opt/anaconda3/lib/python3.12/site-packages/airflow/example_dags/example_outlet_event_extra.py for tasks to queue
[2024-11-04T15:37:34.052-0800] {logging_mixin.py:190} INFO - [2024-11-04T15:37:34.052-0800] {dagbag.py:588} INFO - Filling up the DagBag from /opt/anaconda3/lib/python3.12/site-packages/airflow/example_dags/example_outlet_event_extra.py
[2024-11-04T15:37:34.102-0800] {processor.py:925} INFO - DAG(s) 'dataset_with_extra_from_classic_operator', 'dataset_with_extra_by_yield', 'dataset_with_extra_by_context' retrieved from /opt/anaconda3/lib/python3.12/site-packages/airflow/example_dags/example_outlet_event_extra.py
[2024-11-04T15:37:34.151-0800] {logging_mixin.py:190} INFO - [2024-11-04T15:37:34.151-0800] {dag.py:3239} INFO - Sync 3 DAGs
[2024-11-04T15:37:34.160-0800] {logging_mixin.py:190} INFO - [2024-11-04T15:37:34.160-0800] {dag.py:4180} INFO - Setting next_dagrun for dataset_with_extra_by_context to 2024-11-03 00:00:00+00:00, run_after=2024-11-04 00:00:00+00:00
[2024-11-04T15:37:34.162-0800] {logging_mixin.py:190} INFO - [2024-11-04T15:37:34.162-0800] {dag.py:4180} INFO - Setting next_dagrun for dataset_with_extra_by_yield to 2024-11-03 00:00:00+00:00, run_after=2024-11-04 00:00:00+00:00
[2024-11-04T15:37:34.163-0800] {logging_mixin.py:190} INFO - [2024-11-04T15:37:34.163-0800] {dag.py:4180} INFO - Setting next_dagrun for dataset_with_extra_from_classic_operator to 2024-11-03 00:00:00+00:00, run_after=2024-11-04 00:00:00+00:00
[2024-11-04T15:37:34.175-0800] {processor.py:208} INFO - Processing /opt/anaconda3/lib/python3.12/site-packages/airflow/example_dags/example_outlet_event_extra.py took 0.130 seconds
[2024-11-04T15:38:07.010-0800] {processor.py:186} INFO - Started process (PID=58849) to work on /opt/anaconda3/lib/python3.12/site-packages/airflow/example_dags/example_outlet_event_extra.py
[2024-11-04T15:38:07.011-0800] {processor.py:914} INFO - Processing file /opt/anaconda3/lib/python3.12/site-packages/airflow/example_dags/example_outlet_event_extra.py for tasks to queue
[2024-11-04T15:38:07.012-0800] {logging_mixin.py:190} INFO - [2024-11-04T15:38:07.012-0800] {dagbag.py:588} INFO - Filling up the DagBag from /opt/anaconda3/lib/python3.12/site-packages/airflow/example_dags/example_outlet_event_extra.py
[2024-11-04T15:38:07.051-0800] {processor.py:925} INFO - DAG(s) 'dataset_with_extra_from_classic_operator', 'dataset_with_extra_by_yield', 'dataset_with_extra_by_context' retrieved from /opt/anaconda3/lib/python3.12/site-packages/airflow/example_dags/example_outlet_event_extra.py
[2024-11-04T15:38:07.098-0800] {logging_mixin.py:190} INFO - [2024-11-04T15:38:07.098-0800] {dag.py:3239} INFO - Sync 3 DAGs
[2024-11-04T15:38:07.107-0800] {logging_mixin.py:190} INFO - [2024-11-04T15:38:07.107-0800] {dag.py:4180} INFO - Setting next_dagrun for dataset_with_extra_by_context to 2024-11-03 00:00:00+00:00, run_after=2024-11-04 00:00:00+00:00
[2024-11-04T15:38:07.109-0800] {logging_mixin.py:190} INFO - [2024-11-04T15:38:07.109-0800] {dag.py:4180} INFO - Setting next_dagrun for dataset_with_extra_by_yield to 2024-11-03 00:00:00+00:00, run_after=2024-11-04 00:00:00+00:00
[2024-11-04T15:38:07.110-0800] {logging_mixin.py:190} INFO - [2024-11-04T15:38:07.110-0800] {dag.py:4180} INFO - Setting next_dagrun for dataset_with_extra_from_classic_operator to 2024-11-03 00:00:00+00:00, run_after=2024-11-04 00:00:00+00:00
[2024-11-04T15:38:07.121-0800] {processor.py:208} INFO - Processing /opt/anaconda3/lib/python3.12/site-packages/airflow/example_dags/example_outlet_event_extra.py took 0.112 seconds
[2024-11-04T15:55:19.883-0800] {processor.py:186} INFO - Started process (PID=58972) to work on /opt/anaconda3/lib/python3.12/site-packages/airflow/example_dags/example_outlet_event_extra.py
[2024-11-04T15:55:19.885-0800] {processor.py:914} INFO - Processing file /opt/anaconda3/lib/python3.12/site-packages/airflow/example_dags/example_outlet_event_extra.py for tasks to queue
[2024-11-04T15:55:19.885-0800] {logging_mixin.py:190} INFO - [2024-11-04T15:55:19.885-0800] {dagbag.py:588} INFO - Filling up the DagBag from /opt/anaconda3/lib/python3.12/site-packages/airflow/example_dags/example_outlet_event_extra.py
[2024-11-04T15:55:19.925-0800] {processor.py:925} INFO - DAG(s) 'dataset_with_extra_by_context', 'dataset_with_extra_by_yield', 'dataset_with_extra_from_classic_operator' retrieved from /opt/anaconda3/lib/python3.12/site-packages/airflow/example_dags/example_outlet_event_extra.py
[2024-11-04T15:55:19.977-0800] {logging_mixin.py:190} INFO - [2024-11-04T15:55:19.977-0800] {dag.py:3239} INFO - Sync 3 DAGs
[2024-11-04T15:55:19.987-0800] {logging_mixin.py:190} INFO - [2024-11-04T15:55:19.986-0800] {dag.py:4180} INFO - Setting next_dagrun for dataset_with_extra_by_context to 2024-11-03 00:00:00+00:00, run_after=2024-11-04 00:00:00+00:00
[2024-11-04T15:55:19.988-0800] {logging_mixin.py:190} INFO - [2024-11-04T15:55:19.988-0800] {dag.py:4180} INFO - Setting next_dagrun for dataset_with_extra_by_yield to 2024-11-03 00:00:00+00:00, run_after=2024-11-04 00:00:00+00:00
[2024-11-04T15:55:19.989-0800] {logging_mixin.py:190} INFO - [2024-11-04T15:55:19.989-0800] {dag.py:4180} INFO - Setting next_dagrun for dataset_with_extra_from_classic_operator to 2024-11-03 00:00:00+00:00, run_after=2024-11-04 00:00:00+00:00
[2024-11-04T15:55:20.002-0800] {processor.py:208} INFO - Processing /opt/anaconda3/lib/python3.12/site-packages/airflow/example_dags/example_outlet_event_extra.py took 0.120 seconds
