[2024-11-04T12:43:14.136-0800] {processor.py:186} INFO - Started process (PID=50298) to work on /opt/anaconda3/lib/python3.12/site-packages/airflow/example_dags/example_dynamic_task_mapping.py
[2024-11-04T12:43:14.136-0800] {processor.py:914} INFO - Processing file /opt/anaconda3/lib/python3.12/site-packages/airflow/example_dags/example_dynamic_task_mapping.py for tasks to queue
[2024-11-04T12:43:14.136-0800] {logging_mixin.py:190} INFO - [2024-11-04T12:43:14.136-0800] {dagbag.py:588} INFO - Filling up the DagBag from /opt/anaconda3/lib/python3.12/site-packages/airflow/example_dags/example_dynamic_task_mapping.py
[2024-11-04T12:43:14.150-0800] {processor.py:925} INFO - DAG(s) 'example_dynamic_task_mapping' retrieved from /opt/anaconda3/lib/python3.12/site-packages/airflow/example_dags/example_dynamic_task_mapping.py
[2024-11-04T12:43:14.207-0800] {logging_mixin.py:190} INFO - [2024-11-04T12:43:14.207-0800] {dag.py:3239} INFO - Sync 1 DAGs
[2024-11-04T12:43:14.211-0800] {logging_mixin.py:190} INFO - [2024-11-04T12:43:14.210-0800] {dag.py:4180} INFO - Setting next_dagrun for example_dynamic_task_mapping to None, run_after=None
[2024-11-04T12:43:14.217-0800] {processor.py:208} INFO - Processing /opt/anaconda3/lib/python3.12/site-packages/airflow/example_dags/example_dynamic_task_mapping.py took 0.082 seconds
[2024-11-04T12:45:42.897-0800] {processor.py:186} INFO - Started process (PID=50498) to work on /opt/anaconda3/lib/python3.12/site-packages/airflow/example_dags/example_dynamic_task_mapping.py
[2024-11-04T12:45:42.898-0800] {processor.py:914} INFO - Processing file /opt/anaconda3/lib/python3.12/site-packages/airflow/example_dags/example_dynamic_task_mapping.py for tasks to queue
[2024-11-04T12:45:42.898-0800] {logging_mixin.py:190} INFO - [2024-11-04T12:45:42.898-0800] {dagbag.py:588} INFO - Filling up the DagBag from /opt/anaconda3/lib/python3.12/site-packages/airflow/example_dags/example_dynamic_task_mapping.py
[2024-11-04T12:45:42.912-0800] {processor.py:925} INFO - DAG(s) 'example_dynamic_task_mapping' retrieved from /opt/anaconda3/lib/python3.12/site-packages/airflow/example_dags/example_dynamic_task_mapping.py
[2024-11-04T12:45:42.941-0800] {logging_mixin.py:190} INFO - [2024-11-04T12:45:42.941-0800] {dag.py:3239} INFO - Sync 1 DAGs
[2024-11-04T12:45:42.944-0800] {logging_mixin.py:190} INFO - [2024-11-04T12:45:42.944-0800] {dag.py:4180} INFO - Setting next_dagrun for example_dynamic_task_mapping to None, run_after=None
[2024-11-04T12:45:42.950-0800] {processor.py:208} INFO - Processing /opt/anaconda3/lib/python3.12/site-packages/airflow/example_dags/example_dynamic_task_mapping.py took 0.053 seconds
[2024-11-04T12:48:12.592-0800] {processor.py:186} INFO - Started process (PID=50708) to work on /opt/anaconda3/lib/python3.12/site-packages/airflow/example_dags/example_dynamic_task_mapping.py
[2024-11-04T12:48:12.593-0800] {processor.py:914} INFO - Processing file /opt/anaconda3/lib/python3.12/site-packages/airflow/example_dags/example_dynamic_task_mapping.py for tasks to queue
[2024-11-04T12:48:12.594-0800] {logging_mixin.py:190} INFO - [2024-11-04T12:48:12.594-0800] {dagbag.py:588} INFO - Filling up the DagBag from /opt/anaconda3/lib/python3.12/site-packages/airflow/example_dags/example_dynamic_task_mapping.py
[2024-11-04T12:48:12.606-0800] {processor.py:925} INFO - DAG(s) 'example_dynamic_task_mapping' retrieved from /opt/anaconda3/lib/python3.12/site-packages/airflow/example_dags/example_dynamic_task_mapping.py
[2024-11-04T12:48:12.635-0800] {logging_mixin.py:190} INFO - [2024-11-04T12:48:12.635-0800] {dag.py:3239} INFO - Sync 1 DAGs
[2024-11-04T12:48:12.638-0800] {logging_mixin.py:190} INFO - [2024-11-04T12:48:12.638-0800] {dag.py:4180} INFO - Setting next_dagrun for example_dynamic_task_mapping to None, run_after=None
[2024-11-04T12:48:12.644-0800] {processor.py:208} INFO - Processing /opt/anaconda3/lib/python3.12/site-packages/airflow/example_dags/example_dynamic_task_mapping.py took 0.052 seconds
[2024-11-04T12:50:42.742-0800] {processor.py:186} INFO - Started process (PID=50945) to work on /opt/anaconda3/lib/python3.12/site-packages/airflow/example_dags/example_dynamic_task_mapping.py
[2024-11-04T12:50:42.743-0800] {processor.py:914} INFO - Processing file /opt/anaconda3/lib/python3.12/site-packages/airflow/example_dags/example_dynamic_task_mapping.py for tasks to queue
[2024-11-04T12:50:42.743-0800] {logging_mixin.py:190} INFO - [2024-11-04T12:50:42.743-0800] {dagbag.py:588} INFO - Filling up the DagBag from /opt/anaconda3/lib/python3.12/site-packages/airflow/example_dags/example_dynamic_task_mapping.py
[2024-11-04T12:50:42.759-0800] {processor.py:925} INFO - DAG(s) 'example_dynamic_task_mapping' retrieved from /opt/anaconda3/lib/python3.12/site-packages/airflow/example_dags/example_dynamic_task_mapping.py
[2024-11-04T12:50:42.790-0800] {logging_mixin.py:190} INFO - [2024-11-04T12:50:42.790-0800] {dag.py:3239} INFO - Sync 1 DAGs
[2024-11-04T12:50:42.793-0800] {logging_mixin.py:190} INFO - [2024-11-04T12:50:42.793-0800] {dag.py:4180} INFO - Setting next_dagrun for example_dynamic_task_mapping to None, run_after=None
[2024-11-04T12:50:42.799-0800] {processor.py:208} INFO - Processing /opt/anaconda3/lib/python3.12/site-packages/airflow/example_dags/example_dynamic_task_mapping.py took 0.059 seconds
[2024-11-04T12:53:11.810-0800] {processor.py:186} INFO - Started process (PID=51148) to work on /opt/anaconda3/lib/python3.12/site-packages/airflow/example_dags/example_dynamic_task_mapping.py
[2024-11-04T12:53:11.811-0800] {processor.py:914} INFO - Processing file /opt/anaconda3/lib/python3.12/site-packages/airflow/example_dags/example_dynamic_task_mapping.py for tasks to queue
[2024-11-04T12:53:11.811-0800] {logging_mixin.py:190} INFO - [2024-11-04T12:53:11.811-0800] {dagbag.py:588} INFO - Filling up the DagBag from /opt/anaconda3/lib/python3.12/site-packages/airflow/example_dags/example_dynamic_task_mapping.py
[2024-11-04T12:53:11.825-0800] {processor.py:925} INFO - DAG(s) 'example_dynamic_task_mapping' retrieved from /opt/anaconda3/lib/python3.12/site-packages/airflow/example_dags/example_dynamic_task_mapping.py
[2024-11-04T12:53:11.855-0800] {logging_mixin.py:190} INFO - [2024-11-04T12:53:11.855-0800] {dag.py:3239} INFO - Sync 1 DAGs
[2024-11-04T12:53:11.858-0800] {logging_mixin.py:190} INFO - [2024-11-04T12:53:11.858-0800] {dag.py:4180} INFO - Setting next_dagrun for example_dynamic_task_mapping to None, run_after=None
[2024-11-04T12:53:11.863-0800] {processor.py:208} INFO - Processing /opt/anaconda3/lib/python3.12/site-packages/airflow/example_dags/example_dynamic_task_mapping.py took 0.055 seconds
[2024-11-04T12:55:47.390-0800] {processor.py:186} INFO - Started process (PID=51320) to work on /opt/anaconda3/lib/python3.12/site-packages/airflow/example_dags/example_dynamic_task_mapping.py
[2024-11-04T12:55:47.391-0800] {processor.py:914} INFO - Processing file /opt/anaconda3/lib/python3.12/site-packages/airflow/example_dags/example_dynamic_task_mapping.py for tasks to queue
[2024-11-04T12:55:47.391-0800] {logging_mixin.py:190} INFO - [2024-11-04T12:55:47.391-0800] {dagbag.py:588} INFO - Filling up the DagBag from /opt/anaconda3/lib/python3.12/site-packages/airflow/example_dags/example_dynamic_task_mapping.py
[2024-11-04T12:55:47.406-0800] {processor.py:925} INFO - DAG(s) 'example_dynamic_task_mapping' retrieved from /opt/anaconda3/lib/python3.12/site-packages/airflow/example_dags/example_dynamic_task_mapping.py
[2024-11-04T12:55:47.436-0800] {logging_mixin.py:190} INFO - [2024-11-04T12:55:47.436-0800] {dag.py:3239} INFO - Sync 1 DAGs
[2024-11-04T12:55:47.440-0800] {logging_mixin.py:190} INFO - [2024-11-04T12:55:47.440-0800] {dag.py:4180} INFO - Setting next_dagrun for example_dynamic_task_mapping to None, run_after=None
[2024-11-04T12:55:47.446-0800] {processor.py:208} INFO - Processing /opt/anaconda3/lib/python3.12/site-packages/airflow/example_dags/example_dynamic_task_mapping.py took 0.058 seconds
[2024-11-04T12:58:12.145-0800] {processor.py:186} INFO - Started process (PID=51502) to work on /opt/anaconda3/lib/python3.12/site-packages/airflow/example_dags/example_dynamic_task_mapping.py
[2024-11-04T12:58:12.146-0800] {processor.py:914} INFO - Processing file /opt/anaconda3/lib/python3.12/site-packages/airflow/example_dags/example_dynamic_task_mapping.py for tasks to queue
[2024-11-04T12:58:12.146-0800] {logging_mixin.py:190} INFO - [2024-11-04T12:58:12.146-0800] {dagbag.py:588} INFO - Filling up the DagBag from /opt/anaconda3/lib/python3.12/site-packages/airflow/example_dags/example_dynamic_task_mapping.py
[2024-11-04T12:58:12.159-0800] {processor.py:925} INFO - DAG(s) 'example_dynamic_task_mapping' retrieved from /opt/anaconda3/lib/python3.12/site-packages/airflow/example_dags/example_dynamic_task_mapping.py
[2024-11-04T12:58:12.188-0800] {logging_mixin.py:190} INFO - [2024-11-04T12:58:12.188-0800] {dag.py:3239} INFO - Sync 1 DAGs
[2024-11-04T12:58:12.192-0800] {logging_mixin.py:190} INFO - [2024-11-04T12:58:12.191-0800] {dag.py:4180} INFO - Setting next_dagrun for example_dynamic_task_mapping to None, run_after=None
[2024-11-04T12:58:12.197-0800] {processor.py:208} INFO - Processing /opt/anaconda3/lib/python3.12/site-packages/airflow/example_dags/example_dynamic_task_mapping.py took 0.053 seconds
[2024-11-04T13:00:41.311-0800] {processor.py:186} INFO - Started process (PID=51709) to work on /opt/anaconda3/lib/python3.12/site-packages/airflow/example_dags/example_dynamic_task_mapping.py
[2024-11-04T13:00:41.312-0800] {processor.py:914} INFO - Processing file /opt/anaconda3/lib/python3.12/site-packages/airflow/example_dags/example_dynamic_task_mapping.py for tasks to queue
[2024-11-04T13:00:41.313-0800] {logging_mixin.py:190} INFO - [2024-11-04T13:00:41.313-0800] {dagbag.py:588} INFO - Filling up the DagBag from /opt/anaconda3/lib/python3.12/site-packages/airflow/example_dags/example_dynamic_task_mapping.py
[2024-11-04T13:00:41.330-0800] {processor.py:925} INFO - DAG(s) 'example_dynamic_task_mapping' retrieved from /opt/anaconda3/lib/python3.12/site-packages/airflow/example_dags/example_dynamic_task_mapping.py
[2024-11-04T13:00:41.368-0800] {logging_mixin.py:190} INFO - [2024-11-04T13:00:41.368-0800] {dag.py:3239} INFO - Sync 1 DAGs
[2024-11-04T13:00:41.371-0800] {logging_mixin.py:190} INFO - [2024-11-04T13:00:41.371-0800] {dag.py:4180} INFO - Setting next_dagrun for example_dynamic_task_mapping to None, run_after=None
[2024-11-04T13:00:41.379-0800] {processor.py:208} INFO - Processing /opt/anaconda3/lib/python3.12/site-packages/airflow/example_dags/example_dynamic_task_mapping.py took 0.070 seconds
[2024-11-04T13:03:12.781-0800] {processor.py:186} INFO - Started process (PID=51880) to work on /opt/anaconda3/lib/python3.12/site-packages/airflow/example_dags/example_dynamic_task_mapping.py
[2024-11-04T13:03:12.782-0800] {processor.py:914} INFO - Processing file /opt/anaconda3/lib/python3.12/site-packages/airflow/example_dags/example_dynamic_task_mapping.py for tasks to queue
[2024-11-04T13:03:12.782-0800] {logging_mixin.py:190} INFO - [2024-11-04T13:03:12.782-0800] {dagbag.py:588} INFO - Filling up the DagBag from /opt/anaconda3/lib/python3.12/site-packages/airflow/example_dags/example_dynamic_task_mapping.py
[2024-11-04T13:03:12.796-0800] {processor.py:925} INFO - DAG(s) 'example_dynamic_task_mapping' retrieved from /opt/anaconda3/lib/python3.12/site-packages/airflow/example_dags/example_dynamic_task_mapping.py
[2024-11-04T13:03:12.824-0800] {logging_mixin.py:190} INFO - [2024-11-04T13:03:12.824-0800] {dag.py:3239} INFO - Sync 1 DAGs
[2024-11-04T13:03:12.828-0800] {logging_mixin.py:190} INFO - [2024-11-04T13:03:12.827-0800] {dag.py:4180} INFO - Setting next_dagrun for example_dynamic_task_mapping to None, run_after=None
[2024-11-04T13:03:12.834-0800] {processor.py:208} INFO - Processing /opt/anaconda3/lib/python3.12/site-packages/airflow/example_dags/example_dynamic_task_mapping.py took 0.054 seconds
[2024-11-04T13:05:36.189-0800] {processor.py:186} INFO - Started process (PID=52115) to work on /opt/anaconda3/lib/python3.12/site-packages/airflow/example_dags/example_dynamic_task_mapping.py
[2024-11-04T13:05:36.191-0800] {processor.py:914} INFO - Processing file /opt/anaconda3/lib/python3.12/site-packages/airflow/example_dags/example_dynamic_task_mapping.py for tasks to queue
[2024-11-04T13:05:36.191-0800] {logging_mixin.py:190} INFO - [2024-11-04T13:05:36.191-0800] {dagbag.py:588} INFO - Filling up the DagBag from /opt/anaconda3/lib/python3.12/site-packages/airflow/example_dags/example_dynamic_task_mapping.py
[2024-11-04T13:05:36.207-0800] {processor.py:925} INFO - DAG(s) 'example_dynamic_task_mapping' retrieved from /opt/anaconda3/lib/python3.12/site-packages/airflow/example_dags/example_dynamic_task_mapping.py
[2024-11-04T13:05:36.240-0800] {logging_mixin.py:190} INFO - [2024-11-04T13:05:36.239-0800] {dag.py:3239} INFO - Sync 1 DAGs
[2024-11-04T13:05:36.243-0800] {logging_mixin.py:190} INFO - [2024-11-04T13:05:36.243-0800] {dag.py:4180} INFO - Setting next_dagrun for example_dynamic_task_mapping to None, run_after=None
[2024-11-04T13:05:36.250-0800] {processor.py:208} INFO - Processing /opt/anaconda3/lib/python3.12/site-packages/airflow/example_dags/example_dynamic_task_mapping.py took 0.063 seconds
[2024-11-04T13:08:02.891-0800] {processor.py:186} INFO - Started process (PID=52293) to work on /opt/anaconda3/lib/python3.12/site-packages/airflow/example_dags/example_dynamic_task_mapping.py
[2024-11-04T13:08:02.892-0800] {processor.py:914} INFO - Processing file /opt/anaconda3/lib/python3.12/site-packages/airflow/example_dags/example_dynamic_task_mapping.py for tasks to queue
[2024-11-04T13:08:02.892-0800] {logging_mixin.py:190} INFO - [2024-11-04T13:08:02.892-0800] {dagbag.py:588} INFO - Filling up the DagBag from /opt/anaconda3/lib/python3.12/site-packages/airflow/example_dags/example_dynamic_task_mapping.py
[2024-11-04T13:08:02.906-0800] {processor.py:925} INFO - DAG(s) 'example_dynamic_task_mapping' retrieved from /opt/anaconda3/lib/python3.12/site-packages/airflow/example_dags/example_dynamic_task_mapping.py
[2024-11-04T13:08:02.935-0800] {logging_mixin.py:190} INFO - [2024-11-04T13:08:02.935-0800] {dag.py:3239} INFO - Sync 1 DAGs
[2024-11-04T13:08:02.938-0800] {logging_mixin.py:190} INFO - [2024-11-04T13:08:02.938-0800] {dag.py:4180} INFO - Setting next_dagrun for example_dynamic_task_mapping to None, run_after=None
[2024-11-04T13:08:02.944-0800] {processor.py:208} INFO - Processing /opt/anaconda3/lib/python3.12/site-packages/airflow/example_dags/example_dynamic_task_mapping.py took 0.054 seconds
[2024-11-04T13:10:22.915-0800] {processor.py:186} INFO - Started process (PID=52479) to work on /opt/anaconda3/lib/python3.12/site-packages/airflow/example_dags/example_dynamic_task_mapping.py
[2024-11-04T13:10:22.917-0800] {processor.py:914} INFO - Processing file /opt/anaconda3/lib/python3.12/site-packages/airflow/example_dags/example_dynamic_task_mapping.py for tasks to queue
[2024-11-04T13:10:22.917-0800] {logging_mixin.py:190} INFO - [2024-11-04T13:10:22.917-0800] {dagbag.py:588} INFO - Filling up the DagBag from /opt/anaconda3/lib/python3.12/site-packages/airflow/example_dags/example_dynamic_task_mapping.py
[2024-11-04T13:10:22.931-0800] {processor.py:925} INFO - DAG(s) 'example_dynamic_task_mapping' retrieved from /opt/anaconda3/lib/python3.12/site-packages/airflow/example_dags/example_dynamic_task_mapping.py
[2024-11-04T13:10:22.960-0800] {logging_mixin.py:190} INFO - [2024-11-04T13:10:22.960-0800] {dag.py:3239} INFO - Sync 1 DAGs
[2024-11-04T13:10:22.963-0800] {logging_mixin.py:190} INFO - [2024-11-04T13:10:22.963-0800] {dag.py:4180} INFO - Setting next_dagrun for example_dynamic_task_mapping to None, run_after=None
[2024-11-04T13:10:22.971-0800] {processor.py:208} INFO - Processing /opt/anaconda3/lib/python3.12/site-packages/airflow/example_dags/example_dynamic_task_mapping.py took 0.057 seconds
[2024-11-04T13:12:46.452-0800] {processor.py:186} INFO - Started process (PID=52681) to work on /opt/anaconda3/lib/python3.12/site-packages/airflow/example_dags/example_dynamic_task_mapping.py
[2024-11-04T13:12:46.453-0800] {processor.py:914} INFO - Processing file /opt/anaconda3/lib/python3.12/site-packages/airflow/example_dags/example_dynamic_task_mapping.py for tasks to queue
[2024-11-04T13:12:46.453-0800] {logging_mixin.py:190} INFO - [2024-11-04T13:12:46.453-0800] {dagbag.py:588} INFO - Filling up the DagBag from /opt/anaconda3/lib/python3.12/site-packages/airflow/example_dags/example_dynamic_task_mapping.py
[2024-11-04T13:12:46.467-0800] {processor.py:925} INFO - DAG(s) 'example_dynamic_task_mapping' retrieved from /opt/anaconda3/lib/python3.12/site-packages/airflow/example_dags/example_dynamic_task_mapping.py
[2024-11-04T13:12:46.496-0800] {logging_mixin.py:190} INFO - [2024-11-04T13:12:46.496-0800] {dag.py:3239} INFO - Sync 1 DAGs
[2024-11-04T13:12:46.499-0800] {logging_mixin.py:190} INFO - [2024-11-04T13:12:46.499-0800] {dag.py:4180} INFO - Setting next_dagrun for example_dynamic_task_mapping to None, run_after=None
[2024-11-04T13:12:46.504-0800] {processor.py:208} INFO - Processing /opt/anaconda3/lib/python3.12/site-packages/airflow/example_dags/example_dynamic_task_mapping.py took 0.054 seconds
[2024-11-04T13:15:05.207-0800] {processor.py:186} INFO - Started process (PID=52861) to work on /opt/anaconda3/lib/python3.12/site-packages/airflow/example_dags/example_dynamic_task_mapping.py
[2024-11-04T13:15:05.208-0800] {processor.py:914} INFO - Processing file /opt/anaconda3/lib/python3.12/site-packages/airflow/example_dags/example_dynamic_task_mapping.py for tasks to queue
[2024-11-04T13:15:05.208-0800] {logging_mixin.py:190} INFO - [2024-11-04T13:15:05.208-0800] {dagbag.py:588} INFO - Filling up the DagBag from /opt/anaconda3/lib/python3.12/site-packages/airflow/example_dags/example_dynamic_task_mapping.py
[2024-11-04T13:15:05.222-0800] {processor.py:925} INFO - DAG(s) 'example_dynamic_task_mapping' retrieved from /opt/anaconda3/lib/python3.12/site-packages/airflow/example_dags/example_dynamic_task_mapping.py
[2024-11-04T13:15:05.250-0800] {logging_mixin.py:190} INFO - [2024-11-04T13:15:05.250-0800] {dag.py:3239} INFO - Sync 1 DAGs
[2024-11-04T13:15:05.253-0800] {logging_mixin.py:190} INFO - [2024-11-04T13:15:05.253-0800] {dag.py:4180} INFO - Setting next_dagrun for example_dynamic_task_mapping to None, run_after=None
[2024-11-04T13:15:05.259-0800] {processor.py:208} INFO - Processing /opt/anaconda3/lib/python3.12/site-packages/airflow/example_dags/example_dynamic_task_mapping.py took 0.053 seconds
[2024-11-04T13:17:28.434-0800] {processor.py:186} INFO - Started process (PID=53030) to work on /opt/anaconda3/lib/python3.12/site-packages/airflow/example_dags/example_dynamic_task_mapping.py
[2024-11-04T13:17:28.434-0800] {processor.py:914} INFO - Processing file /opt/anaconda3/lib/python3.12/site-packages/airflow/example_dags/example_dynamic_task_mapping.py for tasks to queue
[2024-11-04T13:17:28.434-0800] {logging_mixin.py:190} INFO - [2024-11-04T13:17:28.434-0800] {dagbag.py:588} INFO - Filling up the DagBag from /opt/anaconda3/lib/python3.12/site-packages/airflow/example_dags/example_dynamic_task_mapping.py
[2024-11-04T13:17:28.448-0800] {processor.py:925} INFO - DAG(s) 'example_dynamic_task_mapping' retrieved from /opt/anaconda3/lib/python3.12/site-packages/airflow/example_dags/example_dynamic_task_mapping.py
[2024-11-04T13:17:28.477-0800] {logging_mixin.py:190} INFO - [2024-11-04T13:17:28.477-0800] {dag.py:3239} INFO - Sync 1 DAGs
[2024-11-04T13:17:28.480-0800] {logging_mixin.py:190} INFO - [2024-11-04T13:17:28.480-0800] {dag.py:4180} INFO - Setting next_dagrun for example_dynamic_task_mapping to None, run_after=None
[2024-11-04T13:17:28.486-0800] {processor.py:208} INFO - Processing /opt/anaconda3/lib/python3.12/site-packages/airflow/example_dags/example_dynamic_task_mapping.py took 0.053 seconds
[2024-11-04T13:19:52.476-0800] {processor.py:186} INFO - Started process (PID=53211) to work on /opt/anaconda3/lib/python3.12/site-packages/airflow/example_dags/example_dynamic_task_mapping.py
[2024-11-04T13:19:52.476-0800] {processor.py:914} INFO - Processing file /opt/anaconda3/lib/python3.12/site-packages/airflow/example_dags/example_dynamic_task_mapping.py for tasks to queue
[2024-11-04T13:19:52.477-0800] {logging_mixin.py:190} INFO - [2024-11-04T13:19:52.476-0800] {dagbag.py:588} INFO - Filling up the DagBag from /opt/anaconda3/lib/python3.12/site-packages/airflow/example_dags/example_dynamic_task_mapping.py
[2024-11-04T13:19:52.489-0800] {processor.py:925} INFO - DAG(s) 'example_dynamic_task_mapping' retrieved from /opt/anaconda3/lib/python3.12/site-packages/airflow/example_dags/example_dynamic_task_mapping.py
[2024-11-04T13:19:52.520-0800] {logging_mixin.py:190} INFO - [2024-11-04T13:19:52.520-0800] {dag.py:3239} INFO - Sync 1 DAGs
[2024-11-04T13:19:52.523-0800] {logging_mixin.py:190} INFO - [2024-11-04T13:19:52.523-0800] {dag.py:4180} INFO - Setting next_dagrun for example_dynamic_task_mapping to None, run_after=None
[2024-11-04T13:19:52.529-0800] {processor.py:208} INFO - Processing /opt/anaconda3/lib/python3.12/site-packages/airflow/example_dags/example_dynamic_task_mapping.py took 0.054 seconds
[2024-11-04T13:22:17.607-0800] {processor.py:186} INFO - Started process (PID=53374) to work on /opt/anaconda3/lib/python3.12/site-packages/airflow/example_dags/example_dynamic_task_mapping.py
[2024-11-04T13:22:17.608-0800] {processor.py:914} INFO - Processing file /opt/anaconda3/lib/python3.12/site-packages/airflow/example_dags/example_dynamic_task_mapping.py for tasks to queue
[2024-11-04T13:22:17.608-0800] {logging_mixin.py:190} INFO - [2024-11-04T13:22:17.608-0800] {dagbag.py:588} INFO - Filling up the DagBag from /opt/anaconda3/lib/python3.12/site-packages/airflow/example_dags/example_dynamic_task_mapping.py
[2024-11-04T13:22:17.621-0800] {processor.py:925} INFO - DAG(s) 'example_dynamic_task_mapping' retrieved from /opt/anaconda3/lib/python3.12/site-packages/airflow/example_dags/example_dynamic_task_mapping.py
[2024-11-04T13:22:17.650-0800] {logging_mixin.py:190} INFO - [2024-11-04T13:22:17.650-0800] {dag.py:3239} INFO - Sync 1 DAGs
[2024-11-04T13:22:17.653-0800] {logging_mixin.py:190} INFO - [2024-11-04T13:22:17.653-0800] {dag.py:4180} INFO - Setting next_dagrun for example_dynamic_task_mapping to None, run_after=None
[2024-11-04T13:22:17.659-0800] {processor.py:208} INFO - Processing /opt/anaconda3/lib/python3.12/site-packages/airflow/example_dags/example_dynamic_task_mapping.py took 0.053 seconds
[2024-11-04T13:24:39.484-0800] {processor.py:186} INFO - Started process (PID=53557) to work on /opt/anaconda3/lib/python3.12/site-packages/airflow/example_dags/example_dynamic_task_mapping.py
[2024-11-04T13:24:39.485-0800] {processor.py:914} INFO - Processing file /opt/anaconda3/lib/python3.12/site-packages/airflow/example_dags/example_dynamic_task_mapping.py for tasks to queue
[2024-11-04T13:24:39.485-0800] {logging_mixin.py:190} INFO - [2024-11-04T13:24:39.485-0800] {dagbag.py:588} INFO - Filling up the DagBag from /opt/anaconda3/lib/python3.12/site-packages/airflow/example_dags/example_dynamic_task_mapping.py
[2024-11-04T13:24:39.498-0800] {processor.py:925} INFO - DAG(s) 'example_dynamic_task_mapping' retrieved from /opt/anaconda3/lib/python3.12/site-packages/airflow/example_dags/example_dynamic_task_mapping.py
[2024-11-04T13:24:39.527-0800] {logging_mixin.py:190} INFO - [2024-11-04T13:24:39.526-0800] {dag.py:3239} INFO - Sync 1 DAGs
[2024-11-04T13:24:39.530-0800] {logging_mixin.py:190} INFO - [2024-11-04T13:24:39.530-0800] {dag.py:4180} INFO - Setting next_dagrun for example_dynamic_task_mapping to None, run_after=None
[2024-11-04T13:24:39.535-0800] {processor.py:208} INFO - Processing /opt/anaconda3/lib/python3.12/site-packages/airflow/example_dags/example_dynamic_task_mapping.py took 0.052 seconds
[2024-11-04T13:27:05.152-0800] {processor.py:186} INFO - Started process (PID=53735) to work on /opt/anaconda3/lib/python3.12/site-packages/airflow/example_dags/example_dynamic_task_mapping.py
[2024-11-04T13:27:05.153-0800] {processor.py:914} INFO - Processing file /opt/anaconda3/lib/python3.12/site-packages/airflow/example_dags/example_dynamic_task_mapping.py for tasks to queue
[2024-11-04T13:27:05.154-0800] {logging_mixin.py:190} INFO - [2024-11-04T13:27:05.153-0800] {dagbag.py:588} INFO - Filling up the DagBag from /opt/anaconda3/lib/python3.12/site-packages/airflow/example_dags/example_dynamic_task_mapping.py
[2024-11-04T13:27:05.167-0800] {processor.py:925} INFO - DAG(s) 'example_dynamic_task_mapping' retrieved from /opt/anaconda3/lib/python3.12/site-packages/airflow/example_dags/example_dynamic_task_mapping.py
[2024-11-04T13:27:05.198-0800] {logging_mixin.py:190} INFO - [2024-11-04T13:27:05.197-0800] {dag.py:3239} INFO - Sync 1 DAGs
[2024-11-04T13:27:05.201-0800] {logging_mixin.py:190} INFO - [2024-11-04T13:27:05.201-0800] {dag.py:4180} INFO - Setting next_dagrun for example_dynamic_task_mapping to None, run_after=None
[2024-11-04T13:27:05.207-0800] {processor.py:208} INFO - Processing /opt/anaconda3/lib/python3.12/site-packages/airflow/example_dags/example_dynamic_task_mapping.py took 0.056 seconds
[2024-11-04T13:29:27.272-0800] {processor.py:186} INFO - Started process (PID=53909) to work on /opt/anaconda3/lib/python3.12/site-packages/airflow/example_dags/example_dynamic_task_mapping.py
[2024-11-04T13:29:27.273-0800] {processor.py:914} INFO - Processing file /opt/anaconda3/lib/python3.12/site-packages/airflow/example_dags/example_dynamic_task_mapping.py for tasks to queue
[2024-11-04T13:29:27.273-0800] {logging_mixin.py:190} INFO - [2024-11-04T13:29:27.273-0800] {dagbag.py:588} INFO - Filling up the DagBag from /opt/anaconda3/lib/python3.12/site-packages/airflow/example_dags/example_dynamic_task_mapping.py
[2024-11-04T13:29:27.289-0800] {processor.py:925} INFO - DAG(s) 'example_dynamic_task_mapping' retrieved from /opt/anaconda3/lib/python3.12/site-packages/airflow/example_dags/example_dynamic_task_mapping.py
[2024-11-04T13:29:27.323-0800] {logging_mixin.py:190} INFO - [2024-11-04T13:29:27.323-0800] {dag.py:3239} INFO - Sync 1 DAGs
[2024-11-04T13:29:27.326-0800] {logging_mixin.py:190} INFO - [2024-11-04T13:29:27.326-0800] {dag.py:4180} INFO - Setting next_dagrun for example_dynamic_task_mapping to None, run_after=None
[2024-11-04T13:29:27.332-0800] {processor.py:208} INFO - Processing /opt/anaconda3/lib/python3.12/site-packages/airflow/example_dags/example_dynamic_task_mapping.py took 0.061 seconds
[2024-11-04T13:31:51.878-0800] {processor.py:186} INFO - Started process (PID=54085) to work on /opt/anaconda3/lib/python3.12/site-packages/airflow/example_dags/example_dynamic_task_mapping.py
[2024-11-04T13:31:51.880-0800] {processor.py:914} INFO - Processing file /opt/anaconda3/lib/python3.12/site-packages/airflow/example_dags/example_dynamic_task_mapping.py for tasks to queue
[2024-11-04T13:31:51.880-0800] {logging_mixin.py:190} INFO - [2024-11-04T13:31:51.880-0800] {dagbag.py:588} INFO - Filling up the DagBag from /opt/anaconda3/lib/python3.12/site-packages/airflow/example_dags/example_dynamic_task_mapping.py
[2024-11-04T13:31:51.894-0800] {processor.py:925} INFO - DAG(s) 'example_dynamic_task_mapping' retrieved from /opt/anaconda3/lib/python3.12/site-packages/airflow/example_dags/example_dynamic_task_mapping.py
[2024-11-04T13:31:51.922-0800] {logging_mixin.py:190} INFO - [2024-11-04T13:31:51.922-0800] {dag.py:3239} INFO - Sync 1 DAGs
[2024-11-04T13:31:51.925-0800] {logging_mixin.py:190} INFO - [2024-11-04T13:31:51.925-0800] {dag.py:4180} INFO - Setting next_dagrun for example_dynamic_task_mapping to None, run_after=None
[2024-11-04T13:31:51.931-0800] {processor.py:208} INFO - Processing /opt/anaconda3/lib/python3.12/site-packages/airflow/example_dags/example_dynamic_task_mapping.py took 0.054 seconds
[2024-11-04T13:34:17.834-0800] {processor.py:186} INFO - Started process (PID=54280) to work on /opt/anaconda3/lib/python3.12/site-packages/airflow/example_dags/example_dynamic_task_mapping.py
[2024-11-04T13:34:17.835-0800] {processor.py:914} INFO - Processing file /opt/anaconda3/lib/python3.12/site-packages/airflow/example_dags/example_dynamic_task_mapping.py for tasks to queue
[2024-11-04T13:34:17.835-0800] {logging_mixin.py:190} INFO - [2024-11-04T13:34:17.835-0800] {dagbag.py:588} INFO - Filling up the DagBag from /opt/anaconda3/lib/python3.12/site-packages/airflow/example_dags/example_dynamic_task_mapping.py
[2024-11-04T13:34:17.849-0800] {processor.py:925} INFO - DAG(s) 'example_dynamic_task_mapping' retrieved from /opt/anaconda3/lib/python3.12/site-packages/airflow/example_dags/example_dynamic_task_mapping.py
[2024-11-04T13:34:17.878-0800] {logging_mixin.py:190} INFO - [2024-11-04T13:34:17.878-0800] {dag.py:3239} INFO - Sync 1 DAGs
[2024-11-04T13:34:17.881-0800] {logging_mixin.py:190} INFO - [2024-11-04T13:34:17.881-0800] {dag.py:4180} INFO - Setting next_dagrun for example_dynamic_task_mapping to None, run_after=None
[2024-11-04T13:34:17.887-0800] {processor.py:208} INFO - Processing /opt/anaconda3/lib/python3.12/site-packages/airflow/example_dags/example_dynamic_task_mapping.py took 0.054 seconds
[2024-11-04T13:36:39.054-0800] {processor.py:186} INFO - Started process (PID=54469) to work on /opt/anaconda3/lib/python3.12/site-packages/airflow/example_dags/example_dynamic_task_mapping.py
[2024-11-04T13:36:39.055-0800] {processor.py:914} INFO - Processing file /opt/anaconda3/lib/python3.12/site-packages/airflow/example_dags/example_dynamic_task_mapping.py for tasks to queue
[2024-11-04T13:36:39.055-0800] {logging_mixin.py:190} INFO - [2024-11-04T13:36:39.055-0800] {dagbag.py:588} INFO - Filling up the DagBag from /opt/anaconda3/lib/python3.12/site-packages/airflow/example_dags/example_dynamic_task_mapping.py
[2024-11-04T13:36:39.069-0800] {processor.py:925} INFO - DAG(s) 'example_dynamic_task_mapping' retrieved from /opt/anaconda3/lib/python3.12/site-packages/airflow/example_dags/example_dynamic_task_mapping.py
[2024-11-04T13:36:39.099-0800] {logging_mixin.py:190} INFO - [2024-11-04T13:36:39.099-0800] {dag.py:3239} INFO - Sync 1 DAGs
[2024-11-04T13:36:39.103-0800] {logging_mixin.py:190} INFO - [2024-11-04T13:36:39.103-0800] {dag.py:4180} INFO - Setting next_dagrun for example_dynamic_task_mapping to None, run_after=None
[2024-11-04T13:36:39.109-0800] {processor.py:208} INFO - Processing /opt/anaconda3/lib/python3.12/site-packages/airflow/example_dags/example_dynamic_task_mapping.py took 0.056 seconds
[2024-11-04T13:39:00.856-0800] {processor.py:186} INFO - Started process (PID=54655) to work on /opt/anaconda3/lib/python3.12/site-packages/airflow/example_dags/example_dynamic_task_mapping.py
[2024-11-04T13:39:00.856-0800] {processor.py:914} INFO - Processing file /opt/anaconda3/lib/python3.12/site-packages/airflow/example_dags/example_dynamic_task_mapping.py for tasks to queue
[2024-11-04T13:39:00.857-0800] {logging_mixin.py:190} INFO - [2024-11-04T13:39:00.857-0800] {dagbag.py:588} INFO - Filling up the DagBag from /opt/anaconda3/lib/python3.12/site-packages/airflow/example_dags/example_dynamic_task_mapping.py
[2024-11-04T13:39:00.876-0800] {processor.py:925} INFO - DAG(s) 'example_dynamic_task_mapping' retrieved from /opt/anaconda3/lib/python3.12/site-packages/airflow/example_dags/example_dynamic_task_mapping.py
[2024-11-04T13:39:00.907-0800] {logging_mixin.py:190} INFO - [2024-11-04T13:39:00.907-0800] {dag.py:3239} INFO - Sync 1 DAGs
[2024-11-04T13:39:00.910-0800] {logging_mixin.py:190} INFO - [2024-11-04T13:39:00.910-0800] {dag.py:4180} INFO - Setting next_dagrun for example_dynamic_task_mapping to None, run_after=None
[2024-11-04T13:39:00.916-0800] {processor.py:208} INFO - Processing /opt/anaconda3/lib/python3.12/site-packages/airflow/example_dags/example_dynamic_task_mapping.py took 0.061 seconds
[2024-11-04T13:41:22.675-0800] {processor.py:186} INFO - Started process (PID=54831) to work on /opt/anaconda3/lib/python3.12/site-packages/airflow/example_dags/example_dynamic_task_mapping.py
[2024-11-04T13:41:22.676-0800] {processor.py:914} INFO - Processing file /opt/anaconda3/lib/python3.12/site-packages/airflow/example_dags/example_dynamic_task_mapping.py for tasks to queue
[2024-11-04T13:41:22.676-0800] {logging_mixin.py:190} INFO - [2024-11-04T13:41:22.676-0800] {dagbag.py:588} INFO - Filling up the DagBag from /opt/anaconda3/lib/python3.12/site-packages/airflow/example_dags/example_dynamic_task_mapping.py
[2024-11-04T13:41:22.690-0800] {processor.py:925} INFO - DAG(s) 'example_dynamic_task_mapping' retrieved from /opt/anaconda3/lib/python3.12/site-packages/airflow/example_dags/example_dynamic_task_mapping.py
[2024-11-04T13:41:22.718-0800] {logging_mixin.py:190} INFO - [2024-11-04T13:41:22.718-0800] {dag.py:3239} INFO - Sync 1 DAGs
[2024-11-04T13:41:22.721-0800] {logging_mixin.py:190} INFO - [2024-11-04T13:41:22.721-0800] {dag.py:4180} INFO - Setting next_dagrun for example_dynamic_task_mapping to None, run_after=None
[2024-11-04T13:41:22.727-0800] {processor.py:208} INFO - Processing /opt/anaconda3/lib/python3.12/site-packages/airflow/example_dags/example_dynamic_task_mapping.py took 0.054 seconds
[2024-11-04T13:43:49.178-0800] {processor.py:186} INFO - Started process (PID=55002) to work on /opt/anaconda3/lib/python3.12/site-packages/airflow/example_dags/example_dynamic_task_mapping.py
[2024-11-04T13:43:49.180-0800] {processor.py:914} INFO - Processing file /opt/anaconda3/lib/python3.12/site-packages/airflow/example_dags/example_dynamic_task_mapping.py for tasks to queue
[2024-11-04T13:43:49.180-0800] {logging_mixin.py:190} INFO - [2024-11-04T13:43:49.180-0800] {dagbag.py:588} INFO - Filling up the DagBag from /opt/anaconda3/lib/python3.12/site-packages/airflow/example_dags/example_dynamic_task_mapping.py
[2024-11-04T13:43:49.193-0800] {processor.py:925} INFO - DAG(s) 'example_dynamic_task_mapping' retrieved from /opt/anaconda3/lib/python3.12/site-packages/airflow/example_dags/example_dynamic_task_mapping.py
[2024-11-04T13:43:49.221-0800] {logging_mixin.py:190} INFO - [2024-11-04T13:43:49.221-0800] {dag.py:3239} INFO - Sync 1 DAGs
[2024-11-04T13:43:49.225-0800] {logging_mixin.py:190} INFO - [2024-11-04T13:43:49.224-0800] {dag.py:4180} INFO - Setting next_dagrun for example_dynamic_task_mapping to None, run_after=None
[2024-11-04T13:43:49.230-0800] {processor.py:208} INFO - Processing /opt/anaconda3/lib/python3.12/site-packages/airflow/example_dags/example_dynamic_task_mapping.py took 0.053 seconds
[2024-11-04T13:46:14.579-0800] {processor.py:186} INFO - Started process (PID=55174) to work on /opt/anaconda3/lib/python3.12/site-packages/airflow/example_dags/example_dynamic_task_mapping.py
[2024-11-04T13:46:14.581-0800] {processor.py:914} INFO - Processing file /opt/anaconda3/lib/python3.12/site-packages/airflow/example_dags/example_dynamic_task_mapping.py for tasks to queue
[2024-11-04T13:46:14.582-0800] {logging_mixin.py:190} INFO - [2024-11-04T13:46:14.582-0800] {dagbag.py:588} INFO - Filling up the DagBag from /opt/anaconda3/lib/python3.12/site-packages/airflow/example_dags/example_dynamic_task_mapping.py
[2024-11-04T13:46:14.595-0800] {processor.py:925} INFO - DAG(s) 'example_dynamic_task_mapping' retrieved from /opt/anaconda3/lib/python3.12/site-packages/airflow/example_dags/example_dynamic_task_mapping.py
[2024-11-04T13:46:14.624-0800] {logging_mixin.py:190} INFO - [2024-11-04T13:46:14.623-0800] {dag.py:3239} INFO - Sync 1 DAGs
[2024-11-04T13:46:14.627-0800] {logging_mixin.py:190} INFO - [2024-11-04T13:46:14.627-0800] {dag.py:4180} INFO - Setting next_dagrun for example_dynamic_task_mapping to None, run_after=None
[2024-11-04T13:46:14.633-0800] {processor.py:208} INFO - Processing /opt/anaconda3/lib/python3.12/site-packages/airflow/example_dags/example_dynamic_task_mapping.py took 0.055 seconds
[2024-11-04T13:48:31.334-0800] {processor.py:186} INFO - Started process (PID=55341) to work on /opt/anaconda3/lib/python3.12/site-packages/airflow/example_dags/example_dynamic_task_mapping.py
[2024-11-04T13:48:31.335-0800] {processor.py:914} INFO - Processing file /opt/anaconda3/lib/python3.12/site-packages/airflow/example_dags/example_dynamic_task_mapping.py for tasks to queue
[2024-11-04T13:48:31.335-0800] {logging_mixin.py:190} INFO - [2024-11-04T13:48:31.335-0800] {dagbag.py:588} INFO - Filling up the DagBag from /opt/anaconda3/lib/python3.12/site-packages/airflow/example_dags/example_dynamic_task_mapping.py
[2024-11-04T13:48:31.348-0800] {processor.py:925} INFO - DAG(s) 'example_dynamic_task_mapping' retrieved from /opt/anaconda3/lib/python3.12/site-packages/airflow/example_dags/example_dynamic_task_mapping.py
[2024-11-04T13:48:31.377-0800] {logging_mixin.py:190} INFO - [2024-11-04T13:48:31.377-0800] {dag.py:3239} INFO - Sync 1 DAGs
[2024-11-04T13:48:31.381-0800] {logging_mixin.py:190} INFO - [2024-11-04T13:48:31.381-0800] {dag.py:4180} INFO - Setting next_dagrun for example_dynamic_task_mapping to None, run_after=None
[2024-11-04T13:48:31.387-0800] {processor.py:208} INFO - Processing /opt/anaconda3/lib/python3.12/site-packages/airflow/example_dags/example_dynamic_task_mapping.py took 0.055 seconds
[2024-11-04T13:50:55.082-0800] {processor.py:186} INFO - Started process (PID=55522) to work on /opt/anaconda3/lib/python3.12/site-packages/airflow/example_dags/example_dynamic_task_mapping.py
[2024-11-04T13:50:55.083-0800] {processor.py:914} INFO - Processing file /opt/anaconda3/lib/python3.12/site-packages/airflow/example_dags/example_dynamic_task_mapping.py for tasks to queue
[2024-11-04T13:50:55.083-0800] {logging_mixin.py:190} INFO - [2024-11-04T13:50:55.083-0800] {dagbag.py:588} INFO - Filling up the DagBag from /opt/anaconda3/lib/python3.12/site-packages/airflow/example_dags/example_dynamic_task_mapping.py
[2024-11-04T13:50:55.102-0800] {processor.py:925} INFO - DAG(s) 'example_dynamic_task_mapping' retrieved from /opt/anaconda3/lib/python3.12/site-packages/airflow/example_dags/example_dynamic_task_mapping.py
[2024-11-04T13:50:55.132-0800] {logging_mixin.py:190} INFO - [2024-11-04T13:50:55.132-0800] {dag.py:3239} INFO - Sync 1 DAGs
[2024-11-04T13:50:55.135-0800] {logging_mixin.py:190} INFO - [2024-11-04T13:50:55.135-0800] {dag.py:4180} INFO - Setting next_dagrun for example_dynamic_task_mapping to None, run_after=None
[2024-11-04T13:50:55.142-0800] {processor.py:208} INFO - Processing /opt/anaconda3/lib/python3.12/site-packages/airflow/example_dags/example_dynamic_task_mapping.py took 0.062 seconds
[2024-11-04T13:53:25.339-0800] {processor.py:186} INFO - Started process (PID=55696) to work on /opt/anaconda3/lib/python3.12/site-packages/airflow/example_dags/example_dynamic_task_mapping.py
[2024-11-04T13:53:25.340-0800] {processor.py:914} INFO - Processing file /opt/anaconda3/lib/python3.12/site-packages/airflow/example_dags/example_dynamic_task_mapping.py for tasks to queue
[2024-11-04T13:53:25.341-0800] {logging_mixin.py:190} INFO - [2024-11-04T13:53:25.341-0800] {dagbag.py:588} INFO - Filling up the DagBag from /opt/anaconda3/lib/python3.12/site-packages/airflow/example_dags/example_dynamic_task_mapping.py
[2024-11-04T13:53:25.357-0800] {processor.py:925} INFO - DAG(s) 'example_dynamic_task_mapping' retrieved from /opt/anaconda3/lib/python3.12/site-packages/airflow/example_dags/example_dynamic_task_mapping.py
[2024-11-04T13:53:25.388-0800] {logging_mixin.py:190} INFO - [2024-11-04T13:53:25.388-0800] {dag.py:3239} INFO - Sync 1 DAGs
[2024-11-04T13:53:25.391-0800] {logging_mixin.py:190} INFO - [2024-11-04T13:53:25.391-0800] {dag.py:4180} INFO - Setting next_dagrun for example_dynamic_task_mapping to None, run_after=None
[2024-11-04T13:53:25.397-0800] {processor.py:208} INFO - Processing /opt/anaconda3/lib/python3.12/site-packages/airflow/example_dags/example_dynamic_task_mapping.py took 0.061 seconds
[2024-11-04T13:55:54.441-0800] {processor.py:186} INFO - Started process (PID=55886) to work on /opt/anaconda3/lib/python3.12/site-packages/airflow/example_dags/example_dynamic_task_mapping.py
[2024-11-04T13:55:54.442-0800] {processor.py:914} INFO - Processing file /opt/anaconda3/lib/python3.12/site-packages/airflow/example_dags/example_dynamic_task_mapping.py for tasks to queue
[2024-11-04T13:55:54.442-0800] {logging_mixin.py:190} INFO - [2024-11-04T13:55:54.442-0800] {dagbag.py:588} INFO - Filling up the DagBag from /opt/anaconda3/lib/python3.12/site-packages/airflow/example_dags/example_dynamic_task_mapping.py
[2024-11-04T13:55:54.455-0800] {processor.py:925} INFO - DAG(s) 'example_dynamic_task_mapping' retrieved from /opt/anaconda3/lib/python3.12/site-packages/airflow/example_dags/example_dynamic_task_mapping.py
[2024-11-04T13:55:54.484-0800] {logging_mixin.py:190} INFO - [2024-11-04T13:55:54.484-0800] {dag.py:3239} INFO - Sync 1 DAGs
[2024-11-04T13:55:54.487-0800] {logging_mixin.py:190} INFO - [2024-11-04T13:55:54.487-0800] {dag.py:4180} INFO - Setting next_dagrun for example_dynamic_task_mapping to None, run_after=None
[2024-11-04T13:55:54.492-0800] {processor.py:208} INFO - Processing /opt/anaconda3/lib/python3.12/site-packages/airflow/example_dags/example_dynamic_task_mapping.py took 0.052 seconds
[2024-11-04T13:58:24.134-0800] {processor.py:186} INFO - Started process (PID=56078) to work on /opt/anaconda3/lib/python3.12/site-packages/airflow/example_dags/example_dynamic_task_mapping.py
[2024-11-04T13:58:24.135-0800] {processor.py:914} INFO - Processing file /opt/anaconda3/lib/python3.12/site-packages/airflow/example_dags/example_dynamic_task_mapping.py for tasks to queue
[2024-11-04T13:58:24.135-0800] {logging_mixin.py:190} INFO - [2024-11-04T13:58:24.135-0800] {dagbag.py:588} INFO - Filling up the DagBag from /opt/anaconda3/lib/python3.12/site-packages/airflow/example_dags/example_dynamic_task_mapping.py
[2024-11-04T13:58:24.150-0800] {processor.py:925} INFO - DAG(s) 'example_dynamic_task_mapping' retrieved from /opt/anaconda3/lib/python3.12/site-packages/airflow/example_dags/example_dynamic_task_mapping.py
[2024-11-04T13:58:24.181-0800] {logging_mixin.py:190} INFO - [2024-11-04T13:58:24.181-0800] {dag.py:3239} INFO - Sync 1 DAGs
[2024-11-04T13:58:24.184-0800] {logging_mixin.py:190} INFO - [2024-11-04T13:58:24.184-0800] {dag.py:4180} INFO - Setting next_dagrun for example_dynamic_task_mapping to None, run_after=None
[2024-11-04T13:58:24.190-0800] {processor.py:208} INFO - Processing /opt/anaconda3/lib/python3.12/site-packages/airflow/example_dags/example_dynamic_task_mapping.py took 0.057 seconds
[2024-11-04T14:00:51.391-0800] {processor.py:186} INFO - Started process (PID=56270) to work on /opt/anaconda3/lib/python3.12/site-packages/airflow/example_dags/example_dynamic_task_mapping.py
[2024-11-04T14:00:51.391-0800] {processor.py:914} INFO - Processing file /opt/anaconda3/lib/python3.12/site-packages/airflow/example_dags/example_dynamic_task_mapping.py for tasks to queue
[2024-11-04T14:00:51.392-0800] {logging_mixin.py:190} INFO - [2024-11-04T14:00:51.392-0800] {dagbag.py:588} INFO - Filling up the DagBag from /opt/anaconda3/lib/python3.12/site-packages/airflow/example_dags/example_dynamic_task_mapping.py
[2024-11-04T14:00:51.405-0800] {processor.py:925} INFO - DAG(s) 'example_dynamic_task_mapping' retrieved from /opt/anaconda3/lib/python3.12/site-packages/airflow/example_dags/example_dynamic_task_mapping.py
[2024-11-04T14:00:51.434-0800] {logging_mixin.py:190} INFO - [2024-11-04T14:00:51.434-0800] {dag.py:3239} INFO - Sync 1 DAGs
[2024-11-04T14:00:51.437-0800] {logging_mixin.py:190} INFO - [2024-11-04T14:00:51.437-0800] {dag.py:4180} INFO - Setting next_dagrun for example_dynamic_task_mapping to None, run_after=None
[2024-11-04T14:00:51.443-0800] {processor.py:208} INFO - Processing /opt/anaconda3/lib/python3.12/site-packages/airflow/example_dags/example_dynamic_task_mapping.py took 0.053 seconds
[2024-11-04T14:03:16.647-0800] {processor.py:186} INFO - Started process (PID=56519) to work on /opt/anaconda3/lib/python3.12/site-packages/airflow/example_dags/example_dynamic_task_mapping.py
[2024-11-04T14:03:16.648-0800] {processor.py:914} INFO - Processing file /opt/anaconda3/lib/python3.12/site-packages/airflow/example_dags/example_dynamic_task_mapping.py for tasks to queue
[2024-11-04T14:03:16.649-0800] {logging_mixin.py:190} INFO - [2024-11-04T14:03:16.649-0800] {dagbag.py:588} INFO - Filling up the DagBag from /opt/anaconda3/lib/python3.12/site-packages/airflow/example_dags/example_dynamic_task_mapping.py
[2024-11-04T14:03:16.664-0800] {processor.py:925} INFO - DAG(s) 'example_dynamic_task_mapping' retrieved from /opt/anaconda3/lib/python3.12/site-packages/airflow/example_dags/example_dynamic_task_mapping.py
[2024-11-04T14:03:16.692-0800] {logging_mixin.py:190} INFO - [2024-11-04T14:03:16.692-0800] {dag.py:3239} INFO - Sync 1 DAGs
[2024-11-04T14:03:16.695-0800] {logging_mixin.py:190} INFO - [2024-11-04T14:03:16.695-0800] {dag.py:4180} INFO - Setting next_dagrun for example_dynamic_task_mapping to None, run_after=None
[2024-11-04T14:03:16.701-0800] {processor.py:208} INFO - Processing /opt/anaconda3/lib/python3.12/site-packages/airflow/example_dags/example_dynamic_task_mapping.py took 0.055 seconds
[2024-11-04T14:05:42.416-0800] {processor.py:186} INFO - Started process (PID=56784) to work on /opt/anaconda3/lib/python3.12/site-packages/airflow/example_dags/example_dynamic_task_mapping.py
[2024-11-04T14:05:42.417-0800] {processor.py:914} INFO - Processing file /opt/anaconda3/lib/python3.12/site-packages/airflow/example_dags/example_dynamic_task_mapping.py for tasks to queue
[2024-11-04T14:05:42.417-0800] {logging_mixin.py:190} INFO - [2024-11-04T14:05:42.417-0800] {dagbag.py:588} INFO - Filling up the DagBag from /opt/anaconda3/lib/python3.12/site-packages/airflow/example_dags/example_dynamic_task_mapping.py
[2024-11-04T14:05:42.431-0800] {processor.py:925} INFO - DAG(s) 'example_dynamic_task_mapping' retrieved from /opt/anaconda3/lib/python3.12/site-packages/airflow/example_dags/example_dynamic_task_mapping.py
[2024-11-04T14:05:42.459-0800] {logging_mixin.py:190} INFO - [2024-11-04T14:05:42.459-0800] {dag.py:3239} INFO - Sync 1 DAGs
[2024-11-04T14:05:42.463-0800] {logging_mixin.py:190} INFO - [2024-11-04T14:05:42.462-0800] {dag.py:4180} INFO - Setting next_dagrun for example_dynamic_task_mapping to None, run_after=None
[2024-11-04T14:05:42.468-0800] {processor.py:208} INFO - Processing /opt/anaconda3/lib/python3.12/site-packages/airflow/example_dags/example_dynamic_task_mapping.py took 0.053 seconds
[2024-11-04T14:08:05.439-0800] {processor.py:186} INFO - Started process (PID=56995) to work on /opt/anaconda3/lib/python3.12/site-packages/airflow/example_dags/example_dynamic_task_mapping.py
[2024-11-04T14:08:05.440-0800] {processor.py:914} INFO - Processing file /opt/anaconda3/lib/python3.12/site-packages/airflow/example_dags/example_dynamic_task_mapping.py for tasks to queue
[2024-11-04T14:08:05.440-0800] {logging_mixin.py:190} INFO - [2024-11-04T14:08:05.440-0800] {dagbag.py:588} INFO - Filling up the DagBag from /opt/anaconda3/lib/python3.12/site-packages/airflow/example_dags/example_dynamic_task_mapping.py
[2024-11-04T14:08:05.453-0800] {processor.py:925} INFO - DAG(s) 'example_dynamic_task_mapping' retrieved from /opt/anaconda3/lib/python3.12/site-packages/airflow/example_dags/example_dynamic_task_mapping.py
[2024-11-04T14:08:05.482-0800] {logging_mixin.py:190} INFO - [2024-11-04T14:08:05.482-0800] {dag.py:3239} INFO - Sync 1 DAGs
[2024-11-04T14:08:05.486-0800] {logging_mixin.py:190} INFO - [2024-11-04T14:08:05.485-0800] {dag.py:4180} INFO - Setting next_dagrun for example_dynamic_task_mapping to None, run_after=None
[2024-11-04T14:08:05.491-0800] {processor.py:208} INFO - Processing /opt/anaconda3/lib/python3.12/site-packages/airflow/example_dags/example_dynamic_task_mapping.py took 0.053 seconds
[2024-11-04T14:10:37.587-0800] {processor.py:186} INFO - Started process (PID=57182) to work on /opt/anaconda3/lib/python3.12/site-packages/airflow/example_dags/example_dynamic_task_mapping.py
[2024-11-04T14:10:37.590-0800] {processor.py:914} INFO - Processing file /opt/anaconda3/lib/python3.12/site-packages/airflow/example_dags/example_dynamic_task_mapping.py for tasks to queue
[2024-11-04T14:10:37.590-0800] {logging_mixin.py:190} INFO - [2024-11-04T14:10:37.590-0800] {dagbag.py:588} INFO - Filling up the DagBag from /opt/anaconda3/lib/python3.12/site-packages/airflow/example_dags/example_dynamic_task_mapping.py
[2024-11-04T14:10:37.603-0800] {processor.py:925} INFO - DAG(s) 'example_dynamic_task_mapping' retrieved from /opt/anaconda3/lib/python3.12/site-packages/airflow/example_dags/example_dynamic_task_mapping.py
[2024-11-04T14:10:37.632-0800] {logging_mixin.py:190} INFO - [2024-11-04T14:10:37.632-0800] {dag.py:3239} INFO - Sync 1 DAGs
[2024-11-04T14:10:37.635-0800] {logging_mixin.py:190} INFO - [2024-11-04T14:10:37.635-0800] {dag.py:4180} INFO - Setting next_dagrun for example_dynamic_task_mapping to None, run_after=None
[2024-11-04T14:10:37.641-0800] {processor.py:208} INFO - Processing /opt/anaconda3/lib/python3.12/site-packages/airflow/example_dags/example_dynamic_task_mapping.py took 0.054 seconds
[2024-11-04T14:21:35.074-0800] {processor.py:186} INFO - Started process (PID=57860) to work on /opt/anaconda3/lib/python3.12/site-packages/airflow/example_dags/example_dynamic_task_mapping.py
[2024-11-04T14:21:35.075-0800] {processor.py:914} INFO - Processing file /opt/anaconda3/lib/python3.12/site-packages/airflow/example_dags/example_dynamic_task_mapping.py for tasks to queue
[2024-11-04T14:21:35.076-0800] {logging_mixin.py:190} INFO - [2024-11-04T14:21:35.076-0800] {dagbag.py:588} INFO - Filling up the DagBag from /opt/anaconda3/lib/python3.12/site-packages/airflow/example_dags/example_dynamic_task_mapping.py
[2024-11-04T14:21:35.086-0800] {processor.py:925} INFO - DAG(s) 'example_dynamic_task_mapping' retrieved from /opt/anaconda3/lib/python3.12/site-packages/airflow/example_dags/example_dynamic_task_mapping.py
[2024-11-04T14:21:35.171-0800] {logging_mixin.py:190} INFO - [2024-11-04T14:21:35.171-0800] {override.py:1907} INFO - Created Permission View: can delete on DAG:example_dynamic_task_mapping
[2024-11-04T14:21:35.175-0800] {logging_mixin.py:190} INFO - [2024-11-04T14:21:35.175-0800] {override.py:1907} INFO - Created Permission View: can edit on DAG:example_dynamic_task_mapping
[2024-11-04T14:21:35.178-0800] {logging_mixin.py:190} INFO - [2024-11-04T14:21:35.178-0800] {override.py:1907} INFO - Created Permission View: can read on DAG:example_dynamic_task_mapping
[2024-11-04T14:21:35.181-0800] {logging_mixin.py:190} INFO - [2024-11-04T14:21:35.181-0800] {override.py:1907} INFO - Created Permission View: can delete on DAG Run:example_dynamic_task_mapping
[2024-11-04T14:21:35.184-0800] {logging_mixin.py:190} INFO - [2024-11-04T14:21:35.183-0800] {override.py:1907} INFO - Created Permission View: can create on DAG Run:example_dynamic_task_mapping
[2024-11-04T14:21:35.186-0800] {logging_mixin.py:190} INFO - [2024-11-04T14:21:35.186-0800] {override.py:1907} INFO - Created Permission View: can read on DAG Run:example_dynamic_task_mapping
[2024-11-04T14:21:35.188-0800] {logging_mixin.py:190} INFO - [2024-11-04T14:21:35.188-0800] {override.py:1907} INFO - Created Permission View: menu access on DAG Run:example_dynamic_task_mapping
[2024-11-04T14:21:35.188-0800] {logging_mixin.py:190} INFO - [2024-11-04T14:21:35.188-0800] {dag.py:3239} INFO - Sync 1 DAGs
[2024-11-04T14:21:35.192-0800] {logging_mixin.py:190} INFO - [2024-11-04T14:21:35.192-0800] {dag.py:3262} INFO - Creating ORM DAG for example_dynamic_task_mapping
[2024-11-04T14:21:35.192-0800] {logging_mixin.py:190} INFO - [2024-11-04T14:21:35.192-0800] {dag.py:4180} INFO - Setting next_dagrun for example_dynamic_task_mapping to None, run_after=None
[2024-11-04T14:21:35.198-0800] {processor.py:208} INFO - Processing /opt/anaconda3/lib/python3.12/site-packages/airflow/example_dags/example_dynamic_task_mapping.py took 0.125 seconds
[2024-11-04T14:32:00.268-0800] {processor.py:186} INFO - Started process (PID=58497) to work on /opt/anaconda3/lib/python3.12/site-packages/airflow/example_dags/example_dynamic_task_mapping.py
[2024-11-04T14:32:00.269-0800] {processor.py:914} INFO - Processing file /opt/anaconda3/lib/python3.12/site-packages/airflow/example_dags/example_dynamic_task_mapping.py for tasks to queue
[2024-11-04T14:32:00.269-0800] {logging_mixin.py:190} INFO - [2024-11-04T14:32:00.269-0800] {dagbag.py:588} INFO - Filling up the DagBag from /opt/anaconda3/lib/python3.12/site-packages/airflow/example_dags/example_dynamic_task_mapping.py
[2024-11-04T14:32:00.281-0800] {processor.py:925} INFO - DAG(s) 'example_dynamic_task_mapping' retrieved from /opt/anaconda3/lib/python3.12/site-packages/airflow/example_dags/example_dynamic_task_mapping.py
[2024-11-04T14:32:00.327-0800] {logging_mixin.py:190} INFO - [2024-11-04T14:32:00.327-0800] {dag.py:3239} INFO - Sync 1 DAGs
[2024-11-04T14:32:00.332-0800] {logging_mixin.py:190} INFO - [2024-11-04T14:32:00.332-0800] {dag.py:4180} INFO - Setting next_dagrun for example_dynamic_task_mapping to None, run_after=None
[2024-11-04T14:32:00.349-0800] {processor.py:208} INFO - Processing /opt/anaconda3/lib/python3.12/site-packages/airflow/example_dags/example_dynamic_task_mapping.py took 0.083 seconds
[2024-11-04T15:37:39.560-0800] {processor.py:186} INFO - Started process (PID=58741) to work on /opt/anaconda3/lib/python3.12/site-packages/airflow/example_dags/example_dynamic_task_mapping.py
[2024-11-04T15:37:39.561-0800] {processor.py:914} INFO - Processing file /opt/anaconda3/lib/python3.12/site-packages/airflow/example_dags/example_dynamic_task_mapping.py for tasks to queue
[2024-11-04T15:37:39.562-0800] {logging_mixin.py:190} INFO - [2024-11-04T15:37:39.562-0800] {dagbag.py:588} INFO - Filling up the DagBag from /opt/anaconda3/lib/python3.12/site-packages/airflow/example_dags/example_dynamic_task_mapping.py
[2024-11-04T15:37:39.572-0800] {processor.py:925} INFO - DAG(s) 'example_dynamic_task_mapping' retrieved from /opt/anaconda3/lib/python3.12/site-packages/airflow/example_dags/example_dynamic_task_mapping.py
[2024-11-04T15:37:39.618-0800] {logging_mixin.py:190} INFO - [2024-11-04T15:37:39.618-0800] {dag.py:3239} INFO - Sync 1 DAGs
[2024-11-04T15:37:39.623-0800] {logging_mixin.py:190} INFO - [2024-11-04T15:37:39.623-0800] {dag.py:4180} INFO - Setting next_dagrun for example_dynamic_task_mapping to None, run_after=None
[2024-11-04T15:37:39.632-0800] {processor.py:208} INFO - Processing /opt/anaconda3/lib/python3.12/site-packages/airflow/example_dags/example_dynamic_task_mapping.py took 0.073 seconds
[2024-11-04T15:38:12.130-0800] {processor.py:186} INFO - Started process (PID=58867) to work on /opt/anaconda3/lib/python3.12/site-packages/airflow/example_dags/example_dynamic_task_mapping.py
[2024-11-04T15:38:12.131-0800] {processor.py:914} INFO - Processing file /opt/anaconda3/lib/python3.12/site-packages/airflow/example_dags/example_dynamic_task_mapping.py for tasks to queue
[2024-11-04T15:38:12.131-0800] {logging_mixin.py:190} INFO - [2024-11-04T15:38:12.131-0800] {dagbag.py:588} INFO - Filling up the DagBag from /opt/anaconda3/lib/python3.12/site-packages/airflow/example_dags/example_dynamic_task_mapping.py
[2024-11-04T15:38:12.142-0800] {processor.py:925} INFO - DAG(s) 'example_dynamic_task_mapping' retrieved from /opt/anaconda3/lib/python3.12/site-packages/airflow/example_dags/example_dynamic_task_mapping.py
[2024-11-04T15:38:12.196-0800] {logging_mixin.py:190} INFO - [2024-11-04T15:38:12.195-0800] {dag.py:3239} INFO - Sync 1 DAGs
[2024-11-04T15:38:12.200-0800] {logging_mixin.py:190} INFO - [2024-11-04T15:38:12.200-0800] {dag.py:4180} INFO - Setting next_dagrun for example_dynamic_task_mapping to None, run_after=None
[2024-11-04T15:38:12.209-0800] {processor.py:208} INFO - Processing /opt/anaconda3/lib/python3.12/site-packages/airflow/example_dags/example_dynamic_task_mapping.py took 0.080 seconds
[2024-11-04T15:55:24.396-0800] {processor.py:186} INFO - Started process (PID=58996) to work on /opt/anaconda3/lib/python3.12/site-packages/airflow/example_dags/example_dynamic_task_mapping.py
[2024-11-04T15:55:24.397-0800] {processor.py:914} INFO - Processing file /opt/anaconda3/lib/python3.12/site-packages/airflow/example_dags/example_dynamic_task_mapping.py for tasks to queue
[2024-11-04T15:55:24.397-0800] {logging_mixin.py:190} INFO - [2024-11-04T15:55:24.397-0800] {dagbag.py:588} INFO - Filling up the DagBag from /opt/anaconda3/lib/python3.12/site-packages/airflow/example_dags/example_dynamic_task_mapping.py
[2024-11-04T15:55:24.408-0800] {processor.py:925} INFO - DAG(s) 'example_dynamic_task_mapping' retrieved from /opt/anaconda3/lib/python3.12/site-packages/airflow/example_dags/example_dynamic_task_mapping.py
[2024-11-04T15:55:24.456-0800] {logging_mixin.py:190} INFO - [2024-11-04T15:55:24.456-0800] {dag.py:3239} INFO - Sync 1 DAGs
[2024-11-04T15:55:24.461-0800] {logging_mixin.py:190} INFO - [2024-11-04T15:55:24.461-0800] {dag.py:4180} INFO - Setting next_dagrun for example_dynamic_task_mapping to None, run_after=None
[2024-11-04T15:55:24.470-0800] {processor.py:208} INFO - Processing /opt/anaconda3/lib/python3.12/site-packages/airflow/example_dags/example_dynamic_task_mapping.py took 0.075 seconds
