[2024-10-28T16:43:42.405-0700] {processor.py:157} INFO - Started process (PID=68917) to work on /Users/saiprasadreddykolan/airflow_venv/lib/python3.10/site-packages/airflow/example_dags/example_params_ui_tutorial.py
[2024-10-28T16:43:42.407-0700] {processor.py:826} INFO - Processing file /Users/saiprasadreddykolan/airflow_venv/lib/python3.10/site-packages/airflow/example_dags/example_params_ui_tutorial.py for tasks to queue
[2024-10-28T16:43:42.407-0700] {logging_mixin.py:150} INFO - [2024-10-28T16:43:42.407-0700] {dagbag.py:541} INFO - Filling up the DagBag from /Users/saiprasadreddykolan/airflow_venv/lib/python3.10/site-packages/airflow/example_dags/example_params_ui_tutorial.py
[2024-10-28T16:43:42.444-0700] {processor.py:836} INFO - DAG(s) dict_keys(['example_params_ui_tutorial']) retrieved from /Users/saiprasadreddykolan/airflow_venv/lib/python3.10/site-packages/airflow/example_dags/example_params_ui_tutorial.py
[2024-10-28T16:43:42.672-0700] {logging_mixin.py:150} INFO - [2024-10-28T16:43:42.672-0700] {manager.py:504} INFO - Created Permission View: can edit on DAG:example_params_ui_tutorial
[2024-10-28T16:43:42.675-0700] {logging_mixin.py:150} INFO - [2024-10-28T16:43:42.675-0700] {manager.py:504} INFO - Created Permission View: can read on DAG:example_params_ui_tutorial
[2024-10-28T16:43:42.677-0700] {logging_mixin.py:150} INFO - [2024-10-28T16:43:42.677-0700] {manager.py:504} INFO - Created Permission View: can delete on DAG:example_params_ui_tutorial
[2024-10-28T16:43:42.680-0700] {logging_mixin.py:150} INFO - [2024-10-28T16:43:42.680-0700] {dag.py:2742} INFO - Sync 1 DAGs
[2024-10-28T16:43:42.682-0700] {logging_mixin.py:150} INFO - [2024-10-28T16:43:42.682-0700] {dag.py:2763} INFO - Creating ORM DAG for example_params_ui_tutorial
[2024-10-28T16:43:42.685-0700] {logging_mixin.py:150} INFO - [2024-10-28T16:43:42.685-0700] {dag.py:3504} INFO - Setting next_dagrun for example_params_ui_tutorial to None, run_after=None
[2024-10-28T16:43:42.690-0700] {processor.py:179} INFO - Processing /Users/saiprasadreddykolan/airflow_venv/lib/python3.10/site-packages/airflow/example_dags/example_params_ui_tutorial.py took 0.286 seconds
[2024-10-28T16:45:01.209-0700] {processor.py:157} INFO - Started process (PID=68994) to work on /Users/saiprasadreddykolan/airflow_venv/lib/python3.10/site-packages/airflow/example_dags/example_params_ui_tutorial.py
[2024-10-28T16:45:01.211-0700] {processor.py:826} INFO - Processing file /Users/saiprasadreddykolan/airflow_venv/lib/python3.10/site-packages/airflow/example_dags/example_params_ui_tutorial.py for tasks to queue
[2024-10-28T16:45:01.211-0700] {logging_mixin.py:150} INFO - [2024-10-28T16:45:01.211-0700] {dagbag.py:541} INFO - Filling up the DagBag from /Users/saiprasadreddykolan/airflow_venv/lib/python3.10/site-packages/airflow/example_dags/example_params_ui_tutorial.py
[2024-10-28T16:45:01.248-0700] {processor.py:836} INFO - DAG(s) dict_keys(['example_params_ui_tutorial']) retrieved from /Users/saiprasadreddykolan/airflow_venv/lib/python3.10/site-packages/airflow/example_dags/example_params_ui_tutorial.py
[2024-10-28T16:45:01.474-0700] {logging_mixin.py:150} INFO - [2024-10-28T16:45:01.473-0700] {dag.py:2742} INFO - Sync 1 DAGs
[2024-10-28T16:45:01.479-0700] {logging_mixin.py:150} INFO - [2024-10-28T16:45:01.479-0700] {dag.py:3504} INFO - Setting next_dagrun for example_params_ui_tutorial to None, run_after=None
[2024-10-28T16:45:01.486-0700] {processor.py:179} INFO - Processing /Users/saiprasadreddykolan/airflow_venv/lib/python3.10/site-packages/airflow/example_dags/example_params_ui_tutorial.py took 0.278 seconds
[2024-10-28T16:46:34.401-0700] {processor.py:157} INFO - Started process (PID=69075) to work on /Users/saiprasadreddykolan/airflow_venv/lib/python3.10/site-packages/airflow/example_dags/example_params_ui_tutorial.py
[2024-10-28T16:46:34.403-0700] {processor.py:826} INFO - Processing file /Users/saiprasadreddykolan/airflow_venv/lib/python3.10/site-packages/airflow/example_dags/example_params_ui_tutorial.py for tasks to queue
[2024-10-28T16:46:34.403-0700] {logging_mixin.py:150} INFO - [2024-10-28T16:46:34.403-0700] {dagbag.py:541} INFO - Filling up the DagBag from /Users/saiprasadreddykolan/airflow_venv/lib/python3.10/site-packages/airflow/example_dags/example_params_ui_tutorial.py
[2024-10-28T16:46:34.438-0700] {processor.py:836} INFO - DAG(s) dict_keys(['example_params_ui_tutorial']) retrieved from /Users/saiprasadreddykolan/airflow_venv/lib/python3.10/site-packages/airflow/example_dags/example_params_ui_tutorial.py
[2024-10-28T16:46:34.652-0700] {logging_mixin.py:150} INFO - [2024-10-28T16:46:34.652-0700] {dag.py:2742} INFO - Sync 1 DAGs
[2024-10-28T16:46:34.659-0700] {logging_mixin.py:150} INFO - [2024-10-28T16:46:34.659-0700] {dag.py:3504} INFO - Setting next_dagrun for example_params_ui_tutorial to None, run_after=None
[2024-10-28T16:46:34.668-0700] {processor.py:179} INFO - Processing /Users/saiprasadreddykolan/airflow_venv/lib/python3.10/site-packages/airflow/example_dags/example_params_ui_tutorial.py took 0.268 seconds
[2024-10-28T16:48:03.129-0700] {processor.py:157} INFO - Started process (PID=69154) to work on /Users/saiprasadreddykolan/airflow_venv/lib/python3.10/site-packages/airflow/example_dags/example_params_ui_tutorial.py
[2024-10-28T16:48:03.131-0700] {processor.py:826} INFO - Processing file /Users/saiprasadreddykolan/airflow_venv/lib/python3.10/site-packages/airflow/example_dags/example_params_ui_tutorial.py for tasks to queue
[2024-10-28T16:48:03.131-0700] {logging_mixin.py:150} INFO - [2024-10-28T16:48:03.131-0700] {dagbag.py:541} INFO - Filling up the DagBag from /Users/saiprasadreddykolan/airflow_venv/lib/python3.10/site-packages/airflow/example_dags/example_params_ui_tutorial.py
[2024-10-28T16:48:03.166-0700] {processor.py:836} INFO - DAG(s) dict_keys(['example_params_ui_tutorial']) retrieved from /Users/saiprasadreddykolan/airflow_venv/lib/python3.10/site-packages/airflow/example_dags/example_params_ui_tutorial.py
[2024-10-28T16:48:03.371-0700] {logging_mixin.py:150} INFO - [2024-10-28T16:48:03.371-0700] {dag.py:2742} INFO - Sync 1 DAGs
[2024-10-28T16:48:03.377-0700] {logging_mixin.py:150} INFO - [2024-10-28T16:48:03.377-0700] {dag.py:3504} INFO - Setting next_dagrun for example_params_ui_tutorial to None, run_after=None
[2024-10-28T16:48:03.382-0700] {processor.py:179} INFO - Processing /Users/saiprasadreddykolan/airflow_venv/lib/python3.10/site-packages/airflow/example_dags/example_params_ui_tutorial.py took 0.254 seconds
[2024-10-28T16:49:36.512-0700] {processor.py:157} INFO - Started process (PID=69231) to work on /Users/saiprasadreddykolan/airflow_venv/lib/python3.10/site-packages/airflow/example_dags/example_params_ui_tutorial.py
[2024-10-28T16:49:36.514-0700] {processor.py:826} INFO - Processing file /Users/saiprasadreddykolan/airflow_venv/lib/python3.10/site-packages/airflow/example_dags/example_params_ui_tutorial.py for tasks to queue
[2024-10-28T16:49:36.514-0700] {logging_mixin.py:150} INFO - [2024-10-28T16:49:36.514-0700] {dagbag.py:541} INFO - Filling up the DagBag from /Users/saiprasadreddykolan/airflow_venv/lib/python3.10/site-packages/airflow/example_dags/example_params_ui_tutorial.py
[2024-10-28T16:49:36.549-0700] {processor.py:836} INFO - DAG(s) dict_keys(['example_params_ui_tutorial']) retrieved from /Users/saiprasadreddykolan/airflow_venv/lib/python3.10/site-packages/airflow/example_dags/example_params_ui_tutorial.py
[2024-10-28T16:49:36.754-0700] {logging_mixin.py:150} INFO - [2024-10-28T16:49:36.754-0700] {dag.py:2742} INFO - Sync 1 DAGs
[2024-10-28T16:49:36.760-0700] {logging_mixin.py:150} INFO - [2024-10-28T16:49:36.760-0700] {dag.py:3504} INFO - Setting next_dagrun for example_params_ui_tutorial to None, run_after=None
[2024-10-28T16:49:36.765-0700] {processor.py:179} INFO - Processing /Users/saiprasadreddykolan/airflow_venv/lib/python3.10/site-packages/airflow/example_dags/example_params_ui_tutorial.py took 0.254 seconds
[2024-10-28T16:51:09.911-0700] {processor.py:157} INFO - Started process (PID=69298) to work on /Users/saiprasadreddykolan/airflow_venv/lib/python3.10/site-packages/airflow/example_dags/example_params_ui_tutorial.py
[2024-10-28T16:51:09.913-0700] {processor.py:826} INFO - Processing file /Users/saiprasadreddykolan/airflow_venv/lib/python3.10/site-packages/airflow/example_dags/example_params_ui_tutorial.py for tasks to queue
[2024-10-28T16:51:09.914-0700] {logging_mixin.py:150} INFO - [2024-10-28T16:51:09.913-0700] {dagbag.py:541} INFO - Filling up the DagBag from /Users/saiprasadreddykolan/airflow_venv/lib/python3.10/site-packages/airflow/example_dags/example_params_ui_tutorial.py
[2024-10-28T16:51:09.948-0700] {processor.py:836} INFO - DAG(s) dict_keys(['example_params_ui_tutorial']) retrieved from /Users/saiprasadreddykolan/airflow_venv/lib/python3.10/site-packages/airflow/example_dags/example_params_ui_tutorial.py
[2024-10-28T16:51:10.155-0700] {logging_mixin.py:150} INFO - [2024-10-28T16:51:10.155-0700] {dag.py:2742} INFO - Sync 1 DAGs
[2024-10-28T16:51:10.161-0700] {logging_mixin.py:150} INFO - [2024-10-28T16:51:10.161-0700] {dag.py:3504} INFO - Setting next_dagrun for example_params_ui_tutorial to None, run_after=None
[2024-10-28T16:51:10.167-0700] {processor.py:179} INFO - Processing /Users/saiprasadreddykolan/airflow_venv/lib/python3.10/site-packages/airflow/example_dags/example_params_ui_tutorial.py took 0.256 seconds
[2024-10-28T16:52:45.698-0700] {processor.py:157} INFO - Started process (PID=69366) to work on /Users/saiprasadreddykolan/airflow_venv/lib/python3.10/site-packages/airflow/example_dags/example_params_ui_tutorial.py
[2024-10-28T16:52:45.700-0700] {processor.py:826} INFO - Processing file /Users/saiprasadreddykolan/airflow_venv/lib/python3.10/site-packages/airflow/example_dags/example_params_ui_tutorial.py for tasks to queue
[2024-10-28T16:52:45.701-0700] {logging_mixin.py:150} INFO - [2024-10-28T16:52:45.701-0700] {dagbag.py:541} INFO - Filling up the DagBag from /Users/saiprasadreddykolan/airflow_venv/lib/python3.10/site-packages/airflow/example_dags/example_params_ui_tutorial.py
[2024-10-28T16:52:45.735-0700] {processor.py:836} INFO - DAG(s) dict_keys(['example_params_ui_tutorial']) retrieved from /Users/saiprasadreddykolan/airflow_venv/lib/python3.10/site-packages/airflow/example_dags/example_params_ui_tutorial.py
[2024-10-28T16:52:45.943-0700] {logging_mixin.py:150} INFO - [2024-10-28T16:52:45.942-0700] {dag.py:2742} INFO - Sync 1 DAGs
[2024-10-28T16:52:45.949-0700] {logging_mixin.py:150} INFO - [2024-10-28T16:52:45.948-0700] {dag.py:3504} INFO - Setting next_dagrun for example_params_ui_tutorial to None, run_after=None
[2024-10-28T16:52:45.955-0700] {processor.py:179} INFO - Processing /Users/saiprasadreddykolan/airflow_venv/lib/python3.10/site-packages/airflow/example_dags/example_params_ui_tutorial.py took 0.257 seconds
[2024-10-28T16:54:12.949-0700] {processor.py:157} INFO - Started process (PID=69436) to work on /Users/saiprasadreddykolan/airflow_venv/lib/python3.10/site-packages/airflow/example_dags/example_params_ui_tutorial.py
[2024-10-28T16:54:12.952-0700] {processor.py:826} INFO - Processing file /Users/saiprasadreddykolan/airflow_venv/lib/python3.10/site-packages/airflow/example_dags/example_params_ui_tutorial.py for tasks to queue
[2024-10-28T16:54:12.952-0700] {logging_mixin.py:150} INFO - [2024-10-28T16:54:12.952-0700] {dagbag.py:541} INFO - Filling up the DagBag from /Users/saiprasadreddykolan/airflow_venv/lib/python3.10/site-packages/airflow/example_dags/example_params_ui_tutorial.py
[2024-10-28T16:54:12.986-0700] {processor.py:836} INFO - DAG(s) dict_keys(['example_params_ui_tutorial']) retrieved from /Users/saiprasadreddykolan/airflow_venv/lib/python3.10/site-packages/airflow/example_dags/example_params_ui_tutorial.py
[2024-10-28T16:54:13.196-0700] {logging_mixin.py:150} INFO - [2024-10-28T16:54:13.195-0700] {dag.py:2742} INFO - Sync 1 DAGs
[2024-10-28T16:54:13.201-0700] {logging_mixin.py:150} INFO - [2024-10-28T16:54:13.201-0700] {dag.py:3504} INFO - Setting next_dagrun for example_params_ui_tutorial to None, run_after=None
[2024-10-28T16:54:13.207-0700] {processor.py:179} INFO - Processing /Users/saiprasadreddykolan/airflow_venv/lib/python3.10/site-packages/airflow/example_dags/example_params_ui_tutorial.py took 0.258 seconds
[2024-10-28T16:55:52.541-0700] {processor.py:157} INFO - Started process (PID=69510) to work on /Users/saiprasadreddykolan/airflow_venv/lib/python3.10/site-packages/airflow/example_dags/example_params_ui_tutorial.py
[2024-10-28T16:55:52.544-0700] {processor.py:826} INFO - Processing file /Users/saiprasadreddykolan/airflow_venv/lib/python3.10/site-packages/airflow/example_dags/example_params_ui_tutorial.py for tasks to queue
[2024-10-28T16:55:52.544-0700] {logging_mixin.py:150} INFO - [2024-10-28T16:55:52.544-0700] {dagbag.py:541} INFO - Filling up the DagBag from /Users/saiprasadreddykolan/airflow_venv/lib/python3.10/site-packages/airflow/example_dags/example_params_ui_tutorial.py
[2024-10-28T16:55:52.578-0700] {processor.py:836} INFO - DAG(s) dict_keys(['example_params_ui_tutorial']) retrieved from /Users/saiprasadreddykolan/airflow_venv/lib/python3.10/site-packages/airflow/example_dags/example_params_ui_tutorial.py
[2024-10-28T16:55:52.786-0700] {logging_mixin.py:150} INFO - [2024-10-28T16:55:52.786-0700] {dag.py:2742} INFO - Sync 1 DAGs
[2024-10-28T16:55:52.792-0700] {logging_mixin.py:150} INFO - [2024-10-28T16:55:52.792-0700] {dag.py:3504} INFO - Setting next_dagrun for example_params_ui_tutorial to None, run_after=None
[2024-10-28T16:55:52.798-0700] {processor.py:179} INFO - Processing /Users/saiprasadreddykolan/airflow_venv/lib/python3.10/site-packages/airflow/example_dags/example_params_ui_tutorial.py took 0.257 seconds
[2024-10-28T16:57:29.698-0700] {processor.py:157} INFO - Started process (PID=69584) to work on /Users/saiprasadreddykolan/airflow_venv/lib/python3.10/site-packages/airflow/example_dags/example_params_ui_tutorial.py
[2024-10-28T16:57:29.701-0700] {processor.py:826} INFO - Processing file /Users/saiprasadreddykolan/airflow_venv/lib/python3.10/site-packages/airflow/example_dags/example_params_ui_tutorial.py for tasks to queue
[2024-10-28T16:57:29.701-0700] {logging_mixin.py:150} INFO - [2024-10-28T16:57:29.701-0700] {dagbag.py:541} INFO - Filling up the DagBag from /Users/saiprasadreddykolan/airflow_venv/lib/python3.10/site-packages/airflow/example_dags/example_params_ui_tutorial.py
[2024-10-28T16:57:29.735-0700] {processor.py:836} INFO - DAG(s) dict_keys(['example_params_ui_tutorial']) retrieved from /Users/saiprasadreddykolan/airflow_venv/lib/python3.10/site-packages/airflow/example_dags/example_params_ui_tutorial.py
[2024-10-28T16:57:29.941-0700] {logging_mixin.py:150} INFO - [2024-10-28T16:57:29.941-0700] {dag.py:2742} INFO - Sync 1 DAGs
[2024-10-28T16:57:29.947-0700] {logging_mixin.py:150} INFO - [2024-10-28T16:57:29.947-0700] {dag.py:3504} INFO - Setting next_dagrun for example_params_ui_tutorial to None, run_after=None
[2024-10-28T16:57:29.953-0700] {processor.py:179} INFO - Processing /Users/saiprasadreddykolan/airflow_venv/lib/python3.10/site-packages/airflow/example_dags/example_params_ui_tutorial.py took 0.255 seconds
[2024-10-28T16:59:02.765-0700] {processor.py:157} INFO - Started process (PID=69668) to work on /Users/saiprasadreddykolan/airflow_venv/lib/python3.10/site-packages/airflow/example_dags/example_params_ui_tutorial.py
[2024-10-28T16:59:02.767-0700] {processor.py:826} INFO - Processing file /Users/saiprasadreddykolan/airflow_venv/lib/python3.10/site-packages/airflow/example_dags/example_params_ui_tutorial.py for tasks to queue
[2024-10-28T16:59:02.767-0700] {logging_mixin.py:150} INFO - [2024-10-28T16:59:02.767-0700] {dagbag.py:541} INFO - Filling up the DagBag from /Users/saiprasadreddykolan/airflow_venv/lib/python3.10/site-packages/airflow/example_dags/example_params_ui_tutorial.py
[2024-10-28T16:59:02.802-0700] {processor.py:836} INFO - DAG(s) dict_keys(['example_params_ui_tutorial']) retrieved from /Users/saiprasadreddykolan/airflow_venv/lib/python3.10/site-packages/airflow/example_dags/example_params_ui_tutorial.py
[2024-10-28T16:59:03.012-0700] {logging_mixin.py:150} INFO - [2024-10-28T16:59:03.012-0700] {dag.py:2742} INFO - Sync 1 DAGs
[2024-10-28T16:59:03.018-0700] {logging_mixin.py:150} INFO - [2024-10-28T16:59:03.018-0700] {dag.py:3504} INFO - Setting next_dagrun for example_params_ui_tutorial to None, run_after=None
[2024-10-28T16:59:03.026-0700] {processor.py:179} INFO - Processing /Users/saiprasadreddykolan/airflow_venv/lib/python3.10/site-packages/airflow/example_dags/example_params_ui_tutorial.py took 0.262 seconds
