[2024-10-28T16:43:54.708-0700] {processor.py:157} INFO - Started process (PID=68924) to work on /Users/saiprasadreddykolan/airflow_venv/lib/python3.10/site-packages/airflow/example_dags/example_external_task_marker_dag.py
[2024-10-28T16:43:54.710-0700] {processor.py:826} INFO - Processing file /Users/saiprasadreddykolan/airflow_venv/lib/python3.10/site-packages/airflow/example_dags/example_external_task_marker_dag.py for tasks to queue
[2024-10-28T16:43:54.710-0700] {logging_mixin.py:150} INFO - [2024-10-28T16:43:54.710-0700] {dagbag.py:541} INFO - Filling up the DagBag from /Users/saiprasadreddykolan/airflow_venv/lib/python3.10/site-packages/airflow/example_dags/example_external_task_marker_dag.py
[2024-10-28T16:43:54.717-0700] {processor.py:836} INFO - DAG(s) dict_keys(['example_external_task_marker_parent', 'example_external_task_marker_child']) retrieved from /Users/saiprasadreddykolan/airflow_venv/lib/python3.10/site-packages/airflow/example_dags/example_external_task_marker_dag.py
[2024-10-28T16:43:54.957-0700] {logging_mixin.py:150} INFO - [2024-10-28T16:43:54.957-0700] {manager.py:504} INFO - Created Permission View: can edit on DAG:example_external_task_marker_parent
[2024-10-28T16:43:54.959-0700] {logging_mixin.py:150} INFO - [2024-10-28T16:43:54.959-0700] {manager.py:504} INFO - Created Permission View: can delete on DAG:example_external_task_marker_parent
[2024-10-28T16:43:54.961-0700] {logging_mixin.py:150} INFO - [2024-10-28T16:43:54.961-0700] {manager.py:504} INFO - Created Permission View: can read on DAG:example_external_task_marker_parent
[2024-10-28T16:43:54.970-0700] {logging_mixin.py:150} INFO - [2024-10-28T16:43:54.970-0700] {manager.py:504} INFO - Created Permission View: can edit on DAG:example_external_task_marker_child
[2024-10-28T16:43:54.972-0700] {logging_mixin.py:150} INFO - [2024-10-28T16:43:54.971-0700] {manager.py:504} INFO - Created Permission View: can delete on DAG:example_external_task_marker_child
[2024-10-28T16:43:54.973-0700] {logging_mixin.py:150} INFO - [2024-10-28T16:43:54.973-0700] {manager.py:504} INFO - Created Permission View: can read on DAG:example_external_task_marker_child
[2024-10-28T16:43:54.974-0700] {logging_mixin.py:150} INFO - [2024-10-28T16:43:54.974-0700] {dag.py:2742} INFO - Sync 2 DAGs
[2024-10-28T16:43:54.977-0700] {logging_mixin.py:150} INFO - [2024-10-28T16:43:54.977-0700] {dag.py:2763} INFO - Creating ORM DAG for example_external_task_marker_child
[2024-10-28T16:43:54.977-0700] {logging_mixin.py:150} INFO - [2024-10-28T16:43:54.977-0700] {dag.py:2763} INFO - Creating ORM DAG for example_external_task_marker_parent
[2024-10-28T16:43:54.980-0700] {logging_mixin.py:150} INFO - [2024-10-28T16:43:54.980-0700] {dag.py:3504} INFO - Setting next_dagrun for example_external_task_marker_child to None, run_after=None
[2024-10-28T16:43:54.980-0700] {logging_mixin.py:150} INFO - [2024-10-28T16:43:54.980-0700] {dag.py:3504} INFO - Setting next_dagrun for example_external_task_marker_parent to None, run_after=None
[2024-10-28T16:43:54.985-0700] {processor.py:179} INFO - Processing /Users/saiprasadreddykolan/airflow_venv/lib/python3.10/site-packages/airflow/example_dags/example_external_task_marker_dag.py took 0.277 seconds
[2024-10-28T16:45:27.330-0700] {processor.py:157} INFO - Started process (PID=69025) to work on /Users/saiprasadreddykolan/airflow_venv/lib/python3.10/site-packages/airflow/example_dags/example_external_task_marker_dag.py
[2024-10-28T16:45:27.333-0700] {processor.py:826} INFO - Processing file /Users/saiprasadreddykolan/airflow_venv/lib/python3.10/site-packages/airflow/example_dags/example_external_task_marker_dag.py for tasks to queue
[2024-10-28T16:45:27.333-0700] {logging_mixin.py:150} INFO - [2024-10-28T16:45:27.333-0700] {dagbag.py:541} INFO - Filling up the DagBag from /Users/saiprasadreddykolan/airflow_venv/lib/python3.10/site-packages/airflow/example_dags/example_external_task_marker_dag.py
[2024-10-28T16:45:27.340-0700] {processor.py:836} INFO - DAG(s) dict_keys(['example_external_task_marker_parent', 'example_external_task_marker_child']) retrieved from /Users/saiprasadreddykolan/airflow_venv/lib/python3.10/site-packages/airflow/example_dags/example_external_task_marker_dag.py
[2024-10-28T16:45:27.576-0700] {logging_mixin.py:150} INFO - [2024-10-28T16:45:27.576-0700] {dag.py:2742} INFO - Sync 2 DAGs
[2024-10-28T16:45:27.582-0700] {logging_mixin.py:150} INFO - [2024-10-28T16:45:27.582-0700] {dag.py:3504} INFO - Setting next_dagrun for example_external_task_marker_child to None, run_after=None
[2024-10-28T16:45:27.584-0700] {logging_mixin.py:150} INFO - [2024-10-28T16:45:27.584-0700] {dag.py:3504} INFO - Setting next_dagrun for example_external_task_marker_parent to None, run_after=None
[2024-10-28T16:45:27.591-0700] {processor.py:179} INFO - Processing /Users/saiprasadreddykolan/airflow_venv/lib/python3.10/site-packages/airflow/example_dags/example_external_task_marker_dag.py took 0.261 seconds
[2024-10-28T16:47:03.004-0700] {processor.py:157} INFO - Started process (PID=69101) to work on /Users/saiprasadreddykolan/airflow_venv/lib/python3.10/site-packages/airflow/example_dags/example_external_task_marker_dag.py
[2024-10-28T16:47:03.007-0700] {processor.py:826} INFO - Processing file /Users/saiprasadreddykolan/airflow_venv/lib/python3.10/site-packages/airflow/example_dags/example_external_task_marker_dag.py for tasks to queue
[2024-10-28T16:47:03.007-0700] {logging_mixin.py:150} INFO - [2024-10-28T16:47:03.007-0700] {dagbag.py:541} INFO - Filling up the DagBag from /Users/saiprasadreddykolan/airflow_venv/lib/python3.10/site-packages/airflow/example_dags/example_external_task_marker_dag.py
[2024-10-28T16:47:03.014-0700] {processor.py:836} INFO - DAG(s) dict_keys(['example_external_task_marker_child', 'example_external_task_marker_parent']) retrieved from /Users/saiprasadreddykolan/airflow_venv/lib/python3.10/site-packages/airflow/example_dags/example_external_task_marker_dag.py
[2024-10-28T16:47:03.245-0700] {logging_mixin.py:150} INFO - [2024-10-28T16:47:03.245-0700] {dag.py:2742} INFO - Sync 2 DAGs
[2024-10-28T16:47:03.251-0700] {logging_mixin.py:150} INFO - [2024-10-28T16:47:03.251-0700] {dag.py:3504} INFO - Setting next_dagrun for example_external_task_marker_child to None, run_after=None
[2024-10-28T16:47:03.253-0700] {logging_mixin.py:150} INFO - [2024-10-28T16:47:03.253-0700] {dag.py:3504} INFO - Setting next_dagrun for example_external_task_marker_parent to None, run_after=None
[2024-10-28T16:47:03.259-0700] {processor.py:179} INFO - Processing /Users/saiprasadreddykolan/airflow_venv/lib/python3.10/site-packages/airflow/example_dags/example_external_task_marker_dag.py took 0.255 seconds
[2024-10-28T16:48:32.861-0700] {processor.py:157} INFO - Started process (PID=69185) to work on /Users/saiprasadreddykolan/airflow_venv/lib/python3.10/site-packages/airflow/example_dags/example_external_task_marker_dag.py
[2024-10-28T16:48:32.863-0700] {processor.py:826} INFO - Processing file /Users/saiprasadreddykolan/airflow_venv/lib/python3.10/site-packages/airflow/example_dags/example_external_task_marker_dag.py for tasks to queue
[2024-10-28T16:48:32.863-0700] {logging_mixin.py:150} INFO - [2024-10-28T16:48:32.863-0700] {dagbag.py:541} INFO - Filling up the DagBag from /Users/saiprasadreddykolan/airflow_venv/lib/python3.10/site-packages/airflow/example_dags/example_external_task_marker_dag.py
[2024-10-28T16:48:32.870-0700] {processor.py:836} INFO - DAG(s) dict_keys(['example_external_task_marker_parent', 'example_external_task_marker_child']) retrieved from /Users/saiprasadreddykolan/airflow_venv/lib/python3.10/site-packages/airflow/example_dags/example_external_task_marker_dag.py
[2024-10-28T16:48:33.090-0700] {logging_mixin.py:150} INFO - [2024-10-28T16:48:33.089-0700] {dag.py:2742} INFO - Sync 2 DAGs
[2024-10-28T16:48:33.095-0700] {logging_mixin.py:150} INFO - [2024-10-28T16:48:33.095-0700] {dag.py:3504} INFO - Setting next_dagrun for example_external_task_marker_child to None, run_after=None
[2024-10-28T16:48:33.096-0700] {logging_mixin.py:150} INFO - [2024-10-28T16:48:33.096-0700] {dag.py:3504} INFO - Setting next_dagrun for example_external_task_marker_parent to None, run_after=None
[2024-10-28T16:48:33.102-0700] {processor.py:179} INFO - Processing /Users/saiprasadreddykolan/airflow_venv/lib/python3.10/site-packages/airflow/example_dags/example_external_task_marker_dag.py took 0.242 seconds
[2024-10-28T16:50:03.275-0700] {processor.py:157} INFO - Started process (PID=69250) to work on /Users/saiprasadreddykolan/airflow_venv/lib/python3.10/site-packages/airflow/example_dags/example_external_task_marker_dag.py
[2024-10-28T16:50:03.277-0700] {processor.py:826} INFO - Processing file /Users/saiprasadreddykolan/airflow_venv/lib/python3.10/site-packages/airflow/example_dags/example_external_task_marker_dag.py for tasks to queue
[2024-10-28T16:50:03.277-0700] {logging_mixin.py:150} INFO - [2024-10-28T16:50:03.277-0700] {dagbag.py:541} INFO - Filling up the DagBag from /Users/saiprasadreddykolan/airflow_venv/lib/python3.10/site-packages/airflow/example_dags/example_external_task_marker_dag.py
[2024-10-28T16:50:03.284-0700] {processor.py:836} INFO - DAG(s) dict_keys(['example_external_task_marker_parent', 'example_external_task_marker_child']) retrieved from /Users/saiprasadreddykolan/airflow_venv/lib/python3.10/site-packages/airflow/example_dags/example_external_task_marker_dag.py
[2024-10-28T16:50:03.503-0700] {logging_mixin.py:150} INFO - [2024-10-28T16:50:03.503-0700] {dag.py:2742} INFO - Sync 2 DAGs
[2024-10-28T16:50:03.509-0700] {logging_mixin.py:150} INFO - [2024-10-28T16:50:03.509-0700] {dag.py:3504} INFO - Setting next_dagrun for example_external_task_marker_child to None, run_after=None
[2024-10-28T16:50:03.511-0700] {logging_mixin.py:150} INFO - [2024-10-28T16:50:03.511-0700] {dag.py:3504} INFO - Setting next_dagrun for example_external_task_marker_parent to None, run_after=None
[2024-10-28T16:50:03.516-0700] {processor.py:179} INFO - Processing /Users/saiprasadreddykolan/airflow_venv/lib/python3.10/site-packages/airflow/example_dags/example_external_task_marker_dag.py took 0.242 seconds
[2024-10-28T16:51:42.892-0700] {processor.py:157} INFO - Started process (PID=69318) to work on /Users/saiprasadreddykolan/airflow_venv/lib/python3.10/site-packages/airflow/example_dags/example_external_task_marker_dag.py
[2024-10-28T16:51:42.895-0700] {processor.py:826} INFO - Processing file /Users/saiprasadreddykolan/airflow_venv/lib/python3.10/site-packages/airflow/example_dags/example_external_task_marker_dag.py for tasks to queue
[2024-10-28T16:51:42.895-0700] {logging_mixin.py:150} INFO - [2024-10-28T16:51:42.895-0700] {dagbag.py:541} INFO - Filling up the DagBag from /Users/saiprasadreddykolan/airflow_venv/lib/python3.10/site-packages/airflow/example_dags/example_external_task_marker_dag.py
[2024-10-28T16:51:42.901-0700] {processor.py:836} INFO - DAG(s) dict_keys(['example_external_task_marker_child', 'example_external_task_marker_parent']) retrieved from /Users/saiprasadreddykolan/airflow_venv/lib/python3.10/site-packages/airflow/example_dags/example_external_task_marker_dag.py
[2024-10-28T16:51:43.121-0700] {logging_mixin.py:150} INFO - [2024-10-28T16:51:43.121-0700] {dag.py:2742} INFO - Sync 2 DAGs
[2024-10-28T16:51:43.127-0700] {logging_mixin.py:150} INFO - [2024-10-28T16:51:43.127-0700] {dag.py:3504} INFO - Setting next_dagrun for example_external_task_marker_child to None, run_after=None
[2024-10-28T16:51:43.128-0700] {logging_mixin.py:150} INFO - [2024-10-28T16:51:43.128-0700] {dag.py:3504} INFO - Setting next_dagrun for example_external_task_marker_parent to None, run_after=None
[2024-10-28T16:51:43.133-0700] {processor.py:179} INFO - Processing /Users/saiprasadreddykolan/airflow_venv/lib/python3.10/site-packages/airflow/example_dags/example_external_task_marker_dag.py took 0.241 seconds
[2024-10-28T16:53:16.318-0700] {processor.py:157} INFO - Started process (PID=69393) to work on /Users/saiprasadreddykolan/airflow_venv/lib/python3.10/site-packages/airflow/example_dags/example_external_task_marker_dag.py
[2024-10-28T16:53:16.320-0700] {processor.py:826} INFO - Processing file /Users/saiprasadreddykolan/airflow_venv/lib/python3.10/site-packages/airflow/example_dags/example_external_task_marker_dag.py for tasks to queue
[2024-10-28T16:53:16.320-0700] {logging_mixin.py:150} INFO - [2024-10-28T16:53:16.320-0700] {dagbag.py:541} INFO - Filling up the DagBag from /Users/saiprasadreddykolan/airflow_venv/lib/python3.10/site-packages/airflow/example_dags/example_external_task_marker_dag.py
[2024-10-28T16:53:16.327-0700] {processor.py:836} INFO - DAG(s) dict_keys(['example_external_task_marker_parent', 'example_external_task_marker_child']) retrieved from /Users/saiprasadreddykolan/airflow_venv/lib/python3.10/site-packages/airflow/example_dags/example_external_task_marker_dag.py
[2024-10-28T16:53:16.548-0700] {logging_mixin.py:150} INFO - [2024-10-28T16:53:16.547-0700] {dag.py:2742} INFO - Sync 2 DAGs
[2024-10-28T16:53:16.553-0700] {logging_mixin.py:150} INFO - [2024-10-28T16:53:16.553-0700] {dag.py:3504} INFO - Setting next_dagrun for example_external_task_marker_child to None, run_after=None
[2024-10-28T16:53:16.554-0700] {logging_mixin.py:150} INFO - [2024-10-28T16:53:16.554-0700] {dag.py:3504} INFO - Setting next_dagrun for example_external_task_marker_parent to None, run_after=None
[2024-10-28T16:53:16.560-0700] {processor.py:179} INFO - Processing /Users/saiprasadreddykolan/airflow_venv/lib/python3.10/site-packages/airflow/example_dags/example_external_task_marker_dag.py took 0.242 seconds
[2024-10-28T16:54:44.407-0700] {processor.py:157} INFO - Started process (PID=69468) to work on /Users/saiprasadreddykolan/airflow_venv/lib/python3.10/site-packages/airflow/example_dags/example_external_task_marker_dag.py
[2024-10-28T16:54:44.409-0700] {processor.py:826} INFO - Processing file /Users/saiprasadreddykolan/airflow_venv/lib/python3.10/site-packages/airflow/example_dags/example_external_task_marker_dag.py for tasks to queue
[2024-10-28T16:54:44.409-0700] {logging_mixin.py:150} INFO - [2024-10-28T16:54:44.409-0700] {dagbag.py:541} INFO - Filling up the DagBag from /Users/saiprasadreddykolan/airflow_venv/lib/python3.10/site-packages/airflow/example_dags/example_external_task_marker_dag.py
[2024-10-28T16:54:44.417-0700] {processor.py:836} INFO - DAG(s) dict_keys(['example_external_task_marker_child', 'example_external_task_marker_parent']) retrieved from /Users/saiprasadreddykolan/airflow_venv/lib/python3.10/site-packages/airflow/example_dags/example_external_task_marker_dag.py
[2024-10-28T16:54:44.638-0700] {logging_mixin.py:150} INFO - [2024-10-28T16:54:44.638-0700] {dag.py:2742} INFO - Sync 2 DAGs
[2024-10-28T16:54:44.644-0700] {logging_mixin.py:150} INFO - [2024-10-28T16:54:44.644-0700] {dag.py:3504} INFO - Setting next_dagrun for example_external_task_marker_child to None, run_after=None
[2024-10-28T16:54:44.644-0700] {logging_mixin.py:150} INFO - [2024-10-28T16:54:44.644-0700] {dag.py:3504} INFO - Setting next_dagrun for example_external_task_marker_parent to None, run_after=None
[2024-10-28T16:54:44.650-0700] {processor.py:179} INFO - Processing /Users/saiprasadreddykolan/airflow_venv/lib/python3.10/site-packages/airflow/example_dags/example_external_task_marker_dag.py took 0.243 seconds
[2024-10-28T16:56:25.469-0700] {processor.py:157} INFO - Started process (PID=69532) to work on /Users/saiprasadreddykolan/airflow_venv/lib/python3.10/site-packages/airflow/example_dags/example_external_task_marker_dag.py
[2024-10-28T16:56:25.471-0700] {processor.py:826} INFO - Processing file /Users/saiprasadreddykolan/airflow_venv/lib/python3.10/site-packages/airflow/example_dags/example_external_task_marker_dag.py for tasks to queue
[2024-10-28T16:56:25.471-0700] {logging_mixin.py:150} INFO - [2024-10-28T16:56:25.471-0700] {dagbag.py:541} INFO - Filling up the DagBag from /Users/saiprasadreddykolan/airflow_venv/lib/python3.10/site-packages/airflow/example_dags/example_external_task_marker_dag.py
[2024-10-28T16:56:25.480-0700] {processor.py:836} INFO - DAG(s) dict_keys(['example_external_task_marker_parent', 'example_external_task_marker_child']) retrieved from /Users/saiprasadreddykolan/airflow_venv/lib/python3.10/site-packages/airflow/example_dags/example_external_task_marker_dag.py
[2024-10-28T16:56:25.705-0700] {logging_mixin.py:150} INFO - [2024-10-28T16:56:25.705-0700] {dag.py:2742} INFO - Sync 2 DAGs
[2024-10-28T16:56:25.712-0700] {logging_mixin.py:150} INFO - [2024-10-28T16:56:25.712-0700] {dag.py:3504} INFO - Setting next_dagrun for example_external_task_marker_child to None, run_after=None
[2024-10-28T16:56:25.714-0700] {logging_mixin.py:150} INFO - [2024-10-28T16:56:25.714-0700] {dag.py:3504} INFO - Setting next_dagrun for example_external_task_marker_parent to None, run_after=None
[2024-10-28T16:56:25.719-0700] {processor.py:179} INFO - Processing /Users/saiprasadreddykolan/airflow_venv/lib/python3.10/site-packages/airflow/example_dags/example_external_task_marker_dag.py took 0.250 seconds
[2024-10-28T16:57:55.106-0700] {processor.py:157} INFO - Started process (PID=69605) to work on /Users/saiprasadreddykolan/airflow_venv/lib/python3.10/site-packages/airflow/example_dags/example_external_task_marker_dag.py
[2024-10-28T16:57:55.108-0700] {processor.py:826} INFO - Processing file /Users/saiprasadreddykolan/airflow_venv/lib/python3.10/site-packages/airflow/example_dags/example_external_task_marker_dag.py for tasks to queue
[2024-10-28T16:57:55.109-0700] {logging_mixin.py:150} INFO - [2024-10-28T16:57:55.108-0700] {dagbag.py:541} INFO - Filling up the DagBag from /Users/saiprasadreddykolan/airflow_venv/lib/python3.10/site-packages/airflow/example_dags/example_external_task_marker_dag.py
[2024-10-28T16:57:55.115-0700] {processor.py:836} INFO - DAG(s) dict_keys(['example_external_task_marker_child', 'example_external_task_marker_parent']) retrieved from /Users/saiprasadreddykolan/airflow_venv/lib/python3.10/site-packages/airflow/example_dags/example_external_task_marker_dag.py
[2024-10-28T16:57:55.335-0700] {logging_mixin.py:150} INFO - [2024-10-28T16:57:55.335-0700] {dag.py:2742} INFO - Sync 2 DAGs
[2024-10-28T16:57:55.341-0700] {logging_mixin.py:150} INFO - [2024-10-28T16:57:55.341-0700] {dag.py:3504} INFO - Setting next_dagrun for example_external_task_marker_child to None, run_after=None
[2024-10-28T16:57:55.342-0700] {logging_mixin.py:150} INFO - [2024-10-28T16:57:55.342-0700] {dag.py:3504} INFO - Setting next_dagrun for example_external_task_marker_parent to None, run_after=None
[2024-10-28T16:57:55.347-0700] {processor.py:179} INFO - Processing /Users/saiprasadreddykolan/airflow_venv/lib/python3.10/site-packages/airflow/example_dags/example_external_task_marker_dag.py took 0.241 seconds
[2024-10-28T16:59:30.711-0700] {processor.py:157} INFO - Started process (PID=69690) to work on /Users/saiprasadreddykolan/airflow_venv/lib/python3.10/site-packages/airflow/example_dags/example_external_task_marker_dag.py
[2024-10-28T16:59:30.714-0700] {processor.py:826} INFO - Processing file /Users/saiprasadreddykolan/airflow_venv/lib/python3.10/site-packages/airflow/example_dags/example_external_task_marker_dag.py for tasks to queue
[2024-10-28T16:59:30.714-0700] {logging_mixin.py:150} INFO - [2024-10-28T16:59:30.714-0700] {dagbag.py:541} INFO - Filling up the DagBag from /Users/saiprasadreddykolan/airflow_venv/lib/python3.10/site-packages/airflow/example_dags/example_external_task_marker_dag.py
[2024-10-28T16:59:30.721-0700] {processor.py:836} INFO - DAG(s) dict_keys(['example_external_task_marker_child', 'example_external_task_marker_parent']) retrieved from /Users/saiprasadreddykolan/airflow_venv/lib/python3.10/site-packages/airflow/example_dags/example_external_task_marker_dag.py
[2024-10-28T16:59:30.963-0700] {logging_mixin.py:150} INFO - [2024-10-28T16:59:30.963-0700] {dag.py:2742} INFO - Sync 2 DAGs
[2024-10-28T16:59:30.969-0700] {logging_mixin.py:150} INFO - [2024-10-28T16:59:30.969-0700] {dag.py:3504} INFO - Setting next_dagrun for example_external_task_marker_child to None, run_after=None
[2024-10-28T16:59:30.971-0700] {logging_mixin.py:150} INFO - [2024-10-28T16:59:30.971-0700] {dag.py:3504} INFO - Setting next_dagrun for example_external_task_marker_parent to None, run_after=None
[2024-10-28T16:59:30.976-0700] {processor.py:179} INFO - Processing /Users/saiprasadreddykolan/airflow_venv/lib/python3.10/site-packages/airflow/example_dags/example_external_task_marker_dag.py took 0.265 seconds
