[2024-10-28T16:43:36.958-0700] {processor.py:157} INFO - Started process (PID=68914) to work on /Users/saiprasadreddykolan/airflow_venv/lib/python3.10/site-packages/airflow/example_dags/example_sensor_decorator.py
[2024-10-28T16:43:36.959-0700] {processor.py:826} INFO - Processing file /Users/saiprasadreddykolan/airflow_venv/lib/python3.10/site-packages/airflow/example_dags/example_sensor_decorator.py for tasks to queue
[2024-10-28T16:43:36.960-0700] {logging_mixin.py:150} INFO - [2024-10-28T16:43:36.960-0700] {dagbag.py:541} INFO - Filling up the DagBag from /Users/saiprasadreddykolan/airflow_venv/lib/python3.10/site-packages/airflow/example_dags/example_sensor_decorator.py
[2024-10-28T16:43:36.981-0700] {processor.py:836} INFO - DAG(s) dict_keys(['example_sensor_decorator']) retrieved from /Users/saiprasadreddykolan/airflow_venv/lib/python3.10/site-packages/airflow/example_dags/example_sensor_decorator.py
[2024-10-28T16:43:37.249-0700] {logging_mixin.py:150} INFO - [2024-10-28T16:43:37.248-0700] {manager.py:504} INFO - Created Permission View: can edit on DAG:example_sensor_decorator
[2024-10-28T16:43:37.251-0700] {logging_mixin.py:150} INFO - [2024-10-28T16:43:37.251-0700] {manager.py:504} INFO - Created Permission View: can read on DAG:example_sensor_decorator
[2024-10-28T16:43:37.253-0700] {logging_mixin.py:150} INFO - [2024-10-28T16:43:37.253-0700] {manager.py:504} INFO - Created Permission View: can delete on DAG:example_sensor_decorator
[2024-10-28T16:43:37.256-0700] {logging_mixin.py:150} INFO - [2024-10-28T16:43:37.256-0700] {dag.py:2742} INFO - Sync 1 DAGs
[2024-10-28T16:43:37.259-0700] {logging_mixin.py:150} INFO - [2024-10-28T16:43:37.259-0700] {dag.py:2763} INFO - Creating ORM DAG for example_sensor_decorator
[2024-10-28T16:43:37.261-0700] {logging_mixin.py:150} INFO - [2024-10-28T16:43:37.261-0700] {dag.py:3504} INFO - Setting next_dagrun for example_sensor_decorator to None, run_after=None
[2024-10-28T16:43:37.267-0700] {processor.py:179} INFO - Processing /Users/saiprasadreddykolan/airflow_venv/lib/python3.10/site-packages/airflow/example_dags/example_sensor_decorator.py took 0.309 seconds
[2024-10-28T16:44:57.190-0700] {processor.py:157} INFO - Started process (PID=68990) to work on /Users/saiprasadreddykolan/airflow_venv/lib/python3.10/site-packages/airflow/example_dags/example_sensor_decorator.py
[2024-10-28T16:44:57.193-0700] {processor.py:826} INFO - Processing file /Users/saiprasadreddykolan/airflow_venv/lib/python3.10/site-packages/airflow/example_dags/example_sensor_decorator.py for tasks to queue
[2024-10-28T16:44:57.193-0700] {logging_mixin.py:150} INFO - [2024-10-28T16:44:57.193-0700] {dagbag.py:541} INFO - Filling up the DagBag from /Users/saiprasadreddykolan/airflow_venv/lib/python3.10/site-packages/airflow/example_dags/example_sensor_decorator.py
[2024-10-28T16:44:57.211-0700] {processor.py:836} INFO - DAG(s) dict_keys(['example_sensor_decorator']) retrieved from /Users/saiprasadreddykolan/airflow_venv/lib/python3.10/site-packages/airflow/example_dags/example_sensor_decorator.py
[2024-10-28T16:44:57.442-0700] {logging_mixin.py:150} INFO - [2024-10-28T16:44:57.442-0700] {dag.py:2742} INFO - Sync 1 DAGs
[2024-10-28T16:44:57.448-0700] {logging_mixin.py:150} INFO - [2024-10-28T16:44:57.448-0700] {dag.py:3504} INFO - Setting next_dagrun for example_sensor_decorator to None, run_after=None
[2024-10-28T16:44:57.455-0700] {processor.py:179} INFO - Processing /Users/saiprasadreddykolan/airflow_venv/lib/python3.10/site-packages/airflow/example_dags/example_sensor_decorator.py took 0.265 seconds
[2024-10-28T16:46:29.049-0700] {processor.py:157} INFO - Started process (PID=69072) to work on /Users/saiprasadreddykolan/airflow_venv/lib/python3.10/site-packages/airflow/example_dags/example_sensor_decorator.py
[2024-10-28T16:46:29.051-0700] {processor.py:826} INFO - Processing file /Users/saiprasadreddykolan/airflow_venv/lib/python3.10/site-packages/airflow/example_dags/example_sensor_decorator.py for tasks to queue
[2024-10-28T16:46:29.051-0700] {logging_mixin.py:150} INFO - [2024-10-28T16:46:29.051-0700] {dagbag.py:541} INFO - Filling up the DagBag from /Users/saiprasadreddykolan/airflow_venv/lib/python3.10/site-packages/airflow/example_dags/example_sensor_decorator.py
[2024-10-28T16:46:29.068-0700] {processor.py:836} INFO - DAG(s) dict_keys(['example_sensor_decorator']) retrieved from /Users/saiprasadreddykolan/airflow_venv/lib/python3.10/site-packages/airflow/example_dags/example_sensor_decorator.py
[2024-10-28T16:46:29.285-0700] {logging_mixin.py:150} INFO - [2024-10-28T16:46:29.285-0700] {dag.py:2742} INFO - Sync 1 DAGs
[2024-10-28T16:46:29.291-0700] {logging_mixin.py:150} INFO - [2024-10-28T16:46:29.290-0700] {dag.py:3504} INFO - Setting next_dagrun for example_sensor_decorator to None, run_after=None
[2024-10-28T16:46:29.297-0700] {processor.py:179} INFO - Processing /Users/saiprasadreddykolan/airflow_venv/lib/python3.10/site-packages/airflow/example_dags/example_sensor_decorator.py took 0.248 seconds
[2024-10-28T16:47:59.139-0700] {processor.py:157} INFO - Started process (PID=69151) to work on /Users/saiprasadreddykolan/airflow_venv/lib/python3.10/site-packages/airflow/example_dags/example_sensor_decorator.py
[2024-10-28T16:47:59.141-0700] {processor.py:826} INFO - Processing file /Users/saiprasadreddykolan/airflow_venv/lib/python3.10/site-packages/airflow/example_dags/example_sensor_decorator.py for tasks to queue
[2024-10-28T16:47:59.141-0700] {logging_mixin.py:150} INFO - [2024-10-28T16:47:59.141-0700] {dagbag.py:541} INFO - Filling up the DagBag from /Users/saiprasadreddykolan/airflow_venv/lib/python3.10/site-packages/airflow/example_dags/example_sensor_decorator.py
[2024-10-28T16:47:59.158-0700] {processor.py:836} INFO - DAG(s) dict_keys(['example_sensor_decorator']) retrieved from /Users/saiprasadreddykolan/airflow_venv/lib/python3.10/site-packages/airflow/example_dags/example_sensor_decorator.py
[2024-10-28T16:47:59.382-0700] {logging_mixin.py:150} INFO - [2024-10-28T16:47:59.382-0700] {dag.py:2742} INFO - Sync 1 DAGs
[2024-10-28T16:47:59.389-0700] {logging_mixin.py:150} INFO - [2024-10-28T16:47:59.389-0700] {dag.py:3504} INFO - Setting next_dagrun for example_sensor_decorator to None, run_after=None
[2024-10-28T16:47:59.395-0700] {processor.py:179} INFO - Processing /Users/saiprasadreddykolan/airflow_venv/lib/python3.10/site-packages/airflow/example_dags/example_sensor_decorator.py took 0.257 seconds
[2024-10-28T16:49:31.438-0700] {processor.py:157} INFO - Started process (PID=69228) to work on /Users/saiprasadreddykolan/airflow_venv/lib/python3.10/site-packages/airflow/example_dags/example_sensor_decorator.py
[2024-10-28T16:49:31.440-0700] {processor.py:826} INFO - Processing file /Users/saiprasadreddykolan/airflow_venv/lib/python3.10/site-packages/airflow/example_dags/example_sensor_decorator.py for tasks to queue
[2024-10-28T16:49:31.440-0700] {logging_mixin.py:150} INFO - [2024-10-28T16:49:31.440-0700] {dagbag.py:541} INFO - Filling up the DagBag from /Users/saiprasadreddykolan/airflow_venv/lib/python3.10/site-packages/airflow/example_dags/example_sensor_decorator.py
[2024-10-28T16:49:31.457-0700] {processor.py:836} INFO - DAG(s) dict_keys(['example_sensor_decorator']) retrieved from /Users/saiprasadreddykolan/airflow_venv/lib/python3.10/site-packages/airflow/example_dags/example_sensor_decorator.py
[2024-10-28T16:49:31.675-0700] {logging_mixin.py:150} INFO - [2024-10-28T16:49:31.675-0700] {dag.py:2742} INFO - Sync 1 DAGs
[2024-10-28T16:49:31.680-0700] {logging_mixin.py:150} INFO - [2024-10-28T16:49:31.680-0700] {dag.py:3504} INFO - Setting next_dagrun for example_sensor_decorator to None, run_after=None
[2024-10-28T16:49:31.687-0700] {processor.py:179} INFO - Processing /Users/saiprasadreddykolan/airflow_venv/lib/python3.10/site-packages/airflow/example_dags/example_sensor_decorator.py took 0.250 seconds
[2024-10-28T16:51:04.570-0700] {processor.py:157} INFO - Started process (PID=69291) to work on /Users/saiprasadreddykolan/airflow_venv/lib/python3.10/site-packages/airflow/example_dags/example_sensor_decorator.py
[2024-10-28T16:51:04.572-0700] {processor.py:826} INFO - Processing file /Users/saiprasadreddykolan/airflow_venv/lib/python3.10/site-packages/airflow/example_dags/example_sensor_decorator.py for tasks to queue
[2024-10-28T16:51:04.572-0700] {logging_mixin.py:150} INFO - [2024-10-28T16:51:04.572-0700] {dagbag.py:541} INFO - Filling up the DagBag from /Users/saiprasadreddykolan/airflow_venv/lib/python3.10/site-packages/airflow/example_dags/example_sensor_decorator.py
[2024-10-28T16:51:04.590-0700] {processor.py:836} INFO - DAG(s) dict_keys(['example_sensor_decorator']) retrieved from /Users/saiprasadreddykolan/airflow_venv/lib/python3.10/site-packages/airflow/example_dags/example_sensor_decorator.py
[2024-10-28T16:51:04.834-0700] {logging_mixin.py:150} INFO - [2024-10-28T16:51:04.834-0700] {dag.py:2742} INFO - Sync 1 DAGs
[2024-10-28T16:51:04.840-0700] {logging_mixin.py:150} INFO - [2024-10-28T16:51:04.840-0700] {dag.py:3504} INFO - Setting next_dagrun for example_sensor_decorator to None, run_after=None
[2024-10-28T16:51:04.846-0700] {processor.py:179} INFO - Processing /Users/saiprasadreddykolan/airflow_venv/lib/python3.10/site-packages/airflow/example_dags/example_sensor_decorator.py took 0.276 seconds
[2024-10-28T16:52:40.426-0700] {processor.py:157} INFO - Started process (PID=69357) to work on /Users/saiprasadreddykolan/airflow_venv/lib/python3.10/site-packages/airflow/example_dags/example_sensor_decorator.py
[2024-10-28T16:52:40.428-0700] {processor.py:826} INFO - Processing file /Users/saiprasadreddykolan/airflow_venv/lib/python3.10/site-packages/airflow/example_dags/example_sensor_decorator.py for tasks to queue
[2024-10-28T16:52:40.428-0700] {logging_mixin.py:150} INFO - [2024-10-28T16:52:40.428-0700] {dagbag.py:541} INFO - Filling up the DagBag from /Users/saiprasadreddykolan/airflow_venv/lib/python3.10/site-packages/airflow/example_dags/example_sensor_decorator.py
[2024-10-28T16:52:40.445-0700] {processor.py:836} INFO - DAG(s) dict_keys(['example_sensor_decorator']) retrieved from /Users/saiprasadreddykolan/airflow_venv/lib/python3.10/site-packages/airflow/example_dags/example_sensor_decorator.py
[2024-10-28T16:52:40.662-0700] {logging_mixin.py:150} INFO - [2024-10-28T16:52:40.662-0700] {dag.py:2742} INFO - Sync 1 DAGs
[2024-10-28T16:52:40.667-0700] {logging_mixin.py:150} INFO - [2024-10-28T16:52:40.667-0700] {dag.py:3504} INFO - Setting next_dagrun for example_sensor_decorator to None, run_after=None
[2024-10-28T16:52:40.673-0700] {processor.py:179} INFO - Processing /Users/saiprasadreddykolan/airflow_venv/lib/python3.10/site-packages/airflow/example_dags/example_sensor_decorator.py took 0.247 seconds
[2024-10-28T16:54:07.669-0700] {processor.py:157} INFO - Started process (PID=69433) to work on /Users/saiprasadreddykolan/airflow_venv/lib/python3.10/site-packages/airflow/example_dags/example_sensor_decorator.py
[2024-10-28T16:54:07.672-0700] {processor.py:826} INFO - Processing file /Users/saiprasadreddykolan/airflow_venv/lib/python3.10/site-packages/airflow/example_dags/example_sensor_decorator.py for tasks to queue
[2024-10-28T16:54:07.672-0700] {logging_mixin.py:150} INFO - [2024-10-28T16:54:07.672-0700] {dagbag.py:541} INFO - Filling up the DagBag from /Users/saiprasadreddykolan/airflow_venv/lib/python3.10/site-packages/airflow/example_dags/example_sensor_decorator.py
[2024-10-28T16:54:07.689-0700] {processor.py:836} INFO - DAG(s) dict_keys(['example_sensor_decorator']) retrieved from /Users/saiprasadreddykolan/airflow_venv/lib/python3.10/site-packages/airflow/example_dags/example_sensor_decorator.py
[2024-10-28T16:54:07.912-0700] {logging_mixin.py:150} INFO - [2024-10-28T16:54:07.912-0700] {dag.py:2742} INFO - Sync 1 DAGs
[2024-10-28T16:54:07.917-0700] {logging_mixin.py:150} INFO - [2024-10-28T16:54:07.917-0700] {dag.py:3504} INFO - Setting next_dagrun for example_sensor_decorator to None, run_after=None
[2024-10-28T16:54:07.925-0700] {processor.py:179} INFO - Processing /Users/saiprasadreddykolan/airflow_venv/lib/python3.10/site-packages/airflow/example_dags/example_sensor_decorator.py took 0.256 seconds
[2024-10-28T16:55:47.252-0700] {processor.py:157} INFO - Started process (PID=69506) to work on /Users/saiprasadreddykolan/airflow_venv/lib/python3.10/site-packages/airflow/example_dags/example_sensor_decorator.py
[2024-10-28T16:55:47.255-0700] {processor.py:826} INFO - Processing file /Users/saiprasadreddykolan/airflow_venv/lib/python3.10/site-packages/airflow/example_dags/example_sensor_decorator.py for tasks to queue
[2024-10-28T16:55:47.255-0700] {logging_mixin.py:150} INFO - [2024-10-28T16:55:47.255-0700] {dagbag.py:541} INFO - Filling up the DagBag from /Users/saiprasadreddykolan/airflow_venv/lib/python3.10/site-packages/airflow/example_dags/example_sensor_decorator.py
[2024-10-28T16:55:47.272-0700] {processor.py:836} INFO - DAG(s) dict_keys(['example_sensor_decorator']) retrieved from /Users/saiprasadreddykolan/airflow_venv/lib/python3.10/site-packages/airflow/example_dags/example_sensor_decorator.py
[2024-10-28T16:55:47.495-0700] {logging_mixin.py:150} INFO - [2024-10-28T16:55:47.495-0700] {dag.py:2742} INFO - Sync 1 DAGs
[2024-10-28T16:55:47.501-0700] {logging_mixin.py:150} INFO - [2024-10-28T16:55:47.501-0700] {dag.py:3504} INFO - Setting next_dagrun for example_sensor_decorator to None, run_after=None
[2024-10-28T16:55:47.507-0700] {processor.py:179} INFO - Processing /Users/saiprasadreddykolan/airflow_venv/lib/python3.10/site-packages/airflow/example_dags/example_sensor_decorator.py took 0.255 seconds
[2024-10-28T16:57:25.277-0700] {processor.py:157} INFO - Started process (PID=69581) to work on /Users/saiprasadreddykolan/airflow_venv/lib/python3.10/site-packages/airflow/example_dags/example_sensor_decorator.py
[2024-10-28T16:57:25.280-0700] {processor.py:826} INFO - Processing file /Users/saiprasadreddykolan/airflow_venv/lib/python3.10/site-packages/airflow/example_dags/example_sensor_decorator.py for tasks to queue
[2024-10-28T16:57:25.280-0700] {logging_mixin.py:150} INFO - [2024-10-28T16:57:25.280-0700] {dagbag.py:541} INFO - Filling up the DagBag from /Users/saiprasadreddykolan/airflow_venv/lib/python3.10/site-packages/airflow/example_dags/example_sensor_decorator.py
[2024-10-28T16:57:25.297-0700] {processor.py:836} INFO - DAG(s) dict_keys(['example_sensor_decorator']) retrieved from /Users/saiprasadreddykolan/airflow_venv/lib/python3.10/site-packages/airflow/example_dags/example_sensor_decorator.py
[2024-10-28T16:57:25.512-0700] {logging_mixin.py:150} INFO - [2024-10-28T16:57:25.512-0700] {dag.py:2742} INFO - Sync 1 DAGs
[2024-10-28T16:57:25.518-0700] {logging_mixin.py:150} INFO - [2024-10-28T16:57:25.518-0700] {dag.py:3504} INFO - Setting next_dagrun for example_sensor_decorator to None, run_after=None
[2024-10-28T16:57:25.523-0700] {processor.py:179} INFO - Processing /Users/saiprasadreddykolan/airflow_venv/lib/python3.10/site-packages/airflow/example_dags/example_sensor_decorator.py took 0.246 seconds
[2024-10-28T16:58:58.051-0700] {processor.py:157} INFO - Started process (PID=69665) to work on /Users/saiprasadreddykolan/airflow_venv/lib/python3.10/site-packages/airflow/example_dags/example_sensor_decorator.py
[2024-10-28T16:58:58.054-0700] {processor.py:826} INFO - Processing file /Users/saiprasadreddykolan/airflow_venv/lib/python3.10/site-packages/airflow/example_dags/example_sensor_decorator.py for tasks to queue
[2024-10-28T16:58:58.054-0700] {logging_mixin.py:150} INFO - [2024-10-28T16:58:58.054-0700] {dagbag.py:541} INFO - Filling up the DagBag from /Users/saiprasadreddykolan/airflow_venv/lib/python3.10/site-packages/airflow/example_dags/example_sensor_decorator.py
[2024-10-28T16:58:58.071-0700] {processor.py:836} INFO - DAG(s) dict_keys(['example_sensor_decorator']) retrieved from /Users/saiprasadreddykolan/airflow_venv/lib/python3.10/site-packages/airflow/example_dags/example_sensor_decorator.py
[2024-10-28T16:58:58.294-0700] {logging_mixin.py:150} INFO - [2024-10-28T16:58:58.294-0700] {dag.py:2742} INFO - Sync 1 DAGs
[2024-10-28T16:58:58.299-0700] {logging_mixin.py:150} INFO - [2024-10-28T16:58:58.299-0700] {dag.py:3504} INFO - Setting next_dagrun for example_sensor_decorator to None, run_after=None
[2024-10-28T16:58:58.305-0700] {processor.py:179} INFO - Processing /Users/saiprasadreddykolan/airflow_venv/lib/python3.10/site-packages/airflow/example_dags/example_sensor_decorator.py took 0.254 seconds
