[2024-10-28T16:43:21.196-0700] {processor.py:157} INFO - Started process (PID=68905) to work on /Users/saiprasadreddykolan/airflow_venv/lib/python3.10/site-packages/airflow/example_dags/example_task_group.py
[2024-10-28T16:43:21.197-0700] {processor.py:826} INFO - Processing file /Users/saiprasadreddykolan/airflow_venv/lib/python3.10/site-packages/airflow/example_dags/example_task_group.py for tasks to queue
[2024-10-28T16:43:21.198-0700] {logging_mixin.py:150} INFO - [2024-10-28T16:43:21.197-0700] {dagbag.py:541} INFO - Filling up the DagBag from /Users/saiprasadreddykolan/airflow_venv/lib/python3.10/site-packages/airflow/example_dags/example_task_group.py
[2024-10-28T16:43:21.205-0700] {processor.py:836} INFO - DAG(s) dict_keys(['example_task_group']) retrieved from /Users/saiprasadreddykolan/airflow_venv/lib/python3.10/site-packages/airflow/example_dags/example_task_group.py
[2024-10-28T16:43:21.445-0700] {logging_mixin.py:150} INFO - [2024-10-28T16:43:21.445-0700] {manager.py:504} INFO - Created Permission View: can delete on DAG:example_task_group
[2024-10-28T16:43:21.448-0700] {logging_mixin.py:150} INFO - [2024-10-28T16:43:21.448-0700] {manager.py:504} INFO - Created Permission View: can edit on DAG:example_task_group
[2024-10-28T16:43:21.449-0700] {logging_mixin.py:150} INFO - [2024-10-28T16:43:21.449-0700] {manager.py:504} INFO - Created Permission View: can read on DAG:example_task_group
[2024-10-28T16:43:21.453-0700] {logging_mixin.py:150} INFO - [2024-10-28T16:43:21.453-0700] {dag.py:2742} INFO - Sync 1 DAGs
[2024-10-28T16:43:21.456-0700] {logging_mixin.py:150} INFO - [2024-10-28T16:43:21.456-0700] {dag.py:2763} INFO - Creating ORM DAG for example_task_group
[2024-10-28T16:43:21.458-0700] {logging_mixin.py:150} INFO - [2024-10-28T16:43:21.458-0700] {dag.py:3504} INFO - Setting next_dagrun for example_task_group to 2024-10-27T23:43:21.458762+00:00, run_after=2024-10-28T23:43:21.458762+00:00
[2024-10-28T16:43:21.463-0700] {processor.py:179} INFO - Processing /Users/saiprasadreddykolan/airflow_venv/lib/python3.10/site-packages/airflow/example_dags/example_task_group.py took 0.268 seconds
[2024-10-28T16:44:41.151-0700] {processor.py:157} INFO - Started process (PID=68974) to work on /Users/saiprasadreddykolan/airflow_venv/lib/python3.10/site-packages/airflow/example_dags/example_task_group.py
[2024-10-28T16:44:41.153-0700] {processor.py:826} INFO - Processing file /Users/saiprasadreddykolan/airflow_venv/lib/python3.10/site-packages/airflow/example_dags/example_task_group.py for tasks to queue
[2024-10-28T16:44:41.153-0700] {logging_mixin.py:150} INFO - [2024-10-28T16:44:41.153-0700] {dagbag.py:541} INFO - Filling up the DagBag from /Users/saiprasadreddykolan/airflow_venv/lib/python3.10/site-packages/airflow/example_dags/example_task_group.py
[2024-10-28T16:44:41.162-0700] {processor.py:836} INFO - DAG(s) dict_keys(['example_task_group']) retrieved from /Users/saiprasadreddykolan/airflow_venv/lib/python3.10/site-packages/airflow/example_dags/example_task_group.py
[2024-10-28T16:44:41.449-0700] {logging_mixin.py:150} INFO - [2024-10-28T16:44:41.449-0700] {dag.py:2742} INFO - Sync 1 DAGs
[2024-10-28T16:44:41.455-0700] {logging_mixin.py:150} INFO - [2024-10-28T16:44:41.455-0700] {dag.py:3504} INFO - Setting next_dagrun for example_task_group to 2024-10-27T23:44:41.455075+00:00, run_after=2024-10-28T23:44:41.455075+00:00
[2024-10-28T16:44:41.463-0700] {processor.py:179} INFO - Processing /Users/saiprasadreddykolan/airflow_venv/lib/python3.10/site-packages/airflow/example_dags/example_task_group.py took 0.313 seconds
[2024-10-28T16:46:14.782-0700] {processor.py:157} INFO - Started process (PID=69055) to work on /Users/saiprasadreddykolan/airflow_venv/lib/python3.10/site-packages/airflow/example_dags/example_task_group.py
[2024-10-28T16:46:14.784-0700] {processor.py:826} INFO - Processing file /Users/saiprasadreddykolan/airflow_venv/lib/python3.10/site-packages/airflow/example_dags/example_task_group.py for tasks to queue
[2024-10-28T16:46:14.784-0700] {logging_mixin.py:150} INFO - [2024-10-28T16:46:14.784-0700] {dagbag.py:541} INFO - Filling up the DagBag from /Users/saiprasadreddykolan/airflow_venv/lib/python3.10/site-packages/airflow/example_dags/example_task_group.py
[2024-10-28T16:46:14.791-0700] {processor.py:836} INFO - DAG(s) dict_keys(['example_task_group']) retrieved from /Users/saiprasadreddykolan/airflow_venv/lib/python3.10/site-packages/airflow/example_dags/example_task_group.py
[2024-10-28T16:46:15.013-0700] {logging_mixin.py:150} INFO - [2024-10-28T16:46:15.013-0700] {dag.py:2742} INFO - Sync 1 DAGs
[2024-10-28T16:46:15.019-0700] {logging_mixin.py:150} INFO - [2024-10-28T16:46:15.019-0700] {dag.py:3504} INFO - Setting next_dagrun for example_task_group to 2024-10-27T23:46:15.019009+00:00, run_after=2024-10-28T23:46:15.019009+00:00
[2024-10-28T16:46:15.025-0700] {processor.py:179} INFO - Processing /Users/saiprasadreddykolan/airflow_venv/lib/python3.10/site-packages/airflow/example_dags/example_task_group.py took 0.243 seconds
[2024-10-28T16:47:45.405-0700] {processor.py:157} INFO - Started process (PID=69140) to work on /Users/saiprasadreddykolan/airflow_venv/lib/python3.10/site-packages/airflow/example_dags/example_task_group.py
[2024-10-28T16:47:45.407-0700] {processor.py:826} INFO - Processing file /Users/saiprasadreddykolan/airflow_venv/lib/python3.10/site-packages/airflow/example_dags/example_task_group.py for tasks to queue
[2024-10-28T16:47:45.408-0700] {logging_mixin.py:150} INFO - [2024-10-28T16:47:45.408-0700] {dagbag.py:541} INFO - Filling up the DagBag from /Users/saiprasadreddykolan/airflow_venv/lib/python3.10/site-packages/airflow/example_dags/example_task_group.py
[2024-10-28T16:47:45.416-0700] {processor.py:836} INFO - DAG(s) dict_keys(['example_task_group']) retrieved from /Users/saiprasadreddykolan/airflow_venv/lib/python3.10/site-packages/airflow/example_dags/example_task_group.py
[2024-10-28T16:47:45.649-0700] {logging_mixin.py:150} INFO - [2024-10-28T16:47:45.648-0700] {dag.py:2742} INFO - Sync 1 DAGs
[2024-10-28T16:47:45.656-0700] {logging_mixin.py:150} INFO - [2024-10-28T16:47:45.656-0700] {dag.py:3504} INFO - Setting next_dagrun for example_task_group to 2024-10-27T23:47:45.656448+00:00, run_after=2024-10-28T23:47:45.656448+00:00
[2024-10-28T16:47:45.663-0700] {processor.py:179} INFO - Processing /Users/saiprasadreddykolan/airflow_venv/lib/python3.10/site-packages/airflow/example_dags/example_task_group.py took 0.258 seconds
[2024-10-28T16:49:17.883-0700] {processor.py:157} INFO - Started process (PID=69216) to work on /Users/saiprasadreddykolan/airflow_venv/lib/python3.10/site-packages/airflow/example_dags/example_task_group.py
[2024-10-28T16:49:17.884-0700] {processor.py:826} INFO - Processing file /Users/saiprasadreddykolan/airflow_venv/lib/python3.10/site-packages/airflow/example_dags/example_task_group.py for tasks to queue
[2024-10-28T16:49:17.885-0700] {logging_mixin.py:150} INFO - [2024-10-28T16:49:17.885-0700] {dagbag.py:541} INFO - Filling up the DagBag from /Users/saiprasadreddykolan/airflow_venv/lib/python3.10/site-packages/airflow/example_dags/example_task_group.py
[2024-10-28T16:49:17.892-0700] {processor.py:836} INFO - DAG(s) dict_keys(['example_task_group']) retrieved from /Users/saiprasadreddykolan/airflow_venv/lib/python3.10/site-packages/airflow/example_dags/example_task_group.py
[2024-10-28T16:49:18.110-0700] {logging_mixin.py:150} INFO - [2024-10-28T16:49:18.110-0700] {dag.py:2742} INFO - Sync 1 DAGs
[2024-10-28T16:49:18.116-0700] {logging_mixin.py:150} INFO - [2024-10-28T16:49:18.116-0700] {dag.py:3504} INFO - Setting next_dagrun for example_task_group to 2024-10-27T23:49:18.116015+00:00, run_after=2024-10-28T23:49:18.116015+00:00
[2024-10-28T16:49:18.122-0700] {processor.py:179} INFO - Processing /Users/saiprasadreddykolan/airflow_venv/lib/python3.10/site-packages/airflow/example_dags/example_task_group.py took 0.240 seconds
[2024-10-28T16:50:48.856-0700] {processor.py:157} INFO - Started process (PID=69281) to work on /Users/saiprasadreddykolan/airflow_venv/lib/python3.10/site-packages/airflow/example_dags/example_task_group.py
[2024-10-28T16:50:48.859-0700] {processor.py:826} INFO - Processing file /Users/saiprasadreddykolan/airflow_venv/lib/python3.10/site-packages/airflow/example_dags/example_task_group.py for tasks to queue
[2024-10-28T16:50:48.859-0700] {logging_mixin.py:150} INFO - [2024-10-28T16:50:48.859-0700] {dagbag.py:541} INFO - Filling up the DagBag from /Users/saiprasadreddykolan/airflow_venv/lib/python3.10/site-packages/airflow/example_dags/example_task_group.py
[2024-10-28T16:50:48.866-0700] {processor.py:836} INFO - DAG(s) dict_keys(['example_task_group']) retrieved from /Users/saiprasadreddykolan/airflow_venv/lib/python3.10/site-packages/airflow/example_dags/example_task_group.py
[2024-10-28T16:50:49.089-0700] {logging_mixin.py:150} INFO - [2024-10-28T16:50:49.089-0700] {dag.py:2742} INFO - Sync 1 DAGs
[2024-10-28T16:50:49.095-0700] {logging_mixin.py:150} INFO - [2024-10-28T16:50:49.095-0700] {dag.py:3504} INFO - Setting next_dagrun for example_task_group to 2024-10-27T23:50:49.095171+00:00, run_after=2024-10-28T23:50:49.095171+00:00
[2024-10-28T16:50:49.103-0700] {processor.py:179} INFO - Processing /Users/saiprasadreddykolan/airflow_venv/lib/python3.10/site-packages/airflow/example_dags/example_task_group.py took 0.247 seconds
[2024-10-28T16:52:24.702-0700] {processor.py:157} INFO - Started process (PID=69346) to work on /Users/saiprasadreddykolan/airflow_venv/lib/python3.10/site-packages/airflow/example_dags/example_task_group.py
[2024-10-28T16:52:24.704-0700] {processor.py:826} INFO - Processing file /Users/saiprasadreddykolan/airflow_venv/lib/python3.10/site-packages/airflow/example_dags/example_task_group.py for tasks to queue
[2024-10-28T16:52:24.704-0700] {logging_mixin.py:150} INFO - [2024-10-28T16:52:24.704-0700] {dagbag.py:541} INFO - Filling up the DagBag from /Users/saiprasadreddykolan/airflow_venv/lib/python3.10/site-packages/airflow/example_dags/example_task_group.py
[2024-10-28T16:52:24.712-0700] {processor.py:836} INFO - DAG(s) dict_keys(['example_task_group']) retrieved from /Users/saiprasadreddykolan/airflow_venv/lib/python3.10/site-packages/airflow/example_dags/example_task_group.py
[2024-10-28T16:52:24.944-0700] {logging_mixin.py:150} INFO - [2024-10-28T16:52:24.944-0700] {dag.py:2742} INFO - Sync 1 DAGs
[2024-10-28T16:52:24.950-0700] {logging_mixin.py:150} INFO - [2024-10-28T16:52:24.950-0700] {dag.py:3504} INFO - Setting next_dagrun for example_task_group to 2024-10-27T23:52:24.949971+00:00, run_after=2024-10-28T23:52:24.949971+00:00
[2024-10-28T16:52:24.956-0700] {processor.py:179} INFO - Processing /Users/saiprasadreddykolan/airflow_venv/lib/python3.10/site-packages/airflow/example_dags/example_task_group.py took 0.254 seconds
[2024-10-28T16:53:53.410-0700] {processor.py:157} INFO - Started process (PID=69424) to work on /Users/saiprasadreddykolan/airflow_venv/lib/python3.10/site-packages/airflow/example_dags/example_task_group.py
[2024-10-28T16:53:53.411-0700] {processor.py:826} INFO - Processing file /Users/saiprasadreddykolan/airflow_venv/lib/python3.10/site-packages/airflow/example_dags/example_task_group.py for tasks to queue
[2024-10-28T16:53:53.412-0700] {logging_mixin.py:150} INFO - [2024-10-28T16:53:53.412-0700] {dagbag.py:541} INFO - Filling up the DagBag from /Users/saiprasadreddykolan/airflow_venv/lib/python3.10/site-packages/airflow/example_dags/example_task_group.py
[2024-10-28T16:53:53.424-0700] {processor.py:836} INFO - DAG(s) dict_keys(['example_task_group']) retrieved from /Users/saiprasadreddykolan/airflow_venv/lib/python3.10/site-packages/airflow/example_dags/example_task_group.py
[2024-10-28T16:53:53.648-0700] {logging_mixin.py:150} INFO - [2024-10-28T16:53:53.647-0700] {dag.py:2742} INFO - Sync 1 DAGs
[2024-10-28T16:53:53.655-0700] {logging_mixin.py:150} INFO - [2024-10-28T16:53:53.654-0700] {dag.py:3504} INFO - Setting next_dagrun for example_task_group to 2024-10-27T23:53:53.654891+00:00, run_after=2024-10-28T23:53:53.654891+00:00
[2024-10-28T16:53:53.661-0700] {processor.py:179} INFO - Processing /Users/saiprasadreddykolan/airflow_venv/lib/python3.10/site-packages/airflow/example_dags/example_task_group.py took 0.252 seconds
[2024-10-28T16:55:31.567-0700] {processor.py:157} INFO - Started process (PID=69497) to work on /Users/saiprasadreddykolan/airflow_venv/lib/python3.10/site-packages/airflow/example_dags/example_task_group.py
[2024-10-28T16:55:31.569-0700] {processor.py:826} INFO - Processing file /Users/saiprasadreddykolan/airflow_venv/lib/python3.10/site-packages/airflow/example_dags/example_task_group.py for tasks to queue
[2024-10-28T16:55:31.569-0700] {logging_mixin.py:150} INFO - [2024-10-28T16:55:31.569-0700] {dagbag.py:541} INFO - Filling up the DagBag from /Users/saiprasadreddykolan/airflow_venv/lib/python3.10/site-packages/airflow/example_dags/example_task_group.py
[2024-10-28T16:55:31.576-0700] {processor.py:836} INFO - DAG(s) dict_keys(['example_task_group']) retrieved from /Users/saiprasadreddykolan/airflow_venv/lib/python3.10/site-packages/airflow/example_dags/example_task_group.py
[2024-10-28T16:55:31.795-0700] {logging_mixin.py:150} INFO - [2024-10-28T16:55:31.795-0700] {dag.py:2742} INFO - Sync 1 DAGs
[2024-10-28T16:55:31.801-0700] {logging_mixin.py:150} INFO - [2024-10-28T16:55:31.800-0700] {dag.py:3504} INFO - Setting next_dagrun for example_task_group to 2024-10-27T23:55:31.800934+00:00, run_after=2024-10-28T23:55:31.800934+00:00
[2024-10-28T16:55:31.807-0700] {processor.py:179} INFO - Processing /Users/saiprasadreddykolan/airflow_venv/lib/python3.10/site-packages/airflow/example_dags/example_task_group.py took 0.241 seconds
[2024-10-28T16:57:11.193-0700] {processor.py:157} INFO - Started process (PID=69571) to work on /Users/saiprasadreddykolan/airflow_venv/lib/python3.10/site-packages/airflow/example_dags/example_task_group.py
[2024-10-28T16:57:11.196-0700] {processor.py:826} INFO - Processing file /Users/saiprasadreddykolan/airflow_venv/lib/python3.10/site-packages/airflow/example_dags/example_task_group.py for tasks to queue
[2024-10-28T16:57:11.196-0700] {logging_mixin.py:150} INFO - [2024-10-28T16:57:11.196-0700] {dagbag.py:541} INFO - Filling up the DagBag from /Users/saiprasadreddykolan/airflow_venv/lib/python3.10/site-packages/airflow/example_dags/example_task_group.py
[2024-10-28T16:57:11.204-0700] {processor.py:836} INFO - DAG(s) dict_keys(['example_task_group']) retrieved from /Users/saiprasadreddykolan/airflow_venv/lib/python3.10/site-packages/airflow/example_dags/example_task_group.py
[2024-10-28T16:57:11.449-0700] {logging_mixin.py:150} INFO - [2024-10-28T16:57:11.449-0700] {dag.py:2742} INFO - Sync 1 DAGs
[2024-10-28T16:57:11.456-0700] {logging_mixin.py:150} INFO - [2024-10-28T16:57:11.456-0700] {dag.py:3504} INFO - Setting next_dagrun for example_task_group to 2024-10-27T23:57:11.456087+00:00, run_after=2024-10-28T23:57:11.456087+00:00
[2024-10-28T16:57:11.463-0700] {processor.py:179} INFO - Processing /Users/saiprasadreddykolan/airflow_venv/lib/python3.10/site-packages/airflow/example_dags/example_task_group.py took 0.270 seconds
[2024-10-28T16:58:42.383-0700] {processor.py:157} INFO - Started process (PID=69655) to work on /Users/saiprasadreddykolan/airflow_venv/lib/python3.10/site-packages/airflow/example_dags/example_task_group.py
[2024-10-28T16:58:42.385-0700] {processor.py:826} INFO - Processing file /Users/saiprasadreddykolan/airflow_venv/lib/python3.10/site-packages/airflow/example_dags/example_task_group.py for tasks to queue
[2024-10-28T16:58:42.385-0700] {logging_mixin.py:150} INFO - [2024-10-28T16:58:42.385-0700] {dagbag.py:541} INFO - Filling up the DagBag from /Users/saiprasadreddykolan/airflow_venv/lib/python3.10/site-packages/airflow/example_dags/example_task_group.py
[2024-10-28T16:58:42.392-0700] {processor.py:836} INFO - DAG(s) dict_keys(['example_task_group']) retrieved from /Users/saiprasadreddykolan/airflow_venv/lib/python3.10/site-packages/airflow/example_dags/example_task_group.py
[2024-10-28T16:58:42.615-0700] {logging_mixin.py:150} INFO - [2024-10-28T16:58:42.615-0700] {dag.py:2742} INFO - Sync 1 DAGs
[2024-10-28T16:58:42.622-0700] {logging_mixin.py:150} INFO - [2024-10-28T16:58:42.622-0700] {dag.py:3504} INFO - Setting next_dagrun for example_task_group to 2024-10-27T23:58:42.622725+00:00, run_after=2024-10-28T23:58:42.622725+00:00
[2024-10-28T16:58:42.631-0700] {processor.py:179} INFO - Processing /Users/saiprasadreddykolan/airflow_venv/lib/python3.10/site-packages/airflow/example_dags/example_task_group.py took 0.249 seconds
