[2024-10-28T16:43:26.501-0700] {processor.py:157} INFO - Started process (PID=68908) to work on /Users/saiprasadreddykolan/airflow_venv/lib/python3.10/site-packages/airflow/example_dags/example_skip_dag.py
[2024-10-28T16:43:26.502-0700] {processor.py:826} INFO - Processing file /Users/saiprasadreddykolan/airflow_venv/lib/python3.10/site-packages/airflow/example_dags/example_skip_dag.py for tasks to queue
[2024-10-28T16:43:26.503-0700] {logging_mixin.py:150} INFO - [2024-10-28T16:43:26.502-0700] {dagbag.py:541} INFO - Filling up the DagBag from /Users/saiprasadreddykolan/airflow_venv/lib/python3.10/site-packages/airflow/example_dags/example_skip_dag.py
[2024-10-28T16:43:26.509-0700] {processor.py:836} INFO - DAG(s) dict_keys(['example_skip_dag']) retrieved from /Users/saiprasadreddykolan/airflow_venv/lib/python3.10/site-packages/airflow/example_dags/example_skip_dag.py
[2024-10-28T16:43:26.754-0700] {logging_mixin.py:150} INFO - [2024-10-28T16:43:26.754-0700] {manager.py:504} INFO - Created Permission View: can read on DAG:example_skip_dag
[2024-10-28T16:43:26.757-0700] {logging_mixin.py:150} INFO - [2024-10-28T16:43:26.757-0700] {manager.py:504} INFO - Created Permission View: can edit on DAG:example_skip_dag
[2024-10-28T16:43:26.759-0700] {logging_mixin.py:150} INFO - [2024-10-28T16:43:26.759-0700] {manager.py:504} INFO - Created Permission View: can delete on DAG:example_skip_dag
[2024-10-28T16:43:26.762-0700] {logging_mixin.py:150} INFO - [2024-10-28T16:43:26.762-0700] {dag.py:2742} INFO - Sync 1 DAGs
[2024-10-28T16:43:26.765-0700] {logging_mixin.py:150} INFO - [2024-10-28T16:43:26.765-0700] {dag.py:2763} INFO - Creating ORM DAG for example_skip_dag
[2024-10-28T16:43:26.768-0700] {logging_mixin.py:150} INFO - [2024-10-28T16:43:26.768-0700] {dag.py:3504} INFO - Setting next_dagrun for example_skip_dag to 2024-10-27T23:43:26.768017+00:00, run_after=2024-10-28T23:43:26.768017+00:00
[2024-10-28T16:43:26.773-0700] {processor.py:179} INFO - Processing /Users/saiprasadreddykolan/airflow_venv/lib/python3.10/site-packages/airflow/example_dags/example_skip_dag.py took 0.273 seconds
[2024-10-28T16:44:46.209-0700] {processor.py:157} INFO - Started process (PID=68978) to work on /Users/saiprasadreddykolan/airflow_venv/lib/python3.10/site-packages/airflow/example_dags/example_skip_dag.py
[2024-10-28T16:44:46.211-0700] {processor.py:826} INFO - Processing file /Users/saiprasadreddykolan/airflow_venv/lib/python3.10/site-packages/airflow/example_dags/example_skip_dag.py for tasks to queue
[2024-10-28T16:44:46.212-0700] {logging_mixin.py:150} INFO - [2024-10-28T16:44:46.212-0700] {dagbag.py:541} INFO - Filling up the DagBag from /Users/saiprasadreddykolan/airflow_venv/lib/python3.10/site-packages/airflow/example_dags/example_skip_dag.py
[2024-10-28T16:44:46.224-0700] {processor.py:836} INFO - DAG(s) dict_keys(['example_skip_dag']) retrieved from /Users/saiprasadreddykolan/airflow_venv/lib/python3.10/site-packages/airflow/example_dags/example_skip_dag.py
[2024-10-28T16:44:46.484-0700] {logging_mixin.py:150} INFO - [2024-10-28T16:44:46.484-0700] {dag.py:2742} INFO - Sync 1 DAGs
[2024-10-28T16:44:46.490-0700] {logging_mixin.py:150} INFO - [2024-10-28T16:44:46.490-0700] {dag.py:3504} INFO - Setting next_dagrun for example_skip_dag to 2024-10-27T23:44:46.489963+00:00, run_after=2024-10-28T23:44:46.489963+00:00
[2024-10-28T16:44:46.496-0700] {processor.py:179} INFO - Processing /Users/saiprasadreddykolan/airflow_venv/lib/python3.10/site-packages/airflow/example_dags/example_skip_dag.py took 0.287 seconds
[2024-10-28T16:46:19.661-0700] {processor.py:157} INFO - Started process (PID=69060) to work on /Users/saiprasadreddykolan/airflow_venv/lib/python3.10/site-packages/airflow/example_dags/example_skip_dag.py
[2024-10-28T16:46:19.663-0700] {processor.py:826} INFO - Processing file /Users/saiprasadreddykolan/airflow_venv/lib/python3.10/site-packages/airflow/example_dags/example_skip_dag.py for tasks to queue
[2024-10-28T16:46:19.663-0700] {logging_mixin.py:150} INFO - [2024-10-28T16:46:19.663-0700] {dagbag.py:541} INFO - Filling up the DagBag from /Users/saiprasadreddykolan/airflow_venv/lib/python3.10/site-packages/airflow/example_dags/example_skip_dag.py
[2024-10-28T16:46:19.671-0700] {processor.py:836} INFO - DAG(s) dict_keys(['example_skip_dag']) retrieved from /Users/saiprasadreddykolan/airflow_venv/lib/python3.10/site-packages/airflow/example_dags/example_skip_dag.py
[2024-10-28T16:46:19.906-0700] {logging_mixin.py:150} INFO - [2024-10-28T16:46:19.906-0700] {dag.py:2742} INFO - Sync 1 DAGs
[2024-10-28T16:46:19.911-0700] {logging_mixin.py:150} INFO - [2024-10-28T16:46:19.911-0700] {dag.py:3504} INFO - Setting next_dagrun for example_skip_dag to 2024-10-27T23:46:19.911836+00:00, run_after=2024-10-28T23:46:19.911836+00:00
[2024-10-28T16:46:19.918-0700] {processor.py:179} INFO - Processing /Users/saiprasadreddykolan/airflow_venv/lib/python3.10/site-packages/airflow/example_dags/example_skip_dag.py took 0.257 seconds
[2024-10-28T16:47:50.193-0700] {processor.py:157} INFO - Started process (PID=69143) to work on /Users/saiprasadreddykolan/airflow_venv/lib/python3.10/site-packages/airflow/example_dags/example_skip_dag.py
[2024-10-28T16:47:50.196-0700] {processor.py:826} INFO - Processing file /Users/saiprasadreddykolan/airflow_venv/lib/python3.10/site-packages/airflow/example_dags/example_skip_dag.py for tasks to queue
[2024-10-28T16:47:50.196-0700] {logging_mixin.py:150} INFO - [2024-10-28T16:47:50.196-0700] {dagbag.py:541} INFO - Filling up the DagBag from /Users/saiprasadreddykolan/airflow_venv/lib/python3.10/site-packages/airflow/example_dags/example_skip_dag.py
[2024-10-28T16:47:50.203-0700] {processor.py:836} INFO - DAG(s) dict_keys(['example_skip_dag']) retrieved from /Users/saiprasadreddykolan/airflow_venv/lib/python3.10/site-packages/airflow/example_dags/example_skip_dag.py
[2024-10-28T16:47:50.434-0700] {logging_mixin.py:150} INFO - [2024-10-28T16:47:50.434-0700] {dag.py:2742} INFO - Sync 1 DAGs
[2024-10-28T16:47:50.440-0700] {logging_mixin.py:150} INFO - [2024-10-28T16:47:50.440-0700] {dag.py:3504} INFO - Setting next_dagrun for example_skip_dag to 2024-10-27T23:47:50.440244+00:00, run_after=2024-10-28T23:47:50.440244+00:00
[2024-10-28T16:47:50.446-0700] {processor.py:179} INFO - Processing /Users/saiprasadreddykolan/airflow_venv/lib/python3.10/site-packages/airflow/example_dags/example_skip_dag.py took 0.253 seconds
[2024-10-28T16:49:22.490-0700] {processor.py:157} INFO - Started process (PID=69220) to work on /Users/saiprasadreddykolan/airflow_venv/lib/python3.10/site-packages/airflow/example_dags/example_skip_dag.py
[2024-10-28T16:49:22.491-0700] {processor.py:826} INFO - Processing file /Users/saiprasadreddykolan/airflow_venv/lib/python3.10/site-packages/airflow/example_dags/example_skip_dag.py for tasks to queue
[2024-10-28T16:49:22.492-0700] {logging_mixin.py:150} INFO - [2024-10-28T16:49:22.492-0700] {dagbag.py:541} INFO - Filling up the DagBag from /Users/saiprasadreddykolan/airflow_venv/lib/python3.10/site-packages/airflow/example_dags/example_skip_dag.py
[2024-10-28T16:49:22.498-0700] {processor.py:836} INFO - DAG(s) dict_keys(['example_skip_dag']) retrieved from /Users/saiprasadreddykolan/airflow_venv/lib/python3.10/site-packages/airflow/example_dags/example_skip_dag.py
[2024-10-28T16:49:22.721-0700] {logging_mixin.py:150} INFO - [2024-10-28T16:49:22.721-0700] {dag.py:2742} INFO - Sync 1 DAGs
[2024-10-28T16:49:22.727-0700] {logging_mixin.py:150} INFO - [2024-10-28T16:49:22.727-0700] {dag.py:3504} INFO - Setting next_dagrun for example_skip_dag to 2024-10-27T23:49:22.727524+00:00, run_after=2024-10-28T23:49:22.727524+00:00
[2024-10-28T16:49:22.734-0700] {processor.py:179} INFO - Processing /Users/saiprasadreddykolan/airflow_venv/lib/python3.10/site-packages/airflow/example_dags/example_skip_dag.py took 0.244 seconds
[2024-10-28T16:50:54.166-0700] {processor.py:157} INFO - Started process (PID=69284) to work on /Users/saiprasadreddykolan/airflow_venv/lib/python3.10/site-packages/airflow/example_dags/example_skip_dag.py
[2024-10-28T16:50:54.167-0700] {processor.py:826} INFO - Processing file /Users/saiprasadreddykolan/airflow_venv/lib/python3.10/site-packages/airflow/example_dags/example_skip_dag.py for tasks to queue
[2024-10-28T16:50:54.168-0700] {logging_mixin.py:150} INFO - [2024-10-28T16:50:54.168-0700] {dagbag.py:541} INFO - Filling up the DagBag from /Users/saiprasadreddykolan/airflow_venv/lib/python3.10/site-packages/airflow/example_dags/example_skip_dag.py
[2024-10-28T16:50:54.174-0700] {processor.py:836} INFO - DAG(s) dict_keys(['example_skip_dag']) retrieved from /Users/saiprasadreddykolan/airflow_venv/lib/python3.10/site-packages/airflow/example_dags/example_skip_dag.py
[2024-10-28T16:50:54.399-0700] {logging_mixin.py:150} INFO - [2024-10-28T16:50:54.399-0700] {dag.py:2742} INFO - Sync 1 DAGs
[2024-10-28T16:50:54.405-0700] {logging_mixin.py:150} INFO - [2024-10-28T16:50:54.405-0700] {dag.py:3504} INFO - Setting next_dagrun for example_skip_dag to 2024-10-27T23:50:54.405519+00:00, run_after=2024-10-28T23:50:54.405519+00:00
[2024-10-28T16:50:54.412-0700] {processor.py:179} INFO - Processing /Users/saiprasadreddykolan/airflow_venv/lib/python3.10/site-packages/airflow/example_dags/example_skip_dag.py took 0.246 seconds
[2024-10-28T16:52:29.973-0700] {processor.py:157} INFO - Started process (PID=69350) to work on /Users/saiprasadreddykolan/airflow_venv/lib/python3.10/site-packages/airflow/example_dags/example_skip_dag.py
[2024-10-28T16:52:29.976-0700] {processor.py:826} INFO - Processing file /Users/saiprasadreddykolan/airflow_venv/lib/python3.10/site-packages/airflow/example_dags/example_skip_dag.py for tasks to queue
[2024-10-28T16:52:29.976-0700] {logging_mixin.py:150} INFO - [2024-10-28T16:52:29.976-0700] {dagbag.py:541} INFO - Filling up the DagBag from /Users/saiprasadreddykolan/airflow_venv/lib/python3.10/site-packages/airflow/example_dags/example_skip_dag.py
[2024-10-28T16:52:29.982-0700] {processor.py:836} INFO - DAG(s) dict_keys(['example_skip_dag']) retrieved from /Users/saiprasadreddykolan/airflow_venv/lib/python3.10/site-packages/airflow/example_dags/example_skip_dag.py
[2024-10-28T16:52:30.201-0700] {logging_mixin.py:150} INFO - [2024-10-28T16:52:30.201-0700] {dag.py:2742} INFO - Sync 1 DAGs
[2024-10-28T16:52:30.207-0700] {logging_mixin.py:150} INFO - [2024-10-28T16:52:30.207-0700] {dag.py:3504} INFO - Setting next_dagrun for example_skip_dag to 2024-10-27T23:52:30.207076+00:00, run_after=2024-10-28T23:52:30.207076+00:00
[2024-10-28T16:52:30.214-0700] {processor.py:179} INFO - Processing /Users/saiprasadreddykolan/airflow_venv/lib/python3.10/site-packages/airflow/example_dags/example_skip_dag.py took 0.241 seconds
[2024-10-28T16:53:58.566-0700] {processor.py:157} INFO - Started process (PID=69427) to work on /Users/saiprasadreddykolan/airflow_venv/lib/python3.10/site-packages/airflow/example_dags/example_skip_dag.py
[2024-10-28T16:53:58.569-0700] {processor.py:826} INFO - Processing file /Users/saiprasadreddykolan/airflow_venv/lib/python3.10/site-packages/airflow/example_dags/example_skip_dag.py for tasks to queue
[2024-10-28T16:53:58.569-0700] {logging_mixin.py:150} INFO - [2024-10-28T16:53:58.569-0700] {dagbag.py:541} INFO - Filling up the DagBag from /Users/saiprasadreddykolan/airflow_venv/lib/python3.10/site-packages/airflow/example_dags/example_skip_dag.py
[2024-10-28T16:53:58.576-0700] {processor.py:836} INFO - DAG(s) dict_keys(['example_skip_dag']) retrieved from /Users/saiprasadreddykolan/airflow_venv/lib/python3.10/site-packages/airflow/example_dags/example_skip_dag.py
[2024-10-28T16:53:58.811-0700] {logging_mixin.py:150} INFO - [2024-10-28T16:53:58.811-0700] {dag.py:2742} INFO - Sync 1 DAGs
[2024-10-28T16:53:58.817-0700] {logging_mixin.py:150} INFO - [2024-10-28T16:53:58.816-0700] {dag.py:3504} INFO - Setting next_dagrun for example_skip_dag to 2024-10-27T23:53:58.816884+00:00, run_after=2024-10-28T23:53:58.816884+00:00
[2024-10-28T16:53:58.823-0700] {processor.py:179} INFO - Processing /Users/saiprasadreddykolan/airflow_venv/lib/python3.10/site-packages/airflow/example_dags/example_skip_dag.py took 0.257 seconds
[2024-10-28T16:55:36.800-0700] {processor.py:157} INFO - Started process (PID=69500) to work on /Users/saiprasadreddykolan/airflow_venv/lib/python3.10/site-packages/airflow/example_dags/example_skip_dag.py
[2024-10-28T16:55:36.802-0700] {processor.py:826} INFO - Processing file /Users/saiprasadreddykolan/airflow_venv/lib/python3.10/site-packages/airflow/example_dags/example_skip_dag.py for tasks to queue
[2024-10-28T16:55:36.802-0700] {logging_mixin.py:150} INFO - [2024-10-28T16:55:36.802-0700] {dagbag.py:541} INFO - Filling up the DagBag from /Users/saiprasadreddykolan/airflow_venv/lib/python3.10/site-packages/airflow/example_dags/example_skip_dag.py
[2024-10-28T16:55:36.809-0700] {processor.py:836} INFO - DAG(s) dict_keys(['example_skip_dag']) retrieved from /Users/saiprasadreddykolan/airflow_venv/lib/python3.10/site-packages/airflow/example_dags/example_skip_dag.py
[2024-10-28T16:55:37.030-0700] {logging_mixin.py:150} INFO - [2024-10-28T16:55:37.030-0700] {dag.py:2742} INFO - Sync 1 DAGs
[2024-10-28T16:55:37.036-0700] {logging_mixin.py:150} INFO - [2024-10-28T16:55:37.036-0700] {dag.py:3504} INFO - Setting next_dagrun for example_skip_dag to 2024-10-27T23:55:37.035968+00:00, run_after=2024-10-28T23:55:37.035968+00:00
[2024-10-28T16:55:37.043-0700] {processor.py:179} INFO - Processing /Users/saiprasadreddykolan/airflow_venv/lib/python3.10/site-packages/airflow/example_dags/example_skip_dag.py took 0.243 seconds
[2024-10-28T16:57:16.018-0700] {processor.py:157} INFO - Started process (PID=69574) to work on /Users/saiprasadreddykolan/airflow_venv/lib/python3.10/site-packages/airflow/example_dags/example_skip_dag.py
[2024-10-28T16:57:16.020-0700] {processor.py:826} INFO - Processing file /Users/saiprasadreddykolan/airflow_venv/lib/python3.10/site-packages/airflow/example_dags/example_skip_dag.py for tasks to queue
[2024-10-28T16:57:16.020-0700] {logging_mixin.py:150} INFO - [2024-10-28T16:57:16.020-0700] {dagbag.py:541} INFO - Filling up the DagBag from /Users/saiprasadreddykolan/airflow_venv/lib/python3.10/site-packages/airflow/example_dags/example_skip_dag.py
[2024-10-28T16:57:16.027-0700] {processor.py:836} INFO - DAG(s) dict_keys(['example_skip_dag']) retrieved from /Users/saiprasadreddykolan/airflow_venv/lib/python3.10/site-packages/airflow/example_dags/example_skip_dag.py
[2024-10-28T16:57:16.249-0700] {logging_mixin.py:150} INFO - [2024-10-28T16:57:16.249-0700] {dag.py:2742} INFO - Sync 1 DAGs
[2024-10-28T16:57:16.255-0700] {logging_mixin.py:150} INFO - [2024-10-28T16:57:16.255-0700] {dag.py:3504} INFO - Setting next_dagrun for example_skip_dag to 2024-10-27T23:57:16.255131+00:00, run_after=2024-10-28T23:57:16.255131+00:00
[2024-10-28T16:57:16.261-0700] {processor.py:179} INFO - Processing /Users/saiprasadreddykolan/airflow_venv/lib/python3.10/site-packages/airflow/example_dags/example_skip_dag.py took 0.243 seconds
[2024-10-28T16:58:47.702-0700] {processor.py:157} INFO - Started process (PID=69658) to work on /Users/saiprasadreddykolan/airflow_venv/lib/python3.10/site-packages/airflow/example_dags/example_skip_dag.py
[2024-10-28T16:58:47.705-0700] {processor.py:826} INFO - Processing file /Users/saiprasadreddykolan/airflow_venv/lib/python3.10/site-packages/airflow/example_dags/example_skip_dag.py for tasks to queue
[2024-10-28T16:58:47.705-0700] {logging_mixin.py:150} INFO - [2024-10-28T16:58:47.705-0700] {dagbag.py:541} INFO - Filling up the DagBag from /Users/saiprasadreddykolan/airflow_venv/lib/python3.10/site-packages/airflow/example_dags/example_skip_dag.py
[2024-10-28T16:58:47.712-0700] {processor.py:836} INFO - DAG(s) dict_keys(['example_skip_dag']) retrieved from /Users/saiprasadreddykolan/airflow_venv/lib/python3.10/site-packages/airflow/example_dags/example_skip_dag.py
[2024-10-28T16:58:47.934-0700] {logging_mixin.py:150} INFO - [2024-10-28T16:58:47.934-0700] {dag.py:2742} INFO - Sync 1 DAGs
[2024-10-28T16:58:47.939-0700] {logging_mixin.py:150} INFO - [2024-10-28T16:58:47.939-0700] {dag.py:3504} INFO - Setting next_dagrun for example_skip_dag to 2024-10-27T23:58:47.939551+00:00, run_after=2024-10-28T23:58:47.939551+00:00
[2024-10-28T16:58:47.946-0700] {processor.py:179} INFO - Processing /Users/saiprasadreddykolan/airflow_venv/lib/python3.10/site-packages/airflow/example_dags/example_skip_dag.py took 0.244 seconds
