[2024-10-28T16:43:22.968-0700] {processor.py:157} INFO - Started process (PID=68906) to work on /Users/saiprasadreddykolan/airflow_venv/lib/python3.10/site-packages/airflow/example_dags/example_subdag_operator.py
[2024-10-28T16:43:22.969-0700] {processor.py:826} INFO - Processing file /Users/saiprasadreddykolan/airflow_venv/lib/python3.10/site-packages/airflow/example_dags/example_subdag_operator.py for tasks to queue
[2024-10-28T16:43:22.970-0700] {logging_mixin.py:150} INFO - [2024-10-28T16:43:22.970-0700] {dagbag.py:541} INFO - Filling up the DagBag from /Users/saiprasadreddykolan/airflow_venv/lib/python3.10/site-packages/airflow/example_dags/example_subdag_operator.py
[2024-10-28T16:43:23.185-0700] {processor.py:836} INFO - DAG(s) dict_keys(['example_subdag_operator.section-1', 'example_subdag_operator.section-2', 'example_subdag_operator']) retrieved from /Users/saiprasadreddykolan/airflow_venv/lib/python3.10/site-packages/airflow/example_dags/example_subdag_operator.py
[2024-10-28T16:43:23.217-0700] {logging_mixin.py:150} INFO - [2024-10-28T16:43:23.217-0700] {manager.py:504} INFO - Created Permission View: can read on DAG:example_subdag_operator
[2024-10-28T16:43:23.220-0700] {logging_mixin.py:150} INFO - [2024-10-28T16:43:23.220-0700] {manager.py:504} INFO - Created Permission View: can edit on DAG:example_subdag_operator
[2024-10-28T16:43:23.222-0700] {logging_mixin.py:150} INFO - [2024-10-28T16:43:23.222-0700] {manager.py:504} INFO - Created Permission View: can delete on DAG:example_subdag_operator
[2024-10-28T16:43:23.225-0700] {logging_mixin.py:150} INFO - [2024-10-28T16:43:23.225-0700] {dag.py:2742} INFO - Sync 3 DAGs
[2024-10-28T16:43:23.228-0700] {logging_mixin.py:150} INFO - [2024-10-28T16:43:23.228-0700] {dag.py:2763} INFO - Creating ORM DAG for example_subdag_operator.section-2
[2024-10-28T16:43:23.228-0700] {logging_mixin.py:150} INFO - [2024-10-28T16:43:23.228-0700] {dag.py:2763} INFO - Creating ORM DAG for example_subdag_operator.section-1
[2024-10-28T16:43:23.228-0700] {logging_mixin.py:150} INFO - [2024-10-28T16:43:23.228-0700] {dag.py:2763} INFO - Creating ORM DAG for example_subdag_operator
[2024-10-28T16:43:23.231-0700] {logging_mixin.py:150} INFO - [2024-10-28T16:43:23.231-0700] {dag.py:3504} INFO - Setting next_dagrun for example_subdag_operator to 2022-01-01T00:00:00+00:00, run_after=2022-01-01T00:00:00+00:00
[2024-10-28T16:43:23.231-0700] {logging_mixin.py:150} INFO - [2024-10-28T16:43:23.231-0700] {dag.py:3504} INFO - Setting next_dagrun for example_subdag_operator.section-1 to None, run_after=None
[2024-10-28T16:43:23.231-0700] {logging_mixin.py:150} INFO - [2024-10-28T16:43:23.231-0700] {dag.py:3504} INFO - Setting next_dagrun for example_subdag_operator.section-2 to None, run_after=None
[2024-10-28T16:43:23.233-0700] {logging_mixin.py:150} INFO - [2024-10-28T16:43:23.233-0700] {dag.py:2742} INFO - Sync 2 DAGs
[2024-10-28T16:43:23.235-0700] {logging_mixin.py:150} INFO - [2024-10-28T16:43:23.235-0700] {dag.py:3504} INFO - Setting next_dagrun for example_subdag_operator.section-1 to None, run_after=None
[2024-10-28T16:43:23.235-0700] {logging_mixin.py:150} INFO - [2024-10-28T16:43:23.235-0700] {dag.py:3504} INFO - Setting next_dagrun for example_subdag_operator.section-2 to None, run_after=None
[2024-10-28T16:43:23.239-0700] {processor.py:179} INFO - Processing /Users/saiprasadreddykolan/airflow_venv/lib/python3.10/site-packages/airflow/example_dags/example_subdag_operator.py took 0.272 seconds
[2024-10-28T16:44:42.973-0700] {processor.py:157} INFO - Started process (PID=68976) to work on /Users/saiprasadreddykolan/airflow_venv/lib/python3.10/site-packages/airflow/example_dags/example_subdag_operator.py
[2024-10-28T16:44:42.976-0700] {processor.py:826} INFO - Processing file /Users/saiprasadreddykolan/airflow_venv/lib/python3.10/site-packages/airflow/example_dags/example_subdag_operator.py for tasks to queue
[2024-10-28T16:44:42.976-0700] {logging_mixin.py:150} INFO - [2024-10-28T16:44:42.976-0700] {dagbag.py:541} INFO - Filling up the DagBag from /Users/saiprasadreddykolan/airflow_venv/lib/python3.10/site-packages/airflow/example_dags/example_subdag_operator.py
[2024-10-28T16:44:43.245-0700] {processor.py:836} INFO - DAG(s) dict_keys(['example_subdag_operator.section-1', 'example_subdag_operator.section-2', 'example_subdag_operator']) retrieved from /Users/saiprasadreddykolan/airflow_venv/lib/python3.10/site-packages/airflow/example_dags/example_subdag_operator.py
[2024-10-28T16:44:43.256-0700] {logging_mixin.py:150} INFO - [2024-10-28T16:44:43.256-0700] {dag.py:2742} INFO - Sync 3 DAGs
[2024-10-28T16:44:43.262-0700] {logging_mixin.py:150} INFO - [2024-10-28T16:44:43.262-0700] {dag.py:3504} INFO - Setting next_dagrun for example_subdag_operator to 2022-01-01T00:00:00+00:00, run_after=2022-01-01T00:00:00+00:00
[2024-10-28T16:44:43.263-0700] {logging_mixin.py:150} INFO - [2024-10-28T16:44:43.263-0700] {dag.py:3504} INFO - Setting next_dagrun for example_subdag_operator.section-1 to None, run_after=None
[2024-10-28T16:44:43.263-0700] {logging_mixin.py:150} INFO - [2024-10-28T16:44:43.263-0700] {dag.py:3504} INFO - Setting next_dagrun for example_subdag_operator.section-2 to None, run_after=None
[2024-10-28T16:44:43.266-0700] {logging_mixin.py:150} INFO - [2024-10-28T16:44:43.266-0700] {dag.py:2742} INFO - Sync 2 DAGs
[2024-10-28T16:44:43.267-0700] {logging_mixin.py:150} INFO - [2024-10-28T16:44:43.267-0700] {dag.py:3504} INFO - Setting next_dagrun for example_subdag_operator.section-1 to None, run_after=None
[2024-10-28T16:44:43.267-0700] {logging_mixin.py:150} INFO - [2024-10-28T16:44:43.267-0700] {dag.py:3504} INFO - Setting next_dagrun for example_subdag_operator.section-2 to None, run_after=None
[2024-10-28T16:44:43.271-0700] {processor.py:179} INFO - Processing /Users/saiprasadreddykolan/airflow_venv/lib/python3.10/site-packages/airflow/example_dags/example_subdag_operator.py took 0.299 seconds
[2024-10-28T16:46:16.539-0700] {processor.py:157} INFO - Started process (PID=69056) to work on /Users/saiprasadreddykolan/airflow_venv/lib/python3.10/site-packages/airflow/example_dags/example_subdag_operator.py
[2024-10-28T16:46:16.540-0700] {processor.py:826} INFO - Processing file /Users/saiprasadreddykolan/airflow_venv/lib/python3.10/site-packages/airflow/example_dags/example_subdag_operator.py for tasks to queue
[2024-10-28T16:46:16.541-0700] {logging_mixin.py:150} INFO - [2024-10-28T16:46:16.541-0700] {dagbag.py:541} INFO - Filling up the DagBag from /Users/saiprasadreddykolan/airflow_venv/lib/python3.10/site-packages/airflow/example_dags/example_subdag_operator.py
[2024-10-28T16:46:16.764-0700] {processor.py:836} INFO - DAG(s) dict_keys(['example_subdag_operator.section-1', 'example_subdag_operator.section-2', 'example_subdag_operator']) retrieved from /Users/saiprasadreddykolan/airflow_venv/lib/python3.10/site-packages/airflow/example_dags/example_subdag_operator.py
[2024-10-28T16:46:16.774-0700] {logging_mixin.py:150} INFO - [2024-10-28T16:46:16.774-0700] {dag.py:2742} INFO - Sync 3 DAGs
[2024-10-28T16:46:16.781-0700] {logging_mixin.py:150} INFO - [2024-10-28T16:46:16.781-0700] {dag.py:3504} INFO - Setting next_dagrun for example_subdag_operator to 2022-01-01T00:00:00+00:00, run_after=2022-01-01T00:00:00+00:00
[2024-10-28T16:46:16.782-0700] {logging_mixin.py:150} INFO - [2024-10-28T16:46:16.782-0700] {dag.py:3504} INFO - Setting next_dagrun for example_subdag_operator.section-1 to None, run_after=None
[2024-10-28T16:46:16.782-0700] {logging_mixin.py:150} INFO - [2024-10-28T16:46:16.782-0700] {dag.py:3504} INFO - Setting next_dagrun for example_subdag_operator.section-2 to None, run_after=None
[2024-10-28T16:46:16.784-0700] {logging_mixin.py:150} INFO - [2024-10-28T16:46:16.784-0700] {dag.py:2742} INFO - Sync 2 DAGs
[2024-10-28T16:46:16.785-0700] {logging_mixin.py:150} INFO - [2024-10-28T16:46:16.785-0700] {dag.py:3504} INFO - Setting next_dagrun for example_subdag_operator.section-1 to None, run_after=None
[2024-10-28T16:46:16.786-0700] {logging_mixin.py:150} INFO - [2024-10-28T16:46:16.786-0700] {dag.py:3504} INFO - Setting next_dagrun for example_subdag_operator.section-2 to None, run_after=None
[2024-10-28T16:46:16.790-0700] {processor.py:179} INFO - Processing /Users/saiprasadreddykolan/airflow_venv/lib/python3.10/site-packages/airflow/example_dags/example_subdag_operator.py took 0.251 seconds
[2024-10-28T16:47:46.623-0700] {processor.py:157} INFO - Started process (PID=69141) to work on /Users/saiprasadreddykolan/airflow_venv/lib/python3.10/site-packages/airflow/example_dags/example_subdag_operator.py
[2024-10-28T16:47:46.625-0700] {processor.py:826} INFO - Processing file /Users/saiprasadreddykolan/airflow_venv/lib/python3.10/site-packages/airflow/example_dags/example_subdag_operator.py for tasks to queue
[2024-10-28T16:47:46.625-0700] {logging_mixin.py:150} INFO - [2024-10-28T16:47:46.625-0700] {dagbag.py:541} INFO - Filling up the DagBag from /Users/saiprasadreddykolan/airflow_venv/lib/python3.10/site-packages/airflow/example_dags/example_subdag_operator.py
[2024-10-28T16:47:46.895-0700] {processor.py:836} INFO - DAG(s) dict_keys(['example_subdag_operator.section-1', 'example_subdag_operator.section-2', 'example_subdag_operator']) retrieved from /Users/saiprasadreddykolan/airflow_venv/lib/python3.10/site-packages/airflow/example_dags/example_subdag_operator.py
[2024-10-28T16:47:46.904-0700] {logging_mixin.py:150} INFO - [2024-10-28T16:47:46.904-0700] {dag.py:2742} INFO - Sync 3 DAGs
[2024-10-28T16:47:46.910-0700] {logging_mixin.py:150} INFO - [2024-10-28T16:47:46.910-0700] {dag.py:3504} INFO - Setting next_dagrun for example_subdag_operator to 2022-01-01T00:00:00+00:00, run_after=2022-01-01T00:00:00+00:00
[2024-10-28T16:47:46.911-0700] {logging_mixin.py:150} INFO - [2024-10-28T16:47:46.911-0700] {dag.py:3504} INFO - Setting next_dagrun for example_subdag_operator.section-1 to None, run_after=None
[2024-10-28T16:47:46.912-0700] {logging_mixin.py:150} INFO - [2024-10-28T16:47:46.911-0700] {dag.py:3504} INFO - Setting next_dagrun for example_subdag_operator.section-2 to None, run_after=None
[2024-10-28T16:47:46.913-0700] {logging_mixin.py:150} INFO - [2024-10-28T16:47:46.913-0700] {dag.py:2742} INFO - Sync 2 DAGs
[2024-10-28T16:47:46.915-0700] {logging_mixin.py:150} INFO - [2024-10-28T16:47:46.915-0700] {dag.py:3504} INFO - Setting next_dagrun for example_subdag_operator.section-1 to None, run_after=None
[2024-10-28T16:47:46.915-0700] {logging_mixin.py:150} INFO - [2024-10-28T16:47:46.915-0700] {dag.py:3504} INFO - Setting next_dagrun for example_subdag_operator.section-2 to None, run_after=None
[2024-10-28T16:47:46.919-0700] {processor.py:179} INFO - Processing /Users/saiprasadreddykolan/airflow_venv/lib/python3.10/site-packages/airflow/example_dags/example_subdag_operator.py took 0.296 seconds
[2024-10-28T16:49:18.995-0700] {processor.py:157} INFO - Started process (PID=69217) to work on /Users/saiprasadreddykolan/airflow_venv/lib/python3.10/site-packages/airflow/example_dags/example_subdag_operator.py
[2024-10-28T16:49:18.997-0700] {processor.py:826} INFO - Processing file /Users/saiprasadreddykolan/airflow_venv/lib/python3.10/site-packages/airflow/example_dags/example_subdag_operator.py for tasks to queue
[2024-10-28T16:49:18.997-0700] {logging_mixin.py:150} INFO - [2024-10-28T16:49:18.997-0700] {dagbag.py:541} INFO - Filling up the DagBag from /Users/saiprasadreddykolan/airflow_venv/lib/python3.10/site-packages/airflow/example_dags/example_subdag_operator.py
[2024-10-28T16:49:19.218-0700] {processor.py:836} INFO - DAG(s) dict_keys(['example_subdag_operator.section-1', 'example_subdag_operator.section-2', 'example_subdag_operator']) retrieved from /Users/saiprasadreddykolan/airflow_venv/lib/python3.10/site-packages/airflow/example_dags/example_subdag_operator.py
[2024-10-28T16:49:19.227-0700] {logging_mixin.py:150} INFO - [2024-10-28T16:49:19.227-0700] {dag.py:2742} INFO - Sync 3 DAGs
[2024-10-28T16:49:19.233-0700] {logging_mixin.py:150} INFO - [2024-10-28T16:49:19.233-0700] {dag.py:3504} INFO - Setting next_dagrun for example_subdag_operator to 2022-01-01T00:00:00+00:00, run_after=2022-01-01T00:00:00+00:00
[2024-10-28T16:49:19.235-0700] {logging_mixin.py:150} INFO - [2024-10-28T16:49:19.235-0700] {dag.py:3504} INFO - Setting next_dagrun for example_subdag_operator.section-1 to None, run_after=None
[2024-10-28T16:49:19.235-0700] {logging_mixin.py:150} INFO - [2024-10-28T16:49:19.235-0700] {dag.py:3504} INFO - Setting next_dagrun for example_subdag_operator.section-2 to None, run_after=None
[2024-10-28T16:49:19.237-0700] {logging_mixin.py:150} INFO - [2024-10-28T16:49:19.237-0700] {dag.py:2742} INFO - Sync 2 DAGs
[2024-10-28T16:49:19.238-0700] {logging_mixin.py:150} INFO - [2024-10-28T16:49:19.238-0700] {dag.py:3504} INFO - Setting next_dagrun for example_subdag_operator.section-1 to None, run_after=None
[2024-10-28T16:49:19.239-0700] {logging_mixin.py:150} INFO - [2024-10-28T16:49:19.238-0700] {dag.py:3504} INFO - Setting next_dagrun for example_subdag_operator.section-2 to None, run_after=None
[2024-10-28T16:49:19.242-0700] {processor.py:179} INFO - Processing /Users/saiprasadreddykolan/airflow_venv/lib/python3.10/site-packages/airflow/example_dags/example_subdag_operator.py took 0.248 seconds
[2024-10-28T16:50:50.617-0700] {processor.py:157} INFO - Started process (PID=69282) to work on /Users/saiprasadreddykolan/airflow_venv/lib/python3.10/site-packages/airflow/example_dags/example_subdag_operator.py
[2024-10-28T16:50:50.620-0700] {processor.py:826} INFO - Processing file /Users/saiprasadreddykolan/airflow_venv/lib/python3.10/site-packages/airflow/example_dags/example_subdag_operator.py for tasks to queue
[2024-10-28T16:50:50.620-0700] {logging_mixin.py:150} INFO - [2024-10-28T16:50:50.620-0700] {dagbag.py:541} INFO - Filling up the DagBag from /Users/saiprasadreddykolan/airflow_venv/lib/python3.10/site-packages/airflow/example_dags/example_subdag_operator.py
[2024-10-28T16:50:50.854-0700] {processor.py:836} INFO - DAG(s) dict_keys(['example_subdag_operator.section-1', 'example_subdag_operator.section-2', 'example_subdag_operator']) retrieved from /Users/saiprasadreddykolan/airflow_venv/lib/python3.10/site-packages/airflow/example_dags/example_subdag_operator.py
[2024-10-28T16:50:50.863-0700] {logging_mixin.py:150} INFO - [2024-10-28T16:50:50.863-0700] {dag.py:2742} INFO - Sync 3 DAGs
[2024-10-28T16:50:50.869-0700] {logging_mixin.py:150} INFO - [2024-10-28T16:50:50.869-0700] {dag.py:3504} INFO - Setting next_dagrun for example_subdag_operator to 2022-01-01T00:00:00+00:00, run_after=2022-01-01T00:00:00+00:00
[2024-10-28T16:50:50.870-0700] {logging_mixin.py:150} INFO - [2024-10-28T16:50:50.870-0700] {dag.py:3504} INFO - Setting next_dagrun for example_subdag_operator.section-1 to None, run_after=None
[2024-10-28T16:50:50.870-0700] {logging_mixin.py:150} INFO - [2024-10-28T16:50:50.870-0700] {dag.py:3504} INFO - Setting next_dagrun for example_subdag_operator.section-2 to None, run_after=None
[2024-10-28T16:50:50.872-0700] {logging_mixin.py:150} INFO - [2024-10-28T16:50:50.872-0700] {dag.py:2742} INFO - Sync 2 DAGs
[2024-10-28T16:50:50.873-0700] {logging_mixin.py:150} INFO - [2024-10-28T16:50:50.873-0700] {dag.py:3504} INFO - Setting next_dagrun for example_subdag_operator.section-1 to None, run_after=None
[2024-10-28T16:50:50.873-0700] {logging_mixin.py:150} INFO - [2024-10-28T16:50:50.873-0700] {dag.py:3504} INFO - Setting next_dagrun for example_subdag_operator.section-2 to None, run_after=None
[2024-10-28T16:50:50.877-0700] {processor.py:179} INFO - Processing /Users/saiprasadreddykolan/airflow_venv/lib/python3.10/site-packages/airflow/example_dags/example_subdag_operator.py took 0.260 seconds
[2024-10-28T16:52:26.461-0700] {processor.py:157} INFO - Started process (PID=69347) to work on /Users/saiprasadreddykolan/airflow_venv/lib/python3.10/site-packages/airflow/example_dags/example_subdag_operator.py
[2024-10-28T16:52:26.462-0700] {processor.py:826} INFO - Processing file /Users/saiprasadreddykolan/airflow_venv/lib/python3.10/site-packages/airflow/example_dags/example_subdag_operator.py for tasks to queue
[2024-10-28T16:52:26.463-0700] {logging_mixin.py:150} INFO - [2024-10-28T16:52:26.463-0700] {dagbag.py:541} INFO - Filling up the DagBag from /Users/saiprasadreddykolan/airflow_venv/lib/python3.10/site-packages/airflow/example_dags/example_subdag_operator.py
[2024-10-28T16:52:26.685-0700] {processor.py:836} INFO - DAG(s) dict_keys(['example_subdag_operator.section-1', 'example_subdag_operator.section-2', 'example_subdag_operator']) retrieved from /Users/saiprasadreddykolan/airflow_venv/lib/python3.10/site-packages/airflow/example_dags/example_subdag_operator.py
[2024-10-28T16:52:26.695-0700] {logging_mixin.py:150} INFO - [2024-10-28T16:52:26.695-0700] {dag.py:2742} INFO - Sync 3 DAGs
[2024-10-28T16:52:26.701-0700] {logging_mixin.py:150} INFO - [2024-10-28T16:52:26.701-0700] {dag.py:3504} INFO - Setting next_dagrun for example_subdag_operator to 2022-01-01T00:00:00+00:00, run_after=2022-01-01T00:00:00+00:00
[2024-10-28T16:52:26.702-0700] {logging_mixin.py:150} INFO - [2024-10-28T16:52:26.702-0700] {dag.py:3504} INFO - Setting next_dagrun for example_subdag_operator.section-1 to None, run_after=None
[2024-10-28T16:52:26.702-0700] {logging_mixin.py:150} INFO - [2024-10-28T16:52:26.702-0700] {dag.py:3504} INFO - Setting next_dagrun for example_subdag_operator.section-2 to None, run_after=None
[2024-10-28T16:52:26.704-0700] {logging_mixin.py:150} INFO - [2024-10-28T16:52:26.704-0700] {dag.py:2742} INFO - Sync 2 DAGs
[2024-10-28T16:52:26.705-0700] {logging_mixin.py:150} INFO - [2024-10-28T16:52:26.705-0700] {dag.py:3504} INFO - Setting next_dagrun for example_subdag_operator.section-1 to None, run_after=None
[2024-10-28T16:52:26.705-0700] {logging_mixin.py:150} INFO - [2024-10-28T16:52:26.705-0700] {dag.py:3504} INFO - Setting next_dagrun for example_subdag_operator.section-2 to None, run_after=None
[2024-10-28T16:52:26.709-0700] {processor.py:179} INFO - Processing /Users/saiprasadreddykolan/airflow_venv/lib/python3.10/site-packages/airflow/example_dags/example_subdag_operator.py took 0.249 seconds
[2024-10-28T16:53:55.187-0700] {processor.py:157} INFO - Started process (PID=69425) to work on /Users/saiprasadreddykolan/airflow_venv/lib/python3.10/site-packages/airflow/example_dags/example_subdag_operator.py
[2024-10-28T16:53:55.189-0700] {processor.py:826} INFO - Processing file /Users/saiprasadreddykolan/airflow_venv/lib/python3.10/site-packages/airflow/example_dags/example_subdag_operator.py for tasks to queue
[2024-10-28T16:53:55.189-0700] {logging_mixin.py:150} INFO - [2024-10-28T16:53:55.189-0700] {dagbag.py:541} INFO - Filling up the DagBag from /Users/saiprasadreddykolan/airflow_venv/lib/python3.10/site-packages/airflow/example_dags/example_subdag_operator.py
[2024-10-28T16:53:55.417-0700] {processor.py:836} INFO - DAG(s) dict_keys(['example_subdag_operator.section-1', 'example_subdag_operator.section-2', 'example_subdag_operator']) retrieved from /Users/saiprasadreddykolan/airflow_venv/lib/python3.10/site-packages/airflow/example_dags/example_subdag_operator.py
[2024-10-28T16:53:55.428-0700] {logging_mixin.py:150} INFO - [2024-10-28T16:53:55.428-0700] {dag.py:2742} INFO - Sync 3 DAGs
[2024-10-28T16:53:55.434-0700] {logging_mixin.py:150} INFO - [2024-10-28T16:53:55.434-0700] {dag.py:3504} INFO - Setting next_dagrun for example_subdag_operator to 2022-01-01T00:00:00+00:00, run_after=2022-01-01T00:00:00+00:00
[2024-10-28T16:53:55.435-0700] {logging_mixin.py:150} INFO - [2024-10-28T16:53:55.435-0700] {dag.py:3504} INFO - Setting next_dagrun for example_subdag_operator.section-1 to None, run_after=None
[2024-10-28T16:53:55.436-0700] {logging_mixin.py:150} INFO - [2024-10-28T16:53:55.436-0700] {dag.py:3504} INFO - Setting next_dagrun for example_subdag_operator.section-2 to None, run_after=None
[2024-10-28T16:53:55.437-0700] {logging_mixin.py:150} INFO - [2024-10-28T16:53:55.437-0700] {dag.py:2742} INFO - Sync 2 DAGs
[2024-10-28T16:53:55.439-0700] {logging_mixin.py:150} INFO - [2024-10-28T16:53:55.439-0700] {dag.py:3504} INFO - Setting next_dagrun for example_subdag_operator.section-1 to None, run_after=None
[2024-10-28T16:53:55.439-0700] {logging_mixin.py:150} INFO - [2024-10-28T16:53:55.439-0700] {dag.py:3504} INFO - Setting next_dagrun for example_subdag_operator.section-2 to None, run_after=None
[2024-10-28T16:53:55.443-0700] {processor.py:179} INFO - Processing /Users/saiprasadreddykolan/airflow_venv/lib/python3.10/site-packages/airflow/example_dags/example_subdag_operator.py took 0.256 seconds
[2024-10-28T16:55:33.303-0700] {processor.py:157} INFO - Started process (PID=69498) to work on /Users/saiprasadreddykolan/airflow_venv/lib/python3.10/site-packages/airflow/example_dags/example_subdag_operator.py
[2024-10-28T16:55:33.306-0700] {processor.py:826} INFO - Processing file /Users/saiprasadreddykolan/airflow_venv/lib/python3.10/site-packages/airflow/example_dags/example_subdag_operator.py for tasks to queue
[2024-10-28T16:55:33.306-0700] {logging_mixin.py:150} INFO - [2024-10-28T16:55:33.306-0700] {dagbag.py:541} INFO - Filling up the DagBag from /Users/saiprasadreddykolan/airflow_venv/lib/python3.10/site-packages/airflow/example_dags/example_subdag_operator.py
[2024-10-28T16:55:33.527-0700] {processor.py:836} INFO - DAG(s) dict_keys(['example_subdag_operator.section-1', 'example_subdag_operator.section-2', 'example_subdag_operator']) retrieved from /Users/saiprasadreddykolan/airflow_venv/lib/python3.10/site-packages/airflow/example_dags/example_subdag_operator.py
[2024-10-28T16:55:33.537-0700] {logging_mixin.py:150} INFO - [2024-10-28T16:55:33.536-0700] {dag.py:2742} INFO - Sync 3 DAGs
[2024-10-28T16:55:33.542-0700] {logging_mixin.py:150} INFO - [2024-10-28T16:55:33.542-0700] {dag.py:3504} INFO - Setting next_dagrun for example_subdag_operator to 2022-01-01T00:00:00+00:00, run_after=2022-01-01T00:00:00+00:00
[2024-10-28T16:55:33.543-0700] {logging_mixin.py:150} INFO - [2024-10-28T16:55:33.543-0700] {dag.py:3504} INFO - Setting next_dagrun for example_subdag_operator.section-1 to None, run_after=None
[2024-10-28T16:55:33.544-0700] {logging_mixin.py:150} INFO - [2024-10-28T16:55:33.543-0700] {dag.py:3504} INFO - Setting next_dagrun for example_subdag_operator.section-2 to None, run_after=None
[2024-10-28T16:55:33.545-0700] {logging_mixin.py:150} INFO - [2024-10-28T16:55:33.545-0700] {dag.py:2742} INFO - Sync 2 DAGs
[2024-10-28T16:55:33.546-0700] {logging_mixin.py:150} INFO - [2024-10-28T16:55:33.546-0700] {dag.py:3504} INFO - Setting next_dagrun for example_subdag_operator.section-1 to None, run_after=None
[2024-10-28T16:55:33.546-0700] {logging_mixin.py:150} INFO - [2024-10-28T16:55:33.546-0700] {dag.py:3504} INFO - Setting next_dagrun for example_subdag_operator.section-2 to None, run_after=None
[2024-10-28T16:55:33.550-0700] {processor.py:179} INFO - Processing /Users/saiprasadreddykolan/airflow_venv/lib/python3.10/site-packages/airflow/example_dags/example_subdag_operator.py took 0.248 seconds
[2024-10-28T16:57:12.779-0700] {processor.py:157} INFO - Started process (PID=69572) to work on /Users/saiprasadreddykolan/airflow_venv/lib/python3.10/site-packages/airflow/example_dags/example_subdag_operator.py
[2024-10-28T16:57:12.781-0700] {processor.py:826} INFO - Processing file /Users/saiprasadreddykolan/airflow_venv/lib/python3.10/site-packages/airflow/example_dags/example_subdag_operator.py for tasks to queue
[2024-10-28T16:57:12.781-0700] {logging_mixin.py:150} INFO - [2024-10-28T16:57:12.781-0700] {dagbag.py:541} INFO - Filling up the DagBag from /Users/saiprasadreddykolan/airflow_venv/lib/python3.10/site-packages/airflow/example_dags/example_subdag_operator.py
[2024-10-28T16:57:13.008-0700] {processor.py:836} INFO - DAG(s) dict_keys(['example_subdag_operator.section-1', 'example_subdag_operator.section-2', 'example_subdag_operator']) retrieved from /Users/saiprasadreddykolan/airflow_venv/lib/python3.10/site-packages/airflow/example_dags/example_subdag_operator.py
[2024-10-28T16:57:13.017-0700] {logging_mixin.py:150} INFO - [2024-10-28T16:57:13.017-0700] {dag.py:2742} INFO - Sync 3 DAGs
[2024-10-28T16:57:13.023-0700] {logging_mixin.py:150} INFO - [2024-10-28T16:57:13.023-0700] {dag.py:3504} INFO - Setting next_dagrun for example_subdag_operator to 2022-01-01T00:00:00+00:00, run_after=2022-01-01T00:00:00+00:00
[2024-10-28T16:57:13.024-0700] {logging_mixin.py:150} INFO - [2024-10-28T16:57:13.024-0700] {dag.py:3504} INFO - Setting next_dagrun for example_subdag_operator.section-1 to None, run_after=None
[2024-10-28T16:57:13.025-0700] {logging_mixin.py:150} INFO - [2024-10-28T16:57:13.025-0700] {dag.py:3504} INFO - Setting next_dagrun for example_subdag_operator.section-2 to None, run_after=None
[2024-10-28T16:57:13.026-0700] {logging_mixin.py:150} INFO - [2024-10-28T16:57:13.026-0700] {dag.py:2742} INFO - Sync 2 DAGs
[2024-10-28T16:57:13.028-0700] {logging_mixin.py:150} INFO - [2024-10-28T16:57:13.027-0700] {dag.py:3504} INFO - Setting next_dagrun for example_subdag_operator.section-1 to None, run_after=None
[2024-10-28T16:57:13.028-0700] {logging_mixin.py:150} INFO - [2024-10-28T16:57:13.028-0700] {dag.py:3504} INFO - Setting next_dagrun for example_subdag_operator.section-2 to None, run_after=None
[2024-10-28T16:57:13.031-0700] {processor.py:179} INFO - Processing /Users/saiprasadreddykolan/airflow_venv/lib/python3.10/site-packages/airflow/example_dags/example_subdag_operator.py took 0.252 seconds
[2024-10-28T16:58:44.132-0700] {processor.py:157} INFO - Started process (PID=69656) to work on /Users/saiprasadreddykolan/airflow_venv/lib/python3.10/site-packages/airflow/example_dags/example_subdag_operator.py
[2024-10-28T16:58:44.134-0700] {processor.py:826} INFO - Processing file /Users/saiprasadreddykolan/airflow_venv/lib/python3.10/site-packages/airflow/example_dags/example_subdag_operator.py for tasks to queue
[2024-10-28T16:58:44.135-0700] {logging_mixin.py:150} INFO - [2024-10-28T16:58:44.135-0700] {dagbag.py:541} INFO - Filling up the DagBag from /Users/saiprasadreddykolan/airflow_venv/lib/python3.10/site-packages/airflow/example_dags/example_subdag_operator.py
[2024-10-28T16:58:44.358-0700] {processor.py:836} INFO - DAG(s) dict_keys(['example_subdag_operator.section-1', 'example_subdag_operator.section-2', 'example_subdag_operator']) retrieved from /Users/saiprasadreddykolan/airflow_venv/lib/python3.10/site-packages/airflow/example_dags/example_subdag_operator.py
[2024-10-28T16:58:44.367-0700] {logging_mixin.py:150} INFO - [2024-10-28T16:58:44.367-0700] {dag.py:2742} INFO - Sync 3 DAGs
[2024-10-28T16:58:44.373-0700] {logging_mixin.py:150} INFO - [2024-10-28T16:58:44.373-0700] {dag.py:3504} INFO - Setting next_dagrun for example_subdag_operator to 2022-01-01T00:00:00+00:00, run_after=2022-01-01T00:00:00+00:00
[2024-10-28T16:58:44.374-0700] {logging_mixin.py:150} INFO - [2024-10-28T16:58:44.374-0700] {dag.py:3504} INFO - Setting next_dagrun for example_subdag_operator.section-1 to None, run_after=None
[2024-10-28T16:58:44.374-0700] {logging_mixin.py:150} INFO - [2024-10-28T16:58:44.374-0700] {dag.py:3504} INFO - Setting next_dagrun for example_subdag_operator.section-2 to None, run_after=None
[2024-10-28T16:58:44.376-0700] {logging_mixin.py:150} INFO - [2024-10-28T16:58:44.376-0700] {dag.py:2742} INFO - Sync 2 DAGs
[2024-10-28T16:58:44.377-0700] {logging_mixin.py:150} INFO - [2024-10-28T16:58:44.377-0700] {dag.py:3504} INFO - Setting next_dagrun for example_subdag_operator.section-1 to None, run_after=None
[2024-10-28T16:58:44.377-0700] {logging_mixin.py:150} INFO - [2024-10-28T16:58:44.377-0700] {dag.py:3504} INFO - Setting next_dagrun for example_subdag_operator.section-2 to None, run_after=None
[2024-10-28T16:58:44.382-0700] {processor.py:179} INFO - Processing /Users/saiprasadreddykolan/airflow_venv/lib/python3.10/site-packages/airflow/example_dags/example_subdag_operator.py took 0.250 seconds
