[2024-10-28T16:44:14.542-0700] {processor.py:157} INFO - Started process (PID=68940) to work on /Users/saiprasadreddykolan/airflow_venv/lib/python3.10/site-packages/airflow/example_dags/example_bash_operator.py
[2024-10-28T16:44:14.544-0700] {processor.py:826} INFO - Processing file /Users/saiprasadreddykolan/airflow_venv/lib/python3.10/site-packages/airflow/example_dags/example_bash_operator.py for tasks to queue
[2024-10-28T16:44:14.544-0700] {logging_mixin.py:150} INFO - [2024-10-28T16:44:14.544-0700] {dagbag.py:541} INFO - Filling up the DagBag from /Users/saiprasadreddykolan/airflow_venv/lib/python3.10/site-packages/airflow/example_dags/example_bash_operator.py
[2024-10-28T16:44:14.566-0700] {processor.py:836} INFO - DAG(s) dict_keys(['example_bash_operator']) retrieved from /Users/saiprasadreddykolan/airflow_venv/lib/python3.10/site-packages/airflow/example_dags/example_bash_operator.py
[2024-10-28T16:44:14.803-0700] {logging_mixin.py:150} INFO - [2024-10-28T16:44:14.803-0700] {manager.py:504} INFO - Created Permission View: can delete on DAG:example_bash_operator
[2024-10-28T16:44:14.806-0700] {logging_mixin.py:150} INFO - [2024-10-28T16:44:14.805-0700] {manager.py:504} INFO - Created Permission View: can read on DAG:example_bash_operator
[2024-10-28T16:44:14.807-0700] {logging_mixin.py:150} INFO - [2024-10-28T16:44:14.807-0700] {manager.py:504} INFO - Created Permission View: can edit on DAG:example_bash_operator
[2024-10-28T16:44:14.811-0700] {logging_mixin.py:150} INFO - [2024-10-28T16:44:14.811-0700] {dag.py:2742} INFO - Sync 1 DAGs
[2024-10-28T16:44:14.814-0700] {logging_mixin.py:150} INFO - [2024-10-28T16:44:14.814-0700] {dag.py:2763} INFO - Creating ORM DAG for example_bash_operator
[2024-10-28T16:44:14.818-0700] {logging_mixin.py:150} INFO - [2024-10-28T16:44:14.817-0700] {dag.py:3504} INFO - Setting next_dagrun for example_bash_operator to 2024-10-27T00:00:00+00:00, run_after=2024-10-28T00:00:00+00:00
[2024-10-28T16:44:14.824-0700] {processor.py:179} INFO - Processing /Users/saiprasadreddykolan/airflow_venv/lib/python3.10/site-packages/airflow/example_dags/example_bash_operator.py took 0.282 seconds
[2024-10-28T16:45:48.366-0700] {processor.py:157} INFO - Started process (PID=69037) to work on /Users/saiprasadreddykolan/airflow_venv/lib/python3.10/site-packages/airflow/example_dags/example_bash_operator.py
[2024-10-28T16:45:48.367-0700] {processor.py:826} INFO - Processing file /Users/saiprasadreddykolan/airflow_venv/lib/python3.10/site-packages/airflow/example_dags/example_bash_operator.py for tasks to queue
[2024-10-28T16:45:48.368-0700] {logging_mixin.py:150} INFO - [2024-10-28T16:45:48.368-0700] {dagbag.py:541} INFO - Filling up the DagBag from /Users/saiprasadreddykolan/airflow_venv/lib/python3.10/site-packages/airflow/example_dags/example_bash_operator.py
[2024-10-28T16:45:48.391-0700] {processor.py:836} INFO - DAG(s) dict_keys(['example_bash_operator']) retrieved from /Users/saiprasadreddykolan/airflow_venv/lib/python3.10/site-packages/airflow/example_dags/example_bash_operator.py
[2024-10-28T16:45:48.598-0700] {logging_mixin.py:150} INFO - [2024-10-28T16:45:48.598-0700] {dag.py:2742} INFO - Sync 1 DAGs
[2024-10-28T16:45:48.604-0700] {logging_mixin.py:150} INFO - [2024-10-28T16:45:48.604-0700] {dag.py:3504} INFO - Setting next_dagrun for example_bash_operator to 2024-10-27T00:00:00+00:00, run_after=2024-10-28T00:00:00+00:00
[2024-10-28T16:45:48.611-0700] {processor.py:179} INFO - Processing /Users/saiprasadreddykolan/airflow_venv/lib/python3.10/site-packages/airflow/example_dags/example_bash_operator.py took 0.246 seconds
[2024-10-28T16:47:23.903-0700] {processor.py:157} INFO - Started process (PID=69120) to work on /Users/saiprasadreddykolan/airflow_venv/lib/python3.10/site-packages/airflow/example_dags/example_bash_operator.py
[2024-10-28T16:47:23.905-0700] {processor.py:826} INFO - Processing file /Users/saiprasadreddykolan/airflow_venv/lib/python3.10/site-packages/airflow/example_dags/example_bash_operator.py for tasks to queue
[2024-10-28T16:47:23.905-0700] {logging_mixin.py:150} INFO - [2024-10-28T16:47:23.905-0700] {dagbag.py:541} INFO - Filling up the DagBag from /Users/saiprasadreddykolan/airflow_venv/lib/python3.10/site-packages/airflow/example_dags/example_bash_operator.py
[2024-10-28T16:47:23.928-0700] {processor.py:836} INFO - DAG(s) dict_keys(['example_bash_operator']) retrieved from /Users/saiprasadreddykolan/airflow_venv/lib/python3.10/site-packages/airflow/example_dags/example_bash_operator.py
[2024-10-28T16:47:24.137-0700] {logging_mixin.py:150} INFO - [2024-10-28T16:47:24.137-0700] {dag.py:2742} INFO - Sync 1 DAGs
[2024-10-28T16:47:24.145-0700] {logging_mixin.py:150} INFO - [2024-10-28T16:47:24.145-0700] {dag.py:3504} INFO - Setting next_dagrun for example_bash_operator to 2024-10-27T00:00:00+00:00, run_after=2024-10-28T00:00:00+00:00
[2024-10-28T16:47:24.152-0700] {processor.py:179} INFO - Processing /Users/saiprasadreddykolan/airflow_venv/lib/python3.10/site-packages/airflow/example_dags/example_bash_operator.py took 0.250 seconds
[2024-10-28T16:48:54.203-0700] {processor.py:157} INFO - Started process (PID=69199) to work on /Users/saiprasadreddykolan/airflow_venv/lib/python3.10/site-packages/airflow/example_dags/example_bash_operator.py
[2024-10-28T16:48:54.204-0700] {processor.py:826} INFO - Processing file /Users/saiprasadreddykolan/airflow_venv/lib/python3.10/site-packages/airflow/example_dags/example_bash_operator.py for tasks to queue
[2024-10-28T16:48:54.205-0700] {logging_mixin.py:150} INFO - [2024-10-28T16:48:54.204-0700] {dagbag.py:541} INFO - Filling up the DagBag from /Users/saiprasadreddykolan/airflow_venv/lib/python3.10/site-packages/airflow/example_dags/example_bash_operator.py
[2024-10-28T16:48:54.228-0700] {processor.py:836} INFO - DAG(s) dict_keys(['example_bash_operator']) retrieved from /Users/saiprasadreddykolan/airflow_venv/lib/python3.10/site-packages/airflow/example_dags/example_bash_operator.py
[2024-10-28T16:48:54.455-0700] {logging_mixin.py:150} INFO - [2024-10-28T16:48:54.455-0700] {dag.py:2742} INFO - Sync 1 DAGs
[2024-10-28T16:48:54.463-0700] {logging_mixin.py:150} INFO - [2024-10-28T16:48:54.463-0700] {dag.py:3504} INFO - Setting next_dagrun for example_bash_operator to 2024-10-27T00:00:00+00:00, run_after=2024-10-28T00:00:00+00:00
[2024-10-28T16:48:54.469-0700] {processor.py:179} INFO - Processing /Users/saiprasadreddykolan/airflow_venv/lib/python3.10/site-packages/airflow/example_dags/example_bash_operator.py took 0.267 seconds
[2024-10-28T16:50:24.312-0700] {processor.py:157} INFO - Started process (PID=69267) to work on /Users/saiprasadreddykolan/airflow_venv/lib/python3.10/site-packages/airflow/example_dags/example_bash_operator.py
[2024-10-28T16:50:24.314-0700] {processor.py:826} INFO - Processing file /Users/saiprasadreddykolan/airflow_venv/lib/python3.10/site-packages/airflow/example_dags/example_bash_operator.py for tasks to queue
[2024-10-28T16:50:24.314-0700] {logging_mixin.py:150} INFO - [2024-10-28T16:50:24.314-0700] {dagbag.py:541} INFO - Filling up the DagBag from /Users/saiprasadreddykolan/airflow_venv/lib/python3.10/site-packages/airflow/example_dags/example_bash_operator.py
[2024-10-28T16:50:24.336-0700] {processor.py:836} INFO - DAG(s) dict_keys(['example_bash_operator']) retrieved from /Users/saiprasadreddykolan/airflow_venv/lib/python3.10/site-packages/airflow/example_dags/example_bash_operator.py
[2024-10-28T16:50:24.569-0700] {logging_mixin.py:150} INFO - [2024-10-28T16:50:24.569-0700] {dag.py:2742} INFO - Sync 1 DAGs
[2024-10-28T16:50:24.576-0700] {logging_mixin.py:150} INFO - [2024-10-28T16:50:24.576-0700] {dag.py:3504} INFO - Setting next_dagrun for example_bash_operator to 2024-10-27T00:00:00+00:00, run_after=2024-10-28T00:00:00+00:00
[2024-10-28T16:50:24.585-0700] {processor.py:179} INFO - Processing /Users/saiprasadreddykolan/airflow_venv/lib/python3.10/site-packages/airflow/example_dags/example_bash_operator.py took 0.273 seconds
[2024-10-28T16:52:02.704-0700] {processor.py:157} INFO - Started process (PID=69330) to work on /Users/saiprasadreddykolan/airflow_venv/lib/python3.10/site-packages/airflow/example_dags/example_bash_operator.py
[2024-10-28T16:52:02.707-0700] {processor.py:826} INFO - Processing file /Users/saiprasadreddykolan/airflow_venv/lib/python3.10/site-packages/airflow/example_dags/example_bash_operator.py for tasks to queue
[2024-10-28T16:52:02.707-0700] {logging_mixin.py:150} INFO - [2024-10-28T16:52:02.707-0700] {dagbag.py:541} INFO - Filling up the DagBag from /Users/saiprasadreddykolan/airflow_venv/lib/python3.10/site-packages/airflow/example_dags/example_bash_operator.py
[2024-10-28T16:52:02.729-0700] {processor.py:836} INFO - DAG(s) dict_keys(['example_bash_operator']) retrieved from /Users/saiprasadreddykolan/airflow_venv/lib/python3.10/site-packages/airflow/example_dags/example_bash_operator.py
[2024-10-28T16:52:02.973-0700] {logging_mixin.py:150} INFO - [2024-10-28T16:52:02.973-0700] {dag.py:2742} INFO - Sync 1 DAGs
[2024-10-28T16:52:02.980-0700] {logging_mixin.py:150} INFO - [2024-10-28T16:52:02.980-0700] {dag.py:3504} INFO - Setting next_dagrun for example_bash_operator to 2024-10-27T00:00:00+00:00, run_after=2024-10-28T00:00:00+00:00
[2024-10-28T16:52:02.986-0700] {processor.py:179} INFO - Processing /Users/saiprasadreddykolan/airflow_venv/lib/python3.10/site-packages/airflow/example_dags/example_bash_operator.py took 0.282 seconds
[2024-10-28T16:53:34.796-0700] {processor.py:157} INFO - Started process (PID=69409) to work on /Users/saiprasadreddykolan/airflow_venv/lib/python3.10/site-packages/airflow/example_dags/example_bash_operator.py
[2024-10-28T16:53:34.798-0700] {processor.py:826} INFO - Processing file /Users/saiprasadreddykolan/airflow_venv/lib/python3.10/site-packages/airflow/example_dags/example_bash_operator.py for tasks to queue
[2024-10-28T16:53:34.798-0700] {logging_mixin.py:150} INFO - [2024-10-28T16:53:34.798-0700] {dagbag.py:541} INFO - Filling up the DagBag from /Users/saiprasadreddykolan/airflow_venv/lib/python3.10/site-packages/airflow/example_dags/example_bash_operator.py
[2024-10-28T16:53:34.821-0700] {processor.py:836} INFO - DAG(s) dict_keys(['example_bash_operator']) retrieved from /Users/saiprasadreddykolan/airflow_venv/lib/python3.10/site-packages/airflow/example_dags/example_bash_operator.py
[2024-10-28T16:53:35.037-0700] {logging_mixin.py:150} INFO - [2024-10-28T16:53:35.037-0700] {dag.py:2742} INFO - Sync 1 DAGs
[2024-10-28T16:53:35.044-0700] {logging_mixin.py:150} INFO - [2024-10-28T16:53:35.044-0700] {dag.py:3504} INFO - Setting next_dagrun for example_bash_operator to 2024-10-27T00:00:00+00:00, run_after=2024-10-28T00:00:00+00:00
[2024-10-28T16:53:35.051-0700] {processor.py:179} INFO - Processing /Users/saiprasadreddykolan/airflow_venv/lib/python3.10/site-packages/airflow/example_dags/example_bash_operator.py took 0.255 seconds
[2024-10-28T16:55:05.445-0700] {processor.py:157} INFO - Started process (PID=69480) to work on /Users/saiprasadreddykolan/airflow_venv/lib/python3.10/site-packages/airflow/example_dags/example_bash_operator.py
[2024-10-28T16:55:05.447-0700] {processor.py:826} INFO - Processing file /Users/saiprasadreddykolan/airflow_venv/lib/python3.10/site-packages/airflow/example_dags/example_bash_operator.py for tasks to queue
[2024-10-28T16:55:05.447-0700] {logging_mixin.py:150} INFO - [2024-10-28T16:55:05.447-0700] {dagbag.py:541} INFO - Filling up the DagBag from /Users/saiprasadreddykolan/airflow_venv/lib/python3.10/site-packages/airflow/example_dags/example_bash_operator.py
[2024-10-28T16:55:05.470-0700] {processor.py:836} INFO - DAG(s) dict_keys(['example_bash_operator']) retrieved from /Users/saiprasadreddykolan/airflow_venv/lib/python3.10/site-packages/airflow/example_dags/example_bash_operator.py
[2024-10-28T16:55:05.677-0700] {logging_mixin.py:150} INFO - [2024-10-28T16:55:05.677-0700] {dag.py:2742} INFO - Sync 1 DAGs
[2024-10-28T16:55:05.683-0700] {logging_mixin.py:150} INFO - [2024-10-28T16:55:05.683-0700] {dag.py:3504} INFO - Setting next_dagrun for example_bash_operator to 2024-10-27T00:00:00+00:00, run_after=2024-10-28T00:00:00+00:00
[2024-10-28T16:55:05.689-0700] {processor.py:179} INFO - Processing /Users/saiprasadreddykolan/airflow_venv/lib/python3.10/site-packages/airflow/example_dags/example_bash_operator.py took 0.245 seconds
[2024-10-28T16:56:46.408-0700] {processor.py:157} INFO - Started process (PID=69555) to work on /Users/saiprasadreddykolan/airflow_venv/lib/python3.10/site-packages/airflow/example_dags/example_bash_operator.py
[2024-10-28T16:56:46.410-0700] {processor.py:826} INFO - Processing file /Users/saiprasadreddykolan/airflow_venv/lib/python3.10/site-packages/airflow/example_dags/example_bash_operator.py for tasks to queue
[2024-10-28T16:56:46.410-0700] {logging_mixin.py:150} INFO - [2024-10-28T16:56:46.410-0700] {dagbag.py:541} INFO - Filling up the DagBag from /Users/saiprasadreddykolan/airflow_venv/lib/python3.10/site-packages/airflow/example_dags/example_bash_operator.py
[2024-10-28T16:56:46.432-0700] {processor.py:836} INFO - DAG(s) dict_keys(['example_bash_operator']) retrieved from /Users/saiprasadreddykolan/airflow_venv/lib/python3.10/site-packages/airflow/example_dags/example_bash_operator.py
[2024-10-28T16:56:46.638-0700] {logging_mixin.py:150} INFO - [2024-10-28T16:56:46.637-0700] {dag.py:2742} INFO - Sync 1 DAGs
[2024-10-28T16:56:46.646-0700] {logging_mixin.py:150} INFO - [2024-10-28T16:56:46.646-0700] {dag.py:3504} INFO - Setting next_dagrun for example_bash_operator to 2024-10-27T00:00:00+00:00, run_after=2024-10-28T00:00:00+00:00
[2024-10-28T16:56:46.653-0700] {processor.py:179} INFO - Processing /Users/saiprasadreddykolan/airflow_venv/lib/python3.10/site-packages/airflow/example_dags/example_bash_operator.py took 0.245 seconds
[2024-10-28T16:58:16.139-0700] {processor.py:157} INFO - Started process (PID=69619) to work on /Users/saiprasadreddykolan/airflow_venv/lib/python3.10/site-packages/airflow/example_dags/example_bash_operator.py
[2024-10-28T16:58:16.141-0700] {processor.py:826} INFO - Processing file /Users/saiprasadreddykolan/airflow_venv/lib/python3.10/site-packages/airflow/example_dags/example_bash_operator.py for tasks to queue
[2024-10-28T16:58:16.141-0700] {logging_mixin.py:150} INFO - [2024-10-28T16:58:16.141-0700] {dagbag.py:541} INFO - Filling up the DagBag from /Users/saiprasadreddykolan/airflow_venv/lib/python3.10/site-packages/airflow/example_dags/example_bash_operator.py
[2024-10-28T16:58:16.163-0700] {processor.py:836} INFO - DAG(s) dict_keys(['example_bash_operator']) retrieved from /Users/saiprasadreddykolan/airflow_venv/lib/python3.10/site-packages/airflow/example_dags/example_bash_operator.py
[2024-10-28T16:58:16.368-0700] {logging_mixin.py:150} INFO - [2024-10-28T16:58:16.368-0700] {dag.py:2742} INFO - Sync 1 DAGs
[2024-10-28T16:58:16.374-0700] {logging_mixin.py:150} INFO - [2024-10-28T16:58:16.374-0700] {dag.py:3504} INFO - Setting next_dagrun for example_bash_operator to 2024-10-27T00:00:00+00:00, run_after=2024-10-28T00:00:00+00:00
[2024-10-28T16:58:16.380-0700] {processor.py:179} INFO - Processing /Users/saiprasadreddykolan/airflow_venv/lib/python3.10/site-packages/airflow/example_dags/example_bash_operator.py took 0.242 seconds
[2024-10-28T16:59:49.298-0700] {processor.py:157} INFO - Started process (PID=69702) to work on /Users/saiprasadreddykolan/airflow_venv/lib/python3.10/site-packages/airflow/example_dags/example_bash_operator.py
[2024-10-28T16:59:49.300-0700] {processor.py:826} INFO - Processing file /Users/saiprasadreddykolan/airflow_venv/lib/python3.10/site-packages/airflow/example_dags/example_bash_operator.py for tasks to queue
[2024-10-28T16:59:49.301-0700] {logging_mixin.py:150} INFO - [2024-10-28T16:59:49.301-0700] {dagbag.py:541} INFO - Filling up the DagBag from /Users/saiprasadreddykolan/airflow_venv/lib/python3.10/site-packages/airflow/example_dags/example_bash_operator.py
[2024-10-28T16:59:49.322-0700] {processor.py:836} INFO - DAG(s) dict_keys(['example_bash_operator']) retrieved from /Users/saiprasadreddykolan/airflow_venv/lib/python3.10/site-packages/airflow/example_dags/example_bash_operator.py
[2024-10-28T16:59:49.541-0700] {logging_mixin.py:150} INFO - [2024-10-28T16:59:49.541-0700] {dag.py:2742} INFO - Sync 1 DAGs
[2024-10-28T16:59:49.547-0700] {logging_mixin.py:150} INFO - [2024-10-28T16:59:49.547-0700] {dag.py:3504} INFO - Setting next_dagrun for example_bash_operator to 2024-10-27T00:00:00+00:00, run_after=2024-10-28T00:00:00+00:00
[2024-10-28T16:59:49.553-0700] {processor.py:179} INFO - Processing /Users/saiprasadreddykolan/airflow_venv/lib/python3.10/site-packages/airflow/example_dags/example_bash_operator.py took 0.255 seconds
