[2024-10-28T16:43:59.121-0700] {processor.py:157} INFO - Started process (PID=68927) to work on /Users/saiprasadreddykolan/airflow_venv/lib/python3.10/site-packages/airflow/example_dags/example_datasets.py
[2024-10-28T16:43:59.123-0700] {processor.py:826} INFO - Processing file /Users/saiprasadreddykolan/airflow_venv/lib/python3.10/site-packages/airflow/example_dags/example_datasets.py for tasks to queue
[2024-10-28T16:43:59.123-0700] {logging_mixin.py:150} INFO - [2024-10-28T16:43:59.123-0700] {dagbag.py:541} INFO - Filling up the DagBag from /Users/saiprasadreddykolan/airflow_venv/lib/python3.10/site-packages/airflow/example_dags/example_datasets.py
[2024-10-28T16:43:59.132-0700] {processor.py:836} INFO - DAG(s) dict_keys(['dataset_consumes_1', 'dataset_produces_2', 'dataset_consumes_1_never_scheduled', 'dataset_consumes_1_and_2', 'dataset_produces_1', 'dataset_consumes_unknown_never_scheduled']) retrieved from /Users/saiprasadreddykolan/airflow_venv/lib/python3.10/site-packages/airflow/example_dags/example_datasets.py
[2024-10-28T16:43:59.379-0700] {logging_mixin.py:150} INFO - [2024-10-28T16:43:59.379-0700] {manager.py:504} INFO - Created Permission View: can edit on DAG:dataset_consumes_1
[2024-10-28T16:43:59.382-0700] {logging_mixin.py:150} INFO - [2024-10-28T16:43:59.382-0700] {manager.py:504} INFO - Created Permission View: can read on DAG:dataset_consumes_1
[2024-10-28T16:43:59.383-0700] {logging_mixin.py:150} INFO - [2024-10-28T16:43:59.383-0700] {manager.py:504} INFO - Created Permission View: can delete on DAG:dataset_consumes_1
[2024-10-28T16:43:59.390-0700] {logging_mixin.py:150} INFO - [2024-10-28T16:43:59.390-0700] {manager.py:504} INFO - Created Permission View: can edit on DAG:dataset_produces_2
[2024-10-28T16:43:59.392-0700] {logging_mixin.py:150} INFO - [2024-10-28T16:43:59.392-0700] {manager.py:504} INFO - Created Permission View: can read on DAG:dataset_produces_2
[2024-10-28T16:43:59.393-0700] {logging_mixin.py:150} INFO - [2024-10-28T16:43:59.393-0700] {manager.py:504} INFO - Created Permission View: can delete on DAG:dataset_produces_2
[2024-10-28T16:43:59.397-0700] {logging_mixin.py:150} INFO - [2024-10-28T16:43:59.397-0700] {manager.py:504} INFO - Created Permission View: can edit on DAG:dataset_consumes_1_never_scheduled
[2024-10-28T16:43:59.399-0700] {logging_mixin.py:150} INFO - [2024-10-28T16:43:59.399-0700] {manager.py:504} INFO - Created Permission View: can read on DAG:dataset_consumes_1_never_scheduled
[2024-10-28T16:43:59.400-0700] {logging_mixin.py:150} INFO - [2024-10-28T16:43:59.400-0700] {manager.py:504} INFO - Created Permission View: can delete on DAG:dataset_consumes_1_never_scheduled
[2024-10-28T16:43:59.405-0700] {logging_mixin.py:150} INFO - [2024-10-28T16:43:59.405-0700] {manager.py:504} INFO - Created Permission View: can edit on DAG:dataset_consumes_1_and_2
[2024-10-28T16:43:59.406-0700] {logging_mixin.py:150} INFO - [2024-10-28T16:43:59.406-0700] {manager.py:504} INFO - Created Permission View: can read on DAG:dataset_consumes_1_and_2
[2024-10-28T16:43:59.408-0700] {logging_mixin.py:150} INFO - [2024-10-28T16:43:59.408-0700] {manager.py:504} INFO - Created Permission View: can delete on DAG:dataset_consumes_1_and_2
[2024-10-28T16:43:59.412-0700] {logging_mixin.py:150} INFO - [2024-10-28T16:43:59.412-0700] {manager.py:504} INFO - Created Permission View: can edit on DAG:dataset_produces_1
[2024-10-28T16:43:59.413-0700] {logging_mixin.py:150} INFO - [2024-10-28T16:43:59.413-0700] {manager.py:504} INFO - Created Permission View: can read on DAG:dataset_produces_1
[2024-10-28T16:43:59.415-0700] {logging_mixin.py:150} INFO - [2024-10-28T16:43:59.415-0700] {manager.py:504} INFO - Created Permission View: can delete on DAG:dataset_produces_1
[2024-10-28T16:43:59.419-0700] {logging_mixin.py:150} INFO - [2024-10-28T16:43:59.419-0700] {manager.py:504} INFO - Created Permission View: can edit on DAG:dataset_consumes_unknown_never_scheduled
[2024-10-28T16:43:59.420-0700] {logging_mixin.py:150} INFO - [2024-10-28T16:43:59.420-0700] {manager.py:504} INFO - Created Permission View: can read on DAG:dataset_consumes_unknown_never_scheduled
[2024-10-28T16:43:59.422-0700] {logging_mixin.py:150} INFO - [2024-10-28T16:43:59.422-0700] {manager.py:504} INFO - Created Permission View: can delete on DAG:dataset_consumes_unknown_never_scheduled
[2024-10-28T16:43:59.423-0700] {logging_mixin.py:150} INFO - [2024-10-28T16:43:59.423-0700] {dag.py:2742} INFO - Sync 6 DAGs
[2024-10-28T16:43:59.426-0700] {logging_mixin.py:150} INFO - [2024-10-28T16:43:59.426-0700] {dag.py:2763} INFO - Creating ORM DAG for dataset_consumes_1_never_scheduled
[2024-10-28T16:43:59.426-0700] {logging_mixin.py:150} INFO - [2024-10-28T16:43:59.426-0700] {dag.py:2763} INFO - Creating ORM DAG for dataset_consumes_1
[2024-10-28T16:43:59.426-0700] {logging_mixin.py:150} INFO - [2024-10-28T16:43:59.426-0700] {dag.py:2763} INFO - Creating ORM DAG for dataset_consumes_unknown_never_scheduled
[2024-10-28T16:43:59.426-0700] {logging_mixin.py:150} INFO - [2024-10-28T16:43:59.426-0700] {dag.py:2763} INFO - Creating ORM DAG for dataset_produces_2
[2024-10-28T16:43:59.426-0700] {logging_mixin.py:150} INFO - [2024-10-28T16:43:59.426-0700] {dag.py:2763} INFO - Creating ORM DAG for dataset_consumes_1_and_2
[2024-10-28T16:43:59.427-0700] {logging_mixin.py:150} INFO - [2024-10-28T16:43:59.427-0700] {dag.py:2763} INFO - Creating ORM DAG for dataset_produces_1
[2024-10-28T16:43:59.429-0700] {logging_mixin.py:150} INFO - [2024-10-28T16:43:59.429-0700] {dag.py:3504} INFO - Setting next_dagrun for dataset_consumes_1 to None, run_after=None
[2024-10-28T16:43:59.429-0700] {logging_mixin.py:150} INFO - [2024-10-28T16:43:59.429-0700] {dag.py:3504} INFO - Setting next_dagrun for dataset_consumes_1_and_2 to None, run_after=None
[2024-10-28T16:43:59.429-0700] {logging_mixin.py:150} INFO - [2024-10-28T16:43:59.429-0700] {dag.py:3504} INFO - Setting next_dagrun for dataset_consumes_1_never_scheduled to None, run_after=None
[2024-10-28T16:43:59.429-0700] {logging_mixin.py:150} INFO - [2024-10-28T16:43:59.429-0700] {dag.py:3504} INFO - Setting next_dagrun for dataset_consumes_unknown_never_scheduled to None, run_after=None
[2024-10-28T16:43:59.430-0700] {logging_mixin.py:150} INFO - [2024-10-28T16:43:59.430-0700] {dag.py:3504} INFO - Setting next_dagrun for dataset_produces_1 to 2024-10-27T00:00:00+00:00, run_after=2024-10-28T00:00:00+00:00
[2024-10-28T16:43:59.430-0700] {logging_mixin.py:150} INFO - [2024-10-28T16:43:59.430-0700] {dag.py:3504} INFO - Setting next_dagrun for dataset_produces_2 to None, run_after=None
[2024-10-28T16:43:59.441-0700] {processor.py:179} INFO - Processing /Users/saiprasadreddykolan/airflow_venv/lib/python3.10/site-packages/airflow/example_dags/example_datasets.py took 0.320 seconds
[2024-10-28T16:45:32.603-0700] {processor.py:157} INFO - Started process (PID=69028) to work on /Users/saiprasadreddykolan/airflow_venv/lib/python3.10/site-packages/airflow/example_dags/example_datasets.py
[2024-10-28T16:45:32.606-0700] {processor.py:826} INFO - Processing file /Users/saiprasadreddykolan/airflow_venv/lib/python3.10/site-packages/airflow/example_dags/example_datasets.py for tasks to queue
[2024-10-28T16:45:32.606-0700] {logging_mixin.py:150} INFO - [2024-10-28T16:45:32.606-0700] {dagbag.py:541} INFO - Filling up the DagBag from /Users/saiprasadreddykolan/airflow_venv/lib/python3.10/site-packages/airflow/example_dags/example_datasets.py
[2024-10-28T16:45:32.615-0700] {processor.py:836} INFO - DAG(s) dict_keys(['dataset_consumes_unknown_never_scheduled', 'dataset_consumes_1_and_2', 'dataset_produces_2', 'dataset_consumes_1_never_scheduled', 'dataset_consumes_1', 'dataset_produces_1']) retrieved from /Users/saiprasadreddykolan/airflow_venv/lib/python3.10/site-packages/airflow/example_dags/example_datasets.py
[2024-10-28T16:45:32.835-0700] {logging_mixin.py:150} INFO - [2024-10-28T16:45:32.835-0700] {dag.py:2742} INFO - Sync 6 DAGs
[2024-10-28T16:45:32.841-0700] {logging_mixin.py:150} INFO - [2024-10-28T16:45:32.841-0700] {dag.py:3504} INFO - Setting next_dagrun for dataset_consumes_1 to None, run_after=None
[2024-10-28T16:45:32.842-0700] {logging_mixin.py:150} INFO - [2024-10-28T16:45:32.842-0700] {dag.py:3504} INFO - Setting next_dagrun for dataset_consumes_1_and_2 to None, run_after=None
[2024-10-28T16:45:32.842-0700] {logging_mixin.py:150} INFO - [2024-10-28T16:45:32.842-0700] {dag.py:3504} INFO - Setting next_dagrun for dataset_consumes_1_never_scheduled to None, run_after=None
[2024-10-28T16:45:32.843-0700] {logging_mixin.py:150} INFO - [2024-10-28T16:45:32.843-0700] {dag.py:3504} INFO - Setting next_dagrun for dataset_consumes_unknown_never_scheduled to None, run_after=None
[2024-10-28T16:45:32.843-0700] {logging_mixin.py:150} INFO - [2024-10-28T16:45:32.843-0700] {dag.py:3504} INFO - Setting next_dagrun for dataset_produces_1 to 2024-10-27T00:00:00+00:00, run_after=2024-10-28T00:00:00+00:00
[2024-10-28T16:45:32.844-0700] {logging_mixin.py:150} INFO - [2024-10-28T16:45:32.844-0700] {dag.py:3504} INFO - Setting next_dagrun for dataset_produces_2 to None, run_after=None
[2024-10-28T16:45:32.853-0700] {processor.py:179} INFO - Processing /Users/saiprasadreddykolan/airflow_venv/lib/python3.10/site-packages/airflow/example_dags/example_datasets.py took 0.250 seconds
[2024-10-28T16:47:08.144-0700] {processor.py:157} INFO - Started process (PID=69105) to work on /Users/saiprasadreddykolan/airflow_venv/lib/python3.10/site-packages/airflow/example_dags/example_datasets.py
[2024-10-28T16:47:08.146-0700] {processor.py:826} INFO - Processing file /Users/saiprasadreddykolan/airflow_venv/lib/python3.10/site-packages/airflow/example_dags/example_datasets.py for tasks to queue
[2024-10-28T16:47:08.147-0700] {logging_mixin.py:150} INFO - [2024-10-28T16:47:08.146-0700] {dagbag.py:541} INFO - Filling up the DagBag from /Users/saiprasadreddykolan/airflow_venv/lib/python3.10/site-packages/airflow/example_dags/example_datasets.py
[2024-10-28T16:47:08.156-0700] {processor.py:836} INFO - DAG(s) dict_keys(['dataset_consumes_1_never_scheduled', 'dataset_produces_2', 'dataset_consumes_1_and_2', 'dataset_consumes_unknown_never_scheduled', 'dataset_produces_1', 'dataset_consumes_1']) retrieved from /Users/saiprasadreddykolan/airflow_venv/lib/python3.10/site-packages/airflow/example_dags/example_datasets.py
[2024-10-28T16:47:08.403-0700] {logging_mixin.py:150} INFO - [2024-10-28T16:47:08.403-0700] {dag.py:2742} INFO - Sync 6 DAGs
[2024-10-28T16:47:08.409-0700] {logging_mixin.py:150} INFO - [2024-10-28T16:47:08.409-0700] {dag.py:3504} INFO - Setting next_dagrun for dataset_consumes_1 to None, run_after=None
[2024-10-28T16:47:08.410-0700] {logging_mixin.py:150} INFO - [2024-10-28T16:47:08.410-0700] {dag.py:3504} INFO - Setting next_dagrun for dataset_consumes_1_and_2 to None, run_after=None
[2024-10-28T16:47:08.410-0700] {logging_mixin.py:150} INFO - [2024-10-28T16:47:08.410-0700] {dag.py:3504} INFO - Setting next_dagrun for dataset_consumes_1_never_scheduled to None, run_after=None
[2024-10-28T16:47:08.411-0700] {logging_mixin.py:150} INFO - [2024-10-28T16:47:08.411-0700] {dag.py:3504} INFO - Setting next_dagrun for dataset_consumes_unknown_never_scheduled to None, run_after=None
[2024-10-28T16:47:08.411-0700] {logging_mixin.py:150} INFO - [2024-10-28T16:47:08.411-0700] {dag.py:3504} INFO - Setting next_dagrun for dataset_produces_1 to 2024-10-27T00:00:00+00:00, run_after=2024-10-28T00:00:00+00:00
[2024-10-28T16:47:08.412-0700] {logging_mixin.py:150} INFO - [2024-10-28T16:47:08.412-0700] {dag.py:3504} INFO - Setting next_dagrun for dataset_produces_2 to None, run_after=None
[2024-10-28T16:47:08.422-0700] {processor.py:179} INFO - Processing /Users/saiprasadreddykolan/airflow_venv/lib/python3.10/site-packages/airflow/example_dags/example_datasets.py took 0.279 seconds
[2024-10-28T16:48:38.124-0700] {processor.py:157} INFO - Started process (PID=69189) to work on /Users/saiprasadreddykolan/airflow_venv/lib/python3.10/site-packages/airflow/example_dags/example_datasets.py
[2024-10-28T16:48:38.126-0700] {processor.py:826} INFO - Processing file /Users/saiprasadreddykolan/airflow_venv/lib/python3.10/site-packages/airflow/example_dags/example_datasets.py for tasks to queue
[2024-10-28T16:48:38.126-0700] {logging_mixin.py:150} INFO - [2024-10-28T16:48:38.126-0700] {dagbag.py:541} INFO - Filling up the DagBag from /Users/saiprasadreddykolan/airflow_venv/lib/python3.10/site-packages/airflow/example_dags/example_datasets.py
[2024-10-28T16:48:38.135-0700] {processor.py:836} INFO - DAG(s) dict_keys(['dataset_consumes_1', 'dataset_consumes_unknown_never_scheduled', 'dataset_consumes_1_and_2', 'dataset_consumes_1_never_scheduled', 'dataset_produces_1', 'dataset_produces_2']) retrieved from /Users/saiprasadreddykolan/airflow_venv/lib/python3.10/site-packages/airflow/example_dags/example_datasets.py
[2024-10-28T16:48:38.363-0700] {logging_mixin.py:150} INFO - [2024-10-28T16:48:38.363-0700] {dag.py:2742} INFO - Sync 6 DAGs
[2024-10-28T16:48:38.371-0700] {logging_mixin.py:150} INFO - [2024-10-28T16:48:38.371-0700] {dag.py:3504} INFO - Setting next_dagrun for dataset_consumes_1 to None, run_after=None
[2024-10-28T16:48:38.372-0700] {logging_mixin.py:150} INFO - [2024-10-28T16:48:38.372-0700] {dag.py:3504} INFO - Setting next_dagrun for dataset_consumes_1_and_2 to None, run_after=None
[2024-10-28T16:48:38.372-0700] {logging_mixin.py:150} INFO - [2024-10-28T16:48:38.372-0700] {dag.py:3504} INFO - Setting next_dagrun for dataset_consumes_1_never_scheduled to None, run_after=None
[2024-10-28T16:48:38.372-0700] {logging_mixin.py:150} INFO - [2024-10-28T16:48:38.372-0700] {dag.py:3504} INFO - Setting next_dagrun for dataset_consumes_unknown_never_scheduled to None, run_after=None
[2024-10-28T16:48:38.373-0700] {logging_mixin.py:150} INFO - [2024-10-28T16:48:38.373-0700] {dag.py:3504} INFO - Setting next_dagrun for dataset_produces_1 to 2024-10-27T00:00:00+00:00, run_after=2024-10-28T00:00:00+00:00
[2024-10-28T16:48:38.373-0700] {logging_mixin.py:150} INFO - [2024-10-28T16:48:38.373-0700] {dag.py:3504} INFO - Setting next_dagrun for dataset_produces_2 to None, run_after=None
[2024-10-28T16:48:38.382-0700] {processor.py:179} INFO - Processing /Users/saiprasadreddykolan/airflow_venv/lib/python3.10/site-packages/airflow/example_dags/example_datasets.py took 0.258 seconds
[2024-10-28T16:50:08.493-0700] {processor.py:157} INFO - Started process (PID=69256) to work on /Users/saiprasadreddykolan/airflow_venv/lib/python3.10/site-packages/airflow/example_dags/example_datasets.py
[2024-10-28T16:50:08.495-0700] {processor.py:826} INFO - Processing file /Users/saiprasadreddykolan/airflow_venv/lib/python3.10/site-packages/airflow/example_dags/example_datasets.py for tasks to queue
[2024-10-28T16:50:08.496-0700] {logging_mixin.py:150} INFO - [2024-10-28T16:50:08.496-0700] {dagbag.py:541} INFO - Filling up the DagBag from /Users/saiprasadreddykolan/airflow_venv/lib/python3.10/site-packages/airflow/example_dags/example_datasets.py
[2024-10-28T16:50:08.505-0700] {processor.py:836} INFO - DAG(s) dict_keys(['dataset_produces_1', 'dataset_consumes_1_and_2', 'dataset_produces_2', 'dataset_consumes_1', 'dataset_consumes_unknown_never_scheduled', 'dataset_consumes_1_never_scheduled']) retrieved from /Users/saiprasadreddykolan/airflow_venv/lib/python3.10/site-packages/airflow/example_dags/example_datasets.py
[2024-10-28T16:50:08.725-0700] {logging_mixin.py:150} INFO - [2024-10-28T16:50:08.725-0700] {dag.py:2742} INFO - Sync 6 DAGs
[2024-10-28T16:50:08.732-0700] {logging_mixin.py:150} INFO - [2024-10-28T16:50:08.732-0700] {dag.py:3504} INFO - Setting next_dagrun for dataset_consumes_1 to None, run_after=None
[2024-10-28T16:50:08.733-0700] {logging_mixin.py:150} INFO - [2024-10-28T16:50:08.733-0700] {dag.py:3504} INFO - Setting next_dagrun for dataset_consumes_1_and_2 to None, run_after=None
[2024-10-28T16:50:08.734-0700] {logging_mixin.py:150} INFO - [2024-10-28T16:50:08.734-0700] {dag.py:3504} INFO - Setting next_dagrun for dataset_consumes_1_never_scheduled to None, run_after=None
[2024-10-28T16:50:08.734-0700] {logging_mixin.py:150} INFO - [2024-10-28T16:50:08.734-0700] {dag.py:3504} INFO - Setting next_dagrun for dataset_consumes_unknown_never_scheduled to None, run_after=None
[2024-10-28T16:50:08.735-0700] {logging_mixin.py:150} INFO - [2024-10-28T16:50:08.735-0700] {dag.py:3504} INFO - Setting next_dagrun for dataset_produces_1 to 2024-10-27T00:00:00+00:00, run_after=2024-10-28T00:00:00+00:00
[2024-10-28T16:50:08.735-0700] {logging_mixin.py:150} INFO - [2024-10-28T16:50:08.735-0700] {dag.py:3504} INFO - Setting next_dagrun for dataset_produces_2 to None, run_after=None
[2024-10-28T16:50:08.744-0700] {processor.py:179} INFO - Processing /Users/saiprasadreddykolan/airflow_venv/lib/python3.10/site-packages/airflow/example_dags/example_datasets.py took 0.251 seconds
[2024-10-28T16:51:48.118-0700] {processor.py:157} INFO - Started process (PID=69321) to work on /Users/saiprasadreddykolan/airflow_venv/lib/python3.10/site-packages/airflow/example_dags/example_datasets.py
[2024-10-28T16:51:48.120-0700] {processor.py:826} INFO - Processing file /Users/saiprasadreddykolan/airflow_venv/lib/python3.10/site-packages/airflow/example_dags/example_datasets.py for tasks to queue
[2024-10-28T16:51:48.120-0700] {logging_mixin.py:150} INFO - [2024-10-28T16:51:48.120-0700] {dagbag.py:541} INFO - Filling up the DagBag from /Users/saiprasadreddykolan/airflow_venv/lib/python3.10/site-packages/airflow/example_dags/example_datasets.py
[2024-10-28T16:51:48.129-0700] {processor.py:836} INFO - DAG(s) dict_keys(['dataset_consumes_unknown_never_scheduled', 'dataset_produces_2', 'dataset_produces_1', 'dataset_consumes_1_never_scheduled', 'dataset_consumes_1', 'dataset_consumes_1_and_2']) retrieved from /Users/saiprasadreddykolan/airflow_venv/lib/python3.10/site-packages/airflow/example_dags/example_datasets.py
[2024-10-28T16:51:48.353-0700] {logging_mixin.py:150} INFO - [2024-10-28T16:51:48.353-0700] {dag.py:2742} INFO - Sync 6 DAGs
[2024-10-28T16:51:48.359-0700] {logging_mixin.py:150} INFO - [2024-10-28T16:51:48.359-0700] {dag.py:3504} INFO - Setting next_dagrun for dataset_consumes_1 to None, run_after=None
[2024-10-28T16:51:48.360-0700] {logging_mixin.py:150} INFO - [2024-10-28T16:51:48.360-0700] {dag.py:3504} INFO - Setting next_dagrun for dataset_consumes_1_and_2 to None, run_after=None
[2024-10-28T16:51:48.360-0700] {logging_mixin.py:150} INFO - [2024-10-28T16:51:48.360-0700] {dag.py:3504} INFO - Setting next_dagrun for dataset_consumes_1_never_scheduled to None, run_after=None
[2024-10-28T16:51:48.360-0700] {logging_mixin.py:150} INFO - [2024-10-28T16:51:48.360-0700] {dag.py:3504} INFO - Setting next_dagrun for dataset_consumes_unknown_never_scheduled to None, run_after=None
[2024-10-28T16:51:48.361-0700] {logging_mixin.py:150} INFO - [2024-10-28T16:51:48.361-0700] {dag.py:3504} INFO - Setting next_dagrun for dataset_produces_1 to 2024-10-27T00:00:00+00:00, run_after=2024-10-28T00:00:00+00:00
[2024-10-28T16:51:48.361-0700] {logging_mixin.py:150} INFO - [2024-10-28T16:51:48.361-0700] {dag.py:3504} INFO - Setting next_dagrun for dataset_produces_2 to None, run_after=None
[2024-10-28T16:51:48.371-0700] {processor.py:179} INFO - Processing /Users/saiprasadreddykolan/airflow_venv/lib/python3.10/site-packages/airflow/example_dags/example_datasets.py took 0.254 seconds
[2024-10-28T16:53:21.133-0700] {processor.py:157} INFO - Started process (PID=69400) to work on /Users/saiprasadreddykolan/airflow_venv/lib/python3.10/site-packages/airflow/example_dags/example_datasets.py
[2024-10-28T16:53:21.135-0700] {processor.py:826} INFO - Processing file /Users/saiprasadreddykolan/airflow_venv/lib/python3.10/site-packages/airflow/example_dags/example_datasets.py for tasks to queue
[2024-10-28T16:53:21.135-0700] {logging_mixin.py:150} INFO - [2024-10-28T16:53:21.135-0700] {dagbag.py:541} INFO - Filling up the DagBag from /Users/saiprasadreddykolan/airflow_venv/lib/python3.10/site-packages/airflow/example_dags/example_datasets.py
[2024-10-28T16:53:21.144-0700] {processor.py:836} INFO - DAG(s) dict_keys(['dataset_produces_1', 'dataset_consumes_1_and_2', 'dataset_produces_2', 'dataset_consumes_1_never_scheduled', 'dataset_consumes_unknown_never_scheduled', 'dataset_consumes_1']) retrieved from /Users/saiprasadreddykolan/airflow_venv/lib/python3.10/site-packages/airflow/example_dags/example_datasets.py
[2024-10-28T16:53:21.367-0700] {logging_mixin.py:150} INFO - [2024-10-28T16:53:21.366-0700] {dag.py:2742} INFO - Sync 6 DAGs
[2024-10-28T16:53:21.373-0700] {logging_mixin.py:150} INFO - [2024-10-28T16:53:21.373-0700] {dag.py:3504} INFO - Setting next_dagrun for dataset_consumes_1 to None, run_after=None
[2024-10-28T16:53:21.375-0700] {logging_mixin.py:150} INFO - [2024-10-28T16:53:21.375-0700] {dag.py:3504} INFO - Setting next_dagrun for dataset_consumes_1_and_2 to None, run_after=None
[2024-10-28T16:53:21.375-0700] {logging_mixin.py:150} INFO - [2024-10-28T16:53:21.375-0700] {dag.py:3504} INFO - Setting next_dagrun for dataset_consumes_1_never_scheduled to None, run_after=None
[2024-10-28T16:53:21.375-0700] {logging_mixin.py:150} INFO - [2024-10-28T16:53:21.375-0700] {dag.py:3504} INFO - Setting next_dagrun for dataset_consumes_unknown_never_scheduled to None, run_after=None
[2024-10-28T16:53:21.376-0700] {logging_mixin.py:150} INFO - [2024-10-28T16:53:21.376-0700] {dag.py:3504} INFO - Setting next_dagrun for dataset_produces_1 to 2024-10-27T00:00:00+00:00, run_after=2024-10-28T00:00:00+00:00
[2024-10-28T16:53:21.376-0700] {logging_mixin.py:150} INFO - [2024-10-28T16:53:21.376-0700] {dag.py:3504} INFO - Setting next_dagrun for dataset_produces_2 to None, run_after=None
[2024-10-28T16:53:21.385-0700] {processor.py:179} INFO - Processing /Users/saiprasadreddykolan/airflow_venv/lib/python3.10/site-packages/airflow/example_dags/example_datasets.py took 0.252 seconds
[2024-10-28T16:54:49.689-0700] {processor.py:157} INFO - Started process (PID=69471) to work on /Users/saiprasadreddykolan/airflow_venv/lib/python3.10/site-packages/airflow/example_dags/example_datasets.py
[2024-10-28T16:54:49.692-0700] {processor.py:826} INFO - Processing file /Users/saiprasadreddykolan/airflow_venv/lib/python3.10/site-packages/airflow/example_dags/example_datasets.py for tasks to queue
[2024-10-28T16:54:49.692-0700] {logging_mixin.py:150} INFO - [2024-10-28T16:54:49.692-0700] {dagbag.py:541} INFO - Filling up the DagBag from /Users/saiprasadreddykolan/airflow_venv/lib/python3.10/site-packages/airflow/example_dags/example_datasets.py
[2024-10-28T16:54:49.701-0700] {processor.py:836} INFO - DAG(s) dict_keys(['dataset_consumes_1', 'dataset_consumes_1_and_2', 'dataset_produces_1', 'dataset_consumes_1_never_scheduled', 'dataset_produces_2', 'dataset_consumes_unknown_never_scheduled']) retrieved from /Users/saiprasadreddykolan/airflow_venv/lib/python3.10/site-packages/airflow/example_dags/example_datasets.py
[2024-10-28T16:54:49.922-0700] {logging_mixin.py:150} INFO - [2024-10-28T16:54:49.922-0700] {dag.py:2742} INFO - Sync 6 DAGs
[2024-10-28T16:54:49.929-0700] {logging_mixin.py:150} INFO - [2024-10-28T16:54:49.929-0700] {dag.py:3504} INFO - Setting next_dagrun for dataset_consumes_1 to None, run_after=None
[2024-10-28T16:54:49.929-0700] {logging_mixin.py:150} INFO - [2024-10-28T16:54:49.929-0700] {dag.py:3504} INFO - Setting next_dagrun for dataset_consumes_1_and_2 to None, run_after=None
[2024-10-28T16:54:49.930-0700] {logging_mixin.py:150} INFO - [2024-10-28T16:54:49.930-0700] {dag.py:3504} INFO - Setting next_dagrun for dataset_consumes_1_never_scheduled to None, run_after=None
[2024-10-28T16:54:49.930-0700] {logging_mixin.py:150} INFO - [2024-10-28T16:54:49.930-0700] {dag.py:3504} INFO - Setting next_dagrun for dataset_consumes_unknown_never_scheduled to None, run_after=None
[2024-10-28T16:54:49.931-0700] {logging_mixin.py:150} INFO - [2024-10-28T16:54:49.931-0700] {dag.py:3504} INFO - Setting next_dagrun for dataset_produces_1 to 2024-10-27T00:00:00+00:00, run_after=2024-10-28T00:00:00+00:00
[2024-10-28T16:54:49.931-0700] {logging_mixin.py:150} INFO - [2024-10-28T16:54:49.931-0700] {dag.py:3504} INFO - Setting next_dagrun for dataset_produces_2 to None, run_after=None
[2024-10-28T16:54:49.939-0700] {processor.py:179} INFO - Processing /Users/saiprasadreddykolan/airflow_venv/lib/python3.10/site-packages/airflow/example_dags/example_datasets.py took 0.250 seconds
[2024-10-28T16:56:30.665-0700] {processor.py:157} INFO - Started process (PID=69535) to work on /Users/saiprasadreddykolan/airflow_venv/lib/python3.10/site-packages/airflow/example_dags/example_datasets.py
[2024-10-28T16:56:30.668-0700] {processor.py:826} INFO - Processing file /Users/saiprasadreddykolan/airflow_venv/lib/python3.10/site-packages/airflow/example_dags/example_datasets.py for tasks to queue
[2024-10-28T16:56:30.668-0700] {logging_mixin.py:150} INFO - [2024-10-28T16:56:30.668-0700] {dagbag.py:541} INFO - Filling up the DagBag from /Users/saiprasadreddykolan/airflow_venv/lib/python3.10/site-packages/airflow/example_dags/example_datasets.py
[2024-10-28T16:56:30.677-0700] {processor.py:836} INFO - DAG(s) dict_keys(['dataset_produces_2', 'dataset_consumes_1', 'dataset_consumes_1_and_2', 'dataset_consumes_1_never_scheduled', 'dataset_consumes_unknown_never_scheduled', 'dataset_produces_1']) retrieved from /Users/saiprasadreddykolan/airflow_venv/lib/python3.10/site-packages/airflow/example_dags/example_datasets.py
[2024-10-28T16:56:30.903-0700] {logging_mixin.py:150} INFO - [2024-10-28T16:56:30.903-0700] {dag.py:2742} INFO - Sync 6 DAGs
[2024-10-28T16:56:30.909-0700] {logging_mixin.py:150} INFO - [2024-10-28T16:56:30.909-0700] {dag.py:3504} INFO - Setting next_dagrun for dataset_consumes_1 to None, run_after=None
[2024-10-28T16:56:30.910-0700] {logging_mixin.py:150} INFO - [2024-10-28T16:56:30.910-0700] {dag.py:3504} INFO - Setting next_dagrun for dataset_consumes_1_and_2 to None, run_after=None
[2024-10-28T16:56:30.910-0700] {logging_mixin.py:150} INFO - [2024-10-28T16:56:30.910-0700] {dag.py:3504} INFO - Setting next_dagrun for dataset_consumes_1_never_scheduled to None, run_after=None
[2024-10-28T16:56:30.910-0700] {logging_mixin.py:150} INFO - [2024-10-28T16:56:30.910-0700] {dag.py:3504} INFO - Setting next_dagrun for dataset_consumes_unknown_never_scheduled to None, run_after=None
[2024-10-28T16:56:30.911-0700] {logging_mixin.py:150} INFO - [2024-10-28T16:56:30.911-0700] {dag.py:3504} INFO - Setting next_dagrun for dataset_produces_1 to 2024-10-27T00:00:00+00:00, run_after=2024-10-28T00:00:00+00:00
[2024-10-28T16:56:30.911-0700] {logging_mixin.py:150} INFO - [2024-10-28T16:56:30.911-0700] {dag.py:3504} INFO - Setting next_dagrun for dataset_produces_2 to None, run_after=None
[2024-10-28T16:56:30.920-0700] {processor.py:179} INFO - Processing /Users/saiprasadreddykolan/airflow_venv/lib/python3.10/site-packages/airflow/example_dags/example_datasets.py took 0.255 seconds
[2024-10-28T16:58:00.390-0700] {processor.py:157} INFO - Started process (PID=69610) to work on /Users/saiprasadreddykolan/airflow_venv/lib/python3.10/site-packages/airflow/example_dags/example_datasets.py
[2024-10-28T16:58:00.392-0700] {processor.py:826} INFO - Processing file /Users/saiprasadreddykolan/airflow_venv/lib/python3.10/site-packages/airflow/example_dags/example_datasets.py for tasks to queue
[2024-10-28T16:58:00.392-0700] {logging_mixin.py:150} INFO - [2024-10-28T16:58:00.392-0700] {dagbag.py:541} INFO - Filling up the DagBag from /Users/saiprasadreddykolan/airflow_venv/lib/python3.10/site-packages/airflow/example_dags/example_datasets.py
[2024-10-28T16:58:00.401-0700] {processor.py:836} INFO - DAG(s) dict_keys(['dataset_produces_2', 'dataset_consumes_1_and_2', 'dataset_consumes_1_never_scheduled', 'dataset_produces_1', 'dataset_consumes_unknown_never_scheduled', 'dataset_consumes_1']) retrieved from /Users/saiprasadreddykolan/airflow_venv/lib/python3.10/site-packages/airflow/example_dags/example_datasets.py
[2024-10-28T16:58:00.624-0700] {logging_mixin.py:150} INFO - [2024-10-28T16:58:00.624-0700] {dag.py:2742} INFO - Sync 6 DAGs
[2024-10-28T16:58:00.630-0700] {logging_mixin.py:150} INFO - [2024-10-28T16:58:00.630-0700] {dag.py:3504} INFO - Setting next_dagrun for dataset_consumes_1 to None, run_after=None
[2024-10-28T16:58:00.631-0700] {logging_mixin.py:150} INFO - [2024-10-28T16:58:00.631-0700] {dag.py:3504} INFO - Setting next_dagrun for dataset_consumes_1_and_2 to None, run_after=None
[2024-10-28T16:58:00.631-0700] {logging_mixin.py:150} INFO - [2024-10-28T16:58:00.631-0700] {dag.py:3504} INFO - Setting next_dagrun for dataset_consumes_1_never_scheduled to None, run_after=None
[2024-10-28T16:58:00.632-0700] {logging_mixin.py:150} INFO - [2024-10-28T16:58:00.632-0700] {dag.py:3504} INFO - Setting next_dagrun for dataset_consumes_unknown_never_scheduled to None, run_after=None
[2024-10-28T16:58:00.632-0700] {logging_mixin.py:150} INFO - [2024-10-28T16:58:00.632-0700] {dag.py:3504} INFO - Setting next_dagrun for dataset_produces_1 to 2024-10-27T00:00:00+00:00, run_after=2024-10-28T00:00:00+00:00
[2024-10-28T16:58:00.633-0700] {logging_mixin.py:150} INFO - [2024-10-28T16:58:00.632-0700] {dag.py:3504} INFO - Setting next_dagrun for dataset_produces_2 to None, run_after=None
[2024-10-28T16:58:00.641-0700] {processor.py:179} INFO - Processing /Users/saiprasadreddykolan/airflow_venv/lib/python3.10/site-packages/airflow/example_dags/example_datasets.py took 0.252 seconds
[2024-10-28T16:59:34.927-0700] {processor.py:157} INFO - Started process (PID=69693) to work on /Users/saiprasadreddykolan/airflow_venv/lib/python3.10/site-packages/airflow/example_dags/example_datasets.py
[2024-10-28T16:59:34.929-0700] {processor.py:826} INFO - Processing file /Users/saiprasadreddykolan/airflow_venv/lib/python3.10/site-packages/airflow/example_dags/example_datasets.py for tasks to queue
[2024-10-28T16:59:34.929-0700] {logging_mixin.py:150} INFO - [2024-10-28T16:59:34.929-0700] {dagbag.py:541} INFO - Filling up the DagBag from /Users/saiprasadreddykolan/airflow_venv/lib/python3.10/site-packages/airflow/example_dags/example_datasets.py
[2024-10-28T16:59:34.937-0700] {processor.py:836} INFO - DAG(s) dict_keys(['dataset_consumes_1_never_scheduled', 'dataset_produces_2', 'dataset_consumes_unknown_never_scheduled', 'dataset_consumes_1_and_2', 'dataset_consumes_1', 'dataset_produces_1']) retrieved from /Users/saiprasadreddykolan/airflow_venv/lib/python3.10/site-packages/airflow/example_dags/example_datasets.py
[2024-10-28T16:59:35.162-0700] {logging_mixin.py:150} INFO - [2024-10-28T16:59:35.162-0700] {dag.py:2742} INFO - Sync 6 DAGs
[2024-10-28T16:59:35.168-0700] {logging_mixin.py:150} INFO - [2024-10-28T16:59:35.168-0700] {dag.py:3504} INFO - Setting next_dagrun for dataset_consumes_1 to None, run_after=None
[2024-10-28T16:59:35.169-0700] {logging_mixin.py:150} INFO - [2024-10-28T16:59:35.169-0700] {dag.py:3504} INFO - Setting next_dagrun for dataset_consumes_1_and_2 to None, run_after=None
[2024-10-28T16:59:35.169-0700] {logging_mixin.py:150} INFO - [2024-10-28T16:59:35.169-0700] {dag.py:3504} INFO - Setting next_dagrun for dataset_consumes_1_never_scheduled to None, run_after=None
[2024-10-28T16:59:35.169-0700] {logging_mixin.py:150} INFO - [2024-10-28T16:59:35.169-0700] {dag.py:3504} INFO - Setting next_dagrun for dataset_consumes_unknown_never_scheduled to None, run_after=None
[2024-10-28T16:59:35.170-0700] {logging_mixin.py:150} INFO - [2024-10-28T16:59:35.170-0700] {dag.py:3504} INFO - Setting next_dagrun for dataset_produces_1 to 2024-10-27T00:00:00+00:00, run_after=2024-10-28T00:00:00+00:00
[2024-10-28T16:59:35.170-0700] {logging_mixin.py:150} INFO - [2024-10-28T16:59:35.170-0700] {dag.py:3504} INFO - Setting next_dagrun for dataset_produces_2 to None, run_after=None
[2024-10-28T16:59:35.179-0700] {processor.py:179} INFO - Processing /Users/saiprasadreddykolan/airflow_venv/lib/python3.10/site-packages/airflow/example_dags/example_datasets.py took 0.252 seconds
