[2024-10-28T16:43:45.709-0700] {processor.py:157} INFO - Started process (PID=68919) to work on /Users/saiprasadreddykolan/airflow_venv/lib/python3.10/site-packages/airflow/example_dags/example_nested_branch_dag.py
[2024-10-28T16:43:45.711-0700] {processor.py:826} INFO - Processing file /Users/saiprasadreddykolan/airflow_venv/lib/python3.10/site-packages/airflow/example_dags/example_nested_branch_dag.py for tasks to queue
[2024-10-28T16:43:45.711-0700] {logging_mixin.py:150} INFO - [2024-10-28T16:43:45.711-0700] {dagbag.py:541} INFO - Filling up the DagBag from /Users/saiprasadreddykolan/airflow_venv/lib/python3.10/site-packages/airflow/example_dags/example_nested_branch_dag.py
[2024-10-28T16:43:45.729-0700] {processor.py:836} INFO - DAG(s) dict_keys(['example_nested_branch_dag']) retrieved from /Users/saiprasadreddykolan/airflow_venv/lib/python3.10/site-packages/airflow/example_dags/example_nested_branch_dag.py
[2024-10-28T16:43:45.963-0700] {logging_mixin.py:150} INFO - [2024-10-28T16:43:45.963-0700] {manager.py:504} INFO - Created Permission View: can read on DAG:example_nested_branch_dag
[2024-10-28T16:43:45.966-0700] {logging_mixin.py:150} INFO - [2024-10-28T16:43:45.966-0700] {manager.py:504} INFO - Created Permission View: can delete on DAG:example_nested_branch_dag
[2024-10-28T16:43:45.967-0700] {logging_mixin.py:150} INFO - [2024-10-28T16:43:45.967-0700] {manager.py:504} INFO - Created Permission View: can edit on DAG:example_nested_branch_dag
[2024-10-28T16:43:45.970-0700] {logging_mixin.py:150} INFO - [2024-10-28T16:43:45.970-0700] {dag.py:2742} INFO - Sync 1 DAGs
[2024-10-28T16:43:45.973-0700] {logging_mixin.py:150} INFO - [2024-10-28T16:43:45.973-0700] {dag.py:2763} INFO - Creating ORM DAG for example_nested_branch_dag
[2024-10-28T16:43:45.976-0700] {logging_mixin.py:150} INFO - [2024-10-28T16:43:45.976-0700] {dag.py:3504} INFO - Setting next_dagrun for example_nested_branch_dag to 2024-10-27T00:00:00+00:00, run_after=2024-10-28T00:00:00+00:00
[2024-10-28T16:43:45.982-0700] {processor.py:179} INFO - Processing /Users/saiprasadreddykolan/airflow_venv/lib/python3.10/site-packages/airflow/example_dags/example_nested_branch_dag.py took 0.273 seconds
[2024-10-28T16:45:18.891-0700] {processor.py:157} INFO - Started process (PID=69020) to work on /Users/saiprasadreddykolan/airflow_venv/lib/python3.10/site-packages/airflow/example_dags/example_nested_branch_dag.py
[2024-10-28T16:45:18.893-0700] {processor.py:826} INFO - Processing file /Users/saiprasadreddykolan/airflow_venv/lib/python3.10/site-packages/airflow/example_dags/example_nested_branch_dag.py for tasks to queue
[2024-10-28T16:45:18.893-0700] {logging_mixin.py:150} INFO - [2024-10-28T16:45:18.893-0700] {dagbag.py:541} INFO - Filling up the DagBag from /Users/saiprasadreddykolan/airflow_venv/lib/python3.10/site-packages/airflow/example_dags/example_nested_branch_dag.py
[2024-10-28T16:45:18.912-0700] {processor.py:836} INFO - DAG(s) dict_keys(['example_nested_branch_dag']) retrieved from /Users/saiprasadreddykolan/airflow_venv/lib/python3.10/site-packages/airflow/example_dags/example_nested_branch_dag.py
[2024-10-28T16:45:19.144-0700] {logging_mixin.py:150} INFO - [2024-10-28T16:45:19.144-0700] {dag.py:2742} INFO - Sync 1 DAGs
[2024-10-28T16:45:19.150-0700] {logging_mixin.py:150} INFO - [2024-10-28T16:45:19.150-0700] {dag.py:3504} INFO - Setting next_dagrun for example_nested_branch_dag to 2024-10-27T00:00:00+00:00, run_after=2024-10-28T00:00:00+00:00
[2024-10-28T16:45:19.158-0700] {processor.py:179} INFO - Processing /Users/saiprasadreddykolan/airflow_venv/lib/python3.10/site-packages/airflow/example_dags/example_nested_branch_dag.py took 0.267 seconds
[2024-10-28T16:46:36.550-0700] {processor.py:157} INFO - Started process (PID=69078) to work on /Users/saiprasadreddykolan/airflow_venv/lib/python3.10/site-packages/airflow/example_dags/example_nested_branch_dag.py
[2024-10-28T16:46:36.552-0700] {processor.py:826} INFO - Processing file /Users/saiprasadreddykolan/airflow_venv/lib/python3.10/site-packages/airflow/example_dags/example_nested_branch_dag.py for tasks to queue
[2024-10-28T16:46:36.553-0700] {logging_mixin.py:150} INFO - [2024-10-28T16:46:36.553-0700] {dagbag.py:541} INFO - Filling up the DagBag from /Users/saiprasadreddykolan/airflow_venv/lib/python3.10/site-packages/airflow/example_dags/example_nested_branch_dag.py
[2024-10-28T16:46:36.572-0700] {processor.py:836} INFO - DAG(s) dict_keys(['example_nested_branch_dag']) retrieved from /Users/saiprasadreddykolan/airflow_venv/lib/python3.10/site-packages/airflow/example_dags/example_nested_branch_dag.py
[2024-10-28T16:46:36.794-0700] {logging_mixin.py:150} INFO - [2024-10-28T16:46:36.794-0700] {dag.py:2742} INFO - Sync 1 DAGs
[2024-10-28T16:46:36.800-0700] {logging_mixin.py:150} INFO - [2024-10-28T16:46:36.800-0700] {dag.py:3504} INFO - Setting next_dagrun for example_nested_branch_dag to 2024-10-27T00:00:00+00:00, run_after=2024-10-28T00:00:00+00:00
[2024-10-28T16:46:36.805-0700] {processor.py:179} INFO - Processing /Users/saiprasadreddykolan/airflow_venv/lib/python3.10/site-packages/airflow/example_dags/example_nested_branch_dag.py took 0.255 seconds
[2024-10-28T16:48:06.655-0700] {processor.py:157} INFO - Started process (PID=69156) to work on /Users/saiprasadreddykolan/airflow_venv/lib/python3.10/site-packages/airflow/example_dags/example_nested_branch_dag.py
[2024-10-28T16:48:06.657-0700] {processor.py:826} INFO - Processing file /Users/saiprasadreddykolan/airflow_venv/lib/python3.10/site-packages/airflow/example_dags/example_nested_branch_dag.py for tasks to queue
[2024-10-28T16:48:06.658-0700] {logging_mixin.py:150} INFO - [2024-10-28T16:48:06.657-0700] {dagbag.py:541} INFO - Filling up the DagBag from /Users/saiprasadreddykolan/airflow_venv/lib/python3.10/site-packages/airflow/example_dags/example_nested_branch_dag.py
[2024-10-28T16:48:06.675-0700] {processor.py:836} INFO - DAG(s) dict_keys(['example_nested_branch_dag']) retrieved from /Users/saiprasadreddykolan/airflow_venv/lib/python3.10/site-packages/airflow/example_dags/example_nested_branch_dag.py
[2024-10-28T16:48:06.889-0700] {logging_mixin.py:150} INFO - [2024-10-28T16:48:06.888-0700] {dag.py:2742} INFO - Sync 1 DAGs
[2024-10-28T16:48:06.894-0700] {logging_mixin.py:150} INFO - [2024-10-28T16:48:06.894-0700] {dag.py:3504} INFO - Setting next_dagrun for example_nested_branch_dag to 2024-10-27T00:00:00+00:00, run_after=2024-10-28T00:00:00+00:00
[2024-10-28T16:48:06.900-0700] {processor.py:179} INFO - Processing /Users/saiprasadreddykolan/airflow_venv/lib/python3.10/site-packages/airflow/example_dags/example_nested_branch_dag.py took 0.246 seconds
[2024-10-28T16:49:40.017-0700] {processor.py:157} INFO - Started process (PID=69233) to work on /Users/saiprasadreddykolan/airflow_venv/lib/python3.10/site-packages/airflow/example_dags/example_nested_branch_dag.py
[2024-10-28T16:49:40.019-0700] {processor.py:826} INFO - Processing file /Users/saiprasadreddykolan/airflow_venv/lib/python3.10/site-packages/airflow/example_dags/example_nested_branch_dag.py for tasks to queue
[2024-10-28T16:49:40.020-0700] {logging_mixin.py:150} INFO - [2024-10-28T16:49:40.019-0700] {dagbag.py:541} INFO - Filling up the DagBag from /Users/saiprasadreddykolan/airflow_venv/lib/python3.10/site-packages/airflow/example_dags/example_nested_branch_dag.py
[2024-10-28T16:49:40.037-0700] {processor.py:836} INFO - DAG(s) dict_keys(['example_nested_branch_dag']) retrieved from /Users/saiprasadreddykolan/airflow_venv/lib/python3.10/site-packages/airflow/example_dags/example_nested_branch_dag.py
[2024-10-28T16:49:40.261-0700] {logging_mixin.py:150} INFO - [2024-10-28T16:49:40.260-0700] {dag.py:2742} INFO - Sync 1 DAGs
[2024-10-28T16:49:40.268-0700] {logging_mixin.py:150} INFO - [2024-10-28T16:49:40.268-0700] {dag.py:3504} INFO - Setting next_dagrun for example_nested_branch_dag to 2024-10-27T00:00:00+00:00, run_after=2024-10-28T00:00:00+00:00
[2024-10-28T16:49:40.276-0700] {processor.py:179} INFO - Processing /Users/saiprasadreddykolan/airflow_venv/lib/python3.10/site-packages/airflow/example_dags/example_nested_branch_dag.py took 0.259 seconds
[2024-10-28T16:51:13.436-0700] {processor.py:157} INFO - Started process (PID=69300) to work on /Users/saiprasadreddykolan/airflow_venv/lib/python3.10/site-packages/airflow/example_dags/example_nested_branch_dag.py
[2024-10-28T16:51:13.437-0700] {processor.py:826} INFO - Processing file /Users/saiprasadreddykolan/airflow_venv/lib/python3.10/site-packages/airflow/example_dags/example_nested_branch_dag.py for tasks to queue
[2024-10-28T16:51:13.438-0700] {logging_mixin.py:150} INFO - [2024-10-28T16:51:13.438-0700] {dagbag.py:541} INFO - Filling up the DagBag from /Users/saiprasadreddykolan/airflow_venv/lib/python3.10/site-packages/airflow/example_dags/example_nested_branch_dag.py
[2024-10-28T16:51:13.456-0700] {processor.py:836} INFO - DAG(s) dict_keys(['example_nested_branch_dag']) retrieved from /Users/saiprasadreddykolan/airflow_venv/lib/python3.10/site-packages/airflow/example_dags/example_nested_branch_dag.py
[2024-10-28T16:51:13.686-0700] {logging_mixin.py:150} INFO - [2024-10-28T16:51:13.686-0700] {dag.py:2742} INFO - Sync 1 DAGs
[2024-10-28T16:51:13.693-0700] {logging_mixin.py:150} INFO - [2024-10-28T16:51:13.693-0700] {dag.py:3504} INFO - Setting next_dagrun for example_nested_branch_dag to 2024-10-27T00:00:00+00:00, run_after=2024-10-28T00:00:00+00:00
[2024-10-28T16:51:13.702-0700] {processor.py:179} INFO - Processing /Users/saiprasadreddykolan/airflow_venv/lib/python3.10/site-packages/airflow/example_dags/example_nested_branch_dag.py took 0.267 seconds
[2024-10-28T16:52:49.233-0700] {processor.py:157} INFO - Started process (PID=69369) to work on /Users/saiprasadreddykolan/airflow_venv/lib/python3.10/site-packages/airflow/example_dags/example_nested_branch_dag.py
[2024-10-28T16:52:49.235-0700] {processor.py:826} INFO - Processing file /Users/saiprasadreddykolan/airflow_venv/lib/python3.10/site-packages/airflow/example_dags/example_nested_branch_dag.py for tasks to queue
[2024-10-28T16:52:49.235-0700] {logging_mixin.py:150} INFO - [2024-10-28T16:52:49.235-0700] {dagbag.py:541} INFO - Filling up the DagBag from /Users/saiprasadreddykolan/airflow_venv/lib/python3.10/site-packages/airflow/example_dags/example_nested_branch_dag.py
[2024-10-28T16:52:49.253-0700] {processor.py:836} INFO - DAG(s) dict_keys(['example_nested_branch_dag']) retrieved from /Users/saiprasadreddykolan/airflow_venv/lib/python3.10/site-packages/airflow/example_dags/example_nested_branch_dag.py
[2024-10-28T16:52:49.473-0700] {logging_mixin.py:150} INFO - [2024-10-28T16:52:49.473-0700] {dag.py:2742} INFO - Sync 1 DAGs
[2024-10-28T16:52:49.479-0700] {logging_mixin.py:150} INFO - [2024-10-28T16:52:49.479-0700] {dag.py:3504} INFO - Setting next_dagrun for example_nested_branch_dag to 2024-10-27T00:00:00+00:00, run_after=2024-10-28T00:00:00+00:00
[2024-10-28T16:52:49.485-0700] {processor.py:179} INFO - Processing /Users/saiprasadreddykolan/airflow_venv/lib/python3.10/site-packages/airflow/example_dags/example_nested_branch_dag.py took 0.252 seconds
[2024-10-28T16:54:16.513-0700] {processor.py:157} INFO - Started process (PID=69438) to work on /Users/saiprasadreddykolan/airflow_venv/lib/python3.10/site-packages/airflow/example_dags/example_nested_branch_dag.py
[2024-10-28T16:54:16.516-0700] {processor.py:826} INFO - Processing file /Users/saiprasadreddykolan/airflow_venv/lib/python3.10/site-packages/airflow/example_dags/example_nested_branch_dag.py for tasks to queue
[2024-10-28T16:54:16.516-0700] {logging_mixin.py:150} INFO - [2024-10-28T16:54:16.516-0700] {dagbag.py:541} INFO - Filling up the DagBag from /Users/saiprasadreddykolan/airflow_venv/lib/python3.10/site-packages/airflow/example_dags/example_nested_branch_dag.py
[2024-10-28T16:54:16.533-0700] {processor.py:836} INFO - DAG(s) dict_keys(['example_nested_branch_dag']) retrieved from /Users/saiprasadreddykolan/airflow_venv/lib/python3.10/site-packages/airflow/example_dags/example_nested_branch_dag.py
[2024-10-28T16:54:16.749-0700] {logging_mixin.py:150} INFO - [2024-10-28T16:54:16.749-0700] {dag.py:2742} INFO - Sync 1 DAGs
[2024-10-28T16:54:16.755-0700] {logging_mixin.py:150} INFO - [2024-10-28T16:54:16.755-0700] {dag.py:3504} INFO - Setting next_dagrun for example_nested_branch_dag to 2024-10-27T00:00:00+00:00, run_after=2024-10-28T00:00:00+00:00
[2024-10-28T16:54:16.760-0700] {processor.py:179} INFO - Processing /Users/saiprasadreddykolan/airflow_venv/lib/python3.10/site-packages/airflow/example_dags/example_nested_branch_dag.py took 0.248 seconds
[2024-10-28T16:55:56.055-0700] {processor.py:157} INFO - Started process (PID=69512) to work on /Users/saiprasadreddykolan/airflow_venv/lib/python3.10/site-packages/airflow/example_dags/example_nested_branch_dag.py
[2024-10-28T16:55:56.057-0700] {processor.py:826} INFO - Processing file /Users/saiprasadreddykolan/airflow_venv/lib/python3.10/site-packages/airflow/example_dags/example_nested_branch_dag.py for tasks to queue
[2024-10-28T16:55:56.057-0700] {logging_mixin.py:150} INFO - [2024-10-28T16:55:56.057-0700] {dagbag.py:541} INFO - Filling up the DagBag from /Users/saiprasadreddykolan/airflow_venv/lib/python3.10/site-packages/airflow/example_dags/example_nested_branch_dag.py
[2024-10-28T16:55:56.075-0700] {processor.py:836} INFO - DAG(s) dict_keys(['example_nested_branch_dag']) retrieved from /Users/saiprasadreddykolan/airflow_venv/lib/python3.10/site-packages/airflow/example_dags/example_nested_branch_dag.py
[2024-10-28T16:55:56.290-0700] {logging_mixin.py:150} INFO - [2024-10-28T16:55:56.290-0700] {dag.py:2742} INFO - Sync 1 DAGs
[2024-10-28T16:55:56.296-0700] {logging_mixin.py:150} INFO - [2024-10-28T16:55:56.296-0700] {dag.py:3504} INFO - Setting next_dagrun for example_nested_branch_dag to 2024-10-27T00:00:00+00:00, run_after=2024-10-28T00:00:00+00:00
[2024-10-28T16:55:56.302-0700] {processor.py:179} INFO - Processing /Users/saiprasadreddykolan/airflow_venv/lib/python3.10/site-packages/airflow/example_dags/example_nested_branch_dag.py took 0.248 seconds
[2024-10-28T16:57:33.205-0700] {processor.py:157} INFO - Started process (PID=69586) to work on /Users/saiprasadreddykolan/airflow_venv/lib/python3.10/site-packages/airflow/example_dags/example_nested_branch_dag.py
[2024-10-28T16:57:33.207-0700] {processor.py:826} INFO - Processing file /Users/saiprasadreddykolan/airflow_venv/lib/python3.10/site-packages/airflow/example_dags/example_nested_branch_dag.py for tasks to queue
[2024-10-28T16:57:33.207-0700] {logging_mixin.py:150} INFO - [2024-10-28T16:57:33.207-0700] {dagbag.py:541} INFO - Filling up the DagBag from /Users/saiprasadreddykolan/airflow_venv/lib/python3.10/site-packages/airflow/example_dags/example_nested_branch_dag.py
[2024-10-28T16:57:33.225-0700] {processor.py:836} INFO - DAG(s) dict_keys(['example_nested_branch_dag']) retrieved from /Users/saiprasadreddykolan/airflow_venv/lib/python3.10/site-packages/airflow/example_dags/example_nested_branch_dag.py
[2024-10-28T16:57:33.441-0700] {logging_mixin.py:150} INFO - [2024-10-28T16:57:33.441-0700] {dag.py:2742} INFO - Sync 1 DAGs
[2024-10-28T16:57:33.447-0700] {logging_mixin.py:150} INFO - [2024-10-28T16:57:33.447-0700] {dag.py:3504} INFO - Setting next_dagrun for example_nested_branch_dag to 2024-10-27T00:00:00+00:00, run_after=2024-10-28T00:00:00+00:00
[2024-10-28T16:57:33.452-0700] {processor.py:179} INFO - Processing /Users/saiprasadreddykolan/airflow_venv/lib/python3.10/site-packages/airflow/example_dags/example_nested_branch_dag.py took 0.248 seconds
[2024-10-28T16:59:05.082-0700] {processor.py:157} INFO - Started process (PID=69670) to work on /Users/saiprasadreddykolan/airflow_venv/lib/python3.10/site-packages/airflow/example_dags/example_nested_branch_dag.py
[2024-10-28T16:59:05.084-0700] {processor.py:826} INFO - Processing file /Users/saiprasadreddykolan/airflow_venv/lib/python3.10/site-packages/airflow/example_dags/example_nested_branch_dag.py for tasks to queue
[2024-10-28T16:59:05.084-0700] {logging_mixin.py:150} INFO - [2024-10-28T16:59:05.084-0700] {dagbag.py:541} INFO - Filling up the DagBag from /Users/saiprasadreddykolan/airflow_venv/lib/python3.10/site-packages/airflow/example_dags/example_nested_branch_dag.py
[2024-10-28T16:59:05.102-0700] {processor.py:836} INFO - DAG(s) dict_keys(['example_nested_branch_dag']) retrieved from /Users/saiprasadreddykolan/airflow_venv/lib/python3.10/site-packages/airflow/example_dags/example_nested_branch_dag.py
[2024-10-28T16:59:05.316-0700] {logging_mixin.py:150} INFO - [2024-10-28T16:59:05.316-0700] {dag.py:2742} INFO - Sync 1 DAGs
[2024-10-28T16:59:05.322-0700] {logging_mixin.py:150} INFO - [2024-10-28T16:59:05.322-0700] {dag.py:3504} INFO - Setting next_dagrun for example_nested_branch_dag to 2024-10-27T00:00:00+00:00, run_after=2024-10-28T00:00:00+00:00
[2024-10-28T16:59:05.328-0700] {processor.py:179} INFO - Processing /Users/saiprasadreddykolan/airflow_venv/lib/python3.10/site-packages/airflow/example_dags/example_nested_branch_dag.py took 0.247 seconds
