[2024-10-28T16:44:11.015-0700] {processor.py:157} INFO - Started process (PID=68935) to work on /Users/saiprasadreddykolan/airflow_venv/lib/python3.10/site-packages/airflow/example_dags/example_branch_day_of_week_operator.py
[2024-10-28T16:44:11.017-0700] {processor.py:826} INFO - Processing file /Users/saiprasadreddykolan/airflow_venv/lib/python3.10/site-packages/airflow/example_dags/example_branch_day_of_week_operator.py for tasks to queue
[2024-10-28T16:44:11.017-0700] {logging_mixin.py:150} INFO - [2024-10-28T16:44:11.017-0700] {dagbag.py:541} INFO - Filling up the DagBag from /Users/saiprasadreddykolan/airflow_venv/lib/python3.10/site-packages/airflow/example_dags/example_branch_day_of_week_operator.py
[2024-10-28T16:44:11.026-0700] {processor.py:836} INFO - DAG(s) dict_keys(['example_weekday_branch_operator']) retrieved from /Users/saiprasadreddykolan/airflow_venv/lib/python3.10/site-packages/airflow/example_dags/example_branch_day_of_week_operator.py
[2024-10-28T16:44:11.266-0700] {logging_mixin.py:150} INFO - [2024-10-28T16:44:11.266-0700] {manager.py:504} INFO - Created Permission View: can edit on DAG:example_weekday_branch_operator
[2024-10-28T16:44:11.269-0700] {logging_mixin.py:150} INFO - [2024-10-28T16:44:11.269-0700] {manager.py:504} INFO - Created Permission View: can delete on DAG:example_weekday_branch_operator
[2024-10-28T16:44:11.271-0700] {logging_mixin.py:150} INFO - [2024-10-28T16:44:11.271-0700] {manager.py:504} INFO - Created Permission View: can read on DAG:example_weekday_branch_operator
[2024-10-28T16:44:11.274-0700] {logging_mixin.py:150} INFO - [2024-10-28T16:44:11.274-0700] {dag.py:2742} INFO - Sync 1 DAGs
[2024-10-28T16:44:11.277-0700] {logging_mixin.py:150} INFO - [2024-10-28T16:44:11.277-0700] {dag.py:2763} INFO - Creating ORM DAG for example_weekday_branch_operator
[2024-10-28T16:44:11.280-0700] {logging_mixin.py:150} INFO - [2024-10-28T16:44:11.280-0700] {dag.py:3504} INFO - Setting next_dagrun for example_weekday_branch_operator to 2024-10-27T00:00:00+00:00, run_after=2024-10-28T00:00:00+00:00
[2024-10-28T16:44:11.285-0700] {processor.py:179} INFO - Processing /Users/saiprasadreddykolan/airflow_venv/lib/python3.10/site-packages/airflow/example_dags/example_branch_day_of_week_operator.py took 0.270 seconds
[2024-10-28T16:45:45.015-0700] {processor.py:157} INFO - Started process (PID=69035) to work on /Users/saiprasadreddykolan/airflow_venv/lib/python3.10/site-packages/airflow/example_dags/example_branch_day_of_week_operator.py
[2024-10-28T16:45:45.017-0700] {processor.py:826} INFO - Processing file /Users/saiprasadreddykolan/airflow_venv/lib/python3.10/site-packages/airflow/example_dags/example_branch_day_of_week_operator.py for tasks to queue
[2024-10-28T16:45:45.017-0700] {logging_mixin.py:150} INFO - [2024-10-28T16:45:45.017-0700] {dagbag.py:541} INFO - Filling up the DagBag from /Users/saiprasadreddykolan/airflow_venv/lib/python3.10/site-packages/airflow/example_dags/example_branch_day_of_week_operator.py
[2024-10-28T16:45:45.025-0700] {processor.py:836} INFO - DAG(s) dict_keys(['example_weekday_branch_operator']) retrieved from /Users/saiprasadreddykolan/airflow_venv/lib/python3.10/site-packages/airflow/example_dags/example_branch_day_of_week_operator.py
[2024-10-28T16:45:45.244-0700] {logging_mixin.py:150} INFO - [2024-10-28T16:45:45.244-0700] {dag.py:2742} INFO - Sync 1 DAGs
[2024-10-28T16:45:45.251-0700] {logging_mixin.py:150} INFO - [2024-10-28T16:45:45.250-0700] {dag.py:3504} INFO - Setting next_dagrun for example_weekday_branch_operator to 2024-10-27T00:00:00+00:00, run_after=2024-10-28T00:00:00+00:00
[2024-10-28T16:45:45.257-0700] {processor.py:179} INFO - Processing /Users/saiprasadreddykolan/airflow_venv/lib/python3.10/site-packages/airflow/example_dags/example_branch_day_of_week_operator.py took 0.242 seconds
[2024-10-28T16:47:20.709-0700] {processor.py:157} INFO - Started process (PID=69115) to work on /Users/saiprasadreddykolan/airflow_venv/lib/python3.10/site-packages/airflow/example_dags/example_branch_day_of_week_operator.py
[2024-10-28T16:47:20.712-0700] {processor.py:826} INFO - Processing file /Users/saiprasadreddykolan/airflow_venv/lib/python3.10/site-packages/airflow/example_dags/example_branch_day_of_week_operator.py for tasks to queue
[2024-10-28T16:47:20.712-0700] {logging_mixin.py:150} INFO - [2024-10-28T16:47:20.712-0700] {dagbag.py:541} INFO - Filling up the DagBag from /Users/saiprasadreddykolan/airflow_venv/lib/python3.10/site-packages/airflow/example_dags/example_branch_day_of_week_operator.py
[2024-10-28T16:47:20.720-0700] {processor.py:836} INFO - DAG(s) dict_keys(['example_weekday_branch_operator']) retrieved from /Users/saiprasadreddykolan/airflow_venv/lib/python3.10/site-packages/airflow/example_dags/example_branch_day_of_week_operator.py
[2024-10-28T16:47:20.946-0700] {logging_mixin.py:150} INFO - [2024-10-28T16:47:20.946-0700] {dag.py:2742} INFO - Sync 1 DAGs
[2024-10-28T16:47:20.953-0700] {logging_mixin.py:150} INFO - [2024-10-28T16:47:20.953-0700] {dag.py:3504} INFO - Setting next_dagrun for example_weekday_branch_operator to 2024-10-27T00:00:00+00:00, run_after=2024-10-28T00:00:00+00:00
[2024-10-28T16:47:20.961-0700] {processor.py:179} INFO - Processing /Users/saiprasadreddykolan/airflow_venv/lib/python3.10/site-packages/airflow/example_dags/example_branch_day_of_week_operator.py took 0.252 seconds
[2024-10-28T16:48:50.689-0700] {processor.py:157} INFO - Started process (PID=69197) to work on /Users/saiprasadreddykolan/airflow_venv/lib/python3.10/site-packages/airflow/example_dags/example_branch_day_of_week_operator.py
[2024-10-28T16:48:50.690-0700] {processor.py:826} INFO - Processing file /Users/saiprasadreddykolan/airflow_venv/lib/python3.10/site-packages/airflow/example_dags/example_branch_day_of_week_operator.py for tasks to queue
[2024-10-28T16:48:50.691-0700] {logging_mixin.py:150} INFO - [2024-10-28T16:48:50.691-0700] {dagbag.py:541} INFO - Filling up the DagBag from /Users/saiprasadreddykolan/airflow_venv/lib/python3.10/site-packages/airflow/example_dags/example_branch_day_of_week_operator.py
[2024-10-28T16:48:50.705-0700] {processor.py:836} INFO - DAG(s) dict_keys(['example_weekday_branch_operator']) retrieved from /Users/saiprasadreddykolan/airflow_venv/lib/python3.10/site-packages/airflow/example_dags/example_branch_day_of_week_operator.py
[2024-10-28T16:48:50.933-0700] {logging_mixin.py:150} INFO - [2024-10-28T16:48:50.933-0700] {dag.py:2742} INFO - Sync 1 DAGs
[2024-10-28T16:48:50.939-0700] {logging_mixin.py:150} INFO - [2024-10-28T16:48:50.939-0700] {dag.py:3504} INFO - Setting next_dagrun for example_weekday_branch_operator to 2024-10-27T00:00:00+00:00, run_after=2024-10-28T00:00:00+00:00
[2024-10-28T16:48:50.945-0700] {processor.py:179} INFO - Processing /Users/saiprasadreddykolan/airflow_venv/lib/python3.10/site-packages/airflow/example_dags/example_branch_day_of_week_operator.py took 0.257 seconds
[2024-10-28T16:50:20.786-0700] {processor.py:157} INFO - Started process (PID=69264) to work on /Users/saiprasadreddykolan/airflow_venv/lib/python3.10/site-packages/airflow/example_dags/example_branch_day_of_week_operator.py
[2024-10-28T16:50:20.788-0700] {processor.py:826} INFO - Processing file /Users/saiprasadreddykolan/airflow_venv/lib/python3.10/site-packages/airflow/example_dags/example_branch_day_of_week_operator.py for tasks to queue
[2024-10-28T16:50:20.788-0700] {logging_mixin.py:150} INFO - [2024-10-28T16:50:20.788-0700] {dagbag.py:541} INFO - Filling up the DagBag from /Users/saiprasadreddykolan/airflow_venv/lib/python3.10/site-packages/airflow/example_dags/example_branch_day_of_week_operator.py
[2024-10-28T16:50:20.798-0700] {processor.py:836} INFO - DAG(s) dict_keys(['example_weekday_branch_operator']) retrieved from /Users/saiprasadreddykolan/airflow_venv/lib/python3.10/site-packages/airflow/example_dags/example_branch_day_of_week_operator.py
[2024-10-28T16:50:21.021-0700] {logging_mixin.py:150} INFO - [2024-10-28T16:50:21.021-0700] {dag.py:2742} INFO - Sync 1 DAGs
[2024-10-28T16:50:21.028-0700] {logging_mixin.py:150} INFO - [2024-10-28T16:50:21.028-0700] {dag.py:3504} INFO - Setting next_dagrun for example_weekday_branch_operator to 2024-10-27T00:00:00+00:00, run_after=2024-10-28T00:00:00+00:00
[2024-10-28T16:50:21.034-0700] {processor.py:179} INFO - Processing /Users/saiprasadreddykolan/airflow_venv/lib/python3.10/site-packages/airflow/example_dags/example_branch_day_of_week_operator.py took 0.249 seconds
[2024-10-28T16:52:00.448-0700] {processor.py:157} INFO - Started process (PID=69328) to work on /Users/saiprasadreddykolan/airflow_venv/lib/python3.10/site-packages/airflow/example_dags/example_branch_day_of_week_operator.py
[2024-10-28T16:52:00.450-0700] {processor.py:826} INFO - Processing file /Users/saiprasadreddykolan/airflow_venv/lib/python3.10/site-packages/airflow/example_dags/example_branch_day_of_week_operator.py for tasks to queue
[2024-10-28T16:52:00.450-0700] {logging_mixin.py:150} INFO - [2024-10-28T16:52:00.450-0700] {dagbag.py:541} INFO - Filling up the DagBag from /Users/saiprasadreddykolan/airflow_venv/lib/python3.10/site-packages/airflow/example_dags/example_branch_day_of_week_operator.py
[2024-10-28T16:52:00.460-0700] {processor.py:836} INFO - DAG(s) dict_keys(['example_weekday_branch_operator']) retrieved from /Users/saiprasadreddykolan/airflow_venv/lib/python3.10/site-packages/airflow/example_dags/example_branch_day_of_week_operator.py
[2024-10-28T16:52:00.686-0700] {logging_mixin.py:150} INFO - [2024-10-28T16:52:00.686-0700] {dag.py:2742} INFO - Sync 1 DAGs
[2024-10-28T16:52:00.694-0700] {logging_mixin.py:150} INFO - [2024-10-28T16:52:00.693-0700] {dag.py:3504} INFO - Setting next_dagrun for example_weekday_branch_operator to 2024-10-27T00:00:00+00:00, run_after=2024-10-28T00:00:00+00:00
[2024-10-28T16:52:00.701-0700] {processor.py:179} INFO - Processing /Users/saiprasadreddykolan/airflow_venv/lib/python3.10/site-packages/airflow/example_dags/example_branch_day_of_week_operator.py took 0.253 seconds
[2024-10-28T16:53:31.892-0700] {processor.py:157} INFO - Started process (PID=69407) to work on /Users/saiprasadreddykolan/airflow_venv/lib/python3.10/site-packages/airflow/example_dags/example_branch_day_of_week_operator.py
[2024-10-28T16:53:31.894-0700] {processor.py:826} INFO - Processing file /Users/saiprasadreddykolan/airflow_venv/lib/python3.10/site-packages/airflow/example_dags/example_branch_day_of_week_operator.py for tasks to queue
[2024-10-28T16:53:31.894-0700] {logging_mixin.py:150} INFO - [2024-10-28T16:53:31.894-0700] {dagbag.py:541} INFO - Filling up the DagBag from /Users/saiprasadreddykolan/airflow_venv/lib/python3.10/site-packages/airflow/example_dags/example_branch_day_of_week_operator.py
[2024-10-28T16:53:31.902-0700] {processor.py:836} INFO - DAG(s) dict_keys(['example_weekday_branch_operator']) retrieved from /Users/saiprasadreddykolan/airflow_venv/lib/python3.10/site-packages/airflow/example_dags/example_branch_day_of_week_operator.py
[2024-10-28T16:53:32.121-0700] {logging_mixin.py:150} INFO - [2024-10-28T16:53:32.121-0700] {dag.py:2742} INFO - Sync 1 DAGs
[2024-10-28T16:53:32.127-0700] {logging_mixin.py:150} INFO - [2024-10-28T16:53:32.127-0700] {dag.py:3504} INFO - Setting next_dagrun for example_weekday_branch_operator to 2024-10-27T00:00:00+00:00, run_after=2024-10-28T00:00:00+00:00
[2024-10-28T16:53:32.133-0700] {processor.py:179} INFO - Processing /Users/saiprasadreddykolan/airflow_venv/lib/python3.10/site-packages/airflow/example_dags/example_branch_day_of_week_operator.py took 0.242 seconds
[2024-10-28T16:55:01.946-0700] {processor.py:157} INFO - Started process (PID=69478) to work on /Users/saiprasadreddykolan/airflow_venv/lib/python3.10/site-packages/airflow/example_dags/example_branch_day_of_week_operator.py
[2024-10-28T16:55:01.949-0700] {processor.py:826} INFO - Processing file /Users/saiprasadreddykolan/airflow_venv/lib/python3.10/site-packages/airflow/example_dags/example_branch_day_of_week_operator.py for tasks to queue
[2024-10-28T16:55:01.949-0700] {logging_mixin.py:150} INFO - [2024-10-28T16:55:01.949-0700] {dagbag.py:541} INFO - Filling up the DagBag from /Users/saiprasadreddykolan/airflow_venv/lib/python3.10/site-packages/airflow/example_dags/example_branch_day_of_week_operator.py
[2024-10-28T16:55:01.957-0700] {processor.py:836} INFO - DAG(s) dict_keys(['example_weekday_branch_operator']) retrieved from /Users/saiprasadreddykolan/airflow_venv/lib/python3.10/site-packages/airflow/example_dags/example_branch_day_of_week_operator.py
[2024-10-28T16:55:02.175-0700] {logging_mixin.py:150} INFO - [2024-10-28T16:55:02.175-0700] {dag.py:2742} INFO - Sync 1 DAGs
[2024-10-28T16:55:02.182-0700] {logging_mixin.py:150} INFO - [2024-10-28T16:55:02.182-0700] {dag.py:3504} INFO - Setting next_dagrun for example_weekday_branch_operator to 2024-10-27T00:00:00+00:00, run_after=2024-10-28T00:00:00+00:00
[2024-10-28T16:55:02.188-0700] {processor.py:179} INFO - Processing /Users/saiprasadreddykolan/airflow_venv/lib/python3.10/site-packages/airflow/example_dags/example_branch_day_of_week_operator.py took 0.241 seconds
[2024-10-28T16:56:42.959-0700] {processor.py:157} INFO - Started process (PID=69553) to work on /Users/saiprasadreddykolan/airflow_venv/lib/python3.10/site-packages/airflow/example_dags/example_branch_day_of_week_operator.py
[2024-10-28T16:56:42.961-0700] {processor.py:826} INFO - Processing file /Users/saiprasadreddykolan/airflow_venv/lib/python3.10/site-packages/airflow/example_dags/example_branch_day_of_week_operator.py for tasks to queue
[2024-10-28T16:56:42.961-0700] {logging_mixin.py:150} INFO - [2024-10-28T16:56:42.961-0700] {dagbag.py:541} INFO - Filling up the DagBag from /Users/saiprasadreddykolan/airflow_venv/lib/python3.10/site-packages/airflow/example_dags/example_branch_day_of_week_operator.py
[2024-10-28T16:56:42.969-0700] {processor.py:836} INFO - DAG(s) dict_keys(['example_weekday_branch_operator']) retrieved from /Users/saiprasadreddykolan/airflow_venv/lib/python3.10/site-packages/airflow/example_dags/example_branch_day_of_week_operator.py
[2024-10-28T16:56:43.188-0700] {logging_mixin.py:150} INFO - [2024-10-28T16:56:43.188-0700] {dag.py:2742} INFO - Sync 1 DAGs
[2024-10-28T16:56:43.194-0700] {logging_mixin.py:150} INFO - [2024-10-28T16:56:43.194-0700] {dag.py:3504} INFO - Setting next_dagrun for example_weekday_branch_operator to 2024-10-27T00:00:00+00:00, run_after=2024-10-28T00:00:00+00:00
[2024-10-28T16:56:43.200-0700] {processor.py:179} INFO - Processing /Users/saiprasadreddykolan/airflow_venv/lib/python3.10/site-packages/airflow/example_dags/example_branch_day_of_week_operator.py took 0.242 seconds
[2024-10-28T16:58:12.666-0700] {processor.py:157} INFO - Started process (PID=69617) to work on /Users/saiprasadreddykolan/airflow_venv/lib/python3.10/site-packages/airflow/example_dags/example_branch_day_of_week_operator.py
[2024-10-28T16:58:12.668-0700] {processor.py:826} INFO - Processing file /Users/saiprasadreddykolan/airflow_venv/lib/python3.10/site-packages/airflow/example_dags/example_branch_day_of_week_operator.py for tasks to queue
[2024-10-28T16:58:12.668-0700] {logging_mixin.py:150} INFO - [2024-10-28T16:58:12.668-0700] {dagbag.py:541} INFO - Filling up the DagBag from /Users/saiprasadreddykolan/airflow_venv/lib/python3.10/site-packages/airflow/example_dags/example_branch_day_of_week_operator.py
[2024-10-28T16:58:12.676-0700] {processor.py:836} INFO - DAG(s) dict_keys(['example_weekday_branch_operator']) retrieved from /Users/saiprasadreddykolan/airflow_venv/lib/python3.10/site-packages/airflow/example_dags/example_branch_day_of_week_operator.py
[2024-10-28T16:58:12.893-0700] {logging_mixin.py:150} INFO - [2024-10-28T16:58:12.893-0700] {dag.py:2742} INFO - Sync 1 DAGs
[2024-10-28T16:58:12.899-0700] {logging_mixin.py:150} INFO - [2024-10-28T16:58:12.899-0700] {dag.py:3504} INFO - Setting next_dagrun for example_weekday_branch_operator to 2024-10-27T00:00:00+00:00, run_after=2024-10-28T00:00:00+00:00
[2024-10-28T16:58:12.905-0700] {processor.py:179} INFO - Processing /Users/saiprasadreddykolan/airflow_venv/lib/python3.10/site-packages/airflow/example_dags/example_branch_day_of_week_operator.py took 0.239 seconds
[2024-10-28T16:59:45.795-0700] {processor.py:157} INFO - Started process (PID=69700) to work on /Users/saiprasadreddykolan/airflow_venv/lib/python3.10/site-packages/airflow/example_dags/example_branch_day_of_week_operator.py
[2024-10-28T16:59:45.797-0700] {processor.py:826} INFO - Processing file /Users/saiprasadreddykolan/airflow_venv/lib/python3.10/site-packages/airflow/example_dags/example_branch_day_of_week_operator.py for tasks to queue
[2024-10-28T16:59:45.797-0700] {logging_mixin.py:150} INFO - [2024-10-28T16:59:45.797-0700] {dagbag.py:541} INFO - Filling up the DagBag from /Users/saiprasadreddykolan/airflow_venv/lib/python3.10/site-packages/airflow/example_dags/example_branch_day_of_week_operator.py
[2024-10-28T16:59:45.805-0700] {processor.py:836} INFO - DAG(s) dict_keys(['example_weekday_branch_operator']) retrieved from /Users/saiprasadreddykolan/airflow_venv/lib/python3.10/site-packages/airflow/example_dags/example_branch_day_of_week_operator.py
[2024-10-28T16:59:46.022-0700] {logging_mixin.py:150} INFO - [2024-10-28T16:59:46.022-0700] {dag.py:2742} INFO - Sync 1 DAGs
[2024-10-28T16:59:46.028-0700] {logging_mixin.py:150} INFO - [2024-10-28T16:59:46.028-0700] {dag.py:3504} INFO - Setting next_dagrun for example_weekday_branch_operator to 2024-10-27T00:00:00+00:00, run_after=2024-10-28T00:00:00+00:00
[2024-10-28T16:59:46.036-0700] {processor.py:179} INFO - Processing /Users/saiprasadreddykolan/airflow_venv/lib/python3.10/site-packages/airflow/example_dags/example_branch_day_of_week_operator.py took 0.242 seconds
