[2024-10-28T16:43:19.438-0700] {processor.py:157} INFO - Started process (PID=68904) to work on /Users/saiprasadreddykolan/airflow_venv/lib/python3.10/site-packages/airflow/example_dags/example_task_group_decorator.py
[2024-10-28T16:43:19.440-0700] {processor.py:826} INFO - Processing file /Users/saiprasadreddykolan/airflow_venv/lib/python3.10/site-packages/airflow/example_dags/example_task_group_decorator.py for tasks to queue
[2024-10-28T16:43:19.440-0700] {logging_mixin.py:150} INFO - [2024-10-28T16:43:19.440-0700] {dagbag.py:541} INFO - Filling up the DagBag from /Users/saiprasadreddykolan/airflow_venv/lib/python3.10/site-packages/airflow/example_dags/example_task_group_decorator.py
[2024-10-28T16:43:19.459-0700] {processor.py:836} INFO - DAG(s) dict_keys(['example_task_group_decorator']) retrieved from /Users/saiprasadreddykolan/airflow_venv/lib/python3.10/site-packages/airflow/example_dags/example_task_group_decorator.py
[2024-10-28T16:43:19.692-0700] {logging_mixin.py:150} INFO - [2024-10-28T16:43:19.692-0700] {manager.py:504} INFO - Created Permission View: can edit on DAG:example_task_group_decorator
[2024-10-28T16:43:19.695-0700] {logging_mixin.py:150} INFO - [2024-10-28T16:43:19.695-0700] {manager.py:504} INFO - Created Permission View: can read on DAG:example_task_group_decorator
[2024-10-28T16:43:19.697-0700] {logging_mixin.py:150} INFO - [2024-10-28T16:43:19.697-0700] {manager.py:504} INFO - Created Permission View: can delete on DAG:example_task_group_decorator
[2024-10-28T16:43:19.700-0700] {logging_mixin.py:150} INFO - [2024-10-28T16:43:19.700-0700] {dag.py:2742} INFO - Sync 1 DAGs
[2024-10-28T16:43:19.703-0700] {logging_mixin.py:150} INFO - [2024-10-28T16:43:19.703-0700] {dag.py:2763} INFO - Creating ORM DAG for example_task_group_decorator
[2024-10-28T16:43:19.705-0700] {logging_mixin.py:150} INFO - [2024-10-28T16:43:19.705-0700] {dag.py:3504} INFO - Setting next_dagrun for example_task_group_decorator to 2024-10-27T23:43:19.705612+00:00, run_after=2024-10-28T23:43:19.705612+00:00
[2024-10-28T16:43:19.711-0700] {processor.py:179} INFO - Processing /Users/saiprasadreddykolan/airflow_venv/lib/python3.10/site-packages/airflow/example_dags/example_task_group_decorator.py took 0.273 seconds
[2024-10-28T16:44:39.326-0700] {processor.py:157} INFO - Started process (PID=68972) to work on /Users/saiprasadreddykolan/airflow_venv/lib/python3.10/site-packages/airflow/example_dags/example_task_group_decorator.py
[2024-10-28T16:44:39.328-0700] {processor.py:826} INFO - Processing file /Users/saiprasadreddykolan/airflow_venv/lib/python3.10/site-packages/airflow/example_dags/example_task_group_decorator.py for tasks to queue
[2024-10-28T16:44:39.328-0700] {logging_mixin.py:150} INFO - [2024-10-28T16:44:39.328-0700] {dagbag.py:541} INFO - Filling up the DagBag from /Users/saiprasadreddykolan/airflow_venv/lib/python3.10/site-packages/airflow/example_dags/example_task_group_decorator.py
[2024-10-28T16:44:39.347-0700] {processor.py:836} INFO - DAG(s) dict_keys(['example_task_group_decorator']) retrieved from /Users/saiprasadreddykolan/airflow_venv/lib/python3.10/site-packages/airflow/example_dags/example_task_group_decorator.py
[2024-10-28T16:44:39.575-0700] {logging_mixin.py:150} INFO - [2024-10-28T16:44:39.574-0700] {dag.py:2742} INFO - Sync 1 DAGs
[2024-10-28T16:44:39.580-0700] {logging_mixin.py:150} INFO - [2024-10-28T16:44:39.580-0700] {dag.py:3504} INFO - Setting next_dagrun for example_task_group_decorator to 2024-10-27T23:44:39.580532+00:00, run_after=2024-10-28T23:44:39.580532+00:00
[2024-10-28T16:44:39.587-0700] {processor.py:179} INFO - Processing /Users/saiprasadreddykolan/airflow_venv/lib/python3.10/site-packages/airflow/example_dags/example_task_group_decorator.py took 0.261 seconds
[2024-10-28T16:46:13.016-0700] {processor.py:157} INFO - Started process (PID=69054) to work on /Users/saiprasadreddykolan/airflow_venv/lib/python3.10/site-packages/airflow/example_dags/example_task_group_decorator.py
[2024-10-28T16:46:13.018-0700] {processor.py:826} INFO - Processing file /Users/saiprasadreddykolan/airflow_venv/lib/python3.10/site-packages/airflow/example_dags/example_task_group_decorator.py for tasks to queue
[2024-10-28T16:46:13.018-0700] {logging_mixin.py:150} INFO - [2024-10-28T16:46:13.018-0700] {dagbag.py:541} INFO - Filling up the DagBag from /Users/saiprasadreddykolan/airflow_venv/lib/python3.10/site-packages/airflow/example_dags/example_task_group_decorator.py
[2024-10-28T16:46:13.038-0700] {processor.py:836} INFO - DAG(s) dict_keys(['example_task_group_decorator']) retrieved from /Users/saiprasadreddykolan/airflow_venv/lib/python3.10/site-packages/airflow/example_dags/example_task_group_decorator.py
[2024-10-28T16:46:13.273-0700] {logging_mixin.py:150} INFO - [2024-10-28T16:46:13.273-0700] {dag.py:2742} INFO - Sync 1 DAGs
[2024-10-28T16:46:13.279-0700] {logging_mixin.py:150} INFO - [2024-10-28T16:46:13.279-0700] {dag.py:3504} INFO - Setting next_dagrun for example_task_group_decorator to 2024-10-27T23:46:13.279032+00:00, run_after=2024-10-28T23:46:13.279032+00:00
[2024-10-28T16:46:13.284-0700] {processor.py:179} INFO - Processing /Users/saiprasadreddykolan/airflow_venv/lib/python3.10/site-packages/airflow/example_dags/example_task_group_decorator.py took 0.269 seconds
[2024-10-28T16:47:43.659-0700] {processor.py:157} INFO - Started process (PID=69139) to work on /Users/saiprasadreddykolan/airflow_venv/lib/python3.10/site-packages/airflow/example_dags/example_task_group_decorator.py
[2024-10-28T16:47:43.661-0700] {processor.py:826} INFO - Processing file /Users/saiprasadreddykolan/airflow_venv/lib/python3.10/site-packages/airflow/example_dags/example_task_group_decorator.py for tasks to queue
[2024-10-28T16:47:43.662-0700] {logging_mixin.py:150} INFO - [2024-10-28T16:47:43.662-0700] {dagbag.py:541} INFO - Filling up the DagBag from /Users/saiprasadreddykolan/airflow_venv/lib/python3.10/site-packages/airflow/example_dags/example_task_group_decorator.py
[2024-10-28T16:47:43.681-0700] {processor.py:836} INFO - DAG(s) dict_keys(['example_task_group_decorator']) retrieved from /Users/saiprasadreddykolan/airflow_venv/lib/python3.10/site-packages/airflow/example_dags/example_task_group_decorator.py
[2024-10-28T16:47:43.896-0700] {logging_mixin.py:150} INFO - [2024-10-28T16:47:43.896-0700] {dag.py:2742} INFO - Sync 1 DAGs
[2024-10-28T16:47:43.901-0700] {logging_mixin.py:150} INFO - [2024-10-28T16:47:43.901-0700] {dag.py:3504} INFO - Setting next_dagrun for example_task_group_decorator to 2024-10-27T23:47:43.901877+00:00, run_after=2024-10-28T23:47:43.901877+00:00
[2024-10-28T16:47:43.908-0700] {processor.py:179} INFO - Processing /Users/saiprasadreddykolan/airflow_venv/lib/python3.10/site-packages/airflow/example_dags/example_task_group_decorator.py took 0.249 seconds
[2024-10-28T16:49:16.078-0700] {processor.py:157} INFO - Started process (PID=69214) to work on /Users/saiprasadreddykolan/airflow_venv/lib/python3.10/site-packages/airflow/example_dags/example_task_group_decorator.py
[2024-10-28T16:49:16.081-0700] {processor.py:826} INFO - Processing file /Users/saiprasadreddykolan/airflow_venv/lib/python3.10/site-packages/airflow/example_dags/example_task_group_decorator.py for tasks to queue
[2024-10-28T16:49:16.081-0700] {logging_mixin.py:150} INFO - [2024-10-28T16:49:16.081-0700] {dagbag.py:541} INFO - Filling up the DagBag from /Users/saiprasadreddykolan/airflow_venv/lib/python3.10/site-packages/airflow/example_dags/example_task_group_decorator.py
[2024-10-28T16:49:16.100-0700] {processor.py:836} INFO - DAG(s) dict_keys(['example_task_group_decorator']) retrieved from /Users/saiprasadreddykolan/airflow_venv/lib/python3.10/site-packages/airflow/example_dags/example_task_group_decorator.py
[2024-10-28T16:49:16.325-0700] {logging_mixin.py:150} INFO - [2024-10-28T16:49:16.325-0700] {dag.py:2742} INFO - Sync 1 DAGs
[2024-10-28T16:49:16.331-0700] {logging_mixin.py:150} INFO - [2024-10-28T16:49:16.331-0700] {dag.py:3504} INFO - Setting next_dagrun for example_task_group_decorator to 2024-10-27T23:49:16.331022+00:00, run_after=2024-10-28T23:49:16.331022+00:00
[2024-10-28T16:49:16.337-0700] {processor.py:179} INFO - Processing /Users/saiprasadreddykolan/airflow_venv/lib/python3.10/site-packages/airflow/example_dags/example_task_group_decorator.py took 0.258 seconds
[2024-10-28T16:50:47.076-0700] {processor.py:157} INFO - Started process (PID=69280) to work on /Users/saiprasadreddykolan/airflow_venv/lib/python3.10/site-packages/airflow/example_dags/example_task_group_decorator.py
[2024-10-28T16:50:47.078-0700] {processor.py:826} INFO - Processing file /Users/saiprasadreddykolan/airflow_venv/lib/python3.10/site-packages/airflow/example_dags/example_task_group_decorator.py for tasks to queue
[2024-10-28T16:50:47.079-0700] {logging_mixin.py:150} INFO - [2024-10-28T16:50:47.079-0700] {dagbag.py:541} INFO - Filling up the DagBag from /Users/saiprasadreddykolan/airflow_venv/lib/python3.10/site-packages/airflow/example_dags/example_task_group_decorator.py
[2024-10-28T16:50:47.100-0700] {processor.py:836} INFO - DAG(s) dict_keys(['example_task_group_decorator']) retrieved from /Users/saiprasadreddykolan/airflow_venv/lib/python3.10/site-packages/airflow/example_dags/example_task_group_decorator.py
[2024-10-28T16:50:47.336-0700] {logging_mixin.py:150} INFO - [2024-10-28T16:50:47.336-0700] {dag.py:2742} INFO - Sync 1 DAGs
[2024-10-28T16:50:47.342-0700] {logging_mixin.py:150} INFO - [2024-10-28T16:50:47.342-0700] {dag.py:3504} INFO - Setting next_dagrun for example_task_group_decorator to 2024-10-27T23:50:47.342696+00:00, run_after=2024-10-28T23:50:47.342696+00:00
[2024-10-28T16:50:47.348-0700] {processor.py:179} INFO - Processing /Users/saiprasadreddykolan/airflow_venv/lib/python3.10/site-packages/airflow/example_dags/example_task_group_decorator.py took 0.272 seconds
[2024-10-28T16:52:22.922-0700] {processor.py:157} INFO - Started process (PID=69345) to work on /Users/saiprasadreddykolan/airflow_venv/lib/python3.10/site-packages/airflow/example_dags/example_task_group_decorator.py
[2024-10-28T16:52:22.925-0700] {processor.py:826} INFO - Processing file /Users/saiprasadreddykolan/airflow_venv/lib/python3.10/site-packages/airflow/example_dags/example_task_group_decorator.py for tasks to queue
[2024-10-28T16:52:22.925-0700] {logging_mixin.py:150} INFO - [2024-10-28T16:52:22.925-0700] {dagbag.py:541} INFO - Filling up the DagBag from /Users/saiprasadreddykolan/airflow_venv/lib/python3.10/site-packages/airflow/example_dags/example_task_group_decorator.py
[2024-10-28T16:52:22.944-0700] {processor.py:836} INFO - DAG(s) dict_keys(['example_task_group_decorator']) retrieved from /Users/saiprasadreddykolan/airflow_venv/lib/python3.10/site-packages/airflow/example_dags/example_task_group_decorator.py
[2024-10-28T16:52:23.166-0700] {logging_mixin.py:150} INFO - [2024-10-28T16:52:23.166-0700] {dag.py:2742} INFO - Sync 1 DAGs
[2024-10-28T16:52:23.171-0700] {logging_mixin.py:150} INFO - [2024-10-28T16:52:23.171-0700] {dag.py:3504} INFO - Setting next_dagrun for example_task_group_decorator to 2024-10-27T23:52:23.171833+00:00, run_after=2024-10-28T23:52:23.171833+00:00
[2024-10-28T16:52:23.178-0700] {processor.py:179} INFO - Processing /Users/saiprasadreddykolan/airflow_venv/lib/python3.10/site-packages/airflow/example_dags/example_task_group_decorator.py took 0.256 seconds
[2024-10-28T16:53:52.319-0700] {processor.py:157} INFO - Started process (PID=69423) to work on /Users/saiprasadreddykolan/airflow_venv/lib/python3.10/site-packages/airflow/example_dags/example_task_group_decorator.py
[2024-10-28T16:53:52.321-0700] {processor.py:826} INFO - Processing file /Users/saiprasadreddykolan/airflow_venv/lib/python3.10/site-packages/airflow/example_dags/example_task_group_decorator.py for tasks to queue
[2024-10-28T16:53:52.321-0700] {logging_mixin.py:150} INFO - [2024-10-28T16:53:52.321-0700] {dagbag.py:541} INFO - Filling up the DagBag from /Users/saiprasadreddykolan/airflow_venv/lib/python3.10/site-packages/airflow/example_dags/example_task_group_decorator.py
[2024-10-28T16:53:52.341-0700] {processor.py:836} INFO - DAG(s) dict_keys(['example_task_group_decorator']) retrieved from /Users/saiprasadreddykolan/airflow_venv/lib/python3.10/site-packages/airflow/example_dags/example_task_group_decorator.py
[2024-10-28T16:53:52.563-0700] {logging_mixin.py:150} INFO - [2024-10-28T16:53:52.563-0700] {dag.py:2742} INFO - Sync 1 DAGs
[2024-10-28T16:53:52.568-0700] {logging_mixin.py:150} INFO - [2024-10-28T16:53:52.568-0700] {dag.py:3504} INFO - Setting next_dagrun for example_task_group_decorator to 2024-10-27T23:53:52.568592+00:00, run_after=2024-10-28T23:53:52.568592+00:00
[2024-10-28T16:53:52.574-0700] {processor.py:179} INFO - Processing /Users/saiprasadreddykolan/airflow_venv/lib/python3.10/site-packages/airflow/example_dags/example_task_group_decorator.py took 0.256 seconds
[2024-10-28T16:55:29.809-0700] {processor.py:157} INFO - Started process (PID=69496) to work on /Users/saiprasadreddykolan/airflow_venv/lib/python3.10/site-packages/airflow/example_dags/example_task_group_decorator.py
[2024-10-28T16:55:29.811-0700] {processor.py:826} INFO - Processing file /Users/saiprasadreddykolan/airflow_venv/lib/python3.10/site-packages/airflow/example_dags/example_task_group_decorator.py for tasks to queue
[2024-10-28T16:55:29.811-0700] {logging_mixin.py:150} INFO - [2024-10-28T16:55:29.811-0700] {dagbag.py:541} INFO - Filling up the DagBag from /Users/saiprasadreddykolan/airflow_venv/lib/python3.10/site-packages/airflow/example_dags/example_task_group_decorator.py
[2024-10-28T16:55:29.830-0700] {processor.py:836} INFO - DAG(s) dict_keys(['example_task_group_decorator']) retrieved from /Users/saiprasadreddykolan/airflow_venv/lib/python3.10/site-packages/airflow/example_dags/example_task_group_decorator.py
[2024-10-28T16:55:30.050-0700] {logging_mixin.py:150} INFO - [2024-10-28T16:55:30.050-0700] {dag.py:2742} INFO - Sync 1 DAGs
[2024-10-28T16:55:30.056-0700] {logging_mixin.py:150} INFO - [2024-10-28T16:55:30.056-0700] {dag.py:3504} INFO - Setting next_dagrun for example_task_group_decorator to 2024-10-27T23:55:30.056114+00:00, run_after=2024-10-28T23:55:30.056114+00:00
[2024-10-28T16:55:30.064-0700] {processor.py:179} INFO - Processing /Users/saiprasadreddykolan/airflow_venv/lib/python3.10/site-packages/airflow/example_dags/example_task_group_decorator.py took 0.255 seconds
[2024-10-28T16:57:09.451-0700] {processor.py:157} INFO - Started process (PID=69570) to work on /Users/saiprasadreddykolan/airflow_venv/lib/python3.10/site-packages/airflow/example_dags/example_task_group_decorator.py
[2024-10-28T16:57:09.453-0700] {processor.py:826} INFO - Processing file /Users/saiprasadreddykolan/airflow_venv/lib/python3.10/site-packages/airflow/example_dags/example_task_group_decorator.py for tasks to queue
[2024-10-28T16:57:09.454-0700] {logging_mixin.py:150} INFO - [2024-10-28T16:57:09.454-0700] {dagbag.py:541} INFO - Filling up the DagBag from /Users/saiprasadreddykolan/airflow_venv/lib/python3.10/site-packages/airflow/example_dags/example_task_group_decorator.py
[2024-10-28T16:57:09.472-0700] {processor.py:836} INFO - DAG(s) dict_keys(['example_task_group_decorator']) retrieved from /Users/saiprasadreddykolan/airflow_venv/lib/python3.10/site-packages/airflow/example_dags/example_task_group_decorator.py
[2024-10-28T16:57:09.688-0700] {logging_mixin.py:150} INFO - [2024-10-28T16:57:09.687-0700] {dag.py:2742} INFO - Sync 1 DAGs
[2024-10-28T16:57:09.693-0700] {logging_mixin.py:150} INFO - [2024-10-28T16:57:09.693-0700] {dag.py:3504} INFO - Setting next_dagrun for example_task_group_decorator to 2024-10-27T23:57:09.693225+00:00, run_after=2024-10-28T23:57:09.693225+00:00
[2024-10-28T16:57:09.699-0700] {processor.py:179} INFO - Processing /Users/saiprasadreddykolan/airflow_venv/lib/python3.10/site-packages/airflow/example_dags/example_task_group_decorator.py took 0.248 seconds
[2024-10-28T16:58:40.622-0700] {processor.py:157} INFO - Started process (PID=69654) to work on /Users/saiprasadreddykolan/airflow_venv/lib/python3.10/site-packages/airflow/example_dags/example_task_group_decorator.py
[2024-10-28T16:58:40.625-0700] {processor.py:826} INFO - Processing file /Users/saiprasadreddykolan/airflow_venv/lib/python3.10/site-packages/airflow/example_dags/example_task_group_decorator.py for tasks to queue
[2024-10-28T16:58:40.625-0700] {logging_mixin.py:150} INFO - [2024-10-28T16:58:40.625-0700] {dagbag.py:541} INFO - Filling up the DagBag from /Users/saiprasadreddykolan/airflow_venv/lib/python3.10/site-packages/airflow/example_dags/example_task_group_decorator.py
[2024-10-28T16:58:40.644-0700] {processor.py:836} INFO - DAG(s) dict_keys(['example_task_group_decorator']) retrieved from /Users/saiprasadreddykolan/airflow_venv/lib/python3.10/site-packages/airflow/example_dags/example_task_group_decorator.py
[2024-10-28T16:58:40.869-0700] {logging_mixin.py:150} INFO - [2024-10-28T16:58:40.869-0700] {dag.py:2742} INFO - Sync 1 DAGs
[2024-10-28T16:58:40.874-0700] {logging_mixin.py:150} INFO - [2024-10-28T16:58:40.874-0700] {dag.py:3504} INFO - Setting next_dagrun for example_task_group_decorator to 2024-10-27T23:58:40.874660+00:00, run_after=2024-10-28T23:58:40.874660+00:00
[2024-10-28T16:58:40.880-0700] {processor.py:179} INFO - Processing /Users/saiprasadreddykolan/airflow_venv/lib/python3.10/site-packages/airflow/example_dags/example_task_group_decorator.py took 0.258 seconds
