[2024-10-28T16:43:14.129-0700] {processor.py:157} INFO - Started process (PID=68900) to work on /Users/saiprasadreddykolan/airflow_venv/lib/python3.10/site-packages/airflow/example_dags/example_trigger_target_dag.py
[2024-10-28T16:43:14.130-0700] {processor.py:826} INFO - Processing file /Users/saiprasadreddykolan/airflow_venv/lib/python3.10/site-packages/airflow/example_dags/example_trigger_target_dag.py for tasks to queue
[2024-10-28T16:43:14.130-0700] {logging_mixin.py:150} INFO - [2024-10-28T16:43:14.130-0700] {dagbag.py:541} INFO - Filling up the DagBag from /Users/saiprasadreddykolan/airflow_venv/lib/python3.10/site-packages/airflow/example_dags/example_trigger_target_dag.py
[2024-10-28T16:43:14.148-0700] {processor.py:836} INFO - DAG(s) dict_keys(['example_trigger_target_dag']) retrieved from /Users/saiprasadreddykolan/airflow_venv/lib/python3.10/site-packages/airflow/example_dags/example_trigger_target_dag.py
[2024-10-28T16:43:14.380-0700] {logging_mixin.py:150} INFO - [2024-10-28T16:43:14.380-0700] {manager.py:504} INFO - Created Permission View: can delete on DAG:example_trigger_target_dag
[2024-10-28T16:43:14.383-0700] {logging_mixin.py:150} INFO - [2024-10-28T16:43:14.383-0700] {manager.py:504} INFO - Created Permission View: can edit on DAG:example_trigger_target_dag
[2024-10-28T16:43:14.385-0700] {logging_mixin.py:150} INFO - [2024-10-28T16:43:14.385-0700] {manager.py:504} INFO - Created Permission View: can read on DAG:example_trigger_target_dag
[2024-10-28T16:43:14.388-0700] {logging_mixin.py:150} INFO - [2024-10-28T16:43:14.388-0700] {dag.py:2742} INFO - Sync 1 DAGs
[2024-10-28T16:43:14.390-0700] {logging_mixin.py:150} INFO - [2024-10-28T16:43:14.390-0700] {dag.py:2763} INFO - Creating ORM DAG for example_trigger_target_dag
[2024-10-28T16:43:14.393-0700] {logging_mixin.py:150} INFO - [2024-10-28T16:43:14.393-0700] {dag.py:3504} INFO - Setting next_dagrun for example_trigger_target_dag to None, run_after=None
[2024-10-28T16:43:14.398-0700] {processor.py:179} INFO - Processing /Users/saiprasadreddykolan/airflow_venv/lib/python3.10/site-packages/airflow/example_dags/example_trigger_target_dag.py took 0.270 seconds
[2024-10-28T16:44:33.957-0700] {processor.py:157} INFO - Started process (PID=68965) to work on /Users/saiprasadreddykolan/airflow_venv/lib/python3.10/site-packages/airflow/example_dags/example_trigger_target_dag.py
[2024-10-28T16:44:33.959-0700] {processor.py:826} INFO - Processing file /Users/saiprasadreddykolan/airflow_venv/lib/python3.10/site-packages/airflow/example_dags/example_trigger_target_dag.py for tasks to queue
[2024-10-28T16:44:33.959-0700] {logging_mixin.py:150} INFO - [2024-10-28T16:44:33.959-0700] {dagbag.py:541} INFO - Filling up the DagBag from /Users/saiprasadreddykolan/airflow_venv/lib/python3.10/site-packages/airflow/example_dags/example_trigger_target_dag.py
[2024-10-28T16:44:33.978-0700] {processor.py:836} INFO - DAG(s) dict_keys(['example_trigger_target_dag']) retrieved from /Users/saiprasadreddykolan/airflow_venv/lib/python3.10/site-packages/airflow/example_dags/example_trigger_target_dag.py
[2024-10-28T16:44:34.214-0700] {logging_mixin.py:150} INFO - [2024-10-28T16:44:34.214-0700] {dag.py:2742} INFO - Sync 1 DAGs
[2024-10-28T16:44:34.220-0700] {logging_mixin.py:150} INFO - [2024-10-28T16:44:34.220-0700] {dag.py:3504} INFO - Setting next_dagrun for example_trigger_target_dag to None, run_after=None
[2024-10-28T16:44:34.226-0700] {processor.py:179} INFO - Processing /Users/saiprasadreddykolan/airflow_venv/lib/python3.10/site-packages/airflow/example_dags/example_trigger_target_dag.py took 0.269 seconds
[2024-10-28T16:46:07.563-0700] {processor.py:157} INFO - Started process (PID=69048) to work on /Users/saiprasadreddykolan/airflow_venv/lib/python3.10/site-packages/airflow/example_dags/example_trigger_target_dag.py
[2024-10-28T16:46:07.565-0700] {processor.py:826} INFO - Processing file /Users/saiprasadreddykolan/airflow_venv/lib/python3.10/site-packages/airflow/example_dags/example_trigger_target_dag.py for tasks to queue
[2024-10-28T16:46:07.565-0700] {logging_mixin.py:150} INFO - [2024-10-28T16:46:07.565-0700] {dagbag.py:541} INFO - Filling up the DagBag from /Users/saiprasadreddykolan/airflow_venv/lib/python3.10/site-packages/airflow/example_dags/example_trigger_target_dag.py
[2024-10-28T16:46:07.584-0700] {processor.py:836} INFO - DAG(s) dict_keys(['example_trigger_target_dag']) retrieved from /Users/saiprasadreddykolan/airflow_venv/lib/python3.10/site-packages/airflow/example_dags/example_trigger_target_dag.py
[2024-10-28T16:46:07.820-0700] {logging_mixin.py:150} INFO - [2024-10-28T16:46:07.820-0700] {dag.py:2742} INFO - Sync 1 DAGs
[2024-10-28T16:46:07.826-0700] {logging_mixin.py:150} INFO - [2024-10-28T16:46:07.826-0700] {dag.py:3504} INFO - Setting next_dagrun for example_trigger_target_dag to None, run_after=None
[2024-10-28T16:46:07.834-0700] {processor.py:179} INFO - Processing /Users/saiprasadreddykolan/airflow_venv/lib/python3.10/site-packages/airflow/example_dags/example_trigger_target_dag.py took 0.271 seconds
[2024-10-28T16:47:39.126-0700] {processor.py:157} INFO - Started process (PID=69136) to work on /Users/saiprasadreddykolan/airflow_venv/lib/python3.10/site-packages/airflow/example_dags/example_trigger_target_dag.py
[2024-10-28T16:47:39.129-0700] {processor.py:826} INFO - Processing file /Users/saiprasadreddykolan/airflow_venv/lib/python3.10/site-packages/airflow/example_dags/example_trigger_target_dag.py for tasks to queue
[2024-10-28T16:47:39.129-0700] {logging_mixin.py:150} INFO - [2024-10-28T16:47:39.129-0700] {dagbag.py:541} INFO - Filling up the DagBag from /Users/saiprasadreddykolan/airflow_venv/lib/python3.10/site-packages/airflow/example_dags/example_trigger_target_dag.py
[2024-10-28T16:47:39.146-0700] {processor.py:836} INFO - DAG(s) dict_keys(['example_trigger_target_dag']) retrieved from /Users/saiprasadreddykolan/airflow_venv/lib/python3.10/site-packages/airflow/example_dags/example_trigger_target_dag.py
[2024-10-28T16:47:39.365-0700] {logging_mixin.py:150} INFO - [2024-10-28T16:47:39.365-0700] {dag.py:2742} INFO - Sync 1 DAGs
[2024-10-28T16:47:39.373-0700] {logging_mixin.py:150} INFO - [2024-10-28T16:47:39.373-0700] {dag.py:3504} INFO - Setting next_dagrun for example_trigger_target_dag to None, run_after=None
[2024-10-28T16:47:39.379-0700] {processor.py:179} INFO - Processing /Users/saiprasadreddykolan/airflow_venv/lib/python3.10/site-packages/airflow/example_dags/example_trigger_target_dag.py took 0.253 seconds
[2024-10-28T16:49:11.496-0700] {processor.py:157} INFO - Started process (PID=69211) to work on /Users/saiprasadreddykolan/airflow_venv/lib/python3.10/site-packages/airflow/example_dags/example_trigger_target_dag.py
[2024-10-28T16:49:11.497-0700] {processor.py:826} INFO - Processing file /Users/saiprasadreddykolan/airflow_venv/lib/python3.10/site-packages/airflow/example_dags/example_trigger_target_dag.py for tasks to queue
[2024-10-28T16:49:11.498-0700] {logging_mixin.py:150} INFO - [2024-10-28T16:49:11.498-0700] {dagbag.py:541} INFO - Filling up the DagBag from /Users/saiprasadreddykolan/airflow_venv/lib/python3.10/site-packages/airflow/example_dags/example_trigger_target_dag.py
[2024-10-28T16:49:11.515-0700] {processor.py:836} INFO - DAG(s) dict_keys(['example_trigger_target_dag']) retrieved from /Users/saiprasadreddykolan/airflow_venv/lib/python3.10/site-packages/airflow/example_dags/example_trigger_target_dag.py
[2024-10-28T16:49:11.727-0700] {logging_mixin.py:150} INFO - [2024-10-28T16:49:11.727-0700] {dag.py:2742} INFO - Sync 1 DAGs
[2024-10-28T16:49:11.732-0700] {logging_mixin.py:150} INFO - [2024-10-28T16:49:11.732-0700] {dag.py:3504} INFO - Setting next_dagrun for example_trigger_target_dag to None, run_after=None
[2024-10-28T16:49:11.739-0700] {processor.py:179} INFO - Processing /Users/saiprasadreddykolan/airflow_venv/lib/python3.10/site-packages/airflow/example_dags/example_trigger_target_dag.py took 0.244 seconds
[2024-10-28T16:50:41.754-0700] {processor.py:157} INFO - Started process (PID=69277) to work on /Users/saiprasadreddykolan/airflow_venv/lib/python3.10/site-packages/airflow/example_dags/example_trigger_target_dag.py
[2024-10-28T16:50:41.755-0700] {processor.py:826} INFO - Processing file /Users/saiprasadreddykolan/airflow_venv/lib/python3.10/site-packages/airflow/example_dags/example_trigger_target_dag.py for tasks to queue
[2024-10-28T16:50:41.756-0700] {logging_mixin.py:150} INFO - [2024-10-28T16:50:41.756-0700] {dagbag.py:541} INFO - Filling up the DagBag from /Users/saiprasadreddykolan/airflow_venv/lib/python3.10/site-packages/airflow/example_dags/example_trigger_target_dag.py
[2024-10-28T16:50:41.774-0700] {processor.py:836} INFO - DAG(s) dict_keys(['example_trigger_target_dag']) retrieved from /Users/saiprasadreddykolan/airflow_venv/lib/python3.10/site-packages/airflow/example_dags/example_trigger_target_dag.py
[2024-10-28T16:50:41.998-0700] {logging_mixin.py:150} INFO - [2024-10-28T16:50:41.998-0700] {dag.py:2742} INFO - Sync 1 DAGs
[2024-10-28T16:50:42.004-0700] {logging_mixin.py:150} INFO - [2024-10-28T16:50:42.004-0700] {dag.py:3504} INFO - Setting next_dagrun for example_trigger_target_dag to None, run_after=None
[2024-10-28T16:50:42.011-0700] {processor.py:179} INFO - Processing /Users/saiprasadreddykolan/airflow_venv/lib/python3.10/site-packages/airflow/example_dags/example_trigger_target_dag.py took 0.258 seconds
[2024-10-28T16:51:32.506-0700] {processor.py:157} INFO - Started process (PID=69312) to work on /Users/saiprasadreddykolan/airflow_venv/lib/python3.10/site-packages/airflow/example_dags/example_trigger_target_dag.py
[2024-10-28T16:51:32.508-0700] {processor.py:826} INFO - Processing file /Users/saiprasadreddykolan/airflow_venv/lib/python3.10/site-packages/airflow/example_dags/example_trigger_target_dag.py for tasks to queue
[2024-10-28T16:51:32.508-0700] {logging_mixin.py:150} INFO - [2024-10-28T16:51:32.508-0700] {dagbag.py:541} INFO - Filling up the DagBag from /Users/saiprasadreddykolan/airflow_venv/lib/python3.10/site-packages/airflow/example_dags/example_trigger_target_dag.py
[2024-10-28T16:51:32.525-0700] {processor.py:836} INFO - DAG(s) dict_keys(['example_trigger_target_dag']) retrieved from /Users/saiprasadreddykolan/airflow_venv/lib/python3.10/site-packages/airflow/example_dags/example_trigger_target_dag.py
[2024-10-28T16:51:32.736-0700] {logging_mixin.py:150} INFO - [2024-10-28T16:51:32.736-0700] {dag.py:2742} INFO - Sync 1 DAGs
[2024-10-28T16:51:32.742-0700] {logging_mixin.py:150} INFO - [2024-10-28T16:51:32.742-0700] {dag.py:3504} INFO - Setting next_dagrun for example_trigger_target_dag to None, run_after=None
[2024-10-28T16:51:32.748-0700] {processor.py:179} INFO - Processing /Users/saiprasadreddykolan/airflow_venv/lib/python3.10/site-packages/airflow/example_dags/example_trigger_target_dag.py took 0.243 seconds
[2024-10-28T16:52:19.433-0700] {processor.py:157} INFO - Started process (PID=69342) to work on /Users/saiprasadreddykolan/airflow_venv/lib/python3.10/site-packages/airflow/example_dags/example_trigger_target_dag.py
[2024-10-28T16:52:19.435-0700] {processor.py:826} INFO - Processing file /Users/saiprasadreddykolan/airflow_venv/lib/python3.10/site-packages/airflow/example_dags/example_trigger_target_dag.py for tasks to queue
[2024-10-28T16:52:19.435-0700] {logging_mixin.py:150} INFO - [2024-10-28T16:52:19.435-0700] {dagbag.py:541} INFO - Filling up the DagBag from /Users/saiprasadreddykolan/airflow_venv/lib/python3.10/site-packages/airflow/example_dags/example_trigger_target_dag.py
[2024-10-28T16:52:19.453-0700] {processor.py:836} INFO - DAG(s) dict_keys(['example_trigger_target_dag']) retrieved from /Users/saiprasadreddykolan/airflow_venv/lib/python3.10/site-packages/airflow/example_dags/example_trigger_target_dag.py
[2024-10-28T16:52:19.667-0700] {logging_mixin.py:150} INFO - [2024-10-28T16:52:19.667-0700] {dag.py:2742} INFO - Sync 1 DAGs
[2024-10-28T16:52:19.673-0700] {logging_mixin.py:150} INFO - [2024-10-28T16:52:19.673-0700] {dag.py:3504} INFO - Setting next_dagrun for example_trigger_target_dag to None, run_after=None
[2024-10-28T16:52:19.679-0700] {processor.py:179} INFO - Processing /Users/saiprasadreddykolan/airflow_venv/lib/python3.10/site-packages/airflow/example_dags/example_trigger_target_dag.py took 0.247 seconds
[2024-10-28T16:53:07.110-0700] {processor.py:157} INFO - Started process (PID=69386) to work on /Users/saiprasadreddykolan/airflow_venv/lib/python3.10/site-packages/airflow/example_dags/example_trigger_target_dag.py
[2024-10-28T16:53:07.111-0700] {processor.py:826} INFO - Processing file /Users/saiprasadreddykolan/airflow_venv/lib/python3.10/site-packages/airflow/example_dags/example_trigger_target_dag.py for tasks to queue
[2024-10-28T16:53:07.111-0700] {logging_mixin.py:150} INFO - [2024-10-28T16:53:07.111-0700] {dagbag.py:541} INFO - Filling up the DagBag from /Users/saiprasadreddykolan/airflow_venv/lib/python3.10/site-packages/airflow/example_dags/example_trigger_target_dag.py
[2024-10-28T16:53:07.128-0700] {processor.py:836} INFO - DAG(s) dict_keys(['example_trigger_target_dag']) retrieved from /Users/saiprasadreddykolan/airflow_venv/lib/python3.10/site-packages/airflow/example_dags/example_trigger_target_dag.py
[2024-10-28T16:53:07.353-0700] {logging_mixin.py:150} INFO - [2024-10-28T16:53:07.352-0700] {dag.py:2742} INFO - Sync 1 DAGs
[2024-10-28T16:53:07.360-0700] {logging_mixin.py:150} INFO - [2024-10-28T16:53:07.360-0700] {dag.py:3504} INFO - Setting next_dagrun for example_trigger_target_dag to None, run_after=None
[2024-10-28T16:53:07.369-0700] {processor.py:179} INFO - Processing /Users/saiprasadreddykolan/airflow_venv/lib/python3.10/site-packages/airflow/example_dags/example_trigger_target_dag.py took 0.260 seconds
[2024-10-28T16:54:33.938-0700] {processor.py:157} INFO - Started process (PID=69457) to work on /Users/saiprasadreddykolan/airflow_venv/lib/python3.10/site-packages/airflow/example_dags/example_trigger_target_dag.py
[2024-10-28T16:54:33.940-0700] {processor.py:826} INFO - Processing file /Users/saiprasadreddykolan/airflow_venv/lib/python3.10/site-packages/airflow/example_dags/example_trigger_target_dag.py for tasks to queue
[2024-10-28T16:54:33.940-0700] {logging_mixin.py:150} INFO - [2024-10-28T16:54:33.940-0700] {dagbag.py:541} INFO - Filling up the DagBag from /Users/saiprasadreddykolan/airflow_venv/lib/python3.10/site-packages/airflow/example_dags/example_trigger_target_dag.py
[2024-10-28T16:54:33.958-0700] {processor.py:836} INFO - DAG(s) dict_keys(['example_trigger_target_dag']) retrieved from /Users/saiprasadreddykolan/airflow_venv/lib/python3.10/site-packages/airflow/example_dags/example_trigger_target_dag.py
[2024-10-28T16:54:34.173-0700] {logging_mixin.py:150} INFO - [2024-10-28T16:54:34.173-0700] {dag.py:2742} INFO - Sync 1 DAGs
[2024-10-28T16:54:34.179-0700] {logging_mixin.py:150} INFO - [2024-10-28T16:54:34.179-0700] {dag.py:3504} INFO - Setting next_dagrun for example_trigger_target_dag to None, run_after=None
[2024-10-28T16:54:34.184-0700] {processor.py:179} INFO - Processing /Users/saiprasadreddykolan/airflow_venv/lib/python3.10/site-packages/airflow/example_dags/example_trigger_target_dag.py took 0.247 seconds
[2024-10-28T16:55:24.600-0700] {processor.py:157} INFO - Started process (PID=69493) to work on /Users/saiprasadreddykolan/airflow_venv/lib/python3.10/site-packages/airflow/example_dags/example_trigger_target_dag.py
[2024-10-28T16:55:24.602-0700] {processor.py:826} INFO - Processing file /Users/saiprasadreddykolan/airflow_venv/lib/python3.10/site-packages/airflow/example_dags/example_trigger_target_dag.py for tasks to queue
[2024-10-28T16:55:24.602-0700] {logging_mixin.py:150} INFO - [2024-10-28T16:55:24.602-0700] {dagbag.py:541} INFO - Filling up the DagBag from /Users/saiprasadreddykolan/airflow_venv/lib/python3.10/site-packages/airflow/example_dags/example_trigger_target_dag.py
[2024-10-28T16:55:24.619-0700] {processor.py:836} INFO - DAG(s) dict_keys(['example_trigger_target_dag']) retrieved from /Users/saiprasadreddykolan/airflow_venv/lib/python3.10/site-packages/airflow/example_dags/example_trigger_target_dag.py
[2024-10-28T16:55:24.835-0700] {logging_mixin.py:150} INFO - [2024-10-28T16:55:24.835-0700] {dag.py:2742} INFO - Sync 1 DAGs
[2024-10-28T16:55:24.843-0700] {logging_mixin.py:150} INFO - [2024-10-28T16:55:24.843-0700] {dag.py:3504} INFO - Setting next_dagrun for example_trigger_target_dag to None, run_after=None
[2024-10-28T16:55:24.849-0700] {processor.py:179} INFO - Processing /Users/saiprasadreddykolan/airflow_venv/lib/python3.10/site-packages/airflow/example_dags/example_trigger_target_dag.py took 0.249 seconds
[2024-10-28T16:56:14.918-0700] {processor.py:157} INFO - Started process (PID=69523) to work on /Users/saiprasadreddykolan/airflow_venv/lib/python3.10/site-packages/airflow/example_dags/example_trigger_target_dag.py
[2024-10-28T16:56:14.921-0700] {processor.py:826} INFO - Processing file /Users/saiprasadreddykolan/airflow_venv/lib/python3.10/site-packages/airflow/example_dags/example_trigger_target_dag.py for tasks to queue
[2024-10-28T16:56:14.921-0700] {logging_mixin.py:150} INFO - [2024-10-28T16:56:14.921-0700] {dagbag.py:541} INFO - Filling up the DagBag from /Users/saiprasadreddykolan/airflow_venv/lib/python3.10/site-packages/airflow/example_dags/example_trigger_target_dag.py
[2024-10-28T16:56:14.938-0700] {processor.py:836} INFO - DAG(s) dict_keys(['example_trigger_target_dag']) retrieved from /Users/saiprasadreddykolan/airflow_venv/lib/python3.10/site-packages/airflow/example_dags/example_trigger_target_dag.py
[2024-10-28T16:56:15.151-0700] {logging_mixin.py:150} INFO - [2024-10-28T16:56:15.151-0700] {dag.py:2742} INFO - Sync 1 DAGs
[2024-10-28T16:56:15.157-0700] {logging_mixin.py:150} INFO - [2024-10-28T16:56:15.157-0700] {dag.py:3504} INFO - Setting next_dagrun for example_trigger_target_dag to None, run_after=None
[2024-10-28T16:56:15.163-0700] {processor.py:179} INFO - Processing /Users/saiprasadreddykolan/airflow_venv/lib/python3.10/site-packages/airflow/example_dags/example_trigger_target_dag.py took 0.245 seconds
[2024-10-28T16:57:05.162-0700] {processor.py:157} INFO - Started process (PID=69566) to work on /Users/saiprasadreddykolan/airflow_venv/lib/python3.10/site-packages/airflow/example_dags/example_trigger_target_dag.py
[2024-10-28T16:57:05.164-0700] {processor.py:826} INFO - Processing file /Users/saiprasadreddykolan/airflow_venv/lib/python3.10/site-packages/airflow/example_dags/example_trigger_target_dag.py for tasks to queue
[2024-10-28T16:57:05.164-0700] {logging_mixin.py:150} INFO - [2024-10-28T16:57:05.164-0700] {dagbag.py:541} INFO - Filling up the DagBag from /Users/saiprasadreddykolan/airflow_venv/lib/python3.10/site-packages/airflow/example_dags/example_trigger_target_dag.py
[2024-10-28T16:57:05.181-0700] {processor.py:836} INFO - DAG(s) dict_keys(['example_trigger_target_dag']) retrieved from /Users/saiprasadreddykolan/airflow_venv/lib/python3.10/site-packages/airflow/example_dags/example_trigger_target_dag.py
[2024-10-28T16:57:05.393-0700] {logging_mixin.py:150} INFO - [2024-10-28T16:57:05.393-0700] {dag.py:2742} INFO - Sync 1 DAGs
[2024-10-28T16:57:05.399-0700] {logging_mixin.py:150} INFO - [2024-10-28T16:57:05.399-0700] {dag.py:3504} INFO - Setting next_dagrun for example_trigger_target_dag to None, run_after=None
[2024-10-28T16:57:05.405-0700] {processor.py:179} INFO - Processing /Users/saiprasadreddykolan/airflow_venv/lib/python3.10/site-packages/airflow/example_dags/example_trigger_target_dag.py took 0.243 seconds
[2024-10-28T16:58:35.342-0700] {processor.py:157} INFO - Started process (PID=69650) to work on /Users/saiprasadreddykolan/airflow_venv/lib/python3.10/site-packages/airflow/example_dags/example_trigger_target_dag.py
[2024-10-28T16:58:35.344-0700] {processor.py:826} INFO - Processing file /Users/saiprasadreddykolan/airflow_venv/lib/python3.10/site-packages/airflow/example_dags/example_trigger_target_dag.py for tasks to queue
[2024-10-28T16:58:35.344-0700] {logging_mixin.py:150} INFO - [2024-10-28T16:58:35.344-0700] {dagbag.py:541} INFO - Filling up the DagBag from /Users/saiprasadreddykolan/airflow_venv/lib/python3.10/site-packages/airflow/example_dags/example_trigger_target_dag.py
[2024-10-28T16:58:35.361-0700] {processor.py:836} INFO - DAG(s) dict_keys(['example_trigger_target_dag']) retrieved from /Users/saiprasadreddykolan/airflow_venv/lib/python3.10/site-packages/airflow/example_dags/example_trigger_target_dag.py
[2024-10-28T16:58:35.578-0700] {logging_mixin.py:150} INFO - [2024-10-28T16:58:35.578-0700] {dag.py:2742} INFO - Sync 1 DAGs
[2024-10-28T16:58:35.585-0700] {logging_mixin.py:150} INFO - [2024-10-28T16:58:35.585-0700] {dag.py:3504} INFO - Setting next_dagrun for example_trigger_target_dag to None, run_after=None
[2024-10-28T16:58:35.593-0700] {processor.py:179} INFO - Processing /Users/saiprasadreddykolan/airflow_venv/lib/python3.10/site-packages/airflow/example_dags/example_trigger_target_dag.py took 0.252 seconds
[2024-10-28T16:59:22.545-0700] {processor.py:157} INFO - Started process (PID=69684) to work on /Users/saiprasadreddykolan/airflow_venv/lib/python3.10/site-packages/airflow/example_dags/example_trigger_target_dag.py
[2024-10-28T16:59:22.547-0700] {processor.py:826} INFO - Processing file /Users/saiprasadreddykolan/airflow_venv/lib/python3.10/site-packages/airflow/example_dags/example_trigger_target_dag.py for tasks to queue
[2024-10-28T16:59:22.548-0700] {logging_mixin.py:150} INFO - [2024-10-28T16:59:22.547-0700] {dagbag.py:541} INFO - Filling up the DagBag from /Users/saiprasadreddykolan/airflow_venv/lib/python3.10/site-packages/airflow/example_dags/example_trigger_target_dag.py
[2024-10-28T16:59:22.568-0700] {processor.py:836} INFO - DAG(s) dict_keys(['example_trigger_target_dag']) retrieved from /Users/saiprasadreddykolan/airflow_venv/lib/python3.10/site-packages/airflow/example_dags/example_trigger_target_dag.py
[2024-10-28T16:59:22.791-0700] {logging_mixin.py:150} INFO - [2024-10-28T16:59:22.791-0700] {dag.py:2742} INFO - Sync 1 DAGs
[2024-10-28T16:59:22.798-0700] {logging_mixin.py:150} INFO - [2024-10-28T16:59:22.798-0700] {dag.py:3504} INFO - Setting next_dagrun for example_trigger_target_dag to None, run_after=None
[2024-10-28T16:59:22.805-0700] {processor.py:179} INFO - Processing /Users/saiprasadreddykolan/airflow_venv/lib/python3.10/site-packages/airflow/example_dags/example_trigger_target_dag.py took 0.260 seconds
