[2024-10-28T17:01:11.187-0700] {processor.py:157} INFO - Started process (PID=69777) to work on /Users/saiprasadreddykolan/airflow_venv/lib/python3.10/site-packages/airflow/example_dags/example_branch_labels.py
[2024-10-28T17:01:11.188-0700] {processor.py:826} INFO - Processing file /Users/saiprasadreddykolan/airflow_venv/lib/python3.10/site-packages/airflow/example_dags/example_branch_labels.py for tasks to queue
[2024-10-28T17:01:11.189-0700] {logging_mixin.py:150} INFO - [2024-10-28T17:01:11.189-0700] {dagbag.py:541} INFO - Filling up the DagBag from /Users/saiprasadreddykolan/airflow_venv/lib/python3.10/site-packages/airflow/example_dags/example_branch_labels.py
[2024-10-28T17:01:11.197-0700] {processor.py:836} INFO - DAG(s) dict_keys(['example_branch_labels']) retrieved from /Users/saiprasadreddykolan/airflow_venv/lib/python3.10/site-packages/airflow/example_dags/example_branch_labels.py
[2024-10-28T17:01:11.415-0700] {logging_mixin.py:150} INFO - [2024-10-28T17:01:11.415-0700] {dag.py:2742} INFO - Sync 1 DAGs
[2024-10-28T17:01:11.421-0700] {logging_mixin.py:150} INFO - [2024-10-28T17:01:11.421-0700] {dag.py:3504} INFO - Setting next_dagrun for example_branch_labels to 2024-10-28T00:00:00+00:00, run_after=2024-10-29T00:00:00+00:00
[2024-10-28T17:01:11.429-0700] {processor.py:179} INFO - Processing /Users/saiprasadreddykolan/airflow_venv/lib/python3.10/site-packages/airflow/example_dags/example_branch_labels.py took 0.242 seconds
[2024-10-28T17:02:36.352-0700] {processor.py:157} INFO - Started process (PID=69836) to work on /Users/saiprasadreddykolan/airflow_venv/lib/python3.10/site-packages/airflow/example_dags/example_branch_labels.py
[2024-10-28T17:02:36.355-0700] {processor.py:826} INFO - Processing file /Users/saiprasadreddykolan/airflow_venv/lib/python3.10/site-packages/airflow/example_dags/example_branch_labels.py for tasks to queue
[2024-10-28T17:02:36.355-0700] {logging_mixin.py:150} INFO - [2024-10-28T17:02:36.355-0700] {dagbag.py:541} INFO - Filling up the DagBag from /Users/saiprasadreddykolan/airflow_venv/lib/python3.10/site-packages/airflow/example_dags/example_branch_labels.py
[2024-10-28T17:02:36.365-0700] {processor.py:836} INFO - DAG(s) dict_keys(['example_branch_labels']) retrieved from /Users/saiprasadreddykolan/airflow_venv/lib/python3.10/site-packages/airflow/example_dags/example_branch_labels.py
[2024-10-28T17:02:36.586-0700] {logging_mixin.py:150} INFO - [2024-10-28T17:02:36.586-0700] {dag.py:2742} INFO - Sync 1 DAGs
[2024-10-28T17:02:36.593-0700] {logging_mixin.py:150} INFO - [2024-10-28T17:02:36.593-0700] {dag.py:3504} INFO - Setting next_dagrun for example_branch_labels to 2024-10-28T00:00:00+00:00, run_after=2024-10-29T00:00:00+00:00
[2024-10-28T17:02:36.600-0700] {processor.py:179} INFO - Processing /Users/saiprasadreddykolan/airflow_venv/lib/python3.10/site-packages/airflow/example_dags/example_branch_labels.py took 0.248 seconds
[2024-10-28T17:04:05.903-0700] {processor.py:157} INFO - Started process (PID=69897) to work on /Users/saiprasadreddykolan/airflow_venv/lib/python3.10/site-packages/airflow/example_dags/example_branch_labels.py
[2024-10-28T17:04:05.905-0700] {processor.py:826} INFO - Processing file /Users/saiprasadreddykolan/airflow_venv/lib/python3.10/site-packages/airflow/example_dags/example_branch_labels.py for tasks to queue
[2024-10-28T17:04:05.905-0700] {logging_mixin.py:150} INFO - [2024-10-28T17:04:05.905-0700] {dagbag.py:541} INFO - Filling up the DagBag from /Users/saiprasadreddykolan/airflow_venv/lib/python3.10/site-packages/airflow/example_dags/example_branch_labels.py
[2024-10-28T17:04:05.912-0700] {processor.py:836} INFO - DAG(s) dict_keys(['example_branch_labels']) retrieved from /Users/saiprasadreddykolan/airflow_venv/lib/python3.10/site-packages/airflow/example_dags/example_branch_labels.py
[2024-10-28T17:04:06.129-0700] {logging_mixin.py:150} INFO - [2024-10-28T17:04:06.129-0700] {dag.py:2742} INFO - Sync 1 DAGs
[2024-10-28T17:04:06.135-0700] {logging_mixin.py:150} INFO - [2024-10-28T17:04:06.135-0700] {dag.py:3504} INFO - Setting next_dagrun for example_branch_labels to 2024-10-28T00:00:00+00:00, run_after=2024-10-29T00:00:00+00:00
[2024-10-28T17:04:06.141-0700] {processor.py:179} INFO - Processing /Users/saiprasadreddykolan/airflow_venv/lib/python3.10/site-packages/airflow/example_dags/example_branch_labels.py took 0.239 seconds
[2024-10-28T17:05:41.562-0700] {processor.py:157} INFO - Started process (PID=69964) to work on /Users/saiprasadreddykolan/airflow_venv/lib/python3.10/site-packages/airflow/example_dags/example_branch_labels.py
[2024-10-28T17:05:41.564-0700] {processor.py:826} INFO - Processing file /Users/saiprasadreddykolan/airflow_venv/lib/python3.10/site-packages/airflow/example_dags/example_branch_labels.py for tasks to queue
[2024-10-28T17:05:41.564-0700] {logging_mixin.py:150} INFO - [2024-10-28T17:05:41.564-0700] {dagbag.py:541} INFO - Filling up the DagBag from /Users/saiprasadreddykolan/airflow_venv/lib/python3.10/site-packages/airflow/example_dags/example_branch_labels.py
[2024-10-28T17:05:41.572-0700] {processor.py:836} INFO - DAG(s) dict_keys(['example_branch_labels']) retrieved from /Users/saiprasadreddykolan/airflow_venv/lib/python3.10/site-packages/airflow/example_dags/example_branch_labels.py
[2024-10-28T17:05:41.797-0700] {logging_mixin.py:150} INFO - [2024-10-28T17:05:41.797-0700] {dag.py:2742} INFO - Sync 1 DAGs
[2024-10-28T17:05:41.803-0700] {logging_mixin.py:150} INFO - [2024-10-28T17:05:41.803-0700] {dag.py:3504} INFO - Setting next_dagrun for example_branch_labels to 2024-10-28T00:00:00+00:00, run_after=2024-10-29T00:00:00+00:00
[2024-10-28T17:05:41.809-0700] {processor.py:179} INFO - Processing /Users/saiprasadreddykolan/airflow_venv/lib/python3.10/site-packages/airflow/example_dags/example_branch_labels.py took 0.248 seconds
[2024-10-28T17:07:13.999-0700] {processor.py:157} INFO - Started process (PID=70030) to work on /Users/saiprasadreddykolan/airflow_venv/lib/python3.10/site-packages/airflow/example_dags/example_branch_labels.py
[2024-10-28T17:07:14.002-0700] {processor.py:826} INFO - Processing file /Users/saiprasadreddykolan/airflow_venv/lib/python3.10/site-packages/airflow/example_dags/example_branch_labels.py for tasks to queue
[2024-10-28T17:07:14.002-0700] {logging_mixin.py:150} INFO - [2024-10-28T17:07:14.002-0700] {dagbag.py:541} INFO - Filling up the DagBag from /Users/saiprasadreddykolan/airflow_venv/lib/python3.10/site-packages/airflow/example_dags/example_branch_labels.py
[2024-10-28T17:07:14.009-0700] {processor.py:836} INFO - DAG(s) dict_keys(['example_branch_labels']) retrieved from /Users/saiprasadreddykolan/airflow_venv/lib/python3.10/site-packages/airflow/example_dags/example_branch_labels.py
[2024-10-28T17:07:14.226-0700] {logging_mixin.py:150} INFO - [2024-10-28T17:07:14.226-0700] {dag.py:2742} INFO - Sync 1 DAGs
[2024-10-28T17:07:14.232-0700] {logging_mixin.py:150} INFO - [2024-10-28T17:07:14.232-0700] {dag.py:3504} INFO - Setting next_dagrun for example_branch_labels to 2024-10-28T00:00:00+00:00, run_after=2024-10-29T00:00:00+00:00
[2024-10-28T17:07:14.238-0700] {processor.py:179} INFO - Processing /Users/saiprasadreddykolan/airflow_venv/lib/python3.10/site-packages/airflow/example_dags/example_branch_labels.py took 0.239 seconds
[2024-10-28T17:08:38.905-0700] {processor.py:157} INFO - Started process (PID=70090) to work on /Users/saiprasadreddykolan/airflow_venv/lib/python3.10/site-packages/airflow/example_dags/example_branch_labels.py
[2024-10-28T17:08:38.908-0700] {processor.py:826} INFO - Processing file /Users/saiprasadreddykolan/airflow_venv/lib/python3.10/site-packages/airflow/example_dags/example_branch_labels.py for tasks to queue
[2024-10-28T17:08:38.908-0700] {logging_mixin.py:150} INFO - [2024-10-28T17:08:38.908-0700] {dagbag.py:541} INFO - Filling up the DagBag from /Users/saiprasadreddykolan/airflow_venv/lib/python3.10/site-packages/airflow/example_dags/example_branch_labels.py
[2024-10-28T17:08:38.915-0700] {processor.py:836} INFO - DAG(s) dict_keys(['example_branch_labels']) retrieved from /Users/saiprasadreddykolan/airflow_venv/lib/python3.10/site-packages/airflow/example_dags/example_branch_labels.py
[2024-10-28T17:08:39.132-0700] {logging_mixin.py:150} INFO - [2024-10-28T17:08:39.132-0700] {dag.py:2742} INFO - Sync 1 DAGs
[2024-10-28T17:08:39.139-0700] {logging_mixin.py:150} INFO - [2024-10-28T17:08:39.138-0700] {dag.py:3504} INFO - Setting next_dagrun for example_branch_labels to 2024-10-28T00:00:00+00:00, run_after=2024-10-29T00:00:00+00:00
[2024-10-28T17:08:39.145-0700] {processor.py:179} INFO - Processing /Users/saiprasadreddykolan/airflow_venv/lib/python3.10/site-packages/airflow/example_dags/example_branch_labels.py took 0.240 seconds
[2024-10-28T17:10:13.956-0700] {processor.py:157} INFO - Started process (PID=70149) to work on /Users/saiprasadreddykolan/airflow_venv/lib/python3.10/site-packages/airflow/example_dags/example_branch_labels.py
[2024-10-28T17:10:13.958-0700] {processor.py:826} INFO - Processing file /Users/saiprasadreddykolan/airflow_venv/lib/python3.10/site-packages/airflow/example_dags/example_branch_labels.py for tasks to queue
[2024-10-28T17:10:13.959-0700] {logging_mixin.py:150} INFO - [2024-10-28T17:10:13.959-0700] {dagbag.py:541} INFO - Filling up the DagBag from /Users/saiprasadreddykolan/airflow_venv/lib/python3.10/site-packages/airflow/example_dags/example_branch_labels.py
[2024-10-28T17:10:13.966-0700] {processor.py:836} INFO - DAG(s) dict_keys(['example_branch_labels']) retrieved from /Users/saiprasadreddykolan/airflow_venv/lib/python3.10/site-packages/airflow/example_dags/example_branch_labels.py
[2024-10-28T17:10:14.182-0700] {logging_mixin.py:150} INFO - [2024-10-28T17:10:14.182-0700] {dag.py:2742} INFO - Sync 1 DAGs
[2024-10-28T17:10:14.188-0700] {logging_mixin.py:150} INFO - [2024-10-28T17:10:14.188-0700] {dag.py:3504} INFO - Setting next_dagrun for example_branch_labels to 2024-10-28T00:00:00+00:00, run_after=2024-10-29T00:00:00+00:00
[2024-10-28T17:10:14.194-0700] {processor.py:179} INFO - Processing /Users/saiprasadreddykolan/airflow_venv/lib/python3.10/site-packages/airflow/example_dags/example_branch_labels.py took 0.238 seconds
[2024-10-28T17:11:48.772-0700] {processor.py:157} INFO - Started process (PID=70209) to work on /Users/saiprasadreddykolan/airflow_venv/lib/python3.10/site-packages/airflow/example_dags/example_branch_labels.py
[2024-10-28T17:11:48.775-0700] {processor.py:826} INFO - Processing file /Users/saiprasadreddykolan/airflow_venv/lib/python3.10/site-packages/airflow/example_dags/example_branch_labels.py for tasks to queue
[2024-10-28T17:11:48.775-0700] {logging_mixin.py:150} INFO - [2024-10-28T17:11:48.775-0700] {dagbag.py:541} INFO - Filling up the DagBag from /Users/saiprasadreddykolan/airflow_venv/lib/python3.10/site-packages/airflow/example_dags/example_branch_labels.py
[2024-10-28T17:11:48.782-0700] {processor.py:836} INFO - DAG(s) dict_keys(['example_branch_labels']) retrieved from /Users/saiprasadreddykolan/airflow_venv/lib/python3.10/site-packages/airflow/example_dags/example_branch_labels.py
[2024-10-28T17:11:49.006-0700] {logging_mixin.py:150} INFO - [2024-10-28T17:11:49.006-0700] {dag.py:2742} INFO - Sync 1 DAGs
[2024-10-28T17:11:49.013-0700] {logging_mixin.py:150} INFO - [2024-10-28T17:11:49.013-0700] {dag.py:3504} INFO - Setting next_dagrun for example_branch_labels to 2024-10-28T00:00:00+00:00, run_after=2024-10-29T00:00:00+00:00
[2024-10-28T17:11:49.018-0700] {processor.py:179} INFO - Processing /Users/saiprasadreddykolan/airflow_venv/lib/python3.10/site-packages/airflow/example_dags/example_branch_labels.py took 0.246 seconds
[2024-10-28T17:13:17.026-0700] {processor.py:157} INFO - Started process (PID=70268) to work on /Users/saiprasadreddykolan/airflow_venv/lib/python3.10/site-packages/airflow/example_dags/example_branch_labels.py
[2024-10-28T17:13:17.029-0700] {processor.py:826} INFO - Processing file /Users/saiprasadreddykolan/airflow_venv/lib/python3.10/site-packages/airflow/example_dags/example_branch_labels.py for tasks to queue
[2024-10-28T17:13:17.029-0700] {logging_mixin.py:150} INFO - [2024-10-28T17:13:17.029-0700] {dagbag.py:541} INFO - Filling up the DagBag from /Users/saiprasadreddykolan/airflow_venv/lib/python3.10/site-packages/airflow/example_dags/example_branch_labels.py
[2024-10-28T17:13:17.036-0700] {processor.py:836} INFO - DAG(s) dict_keys(['example_branch_labels']) retrieved from /Users/saiprasadreddykolan/airflow_venv/lib/python3.10/site-packages/airflow/example_dags/example_branch_labels.py
[2024-10-28T17:13:17.266-0700] {logging_mixin.py:150} INFO - [2024-10-28T17:13:17.266-0700] {dag.py:2742} INFO - Sync 1 DAGs
[2024-10-28T17:13:17.273-0700] {logging_mixin.py:150} INFO - [2024-10-28T17:13:17.273-0700] {dag.py:3504} INFO - Setting next_dagrun for example_branch_labels to 2024-10-28T00:00:00+00:00, run_after=2024-10-29T00:00:00+00:00
[2024-10-28T17:13:17.278-0700] {processor.py:179} INFO - Processing /Users/saiprasadreddykolan/airflow_venv/lib/python3.10/site-packages/airflow/example_dags/example_branch_labels.py took 0.252 seconds
[2024-10-28T17:14:42.206-0700] {processor.py:157} INFO - Started process (PID=70329) to work on /Users/saiprasadreddykolan/airflow_venv/lib/python3.10/site-packages/airflow/example_dags/example_branch_labels.py
[2024-10-28T17:14:42.208-0700] {processor.py:826} INFO - Processing file /Users/saiprasadreddykolan/airflow_venv/lib/python3.10/site-packages/airflow/example_dags/example_branch_labels.py for tasks to queue
[2024-10-28T17:14:42.208-0700] {logging_mixin.py:150} INFO - [2024-10-28T17:14:42.208-0700] {dagbag.py:541} INFO - Filling up the DagBag from /Users/saiprasadreddykolan/airflow_venv/lib/python3.10/site-packages/airflow/example_dags/example_branch_labels.py
[2024-10-28T17:14:42.215-0700] {processor.py:836} INFO - DAG(s) dict_keys(['example_branch_labels']) retrieved from /Users/saiprasadreddykolan/airflow_venv/lib/python3.10/site-packages/airflow/example_dags/example_branch_labels.py
[2024-10-28T17:14:42.432-0700] {logging_mixin.py:150} INFO - [2024-10-28T17:14:42.432-0700] {dag.py:2742} INFO - Sync 1 DAGs
[2024-10-28T17:14:42.438-0700] {logging_mixin.py:150} INFO - [2024-10-28T17:14:42.438-0700] {dag.py:3504} INFO - Setting next_dagrun for example_branch_labels to 2024-10-28T00:00:00+00:00, run_after=2024-10-29T00:00:00+00:00
[2024-10-28T17:14:42.444-0700] {processor.py:179} INFO - Processing /Users/saiprasadreddykolan/airflow_venv/lib/python3.10/site-packages/airflow/example_dags/example_branch_labels.py took 0.239 seconds
[2024-10-28T17:16:18.564-0700] {processor.py:157} INFO - Started process (PID=70437) to work on /Users/saiprasadreddykolan/airflow_venv/lib/python3.10/site-packages/airflow/example_dags/example_branch_labels.py
[2024-10-28T17:16:18.566-0700] {processor.py:826} INFO - Processing file /Users/saiprasadreddykolan/airflow_venv/lib/python3.10/site-packages/airflow/example_dags/example_branch_labels.py for tasks to queue
[2024-10-28T17:16:18.566-0700] {logging_mixin.py:150} INFO - [2024-10-28T17:16:18.566-0700] {dagbag.py:541} INFO - Filling up the DagBag from /Users/saiprasadreddykolan/airflow_venv/lib/python3.10/site-packages/airflow/example_dags/example_branch_labels.py
[2024-10-28T17:16:18.575-0700] {processor.py:836} INFO - DAG(s) dict_keys(['example_branch_labels']) retrieved from /Users/saiprasadreddykolan/airflow_venv/lib/python3.10/site-packages/airflow/example_dags/example_branch_labels.py
[2024-10-28T17:16:18.820-0700] {logging_mixin.py:150} INFO - [2024-10-28T17:16:18.820-0700] {dag.py:2742} INFO - Sync 1 DAGs
[2024-10-28T17:16:18.827-0700] {logging_mixin.py:150} INFO - [2024-10-28T17:16:18.827-0700] {dag.py:3504} INFO - Setting next_dagrun for example_branch_labels to 2024-10-28T00:00:00+00:00, run_after=2024-10-29T00:00:00+00:00
[2024-10-28T17:16:18.833-0700] {processor.py:179} INFO - Processing /Users/saiprasadreddykolan/airflow_venv/lib/python3.10/site-packages/airflow/example_dags/example_branch_labels.py took 0.269 seconds
[2024-10-28T17:17:53.579-0700] {processor.py:157} INFO - Started process (PID=70518) to work on /Users/saiprasadreddykolan/airflow_venv/lib/python3.10/site-packages/airflow/example_dags/example_branch_labels.py
[2024-10-28T17:17:53.581-0700] {processor.py:826} INFO - Processing file /Users/saiprasadreddykolan/airflow_venv/lib/python3.10/site-packages/airflow/example_dags/example_branch_labels.py for tasks to queue
[2024-10-28T17:17:53.581-0700] {logging_mixin.py:150} INFO - [2024-10-28T17:17:53.581-0700] {dagbag.py:541} INFO - Filling up the DagBag from /Users/saiprasadreddykolan/airflow_venv/lib/python3.10/site-packages/airflow/example_dags/example_branch_labels.py
[2024-10-28T17:17:53.588-0700] {processor.py:836} INFO - DAG(s) dict_keys(['example_branch_labels']) retrieved from /Users/saiprasadreddykolan/airflow_venv/lib/python3.10/site-packages/airflow/example_dags/example_branch_labels.py
[2024-10-28T17:17:53.809-0700] {logging_mixin.py:150} INFO - [2024-10-28T17:17:53.809-0700] {dag.py:2742} INFO - Sync 1 DAGs
[2024-10-28T17:17:53.815-0700] {logging_mixin.py:150} INFO - [2024-10-28T17:17:53.815-0700] {dag.py:3504} INFO - Setting next_dagrun for example_branch_labels to 2024-10-28T00:00:00+00:00, run_after=2024-10-29T00:00:00+00:00
[2024-10-28T17:17:53.821-0700] {processor.py:179} INFO - Processing /Users/saiprasadreddykolan/airflow_venv/lib/python3.10/site-packages/airflow/example_dags/example_branch_labels.py took 0.242 seconds
[2024-10-28T17:19:25.321-0700] {processor.py:157} INFO - Started process (PID=70608) to work on /Users/saiprasadreddykolan/airflow_venv/lib/python3.10/site-packages/airflow/example_dags/example_branch_labels.py
[2024-10-28T17:19:25.324-0700] {processor.py:826} INFO - Processing file /Users/saiprasadreddykolan/airflow_venv/lib/python3.10/site-packages/airflow/example_dags/example_branch_labels.py for tasks to queue
[2024-10-28T17:19:25.324-0700] {logging_mixin.py:150} INFO - [2024-10-28T17:19:25.324-0700] {dagbag.py:541} INFO - Filling up the DagBag from /Users/saiprasadreddykolan/airflow_venv/lib/python3.10/site-packages/airflow/example_dags/example_branch_labels.py
[2024-10-28T17:19:25.332-0700] {processor.py:836} INFO - DAG(s) dict_keys(['example_branch_labels']) retrieved from /Users/saiprasadreddykolan/airflow_venv/lib/python3.10/site-packages/airflow/example_dags/example_branch_labels.py
[2024-10-28T17:19:25.586-0700] {logging_mixin.py:150} INFO - [2024-10-28T17:19:25.585-0700] {dag.py:2742} INFO - Sync 1 DAGs
[2024-10-28T17:19:25.593-0700] {logging_mixin.py:150} INFO - [2024-10-28T17:19:25.593-0700] {dag.py:3504} INFO - Setting next_dagrun for example_branch_labels to 2024-10-28T00:00:00+00:00, run_after=2024-10-29T00:00:00+00:00
[2024-10-28T17:19:25.599-0700] {processor.py:179} INFO - Processing /Users/saiprasadreddykolan/airflow_venv/lib/python3.10/site-packages/airflow/example_dags/example_branch_labels.py took 0.278 seconds
[2024-10-28T17:21:01.191-0700] {processor.py:157} INFO - Started process (PID=70672) to work on /Users/saiprasadreddykolan/airflow_venv/lib/python3.10/site-packages/airflow/example_dags/example_branch_labels.py
[2024-10-28T17:21:01.194-0700] {processor.py:826} INFO - Processing file /Users/saiprasadreddykolan/airflow_venv/lib/python3.10/site-packages/airflow/example_dags/example_branch_labels.py for tasks to queue
[2024-10-28T17:21:01.194-0700] {logging_mixin.py:150} INFO - [2024-10-28T17:21:01.194-0700] {dagbag.py:541} INFO - Filling up the DagBag from /Users/saiprasadreddykolan/airflow_venv/lib/python3.10/site-packages/airflow/example_dags/example_branch_labels.py
[2024-10-28T17:21:01.202-0700] {processor.py:836} INFO - DAG(s) dict_keys(['example_branch_labels']) retrieved from /Users/saiprasadreddykolan/airflow_venv/lib/python3.10/site-packages/airflow/example_dags/example_branch_labels.py
[2024-10-28T17:21:01.434-0700] {logging_mixin.py:150} INFO - [2024-10-28T17:21:01.434-0700] {dag.py:2742} INFO - Sync 1 DAGs
[2024-10-28T17:21:01.441-0700] {logging_mixin.py:150} INFO - [2024-10-28T17:21:01.440-0700] {dag.py:3504} INFO - Setting next_dagrun for example_branch_labels to 2024-10-28T00:00:00+00:00, run_after=2024-10-29T00:00:00+00:00
[2024-10-28T17:21:01.447-0700] {processor.py:179} INFO - Processing /Users/saiprasadreddykolan/airflow_venv/lib/python3.10/site-packages/airflow/example_dags/example_branch_labels.py took 0.256 seconds
[2024-10-28T17:22:32.067-0700] {processor.py:157} INFO - Started process (PID=70733) to work on /Users/saiprasadreddykolan/airflow_venv/lib/python3.10/site-packages/airflow/example_dags/example_branch_labels.py
[2024-10-28T17:22:32.069-0700] {processor.py:826} INFO - Processing file /Users/saiprasadreddykolan/airflow_venv/lib/python3.10/site-packages/airflow/example_dags/example_branch_labels.py for tasks to queue
[2024-10-28T17:22:32.070-0700] {logging_mixin.py:150} INFO - [2024-10-28T17:22:32.070-0700] {dagbag.py:541} INFO - Filling up the DagBag from /Users/saiprasadreddykolan/airflow_venv/lib/python3.10/site-packages/airflow/example_dags/example_branch_labels.py
[2024-10-28T17:22:32.077-0700] {processor.py:836} INFO - DAG(s) dict_keys(['example_branch_labels']) retrieved from /Users/saiprasadreddykolan/airflow_venv/lib/python3.10/site-packages/airflow/example_dags/example_branch_labels.py
[2024-10-28T17:22:32.304-0700] {logging_mixin.py:150} INFO - [2024-10-28T17:22:32.304-0700] {dag.py:2742} INFO - Sync 1 DAGs
[2024-10-28T17:22:32.311-0700] {logging_mixin.py:150} INFO - [2024-10-28T17:22:32.311-0700] {dag.py:3504} INFO - Setting next_dagrun for example_branch_labels to 2024-10-28T00:00:00+00:00, run_after=2024-10-29T00:00:00+00:00
[2024-10-28T17:22:32.317-0700] {processor.py:179} INFO - Processing /Users/saiprasadreddykolan/airflow_venv/lib/python3.10/site-packages/airflow/example_dags/example_branch_labels.py took 0.251 seconds
[2024-10-28T17:23:56.689-0700] {processor.py:157} INFO - Started process (PID=70827) to work on /Users/saiprasadreddykolan/airflow_venv/lib/python3.10/site-packages/airflow/example_dags/example_branch_labels.py
[2024-10-28T17:23:56.691-0700] {processor.py:826} INFO - Processing file /Users/saiprasadreddykolan/airflow_venv/lib/python3.10/site-packages/airflow/example_dags/example_branch_labels.py for tasks to queue
[2024-10-28T17:23:56.691-0700] {logging_mixin.py:150} INFO - [2024-10-28T17:23:56.691-0700] {dagbag.py:541} INFO - Filling up the DagBag from /Users/saiprasadreddykolan/airflow_venv/lib/python3.10/site-packages/airflow/example_dags/example_branch_labels.py
[2024-10-28T17:23:56.698-0700] {processor.py:836} INFO - DAG(s) dict_keys(['example_branch_labels']) retrieved from /Users/saiprasadreddykolan/airflow_venv/lib/python3.10/site-packages/airflow/example_dags/example_branch_labels.py
[2024-10-28T17:23:56.915-0700] {logging_mixin.py:150} INFO - [2024-10-28T17:23:56.915-0700] {dag.py:2742} INFO - Sync 1 DAGs
[2024-10-28T17:23:56.922-0700] {logging_mixin.py:150} INFO - [2024-10-28T17:23:56.921-0700] {dag.py:3504} INFO - Setting next_dagrun for example_branch_labels to 2024-10-28T00:00:00+00:00, run_after=2024-10-29T00:00:00+00:00
[2024-10-28T17:23:56.927-0700] {processor.py:179} INFO - Processing /Users/saiprasadreddykolan/airflow_venv/lib/python3.10/site-packages/airflow/example_dags/example_branch_labels.py took 0.239 seconds
[2024-10-28T17:25:33.449-0700] {processor.py:157} INFO - Started process (PID=70917) to work on /Users/saiprasadreddykolan/airflow_venv/lib/python3.10/site-packages/airflow/example_dags/example_branch_labels.py
[2024-10-28T17:25:33.451-0700] {processor.py:826} INFO - Processing file /Users/saiprasadreddykolan/airflow_venv/lib/python3.10/site-packages/airflow/example_dags/example_branch_labels.py for tasks to queue
[2024-10-28T17:25:33.451-0700] {logging_mixin.py:150} INFO - [2024-10-28T17:25:33.451-0700] {dagbag.py:541} INFO - Filling up the DagBag from /Users/saiprasadreddykolan/airflow_venv/lib/python3.10/site-packages/airflow/example_dags/example_branch_labels.py
[2024-10-28T17:25:33.459-0700] {processor.py:836} INFO - DAG(s) dict_keys(['example_branch_labels']) retrieved from /Users/saiprasadreddykolan/airflow_venv/lib/python3.10/site-packages/airflow/example_dags/example_branch_labels.py
[2024-10-28T17:25:33.688-0700] {logging_mixin.py:150} INFO - [2024-10-28T17:25:33.688-0700] {dag.py:2742} INFO - Sync 1 DAGs
[2024-10-28T17:25:33.694-0700] {logging_mixin.py:150} INFO - [2024-10-28T17:25:33.694-0700] {dag.py:3504} INFO - Setting next_dagrun for example_branch_labels to 2024-10-28T00:00:00+00:00, run_after=2024-10-29T00:00:00+00:00
[2024-10-28T17:25:33.702-0700] {processor.py:179} INFO - Processing /Users/saiprasadreddykolan/airflow_venv/lib/python3.10/site-packages/airflow/example_dags/example_branch_labels.py took 0.253 seconds
[2024-10-28T17:27:07.238-0700] {processor.py:157} INFO - Started process (PID=70998) to work on /Users/saiprasadreddykolan/airflow_venv/lib/python3.10/site-packages/airflow/example_dags/example_branch_labels.py
[2024-10-28T17:27:07.240-0700] {processor.py:826} INFO - Processing file /Users/saiprasadreddykolan/airflow_venv/lib/python3.10/site-packages/airflow/example_dags/example_branch_labels.py for tasks to queue
[2024-10-28T17:27:07.240-0700] {logging_mixin.py:150} INFO - [2024-10-28T17:27:07.240-0700] {dagbag.py:541} INFO - Filling up the DagBag from /Users/saiprasadreddykolan/airflow_venv/lib/python3.10/site-packages/airflow/example_dags/example_branch_labels.py
[2024-10-28T17:27:07.247-0700] {processor.py:836} INFO - DAG(s) dict_keys(['example_branch_labels']) retrieved from /Users/saiprasadreddykolan/airflow_venv/lib/python3.10/site-packages/airflow/example_dags/example_branch_labels.py
[2024-10-28T17:27:07.468-0700] {logging_mixin.py:150} INFO - [2024-10-28T17:27:07.468-0700] {dag.py:2742} INFO - Sync 1 DAGs
[2024-10-28T17:27:07.475-0700] {logging_mixin.py:150} INFO - [2024-10-28T17:27:07.475-0700] {dag.py:3504} INFO - Setting next_dagrun for example_branch_labels to 2024-10-28T00:00:00+00:00, run_after=2024-10-29T00:00:00+00:00
[2024-10-28T17:27:07.480-0700] {processor.py:179} INFO - Processing /Users/saiprasadreddykolan/airflow_venv/lib/python3.10/site-packages/airflow/example_dags/example_branch_labels.py took 0.243 seconds
[2024-10-28T17:28:34.157-0700] {processor.py:157} INFO - Started process (PID=71062) to work on /Users/saiprasadreddykolan/airflow_venv/lib/python3.10/site-packages/airflow/example_dags/example_branch_labels.py
[2024-10-28T17:28:34.159-0700] {processor.py:826} INFO - Processing file /Users/saiprasadreddykolan/airflow_venv/lib/python3.10/site-packages/airflow/example_dags/example_branch_labels.py for tasks to queue
[2024-10-28T17:28:34.159-0700] {logging_mixin.py:150} INFO - [2024-10-28T17:28:34.159-0700] {dagbag.py:541} INFO - Filling up the DagBag from /Users/saiprasadreddykolan/airflow_venv/lib/python3.10/site-packages/airflow/example_dags/example_branch_labels.py
[2024-10-28T17:28:34.166-0700] {processor.py:836} INFO - DAG(s) dict_keys(['example_branch_labels']) retrieved from /Users/saiprasadreddykolan/airflow_venv/lib/python3.10/site-packages/airflow/example_dags/example_branch_labels.py
[2024-10-28T17:28:34.384-0700] {logging_mixin.py:150} INFO - [2024-10-28T17:28:34.384-0700] {dag.py:2742} INFO - Sync 1 DAGs
[2024-10-28T17:28:34.390-0700] {logging_mixin.py:150} INFO - [2024-10-28T17:28:34.390-0700] {dag.py:3504} INFO - Setting next_dagrun for example_branch_labels to 2024-10-28T00:00:00+00:00, run_after=2024-10-29T00:00:00+00:00
[2024-10-28T17:28:34.396-0700] {processor.py:179} INFO - Processing /Users/saiprasadreddykolan/airflow_venv/lib/python3.10/site-packages/airflow/example_dags/example_branch_labels.py took 0.239 seconds
[2024-10-28T17:30:12.130-0700] {processor.py:157} INFO - Started process (PID=71135) to work on /Users/saiprasadreddykolan/airflow_venv/lib/python3.10/site-packages/airflow/example_dags/example_branch_labels.py
[2024-10-28T17:30:12.133-0700] {processor.py:826} INFO - Processing file /Users/saiprasadreddykolan/airflow_venv/lib/python3.10/site-packages/airflow/example_dags/example_branch_labels.py for tasks to queue
[2024-10-28T17:30:12.133-0700] {logging_mixin.py:150} INFO - [2024-10-28T17:30:12.133-0700] {dagbag.py:541} INFO - Filling up the DagBag from /Users/saiprasadreddykolan/airflow_venv/lib/python3.10/site-packages/airflow/example_dags/example_branch_labels.py
[2024-10-28T17:30:12.140-0700] {processor.py:836} INFO - DAG(s) dict_keys(['example_branch_labels']) retrieved from /Users/saiprasadreddykolan/airflow_venv/lib/python3.10/site-packages/airflow/example_dags/example_branch_labels.py
[2024-10-28T17:30:12.358-0700] {logging_mixin.py:150} INFO - [2024-10-28T17:30:12.358-0700] {dag.py:2742} INFO - Sync 1 DAGs
[2024-10-28T17:30:12.364-0700] {logging_mixin.py:150} INFO - [2024-10-28T17:30:12.364-0700] {dag.py:3504} INFO - Setting next_dagrun for example_branch_labels to 2024-10-28T00:00:00+00:00, run_after=2024-10-29T00:00:00+00:00
[2024-10-28T17:30:12.370-0700] {processor.py:179} INFO - Processing /Users/saiprasadreddykolan/airflow_venv/lib/python3.10/site-packages/airflow/example_dags/example_branch_labels.py took 0.240 seconds
[2024-10-28T17:31:43.235-0700] {processor.py:157} INFO - Started process (PID=71203) to work on /Users/saiprasadreddykolan/airflow_venv/lib/python3.10/site-packages/airflow/example_dags/example_branch_labels.py
[2024-10-28T17:31:43.238-0700] {processor.py:826} INFO - Processing file /Users/saiprasadreddykolan/airflow_venv/lib/python3.10/site-packages/airflow/example_dags/example_branch_labels.py for tasks to queue
[2024-10-28T17:31:43.238-0700] {logging_mixin.py:150} INFO - [2024-10-28T17:31:43.238-0700] {dagbag.py:541} INFO - Filling up the DagBag from /Users/saiprasadreddykolan/airflow_venv/lib/python3.10/site-packages/airflow/example_dags/example_branch_labels.py
[2024-10-28T17:31:43.245-0700] {processor.py:836} INFO - DAG(s) dict_keys(['example_branch_labels']) retrieved from /Users/saiprasadreddykolan/airflow_venv/lib/python3.10/site-packages/airflow/example_dags/example_branch_labels.py
[2024-10-28T17:31:43.474-0700] {logging_mixin.py:150} INFO - [2024-10-28T17:31:43.474-0700] {dag.py:2742} INFO - Sync 1 DAGs
[2024-10-28T17:31:43.480-0700] {logging_mixin.py:150} INFO - [2024-10-28T17:31:43.480-0700] {dag.py:3504} INFO - Setting next_dagrun for example_branch_labels to 2024-10-28T00:00:00+00:00, run_after=2024-10-29T00:00:00+00:00
[2024-10-28T17:31:43.486-0700] {processor.py:179} INFO - Processing /Users/saiprasadreddykolan/airflow_venv/lib/python3.10/site-packages/airflow/example_dags/example_branch_labels.py took 0.251 seconds
[2024-10-28T17:33:19.179-0700] {processor.py:157} INFO - Started process (PID=71277) to work on /Users/saiprasadreddykolan/airflow_venv/lib/python3.10/site-packages/airflow/example_dags/example_branch_labels.py
[2024-10-28T17:33:19.182-0700] {processor.py:826} INFO - Processing file /Users/saiprasadreddykolan/airflow_venv/lib/python3.10/site-packages/airflow/example_dags/example_branch_labels.py for tasks to queue
[2024-10-28T17:33:19.182-0700] {logging_mixin.py:150} INFO - [2024-10-28T17:33:19.182-0700] {dagbag.py:541} INFO - Filling up the DagBag from /Users/saiprasadreddykolan/airflow_venv/lib/python3.10/site-packages/airflow/example_dags/example_branch_labels.py
[2024-10-28T17:33:19.189-0700] {processor.py:836} INFO - DAG(s) dict_keys(['example_branch_labels']) retrieved from /Users/saiprasadreddykolan/airflow_venv/lib/python3.10/site-packages/airflow/example_dags/example_branch_labels.py
[2024-10-28T17:33:19.411-0700] {logging_mixin.py:150} INFO - [2024-10-28T17:33:19.411-0700] {dag.py:2742} INFO - Sync 1 DAGs
[2024-10-28T17:33:19.418-0700] {logging_mixin.py:150} INFO - [2024-10-28T17:33:19.417-0700] {dag.py:3504} INFO - Setting next_dagrun for example_branch_labels to 2024-10-28T00:00:00+00:00, run_after=2024-10-29T00:00:00+00:00
[2024-10-28T17:33:19.425-0700] {processor.py:179} INFO - Processing /Users/saiprasadreddykolan/airflow_venv/lib/python3.10/site-packages/airflow/example_dags/example_branch_labels.py took 0.247 seconds
[2024-10-28T17:34:53.983-0700] {processor.py:157} INFO - Started process (PID=71341) to work on /Users/saiprasadreddykolan/airflow_venv/lib/python3.10/site-packages/airflow/example_dags/example_branch_labels.py
[2024-10-28T17:34:53.985-0700] {processor.py:826} INFO - Processing file /Users/saiprasadreddykolan/airflow_venv/lib/python3.10/site-packages/airflow/example_dags/example_branch_labels.py for tasks to queue
[2024-10-28T17:34:53.985-0700] {logging_mixin.py:150} INFO - [2024-10-28T17:34:53.985-0700] {dagbag.py:541} INFO - Filling up the DagBag from /Users/saiprasadreddykolan/airflow_venv/lib/python3.10/site-packages/airflow/example_dags/example_branch_labels.py
[2024-10-28T17:34:53.992-0700] {processor.py:836} INFO - DAG(s) dict_keys(['example_branch_labels']) retrieved from /Users/saiprasadreddykolan/airflow_venv/lib/python3.10/site-packages/airflow/example_dags/example_branch_labels.py
[2024-10-28T17:34:54.210-0700] {logging_mixin.py:150} INFO - [2024-10-28T17:34:54.210-0700] {dag.py:2742} INFO - Sync 1 DAGs
[2024-10-28T17:34:54.216-0700] {logging_mixin.py:150} INFO - [2024-10-28T17:34:54.216-0700] {dag.py:3504} INFO - Setting next_dagrun for example_branch_labels to 2024-10-28T00:00:00+00:00, run_after=2024-10-29T00:00:00+00:00
[2024-10-28T17:34:54.222-0700] {processor.py:179} INFO - Processing /Users/saiprasadreddykolan/airflow_venv/lib/python3.10/site-packages/airflow/example_dags/example_branch_labels.py took 0.240 seconds
[2024-10-28T17:36:25.473-0700] {processor.py:157} INFO - Started process (PID=71404) to work on /Users/saiprasadreddykolan/airflow_venv/lib/python3.10/site-packages/airflow/example_dags/example_branch_labels.py
[2024-10-28T17:36:25.475-0700] {processor.py:826} INFO - Processing file /Users/saiprasadreddykolan/airflow_venv/lib/python3.10/site-packages/airflow/example_dags/example_branch_labels.py for tasks to queue
[2024-10-28T17:36:25.475-0700] {logging_mixin.py:150} INFO - [2024-10-28T17:36:25.475-0700] {dagbag.py:541} INFO - Filling up the DagBag from /Users/saiprasadreddykolan/airflow_venv/lib/python3.10/site-packages/airflow/example_dags/example_branch_labels.py
[2024-10-28T17:36:25.482-0700] {processor.py:836} INFO - DAG(s) dict_keys(['example_branch_labels']) retrieved from /Users/saiprasadreddykolan/airflow_venv/lib/python3.10/site-packages/airflow/example_dags/example_branch_labels.py
[2024-10-28T17:36:25.705-0700] {logging_mixin.py:150} INFO - [2024-10-28T17:36:25.704-0700] {dag.py:2742} INFO - Sync 1 DAGs
[2024-10-28T17:36:25.711-0700] {logging_mixin.py:150} INFO - [2024-10-28T17:36:25.711-0700] {dag.py:3504} INFO - Setting next_dagrun for example_branch_labels to 2024-10-28T00:00:00+00:00, run_after=2024-10-29T00:00:00+00:00
[2024-10-28T17:36:25.718-0700] {processor.py:179} INFO - Processing /Users/saiprasadreddykolan/airflow_venv/lib/python3.10/site-packages/airflow/example_dags/example_branch_labels.py took 0.245 seconds
