[2024-10-28T17:00:04.267-0700] {processor.py:157} INFO - Started process (PID=69718) to work on /Users/saiprasadreddykolan/airflow_venv/lib/python3.10/site-packages/airflow/example_dags/example_time_delta_sensor_async.py
[2024-10-28T17:00:04.269-0700] {processor.py:826} INFO - Processing file /Users/saiprasadreddykolan/airflow_venv/lib/python3.10/site-packages/airflow/example_dags/example_time_delta_sensor_async.py for tasks to queue
[2024-10-28T17:00:04.269-0700] {logging_mixin.py:150} INFO - [2024-10-28T17:00:04.269-0700] {dagbag.py:541} INFO - Filling up the DagBag from /Users/saiprasadreddykolan/airflow_venv/lib/python3.10/site-packages/airflow/example_dags/example_time_delta_sensor_async.py
[2024-10-28T17:00:04.276-0700] {processor.py:836} INFO - DAG(s) dict_keys(['example_time_delta_sensor_async']) retrieved from /Users/saiprasadreddykolan/airflow_venv/lib/python3.10/site-packages/airflow/example_dags/example_time_delta_sensor_async.py
[2024-10-28T17:00:04.514-0700] {logging_mixin.py:150} INFO - [2024-10-28T17:00:04.514-0700] {dag.py:2742} INFO - Sync 1 DAGs
[2024-10-28T17:00:04.520-0700] {logging_mixin.py:150} INFO - [2024-10-28T17:00:04.520-0700] {dag.py:3504} INFO - Setting next_dagrun for example_time_delta_sensor_async to None, run_after=None
[2024-10-28T17:00:04.526-0700] {processor.py:179} INFO - Processing /Users/saiprasadreddykolan/airflow_venv/lib/python3.10/site-packages/airflow/example_dags/example_time_delta_sensor_async.py took 0.259 seconds
[2024-10-28T17:01:30.946-0700] {processor.py:157} INFO - Started process (PID=69794) to work on /Users/saiprasadreddykolan/airflow_venv/lib/python3.10/site-packages/airflow/example_dags/example_time_delta_sensor_async.py
[2024-10-28T17:01:30.948-0700] {processor.py:826} INFO - Processing file /Users/saiprasadreddykolan/airflow_venv/lib/python3.10/site-packages/airflow/example_dags/example_time_delta_sensor_async.py for tasks to queue
[2024-10-28T17:01:30.948-0700] {logging_mixin.py:150} INFO - [2024-10-28T17:01:30.948-0700] {dagbag.py:541} INFO - Filling up the DagBag from /Users/saiprasadreddykolan/airflow_venv/lib/python3.10/site-packages/airflow/example_dags/example_time_delta_sensor_async.py
[2024-10-28T17:01:30.955-0700] {processor.py:836} INFO - DAG(s) dict_keys(['example_time_delta_sensor_async']) retrieved from /Users/saiprasadreddykolan/airflow_venv/lib/python3.10/site-packages/airflow/example_dags/example_time_delta_sensor_async.py
[2024-10-28T17:01:31.173-0700] {logging_mixin.py:150} INFO - [2024-10-28T17:01:31.173-0700] {dag.py:2742} INFO - Sync 1 DAGs
[2024-10-28T17:01:31.179-0700] {logging_mixin.py:150} INFO - [2024-10-28T17:01:31.179-0700] {dag.py:3504} INFO - Setting next_dagrun for example_time_delta_sensor_async to None, run_after=None
[2024-10-28T17:01:31.185-0700] {processor.py:179} INFO - Processing /Users/saiprasadreddykolan/airflow_venv/lib/python3.10/site-packages/airflow/example_dags/example_time_delta_sensor_async.py took 0.239 seconds
[2024-10-28T17:03:04.269-0700] {processor.py:157} INFO - Started process (PID=69855) to work on /Users/saiprasadreddykolan/airflow_venv/lib/python3.10/site-packages/airflow/example_dags/example_time_delta_sensor_async.py
[2024-10-28T17:03:04.271-0700] {processor.py:826} INFO - Processing file /Users/saiprasadreddykolan/airflow_venv/lib/python3.10/site-packages/airflow/example_dags/example_time_delta_sensor_async.py for tasks to queue
[2024-10-28T17:03:04.271-0700] {logging_mixin.py:150} INFO - [2024-10-28T17:03:04.271-0700] {dagbag.py:541} INFO - Filling up the DagBag from /Users/saiprasadreddykolan/airflow_venv/lib/python3.10/site-packages/airflow/example_dags/example_time_delta_sensor_async.py
[2024-10-28T17:03:04.280-0700] {processor.py:836} INFO - DAG(s) dict_keys(['example_time_delta_sensor_async']) retrieved from /Users/saiprasadreddykolan/airflow_venv/lib/python3.10/site-packages/airflow/example_dags/example_time_delta_sensor_async.py
[2024-10-28T17:03:04.501-0700] {logging_mixin.py:150} INFO - [2024-10-28T17:03:04.501-0700] {dag.py:2742} INFO - Sync 1 DAGs
[2024-10-28T17:03:04.507-0700] {logging_mixin.py:150} INFO - [2024-10-28T17:03:04.507-0700] {dag.py:3504} INFO - Setting next_dagrun for example_time_delta_sensor_async to None, run_after=None
[2024-10-28T17:03:04.513-0700] {processor.py:179} INFO - Processing /Users/saiprasadreddykolan/airflow_venv/lib/python3.10/site-packages/airflow/example_dags/example_time_delta_sensor_async.py took 0.245 seconds
[2024-10-28T17:04:27.838-0700] {processor.py:157} INFO - Started process (PID=69914) to work on /Users/saiprasadreddykolan/airflow_venv/lib/python3.10/site-packages/airflow/example_dags/example_time_delta_sensor_async.py
[2024-10-28T17:04:27.840-0700] {processor.py:826} INFO - Processing file /Users/saiprasadreddykolan/airflow_venv/lib/python3.10/site-packages/airflow/example_dags/example_time_delta_sensor_async.py for tasks to queue
[2024-10-28T17:04:27.840-0700] {logging_mixin.py:150} INFO - [2024-10-28T17:04:27.840-0700] {dagbag.py:541} INFO - Filling up the DagBag from /Users/saiprasadreddykolan/airflow_venv/lib/python3.10/site-packages/airflow/example_dags/example_time_delta_sensor_async.py
[2024-10-28T17:04:27.848-0700] {processor.py:836} INFO - DAG(s) dict_keys(['example_time_delta_sensor_async']) retrieved from /Users/saiprasadreddykolan/airflow_venv/lib/python3.10/site-packages/airflow/example_dags/example_time_delta_sensor_async.py
[2024-10-28T17:04:28.067-0700] {logging_mixin.py:150} INFO - [2024-10-28T17:04:28.067-0700] {dag.py:2742} INFO - Sync 1 DAGs
[2024-10-28T17:04:28.073-0700] {logging_mixin.py:150} INFO - [2024-10-28T17:04:28.073-0700] {dag.py:3504} INFO - Setting next_dagrun for example_time_delta_sensor_async to None, run_after=None
[2024-10-28T17:04:28.079-0700] {processor.py:179} INFO - Processing /Users/saiprasadreddykolan/airflow_venv/lib/python3.10/site-packages/airflow/example_dags/example_time_delta_sensor_async.py took 0.242 seconds
[2024-10-28T17:06:09.420-0700] {processor.py:157} INFO - Started process (PID=69982) to work on /Users/saiprasadreddykolan/airflow_venv/lib/python3.10/site-packages/airflow/example_dags/example_time_delta_sensor_async.py
[2024-10-28T17:06:09.422-0700] {processor.py:826} INFO - Processing file /Users/saiprasadreddykolan/airflow_venv/lib/python3.10/site-packages/airflow/example_dags/example_time_delta_sensor_async.py for tasks to queue
[2024-10-28T17:06:09.422-0700] {logging_mixin.py:150} INFO - [2024-10-28T17:06:09.422-0700] {dagbag.py:541} INFO - Filling up the DagBag from /Users/saiprasadreddykolan/airflow_venv/lib/python3.10/site-packages/airflow/example_dags/example_time_delta_sensor_async.py
[2024-10-28T17:06:09.429-0700] {processor.py:836} INFO - DAG(s) dict_keys(['example_time_delta_sensor_async']) retrieved from /Users/saiprasadreddykolan/airflow_venv/lib/python3.10/site-packages/airflow/example_dags/example_time_delta_sensor_async.py
[2024-10-28T17:06:09.649-0700] {logging_mixin.py:150} INFO - [2024-10-28T17:06:09.649-0700] {dag.py:2742} INFO - Sync 1 DAGs
[2024-10-28T17:06:09.654-0700] {logging_mixin.py:150} INFO - [2024-10-28T17:06:09.654-0700] {dag.py:3504} INFO - Setting next_dagrun for example_time_delta_sensor_async to None, run_after=None
[2024-10-28T17:06:09.661-0700] {processor.py:179} INFO - Processing /Users/saiprasadreddykolan/airflow_venv/lib/python3.10/site-packages/airflow/example_dags/example_time_delta_sensor_async.py took 0.241 seconds
[2024-10-28T17:07:35.411-0700] {processor.py:157} INFO - Started process (PID=70046) to work on /Users/saiprasadreddykolan/airflow_venv/lib/python3.10/site-packages/airflow/example_dags/example_time_delta_sensor_async.py
[2024-10-28T17:07:35.414-0700] {processor.py:826} INFO - Processing file /Users/saiprasadreddykolan/airflow_venv/lib/python3.10/site-packages/airflow/example_dags/example_time_delta_sensor_async.py for tasks to queue
[2024-10-28T17:07:35.414-0700] {logging_mixin.py:150} INFO - [2024-10-28T17:07:35.414-0700] {dagbag.py:541} INFO - Filling up the DagBag from /Users/saiprasadreddykolan/airflow_venv/lib/python3.10/site-packages/airflow/example_dags/example_time_delta_sensor_async.py
[2024-10-28T17:07:35.421-0700] {processor.py:836} INFO - DAG(s) dict_keys(['example_time_delta_sensor_async']) retrieved from /Users/saiprasadreddykolan/airflow_venv/lib/python3.10/site-packages/airflow/example_dags/example_time_delta_sensor_async.py
[2024-10-28T17:07:35.639-0700] {logging_mixin.py:150} INFO - [2024-10-28T17:07:35.639-0700] {dag.py:2742} INFO - Sync 1 DAGs
[2024-10-28T17:07:35.645-0700] {logging_mixin.py:150} INFO - [2024-10-28T17:07:35.645-0700] {dag.py:3504} INFO - Setting next_dagrun for example_time_delta_sensor_async to None, run_after=None
[2024-10-28T17:07:35.650-0700] {processor.py:179} INFO - Processing /Users/saiprasadreddykolan/airflow_venv/lib/python3.10/site-packages/airflow/example_dags/example_time_delta_sensor_async.py took 0.239 seconds
[2024-10-28T17:09:01.838-0700] {processor.py:157} INFO - Started process (PID=70104) to work on /Users/saiprasadreddykolan/airflow_venv/lib/python3.10/site-packages/airflow/example_dags/example_time_delta_sensor_async.py
[2024-10-28T17:09:01.840-0700] {processor.py:826} INFO - Processing file /Users/saiprasadreddykolan/airflow_venv/lib/python3.10/site-packages/airflow/example_dags/example_time_delta_sensor_async.py for tasks to queue
[2024-10-28T17:09:01.840-0700] {logging_mixin.py:150} INFO - [2024-10-28T17:09:01.840-0700] {dagbag.py:541} INFO - Filling up the DagBag from /Users/saiprasadreddykolan/airflow_venv/lib/python3.10/site-packages/airflow/example_dags/example_time_delta_sensor_async.py
[2024-10-28T17:09:01.847-0700] {processor.py:836} INFO - DAG(s) dict_keys(['example_time_delta_sensor_async']) retrieved from /Users/saiprasadreddykolan/airflow_venv/lib/python3.10/site-packages/airflow/example_dags/example_time_delta_sensor_async.py
[2024-10-28T17:09:02.069-0700] {logging_mixin.py:150} INFO - [2024-10-28T17:09:02.069-0700] {dag.py:2742} INFO - Sync 1 DAGs
[2024-10-28T17:09:02.075-0700] {logging_mixin.py:150} INFO - [2024-10-28T17:09:02.075-0700] {dag.py:3504} INFO - Setting next_dagrun for example_time_delta_sensor_async to None, run_after=None
[2024-10-28T17:09:02.083-0700] {processor.py:179} INFO - Processing /Users/saiprasadreddykolan/airflow_venv/lib/python3.10/site-packages/airflow/example_dags/example_time_delta_sensor_async.py took 0.245 seconds
[2024-10-28T17:10:38.931-0700] {processor.py:157} INFO - Started process (PID=70165) to work on /Users/saiprasadreddykolan/airflow_venv/lib/python3.10/site-packages/airflow/example_dags/example_time_delta_sensor_async.py
[2024-10-28T17:10:38.933-0700] {processor.py:826} INFO - Processing file /Users/saiprasadreddykolan/airflow_venv/lib/python3.10/site-packages/airflow/example_dags/example_time_delta_sensor_async.py for tasks to queue
[2024-10-28T17:10:38.934-0700] {logging_mixin.py:150} INFO - [2024-10-28T17:10:38.933-0700] {dagbag.py:541} INFO - Filling up the DagBag from /Users/saiprasadreddykolan/airflow_venv/lib/python3.10/site-packages/airflow/example_dags/example_time_delta_sensor_async.py
[2024-10-28T17:10:38.941-0700] {processor.py:836} INFO - DAG(s) dict_keys(['example_time_delta_sensor_async']) retrieved from /Users/saiprasadreddykolan/airflow_venv/lib/python3.10/site-packages/airflow/example_dags/example_time_delta_sensor_async.py
[2024-10-28T17:10:39.161-0700] {logging_mixin.py:150} INFO - [2024-10-28T17:10:39.161-0700] {dag.py:2742} INFO - Sync 1 DAGs
[2024-10-28T17:10:39.167-0700] {logging_mixin.py:150} INFO - [2024-10-28T17:10:39.166-0700] {dag.py:3504} INFO - Setting next_dagrun for example_time_delta_sensor_async to None, run_after=None
[2024-10-28T17:10:39.172-0700] {processor.py:179} INFO - Processing /Users/saiprasadreddykolan/airflow_venv/lib/python3.10/site-packages/airflow/example_dags/example_time_delta_sensor_async.py took 0.242 seconds
[2024-10-28T17:12:15.160-0700] {processor.py:157} INFO - Started process (PID=70225) to work on /Users/saiprasadreddykolan/airflow_venv/lib/python3.10/site-packages/airflow/example_dags/example_time_delta_sensor_async.py
[2024-10-28T17:12:15.162-0700] {processor.py:826} INFO - Processing file /Users/saiprasadreddykolan/airflow_venv/lib/python3.10/site-packages/airflow/example_dags/example_time_delta_sensor_async.py for tasks to queue
[2024-10-28T17:12:15.162-0700] {logging_mixin.py:150} INFO - [2024-10-28T17:12:15.162-0700] {dagbag.py:541} INFO - Filling up the DagBag from /Users/saiprasadreddykolan/airflow_venv/lib/python3.10/site-packages/airflow/example_dags/example_time_delta_sensor_async.py
[2024-10-28T17:12:15.169-0700] {processor.py:836} INFO - DAG(s) dict_keys(['example_time_delta_sensor_async']) retrieved from /Users/saiprasadreddykolan/airflow_venv/lib/python3.10/site-packages/airflow/example_dags/example_time_delta_sensor_async.py
[2024-10-28T17:12:15.387-0700] {logging_mixin.py:150} INFO - [2024-10-28T17:12:15.387-0700] {dag.py:2742} INFO - Sync 1 DAGs
[2024-10-28T17:12:15.393-0700] {logging_mixin.py:150} INFO - [2024-10-28T17:12:15.393-0700] {dag.py:3504} INFO - Setting next_dagrun for example_time_delta_sensor_async to None, run_after=None
[2024-10-28T17:12:15.400-0700] {processor.py:179} INFO - Processing /Users/saiprasadreddykolan/airflow_venv/lib/python3.10/site-packages/airflow/example_dags/example_time_delta_sensor_async.py took 0.241 seconds
[2024-10-28T17:13:41.081-0700] {processor.py:157} INFO - Started process (PID=70287) to work on /Users/saiprasadreddykolan/airflow_venv/lib/python3.10/site-packages/airflow/example_dags/example_time_delta_sensor_async.py
[2024-10-28T17:13:41.083-0700] {processor.py:826} INFO - Processing file /Users/saiprasadreddykolan/airflow_venv/lib/python3.10/site-packages/airflow/example_dags/example_time_delta_sensor_async.py for tasks to queue
[2024-10-28T17:13:41.083-0700] {logging_mixin.py:150} INFO - [2024-10-28T17:13:41.083-0700] {dagbag.py:541} INFO - Filling up the DagBag from /Users/saiprasadreddykolan/airflow_venv/lib/python3.10/site-packages/airflow/example_dags/example_time_delta_sensor_async.py
[2024-10-28T17:13:41.091-0700] {processor.py:836} INFO - DAG(s) dict_keys(['example_time_delta_sensor_async']) retrieved from /Users/saiprasadreddykolan/airflow_venv/lib/python3.10/site-packages/airflow/example_dags/example_time_delta_sensor_async.py
[2024-10-28T17:13:41.330-0700] {logging_mixin.py:150} INFO - [2024-10-28T17:13:41.329-0700] {dag.py:2742} INFO - Sync 1 DAGs
[2024-10-28T17:13:41.337-0700] {logging_mixin.py:150} INFO - [2024-10-28T17:13:41.337-0700] {dag.py:3504} INFO - Setting next_dagrun for example_time_delta_sensor_async to None, run_after=None
[2024-10-28T17:13:41.342-0700] {processor.py:179} INFO - Processing /Users/saiprasadreddykolan/airflow_venv/lib/python3.10/site-packages/airflow/example_dags/example_time_delta_sensor_async.py took 0.262 seconds
[2024-10-28T17:15:08.355-0700] {processor.py:157} INFO - Started process (PID=70344) to work on /Users/saiprasadreddykolan/airflow_venv/lib/python3.10/site-packages/airflow/example_dags/example_time_delta_sensor_async.py
[2024-10-28T17:15:08.357-0700] {processor.py:826} INFO - Processing file /Users/saiprasadreddykolan/airflow_venv/lib/python3.10/site-packages/airflow/example_dags/example_time_delta_sensor_async.py for tasks to queue
[2024-10-28T17:15:08.358-0700] {logging_mixin.py:150} INFO - [2024-10-28T17:15:08.358-0700] {dagbag.py:541} INFO - Filling up the DagBag from /Users/saiprasadreddykolan/airflow_venv/lib/python3.10/site-packages/airflow/example_dags/example_time_delta_sensor_async.py
[2024-10-28T17:15:08.365-0700] {processor.py:836} INFO - DAG(s) dict_keys(['example_time_delta_sensor_async']) retrieved from /Users/saiprasadreddykolan/airflow_venv/lib/python3.10/site-packages/airflow/example_dags/example_time_delta_sensor_async.py
[2024-10-28T17:15:08.582-0700] {logging_mixin.py:150} INFO - [2024-10-28T17:15:08.582-0700] {dag.py:2742} INFO - Sync 1 DAGs
[2024-10-28T17:15:08.588-0700] {logging_mixin.py:150} INFO - [2024-10-28T17:15:08.588-0700] {dag.py:3504} INFO - Setting next_dagrun for example_time_delta_sensor_async to None, run_after=None
[2024-10-28T17:15:08.594-0700] {processor.py:179} INFO - Processing /Users/saiprasadreddykolan/airflow_venv/lib/python3.10/site-packages/airflow/example_dags/example_time_delta_sensor_async.py took 0.239 seconds
[2024-10-28T17:16:46.725-0700] {processor.py:157} INFO - Started process (PID=70470) to work on /Users/saiprasadreddykolan/airflow_venv/lib/python3.10/site-packages/airflow/example_dags/example_time_delta_sensor_async.py
[2024-10-28T17:16:46.727-0700] {processor.py:826} INFO - Processing file /Users/saiprasadreddykolan/airflow_venv/lib/python3.10/site-packages/airflow/example_dags/example_time_delta_sensor_async.py for tasks to queue
[2024-10-28T17:16:46.727-0700] {logging_mixin.py:150} INFO - [2024-10-28T17:16:46.727-0700] {dagbag.py:541} INFO - Filling up the DagBag from /Users/saiprasadreddykolan/airflow_venv/lib/python3.10/site-packages/airflow/example_dags/example_time_delta_sensor_async.py
[2024-10-28T17:16:46.734-0700] {processor.py:836} INFO - DAG(s) dict_keys(['example_time_delta_sensor_async']) retrieved from /Users/saiprasadreddykolan/airflow_venv/lib/python3.10/site-packages/airflow/example_dags/example_time_delta_sensor_async.py
[2024-10-28T17:16:47.027-0700] {logging_mixin.py:150} INFO - [2024-10-28T17:16:47.027-0700] {dag.py:2742} INFO - Sync 1 DAGs
[2024-10-28T17:16:47.034-0700] {logging_mixin.py:150} INFO - [2024-10-28T17:16:47.034-0700] {dag.py:3504} INFO - Setting next_dagrun for example_time_delta_sensor_async to None, run_after=None
[2024-10-28T17:16:47.042-0700] {processor.py:179} INFO - Processing /Users/saiprasadreddykolan/airflow_venv/lib/python3.10/site-packages/airflow/example_dags/example_time_delta_sensor_async.py took 0.317 seconds
[2024-10-28T17:18:17.376-0700] {processor.py:157} INFO - Started process (PID=70537) to work on /Users/saiprasadreddykolan/airflow_venv/lib/python3.10/site-packages/airflow/example_dags/example_time_delta_sensor_async.py
[2024-10-28T17:18:17.378-0700] {processor.py:826} INFO - Processing file /Users/saiprasadreddykolan/airflow_venv/lib/python3.10/site-packages/airflow/example_dags/example_time_delta_sensor_async.py for tasks to queue
[2024-10-28T17:18:17.378-0700] {logging_mixin.py:150} INFO - [2024-10-28T17:18:17.378-0700] {dagbag.py:541} INFO - Filling up the DagBag from /Users/saiprasadreddykolan/airflow_venv/lib/python3.10/site-packages/airflow/example_dags/example_time_delta_sensor_async.py
[2024-10-28T17:18:17.386-0700] {processor.py:836} INFO - DAG(s) dict_keys(['example_time_delta_sensor_async']) retrieved from /Users/saiprasadreddykolan/airflow_venv/lib/python3.10/site-packages/airflow/example_dags/example_time_delta_sensor_async.py
[2024-10-28T17:18:17.622-0700] {logging_mixin.py:150} INFO - [2024-10-28T17:18:17.622-0700] {dag.py:2742} INFO - Sync 1 DAGs
[2024-10-28T17:18:17.629-0700] {logging_mixin.py:150} INFO - [2024-10-28T17:18:17.629-0700] {dag.py:3504} INFO - Setting next_dagrun for example_time_delta_sensor_async to None, run_after=None
[2024-10-28T17:18:17.638-0700] {processor.py:179} INFO - Processing /Users/saiprasadreddykolan/airflow_venv/lib/python3.10/site-packages/airflow/example_dags/example_time_delta_sensor_async.py took 0.262 seconds
[2024-10-28T17:19:47.441-0700] {processor.py:157} INFO - Started process (PID=70626) to work on /Users/saiprasadreddykolan/airflow_venv/lib/python3.10/site-packages/airflow/example_dags/example_time_delta_sensor_async.py
[2024-10-28T17:19:47.443-0700] {processor.py:826} INFO - Processing file /Users/saiprasadreddykolan/airflow_venv/lib/python3.10/site-packages/airflow/example_dags/example_time_delta_sensor_async.py for tasks to queue
[2024-10-28T17:19:47.443-0700] {logging_mixin.py:150} INFO - [2024-10-28T17:19:47.443-0700] {dagbag.py:541} INFO - Filling up the DagBag from /Users/saiprasadreddykolan/airflow_venv/lib/python3.10/site-packages/airflow/example_dags/example_time_delta_sensor_async.py
[2024-10-28T17:19:47.452-0700] {processor.py:836} INFO - DAG(s) dict_keys(['example_time_delta_sensor_async']) retrieved from /Users/saiprasadreddykolan/airflow_venv/lib/python3.10/site-packages/airflow/example_dags/example_time_delta_sensor_async.py
[2024-10-28T17:19:47.695-0700] {logging_mixin.py:150} INFO - [2024-10-28T17:19:47.694-0700] {dag.py:2742} INFO - Sync 1 DAGs
[2024-10-28T17:19:47.701-0700] {logging_mixin.py:150} INFO - [2024-10-28T17:19:47.700-0700] {dag.py:3504} INFO - Setting next_dagrun for example_time_delta_sensor_async to None, run_after=None
[2024-10-28T17:19:47.707-0700] {processor.py:179} INFO - Processing /Users/saiprasadreddykolan/airflow_venv/lib/python3.10/site-packages/airflow/example_dags/example_time_delta_sensor_async.py took 0.266 seconds
[2024-10-28T17:21:23.996-0700] {processor.py:157} INFO - Started process (PID=70689) to work on /Users/saiprasadreddykolan/airflow_venv/lib/python3.10/site-packages/airflow/example_dags/example_time_delta_sensor_async.py
[2024-10-28T17:21:23.998-0700] {processor.py:826} INFO - Processing file /Users/saiprasadreddykolan/airflow_venv/lib/python3.10/site-packages/airflow/example_dags/example_time_delta_sensor_async.py for tasks to queue
[2024-10-28T17:21:23.998-0700] {logging_mixin.py:150} INFO - [2024-10-28T17:21:23.998-0700] {dagbag.py:541} INFO - Filling up the DagBag from /Users/saiprasadreddykolan/airflow_venv/lib/python3.10/site-packages/airflow/example_dags/example_time_delta_sensor_async.py
[2024-10-28T17:21:24.005-0700] {processor.py:836} INFO - DAG(s) dict_keys(['example_time_delta_sensor_async']) retrieved from /Users/saiprasadreddykolan/airflow_venv/lib/python3.10/site-packages/airflow/example_dags/example_time_delta_sensor_async.py
[2024-10-28T17:21:24.233-0700] {logging_mixin.py:150} INFO - [2024-10-28T17:21:24.233-0700] {dag.py:2742} INFO - Sync 1 DAGs
[2024-10-28T17:21:24.241-0700] {logging_mixin.py:150} INFO - [2024-10-28T17:21:24.241-0700] {dag.py:3504} INFO - Setting next_dagrun for example_time_delta_sensor_async to None, run_after=None
[2024-10-28T17:21:24.249-0700] {processor.py:179} INFO - Processing /Users/saiprasadreddykolan/airflow_venv/lib/python3.10/site-packages/airflow/example_dags/example_time_delta_sensor_async.py took 0.254 seconds
[2024-10-28T17:22:55.349-0700] {processor.py:157} INFO - Started process (PID=70759) to work on /Users/saiprasadreddykolan/airflow_venv/lib/python3.10/site-packages/airflow/example_dags/example_time_delta_sensor_async.py
[2024-10-28T17:22:55.351-0700] {processor.py:826} INFO - Processing file /Users/saiprasadreddykolan/airflow_venv/lib/python3.10/site-packages/airflow/example_dags/example_time_delta_sensor_async.py for tasks to queue
[2024-10-28T17:22:55.351-0700] {logging_mixin.py:150} INFO - [2024-10-28T17:22:55.351-0700] {dagbag.py:541} INFO - Filling up the DagBag from /Users/saiprasadreddykolan/airflow_venv/lib/python3.10/site-packages/airflow/example_dags/example_time_delta_sensor_async.py
[2024-10-28T17:22:55.359-0700] {processor.py:836} INFO - DAG(s) dict_keys(['example_time_delta_sensor_async']) retrieved from /Users/saiprasadreddykolan/airflow_venv/lib/python3.10/site-packages/airflow/example_dags/example_time_delta_sensor_async.py
[2024-10-28T17:22:55.579-0700] {logging_mixin.py:150} INFO - [2024-10-28T17:22:55.578-0700] {dag.py:2742} INFO - Sync 1 DAGs
[2024-10-28T17:22:55.585-0700] {logging_mixin.py:150} INFO - [2024-10-28T17:22:55.585-0700] {dag.py:3504} INFO - Setting next_dagrun for example_time_delta_sensor_async to None, run_after=None
[2024-10-28T17:22:55.591-0700] {processor.py:179} INFO - Processing /Users/saiprasadreddykolan/airflow_venv/lib/python3.10/site-packages/airflow/example_dags/example_time_delta_sensor_async.py took 0.242 seconds
[2024-10-28T17:24:22.942-0700] {processor.py:157} INFO - Started process (PID=70849) to work on /Users/saiprasadreddykolan/airflow_venv/lib/python3.10/site-packages/airflow/example_dags/example_time_delta_sensor_async.py
[2024-10-28T17:24:22.945-0700] {processor.py:826} INFO - Processing file /Users/saiprasadreddykolan/airflow_venv/lib/python3.10/site-packages/airflow/example_dags/example_time_delta_sensor_async.py for tasks to queue
[2024-10-28T17:24:22.945-0700] {logging_mixin.py:150} INFO - [2024-10-28T17:24:22.945-0700] {dagbag.py:541} INFO - Filling up the DagBag from /Users/saiprasadreddykolan/airflow_venv/lib/python3.10/site-packages/airflow/example_dags/example_time_delta_sensor_async.py
[2024-10-28T17:24:22.952-0700] {processor.py:836} INFO - DAG(s) dict_keys(['example_time_delta_sensor_async']) retrieved from /Users/saiprasadreddykolan/airflow_venv/lib/python3.10/site-packages/airflow/example_dags/example_time_delta_sensor_async.py
[2024-10-28T17:24:23.174-0700] {logging_mixin.py:150} INFO - [2024-10-28T17:24:23.174-0700] {dag.py:2742} INFO - Sync 1 DAGs
[2024-10-28T17:24:23.181-0700] {logging_mixin.py:150} INFO - [2024-10-28T17:24:23.181-0700] {dag.py:3504} INFO - Setting next_dagrun for example_time_delta_sensor_async to None, run_after=None
[2024-10-28T17:24:23.187-0700] {processor.py:179} INFO - Processing /Users/saiprasadreddykolan/airflow_venv/lib/python3.10/site-packages/airflow/example_dags/example_time_delta_sensor_async.py took 0.245 seconds
[2024-10-28T17:25:56.612-0700] {processor.py:157} INFO - Started process (PID=70948) to work on /Users/saiprasadreddykolan/airflow_venv/lib/python3.10/site-packages/airflow/example_dags/example_time_delta_sensor_async.py
[2024-10-28T17:25:56.614-0700] {processor.py:826} INFO - Processing file /Users/saiprasadreddykolan/airflow_venv/lib/python3.10/site-packages/airflow/example_dags/example_time_delta_sensor_async.py for tasks to queue
[2024-10-28T17:25:56.614-0700] {logging_mixin.py:150} INFO - [2024-10-28T17:25:56.614-0700] {dagbag.py:541} INFO - Filling up the DagBag from /Users/saiprasadreddykolan/airflow_venv/lib/python3.10/site-packages/airflow/example_dags/example_time_delta_sensor_async.py
[2024-10-28T17:25:56.626-0700] {processor.py:836} INFO - DAG(s) dict_keys(['example_time_delta_sensor_async']) retrieved from /Users/saiprasadreddykolan/airflow_venv/lib/python3.10/site-packages/airflow/example_dags/example_time_delta_sensor_async.py
[2024-10-28T17:25:56.865-0700] {logging_mixin.py:150} INFO - [2024-10-28T17:25:56.864-0700] {dag.py:2742} INFO - Sync 1 DAGs
[2024-10-28T17:25:56.871-0700] {logging_mixin.py:150} INFO - [2024-10-28T17:25:56.871-0700] {dag.py:3504} INFO - Setting next_dagrun for example_time_delta_sensor_async to None, run_after=None
[2024-10-28T17:25:56.877-0700] {processor.py:179} INFO - Processing /Users/saiprasadreddykolan/airflow_venv/lib/python3.10/site-packages/airflow/example_dags/example_time_delta_sensor_async.py took 0.266 seconds
[2024-10-28T17:27:27.973-0700] {processor.py:157} INFO - Started process (PID=71014) to work on /Users/saiprasadreddykolan/airflow_venv/lib/python3.10/site-packages/airflow/example_dags/example_time_delta_sensor_async.py
[2024-10-28T17:27:27.975-0700] {processor.py:826} INFO - Processing file /Users/saiprasadreddykolan/airflow_venv/lib/python3.10/site-packages/airflow/example_dags/example_time_delta_sensor_async.py for tasks to queue
[2024-10-28T17:27:27.975-0700] {logging_mixin.py:150} INFO - [2024-10-28T17:27:27.975-0700] {dagbag.py:541} INFO - Filling up the DagBag from /Users/saiprasadreddykolan/airflow_venv/lib/python3.10/site-packages/airflow/example_dags/example_time_delta_sensor_async.py
[2024-10-28T17:27:27.982-0700] {processor.py:836} INFO - DAG(s) dict_keys(['example_time_delta_sensor_async']) retrieved from /Users/saiprasadreddykolan/airflow_venv/lib/python3.10/site-packages/airflow/example_dags/example_time_delta_sensor_async.py
[2024-10-28T17:27:28.212-0700] {logging_mixin.py:150} INFO - [2024-10-28T17:27:28.212-0700] {dag.py:2742} INFO - Sync 1 DAGs
[2024-10-28T17:27:28.218-0700] {logging_mixin.py:150} INFO - [2024-10-28T17:27:28.218-0700] {dag.py:3504} INFO - Setting next_dagrun for example_time_delta_sensor_async to None, run_after=None
[2024-10-28T17:27:28.224-0700] {processor.py:179} INFO - Processing /Users/saiprasadreddykolan/airflow_venv/lib/python3.10/site-packages/airflow/example_dags/example_time_delta_sensor_async.py took 0.251 seconds
[2024-10-28T17:28:58.873-0700] {processor.py:157} INFO - Started process (PID=71082) to work on /Users/saiprasadreddykolan/airflow_venv/lib/python3.10/site-packages/airflow/example_dags/example_time_delta_sensor_async.py
[2024-10-28T17:28:58.876-0700] {processor.py:826} INFO - Processing file /Users/saiprasadreddykolan/airflow_venv/lib/python3.10/site-packages/airflow/example_dags/example_time_delta_sensor_async.py for tasks to queue
[2024-10-28T17:28:58.876-0700] {logging_mixin.py:150} INFO - [2024-10-28T17:28:58.876-0700] {dagbag.py:541} INFO - Filling up the DagBag from /Users/saiprasadreddykolan/airflow_venv/lib/python3.10/site-packages/airflow/example_dags/example_time_delta_sensor_async.py
[2024-10-28T17:28:58.883-0700] {processor.py:836} INFO - DAG(s) dict_keys(['example_time_delta_sensor_async']) retrieved from /Users/saiprasadreddykolan/airflow_venv/lib/python3.10/site-packages/airflow/example_dags/example_time_delta_sensor_async.py
[2024-10-28T17:28:59.106-0700] {logging_mixin.py:150} INFO - [2024-10-28T17:28:59.105-0700] {dag.py:2742} INFO - Sync 1 DAGs
[2024-10-28T17:28:59.112-0700] {logging_mixin.py:150} INFO - [2024-10-28T17:28:59.112-0700] {dag.py:3504} INFO - Setting next_dagrun for example_time_delta_sensor_async to None, run_after=None
[2024-10-28T17:28:59.118-0700] {processor.py:179} INFO - Processing /Users/saiprasadreddykolan/airflow_venv/lib/python3.10/site-packages/airflow/example_dags/example_time_delta_sensor_async.py took 0.245 seconds
[2024-10-28T17:30:38.198-0700] {processor.py:157} INFO - Started process (PID=71158) to work on /Users/saiprasadreddykolan/airflow_venv/lib/python3.10/site-packages/airflow/example_dags/example_time_delta_sensor_async.py
[2024-10-28T17:30:38.200-0700] {processor.py:826} INFO - Processing file /Users/saiprasadreddykolan/airflow_venv/lib/python3.10/site-packages/airflow/example_dags/example_time_delta_sensor_async.py for tasks to queue
[2024-10-28T17:30:38.200-0700] {logging_mixin.py:150} INFO - [2024-10-28T17:30:38.200-0700] {dagbag.py:541} INFO - Filling up the DagBag from /Users/saiprasadreddykolan/airflow_venv/lib/python3.10/site-packages/airflow/example_dags/example_time_delta_sensor_async.py
[2024-10-28T17:30:38.207-0700] {processor.py:836} INFO - DAG(s) dict_keys(['example_time_delta_sensor_async']) retrieved from /Users/saiprasadreddykolan/airflow_venv/lib/python3.10/site-packages/airflow/example_dags/example_time_delta_sensor_async.py
[2024-10-28T17:30:38.426-0700] {logging_mixin.py:150} INFO - [2024-10-28T17:30:38.426-0700] {dag.py:2742} INFO - Sync 1 DAGs
[2024-10-28T17:30:38.432-0700] {logging_mixin.py:150} INFO - [2024-10-28T17:30:38.432-0700] {dag.py:3504} INFO - Setting next_dagrun for example_time_delta_sensor_async to None, run_after=None
[2024-10-28T17:30:38.438-0700] {processor.py:179} INFO - Processing /Users/saiprasadreddykolan/airflow_venv/lib/python3.10/site-packages/airflow/example_dags/example_time_delta_sensor_async.py took 0.240 seconds
[2024-10-28T17:32:05.744-0700] {processor.py:157} INFO - Started process (PID=71217) to work on /Users/saiprasadreddykolan/airflow_venv/lib/python3.10/site-packages/airflow/example_dags/example_time_delta_sensor_async.py
[2024-10-28T17:32:05.746-0700] {processor.py:826} INFO - Processing file /Users/saiprasadreddykolan/airflow_venv/lib/python3.10/site-packages/airflow/example_dags/example_time_delta_sensor_async.py for tasks to queue
[2024-10-28T17:32:05.746-0700] {logging_mixin.py:150} INFO - [2024-10-28T17:32:05.746-0700] {dagbag.py:541} INFO - Filling up the DagBag from /Users/saiprasadreddykolan/airflow_venv/lib/python3.10/site-packages/airflow/example_dags/example_time_delta_sensor_async.py
[2024-10-28T17:32:05.754-0700] {processor.py:836} INFO - DAG(s) dict_keys(['example_time_delta_sensor_async']) retrieved from /Users/saiprasadreddykolan/airflow_venv/lib/python3.10/site-packages/airflow/example_dags/example_time_delta_sensor_async.py
[2024-10-28T17:32:05.975-0700] {logging_mixin.py:150} INFO - [2024-10-28T17:32:05.974-0700] {dag.py:2742} INFO - Sync 1 DAGs
[2024-10-28T17:32:05.980-0700] {logging_mixin.py:150} INFO - [2024-10-28T17:32:05.980-0700] {dag.py:3504} INFO - Setting next_dagrun for example_time_delta_sensor_async to None, run_after=None
[2024-10-28T17:32:05.986-0700] {processor.py:179} INFO - Processing /Users/saiprasadreddykolan/airflow_venv/lib/python3.10/site-packages/airflow/example_dags/example_time_delta_sensor_async.py took 0.242 seconds
[2024-10-28T17:33:44.731-0700] {processor.py:157} INFO - Started process (PID=71295) to work on /Users/saiprasadreddykolan/airflow_venv/lib/python3.10/site-packages/airflow/example_dags/example_time_delta_sensor_async.py
[2024-10-28T17:33:44.734-0700] {processor.py:826} INFO - Processing file /Users/saiprasadreddykolan/airflow_venv/lib/python3.10/site-packages/airflow/example_dags/example_time_delta_sensor_async.py for tasks to queue
[2024-10-28T17:33:44.734-0700] {logging_mixin.py:150} INFO - [2024-10-28T17:33:44.734-0700] {dagbag.py:541} INFO - Filling up the DagBag from /Users/saiprasadreddykolan/airflow_venv/lib/python3.10/site-packages/airflow/example_dags/example_time_delta_sensor_async.py
[2024-10-28T17:33:44.741-0700] {processor.py:836} INFO - DAG(s) dict_keys(['example_time_delta_sensor_async']) retrieved from /Users/saiprasadreddykolan/airflow_venv/lib/python3.10/site-packages/airflow/example_dags/example_time_delta_sensor_async.py
[2024-10-28T17:33:44.960-0700] {logging_mixin.py:150} INFO - [2024-10-28T17:33:44.960-0700] {dag.py:2742} INFO - Sync 1 DAGs
[2024-10-28T17:33:44.966-0700] {logging_mixin.py:150} INFO - [2024-10-28T17:33:44.966-0700] {dag.py:3504} INFO - Setting next_dagrun for example_time_delta_sensor_async to None, run_after=None
[2024-10-28T17:33:44.972-0700] {processor.py:179} INFO - Processing /Users/saiprasadreddykolan/airflow_venv/lib/python3.10/site-packages/airflow/example_dags/example_time_delta_sensor_async.py took 0.241 seconds
[2024-10-28T17:35:20.180-0700] {processor.py:157} INFO - Started process (PID=71357) to work on /Users/saiprasadreddykolan/airflow_venv/lib/python3.10/site-packages/airflow/example_dags/example_time_delta_sensor_async.py
[2024-10-28T17:35:20.183-0700] {processor.py:826} INFO - Processing file /Users/saiprasadreddykolan/airflow_venv/lib/python3.10/site-packages/airflow/example_dags/example_time_delta_sensor_async.py for tasks to queue
[2024-10-28T17:35:20.183-0700] {logging_mixin.py:150} INFO - [2024-10-28T17:35:20.183-0700] {dagbag.py:541} INFO - Filling up the DagBag from /Users/saiprasadreddykolan/airflow_venv/lib/python3.10/site-packages/airflow/example_dags/example_time_delta_sensor_async.py
[2024-10-28T17:35:20.190-0700] {processor.py:836} INFO - DAG(s) dict_keys(['example_time_delta_sensor_async']) retrieved from /Users/saiprasadreddykolan/airflow_venv/lib/python3.10/site-packages/airflow/example_dags/example_time_delta_sensor_async.py
[2024-10-28T17:35:20.410-0700] {logging_mixin.py:150} INFO - [2024-10-28T17:35:20.410-0700] {dag.py:2742} INFO - Sync 1 DAGs
[2024-10-28T17:35:20.416-0700] {logging_mixin.py:150} INFO - [2024-10-28T17:35:20.416-0700] {dag.py:3504} INFO - Setting next_dagrun for example_time_delta_sensor_async to None, run_after=None
[2024-10-28T17:35:20.424-0700] {processor.py:179} INFO - Processing /Users/saiprasadreddykolan/airflow_venv/lib/python3.10/site-packages/airflow/example_dags/example_time_delta_sensor_async.py took 0.244 seconds
[2024-10-28T17:36:53.241-0700] {processor.py:157} INFO - Started process (PID=71426) to work on /Users/saiprasadreddykolan/airflow_venv/lib/python3.10/site-packages/airflow/example_dags/example_time_delta_sensor_async.py
[2024-10-28T17:36:53.243-0700] {processor.py:826} INFO - Processing file /Users/saiprasadreddykolan/airflow_venv/lib/python3.10/site-packages/airflow/example_dags/example_time_delta_sensor_async.py for tasks to queue
[2024-10-28T17:36:53.243-0700] {logging_mixin.py:150} INFO - [2024-10-28T17:36:53.243-0700] {dagbag.py:541} INFO - Filling up the DagBag from /Users/saiprasadreddykolan/airflow_venv/lib/python3.10/site-packages/airflow/example_dags/example_time_delta_sensor_async.py
[2024-10-28T17:36:53.251-0700] {processor.py:836} INFO - DAG(s) dict_keys(['example_time_delta_sensor_async']) retrieved from /Users/saiprasadreddykolan/airflow_venv/lib/python3.10/site-packages/airflow/example_dags/example_time_delta_sensor_async.py
[2024-10-28T17:36:53.481-0700] {logging_mixin.py:150} INFO - [2024-10-28T17:36:53.480-0700] {dag.py:2742} INFO - Sync 1 DAGs
[2024-10-28T17:36:53.486-0700] {logging_mixin.py:150} INFO - [2024-10-28T17:36:53.486-0700] {dag.py:3504} INFO - Setting next_dagrun for example_time_delta_sensor_async to None, run_after=None
[2024-10-28T17:36:53.492-0700] {processor.py:179} INFO - Processing /Users/saiprasadreddykolan/airflow_venv/lib/python3.10/site-packages/airflow/example_dags/example_time_delta_sensor_async.py took 0.252 seconds
