[2024-10-28T17:00:11.792-0700] {processor.py:157} INFO - Started process (PID=69723) to work on /Users/saiprasadreddykolan/airflow_venv/lib/python3.10/site-packages/airflow/example_dags/example_skip_dag.py
[2024-10-28T17:00:11.793-0700] {processor.py:826} INFO - Processing file /Users/saiprasadreddykolan/airflow_venv/lib/python3.10/site-packages/airflow/example_dags/example_skip_dag.py for tasks to queue
[2024-10-28T17:00:11.794-0700] {logging_mixin.py:150} INFO - [2024-10-28T17:00:11.794-0700] {dagbag.py:541} INFO - Filling up the DagBag from /Users/saiprasadreddykolan/airflow_venv/lib/python3.10/site-packages/airflow/example_dags/example_skip_dag.py
[2024-10-28T17:00:11.801-0700] {processor.py:836} INFO - DAG(s) dict_keys(['example_skip_dag']) retrieved from /Users/saiprasadreddykolan/airflow_venv/lib/python3.10/site-packages/airflow/example_dags/example_skip_dag.py
[2024-10-28T17:00:12.025-0700] {logging_mixin.py:150} INFO - [2024-10-28T17:00:12.025-0700] {dag.py:2742} INFO - Sync 1 DAGs
[2024-10-28T17:00:12.032-0700] {logging_mixin.py:150} INFO - [2024-10-28T17:00:12.031-0700] {dag.py:3504} INFO - Setting next_dagrun for example_skip_dag to 2024-10-28T00:00:12.031875+00:00, run_after=2024-10-29T00:00:12.031875+00:00
[2024-10-28T17:00:12.039-0700] {processor.py:179} INFO - Processing /Users/saiprasadreddykolan/airflow_venv/lib/python3.10/site-packages/airflow/example_dags/example_skip_dag.py took 0.248 seconds
[2024-10-28T17:01:39.684-0700] {processor.py:157} INFO - Started process (PID=69799) to work on /Users/saiprasadreddykolan/airflow_venv/lib/python3.10/site-packages/airflow/example_dags/example_skip_dag.py
[2024-10-28T17:01:39.686-0700] {processor.py:826} INFO - Processing file /Users/saiprasadreddykolan/airflow_venv/lib/python3.10/site-packages/airflow/example_dags/example_skip_dag.py for tasks to queue
[2024-10-28T17:01:39.686-0700] {logging_mixin.py:150} INFO - [2024-10-28T17:01:39.686-0700] {dagbag.py:541} INFO - Filling up the DagBag from /Users/saiprasadreddykolan/airflow_venv/lib/python3.10/site-packages/airflow/example_dags/example_skip_dag.py
[2024-10-28T17:01:39.693-0700] {processor.py:836} INFO - DAG(s) dict_keys(['example_skip_dag']) retrieved from /Users/saiprasadreddykolan/airflow_venv/lib/python3.10/site-packages/airflow/example_dags/example_skip_dag.py
[2024-10-28T17:01:39.913-0700] {logging_mixin.py:150} INFO - [2024-10-28T17:01:39.913-0700] {dag.py:2742} INFO - Sync 1 DAGs
[2024-10-28T17:01:39.919-0700] {logging_mixin.py:150} INFO - [2024-10-28T17:01:39.919-0700] {dag.py:3504} INFO - Setting next_dagrun for example_skip_dag to 2024-10-28T00:01:39.919141+00:00, run_after=2024-10-29T00:01:39.919141+00:00
[2024-10-28T17:01:39.925-0700] {processor.py:179} INFO - Processing /Users/saiprasadreddykolan/airflow_venv/lib/python3.10/site-packages/airflow/example_dags/example_skip_dag.py took 0.241 seconds
[2024-10-28T17:03:11.553-0700] {processor.py:157} INFO - Started process (PID=69860) to work on /Users/saiprasadreddykolan/airflow_venv/lib/python3.10/site-packages/airflow/example_dags/example_skip_dag.py
[2024-10-28T17:03:11.555-0700] {processor.py:826} INFO - Processing file /Users/saiprasadreddykolan/airflow_venv/lib/python3.10/site-packages/airflow/example_dags/example_skip_dag.py for tasks to queue
[2024-10-28T17:03:11.555-0700] {logging_mixin.py:150} INFO - [2024-10-28T17:03:11.555-0700] {dagbag.py:541} INFO - Filling up the DagBag from /Users/saiprasadreddykolan/airflow_venv/lib/python3.10/site-packages/airflow/example_dags/example_skip_dag.py
[2024-10-28T17:03:11.562-0700] {processor.py:836} INFO - DAG(s) dict_keys(['example_skip_dag']) retrieved from /Users/saiprasadreddykolan/airflow_venv/lib/python3.10/site-packages/airflow/example_dags/example_skip_dag.py
[2024-10-28T17:03:11.781-0700] {logging_mixin.py:150} INFO - [2024-10-28T17:03:11.781-0700] {dag.py:2742} INFO - Sync 1 DAGs
[2024-10-28T17:03:11.786-0700] {logging_mixin.py:150} INFO - [2024-10-28T17:03:11.786-0700] {dag.py:3504} INFO - Setting next_dagrun for example_skip_dag to 2024-10-28T00:03:11.786438+00:00, run_after=2024-10-29T00:03:11.786438+00:00
[2024-10-28T17:03:11.793-0700] {processor.py:179} INFO - Processing /Users/saiprasadreddykolan/airflow_venv/lib/python3.10/site-packages/airflow/example_dags/example_skip_dag.py took 0.240 seconds
[2024-10-28T17:04:36.721-0700] {processor.py:157} INFO - Started process (PID=69925) to work on /Users/saiprasadreddykolan/airflow_venv/lib/python3.10/site-packages/airflow/example_dags/example_skip_dag.py
[2024-10-28T17:04:36.723-0700] {processor.py:826} INFO - Processing file /Users/saiprasadreddykolan/airflow_venv/lib/python3.10/site-packages/airflow/example_dags/example_skip_dag.py for tasks to queue
[2024-10-28T17:04:36.724-0700] {logging_mixin.py:150} INFO - [2024-10-28T17:04:36.724-0700] {dagbag.py:541} INFO - Filling up the DagBag from /Users/saiprasadreddykolan/airflow_venv/lib/python3.10/site-packages/airflow/example_dags/example_skip_dag.py
[2024-10-28T17:04:36.731-0700] {processor.py:836} INFO - DAG(s) dict_keys(['example_skip_dag']) retrieved from /Users/saiprasadreddykolan/airflow_venv/lib/python3.10/site-packages/airflow/example_dags/example_skip_dag.py
[2024-10-28T17:04:36.967-0700] {logging_mixin.py:150} INFO - [2024-10-28T17:04:36.967-0700] {dag.py:2742} INFO - Sync 1 DAGs
[2024-10-28T17:04:36.973-0700] {logging_mixin.py:150} INFO - [2024-10-28T17:04:36.973-0700] {dag.py:3504} INFO - Setting next_dagrun for example_skip_dag to 2024-10-28T00:04:36.972961+00:00, run_after=2024-10-29T00:04:36.972961+00:00
[2024-10-28T17:04:36.979-0700] {processor.py:179} INFO - Processing /Users/saiprasadreddykolan/airflow_venv/lib/python3.10/site-packages/airflow/example_dags/example_skip_dag.py took 0.258 seconds
[2024-10-28T17:06:16.899-0700] {processor.py:157} INFO - Started process (PID=69987) to work on /Users/saiprasadreddykolan/airflow_venv/lib/python3.10/site-packages/airflow/example_dags/example_skip_dag.py
[2024-10-28T17:06:16.902-0700] {processor.py:826} INFO - Processing file /Users/saiprasadreddykolan/airflow_venv/lib/python3.10/site-packages/airflow/example_dags/example_skip_dag.py for tasks to queue
[2024-10-28T17:06:16.902-0700] {logging_mixin.py:150} INFO - [2024-10-28T17:06:16.902-0700] {dagbag.py:541} INFO - Filling up the DagBag from /Users/saiprasadreddykolan/airflow_venv/lib/python3.10/site-packages/airflow/example_dags/example_skip_dag.py
[2024-10-28T17:06:16.908-0700] {processor.py:836} INFO - DAG(s) dict_keys(['example_skip_dag']) retrieved from /Users/saiprasadreddykolan/airflow_venv/lib/python3.10/site-packages/airflow/example_dags/example_skip_dag.py
[2024-10-28T17:06:17.126-0700] {logging_mixin.py:150} INFO - [2024-10-28T17:06:17.126-0700] {dag.py:2742} INFO - Sync 1 DAGs
[2024-10-28T17:06:17.132-0700] {logging_mixin.py:150} INFO - [2024-10-28T17:06:17.132-0700] {dag.py:3504} INFO - Setting next_dagrun for example_skip_dag to 2024-10-28T00:06:17.132238+00:00, run_after=2024-10-29T00:06:17.132238+00:00
[2024-10-28T17:06:17.138-0700] {processor.py:179} INFO - Processing /Users/saiprasadreddykolan/airflow_venv/lib/python3.10/site-packages/airflow/example_dags/example_skip_dag.py took 0.239 seconds
[2024-10-28T17:07:43.478-0700] {processor.py:157} INFO - Started process (PID=70051) to work on /Users/saiprasadreddykolan/airflow_venv/lib/python3.10/site-packages/airflow/example_dags/example_skip_dag.py
[2024-10-28T17:07:43.480-0700] {processor.py:826} INFO - Processing file /Users/saiprasadreddykolan/airflow_venv/lib/python3.10/site-packages/airflow/example_dags/example_skip_dag.py for tasks to queue
[2024-10-28T17:07:43.480-0700] {logging_mixin.py:150} INFO - [2024-10-28T17:07:43.480-0700] {dagbag.py:541} INFO - Filling up the DagBag from /Users/saiprasadreddykolan/airflow_venv/lib/python3.10/site-packages/airflow/example_dags/example_skip_dag.py
[2024-10-28T17:07:43.487-0700] {processor.py:836} INFO - DAG(s) dict_keys(['example_skip_dag']) retrieved from /Users/saiprasadreddykolan/airflow_venv/lib/python3.10/site-packages/airflow/example_dags/example_skip_dag.py
[2024-10-28T17:07:43.706-0700] {logging_mixin.py:150} INFO - [2024-10-28T17:07:43.705-0700] {dag.py:2742} INFO - Sync 1 DAGs
[2024-10-28T17:07:43.713-0700] {logging_mixin.py:150} INFO - [2024-10-28T17:07:43.713-0700] {dag.py:3504} INFO - Setting next_dagrun for example_skip_dag to 2024-10-28T00:07:43.713017+00:00, run_after=2024-10-29T00:07:43.713017+00:00
[2024-10-28T17:07:43.719-0700] {processor.py:179} INFO - Processing /Users/saiprasadreddykolan/airflow_venv/lib/python3.10/site-packages/airflow/example_dags/example_skip_dag.py took 0.241 seconds
[2024-10-28T17:09:10.537-0700] {processor.py:157} INFO - Started process (PID=70109) to work on /Users/saiprasadreddykolan/airflow_venv/lib/python3.10/site-packages/airflow/example_dags/example_skip_dag.py
[2024-10-28T17:09:10.538-0700] {processor.py:826} INFO - Processing file /Users/saiprasadreddykolan/airflow_venv/lib/python3.10/site-packages/airflow/example_dags/example_skip_dag.py for tasks to queue
[2024-10-28T17:09:10.538-0700] {logging_mixin.py:150} INFO - [2024-10-28T17:09:10.538-0700] {dagbag.py:541} INFO - Filling up the DagBag from /Users/saiprasadreddykolan/airflow_venv/lib/python3.10/site-packages/airflow/example_dags/example_skip_dag.py
[2024-10-28T17:09:10.545-0700] {processor.py:836} INFO - DAG(s) dict_keys(['example_skip_dag']) retrieved from /Users/saiprasadreddykolan/airflow_venv/lib/python3.10/site-packages/airflow/example_dags/example_skip_dag.py
[2024-10-28T17:09:10.763-0700] {logging_mixin.py:150} INFO - [2024-10-28T17:09:10.762-0700] {dag.py:2742} INFO - Sync 1 DAGs
[2024-10-28T17:09:10.768-0700] {logging_mixin.py:150} INFO - [2024-10-28T17:09:10.768-0700] {dag.py:3504} INFO - Setting next_dagrun for example_skip_dag to 2024-10-28T00:09:10.768311+00:00, run_after=2024-10-29T00:09:10.768311+00:00
[2024-10-28T17:09:10.776-0700] {processor.py:179} INFO - Processing /Users/saiprasadreddykolan/airflow_venv/lib/python3.10/site-packages/airflow/example_dags/example_skip_dag.py took 0.240 seconds
[2024-10-28T17:10:47.658-0700] {processor.py:157} INFO - Started process (PID=70171) to work on /Users/saiprasadreddykolan/airflow_venv/lib/python3.10/site-packages/airflow/example_dags/example_skip_dag.py
[2024-10-28T17:10:47.661-0700] {processor.py:826} INFO - Processing file /Users/saiprasadreddykolan/airflow_venv/lib/python3.10/site-packages/airflow/example_dags/example_skip_dag.py for tasks to queue
[2024-10-28T17:10:47.661-0700] {logging_mixin.py:150} INFO - [2024-10-28T17:10:47.661-0700] {dagbag.py:541} INFO - Filling up the DagBag from /Users/saiprasadreddykolan/airflow_venv/lib/python3.10/site-packages/airflow/example_dags/example_skip_dag.py
[2024-10-28T17:10:47.668-0700] {processor.py:836} INFO - DAG(s) dict_keys(['example_skip_dag']) retrieved from /Users/saiprasadreddykolan/airflow_venv/lib/python3.10/site-packages/airflow/example_dags/example_skip_dag.py
[2024-10-28T17:10:47.885-0700] {logging_mixin.py:150} INFO - [2024-10-28T17:10:47.885-0700] {dag.py:2742} INFO - Sync 1 DAGs
[2024-10-28T17:10:47.891-0700] {logging_mixin.py:150} INFO - [2024-10-28T17:10:47.891-0700] {dag.py:3504} INFO - Setting next_dagrun for example_skip_dag to 2024-10-28T00:10:47.891167+00:00, run_after=2024-10-29T00:10:47.891167+00:00
[2024-10-28T17:10:47.897-0700] {processor.py:179} INFO - Processing /Users/saiprasadreddykolan/airflow_venv/lib/python3.10/site-packages/airflow/example_dags/example_skip_dag.py took 0.239 seconds
[2024-10-28T17:12:23.467-0700] {processor.py:157} INFO - Started process (PID=70232) to work on /Users/saiprasadreddykolan/airflow_venv/lib/python3.10/site-packages/airflow/example_dags/example_skip_dag.py
[2024-10-28T17:12:23.470-0700] {processor.py:826} INFO - Processing file /Users/saiprasadreddykolan/airflow_venv/lib/python3.10/site-packages/airflow/example_dags/example_skip_dag.py for tasks to queue
[2024-10-28T17:12:23.470-0700] {logging_mixin.py:150} INFO - [2024-10-28T17:12:23.470-0700] {dagbag.py:541} INFO - Filling up the DagBag from /Users/saiprasadreddykolan/airflow_venv/lib/python3.10/site-packages/airflow/example_dags/example_skip_dag.py
[2024-10-28T17:12:23.477-0700] {processor.py:836} INFO - DAG(s) dict_keys(['example_skip_dag']) retrieved from /Users/saiprasadreddykolan/airflow_venv/lib/python3.10/site-packages/airflow/example_dags/example_skip_dag.py
[2024-10-28T17:12:23.692-0700] {logging_mixin.py:150} INFO - [2024-10-28T17:12:23.692-0700] {dag.py:2742} INFO - Sync 1 DAGs
[2024-10-28T17:12:23.698-0700] {logging_mixin.py:150} INFO - [2024-10-28T17:12:23.698-0700] {dag.py:3504} INFO - Setting next_dagrun for example_skip_dag to 2024-10-28T00:12:23.698007+00:00, run_after=2024-10-29T00:12:23.698007+00:00
[2024-10-28T17:12:23.704-0700] {processor.py:179} INFO - Processing /Users/saiprasadreddykolan/airflow_venv/lib/python3.10/site-packages/airflow/example_dags/example_skip_dag.py took 0.237 seconds
[2024-10-28T17:13:48.641-0700] {processor.py:157} INFO - Started process (PID=70292) to work on /Users/saiprasadreddykolan/airflow_venv/lib/python3.10/site-packages/airflow/example_dags/example_skip_dag.py
[2024-10-28T17:13:48.643-0700] {processor.py:826} INFO - Processing file /Users/saiprasadreddykolan/airflow_venv/lib/python3.10/site-packages/airflow/example_dags/example_skip_dag.py for tasks to queue
[2024-10-28T17:13:48.643-0700] {logging_mixin.py:150} INFO - [2024-10-28T17:13:48.643-0700] {dagbag.py:541} INFO - Filling up the DagBag from /Users/saiprasadreddykolan/airflow_venv/lib/python3.10/site-packages/airflow/example_dags/example_skip_dag.py
[2024-10-28T17:13:48.650-0700] {processor.py:836} INFO - DAG(s) dict_keys(['example_skip_dag']) retrieved from /Users/saiprasadreddykolan/airflow_venv/lib/python3.10/site-packages/airflow/example_dags/example_skip_dag.py
[2024-10-28T17:13:48.874-0700] {logging_mixin.py:150} INFO - [2024-10-28T17:13:48.874-0700] {dag.py:2742} INFO - Sync 1 DAGs
[2024-10-28T17:13:48.879-0700] {logging_mixin.py:150} INFO - [2024-10-28T17:13:48.879-0700] {dag.py:3504} INFO - Setting next_dagrun for example_skip_dag to 2024-10-28T00:13:48.879633+00:00, run_after=2024-10-29T00:13:48.879633+00:00
[2024-10-28T17:13:48.886-0700] {processor.py:179} INFO - Processing /Users/saiprasadreddykolan/airflow_venv/lib/python3.10/site-packages/airflow/example_dags/example_skip_dag.py took 0.246 seconds
[2024-10-28T17:15:16.107-0700] {processor.py:157} INFO - Started process (PID=70354) to work on /Users/saiprasadreddykolan/airflow_venv/lib/python3.10/site-packages/airflow/example_dags/example_skip_dag.py
[2024-10-28T17:15:16.109-0700] {processor.py:826} INFO - Processing file /Users/saiprasadreddykolan/airflow_venv/lib/python3.10/site-packages/airflow/example_dags/example_skip_dag.py for tasks to queue
[2024-10-28T17:15:16.109-0700] {logging_mixin.py:150} INFO - [2024-10-28T17:15:16.109-0700] {dagbag.py:541} INFO - Filling up the DagBag from /Users/saiprasadreddykolan/airflow_venv/lib/python3.10/site-packages/airflow/example_dags/example_skip_dag.py
[2024-10-28T17:15:16.115-0700] {processor.py:836} INFO - DAG(s) dict_keys(['example_skip_dag']) retrieved from /Users/saiprasadreddykolan/airflow_venv/lib/python3.10/site-packages/airflow/example_dags/example_skip_dag.py
[2024-10-28T17:15:16.338-0700] {logging_mixin.py:150} INFO - [2024-10-28T17:15:16.338-0700] {dag.py:2742} INFO - Sync 1 DAGs
[2024-10-28T17:15:16.343-0700] {logging_mixin.py:150} INFO - [2024-10-28T17:15:16.343-0700] {dag.py:3504} INFO - Setting next_dagrun for example_skip_dag to 2024-10-28T00:15:16.343504+00:00, run_after=2024-10-29T00:15:16.343504+00:00
[2024-10-28T17:15:16.350-0700] {processor.py:179} INFO - Processing /Users/saiprasadreddykolan/airflow_venv/lib/python3.10/site-packages/airflow/example_dags/example_skip_dag.py took 0.243 seconds
[2024-10-28T17:16:55.435-0700] {processor.py:157} INFO - Started process (PID=70475) to work on /Users/saiprasadreddykolan/airflow_venv/lib/python3.10/site-packages/airflow/example_dags/example_skip_dag.py
[2024-10-28T17:16:55.437-0700] {processor.py:826} INFO - Processing file /Users/saiprasadreddykolan/airflow_venv/lib/python3.10/site-packages/airflow/example_dags/example_skip_dag.py for tasks to queue
[2024-10-28T17:16:55.437-0700] {logging_mixin.py:150} INFO - [2024-10-28T17:16:55.437-0700] {dagbag.py:541} INFO - Filling up the DagBag from /Users/saiprasadreddykolan/airflow_venv/lib/python3.10/site-packages/airflow/example_dags/example_skip_dag.py
[2024-10-28T17:16:55.444-0700] {processor.py:836} INFO - DAG(s) dict_keys(['example_skip_dag']) retrieved from /Users/saiprasadreddykolan/airflow_venv/lib/python3.10/site-packages/airflow/example_dags/example_skip_dag.py
[2024-10-28T17:16:55.663-0700] {logging_mixin.py:150} INFO - [2024-10-28T17:16:55.663-0700] {dag.py:2742} INFO - Sync 1 DAGs
[2024-10-28T17:16:55.669-0700] {logging_mixin.py:150} INFO - [2024-10-28T17:16:55.669-0700] {dag.py:3504} INFO - Setting next_dagrun for example_skip_dag to 2024-10-28T00:16:55.669737+00:00, run_after=2024-10-29T00:16:55.669737+00:00
[2024-10-28T17:16:55.679-0700] {processor.py:179} INFO - Processing /Users/saiprasadreddykolan/airflow_venv/lib/python3.10/site-packages/airflow/example_dags/example_skip_dag.py took 0.244 seconds
[2024-10-28T17:18:24.994-0700] {processor.py:157} INFO - Started process (PID=70549) to work on /Users/saiprasadreddykolan/airflow_venv/lib/python3.10/site-packages/airflow/example_dags/example_skip_dag.py
[2024-10-28T17:18:24.996-0700] {processor.py:826} INFO - Processing file /Users/saiprasadreddykolan/airflow_venv/lib/python3.10/site-packages/airflow/example_dags/example_skip_dag.py for tasks to queue
[2024-10-28T17:18:24.997-0700] {logging_mixin.py:150} INFO - [2024-10-28T17:18:24.997-0700] {dagbag.py:541} INFO - Filling up the DagBag from /Users/saiprasadreddykolan/airflow_venv/lib/python3.10/site-packages/airflow/example_dags/example_skip_dag.py
[2024-10-28T17:18:25.003-0700] {processor.py:836} INFO - DAG(s) dict_keys(['example_skip_dag']) retrieved from /Users/saiprasadreddykolan/airflow_venv/lib/python3.10/site-packages/airflow/example_dags/example_skip_dag.py
[2024-10-28T17:18:25.221-0700] {logging_mixin.py:150} INFO - [2024-10-28T17:18:25.220-0700] {dag.py:2742} INFO - Sync 1 DAGs
[2024-10-28T17:18:25.227-0700] {logging_mixin.py:150} INFO - [2024-10-28T17:18:25.227-0700] {dag.py:3504} INFO - Setting next_dagrun for example_skip_dag to 2024-10-28T00:18:25.227153+00:00, run_after=2024-10-29T00:18:25.227153+00:00
[2024-10-28T17:18:25.235-0700] {processor.py:179} INFO - Processing /Users/saiprasadreddykolan/airflow_venv/lib/python3.10/site-packages/airflow/example_dags/example_skip_dag.py took 0.241 seconds
[2024-10-28T17:19:56.425-0700] {processor.py:157} INFO - Started process (PID=70631) to work on /Users/saiprasadreddykolan/airflow_venv/lib/python3.10/site-packages/airflow/example_dags/example_skip_dag.py
[2024-10-28T17:19:56.428-0700] {processor.py:826} INFO - Processing file /Users/saiprasadreddykolan/airflow_venv/lib/python3.10/site-packages/airflow/example_dags/example_skip_dag.py for tasks to queue
[2024-10-28T17:19:56.428-0700] {logging_mixin.py:150} INFO - [2024-10-28T17:19:56.428-0700] {dagbag.py:541} INFO - Filling up the DagBag from /Users/saiprasadreddykolan/airflow_venv/lib/python3.10/site-packages/airflow/example_dags/example_skip_dag.py
[2024-10-28T17:19:56.435-0700] {processor.py:836} INFO - DAG(s) dict_keys(['example_skip_dag']) retrieved from /Users/saiprasadreddykolan/airflow_venv/lib/python3.10/site-packages/airflow/example_dags/example_skip_dag.py
[2024-10-28T17:19:56.674-0700] {logging_mixin.py:150} INFO - [2024-10-28T17:19:56.674-0700] {dag.py:2742} INFO - Sync 1 DAGs
[2024-10-28T17:19:56.682-0700] {logging_mixin.py:150} INFO - [2024-10-28T17:19:56.682-0700] {dag.py:3504} INFO - Setting next_dagrun for example_skip_dag to 2024-10-28T00:19:56.682469+00:00, run_after=2024-10-29T00:19:56.682469+00:00
[2024-10-28T17:19:56.690-0700] {processor.py:179} INFO - Processing /Users/saiprasadreddykolan/airflow_venv/lib/python3.10/site-packages/airflow/example_dags/example_skip_dag.py took 0.266 seconds
[2024-10-28T17:21:31.494-0700] {processor.py:157} INFO - Started process (PID=70694) to work on /Users/saiprasadreddykolan/airflow_venv/lib/python3.10/site-packages/airflow/example_dags/example_skip_dag.py
[2024-10-28T17:21:31.497-0700] {processor.py:826} INFO - Processing file /Users/saiprasadreddykolan/airflow_venv/lib/python3.10/site-packages/airflow/example_dags/example_skip_dag.py for tasks to queue
[2024-10-28T17:21:31.497-0700] {logging_mixin.py:150} INFO - [2024-10-28T17:21:31.497-0700] {dagbag.py:541} INFO - Filling up the DagBag from /Users/saiprasadreddykolan/airflow_venv/lib/python3.10/site-packages/airflow/example_dags/example_skip_dag.py
[2024-10-28T17:21:31.503-0700] {processor.py:836} INFO - DAG(s) dict_keys(['example_skip_dag']) retrieved from /Users/saiprasadreddykolan/airflow_venv/lib/python3.10/site-packages/airflow/example_dags/example_skip_dag.py
[2024-10-28T17:21:31.720-0700] {logging_mixin.py:150} INFO - [2024-10-28T17:21:31.720-0700] {dag.py:2742} INFO - Sync 1 DAGs
[2024-10-28T17:21:31.725-0700] {logging_mixin.py:150} INFO - [2024-10-28T17:21:31.725-0700] {dag.py:3504} INFO - Setting next_dagrun for example_skip_dag to 2024-10-28T00:21:31.725532+00:00, run_after=2024-10-29T00:21:31.725532+00:00
[2024-10-28T17:21:31.732-0700] {processor.py:179} INFO - Processing /Users/saiprasadreddykolan/airflow_venv/lib/python3.10/site-packages/airflow/example_dags/example_skip_dag.py took 0.238 seconds
[2024-10-28T17:23:02.521-0700] {processor.py:157} INFO - Started process (PID=70767) to work on /Users/saiprasadreddykolan/airflow_venv/lib/python3.10/site-packages/airflow/example_dags/example_skip_dag.py
[2024-10-28T17:23:02.523-0700] {processor.py:826} INFO - Processing file /Users/saiprasadreddykolan/airflow_venv/lib/python3.10/site-packages/airflow/example_dags/example_skip_dag.py for tasks to queue
[2024-10-28T17:23:02.523-0700] {logging_mixin.py:150} INFO - [2024-10-28T17:23:02.523-0700] {dagbag.py:541} INFO - Filling up the DagBag from /Users/saiprasadreddykolan/airflow_venv/lib/python3.10/site-packages/airflow/example_dags/example_skip_dag.py
[2024-10-28T17:23:02.531-0700] {processor.py:836} INFO - DAG(s) dict_keys(['example_skip_dag']) retrieved from /Users/saiprasadreddykolan/airflow_venv/lib/python3.10/site-packages/airflow/example_dags/example_skip_dag.py
[2024-10-28T17:23:02.760-0700] {logging_mixin.py:150} INFO - [2024-10-28T17:23:02.760-0700] {dag.py:2742} INFO - Sync 1 DAGs
[2024-10-28T17:23:02.765-0700] {logging_mixin.py:150} INFO - [2024-10-28T17:23:02.765-0700] {dag.py:3504} INFO - Setting next_dagrun for example_skip_dag to 2024-10-28T00:23:02.765577+00:00, run_after=2024-10-29T00:23:02.765577+00:00
[2024-10-28T17:23:02.771-0700] {processor.py:179} INFO - Processing /Users/saiprasadreddykolan/airflow_venv/lib/python3.10/site-packages/airflow/example_dags/example_skip_dag.py took 0.251 seconds
[2024-10-28T17:24:31.711-0700] {processor.py:157} INFO - Started process (PID=70860) to work on /Users/saiprasadreddykolan/airflow_venv/lib/python3.10/site-packages/airflow/example_dags/example_skip_dag.py
[2024-10-28T17:24:31.713-0700] {processor.py:826} INFO - Processing file /Users/saiprasadreddykolan/airflow_venv/lib/python3.10/site-packages/airflow/example_dags/example_skip_dag.py for tasks to queue
[2024-10-28T17:24:31.713-0700] {logging_mixin.py:150} INFO - [2024-10-28T17:24:31.713-0700] {dagbag.py:541} INFO - Filling up the DagBag from /Users/saiprasadreddykolan/airflow_venv/lib/python3.10/site-packages/airflow/example_dags/example_skip_dag.py
[2024-10-28T17:24:31.720-0700] {processor.py:836} INFO - DAG(s) dict_keys(['example_skip_dag']) retrieved from /Users/saiprasadreddykolan/airflow_venv/lib/python3.10/site-packages/airflow/example_dags/example_skip_dag.py
[2024-10-28T17:24:31.949-0700] {logging_mixin.py:150} INFO - [2024-10-28T17:24:31.949-0700] {dag.py:2742} INFO - Sync 1 DAGs
[2024-10-28T17:24:31.955-0700] {logging_mixin.py:150} INFO - [2024-10-28T17:24:31.955-0700] {dag.py:3504} INFO - Setting next_dagrun for example_skip_dag to 2024-10-28T00:24:31.954968+00:00, run_after=2024-10-29T00:24:31.954968+00:00
[2024-10-28T17:24:31.963-0700] {processor.py:179} INFO - Processing /Users/saiprasadreddykolan/airflow_venv/lib/python3.10/site-packages/airflow/example_dags/example_skip_dag.py took 0.252 seconds
[2024-10-28T17:26:05.551-0700] {processor.py:157} INFO - Started process (PID=70953) to work on /Users/saiprasadreddykolan/airflow_venv/lib/python3.10/site-packages/airflow/example_dags/example_skip_dag.py
[2024-10-28T17:26:05.554-0700] {processor.py:826} INFO - Processing file /Users/saiprasadreddykolan/airflow_venv/lib/python3.10/site-packages/airflow/example_dags/example_skip_dag.py for tasks to queue
[2024-10-28T17:26:05.554-0700] {logging_mixin.py:150} INFO - [2024-10-28T17:26:05.554-0700] {dagbag.py:541} INFO - Filling up the DagBag from /Users/saiprasadreddykolan/airflow_venv/lib/python3.10/site-packages/airflow/example_dags/example_skip_dag.py
[2024-10-28T17:26:05.560-0700] {processor.py:836} INFO - DAG(s) dict_keys(['example_skip_dag']) retrieved from /Users/saiprasadreddykolan/airflow_venv/lib/python3.10/site-packages/airflow/example_dags/example_skip_dag.py
[2024-10-28T17:26:05.779-0700] {logging_mixin.py:150} INFO - [2024-10-28T17:26:05.779-0700] {dag.py:2742} INFO - Sync 1 DAGs
[2024-10-28T17:26:05.784-0700] {logging_mixin.py:150} INFO - [2024-10-28T17:26:05.784-0700] {dag.py:3504} INFO - Setting next_dagrun for example_skip_dag to 2024-10-28T00:26:05.784449+00:00, run_after=2024-10-29T00:26:05.784449+00:00
[2024-10-28T17:26:05.790-0700] {processor.py:179} INFO - Processing /Users/saiprasadreddykolan/airflow_venv/lib/python3.10/site-packages/airflow/example_dags/example_skip_dag.py took 0.240 seconds
[2024-10-28T17:27:35.501-0700] {processor.py:157} INFO - Started process (PID=71019) to work on /Users/saiprasadreddykolan/airflow_venv/lib/python3.10/site-packages/airflow/example_dags/example_skip_dag.py
[2024-10-28T17:27:35.504-0700] {processor.py:826} INFO - Processing file /Users/saiprasadreddykolan/airflow_venv/lib/python3.10/site-packages/airflow/example_dags/example_skip_dag.py for tasks to queue
[2024-10-28T17:27:35.504-0700] {logging_mixin.py:150} INFO - [2024-10-28T17:27:35.504-0700] {dagbag.py:541} INFO - Filling up the DagBag from /Users/saiprasadreddykolan/airflow_venv/lib/python3.10/site-packages/airflow/example_dags/example_skip_dag.py
[2024-10-28T17:27:35.511-0700] {processor.py:836} INFO - DAG(s) dict_keys(['example_skip_dag']) retrieved from /Users/saiprasadreddykolan/airflow_venv/lib/python3.10/site-packages/airflow/example_dags/example_skip_dag.py
[2024-10-28T17:27:35.729-0700] {logging_mixin.py:150} INFO - [2024-10-28T17:27:35.729-0700] {dag.py:2742} INFO - Sync 1 DAGs
[2024-10-28T17:27:35.734-0700] {logging_mixin.py:150} INFO - [2024-10-28T17:27:35.734-0700] {dag.py:3504} INFO - Setting next_dagrun for example_skip_dag to 2024-10-28T00:27:35.734802+00:00, run_after=2024-10-29T00:27:35.734802+00:00
[2024-10-28T17:27:35.741-0700] {processor.py:179} INFO - Processing /Users/saiprasadreddykolan/airflow_venv/lib/python3.10/site-packages/airflow/example_dags/example_skip_dag.py took 0.240 seconds
[2024-10-28T17:29:07.449-0700] {processor.py:157} INFO - Started process (PID=71088) to work on /Users/saiprasadreddykolan/airflow_venv/lib/python3.10/site-packages/airflow/example_dags/example_skip_dag.py
[2024-10-28T17:29:07.451-0700] {processor.py:826} INFO - Processing file /Users/saiprasadreddykolan/airflow_venv/lib/python3.10/site-packages/airflow/example_dags/example_skip_dag.py for tasks to queue
[2024-10-28T17:29:07.451-0700] {logging_mixin.py:150} INFO - [2024-10-28T17:29:07.451-0700] {dagbag.py:541} INFO - Filling up the DagBag from /Users/saiprasadreddykolan/airflow_venv/lib/python3.10/site-packages/airflow/example_dags/example_skip_dag.py
[2024-10-28T17:29:07.458-0700] {processor.py:836} INFO - DAG(s) dict_keys(['example_skip_dag']) retrieved from /Users/saiprasadreddykolan/airflow_venv/lib/python3.10/site-packages/airflow/example_dags/example_skip_dag.py
[2024-10-28T17:29:07.694-0700] {logging_mixin.py:150} INFO - [2024-10-28T17:29:07.694-0700] {dag.py:2742} INFO - Sync 1 DAGs
[2024-10-28T17:29:07.701-0700] {logging_mixin.py:150} INFO - [2024-10-28T17:29:07.701-0700] {dag.py:3504} INFO - Setting next_dagrun for example_skip_dag to 2024-10-28T00:29:07.701864+00:00, run_after=2024-10-29T00:29:07.701864+00:00
[2024-10-28T17:29:07.711-0700] {processor.py:179} INFO - Processing /Users/saiprasadreddykolan/airflow_venv/lib/python3.10/site-packages/airflow/example_dags/example_skip_dag.py took 0.262 seconds
[2024-10-28T17:30:46.360-0700] {processor.py:157} INFO - Started process (PID=71163) to work on /Users/saiprasadreddykolan/airflow_venv/lib/python3.10/site-packages/airflow/example_dags/example_skip_dag.py
[2024-10-28T17:30:46.362-0700] {processor.py:826} INFO - Processing file /Users/saiprasadreddykolan/airflow_venv/lib/python3.10/site-packages/airflow/example_dags/example_skip_dag.py for tasks to queue
[2024-10-28T17:30:46.363-0700] {logging_mixin.py:150} INFO - [2024-10-28T17:30:46.363-0700] {dagbag.py:541} INFO - Filling up the DagBag from /Users/saiprasadreddykolan/airflow_venv/lib/python3.10/site-packages/airflow/example_dags/example_skip_dag.py
[2024-10-28T17:30:46.369-0700] {processor.py:836} INFO - DAG(s) dict_keys(['example_skip_dag']) retrieved from /Users/saiprasadreddykolan/airflow_venv/lib/python3.10/site-packages/airflow/example_dags/example_skip_dag.py
[2024-10-28T17:30:46.594-0700] {logging_mixin.py:150} INFO - [2024-10-28T17:30:46.593-0700] {dag.py:2742} INFO - Sync 1 DAGs
[2024-10-28T17:30:46.599-0700] {logging_mixin.py:150} INFO - [2024-10-28T17:30:46.599-0700] {dag.py:3504} INFO - Setting next_dagrun for example_skip_dag to 2024-10-28T00:30:46.599373+00:00, run_after=2024-10-29T00:30:46.599373+00:00
[2024-10-28T17:30:46.605-0700] {processor.py:179} INFO - Processing /Users/saiprasadreddykolan/airflow_venv/lib/python3.10/site-packages/airflow/example_dags/example_skip_dag.py took 0.246 seconds
[2024-10-28T17:32:14.469-0700] {processor.py:157} INFO - Started process (PID=71222) to work on /Users/saiprasadreddykolan/airflow_venv/lib/python3.10/site-packages/airflow/example_dags/example_skip_dag.py
[2024-10-28T17:32:14.471-0700] {processor.py:826} INFO - Processing file /Users/saiprasadreddykolan/airflow_venv/lib/python3.10/site-packages/airflow/example_dags/example_skip_dag.py for tasks to queue
[2024-10-28T17:32:14.471-0700] {logging_mixin.py:150} INFO - [2024-10-28T17:32:14.471-0700] {dagbag.py:541} INFO - Filling up the DagBag from /Users/saiprasadreddykolan/airflow_venv/lib/python3.10/site-packages/airflow/example_dags/example_skip_dag.py
[2024-10-28T17:32:14.478-0700] {processor.py:836} INFO - DAG(s) dict_keys(['example_skip_dag']) retrieved from /Users/saiprasadreddykolan/airflow_venv/lib/python3.10/site-packages/airflow/example_dags/example_skip_dag.py
[2024-10-28T17:32:14.695-0700] {logging_mixin.py:150} INFO - [2024-10-28T17:32:14.695-0700] {dag.py:2742} INFO - Sync 1 DAGs
[2024-10-28T17:32:14.700-0700] {logging_mixin.py:150} INFO - [2024-10-28T17:32:14.700-0700] {dag.py:3504} INFO - Setting next_dagrun for example_skip_dag to 2024-10-28T00:32:14.700872+00:00, run_after=2024-10-29T00:32:14.700872+00:00
[2024-10-28T17:32:14.707-0700] {processor.py:179} INFO - Processing /Users/saiprasadreddykolan/airflow_venv/lib/python3.10/site-packages/airflow/example_dags/example_skip_dag.py took 0.239 seconds
[2024-10-28T17:33:52.225-0700] {processor.py:157} INFO - Started process (PID=71300) to work on /Users/saiprasadreddykolan/airflow_venv/lib/python3.10/site-packages/airflow/example_dags/example_skip_dag.py
[2024-10-28T17:33:52.227-0700] {processor.py:826} INFO - Processing file /Users/saiprasadreddykolan/airflow_venv/lib/python3.10/site-packages/airflow/example_dags/example_skip_dag.py for tasks to queue
[2024-10-28T17:33:52.227-0700] {logging_mixin.py:150} INFO - [2024-10-28T17:33:52.227-0700] {dagbag.py:541} INFO - Filling up the DagBag from /Users/saiprasadreddykolan/airflow_venv/lib/python3.10/site-packages/airflow/example_dags/example_skip_dag.py
[2024-10-28T17:33:52.234-0700] {processor.py:836} INFO - DAG(s) dict_keys(['example_skip_dag']) retrieved from /Users/saiprasadreddykolan/airflow_venv/lib/python3.10/site-packages/airflow/example_dags/example_skip_dag.py
[2024-10-28T17:33:52.453-0700] {logging_mixin.py:150} INFO - [2024-10-28T17:33:52.453-0700] {dag.py:2742} INFO - Sync 1 DAGs
[2024-10-28T17:33:52.458-0700] {logging_mixin.py:150} INFO - [2024-10-28T17:33:52.458-0700] {dag.py:3504} INFO - Setting next_dagrun for example_skip_dag to 2024-10-28T00:33:52.458734+00:00, run_after=2024-10-29T00:33:52.458734+00:00
[2024-10-28T17:33:52.465-0700] {processor.py:179} INFO - Processing /Users/saiprasadreddykolan/airflow_venv/lib/python3.10/site-packages/airflow/example_dags/example_skip_dag.py took 0.240 seconds
[2024-10-28T17:35:28.041-0700] {processor.py:157} INFO - Started process (PID=71364) to work on /Users/saiprasadreddykolan/airflow_venv/lib/python3.10/site-packages/airflow/example_dags/example_skip_dag.py
[2024-10-28T17:35:28.044-0700] {processor.py:826} INFO - Processing file /Users/saiprasadreddykolan/airflow_venv/lib/python3.10/site-packages/airflow/example_dags/example_skip_dag.py for tasks to queue
[2024-10-28T17:35:28.044-0700] {logging_mixin.py:150} INFO - [2024-10-28T17:35:28.044-0700] {dagbag.py:541} INFO - Filling up the DagBag from /Users/saiprasadreddykolan/airflow_venv/lib/python3.10/site-packages/airflow/example_dags/example_skip_dag.py
[2024-10-28T17:35:28.051-0700] {processor.py:836} INFO - DAG(s) dict_keys(['example_skip_dag']) retrieved from /Users/saiprasadreddykolan/airflow_venv/lib/python3.10/site-packages/airflow/example_dags/example_skip_dag.py
[2024-10-28T17:35:28.271-0700] {logging_mixin.py:150} INFO - [2024-10-28T17:35:28.271-0700] {dag.py:2742} INFO - Sync 1 DAGs
[2024-10-28T17:35:28.277-0700] {logging_mixin.py:150} INFO - [2024-10-28T17:35:28.276-0700] {dag.py:3504} INFO - Setting next_dagrun for example_skip_dag to 2024-10-28T00:35:28.276890+00:00, run_after=2024-10-29T00:35:28.276890+00:00
[2024-10-28T17:35:28.284-0700] {processor.py:179} INFO - Processing /Users/saiprasadreddykolan/airflow_venv/lib/python3.10/site-packages/airflow/example_dags/example_skip_dag.py took 0.243 seconds
[2024-10-28T17:37:01.978-0700] {processor.py:157} INFO - Started process (PID=71431) to work on /Users/saiprasadreddykolan/airflow_venv/lib/python3.10/site-packages/airflow/example_dags/example_skip_dag.py
[2024-10-28T17:37:01.980-0700] {processor.py:826} INFO - Processing file /Users/saiprasadreddykolan/airflow_venv/lib/python3.10/site-packages/airflow/example_dags/example_skip_dag.py for tasks to queue
[2024-10-28T17:37:01.980-0700] {logging_mixin.py:150} INFO - [2024-10-28T17:37:01.980-0700] {dagbag.py:541} INFO - Filling up the DagBag from /Users/saiprasadreddykolan/airflow_venv/lib/python3.10/site-packages/airflow/example_dags/example_skip_dag.py
[2024-10-28T17:37:01.989-0700] {processor.py:836} INFO - DAG(s) dict_keys(['example_skip_dag']) retrieved from /Users/saiprasadreddykolan/airflow_venv/lib/python3.10/site-packages/airflow/example_dags/example_skip_dag.py
[2024-10-28T17:37:02.254-0700] {logging_mixin.py:150} INFO - [2024-10-28T17:37:02.254-0700] {dag.py:2742} INFO - Sync 1 DAGs
[2024-10-28T17:37:02.259-0700] {logging_mixin.py:150} INFO - [2024-10-28T17:37:02.259-0700] {dag.py:3504} INFO - Setting next_dagrun for example_skip_dag to 2024-10-28T00:37:02.259841+00:00, run_after=2024-10-29T00:37:02.259841+00:00
[2024-10-28T17:37:02.266-0700] {processor.py:179} INFO - Processing /Users/saiprasadreddykolan/airflow_venv/lib/python3.10/site-packages/airflow/example_dags/example_skip_dag.py took 0.288 seconds
