[2024-10-28T17:00:53.749-0700] {processor.py:157} INFO - Started process (PID=69765) to work on /Users/saiprasadreddykolan/airflow_venv/lib/python3.10/site-packages/airflow/example_dags/example_latest_only_with_trigger.py
[2024-10-28T17:00:53.750-0700] {processor.py:826} INFO - Processing file /Users/saiprasadreddykolan/airflow_venv/lib/python3.10/site-packages/airflow/example_dags/example_latest_only_with_trigger.py for tasks to queue
[2024-10-28T17:00:53.750-0700] {logging_mixin.py:150} INFO - [2024-10-28T17:00:53.750-0700] {dagbag.py:541} INFO - Filling up the DagBag from /Users/saiprasadreddykolan/airflow_venv/lib/python3.10/site-packages/airflow/example_dags/example_latest_only_with_trigger.py
[2024-10-28T17:00:53.758-0700] {processor.py:836} INFO - DAG(s) dict_keys(['latest_only_with_trigger']) retrieved from /Users/saiprasadreddykolan/airflow_venv/lib/python3.10/site-packages/airflow/example_dags/example_latest_only_with_trigger.py
[2024-10-28T17:00:53.977-0700] {logging_mixin.py:150} INFO - [2024-10-28T17:00:53.977-0700] {dag.py:2742} INFO - Sync 1 DAGs
[2024-10-28T17:00:53.983-0700] {logging_mixin.py:150} INFO - [2024-10-28T17:00:53.983-0700] {dag.py:3504} INFO - Setting next_dagrun for latest_only_with_trigger to 2024-10-28T20:00:53.983160+00:00, run_after=2024-10-29T00:00:53.983160+00:00
[2024-10-28T17:00:53.989-0700] {processor.py:179} INFO - Processing /Users/saiprasadreddykolan/airflow_venv/lib/python3.10/site-packages/airflow/example_dags/example_latest_only_with_trigger.py took 0.241 seconds
[2024-10-28T17:02:15.533-0700] {processor.py:157} INFO - Started process (PID=69823) to work on /Users/saiprasadreddykolan/airflow_venv/lib/python3.10/site-packages/airflow/example_dags/example_latest_only_with_trigger.py
[2024-10-28T17:02:15.536-0700] {processor.py:826} INFO - Processing file /Users/saiprasadreddykolan/airflow_venv/lib/python3.10/site-packages/airflow/example_dags/example_latest_only_with_trigger.py for tasks to queue
[2024-10-28T17:02:15.536-0700] {logging_mixin.py:150} INFO - [2024-10-28T17:02:15.536-0700] {dagbag.py:541} INFO - Filling up the DagBag from /Users/saiprasadreddykolan/airflow_venv/lib/python3.10/site-packages/airflow/example_dags/example_latest_only_with_trigger.py
[2024-10-28T17:02:15.543-0700] {processor.py:836} INFO - DAG(s) dict_keys(['latest_only_with_trigger']) retrieved from /Users/saiprasadreddykolan/airflow_venv/lib/python3.10/site-packages/airflow/example_dags/example_latest_only_with_trigger.py
[2024-10-28T17:02:15.760-0700] {logging_mixin.py:150} INFO - [2024-10-28T17:02:15.760-0700] {dag.py:2742} INFO - Sync 1 DAGs
[2024-10-28T17:02:15.765-0700] {logging_mixin.py:150} INFO - [2024-10-28T17:02:15.765-0700] {dag.py:3504} INFO - Setting next_dagrun for latest_only_with_trigger to 2024-10-28T20:02:15.765561+00:00, run_after=2024-10-29T00:02:15.765561+00:00
[2024-10-28T17:02:15.772-0700] {processor.py:179} INFO - Processing /Users/saiprasadreddykolan/airflow_venv/lib/python3.10/site-packages/airflow/example_dags/example_latest_only_with_trigger.py took 0.238 seconds
[2024-10-28T17:03:47.943-0700] {processor.py:157} INFO - Started process (PID=69885) to work on /Users/saiprasadreddykolan/airflow_venv/lib/python3.10/site-packages/airflow/example_dags/example_latest_only_with_trigger.py
[2024-10-28T17:03:47.946-0700] {processor.py:826} INFO - Processing file /Users/saiprasadreddykolan/airflow_venv/lib/python3.10/site-packages/airflow/example_dags/example_latest_only_with_trigger.py for tasks to queue
[2024-10-28T17:03:47.946-0700] {logging_mixin.py:150} INFO - [2024-10-28T17:03:47.946-0700] {dagbag.py:541} INFO - Filling up the DagBag from /Users/saiprasadreddykolan/airflow_venv/lib/python3.10/site-packages/airflow/example_dags/example_latest_only_with_trigger.py
[2024-10-28T17:03:47.953-0700] {processor.py:836} INFO - DAG(s) dict_keys(['latest_only_with_trigger']) retrieved from /Users/saiprasadreddykolan/airflow_venv/lib/python3.10/site-packages/airflow/example_dags/example_latest_only_with_trigger.py
[2024-10-28T17:03:48.175-0700] {logging_mixin.py:150} INFO - [2024-10-28T17:03:48.174-0700] {dag.py:2742} INFO - Sync 1 DAGs
[2024-10-28T17:03:48.181-0700] {logging_mixin.py:150} INFO - [2024-10-28T17:03:48.181-0700] {dag.py:3504} INFO - Setting next_dagrun for latest_only_with_trigger to 2024-10-28T20:03:48.181464+00:00, run_after=2024-10-29T00:03:48.181464+00:00
[2024-10-28T17:03:48.189-0700] {processor.py:179} INFO - Processing /Users/saiprasadreddykolan/airflow_venv/lib/python3.10/site-packages/airflow/example_dags/example_latest_only_with_trigger.py took 0.246 seconds
[2024-10-28T17:05:20.452-0700] {processor.py:157} INFO - Started process (PID=69952) to work on /Users/saiprasadreddykolan/airflow_venv/lib/python3.10/site-packages/airflow/example_dags/example_latest_only_with_trigger.py
[2024-10-28T17:05:20.455-0700] {processor.py:826} INFO - Processing file /Users/saiprasadreddykolan/airflow_venv/lib/python3.10/site-packages/airflow/example_dags/example_latest_only_with_trigger.py for tasks to queue
[2024-10-28T17:05:20.455-0700] {logging_mixin.py:150} INFO - [2024-10-28T17:05:20.455-0700] {dagbag.py:541} INFO - Filling up the DagBag from /Users/saiprasadreddykolan/airflow_venv/lib/python3.10/site-packages/airflow/example_dags/example_latest_only_with_trigger.py
[2024-10-28T17:05:20.462-0700] {processor.py:836} INFO - DAG(s) dict_keys(['latest_only_with_trigger']) retrieved from /Users/saiprasadreddykolan/airflow_venv/lib/python3.10/site-packages/airflow/example_dags/example_latest_only_with_trigger.py
[2024-10-28T17:05:20.683-0700] {logging_mixin.py:150} INFO - [2024-10-28T17:05:20.683-0700] {dag.py:2742} INFO - Sync 1 DAGs
[2024-10-28T17:05:20.688-0700] {logging_mixin.py:150} INFO - [2024-10-28T17:05:20.688-0700] {dag.py:3504} INFO - Setting next_dagrun for latest_only_with_trigger to 2024-10-28T20:05:20.688727+00:00, run_after=2024-10-29T00:05:20.688727+00:00
[2024-10-28T17:05:20.695-0700] {processor.py:179} INFO - Processing /Users/saiprasadreddykolan/airflow_venv/lib/python3.10/site-packages/airflow/example_dags/example_latest_only_with_trigger.py took 0.243 seconds
[2024-10-28T17:06:54.551-0700] {processor.py:157} INFO - Started process (PID=70018) to work on /Users/saiprasadreddykolan/airflow_venv/lib/python3.10/site-packages/airflow/example_dags/example_latest_only_with_trigger.py
[2024-10-28T17:06:54.553-0700] {processor.py:826} INFO - Processing file /Users/saiprasadreddykolan/airflow_venv/lib/python3.10/site-packages/airflow/example_dags/example_latest_only_with_trigger.py for tasks to queue
[2024-10-28T17:06:54.553-0700] {logging_mixin.py:150} INFO - [2024-10-28T17:06:54.553-0700] {dagbag.py:541} INFO - Filling up the DagBag from /Users/saiprasadreddykolan/airflow_venv/lib/python3.10/site-packages/airflow/example_dags/example_latest_only_with_trigger.py
[2024-10-28T17:06:54.560-0700] {processor.py:836} INFO - DAG(s) dict_keys(['latest_only_with_trigger']) retrieved from /Users/saiprasadreddykolan/airflow_venv/lib/python3.10/site-packages/airflow/example_dags/example_latest_only_with_trigger.py
[2024-10-28T17:06:54.778-0700] {logging_mixin.py:150} INFO - [2024-10-28T17:06:54.778-0700] {dag.py:2742} INFO - Sync 1 DAGs
[2024-10-28T17:06:54.784-0700] {logging_mixin.py:150} INFO - [2024-10-28T17:06:54.784-0700] {dag.py:3504} INFO - Setting next_dagrun for latest_only_with_trigger to 2024-10-28T20:06:54.784459+00:00, run_after=2024-10-29T00:06:54.784459+00:00
[2024-10-28T17:06:54.791-0700] {processor.py:179} INFO - Processing /Users/saiprasadreddykolan/airflow_venv/lib/python3.10/site-packages/airflow/example_dags/example_latest_only_with_trigger.py took 0.240 seconds
[2024-10-28T17:08:19.477-0700] {processor.py:157} INFO - Started process (PID=70078) to work on /Users/saiprasadreddykolan/airflow_venv/lib/python3.10/site-packages/airflow/example_dags/example_latest_only_with_trigger.py
[2024-10-28T17:08:19.479-0700] {processor.py:826} INFO - Processing file /Users/saiprasadreddykolan/airflow_venv/lib/python3.10/site-packages/airflow/example_dags/example_latest_only_with_trigger.py for tasks to queue
[2024-10-28T17:08:19.479-0700] {logging_mixin.py:150} INFO - [2024-10-28T17:08:19.479-0700] {dagbag.py:541} INFO - Filling up the DagBag from /Users/saiprasadreddykolan/airflow_venv/lib/python3.10/site-packages/airflow/example_dags/example_latest_only_with_trigger.py
[2024-10-28T17:08:19.486-0700] {processor.py:836} INFO - DAG(s) dict_keys(['latest_only_with_trigger']) retrieved from /Users/saiprasadreddykolan/airflow_venv/lib/python3.10/site-packages/airflow/example_dags/example_latest_only_with_trigger.py
[2024-10-28T17:08:19.703-0700] {logging_mixin.py:150} INFO - [2024-10-28T17:08:19.703-0700] {dag.py:2742} INFO - Sync 1 DAGs
[2024-10-28T17:08:19.708-0700] {logging_mixin.py:150} INFO - [2024-10-28T17:08:19.708-0700] {dag.py:3504} INFO - Setting next_dagrun for latest_only_with_trigger to 2024-10-28T20:08:19.708606+00:00, run_after=2024-10-29T00:08:19.708606+00:00
[2024-10-28T17:08:19.715-0700] {processor.py:179} INFO - Processing /Users/saiprasadreddykolan/airflow_venv/lib/python3.10/site-packages/airflow/example_dags/example_latest_only_with_trigger.py took 0.239 seconds
[2024-10-28T17:09:54.123-0700] {processor.py:157} INFO - Started process (PID=70137) to work on /Users/saiprasadreddykolan/airflow_venv/lib/python3.10/site-packages/airflow/example_dags/example_latest_only_with_trigger.py
[2024-10-28T17:09:54.125-0700] {processor.py:826} INFO - Processing file /Users/saiprasadreddykolan/airflow_venv/lib/python3.10/site-packages/airflow/example_dags/example_latest_only_with_trigger.py for tasks to queue
[2024-10-28T17:09:54.126-0700] {logging_mixin.py:150} INFO - [2024-10-28T17:09:54.126-0700] {dagbag.py:541} INFO - Filling up the DagBag from /Users/saiprasadreddykolan/airflow_venv/lib/python3.10/site-packages/airflow/example_dags/example_latest_only_with_trigger.py
[2024-10-28T17:09:54.133-0700] {processor.py:836} INFO - DAG(s) dict_keys(['latest_only_with_trigger']) retrieved from /Users/saiprasadreddykolan/airflow_venv/lib/python3.10/site-packages/airflow/example_dags/example_latest_only_with_trigger.py
[2024-10-28T17:09:54.352-0700] {logging_mixin.py:150} INFO - [2024-10-28T17:09:54.352-0700] {dag.py:2742} INFO - Sync 1 DAGs
[2024-10-28T17:09:54.358-0700] {logging_mixin.py:150} INFO - [2024-10-28T17:09:54.358-0700] {dag.py:3504} INFO - Setting next_dagrun for latest_only_with_trigger to 2024-10-28T20:09:54.358245+00:00, run_after=2024-10-29T00:09:54.358245+00:00
[2024-10-28T17:09:54.364-0700] {processor.py:179} INFO - Processing /Users/saiprasadreddykolan/airflow_venv/lib/python3.10/site-packages/airflow/example_dags/example_latest_only_with_trigger.py took 0.242 seconds
[2024-10-28T17:11:27.728-0700] {processor.py:157} INFO - Started process (PID=70197) to work on /Users/saiprasadreddykolan/airflow_venv/lib/python3.10/site-packages/airflow/example_dags/example_latest_only_with_trigger.py
[2024-10-28T17:11:27.731-0700] {processor.py:826} INFO - Processing file /Users/saiprasadreddykolan/airflow_venv/lib/python3.10/site-packages/airflow/example_dags/example_latest_only_with_trigger.py for tasks to queue
[2024-10-28T17:11:27.731-0700] {logging_mixin.py:150} INFO - [2024-10-28T17:11:27.731-0700] {dagbag.py:541} INFO - Filling up the DagBag from /Users/saiprasadreddykolan/airflow_venv/lib/python3.10/site-packages/airflow/example_dags/example_latest_only_with_trigger.py
[2024-10-28T17:11:27.738-0700] {processor.py:836} INFO - DAG(s) dict_keys(['latest_only_with_trigger']) retrieved from /Users/saiprasadreddykolan/airflow_venv/lib/python3.10/site-packages/airflow/example_dags/example_latest_only_with_trigger.py
[2024-10-28T17:11:27.956-0700] {logging_mixin.py:150} INFO - [2024-10-28T17:11:27.956-0700] {dag.py:2742} INFO - Sync 1 DAGs
[2024-10-28T17:11:27.961-0700] {logging_mixin.py:150} INFO - [2024-10-28T17:11:27.961-0700] {dag.py:3504} INFO - Setting next_dagrun for latest_only_with_trigger to 2024-10-28T20:11:27.961633+00:00, run_after=2024-10-29T00:11:27.961633+00:00
[2024-10-28T17:11:27.969-0700] {processor.py:179} INFO - Processing /Users/saiprasadreddykolan/airflow_venv/lib/python3.10/site-packages/airflow/example_dags/example_latest_only_with_trigger.py took 0.241 seconds
[2024-10-28T17:12:56.124-0700] {processor.py:157} INFO - Started process (PID=70254) to work on /Users/saiprasadreddykolan/airflow_venv/lib/python3.10/site-packages/airflow/example_dags/example_latest_only_with_trigger.py
[2024-10-28T17:12:56.125-0700] {processor.py:826} INFO - Processing file /Users/saiprasadreddykolan/airflow_venv/lib/python3.10/site-packages/airflow/example_dags/example_latest_only_with_trigger.py for tasks to queue
[2024-10-28T17:12:56.126-0700] {logging_mixin.py:150} INFO - [2024-10-28T17:12:56.126-0700] {dagbag.py:541} INFO - Filling up the DagBag from /Users/saiprasadreddykolan/airflow_venv/lib/python3.10/site-packages/airflow/example_dags/example_latest_only_with_trigger.py
[2024-10-28T17:12:56.133-0700] {processor.py:836} INFO - DAG(s) dict_keys(['latest_only_with_trigger']) retrieved from /Users/saiprasadreddykolan/airflow_venv/lib/python3.10/site-packages/airflow/example_dags/example_latest_only_with_trigger.py
[2024-10-28T17:12:56.369-0700] {logging_mixin.py:150} INFO - [2024-10-28T17:12:56.368-0700] {dag.py:2742} INFO - Sync 1 DAGs
[2024-10-28T17:12:56.374-0700] {logging_mixin.py:150} INFO - [2024-10-28T17:12:56.374-0700] {dag.py:3504} INFO - Setting next_dagrun for latest_only_with_trigger to 2024-10-28T20:12:56.374527+00:00, run_after=2024-10-29T00:12:56.374527+00:00
[2024-10-28T17:12:56.381-0700] {processor.py:179} INFO - Processing /Users/saiprasadreddykolan/airflow_venv/lib/python3.10/site-packages/airflow/example_dags/example_latest_only_with_trigger.py took 0.257 seconds
[2024-10-28T17:14:23.490-0700] {processor.py:157} INFO - Started process (PID=70317) to work on /Users/saiprasadreddykolan/airflow_venv/lib/python3.10/site-packages/airflow/example_dags/example_latest_only_with_trigger.py
[2024-10-28T17:14:23.492-0700] {processor.py:826} INFO - Processing file /Users/saiprasadreddykolan/airflow_venv/lib/python3.10/site-packages/airflow/example_dags/example_latest_only_with_trigger.py for tasks to queue
[2024-10-28T17:14:23.492-0700] {logging_mixin.py:150} INFO - [2024-10-28T17:14:23.492-0700] {dagbag.py:541} INFO - Filling up the DagBag from /Users/saiprasadreddykolan/airflow_venv/lib/python3.10/site-packages/airflow/example_dags/example_latest_only_with_trigger.py
[2024-10-28T17:14:23.500-0700] {processor.py:836} INFO - DAG(s) dict_keys(['latest_only_with_trigger']) retrieved from /Users/saiprasadreddykolan/airflow_venv/lib/python3.10/site-packages/airflow/example_dags/example_latest_only_with_trigger.py
[2024-10-28T17:14:23.719-0700] {logging_mixin.py:150} INFO - [2024-10-28T17:14:23.719-0700] {dag.py:2742} INFO - Sync 1 DAGs
[2024-10-28T17:14:23.725-0700] {logging_mixin.py:150} INFO - [2024-10-28T17:14:23.725-0700] {dag.py:3504} INFO - Setting next_dagrun for latest_only_with_trigger to 2024-10-28T20:14:23.725062+00:00, run_after=2024-10-29T00:14:23.725062+00:00
[2024-10-28T17:14:23.732-0700] {processor.py:179} INFO - Processing /Users/saiprasadreddykolan/airflow_venv/lib/python3.10/site-packages/airflow/example_dags/example_latest_only_with_trigger.py took 0.242 seconds
[2024-10-28T17:15:57.638-0700] {processor.py:157} INFO - Started process (PID=70387) to work on /Users/saiprasadreddykolan/airflow_venv/lib/python3.10/site-packages/airflow/example_dags/example_latest_only_with_trigger.py
[2024-10-28T17:15:57.640-0700] {processor.py:826} INFO - Processing file /Users/saiprasadreddykolan/airflow_venv/lib/python3.10/site-packages/airflow/example_dags/example_latest_only_with_trigger.py for tasks to queue
[2024-10-28T17:15:57.640-0700] {logging_mixin.py:150} INFO - [2024-10-28T17:15:57.640-0700] {dagbag.py:541} INFO - Filling up the DagBag from /Users/saiprasadreddykolan/airflow_venv/lib/python3.10/site-packages/airflow/example_dags/example_latest_only_with_trigger.py
[2024-10-28T17:15:57.648-0700] {processor.py:836} INFO - DAG(s) dict_keys(['latest_only_with_trigger']) retrieved from /Users/saiprasadreddykolan/airflow_venv/lib/python3.10/site-packages/airflow/example_dags/example_latest_only_with_trigger.py
[2024-10-28T17:15:57.880-0700] {logging_mixin.py:150} INFO - [2024-10-28T17:15:57.880-0700] {dag.py:2742} INFO - Sync 1 DAGs
[2024-10-28T17:15:57.885-0700] {logging_mixin.py:150} INFO - [2024-10-28T17:15:57.885-0700] {dag.py:3504} INFO - Setting next_dagrun for latest_only_with_trigger to 2024-10-28T20:15:57.885866+00:00, run_after=2024-10-29T00:15:57.885866+00:00
[2024-10-28T17:15:57.892-0700] {processor.py:179} INFO - Processing /Users/saiprasadreddykolan/airflow_venv/lib/python3.10/site-packages/airflow/example_dags/example_latest_only_with_trigger.py took 0.255 seconds
[2024-10-28T17:17:33.641-0700] {processor.py:157} INFO - Started process (PID=70503) to work on /Users/saiprasadreddykolan/airflow_venv/lib/python3.10/site-packages/airflow/example_dags/example_latest_only_with_trigger.py
[2024-10-28T17:17:33.643-0700] {processor.py:826} INFO - Processing file /Users/saiprasadreddykolan/airflow_venv/lib/python3.10/site-packages/airflow/example_dags/example_latest_only_with_trigger.py for tasks to queue
[2024-10-28T17:17:33.643-0700] {logging_mixin.py:150} INFO - [2024-10-28T17:17:33.643-0700] {dagbag.py:541} INFO - Filling up the DagBag from /Users/saiprasadreddykolan/airflow_venv/lib/python3.10/site-packages/airflow/example_dags/example_latest_only_with_trigger.py
[2024-10-28T17:17:33.650-0700] {processor.py:836} INFO - DAG(s) dict_keys(['latest_only_with_trigger']) retrieved from /Users/saiprasadreddykolan/airflow_venv/lib/python3.10/site-packages/airflow/example_dags/example_latest_only_with_trigger.py
[2024-10-28T17:17:33.867-0700] {logging_mixin.py:150} INFO - [2024-10-28T17:17:33.867-0700] {dag.py:2742} INFO - Sync 1 DAGs
[2024-10-28T17:17:33.872-0700] {logging_mixin.py:150} INFO - [2024-10-28T17:17:33.872-0700] {dag.py:3504} INFO - Setting next_dagrun for latest_only_with_trigger to 2024-10-28T20:17:33.872723+00:00, run_after=2024-10-29T00:17:33.872723+00:00
[2024-10-28T17:17:33.879-0700] {processor.py:179} INFO - Processing /Users/saiprasadreddykolan/airflow_venv/lib/python3.10/site-packages/airflow/example_dags/example_latest_only_with_trigger.py took 0.239 seconds
[2024-10-28T17:19:06.377-0700] {processor.py:157} INFO - Started process (PID=70574) to work on /Users/saiprasadreddykolan/airflow_venv/lib/python3.10/site-packages/airflow/example_dags/example_latest_only_with_trigger.py
[2024-10-28T17:19:06.379-0700] {processor.py:826} INFO - Processing file /Users/saiprasadreddykolan/airflow_venv/lib/python3.10/site-packages/airflow/example_dags/example_latest_only_with_trigger.py for tasks to queue
[2024-10-28T17:19:06.379-0700] {logging_mixin.py:150} INFO - [2024-10-28T17:19:06.379-0700] {dagbag.py:541} INFO - Filling up the DagBag from /Users/saiprasadreddykolan/airflow_venv/lib/python3.10/site-packages/airflow/example_dags/example_latest_only_with_trigger.py
[2024-10-28T17:19:06.387-0700] {processor.py:836} INFO - DAG(s) dict_keys(['latest_only_with_trigger']) retrieved from /Users/saiprasadreddykolan/airflow_venv/lib/python3.10/site-packages/airflow/example_dags/example_latest_only_with_trigger.py
[2024-10-28T17:19:06.619-0700] {logging_mixin.py:150} INFO - [2024-10-28T17:19:06.619-0700] {dag.py:2742} INFO - Sync 1 DAGs
[2024-10-28T17:19:06.625-0700] {logging_mixin.py:150} INFO - [2024-10-28T17:19:06.625-0700] {dag.py:3504} INFO - Setting next_dagrun for latest_only_with_trigger to 2024-10-28T20:19:06.625578+00:00, run_after=2024-10-29T00:19:06.625578+00:00
[2024-10-28T17:19:06.632-0700] {processor.py:179} INFO - Processing /Users/saiprasadreddykolan/airflow_venv/lib/python3.10/site-packages/airflow/example_dags/example_latest_only_with_trigger.py took 0.256 seconds
[2024-10-28T17:20:40.413-0700] {processor.py:157} INFO - Started process (PID=70657) to work on /Users/saiprasadreddykolan/airflow_venv/lib/python3.10/site-packages/airflow/example_dags/example_latest_only_with_trigger.py
[2024-10-28T17:20:40.416-0700] {processor.py:826} INFO - Processing file /Users/saiprasadreddykolan/airflow_venv/lib/python3.10/site-packages/airflow/example_dags/example_latest_only_with_trigger.py for tasks to queue
[2024-10-28T17:20:40.416-0700] {logging_mixin.py:150} INFO - [2024-10-28T17:20:40.416-0700] {dagbag.py:541} INFO - Filling up the DagBag from /Users/saiprasadreddykolan/airflow_venv/lib/python3.10/site-packages/airflow/example_dags/example_latest_only_with_trigger.py
[2024-10-28T17:20:40.428-0700] {processor.py:836} INFO - DAG(s) dict_keys(['latest_only_with_trigger']) retrieved from /Users/saiprasadreddykolan/airflow_venv/lib/python3.10/site-packages/airflow/example_dags/example_latest_only_with_trigger.py
[2024-10-28T17:20:40.656-0700] {logging_mixin.py:150} INFO - [2024-10-28T17:20:40.656-0700] {dag.py:2742} INFO - Sync 1 DAGs
[2024-10-28T17:20:40.662-0700] {logging_mixin.py:150} INFO - [2024-10-28T17:20:40.662-0700] {dag.py:3504} INFO - Setting next_dagrun for latest_only_with_trigger to 2024-10-28T20:20:40.662496+00:00, run_after=2024-10-29T00:20:40.662496+00:00
[2024-10-28T17:20:40.670-0700] {processor.py:179} INFO - Processing /Users/saiprasadreddykolan/airflow_venv/lib/python3.10/site-packages/airflow/example_dags/example_latest_only_with_trigger.py took 0.257 seconds
[2024-10-28T17:22:12.309-0700] {processor.py:157} INFO - Started process (PID=70720) to work on /Users/saiprasadreddykolan/airflow_venv/lib/python3.10/site-packages/airflow/example_dags/example_latest_only_with_trigger.py
[2024-10-28T17:22:12.311-0700] {processor.py:826} INFO - Processing file /Users/saiprasadreddykolan/airflow_venv/lib/python3.10/site-packages/airflow/example_dags/example_latest_only_with_trigger.py for tasks to queue
[2024-10-28T17:22:12.311-0700] {logging_mixin.py:150} INFO - [2024-10-28T17:22:12.311-0700] {dagbag.py:541} INFO - Filling up the DagBag from /Users/saiprasadreddykolan/airflow_venv/lib/python3.10/site-packages/airflow/example_dags/example_latest_only_with_trigger.py
[2024-10-28T17:22:12.319-0700] {processor.py:836} INFO - DAG(s) dict_keys(['latest_only_with_trigger']) retrieved from /Users/saiprasadreddykolan/airflow_venv/lib/python3.10/site-packages/airflow/example_dags/example_latest_only_with_trigger.py
[2024-10-28T17:22:12.546-0700] {logging_mixin.py:150} INFO - [2024-10-28T17:22:12.546-0700] {dag.py:2742} INFO - Sync 1 DAGs
[2024-10-28T17:22:12.553-0700] {logging_mixin.py:150} INFO - [2024-10-28T17:22:12.552-0700] {dag.py:3504} INFO - Setting next_dagrun for latest_only_with_trigger to 2024-10-28T20:22:12.552887+00:00, run_after=2024-10-29T00:22:12.552887+00:00
[2024-10-28T17:22:12.560-0700] {processor.py:179} INFO - Processing /Users/saiprasadreddykolan/airflow_venv/lib/python3.10/site-packages/airflow/example_dags/example_latest_only_with_trigger.py took 0.252 seconds
[2024-10-28T17:23:35.814-0700] {processor.py:157} INFO - Started process (PID=70808) to work on /Users/saiprasadreddykolan/airflow_venv/lib/python3.10/site-packages/airflow/example_dags/example_latest_only_with_trigger.py
[2024-10-28T17:23:35.816-0700] {processor.py:826} INFO - Processing file /Users/saiprasadreddykolan/airflow_venv/lib/python3.10/site-packages/airflow/example_dags/example_latest_only_with_trigger.py for tasks to queue
[2024-10-28T17:23:35.816-0700] {logging_mixin.py:150} INFO - [2024-10-28T17:23:35.816-0700] {dagbag.py:541} INFO - Filling up the DagBag from /Users/saiprasadreddykolan/airflow_venv/lib/python3.10/site-packages/airflow/example_dags/example_latest_only_with_trigger.py
[2024-10-28T17:23:35.824-0700] {processor.py:836} INFO - DAG(s) dict_keys(['latest_only_with_trigger']) retrieved from /Users/saiprasadreddykolan/airflow_venv/lib/python3.10/site-packages/airflow/example_dags/example_latest_only_with_trigger.py
[2024-10-28T17:23:36.055-0700] {logging_mixin.py:150} INFO - [2024-10-28T17:23:36.055-0700] {dag.py:2742} INFO - Sync 1 DAGs
[2024-10-28T17:23:36.062-0700] {logging_mixin.py:150} INFO - [2024-10-28T17:23:36.062-0700] {dag.py:3504} INFO - Setting next_dagrun for latest_only_with_trigger to 2024-10-28T20:23:36.062111+00:00, run_after=2024-10-29T00:23:36.062111+00:00
[2024-10-28T17:23:36.069-0700] {processor.py:179} INFO - Processing /Users/saiprasadreddykolan/airflow_venv/lib/python3.10/site-packages/airflow/example_dags/example_latest_only_with_trigger.py took 0.255 seconds
[2024-10-28T17:25:15.563-0700] {processor.py:157} INFO - Started process (PID=70896) to work on /Users/saiprasadreddykolan/airflow_venv/lib/python3.10/site-packages/airflow/example_dags/example_latest_only_with_trigger.py
[2024-10-28T17:25:15.565-0700] {processor.py:826} INFO - Processing file /Users/saiprasadreddykolan/airflow_venv/lib/python3.10/site-packages/airflow/example_dags/example_latest_only_with_trigger.py for tasks to queue
[2024-10-28T17:25:15.565-0700] {logging_mixin.py:150} INFO - [2024-10-28T17:25:15.565-0700] {dagbag.py:541} INFO - Filling up the DagBag from /Users/saiprasadreddykolan/airflow_venv/lib/python3.10/site-packages/airflow/example_dags/example_latest_only_with_trigger.py
[2024-10-28T17:25:15.573-0700] {processor.py:836} INFO - DAG(s) dict_keys(['latest_only_with_trigger']) retrieved from /Users/saiprasadreddykolan/airflow_venv/lib/python3.10/site-packages/airflow/example_dags/example_latest_only_with_trigger.py
[2024-10-28T17:25:15.820-0700] {logging_mixin.py:150} INFO - [2024-10-28T17:25:15.820-0700] {dag.py:2742} INFO - Sync 1 DAGs
[2024-10-28T17:25:15.825-0700] {logging_mixin.py:150} INFO - [2024-10-28T17:25:15.825-0700] {dag.py:3504} INFO - Setting next_dagrun for latest_only_with_trigger to 2024-10-28T20:25:15.825562+00:00, run_after=2024-10-29T00:25:15.825562+00:00
[2024-10-28T17:25:15.832-0700] {processor.py:179} INFO - Processing /Users/saiprasadreddykolan/airflow_venv/lib/python3.10/site-packages/airflow/example_dags/example_latest_only_with_trigger.py took 0.269 seconds
[2024-10-28T17:26:47.665-0700] {processor.py:157} INFO - Started process (PID=70981) to work on /Users/saiprasadreddykolan/airflow_venv/lib/python3.10/site-packages/airflow/example_dags/example_latest_only_with_trigger.py
[2024-10-28T17:26:47.667-0700] {processor.py:826} INFO - Processing file /Users/saiprasadreddykolan/airflow_venv/lib/python3.10/site-packages/airflow/example_dags/example_latest_only_with_trigger.py for tasks to queue
[2024-10-28T17:26:47.667-0700] {logging_mixin.py:150} INFO - [2024-10-28T17:26:47.667-0700] {dagbag.py:541} INFO - Filling up the DagBag from /Users/saiprasadreddykolan/airflow_venv/lib/python3.10/site-packages/airflow/example_dags/example_latest_only_with_trigger.py
[2024-10-28T17:26:47.675-0700] {processor.py:836} INFO - DAG(s) dict_keys(['latest_only_with_trigger']) retrieved from /Users/saiprasadreddykolan/airflow_venv/lib/python3.10/site-packages/airflow/example_dags/example_latest_only_with_trigger.py
[2024-10-28T17:26:47.916-0700] {logging_mixin.py:150} INFO - [2024-10-28T17:26:47.916-0700] {dag.py:2742} INFO - Sync 1 DAGs
[2024-10-28T17:26:47.923-0700] {logging_mixin.py:150} INFO - [2024-10-28T17:26:47.923-0700] {dag.py:3504} INFO - Setting next_dagrun for latest_only_with_trigger to 2024-10-28T20:26:47.923371+00:00, run_after=2024-10-29T00:26:47.923371+00:00
[2024-10-28T17:26:47.932-0700] {processor.py:179} INFO - Processing /Users/saiprasadreddykolan/airflow_venv/lib/python3.10/site-packages/airflow/example_dags/example_latest_only_with_trigger.py took 0.267 seconds
[2024-10-28T17:28:16.115-0700] {processor.py:157} INFO - Started process (PID=71048) to work on /Users/saiprasadreddykolan/airflow_venv/lib/python3.10/site-packages/airflow/example_dags/example_latest_only_with_trigger.py
[2024-10-28T17:28:16.118-0700] {processor.py:826} INFO - Processing file /Users/saiprasadreddykolan/airflow_venv/lib/python3.10/site-packages/airflow/example_dags/example_latest_only_with_trigger.py for tasks to queue
[2024-10-28T17:28:16.118-0700] {logging_mixin.py:150} INFO - [2024-10-28T17:28:16.118-0700] {dagbag.py:541} INFO - Filling up the DagBag from /Users/saiprasadreddykolan/airflow_venv/lib/python3.10/site-packages/airflow/example_dags/example_latest_only_with_trigger.py
[2024-10-28T17:28:16.125-0700] {processor.py:836} INFO - DAG(s) dict_keys(['latest_only_with_trigger']) retrieved from /Users/saiprasadreddykolan/airflow_venv/lib/python3.10/site-packages/airflow/example_dags/example_latest_only_with_trigger.py
[2024-10-28T17:28:16.346-0700] {logging_mixin.py:150} INFO - [2024-10-28T17:28:16.346-0700] {dag.py:2742} INFO - Sync 1 DAGs
[2024-10-28T17:28:16.352-0700] {logging_mixin.py:150} INFO - [2024-10-28T17:28:16.352-0700] {dag.py:3504} INFO - Setting next_dagrun for latest_only_with_trigger to 2024-10-28T20:28:16.352300+00:00, run_after=2024-10-29T00:28:16.352300+00:00
[2024-10-28T17:28:16.358-0700] {processor.py:179} INFO - Processing /Users/saiprasadreddykolan/airflow_venv/lib/python3.10/site-packages/airflow/example_dags/example_latest_only_with_trigger.py took 0.244 seconds
[2024-10-28T17:29:51.147-0700] {processor.py:157} INFO - Started process (PID=71122) to work on /Users/saiprasadreddykolan/airflow_venv/lib/python3.10/site-packages/airflow/example_dags/example_latest_only_with_trigger.py
[2024-10-28T17:29:51.149-0700] {processor.py:826} INFO - Processing file /Users/saiprasadreddykolan/airflow_venv/lib/python3.10/site-packages/airflow/example_dags/example_latest_only_with_trigger.py for tasks to queue
[2024-10-28T17:29:51.149-0700] {logging_mixin.py:150} INFO - [2024-10-28T17:29:51.149-0700] {dagbag.py:541} INFO - Filling up the DagBag from /Users/saiprasadreddykolan/airflow_venv/lib/python3.10/site-packages/airflow/example_dags/example_latest_only_with_trigger.py
[2024-10-28T17:29:51.156-0700] {processor.py:836} INFO - DAG(s) dict_keys(['latest_only_with_trigger']) retrieved from /Users/saiprasadreddykolan/airflow_venv/lib/python3.10/site-packages/airflow/example_dags/example_latest_only_with_trigger.py
[2024-10-28T17:29:51.373-0700] {logging_mixin.py:150} INFO - [2024-10-28T17:29:51.373-0700] {dag.py:2742} INFO - Sync 1 DAGs
[2024-10-28T17:29:51.378-0700] {logging_mixin.py:150} INFO - [2024-10-28T17:29:51.378-0700] {dag.py:3504} INFO - Setting next_dagrun for latest_only_with_trigger to 2024-10-28T20:29:51.378553+00:00, run_after=2024-10-29T00:29:51.378553+00:00
[2024-10-28T17:29:51.385-0700] {processor.py:179} INFO - Processing /Users/saiprasadreddykolan/airflow_venv/lib/python3.10/site-packages/airflow/example_dags/example_latest_only_with_trigger.py took 0.239 seconds
[2024-10-28T17:31:25.165-0700] {processor.py:157} INFO - Started process (PID=71190) to work on /Users/saiprasadreddykolan/airflow_venv/lib/python3.10/site-packages/airflow/example_dags/example_latest_only_with_trigger.py
[2024-10-28T17:31:25.168-0700] {processor.py:826} INFO - Processing file /Users/saiprasadreddykolan/airflow_venv/lib/python3.10/site-packages/airflow/example_dags/example_latest_only_with_trigger.py for tasks to queue
[2024-10-28T17:31:25.168-0700] {logging_mixin.py:150} INFO - [2024-10-28T17:31:25.168-0700] {dagbag.py:541} INFO - Filling up the DagBag from /Users/saiprasadreddykolan/airflow_venv/lib/python3.10/site-packages/airflow/example_dags/example_latest_only_with_trigger.py
[2024-10-28T17:31:25.175-0700] {processor.py:836} INFO - DAG(s) dict_keys(['latest_only_with_trigger']) retrieved from /Users/saiprasadreddykolan/airflow_venv/lib/python3.10/site-packages/airflow/example_dags/example_latest_only_with_trigger.py
[2024-10-28T17:31:25.392-0700] {logging_mixin.py:150} INFO - [2024-10-28T17:31:25.392-0700] {dag.py:2742} INFO - Sync 1 DAGs
[2024-10-28T17:31:25.398-0700] {logging_mixin.py:150} INFO - [2024-10-28T17:31:25.397-0700] {dag.py:3504} INFO - Setting next_dagrun for latest_only_with_trigger to 2024-10-28T20:31:25.397920+00:00, run_after=2024-10-29T00:31:25.397920+00:00
[2024-10-28T17:31:25.404-0700] {processor.py:179} INFO - Processing /Users/saiprasadreddykolan/airflow_venv/lib/python3.10/site-packages/airflow/example_dags/example_latest_only_with_trigger.py took 0.239 seconds
[2024-10-28T17:32:58.148-0700] {processor.py:157} INFO - Started process (PID=71260) to work on /Users/saiprasadreddykolan/airflow_venv/lib/python3.10/site-packages/airflow/example_dags/example_latest_only_with_trigger.py
[2024-10-28T17:32:58.150-0700] {processor.py:826} INFO - Processing file /Users/saiprasadreddykolan/airflow_venv/lib/python3.10/site-packages/airflow/example_dags/example_latest_only_with_trigger.py for tasks to queue
[2024-10-28T17:32:58.150-0700] {logging_mixin.py:150} INFO - [2024-10-28T17:32:58.150-0700] {dagbag.py:541} INFO - Filling up the DagBag from /Users/saiprasadreddykolan/airflow_venv/lib/python3.10/site-packages/airflow/example_dags/example_latest_only_with_trigger.py
[2024-10-28T17:32:58.157-0700] {processor.py:836} INFO - DAG(s) dict_keys(['latest_only_with_trigger']) retrieved from /Users/saiprasadreddykolan/airflow_venv/lib/python3.10/site-packages/airflow/example_dags/example_latest_only_with_trigger.py
[2024-10-28T17:32:58.386-0700] {logging_mixin.py:150} INFO - [2024-10-28T17:32:58.386-0700] {dag.py:2742} INFO - Sync 1 DAGs
[2024-10-28T17:32:58.392-0700] {logging_mixin.py:150} INFO - [2024-10-28T17:32:58.392-0700] {dag.py:3504} INFO - Setting next_dagrun for latest_only_with_trigger to 2024-10-28T20:32:58.392858+00:00, run_after=2024-10-29T00:32:58.392858+00:00
[2024-10-28T17:32:58.400-0700] {processor.py:179} INFO - Processing /Users/saiprasadreddykolan/airflow_venv/lib/python3.10/site-packages/airflow/example_dags/example_latest_only_with_trigger.py took 0.252 seconds
[2024-10-28T17:34:32.948-0700] {processor.py:157} INFO - Started process (PID=71329) to work on /Users/saiprasadreddykolan/airflow_venv/lib/python3.10/site-packages/airflow/example_dags/example_latest_only_with_trigger.py
[2024-10-28T17:34:32.950-0700] {processor.py:826} INFO - Processing file /Users/saiprasadreddykolan/airflow_venv/lib/python3.10/site-packages/airflow/example_dags/example_latest_only_with_trigger.py for tasks to queue
[2024-10-28T17:34:32.950-0700] {logging_mixin.py:150} INFO - [2024-10-28T17:34:32.950-0700] {dagbag.py:541} INFO - Filling up the DagBag from /Users/saiprasadreddykolan/airflow_venv/lib/python3.10/site-packages/airflow/example_dags/example_latest_only_with_trigger.py
[2024-10-28T17:34:32.958-0700] {processor.py:836} INFO - DAG(s) dict_keys(['latest_only_with_trigger']) retrieved from /Users/saiprasadreddykolan/airflow_venv/lib/python3.10/site-packages/airflow/example_dags/example_latest_only_with_trigger.py
[2024-10-28T17:34:33.182-0700] {logging_mixin.py:150} INFO - [2024-10-28T17:34:33.181-0700] {dag.py:2742} INFO - Sync 1 DAGs
[2024-10-28T17:34:33.187-0700] {logging_mixin.py:150} INFO - [2024-10-28T17:34:33.187-0700] {dag.py:3504} INFO - Setting next_dagrun for latest_only_with_trigger to 2024-10-28T20:34:33.187628+00:00, run_after=2024-10-29T00:34:33.187628+00:00
[2024-10-28T17:34:33.195-0700] {processor.py:179} INFO - Processing /Users/saiprasadreddykolan/airflow_venv/lib/python3.10/site-packages/airflow/example_dags/example_latest_only_with_trigger.py took 0.247 seconds
[2024-10-28T17:36:04.551-0700] {processor.py:157} INFO - Started process (PID=71390) to work on /Users/saiprasadreddykolan/airflow_venv/lib/python3.10/site-packages/airflow/example_dags/example_latest_only_with_trigger.py
[2024-10-28T17:36:04.553-0700] {processor.py:826} INFO - Processing file /Users/saiprasadreddykolan/airflow_venv/lib/python3.10/site-packages/airflow/example_dags/example_latest_only_with_trigger.py for tasks to queue
[2024-10-28T17:36:04.553-0700] {logging_mixin.py:150} INFO - [2024-10-28T17:36:04.553-0700] {dagbag.py:541} INFO - Filling up the DagBag from /Users/saiprasadreddykolan/airflow_venv/lib/python3.10/site-packages/airflow/example_dags/example_latest_only_with_trigger.py
[2024-10-28T17:36:04.560-0700] {processor.py:836} INFO - DAG(s) dict_keys(['latest_only_with_trigger']) retrieved from /Users/saiprasadreddykolan/airflow_venv/lib/python3.10/site-packages/airflow/example_dags/example_latest_only_with_trigger.py
[2024-10-28T17:36:04.782-0700] {logging_mixin.py:150} INFO - [2024-10-28T17:36:04.782-0700] {dag.py:2742} INFO - Sync 1 DAGs
[2024-10-28T17:36:04.787-0700] {logging_mixin.py:150} INFO - [2024-10-28T17:36:04.787-0700] {dag.py:3504} INFO - Setting next_dagrun for latest_only_with_trigger to 2024-10-28T20:36:04.787468+00:00, run_after=2024-10-29T00:36:04.787468+00:00
[2024-10-28T17:36:04.793-0700] {processor.py:179} INFO - Processing /Users/saiprasadreddykolan/airflow_venv/lib/python3.10/site-packages/airflow/example_dags/example_latest_only_with_trigger.py took 0.242 seconds
[2024-10-28T17:37:39.522-0700] {processor.py:157} INFO - Started process (PID=71517) to work on /Users/saiprasadreddykolan/airflow_venv/lib/python3.10/site-packages/airflow/example_dags/example_latest_only_with_trigger.py
[2024-10-28T17:37:39.524-0700] {processor.py:826} INFO - Processing file /Users/saiprasadreddykolan/airflow_venv/lib/python3.10/site-packages/airflow/example_dags/example_latest_only_with_trigger.py for tasks to queue
[2024-10-28T17:37:39.524-0700] {logging_mixin.py:150} INFO - [2024-10-28T17:37:39.524-0700] {dagbag.py:541} INFO - Filling up the DagBag from /Users/saiprasadreddykolan/airflow_venv/lib/python3.10/site-packages/airflow/example_dags/example_latest_only_with_trigger.py
[2024-10-28T17:37:39.531-0700] {processor.py:836} INFO - DAG(s) dict_keys(['latest_only_with_trigger']) retrieved from /Users/saiprasadreddykolan/airflow_venv/lib/python3.10/site-packages/airflow/example_dags/example_latest_only_with_trigger.py
[2024-10-28T17:37:39.758-0700] {logging_mixin.py:150} INFO - [2024-10-28T17:37:39.757-0700] {dag.py:2742} INFO - Sync 1 DAGs
[2024-10-28T17:37:39.764-0700] {logging_mixin.py:150} INFO - [2024-10-28T17:37:39.763-0700] {dag.py:3504} INFO - Setting next_dagrun for latest_only_with_trigger to 2024-10-28T20:37:39.763932+00:00, run_after=2024-10-29T00:37:39.763932+00:00
[2024-10-28T17:37:39.773-0700] {processor.py:179} INFO - Processing /Users/saiprasadreddykolan/airflow_venv/lib/python3.10/site-packages/airflow/example_dags/example_latest_only_with_trigger.py took 0.251 seconds
