[2024-10-28T17:00:46.782-0700] {processor.py:157} INFO - Started process (PID=69761) to work on /Users/saiprasadreddykolan/airflow_venv/lib/python3.10/site-packages/airflow/example_dags/example_xcomargs.py
[2024-10-28T17:00:46.784-0700] {processor.py:826} INFO - Processing file /Users/saiprasadreddykolan/airflow_venv/lib/python3.10/site-packages/airflow/example_dags/example_xcomargs.py for tasks to queue
[2024-10-28T17:00:46.784-0700] {logging_mixin.py:150} INFO - [2024-10-28T17:00:46.784-0700] {dagbag.py:541} INFO - Filling up the DagBag from /Users/saiprasadreddykolan/airflow_venv/lib/python3.10/site-packages/airflow/example_dags/example_xcomargs.py
[2024-10-28T17:00:46.802-0700] {processor.py:836} INFO - DAG(s) dict_keys(['example_xcom_args', 'example_xcom_args_with_operators']) retrieved from /Users/saiprasadreddykolan/airflow_venv/lib/python3.10/site-packages/airflow/example_dags/example_xcomargs.py
[2024-10-28T17:00:47.072-0700] {logging_mixin.py:150} INFO - [2024-10-28T17:00:47.072-0700] {dag.py:2742} INFO - Sync 2 DAGs
[2024-10-28T17:00:47.079-0700] {logging_mixin.py:150} INFO - [2024-10-28T17:00:47.078-0700] {dag.py:3504} INFO - Setting next_dagrun for example_xcom_args to None, run_after=None
[2024-10-28T17:00:47.079-0700] {logging_mixin.py:150} INFO - [2024-10-28T17:00:47.079-0700] {dag.py:3504} INFO - Setting next_dagrun for example_xcom_args_with_operators to None, run_after=None
[2024-10-28T17:00:47.087-0700] {processor.py:179} INFO - Processing /Users/saiprasadreddykolan/airflow_venv/lib/python3.10/site-packages/airflow/example_dags/example_xcomargs.py took 0.305 seconds
[2024-10-28T17:02:09.819-0700] {processor.py:157} INFO - Started process (PID=69819) to work on /Users/saiprasadreddykolan/airflow_venv/lib/python3.10/site-packages/airflow/example_dags/example_xcomargs.py
[2024-10-28T17:02:09.822-0700] {processor.py:826} INFO - Processing file /Users/saiprasadreddykolan/airflow_venv/lib/python3.10/site-packages/airflow/example_dags/example_xcomargs.py for tasks to queue
[2024-10-28T17:02:09.822-0700] {logging_mixin.py:150} INFO - [2024-10-28T17:02:09.822-0700] {dagbag.py:541} INFO - Filling up the DagBag from /Users/saiprasadreddykolan/airflow_venv/lib/python3.10/site-packages/airflow/example_dags/example_xcomargs.py
[2024-10-28T17:02:09.840-0700] {processor.py:836} INFO - DAG(s) dict_keys(['example_xcom_args', 'example_xcom_args_with_operators']) retrieved from /Users/saiprasadreddykolan/airflow_venv/lib/python3.10/site-packages/airflow/example_dags/example_xcomargs.py
[2024-10-28T17:02:10.056-0700] {logging_mixin.py:150} INFO - [2024-10-28T17:02:10.055-0700] {dag.py:2742} INFO - Sync 2 DAGs
[2024-10-28T17:02:10.061-0700] {logging_mixin.py:150} INFO - [2024-10-28T17:02:10.061-0700] {dag.py:3504} INFO - Setting next_dagrun for example_xcom_args to None, run_after=None
[2024-10-28T17:02:10.062-0700] {logging_mixin.py:150} INFO - [2024-10-28T17:02:10.062-0700] {dag.py:3504} INFO - Setting next_dagrun for example_xcom_args_with_operators to None, run_after=None
[2024-10-28T17:02:10.067-0700] {processor.py:179} INFO - Processing /Users/saiprasadreddykolan/airflow_venv/lib/python3.10/site-packages/airflow/example_dags/example_xcomargs.py took 0.248 seconds
[2024-10-28T17:02:57.253-0700] {processor.py:157} INFO - Started process (PID=69849) to work on /Users/saiprasadreddykolan/airflow_venv/lib/python3.10/site-packages/airflow/example_dags/example_xcomargs.py
[2024-10-28T17:02:57.256-0700] {processor.py:826} INFO - Processing file /Users/saiprasadreddykolan/airflow_venv/lib/python3.10/site-packages/airflow/example_dags/example_xcomargs.py for tasks to queue
[2024-10-28T17:02:57.256-0700] {logging_mixin.py:150} INFO - [2024-10-28T17:02:57.256-0700] {dagbag.py:541} INFO - Filling up the DagBag from /Users/saiprasadreddykolan/airflow_venv/lib/python3.10/site-packages/airflow/example_dags/example_xcomargs.py
[2024-10-28T17:02:57.278-0700] {processor.py:836} INFO - DAG(s) dict_keys(['example_xcom_args', 'example_xcom_args_with_operators']) retrieved from /Users/saiprasadreddykolan/airflow_venv/lib/python3.10/site-packages/airflow/example_dags/example_xcomargs.py
[2024-10-28T17:02:57.493-0700] {logging_mixin.py:150} INFO - [2024-10-28T17:02:57.492-0700] {dag.py:2742} INFO - Sync 2 DAGs
[2024-10-28T17:02:57.498-0700] {logging_mixin.py:150} INFO - [2024-10-28T17:02:57.498-0700] {dag.py:3504} INFO - Setting next_dagrun for example_xcom_args to None, run_after=None
[2024-10-28T17:02:57.499-0700] {logging_mixin.py:150} INFO - [2024-10-28T17:02:57.499-0700] {dag.py:3504} INFO - Setting next_dagrun for example_xcom_args_with_operators to None, run_after=None
[2024-10-28T17:02:57.504-0700] {processor.py:179} INFO - Processing /Users/saiprasadreddykolan/airflow_venv/lib/python3.10/site-packages/airflow/example_dags/example_xcomargs.py took 0.251 seconds
[2024-10-28T17:03:43.408-0700] {processor.py:157} INFO - Started process (PID=69882) to work on /Users/saiprasadreddykolan/airflow_venv/lib/python3.10/site-packages/airflow/example_dags/example_xcomargs.py
[2024-10-28T17:03:43.410-0700] {processor.py:826} INFO - Processing file /Users/saiprasadreddykolan/airflow_venv/lib/python3.10/site-packages/airflow/example_dags/example_xcomargs.py for tasks to queue
[2024-10-28T17:03:43.411-0700] {logging_mixin.py:150} INFO - [2024-10-28T17:03:43.411-0700] {dagbag.py:541} INFO - Filling up the DagBag from /Users/saiprasadreddykolan/airflow_venv/lib/python3.10/site-packages/airflow/example_dags/example_xcomargs.py
[2024-10-28T17:03:43.428-0700] {processor.py:836} INFO - DAG(s) dict_keys(['example_xcom_args', 'example_xcom_args_with_operators']) retrieved from /Users/saiprasadreddykolan/airflow_venv/lib/python3.10/site-packages/airflow/example_dags/example_xcomargs.py
[2024-10-28T17:03:43.644-0700] {logging_mixin.py:150} INFO - [2024-10-28T17:03:43.643-0700] {dag.py:2742} INFO - Sync 2 DAGs
[2024-10-28T17:03:43.649-0700] {logging_mixin.py:150} INFO - [2024-10-28T17:03:43.649-0700] {dag.py:3504} INFO - Setting next_dagrun for example_xcom_args to None, run_after=None
[2024-10-28T17:03:43.650-0700] {logging_mixin.py:150} INFO - [2024-10-28T17:03:43.650-0700] {dag.py:3504} INFO - Setting next_dagrun for example_xcom_args_with_operators to None, run_after=None
[2024-10-28T17:03:43.655-0700] {processor.py:179} INFO - Processing /Users/saiprasadreddykolan/airflow_venv/lib/python3.10/site-packages/airflow/example_dags/example_xcomargs.py took 0.247 seconds
[2024-10-28T17:05:11.760-0700] {processor.py:157} INFO - Started process (PID=69946) to work on /Users/saiprasadreddykolan/airflow_venv/lib/python3.10/site-packages/airflow/example_dags/example_xcomargs.py
[2024-10-28T17:05:11.762-0700] {processor.py:826} INFO - Processing file /Users/saiprasadreddykolan/airflow_venv/lib/python3.10/site-packages/airflow/example_dags/example_xcomargs.py for tasks to queue
[2024-10-28T17:05:11.762-0700] {logging_mixin.py:150} INFO - [2024-10-28T17:05:11.762-0700] {dagbag.py:541} INFO - Filling up the DagBag from /Users/saiprasadreddykolan/airflow_venv/lib/python3.10/site-packages/airflow/example_dags/example_xcomargs.py
[2024-10-28T17:05:11.781-0700] {processor.py:836} INFO - DAG(s) dict_keys(['example_xcom_args_with_operators', 'example_xcom_args']) retrieved from /Users/saiprasadreddykolan/airflow_venv/lib/python3.10/site-packages/airflow/example_dags/example_xcomargs.py
[2024-10-28T17:05:11.997-0700] {logging_mixin.py:150} INFO - [2024-10-28T17:05:11.997-0700] {dag.py:2742} INFO - Sync 2 DAGs
[2024-10-28T17:05:12.002-0700] {logging_mixin.py:150} INFO - [2024-10-28T17:05:12.002-0700] {dag.py:3504} INFO - Setting next_dagrun for example_xcom_args to None, run_after=None
[2024-10-28T17:05:12.003-0700] {logging_mixin.py:150} INFO - [2024-10-28T17:05:12.003-0700] {dag.py:3504} INFO - Setting next_dagrun for example_xcom_args_with_operators to None, run_after=None
[2024-10-28T17:05:12.009-0700] {processor.py:179} INFO - Processing /Users/saiprasadreddykolan/airflow_venv/lib/python3.10/site-packages/airflow/example_dags/example_xcomargs.py took 0.249 seconds
[2024-10-28T17:06:02.471-0700] {processor.py:157} INFO - Started process (PID=69978) to work on /Users/saiprasadreddykolan/airflow_venv/lib/python3.10/site-packages/airflow/example_dags/example_xcomargs.py
[2024-10-28T17:06:02.473-0700] {processor.py:826} INFO - Processing file /Users/saiprasadreddykolan/airflow_venv/lib/python3.10/site-packages/airflow/example_dags/example_xcomargs.py for tasks to queue
[2024-10-28T17:06:02.473-0700] {logging_mixin.py:150} INFO - [2024-10-28T17:06:02.473-0700] {dagbag.py:541} INFO - Filling up the DagBag from /Users/saiprasadreddykolan/airflow_venv/lib/python3.10/site-packages/airflow/example_dags/example_xcomargs.py
[2024-10-28T17:06:02.491-0700] {processor.py:836} INFO - DAG(s) dict_keys(['example_xcom_args', 'example_xcom_args_with_operators']) retrieved from /Users/saiprasadreddykolan/airflow_venv/lib/python3.10/site-packages/airflow/example_dags/example_xcomargs.py
[2024-10-28T17:06:02.705-0700] {logging_mixin.py:150} INFO - [2024-10-28T17:06:02.705-0700] {dag.py:2742} INFO - Sync 2 DAGs
[2024-10-28T17:06:02.710-0700] {logging_mixin.py:150} INFO - [2024-10-28T17:06:02.710-0700] {dag.py:3504} INFO - Setting next_dagrun for example_xcom_args to None, run_after=None
[2024-10-28T17:06:02.711-0700] {logging_mixin.py:150} INFO - [2024-10-28T17:06:02.711-0700] {dag.py:3504} INFO - Setting next_dagrun for example_xcom_args_with_operators to None, run_after=None
[2024-10-28T17:06:02.717-0700] {processor.py:179} INFO - Processing /Users/saiprasadreddykolan/airflow_venv/lib/python3.10/site-packages/airflow/example_dags/example_xcomargs.py took 0.246 seconds
[2024-10-28T17:06:49.391-0700] {processor.py:157} INFO - Started process (PID=70015) to work on /Users/saiprasadreddykolan/airflow_venv/lib/python3.10/site-packages/airflow/example_dags/example_xcomargs.py
[2024-10-28T17:06:49.394-0700] {processor.py:826} INFO - Processing file /Users/saiprasadreddykolan/airflow_venv/lib/python3.10/site-packages/airflow/example_dags/example_xcomargs.py for tasks to queue
[2024-10-28T17:06:49.394-0700] {logging_mixin.py:150} INFO - [2024-10-28T17:06:49.394-0700] {dagbag.py:541} INFO - Filling up the DagBag from /Users/saiprasadreddykolan/airflow_venv/lib/python3.10/site-packages/airflow/example_dags/example_xcomargs.py
[2024-10-28T17:06:49.413-0700] {processor.py:836} INFO - DAG(s) dict_keys(['example_xcom_args_with_operators', 'example_xcom_args']) retrieved from /Users/saiprasadreddykolan/airflow_venv/lib/python3.10/site-packages/airflow/example_dags/example_xcomargs.py
[2024-10-28T17:06:49.633-0700] {logging_mixin.py:150} INFO - [2024-10-28T17:06:49.633-0700] {dag.py:2742} INFO - Sync 2 DAGs
[2024-10-28T17:06:49.640-0700] {logging_mixin.py:150} INFO - [2024-10-28T17:06:49.640-0700] {dag.py:3504} INFO - Setting next_dagrun for example_xcom_args to None, run_after=None
[2024-10-28T17:06:49.642-0700] {logging_mixin.py:150} INFO - [2024-10-28T17:06:49.642-0700] {dag.py:3504} INFO - Setting next_dagrun for example_xcom_args_with_operators to None, run_after=None
[2024-10-28T17:06:49.648-0700] {processor.py:179} INFO - Processing /Users/saiprasadreddykolan/airflow_venv/lib/python3.10/site-packages/airflow/example_dags/example_xcomargs.py took 0.257 seconds
[2024-10-28T17:08:14.968-0700] {processor.py:157} INFO - Started process (PID=70074) to work on /Users/saiprasadreddykolan/airflow_venv/lib/python3.10/site-packages/airflow/example_dags/example_xcomargs.py
[2024-10-28T17:08:14.971-0700] {processor.py:826} INFO - Processing file /Users/saiprasadreddykolan/airflow_venv/lib/python3.10/site-packages/airflow/example_dags/example_xcomargs.py for tasks to queue
[2024-10-28T17:08:14.971-0700] {logging_mixin.py:150} INFO - [2024-10-28T17:08:14.971-0700] {dagbag.py:541} INFO - Filling up the DagBag from /Users/saiprasadreddykolan/airflow_venv/lib/python3.10/site-packages/airflow/example_dags/example_xcomargs.py
[2024-10-28T17:08:14.989-0700] {processor.py:836} INFO - DAG(s) dict_keys(['example_xcom_args_with_operators', 'example_xcom_args']) retrieved from /Users/saiprasadreddykolan/airflow_venv/lib/python3.10/site-packages/airflow/example_dags/example_xcomargs.py
[2024-10-28T17:08:15.204-0700] {logging_mixin.py:150} INFO - [2024-10-28T17:08:15.204-0700] {dag.py:2742} INFO - Sync 2 DAGs
[2024-10-28T17:08:15.209-0700] {logging_mixin.py:150} INFO - [2024-10-28T17:08:15.209-0700] {dag.py:3504} INFO - Setting next_dagrun for example_xcom_args to None, run_after=None
[2024-10-28T17:08:15.210-0700] {logging_mixin.py:150} INFO - [2024-10-28T17:08:15.210-0700] {dag.py:3504} INFO - Setting next_dagrun for example_xcom_args_with_operators to None, run_after=None
[2024-10-28T17:08:15.215-0700] {processor.py:179} INFO - Processing /Users/saiprasadreddykolan/airflow_venv/lib/python3.10/site-packages/airflow/example_dags/example_xcomargs.py took 0.247 seconds
[2024-10-28T17:09:45.295-0700] {processor.py:157} INFO - Started process (PID=70132) to work on /Users/saiprasadreddykolan/airflow_venv/lib/python3.10/site-packages/airflow/example_dags/example_xcomargs.py
[2024-10-28T17:09:45.297-0700] {processor.py:826} INFO - Processing file /Users/saiprasadreddykolan/airflow_venv/lib/python3.10/site-packages/airflow/example_dags/example_xcomargs.py for tasks to queue
[2024-10-28T17:09:45.297-0700] {logging_mixin.py:150} INFO - [2024-10-28T17:09:45.297-0700] {dagbag.py:541} INFO - Filling up the DagBag from /Users/saiprasadreddykolan/airflow_venv/lib/python3.10/site-packages/airflow/example_dags/example_xcomargs.py
[2024-10-28T17:09:45.315-0700] {processor.py:836} INFO - DAG(s) dict_keys(['example_xcom_args', 'example_xcom_args_with_operators']) retrieved from /Users/saiprasadreddykolan/airflow_venv/lib/python3.10/site-packages/airflow/example_dags/example_xcomargs.py
[2024-10-28T17:09:45.530-0700] {logging_mixin.py:150} INFO - [2024-10-28T17:09:45.530-0700] {dag.py:2742} INFO - Sync 2 DAGs
[2024-10-28T17:09:45.536-0700] {logging_mixin.py:150} INFO - [2024-10-28T17:09:45.536-0700] {dag.py:3504} INFO - Setting next_dagrun for example_xcom_args to None, run_after=None
[2024-10-28T17:09:45.537-0700] {logging_mixin.py:150} INFO - [2024-10-28T17:09:45.537-0700] {dag.py:3504} INFO - Setting next_dagrun for example_xcom_args_with_operators to None, run_after=None
[2024-10-28T17:09:45.542-0700] {processor.py:179} INFO - Processing /Users/saiprasadreddykolan/airflow_venv/lib/python3.10/site-packages/airflow/example_dags/example_xcomargs.py took 0.248 seconds
[2024-10-28T17:10:33.669-0700] {processor.py:157} INFO - Started process (PID=70162) to work on /Users/saiprasadreddykolan/airflow_venv/lib/python3.10/site-packages/airflow/example_dags/example_xcomargs.py
[2024-10-28T17:10:33.671-0700] {processor.py:826} INFO - Processing file /Users/saiprasadreddykolan/airflow_venv/lib/python3.10/site-packages/airflow/example_dags/example_xcomargs.py for tasks to queue
[2024-10-28T17:10:33.671-0700] {logging_mixin.py:150} INFO - [2024-10-28T17:10:33.671-0700] {dagbag.py:541} INFO - Filling up the DagBag from /Users/saiprasadreddykolan/airflow_venv/lib/python3.10/site-packages/airflow/example_dags/example_xcomargs.py
[2024-10-28T17:10:33.690-0700] {processor.py:836} INFO - DAG(s) dict_keys(['example_xcom_args', 'example_xcom_args_with_operators']) retrieved from /Users/saiprasadreddykolan/airflow_venv/lib/python3.10/site-packages/airflow/example_dags/example_xcomargs.py
[2024-10-28T17:10:33.912-0700] {logging_mixin.py:150} INFO - [2024-10-28T17:10:33.911-0700] {dag.py:2742} INFO - Sync 2 DAGs
[2024-10-28T17:10:33.917-0700] {logging_mixin.py:150} INFO - [2024-10-28T17:10:33.917-0700] {dag.py:3504} INFO - Setting next_dagrun for example_xcom_args to None, run_after=None
[2024-10-28T17:10:33.919-0700] {logging_mixin.py:150} INFO - [2024-10-28T17:10:33.919-0700] {dag.py:3504} INFO - Setting next_dagrun for example_xcom_args_with_operators to None, run_after=None
[2024-10-28T17:10:33.924-0700] {processor.py:179} INFO - Processing /Users/saiprasadreddykolan/airflow_venv/lib/python3.10/site-packages/airflow/example_dags/example_xcomargs.py took 0.256 seconds
[2024-10-28T17:11:20.775-0700] {processor.py:157} INFO - Started process (PID=70193) to work on /Users/saiprasadreddykolan/airflow_venv/lib/python3.10/site-packages/airflow/example_dags/example_xcomargs.py
[2024-10-28T17:11:20.778-0700] {processor.py:826} INFO - Processing file /Users/saiprasadreddykolan/airflow_venv/lib/python3.10/site-packages/airflow/example_dags/example_xcomargs.py for tasks to queue
[2024-10-28T17:11:20.778-0700] {logging_mixin.py:150} INFO - [2024-10-28T17:11:20.778-0700] {dagbag.py:541} INFO - Filling up the DagBag from /Users/saiprasadreddykolan/airflow_venv/lib/python3.10/site-packages/airflow/example_dags/example_xcomargs.py
[2024-10-28T17:11:20.795-0700] {processor.py:836} INFO - DAG(s) dict_keys(['example_xcom_args_with_operators', 'example_xcom_args']) retrieved from /Users/saiprasadreddykolan/airflow_venv/lib/python3.10/site-packages/airflow/example_dags/example_xcomargs.py
[2024-10-28T17:11:21.010-0700] {logging_mixin.py:150} INFO - [2024-10-28T17:11:21.010-0700] {dag.py:2742} INFO - Sync 2 DAGs
[2024-10-28T17:11:21.016-0700] {logging_mixin.py:150} INFO - [2024-10-28T17:11:21.016-0700] {dag.py:3504} INFO - Setting next_dagrun for example_xcom_args to None, run_after=None
[2024-10-28T17:11:21.017-0700] {logging_mixin.py:150} INFO - [2024-10-28T17:11:21.016-0700] {dag.py:3504} INFO - Setting next_dagrun for example_xcom_args_with_operators to None, run_after=None
[2024-10-28T17:11:21.022-0700] {processor.py:179} INFO - Processing /Users/saiprasadreddykolan/airflow_venv/lib/python3.10/site-packages/airflow/example_dags/example_xcomargs.py took 0.247 seconds
[2024-10-28T17:12:09.465-0700] {processor.py:157} INFO - Started process (PID=70221) to work on /Users/saiprasadreddykolan/airflow_venv/lib/python3.10/site-packages/airflow/example_dags/example_xcomargs.py
[2024-10-28T17:12:09.467-0700] {processor.py:826} INFO - Processing file /Users/saiprasadreddykolan/airflow_venv/lib/python3.10/site-packages/airflow/example_dags/example_xcomargs.py for tasks to queue
[2024-10-28T17:12:09.467-0700] {logging_mixin.py:150} INFO - [2024-10-28T17:12:09.467-0700] {dagbag.py:541} INFO - Filling up the DagBag from /Users/saiprasadreddykolan/airflow_venv/lib/python3.10/site-packages/airflow/example_dags/example_xcomargs.py
[2024-10-28T17:12:09.485-0700] {processor.py:836} INFO - DAG(s) dict_keys(['example_xcom_args', 'example_xcom_args_with_operators']) retrieved from /Users/saiprasadreddykolan/airflow_venv/lib/python3.10/site-packages/airflow/example_dags/example_xcomargs.py
[2024-10-28T17:12:09.699-0700] {logging_mixin.py:150} INFO - [2024-10-28T17:12:09.699-0700] {dag.py:2742} INFO - Sync 2 DAGs
[2024-10-28T17:12:09.705-0700] {logging_mixin.py:150} INFO - [2024-10-28T17:12:09.705-0700] {dag.py:3504} INFO - Setting next_dagrun for example_xcom_args to None, run_after=None
[2024-10-28T17:12:09.706-0700] {logging_mixin.py:150} INFO - [2024-10-28T17:12:09.706-0700] {dag.py:3504} INFO - Setting next_dagrun for example_xcom_args_with_operators to None, run_after=None
[2024-10-28T17:12:09.711-0700] {processor.py:179} INFO - Processing /Users/saiprasadreddykolan/airflow_venv/lib/python3.10/site-packages/airflow/example_dags/example_xcomargs.py took 0.247 seconds
[2024-10-28T17:12:53.522-0700] {processor.py:157} INFO - Started process (PID=70252) to work on /Users/saiprasadreddykolan/airflow_venv/lib/python3.10/site-packages/airflow/example_dags/example_xcomargs.py
[2024-10-28T17:12:53.524-0700] {processor.py:826} INFO - Processing file /Users/saiprasadreddykolan/airflow_venv/lib/python3.10/site-packages/airflow/example_dags/example_xcomargs.py for tasks to queue
[2024-10-28T17:12:53.525-0700] {logging_mixin.py:150} INFO - [2024-10-28T17:12:53.524-0700] {dagbag.py:541} INFO - Filling up the DagBag from /Users/saiprasadreddykolan/airflow_venv/lib/python3.10/site-packages/airflow/example_dags/example_xcomargs.py
[2024-10-28T17:12:53.542-0700] {processor.py:836} INFO - DAG(s) dict_keys(['example_xcom_args', 'example_xcom_args_with_operators']) retrieved from /Users/saiprasadreddykolan/airflow_venv/lib/python3.10/site-packages/airflow/example_dags/example_xcomargs.py
[2024-10-28T17:12:53.766-0700] {logging_mixin.py:150} INFO - [2024-10-28T17:12:53.766-0700] {dag.py:2742} INFO - Sync 2 DAGs
[2024-10-28T17:12:53.771-0700] {logging_mixin.py:150} INFO - [2024-10-28T17:12:53.771-0700] {dag.py:3504} INFO - Setting next_dagrun for example_xcom_args to None, run_after=None
[2024-10-28T17:12:53.772-0700] {logging_mixin.py:150} INFO - [2024-10-28T17:12:53.772-0700] {dag.py:3504} INFO - Setting next_dagrun for example_xcom_args_with_operators to None, run_after=None
[2024-10-28T17:12:53.778-0700] {processor.py:179} INFO - Processing /Users/saiprasadreddykolan/airflow_venv/lib/python3.10/site-packages/airflow/example_dags/example_xcomargs.py took 0.256 seconds
[2024-10-28T17:14:19.975-0700] {processor.py:157} INFO - Started process (PID=70314) to work on /Users/saiprasadreddykolan/airflow_venv/lib/python3.10/site-packages/airflow/example_dags/example_xcomargs.py
[2024-10-28T17:14:19.978-0700] {processor.py:826} INFO - Processing file /Users/saiprasadreddykolan/airflow_venv/lib/python3.10/site-packages/airflow/example_dags/example_xcomargs.py for tasks to queue
[2024-10-28T17:14:19.978-0700] {logging_mixin.py:150} INFO - [2024-10-28T17:14:19.978-0700] {dagbag.py:541} INFO - Filling up the DagBag from /Users/saiprasadreddykolan/airflow_venv/lib/python3.10/site-packages/airflow/example_dags/example_xcomargs.py
[2024-10-28T17:14:19.995-0700] {processor.py:836} INFO - DAG(s) dict_keys(['example_xcom_args_with_operators', 'example_xcom_args']) retrieved from /Users/saiprasadreddykolan/airflow_venv/lib/python3.10/site-packages/airflow/example_dags/example_xcomargs.py
[2024-10-28T17:14:20.218-0700] {logging_mixin.py:150} INFO - [2024-10-28T17:14:20.218-0700] {dag.py:2742} INFO - Sync 2 DAGs
[2024-10-28T17:14:20.226-0700] {logging_mixin.py:150} INFO - [2024-10-28T17:14:20.226-0700] {dag.py:3504} INFO - Setting next_dagrun for example_xcom_args to None, run_after=None
[2024-10-28T17:14:20.227-0700] {logging_mixin.py:150} INFO - [2024-10-28T17:14:20.227-0700] {dag.py:3504} INFO - Setting next_dagrun for example_xcom_args_with_operators to None, run_after=None
[2024-10-28T17:14:20.234-0700] {processor.py:179} INFO - Processing /Users/saiprasadreddykolan/airflow_venv/lib/python3.10/site-packages/airflow/example_dags/example_xcomargs.py took 0.259 seconds
[2024-10-28T17:15:50.518-0700] {processor.py:157} INFO - Started process (PID=70378) to work on /Users/saiprasadreddykolan/airflow_venv/lib/python3.10/site-packages/airflow/example_dags/example_xcomargs.py
[2024-10-28T17:15:50.521-0700] {processor.py:826} INFO - Processing file /Users/saiprasadreddykolan/airflow_venv/lib/python3.10/site-packages/airflow/example_dags/example_xcomargs.py for tasks to queue
[2024-10-28T17:15:50.521-0700] {logging_mixin.py:150} INFO - [2024-10-28T17:15:50.521-0700] {dagbag.py:541} INFO - Filling up the DagBag from /Users/saiprasadreddykolan/airflow_venv/lib/python3.10/site-packages/airflow/example_dags/example_xcomargs.py
[2024-10-28T17:15:50.544-0700] {processor.py:836} INFO - DAG(s) dict_keys(['example_xcom_args_with_operators', 'example_xcom_args']) retrieved from /Users/saiprasadreddykolan/airflow_venv/lib/python3.10/site-packages/airflow/example_dags/example_xcomargs.py
[2024-10-28T17:15:50.763-0700] {logging_mixin.py:150} INFO - [2024-10-28T17:15:50.763-0700] {dag.py:2742} INFO - Sync 2 DAGs
[2024-10-28T17:15:50.768-0700] {logging_mixin.py:150} INFO - [2024-10-28T17:15:50.768-0700] {dag.py:3504} INFO - Setting next_dagrun for example_xcom_args to None, run_after=None
[2024-10-28T17:15:50.770-0700] {logging_mixin.py:150} INFO - [2024-10-28T17:15:50.770-0700] {dag.py:3504} INFO - Setting next_dagrun for example_xcom_args_with_operators to None, run_after=None
[2024-10-28T17:15:50.775-0700] {processor.py:179} INFO - Processing /Users/saiprasadreddykolan/airflow_venv/lib/python3.10/site-packages/airflow/example_dags/example_xcomargs.py took 0.258 seconds
[2024-10-28T17:16:39.708-0700] {processor.py:157} INFO - Started process (PID=70466) to work on /Users/saiprasadreddykolan/airflow_venv/lib/python3.10/site-packages/airflow/example_dags/example_xcomargs.py
[2024-10-28T17:16:39.711-0700] {processor.py:826} INFO - Processing file /Users/saiprasadreddykolan/airflow_venv/lib/python3.10/site-packages/airflow/example_dags/example_xcomargs.py for tasks to queue
[2024-10-28T17:16:39.711-0700] {logging_mixin.py:150} INFO - [2024-10-28T17:16:39.711-0700] {dagbag.py:541} INFO - Filling up the DagBag from /Users/saiprasadreddykolan/airflow_venv/lib/python3.10/site-packages/airflow/example_dags/example_xcomargs.py
[2024-10-28T17:16:39.729-0700] {processor.py:836} INFO - DAG(s) dict_keys(['example_xcom_args_with_operators', 'example_xcom_args']) retrieved from /Users/saiprasadreddykolan/airflow_venv/lib/python3.10/site-packages/airflow/example_dags/example_xcomargs.py
[2024-10-28T17:16:39.950-0700] {logging_mixin.py:150} INFO - [2024-10-28T17:16:39.950-0700] {dag.py:2742} INFO - Sync 2 DAGs
[2024-10-28T17:16:39.955-0700] {logging_mixin.py:150} INFO - [2024-10-28T17:16:39.955-0700] {dag.py:3504} INFO - Setting next_dagrun for example_xcom_args to None, run_after=None
[2024-10-28T17:16:39.956-0700] {logging_mixin.py:150} INFO - [2024-10-28T17:16:39.956-0700] {dag.py:3504} INFO - Setting next_dagrun for example_xcom_args_with_operators to None, run_after=None
[2024-10-28T17:16:39.961-0700] {processor.py:179} INFO - Processing /Users/saiprasadreddykolan/airflow_venv/lib/python3.10/site-packages/airflow/example_dags/example_xcomargs.py took 0.253 seconds
[2024-10-28T17:17:27.398-0700] {processor.py:157} INFO - Started process (PID=70499) to work on /Users/saiprasadreddykolan/airflow_venv/lib/python3.10/site-packages/airflow/example_dags/example_xcomargs.py
[2024-10-28T17:17:27.400-0700] {processor.py:826} INFO - Processing file /Users/saiprasadreddykolan/airflow_venv/lib/python3.10/site-packages/airflow/example_dags/example_xcomargs.py for tasks to queue
[2024-10-28T17:17:27.400-0700] {logging_mixin.py:150} INFO - [2024-10-28T17:17:27.400-0700] {dagbag.py:541} INFO - Filling up the DagBag from /Users/saiprasadreddykolan/airflow_venv/lib/python3.10/site-packages/airflow/example_dags/example_xcomargs.py
[2024-10-28T17:17:27.418-0700] {processor.py:836} INFO - DAG(s) dict_keys(['example_xcom_args', 'example_xcom_args_with_operators']) retrieved from /Users/saiprasadreddykolan/airflow_venv/lib/python3.10/site-packages/airflow/example_dags/example_xcomargs.py
[2024-10-28T17:17:27.636-0700] {logging_mixin.py:150} INFO - [2024-10-28T17:17:27.636-0700] {dag.py:2742} INFO - Sync 2 DAGs
[2024-10-28T17:17:27.641-0700] {logging_mixin.py:150} INFO - [2024-10-28T17:17:27.641-0700] {dag.py:3504} INFO - Setting next_dagrun for example_xcom_args to None, run_after=None
[2024-10-28T17:17:27.642-0700] {logging_mixin.py:150} INFO - [2024-10-28T17:17:27.642-0700] {dag.py:3504} INFO - Setting next_dagrun for example_xcom_args_with_operators to None, run_after=None
[2024-10-28T17:17:27.648-0700] {processor.py:179} INFO - Processing /Users/saiprasadreddykolan/airflow_venv/lib/python3.10/site-packages/airflow/example_dags/example_xcomargs.py took 0.251 seconds
[2024-10-28T17:18:11.921-0700] {processor.py:157} INFO - Started process (PID=70532) to work on /Users/saiprasadreddykolan/airflow_venv/lib/python3.10/site-packages/airflow/example_dags/example_xcomargs.py
[2024-10-28T17:18:11.923-0700] {processor.py:826} INFO - Processing file /Users/saiprasadreddykolan/airflow_venv/lib/python3.10/site-packages/airflow/example_dags/example_xcomargs.py for tasks to queue
[2024-10-28T17:18:11.923-0700] {logging_mixin.py:150} INFO - [2024-10-28T17:18:11.923-0700] {dagbag.py:541} INFO - Filling up the DagBag from /Users/saiprasadreddykolan/airflow_venv/lib/python3.10/site-packages/airflow/example_dags/example_xcomargs.py
[2024-10-28T17:18:11.941-0700] {processor.py:836} INFO - DAG(s) dict_keys(['example_xcom_args', 'example_xcom_args_with_operators']) retrieved from /Users/saiprasadreddykolan/airflow_venv/lib/python3.10/site-packages/airflow/example_dags/example_xcomargs.py
[2024-10-28T17:18:12.181-0700] {logging_mixin.py:150} INFO - [2024-10-28T17:18:12.181-0700] {dag.py:2742} INFO - Sync 2 DAGs
[2024-10-28T17:18:12.186-0700] {logging_mixin.py:150} INFO - [2024-10-28T17:18:12.186-0700] {dag.py:3504} INFO - Setting next_dagrun for example_xcom_args to None, run_after=None
[2024-10-28T17:18:12.187-0700] {logging_mixin.py:150} INFO - [2024-10-28T17:18:12.187-0700] {dag.py:3504} INFO - Setting next_dagrun for example_xcom_args_with_operators to None, run_after=None
[2024-10-28T17:18:12.194-0700] {processor.py:179} INFO - Processing /Users/saiprasadreddykolan/airflow_venv/lib/python3.10/site-packages/airflow/example_dags/example_xcomargs.py took 0.273 seconds
[2024-10-28T17:18:59.918-0700] {processor.py:157} INFO - Started process (PID=70570) to work on /Users/saiprasadreddykolan/airflow_venv/lib/python3.10/site-packages/airflow/example_dags/example_xcomargs.py
[2024-10-28T17:18:59.921-0700] {processor.py:826} INFO - Processing file /Users/saiprasadreddykolan/airflow_venv/lib/python3.10/site-packages/airflow/example_dags/example_xcomargs.py for tasks to queue
[2024-10-28T17:18:59.921-0700] {logging_mixin.py:150} INFO - [2024-10-28T17:18:59.921-0700] {dagbag.py:541} INFO - Filling up the DagBag from /Users/saiprasadreddykolan/airflow_venv/lib/python3.10/site-packages/airflow/example_dags/example_xcomargs.py
[2024-10-28T17:18:59.941-0700] {processor.py:836} INFO - DAG(s) dict_keys(['example_xcom_args_with_operators', 'example_xcom_args']) retrieved from /Users/saiprasadreddykolan/airflow_venv/lib/python3.10/site-packages/airflow/example_dags/example_xcomargs.py
[2024-10-28T17:19:00.173-0700] {logging_mixin.py:150} INFO - [2024-10-28T17:19:00.172-0700] {dag.py:2742} INFO - Sync 2 DAGs
[2024-10-28T17:19:00.178-0700] {logging_mixin.py:150} INFO - [2024-10-28T17:19:00.178-0700] {dag.py:3504} INFO - Setting next_dagrun for example_xcom_args to None, run_after=None
[2024-10-28T17:19:00.179-0700] {logging_mixin.py:150} INFO - [2024-10-28T17:19:00.179-0700] {dag.py:3504} INFO - Setting next_dagrun for example_xcom_args_with_operators to None, run_after=None
[2024-10-28T17:19:00.186-0700] {processor.py:179} INFO - Processing /Users/saiprasadreddykolan/airflow_venv/lib/python3.10/site-packages/airflow/example_dags/example_xcomargs.py took 0.268 seconds
[2024-10-28T17:19:43.760-0700] {processor.py:157} INFO - Started process (PID=70623) to work on /Users/saiprasadreddykolan/airflow_venv/lib/python3.10/site-packages/airflow/example_dags/example_xcomargs.py
[2024-10-28T17:19:43.763-0700] {processor.py:826} INFO - Processing file /Users/saiprasadreddykolan/airflow_venv/lib/python3.10/site-packages/airflow/example_dags/example_xcomargs.py for tasks to queue
[2024-10-28T17:19:43.763-0700] {logging_mixin.py:150} INFO - [2024-10-28T17:19:43.763-0700] {dagbag.py:541} INFO - Filling up the DagBag from /Users/saiprasadreddykolan/airflow_venv/lib/python3.10/site-packages/airflow/example_dags/example_xcomargs.py
[2024-10-28T17:19:43.784-0700] {processor.py:836} INFO - DAG(s) dict_keys(['example_xcom_args', 'example_xcom_args_with_operators']) retrieved from /Users/saiprasadreddykolan/airflow_venv/lib/python3.10/site-packages/airflow/example_dags/example_xcomargs.py
[2024-10-28T17:19:44.032-0700] {logging_mixin.py:150} INFO - [2024-10-28T17:19:44.032-0700] {dag.py:2742} INFO - Sync 2 DAGs
[2024-10-28T17:19:44.039-0700] {logging_mixin.py:150} INFO - [2024-10-28T17:19:44.039-0700] {dag.py:3504} INFO - Setting next_dagrun for example_xcom_args to None, run_after=None
[2024-10-28T17:19:44.040-0700] {logging_mixin.py:150} INFO - [2024-10-28T17:19:44.040-0700] {dag.py:3504} INFO - Setting next_dagrun for example_xcom_args_with_operators to None, run_after=None
[2024-10-28T17:19:44.046-0700] {processor.py:179} INFO - Processing /Users/saiprasadreddykolan/airflow_venv/lib/python3.10/site-packages/airflow/example_dags/example_xcomargs.py took 0.286 seconds
[2024-10-28T17:20:31.482-0700] {processor.py:157} INFO - Started process (PID=70652) to work on /Users/saiprasadreddykolan/airflow_venv/lib/python3.10/site-packages/airflow/example_dags/example_xcomargs.py
[2024-10-28T17:20:31.485-0700] {processor.py:826} INFO - Processing file /Users/saiprasadreddykolan/airflow_venv/lib/python3.10/site-packages/airflow/example_dags/example_xcomargs.py for tasks to queue
[2024-10-28T17:20:31.485-0700] {logging_mixin.py:150} INFO - [2024-10-28T17:20:31.485-0700] {dagbag.py:541} INFO - Filling up the DagBag from /Users/saiprasadreddykolan/airflow_venv/lib/python3.10/site-packages/airflow/example_dags/example_xcomargs.py
[2024-10-28T17:20:31.509-0700] {processor.py:836} INFO - DAG(s) dict_keys(['example_xcom_args', 'example_xcom_args_with_operators']) retrieved from /Users/saiprasadreddykolan/airflow_venv/lib/python3.10/site-packages/airflow/example_dags/example_xcomargs.py
[2024-10-28T17:20:31.744-0700] {logging_mixin.py:150} INFO - [2024-10-28T17:20:31.744-0700] {dag.py:2742} INFO - Sync 2 DAGs
[2024-10-28T17:20:31.751-0700] {logging_mixin.py:150} INFO - [2024-10-28T17:20:31.751-0700] {dag.py:3504} INFO - Setting next_dagrun for example_xcom_args to None, run_after=None
[2024-10-28T17:20:31.753-0700] {logging_mixin.py:150} INFO - [2024-10-28T17:20:31.753-0700] {dag.py:3504} INFO - Setting next_dagrun for example_xcom_args_with_operators to None, run_after=None
[2024-10-28T17:20:31.761-0700] {processor.py:179} INFO - Processing /Users/saiprasadreddykolan/airflow_venv/lib/python3.10/site-packages/airflow/example_dags/example_xcomargs.py took 0.279 seconds
[2024-10-28T17:21:19.543-0700] {processor.py:157} INFO - Started process (PID=70685) to work on /Users/saiprasadreddykolan/airflow_venv/lib/python3.10/site-packages/airflow/example_dags/example_xcomargs.py
[2024-10-28T17:21:19.544-0700] {processor.py:826} INFO - Processing file /Users/saiprasadreddykolan/airflow_venv/lib/python3.10/site-packages/airflow/example_dags/example_xcomargs.py for tasks to queue
[2024-10-28T17:21:19.545-0700] {logging_mixin.py:150} INFO - [2024-10-28T17:21:19.544-0700] {dagbag.py:541} INFO - Filling up the DagBag from /Users/saiprasadreddykolan/airflow_venv/lib/python3.10/site-packages/airflow/example_dags/example_xcomargs.py
[2024-10-28T17:21:19.562-0700] {processor.py:836} INFO - DAG(s) dict_keys(['example_xcom_args', 'example_xcom_args_with_operators']) retrieved from /Users/saiprasadreddykolan/airflow_venv/lib/python3.10/site-packages/airflow/example_dags/example_xcomargs.py
[2024-10-28T17:21:19.786-0700] {logging_mixin.py:150} INFO - [2024-10-28T17:21:19.786-0700] {dag.py:2742} INFO - Sync 2 DAGs
[2024-10-28T17:21:19.791-0700] {logging_mixin.py:150} INFO - [2024-10-28T17:21:19.791-0700] {dag.py:3504} INFO - Setting next_dagrun for example_xcom_args to None, run_after=None
[2024-10-28T17:21:19.792-0700] {logging_mixin.py:150} INFO - [2024-10-28T17:21:19.792-0700] {dag.py:3504} INFO - Setting next_dagrun for example_xcom_args_with_operators to None, run_after=None
[2024-10-28T17:21:19.797-0700] {processor.py:179} INFO - Processing /Users/saiprasadreddykolan/airflow_venv/lib/python3.10/site-packages/airflow/example_dags/example_xcomargs.py took 0.255 seconds
[2024-10-28T17:22:05.104-0700] {processor.py:157} INFO - Started process (PID=70716) to work on /Users/saiprasadreddykolan/airflow_venv/lib/python3.10/site-packages/airflow/example_dags/example_xcomargs.py
[2024-10-28T17:22:05.106-0700] {processor.py:826} INFO - Processing file /Users/saiprasadreddykolan/airflow_venv/lib/python3.10/site-packages/airflow/example_dags/example_xcomargs.py for tasks to queue
[2024-10-28T17:22:05.107-0700] {logging_mixin.py:150} INFO - [2024-10-28T17:22:05.107-0700] {dagbag.py:541} INFO - Filling up the DagBag from /Users/saiprasadreddykolan/airflow_venv/lib/python3.10/site-packages/airflow/example_dags/example_xcomargs.py
[2024-10-28T17:22:05.124-0700] {processor.py:836} INFO - DAG(s) dict_keys(['example_xcom_args_with_operators', 'example_xcom_args']) retrieved from /Users/saiprasadreddykolan/airflow_venv/lib/python3.10/site-packages/airflow/example_dags/example_xcomargs.py
[2024-10-28T17:22:05.367-0700] {logging_mixin.py:150} INFO - [2024-10-28T17:22:05.367-0700] {dag.py:2742} INFO - Sync 2 DAGs
[2024-10-28T17:22:05.374-0700] {logging_mixin.py:150} INFO - [2024-10-28T17:22:05.374-0700] {dag.py:3504} INFO - Setting next_dagrun for example_xcom_args to None, run_after=None
[2024-10-28T17:22:05.375-0700] {logging_mixin.py:150} INFO - [2024-10-28T17:22:05.375-0700] {dag.py:3504} INFO - Setting next_dagrun for example_xcom_args_with_operators to None, run_after=None
[2024-10-28T17:22:05.383-0700] {processor.py:179} INFO - Processing /Users/saiprasadreddykolan/airflow_venv/lib/python3.10/site-packages/airflow/example_dags/example_xcomargs.py took 0.279 seconds
[2024-10-28T17:22:50.873-0700] {processor.py:157} INFO - Started process (PID=70756) to work on /Users/saiprasadreddykolan/airflow_venv/lib/python3.10/site-packages/airflow/example_dags/example_xcomargs.py
[2024-10-28T17:22:50.877-0700] {processor.py:826} INFO - Processing file /Users/saiprasadreddykolan/airflow_venv/lib/python3.10/site-packages/airflow/example_dags/example_xcomargs.py for tasks to queue
[2024-10-28T17:22:50.877-0700] {logging_mixin.py:150} INFO - [2024-10-28T17:22:50.877-0700] {dagbag.py:541} INFO - Filling up the DagBag from /Users/saiprasadreddykolan/airflow_venv/lib/python3.10/site-packages/airflow/example_dags/example_xcomargs.py
[2024-10-28T17:22:50.897-0700] {processor.py:836} INFO - DAG(s) dict_keys(['example_xcom_args_with_operators', 'example_xcom_args']) retrieved from /Users/saiprasadreddykolan/airflow_venv/lib/python3.10/site-packages/airflow/example_dags/example_xcomargs.py
[2024-10-28T17:22:51.136-0700] {logging_mixin.py:150} INFO - [2024-10-28T17:22:51.135-0700] {dag.py:2742} INFO - Sync 2 DAGs
[2024-10-28T17:22:51.141-0700] {logging_mixin.py:150} INFO - [2024-10-28T17:22:51.141-0700] {dag.py:3504} INFO - Setting next_dagrun for example_xcom_args to None, run_after=None
[2024-10-28T17:22:51.142-0700] {logging_mixin.py:150} INFO - [2024-10-28T17:22:51.142-0700] {dag.py:3504} INFO - Setting next_dagrun for example_xcom_args_with_operators to None, run_after=None
[2024-10-28T17:22:51.148-0700] {processor.py:179} INFO - Processing /Users/saiprasadreddykolan/airflow_venv/lib/python3.10/site-packages/airflow/example_dags/example_xcomargs.py took 0.275 seconds
[2024-10-28T17:24:17.687-0700] {processor.py:157} INFO - Started process (PID=70844) to work on /Users/saiprasadreddykolan/airflow_venv/lib/python3.10/site-packages/airflow/example_dags/example_xcomargs.py
[2024-10-28T17:24:17.690-0700] {processor.py:826} INFO - Processing file /Users/saiprasadreddykolan/airflow_venv/lib/python3.10/site-packages/airflow/example_dags/example_xcomargs.py for tasks to queue
[2024-10-28T17:24:17.690-0700] {logging_mixin.py:150} INFO - [2024-10-28T17:24:17.690-0700] {dagbag.py:541} INFO - Filling up the DagBag from /Users/saiprasadreddykolan/airflow_venv/lib/python3.10/site-packages/airflow/example_dags/example_xcomargs.py
[2024-10-28T17:24:17.709-0700] {processor.py:836} INFO - DAG(s) dict_keys(['example_xcom_args', 'example_xcom_args_with_operators']) retrieved from /Users/saiprasadreddykolan/airflow_venv/lib/python3.10/site-packages/airflow/example_dags/example_xcomargs.py
[2024-10-28T17:24:17.926-0700] {logging_mixin.py:150} INFO - [2024-10-28T17:24:17.926-0700] {dag.py:2742} INFO - Sync 2 DAGs
[2024-10-28T17:24:17.932-0700] {logging_mixin.py:150} INFO - [2024-10-28T17:24:17.932-0700] {dag.py:3504} INFO - Setting next_dagrun for example_xcom_args to None, run_after=None
[2024-10-28T17:24:17.933-0700] {logging_mixin.py:150} INFO - [2024-10-28T17:24:17.933-0700] {dag.py:3504} INFO - Setting next_dagrun for example_xcom_args_with_operators to None, run_after=None
[2024-10-28T17:24:17.939-0700] {processor.py:179} INFO - Processing /Users/saiprasadreddykolan/airflow_venv/lib/python3.10/site-packages/airflow/example_dags/example_xcomargs.py took 0.252 seconds
[2024-10-28T17:25:06.916-0700] {processor.py:157} INFO - Started process (PID=70889) to work on /Users/saiprasadreddykolan/airflow_venv/lib/python3.10/site-packages/airflow/example_dags/example_xcomargs.py
[2024-10-28T17:25:06.918-0700] {processor.py:826} INFO - Processing file /Users/saiprasadreddykolan/airflow_venv/lib/python3.10/site-packages/airflow/example_dags/example_xcomargs.py for tasks to queue
[2024-10-28T17:25:06.919-0700] {logging_mixin.py:150} INFO - [2024-10-28T17:25:06.918-0700] {dagbag.py:541} INFO - Filling up the DagBag from /Users/saiprasadreddykolan/airflow_venv/lib/python3.10/site-packages/airflow/example_dags/example_xcomargs.py
[2024-10-28T17:25:06.938-0700] {processor.py:836} INFO - DAG(s) dict_keys(['example_xcom_args_with_operators', 'example_xcom_args']) retrieved from /Users/saiprasadreddykolan/airflow_venv/lib/python3.10/site-packages/airflow/example_dags/example_xcomargs.py
[2024-10-28T17:25:07.164-0700] {logging_mixin.py:150} INFO - [2024-10-28T17:25:07.164-0700] {dag.py:2742} INFO - Sync 2 DAGs
[2024-10-28T17:25:07.171-0700] {logging_mixin.py:150} INFO - [2024-10-28T17:25:07.171-0700] {dag.py:3504} INFO - Setting next_dagrun for example_xcom_args to None, run_after=None
[2024-10-28T17:25:07.173-0700] {logging_mixin.py:150} INFO - [2024-10-28T17:25:07.173-0700] {dag.py:3504} INFO - Setting next_dagrun for example_xcom_args_with_operators to None, run_after=None
[2024-10-28T17:25:07.178-0700] {processor.py:179} INFO - Processing /Users/saiprasadreddykolan/airflow_venv/lib/python3.10/site-packages/airflow/example_dags/example_xcomargs.py took 0.262 seconds
[2024-10-28T17:25:52.992-0700] {processor.py:157} INFO - Started process (PID=70946) to work on /Users/saiprasadreddykolan/airflow_venv/lib/python3.10/site-packages/airflow/example_dags/example_xcomargs.py
[2024-10-28T17:25:52.995-0700] {processor.py:826} INFO - Processing file /Users/saiprasadreddykolan/airflow_venv/lib/python3.10/site-packages/airflow/example_dags/example_xcomargs.py for tasks to queue
[2024-10-28T17:25:52.995-0700] {logging_mixin.py:150} INFO - [2024-10-28T17:25:52.995-0700] {dagbag.py:541} INFO - Filling up the DagBag from /Users/saiprasadreddykolan/airflow_venv/lib/python3.10/site-packages/airflow/example_dags/example_xcomargs.py
[2024-10-28T17:25:53.015-0700] {processor.py:836} INFO - DAG(s) dict_keys(['example_xcom_args_with_operators', 'example_xcom_args']) retrieved from /Users/saiprasadreddykolan/airflow_venv/lib/python3.10/site-packages/airflow/example_dags/example_xcomargs.py
[2024-10-28T17:25:53.266-0700] {logging_mixin.py:150} INFO - [2024-10-28T17:25:53.265-0700] {dag.py:2742} INFO - Sync 2 DAGs
[2024-10-28T17:25:53.271-0700] {logging_mixin.py:150} INFO - [2024-10-28T17:25:53.271-0700] {dag.py:3504} INFO - Setting next_dagrun for example_xcom_args to None, run_after=None
[2024-10-28T17:25:53.272-0700] {logging_mixin.py:150} INFO - [2024-10-28T17:25:53.272-0700] {dag.py:3504} INFO - Setting next_dagrun for example_xcom_args_with_operators to None, run_after=None
[2024-10-28T17:25:53.277-0700] {processor.py:179} INFO - Processing /Users/saiprasadreddykolan/airflow_venv/lib/python3.10/site-packages/airflow/example_dags/example_xcomargs.py took 0.286 seconds
[2024-10-28T17:26:40.487-0700] {processor.py:157} INFO - Started process (PID=70975) to work on /Users/saiprasadreddykolan/airflow_venv/lib/python3.10/site-packages/airflow/example_dags/example_xcomargs.py
[2024-10-28T17:26:40.489-0700] {processor.py:826} INFO - Processing file /Users/saiprasadreddykolan/airflow_venv/lib/python3.10/site-packages/airflow/example_dags/example_xcomargs.py for tasks to queue
[2024-10-28T17:26:40.490-0700] {logging_mixin.py:150} INFO - [2024-10-28T17:26:40.490-0700] {dagbag.py:541} INFO - Filling up the DagBag from /Users/saiprasadreddykolan/airflow_venv/lib/python3.10/site-packages/airflow/example_dags/example_xcomargs.py
[2024-10-28T17:26:40.510-0700] {processor.py:836} INFO - DAG(s) dict_keys(['example_xcom_args', 'example_xcom_args_with_operators']) retrieved from /Users/saiprasadreddykolan/airflow_venv/lib/python3.10/site-packages/airflow/example_dags/example_xcomargs.py
[2024-10-28T17:26:40.730-0700] {logging_mixin.py:150} INFO - [2024-10-28T17:26:40.729-0700] {dag.py:2742} INFO - Sync 2 DAGs
[2024-10-28T17:26:40.735-0700] {logging_mixin.py:150} INFO - [2024-10-28T17:26:40.735-0700] {dag.py:3504} INFO - Setting next_dagrun for example_xcom_args to None, run_after=None
[2024-10-28T17:26:40.736-0700] {logging_mixin.py:150} INFO - [2024-10-28T17:26:40.736-0700] {dag.py:3504} INFO - Setting next_dagrun for example_xcom_args_with_operators to None, run_after=None
[2024-10-28T17:26:40.741-0700] {processor.py:179} INFO - Processing /Users/saiprasadreddykolan/airflow_venv/lib/python3.10/site-packages/airflow/example_dags/example_xcomargs.py took 0.255 seconds
[2024-10-28T17:27:25.246-0700] {processor.py:157} INFO - Started process (PID=71012) to work on /Users/saiprasadreddykolan/airflow_venv/lib/python3.10/site-packages/airflow/example_dags/example_xcomargs.py
[2024-10-28T17:27:25.249-0700] {processor.py:826} INFO - Processing file /Users/saiprasadreddykolan/airflow_venv/lib/python3.10/site-packages/airflow/example_dags/example_xcomargs.py for tasks to queue
[2024-10-28T17:27:25.249-0700] {logging_mixin.py:150} INFO - [2024-10-28T17:27:25.249-0700] {dagbag.py:541} INFO - Filling up the DagBag from /Users/saiprasadreddykolan/airflow_venv/lib/python3.10/site-packages/airflow/example_dags/example_xcomargs.py
[2024-10-28T17:27:25.267-0700] {processor.py:836} INFO - DAG(s) dict_keys(['example_xcom_args', 'example_xcom_args_with_operators']) retrieved from /Users/saiprasadreddykolan/airflow_venv/lib/python3.10/site-packages/airflow/example_dags/example_xcomargs.py
[2024-10-28T17:27:25.485-0700] {logging_mixin.py:150} INFO - [2024-10-28T17:27:25.485-0700] {dag.py:2742} INFO - Sync 2 DAGs
[2024-10-28T17:27:25.491-0700] {logging_mixin.py:150} INFO - [2024-10-28T17:27:25.491-0700] {dag.py:3504} INFO - Setting next_dagrun for example_xcom_args to None, run_after=None
[2024-10-28T17:27:25.492-0700] {logging_mixin.py:150} INFO - [2024-10-28T17:27:25.492-0700] {dag.py:3504} INFO - Setting next_dagrun for example_xcom_args_with_operators to None, run_after=None
[2024-10-28T17:27:25.497-0700] {processor.py:179} INFO - Processing /Users/saiprasadreddykolan/airflow_venv/lib/python3.10/site-packages/airflow/example_dags/example_xcomargs.py took 0.252 seconds
[2024-10-28T17:28:09.375-0700] {processor.py:157} INFO - Started process (PID=71042) to work on /Users/saiprasadreddykolan/airflow_venv/lib/python3.10/site-packages/airflow/example_dags/example_xcomargs.py
[2024-10-28T17:28:09.378-0700] {processor.py:826} INFO - Processing file /Users/saiprasadreddykolan/airflow_venv/lib/python3.10/site-packages/airflow/example_dags/example_xcomargs.py for tasks to queue
[2024-10-28T17:28:09.378-0700] {logging_mixin.py:150} INFO - [2024-10-28T17:28:09.378-0700] {dagbag.py:541} INFO - Filling up the DagBag from /Users/saiprasadreddykolan/airflow_venv/lib/python3.10/site-packages/airflow/example_dags/example_xcomargs.py
[2024-10-28T17:28:09.396-0700] {processor.py:836} INFO - DAG(s) dict_keys(['example_xcom_args', 'example_xcom_args_with_operators']) retrieved from /Users/saiprasadreddykolan/airflow_venv/lib/python3.10/site-packages/airflow/example_dags/example_xcomargs.py
[2024-10-28T17:28:09.623-0700] {logging_mixin.py:150} INFO - [2024-10-28T17:28:09.623-0700] {dag.py:2742} INFO - Sync 2 DAGs
[2024-10-28T17:28:09.628-0700] {logging_mixin.py:150} INFO - [2024-10-28T17:28:09.628-0700] {dag.py:3504} INFO - Setting next_dagrun for example_xcom_args to None, run_after=None
[2024-10-28T17:28:09.629-0700] {logging_mixin.py:150} INFO - [2024-10-28T17:28:09.629-0700] {dag.py:3504} INFO - Setting next_dagrun for example_xcom_args_with_operators to None, run_after=None
[2024-10-28T17:28:09.635-0700] {processor.py:179} INFO - Processing /Users/saiprasadreddykolan/airflow_venv/lib/python3.10/site-packages/airflow/example_dags/example_xcomargs.py took 0.260 seconds
[2024-10-28T17:28:55.326-0700] {processor.py:157} INFO - Started process (PID=71077) to work on /Users/saiprasadreddykolan/airflow_venv/lib/python3.10/site-packages/airflow/example_dags/example_xcomargs.py
[2024-10-28T17:28:55.329-0700] {processor.py:826} INFO - Processing file /Users/saiprasadreddykolan/airflow_venv/lib/python3.10/site-packages/airflow/example_dags/example_xcomargs.py for tasks to queue
[2024-10-28T17:28:55.329-0700] {logging_mixin.py:150} INFO - [2024-10-28T17:28:55.329-0700] {dagbag.py:541} INFO - Filling up the DagBag from /Users/saiprasadreddykolan/airflow_venv/lib/python3.10/site-packages/airflow/example_dags/example_xcomargs.py
[2024-10-28T17:28:55.348-0700] {processor.py:836} INFO - DAG(s) dict_keys(['example_xcom_args', 'example_xcom_args_with_operators']) retrieved from /Users/saiprasadreddykolan/airflow_venv/lib/python3.10/site-packages/airflow/example_dags/example_xcomargs.py
[2024-10-28T17:28:55.569-0700] {logging_mixin.py:150} INFO - [2024-10-28T17:28:55.569-0700] {dag.py:2742} INFO - Sync 2 DAGs
[2024-10-28T17:28:55.574-0700] {logging_mixin.py:150} INFO - [2024-10-28T17:28:55.574-0700] {dag.py:3504} INFO - Setting next_dagrun for example_xcom_args to None, run_after=None
[2024-10-28T17:28:55.575-0700] {logging_mixin.py:150} INFO - [2024-10-28T17:28:55.575-0700] {dag.py:3504} INFO - Setting next_dagrun for example_xcom_args_with_operators to None, run_after=None
[2024-10-28T17:28:55.581-0700] {processor.py:179} INFO - Processing /Users/saiprasadreddykolan/airflow_venv/lib/python3.10/site-packages/airflow/example_dags/example_xcomargs.py took 0.255 seconds
[2024-10-28T17:29:42.385-0700] {processor.py:157} INFO - Started process (PID=71117) to work on /Users/saiprasadreddykolan/airflow_venv/lib/python3.10/site-packages/airflow/example_dags/example_xcomargs.py
[2024-10-28T17:29:42.387-0700] {processor.py:826} INFO - Processing file /Users/saiprasadreddykolan/airflow_venv/lib/python3.10/site-packages/airflow/example_dags/example_xcomargs.py for tasks to queue
[2024-10-28T17:29:42.387-0700] {logging_mixin.py:150} INFO - [2024-10-28T17:29:42.387-0700] {dagbag.py:541} INFO - Filling up the DagBag from /Users/saiprasadreddykolan/airflow_venv/lib/python3.10/site-packages/airflow/example_dags/example_xcomargs.py
[2024-10-28T17:29:42.405-0700] {processor.py:836} INFO - DAG(s) dict_keys(['example_xcom_args_with_operators', 'example_xcom_args']) retrieved from /Users/saiprasadreddykolan/airflow_venv/lib/python3.10/site-packages/airflow/example_dags/example_xcomargs.py
[2024-10-28T17:29:42.622-0700] {logging_mixin.py:150} INFO - [2024-10-28T17:29:42.622-0700] {dag.py:2742} INFO - Sync 2 DAGs
[2024-10-28T17:29:42.627-0700] {logging_mixin.py:150} INFO - [2024-10-28T17:29:42.627-0700] {dag.py:3504} INFO - Setting next_dagrun for example_xcom_args to None, run_after=None
[2024-10-28T17:29:42.628-0700] {logging_mixin.py:150} INFO - [2024-10-28T17:29:42.628-0700] {dag.py:3504} INFO - Setting next_dagrun for example_xcom_args_with_operators to None, run_after=None
[2024-10-28T17:29:42.633-0700] {processor.py:179} INFO - Processing /Users/saiprasadreddykolan/airflow_venv/lib/python3.10/site-packages/airflow/example_dags/example_xcomargs.py took 0.249 seconds
[2024-10-28T17:30:31.745-0700] {processor.py:157} INFO - Started process (PID=71151) to work on /Users/saiprasadreddykolan/airflow_venv/lib/python3.10/site-packages/airflow/example_dags/example_xcomargs.py
[2024-10-28T17:30:31.747-0700] {processor.py:826} INFO - Processing file /Users/saiprasadreddykolan/airflow_venv/lib/python3.10/site-packages/airflow/example_dags/example_xcomargs.py for tasks to queue
[2024-10-28T17:30:31.748-0700] {logging_mixin.py:150} INFO - [2024-10-28T17:30:31.748-0700] {dagbag.py:541} INFO - Filling up the DagBag from /Users/saiprasadreddykolan/airflow_venv/lib/python3.10/site-packages/airflow/example_dags/example_xcomargs.py
[2024-10-28T17:30:31.766-0700] {processor.py:836} INFO - DAG(s) dict_keys(['example_xcom_args_with_operators', 'example_xcom_args']) retrieved from /Users/saiprasadreddykolan/airflow_venv/lib/python3.10/site-packages/airflow/example_dags/example_xcomargs.py
[2024-10-28T17:30:32.015-0700] {logging_mixin.py:150} INFO - [2024-10-28T17:30:32.015-0700] {dag.py:2742} INFO - Sync 2 DAGs
[2024-10-28T17:30:32.020-0700] {logging_mixin.py:150} INFO - [2024-10-28T17:30:32.020-0700] {dag.py:3504} INFO - Setting next_dagrun for example_xcom_args to None, run_after=None
[2024-10-28T17:30:32.021-0700] {logging_mixin.py:150} INFO - [2024-10-28T17:30:32.021-0700] {dag.py:3504} INFO - Setting next_dagrun for example_xcom_args_with_operators to None, run_after=None
[2024-10-28T17:30:32.027-0700] {processor.py:179} INFO - Processing /Users/saiprasadreddykolan/airflow_venv/lib/python3.10/site-packages/airflow/example_dags/example_xcomargs.py took 0.282 seconds
[2024-10-28T17:31:19.951-0700] {processor.py:157} INFO - Started process (PID=71186) to work on /Users/saiprasadreddykolan/airflow_venv/lib/python3.10/site-packages/airflow/example_dags/example_xcomargs.py
[2024-10-28T17:31:19.953-0700] {processor.py:826} INFO - Processing file /Users/saiprasadreddykolan/airflow_venv/lib/python3.10/site-packages/airflow/example_dags/example_xcomargs.py for tasks to queue
[2024-10-28T17:31:19.954-0700] {logging_mixin.py:150} INFO - [2024-10-28T17:31:19.954-0700] {dagbag.py:541} INFO - Filling up the DagBag from /Users/saiprasadreddykolan/airflow_venv/lib/python3.10/site-packages/airflow/example_dags/example_xcomargs.py
[2024-10-28T17:31:19.972-0700] {processor.py:836} INFO - DAG(s) dict_keys(['example_xcom_args_with_operators', 'example_xcom_args']) retrieved from /Users/saiprasadreddykolan/airflow_venv/lib/python3.10/site-packages/airflow/example_dags/example_xcomargs.py
[2024-10-28T17:31:20.187-0700] {logging_mixin.py:150} INFO - [2024-10-28T17:31:20.187-0700] {dag.py:2742} INFO - Sync 2 DAGs
[2024-10-28T17:31:20.192-0700] {logging_mixin.py:150} INFO - [2024-10-28T17:31:20.192-0700] {dag.py:3504} INFO - Setting next_dagrun for example_xcom_args to None, run_after=None
[2024-10-28T17:31:20.193-0700] {logging_mixin.py:150} INFO - [2024-10-28T17:31:20.193-0700] {dag.py:3504} INFO - Setting next_dagrun for example_xcom_args_with_operators to None, run_after=None
[2024-10-28T17:31:20.199-0700] {processor.py:179} INFO - Processing /Users/saiprasadreddykolan/airflow_venv/lib/python3.10/site-packages/airflow/example_dags/example_xcomargs.py took 0.248 seconds
[2024-10-28T17:32:49.439-0700] {processor.py:157} INFO - Started process (PID=71254) to work on /Users/saiprasadreddykolan/airflow_venv/lib/python3.10/site-packages/airflow/example_dags/example_xcomargs.py
[2024-10-28T17:32:49.442-0700] {processor.py:826} INFO - Processing file /Users/saiprasadreddykolan/airflow_venv/lib/python3.10/site-packages/airflow/example_dags/example_xcomargs.py for tasks to queue
[2024-10-28T17:32:49.442-0700] {logging_mixin.py:150} INFO - [2024-10-28T17:32:49.442-0700] {dagbag.py:541} INFO - Filling up the DagBag from /Users/saiprasadreddykolan/airflow_venv/lib/python3.10/site-packages/airflow/example_dags/example_xcomargs.py
[2024-10-28T17:32:49.460-0700] {processor.py:836} INFO - DAG(s) dict_keys(['example_xcom_args_with_operators', 'example_xcom_args']) retrieved from /Users/saiprasadreddykolan/airflow_venv/lib/python3.10/site-packages/airflow/example_dags/example_xcomargs.py
[2024-10-28T17:32:49.676-0700] {logging_mixin.py:150} INFO - [2024-10-28T17:32:49.676-0700] {dag.py:2742} INFO - Sync 2 DAGs
[2024-10-28T17:32:49.682-0700] {logging_mixin.py:150} INFO - [2024-10-28T17:32:49.682-0700] {dag.py:3504} INFO - Setting next_dagrun for example_xcom_args to None, run_after=None
[2024-10-28T17:32:49.682-0700] {logging_mixin.py:150} INFO - [2024-10-28T17:32:49.682-0700] {dag.py:3504} INFO - Setting next_dagrun for example_xcom_args_with_operators to None, run_after=None
[2024-10-28T17:32:49.688-0700] {processor.py:179} INFO - Processing /Users/saiprasadreddykolan/airflow_venv/lib/python3.10/site-packages/airflow/example_dags/example_xcomargs.py took 0.249 seconds
[2024-10-28T17:33:38.689-0700] {processor.py:157} INFO - Started process (PID=71291) to work on /Users/saiprasadreddykolan/airflow_venv/lib/python3.10/site-packages/airflow/example_dags/example_xcomargs.py
[2024-10-28T17:33:38.692-0700] {processor.py:826} INFO - Processing file /Users/saiprasadreddykolan/airflow_venv/lib/python3.10/site-packages/airflow/example_dags/example_xcomargs.py for tasks to queue
[2024-10-28T17:33:38.692-0700] {logging_mixin.py:150} INFO - [2024-10-28T17:33:38.692-0700] {dagbag.py:541} INFO - Filling up the DagBag from /Users/saiprasadreddykolan/airflow_venv/lib/python3.10/site-packages/airflow/example_dags/example_xcomargs.py
[2024-10-28T17:33:38.710-0700] {processor.py:836} INFO - DAG(s) dict_keys(['example_xcom_args_with_operators', 'example_xcom_args']) retrieved from /Users/saiprasadreddykolan/airflow_venv/lib/python3.10/site-packages/airflow/example_dags/example_xcomargs.py
[2024-10-28T17:33:38.948-0700] {logging_mixin.py:150} INFO - [2024-10-28T17:33:38.948-0700] {dag.py:2742} INFO - Sync 2 DAGs
[2024-10-28T17:33:38.955-0700] {logging_mixin.py:150} INFO - [2024-10-28T17:33:38.955-0700] {dag.py:3504} INFO - Setting next_dagrun for example_xcom_args to None, run_after=None
[2024-10-28T17:33:38.956-0700] {logging_mixin.py:150} INFO - [2024-10-28T17:33:38.956-0700] {dag.py:3504} INFO - Setting next_dagrun for example_xcom_args_with_operators to None, run_after=None
[2024-10-28T17:33:38.965-0700] {processor.py:179} INFO - Processing /Users/saiprasadreddykolan/airflow_venv/lib/python3.10/site-packages/airflow/example_dags/example_xcomargs.py took 0.275 seconds
[2024-10-28T17:34:26.106-0700] {processor.py:157} INFO - Started process (PID=71324) to work on /Users/saiprasadreddykolan/airflow_venv/lib/python3.10/site-packages/airflow/example_dags/example_xcomargs.py
[2024-10-28T17:34:26.108-0700] {processor.py:826} INFO - Processing file /Users/saiprasadreddykolan/airflow_venv/lib/python3.10/site-packages/airflow/example_dags/example_xcomargs.py for tasks to queue
[2024-10-28T17:34:26.108-0700] {logging_mixin.py:150} INFO - [2024-10-28T17:34:26.108-0700] {dagbag.py:541} INFO - Filling up the DagBag from /Users/saiprasadreddykolan/airflow_venv/lib/python3.10/site-packages/airflow/example_dags/example_xcomargs.py
[2024-10-28T17:34:26.126-0700] {processor.py:836} INFO - DAG(s) dict_keys(['example_xcom_args_with_operators', 'example_xcom_args']) retrieved from /Users/saiprasadreddykolan/airflow_venv/lib/python3.10/site-packages/airflow/example_dags/example_xcomargs.py
[2024-10-28T17:34:26.344-0700] {logging_mixin.py:150} INFO - [2024-10-28T17:34:26.344-0700] {dag.py:2742} INFO - Sync 2 DAGs
[2024-10-28T17:34:26.350-0700] {logging_mixin.py:150} INFO - [2024-10-28T17:34:26.350-0700] {dag.py:3504} INFO - Setting next_dagrun for example_xcom_args to None, run_after=None
[2024-10-28T17:34:26.350-0700] {logging_mixin.py:150} INFO - [2024-10-28T17:34:26.350-0700] {dag.py:3504} INFO - Setting next_dagrun for example_xcom_args_with_operators to None, run_after=None
[2024-10-28T17:34:26.356-0700] {processor.py:179} INFO - Processing /Users/saiprasadreddykolan/airflow_venv/lib/python3.10/site-packages/airflow/example_dags/example_xcomargs.py took 0.251 seconds
[2024-10-28T17:35:13.547-0700] {processor.py:157} INFO - Started process (PID=71353) to work on /Users/saiprasadreddykolan/airflow_venv/lib/python3.10/site-packages/airflow/example_dags/example_xcomargs.py
[2024-10-28T17:35:13.550-0700] {processor.py:826} INFO - Processing file /Users/saiprasadreddykolan/airflow_venv/lib/python3.10/site-packages/airflow/example_dags/example_xcomargs.py for tasks to queue
[2024-10-28T17:35:13.550-0700] {logging_mixin.py:150} INFO - [2024-10-28T17:35:13.550-0700] {dagbag.py:541} INFO - Filling up the DagBag from /Users/saiprasadreddykolan/airflow_venv/lib/python3.10/site-packages/airflow/example_dags/example_xcomargs.py
[2024-10-28T17:35:13.567-0700] {processor.py:836} INFO - DAG(s) dict_keys(['example_xcom_args', 'example_xcom_args_with_operators']) retrieved from /Users/saiprasadreddykolan/airflow_venv/lib/python3.10/site-packages/airflow/example_dags/example_xcomargs.py
[2024-10-28T17:35:13.783-0700] {logging_mixin.py:150} INFO - [2024-10-28T17:35:13.783-0700] {dag.py:2742} INFO - Sync 2 DAGs
[2024-10-28T17:35:13.789-0700] {logging_mixin.py:150} INFO - [2024-10-28T17:35:13.789-0700] {dag.py:3504} INFO - Setting next_dagrun for example_xcom_args to None, run_after=None
[2024-10-28T17:35:13.790-0700] {logging_mixin.py:150} INFO - [2024-10-28T17:35:13.789-0700] {dag.py:3504} INFO - Setting next_dagrun for example_xcom_args_with_operators to None, run_after=None
[2024-10-28T17:35:13.795-0700] {processor.py:179} INFO - Processing /Users/saiprasadreddykolan/airflow_venv/lib/python3.10/site-packages/airflow/example_dags/example_xcomargs.py took 0.248 seconds
[2024-10-28T17:35:59.316-0700] {processor.py:157} INFO - Started process (PID=71387) to work on /Users/saiprasadreddykolan/airflow_venv/lib/python3.10/site-packages/airflow/example_dags/example_xcomargs.py
[2024-10-28T17:35:59.318-0700] {processor.py:826} INFO - Processing file /Users/saiprasadreddykolan/airflow_venv/lib/python3.10/site-packages/airflow/example_dags/example_xcomargs.py for tasks to queue
[2024-10-28T17:35:59.319-0700] {logging_mixin.py:150} INFO - [2024-10-28T17:35:59.318-0700] {dagbag.py:541} INFO - Filling up the DagBag from /Users/saiprasadreddykolan/airflow_venv/lib/python3.10/site-packages/airflow/example_dags/example_xcomargs.py
[2024-10-28T17:35:59.338-0700] {processor.py:836} INFO - DAG(s) dict_keys(['example_xcom_args', 'example_xcom_args_with_operators']) retrieved from /Users/saiprasadreddykolan/airflow_venv/lib/python3.10/site-packages/airflow/example_dags/example_xcomargs.py
[2024-10-28T17:35:59.556-0700] {logging_mixin.py:150} INFO - [2024-10-28T17:35:59.556-0700] {dag.py:2742} INFO - Sync 2 DAGs
[2024-10-28T17:35:59.561-0700] {logging_mixin.py:150} INFO - [2024-10-28T17:35:59.561-0700] {dag.py:3504} INFO - Setting next_dagrun for example_xcom_args to None, run_after=None
[2024-10-28T17:35:59.562-0700] {logging_mixin.py:150} INFO - [2024-10-28T17:35:59.562-0700] {dag.py:3504} INFO - Setting next_dagrun for example_xcom_args_with_operators to None, run_after=None
[2024-10-28T17:35:59.568-0700] {processor.py:179} INFO - Processing /Users/saiprasadreddykolan/airflow_venv/lib/python3.10/site-packages/airflow/example_dags/example_xcomargs.py took 0.252 seconds
[2024-10-28T17:36:46.332-0700] {processor.py:157} INFO - Started process (PID=71422) to work on /Users/saiprasadreddykolan/airflow_venv/lib/python3.10/site-packages/airflow/example_dags/example_xcomargs.py
[2024-10-28T17:36:46.334-0700] {processor.py:826} INFO - Processing file /Users/saiprasadreddykolan/airflow_venv/lib/python3.10/site-packages/airflow/example_dags/example_xcomargs.py for tasks to queue
[2024-10-28T17:36:46.334-0700] {logging_mixin.py:150} INFO - [2024-10-28T17:36:46.334-0700] {dagbag.py:541} INFO - Filling up the DagBag from /Users/saiprasadreddykolan/airflow_venv/lib/python3.10/site-packages/airflow/example_dags/example_xcomargs.py
[2024-10-28T17:36:46.354-0700] {processor.py:836} INFO - DAG(s) dict_keys(['example_xcom_args', 'example_xcom_args_with_operators']) retrieved from /Users/saiprasadreddykolan/airflow_venv/lib/python3.10/site-packages/airflow/example_dags/example_xcomargs.py
[2024-10-28T17:36:46.595-0700] {logging_mixin.py:150} INFO - [2024-10-28T17:36:46.594-0700] {dag.py:2742} INFO - Sync 2 DAGs
[2024-10-28T17:36:46.600-0700] {logging_mixin.py:150} INFO - [2024-10-28T17:36:46.600-0700] {dag.py:3504} INFO - Setting next_dagrun for example_xcom_args to None, run_after=None
[2024-10-28T17:36:46.601-0700] {logging_mixin.py:150} INFO - [2024-10-28T17:36:46.601-0700] {dag.py:3504} INFO - Setting next_dagrun for example_xcom_args_with_operators to None, run_after=None
[2024-10-28T17:36:46.607-0700] {processor.py:179} INFO - Processing /Users/saiprasadreddykolan/airflow_venv/lib/python3.10/site-packages/airflow/example_dags/example_xcomargs.py took 0.275 seconds
[2024-10-28T17:37:33.003-0700] {processor.py:157} INFO - Started process (PID=71506) to work on /Users/saiprasadreddykolan/airflow_venv/lib/python3.10/site-packages/airflow/example_dags/example_xcomargs.py
[2024-10-28T17:37:33.006-0700] {processor.py:826} INFO - Processing file /Users/saiprasadreddykolan/airflow_venv/lib/python3.10/site-packages/airflow/example_dags/example_xcomargs.py for tasks to queue
[2024-10-28T17:37:33.006-0700] {logging_mixin.py:150} INFO - [2024-10-28T17:37:33.006-0700] {dagbag.py:541} INFO - Filling up the DagBag from /Users/saiprasadreddykolan/airflow_venv/lib/python3.10/site-packages/airflow/example_dags/example_xcomargs.py
[2024-10-28T17:37:33.026-0700] {processor.py:836} INFO - DAG(s) dict_keys(['example_xcom_args_with_operators', 'example_xcom_args']) retrieved from /Users/saiprasadreddykolan/airflow_venv/lib/python3.10/site-packages/airflow/example_dags/example_xcomargs.py
[2024-10-28T17:37:33.320-0700] {logging_mixin.py:150} INFO - [2024-10-28T17:37:33.320-0700] {dag.py:2742} INFO - Sync 2 DAGs
[2024-10-28T17:37:33.328-0700] {logging_mixin.py:150} INFO - [2024-10-28T17:37:33.328-0700] {dag.py:3504} INFO - Setting next_dagrun for example_xcom_args to None, run_after=None
[2024-10-28T17:37:33.330-0700] {logging_mixin.py:150} INFO - [2024-10-28T17:37:33.330-0700] {dag.py:3504} INFO - Setting next_dagrun for example_xcom_args_with_operators to None, run_after=None
[2024-10-28T17:37:33.338-0700] {processor.py:179} INFO - Processing /Users/saiprasadreddykolan/airflow_venv/lib/python3.10/site-packages/airflow/example_dags/example_xcomargs.py took 0.335 seconds
