[2024-10-28T17:00:29.284-0700] {processor.py:157} INFO - Started process (PID=69735) to work on /Users/saiprasadreddykolan/airflow_venv/lib/python3.10/site-packages/airflow/example_dags/example_params_trigger_ui.py
[2024-10-28T17:00:29.286-0700] {processor.py:826} INFO - Processing file /Users/saiprasadreddykolan/airflow_venv/lib/python3.10/site-packages/airflow/example_dags/example_params_trigger_ui.py for tasks to queue
[2024-10-28T17:00:29.286-0700] {logging_mixin.py:150} INFO - [2024-10-28T17:00:29.286-0700] {dagbag.py:541} INFO - Filling up the DagBag from /Users/saiprasadreddykolan/airflow_venv/lib/python3.10/site-packages/airflow/example_dags/example_params_trigger_ui.py
[2024-10-28T17:00:29.318-0700] {processor.py:836} INFO - DAG(s) dict_keys(['example_params_trigger_ui']) retrieved from /Users/saiprasadreddykolan/airflow_venv/lib/python3.10/site-packages/airflow/example_dags/example_params_trigger_ui.py
[2024-10-28T17:00:29.527-0700] {logging_mixin.py:150} INFO - [2024-10-28T17:00:29.527-0700] {dag.py:2742} INFO - Sync 1 DAGs
[2024-10-28T17:00:29.533-0700] {logging_mixin.py:150} INFO - [2024-10-28T17:00:29.533-0700] {dag.py:3504} INFO - Setting next_dagrun for example_params_trigger_ui to None, run_after=None
[2024-10-28T17:00:29.539-0700] {processor.py:179} INFO - Processing /Users/saiprasadreddykolan/airflow_venv/lib/python3.10/site-packages/airflow/example_dags/example_params_trigger_ui.py took 0.254 seconds
[2024-10-28T17:01:55.689-0700] {processor.py:157} INFO - Started process (PID=69809) to work on /Users/saiprasadreddykolan/airflow_venv/lib/python3.10/site-packages/airflow/example_dags/example_params_trigger_ui.py
[2024-10-28T17:01:55.691-0700] {processor.py:826} INFO - Processing file /Users/saiprasadreddykolan/airflow_venv/lib/python3.10/site-packages/airflow/example_dags/example_params_trigger_ui.py for tasks to queue
[2024-10-28T17:01:55.691-0700] {logging_mixin.py:150} INFO - [2024-10-28T17:01:55.691-0700] {dagbag.py:541} INFO - Filling up the DagBag from /Users/saiprasadreddykolan/airflow_venv/lib/python3.10/site-packages/airflow/example_dags/example_params_trigger_ui.py
[2024-10-28T17:01:55.723-0700] {processor.py:836} INFO - DAG(s) dict_keys(['example_params_trigger_ui']) retrieved from /Users/saiprasadreddykolan/airflow_venv/lib/python3.10/site-packages/airflow/example_dags/example_params_trigger_ui.py
[2024-10-28T17:01:55.932-0700] {logging_mixin.py:150} INFO - [2024-10-28T17:01:55.932-0700] {dag.py:2742} INFO - Sync 1 DAGs
[2024-10-28T17:01:55.938-0700] {logging_mixin.py:150} INFO - [2024-10-28T17:01:55.938-0700] {dag.py:3504} INFO - Setting next_dagrun for example_params_trigger_ui to None, run_after=None
[2024-10-28T17:01:55.944-0700] {processor.py:179} INFO - Processing /Users/saiprasadreddykolan/airflow_venv/lib/python3.10/site-packages/airflow/example_dags/example_params_trigger_ui.py took 0.256 seconds
[2024-10-28T17:03:27.542-0700] {processor.py:157} INFO - Started process (PID=69871) to work on /Users/saiprasadreddykolan/airflow_venv/lib/python3.10/site-packages/airflow/example_dags/example_params_trigger_ui.py
[2024-10-28T17:03:27.544-0700] {processor.py:826} INFO - Processing file /Users/saiprasadreddykolan/airflow_venv/lib/python3.10/site-packages/airflow/example_dags/example_params_trigger_ui.py for tasks to queue
[2024-10-28T17:03:27.544-0700] {logging_mixin.py:150} INFO - [2024-10-28T17:03:27.544-0700] {dagbag.py:541} INFO - Filling up the DagBag from /Users/saiprasadreddykolan/airflow_venv/lib/python3.10/site-packages/airflow/example_dags/example_params_trigger_ui.py
[2024-10-28T17:03:27.577-0700] {processor.py:836} INFO - DAG(s) dict_keys(['example_params_trigger_ui']) retrieved from /Users/saiprasadreddykolan/airflow_venv/lib/python3.10/site-packages/airflow/example_dags/example_params_trigger_ui.py
[2024-10-28T17:03:27.788-0700] {logging_mixin.py:150} INFO - [2024-10-28T17:03:27.787-0700] {dag.py:2742} INFO - Sync 1 DAGs
[2024-10-28T17:03:27.793-0700] {logging_mixin.py:150} INFO - [2024-10-28T17:03:27.793-0700] {dag.py:3504} INFO - Setting next_dagrun for example_params_trigger_ui to None, run_after=None
[2024-10-28T17:03:27.800-0700] {processor.py:179} INFO - Processing /Users/saiprasadreddykolan/airflow_venv/lib/python3.10/site-packages/airflow/example_dags/example_params_trigger_ui.py took 0.258 seconds
[2024-10-28T17:04:54.282-0700] {processor.py:157} INFO - Started process (PID=69936) to work on /Users/saiprasadreddykolan/airflow_venv/lib/python3.10/site-packages/airflow/example_dags/example_params_trigger_ui.py
[2024-10-28T17:04:54.284-0700] {processor.py:826} INFO - Processing file /Users/saiprasadreddykolan/airflow_venv/lib/python3.10/site-packages/airflow/example_dags/example_params_trigger_ui.py for tasks to queue
[2024-10-28T17:04:54.285-0700] {logging_mixin.py:150} INFO - [2024-10-28T17:04:54.284-0700] {dagbag.py:541} INFO - Filling up the DagBag from /Users/saiprasadreddykolan/airflow_venv/lib/python3.10/site-packages/airflow/example_dags/example_params_trigger_ui.py
[2024-10-28T17:04:54.318-0700] {processor.py:836} INFO - DAG(s) dict_keys(['example_params_trigger_ui']) retrieved from /Users/saiprasadreddykolan/airflow_venv/lib/python3.10/site-packages/airflow/example_dags/example_params_trigger_ui.py
[2024-10-28T17:04:54.529-0700] {logging_mixin.py:150} INFO - [2024-10-28T17:04:54.529-0700] {dag.py:2742} INFO - Sync 1 DAGs
[2024-10-28T17:04:54.534-0700] {logging_mixin.py:150} INFO - [2024-10-28T17:04:54.534-0700] {dag.py:3504} INFO - Setting next_dagrun for example_params_trigger_ui to None, run_after=None
[2024-10-28T17:04:54.541-0700] {processor.py:179} INFO - Processing /Users/saiprasadreddykolan/airflow_venv/lib/python3.10/site-packages/airflow/example_dags/example_params_trigger_ui.py took 0.259 seconds
[2024-10-28T17:06:32.192-0700] {processor.py:157} INFO - Started process (PID=69998) to work on /Users/saiprasadreddykolan/airflow_venv/lib/python3.10/site-packages/airflow/example_dags/example_params_trigger_ui.py
[2024-10-28T17:06:32.194-0700] {processor.py:826} INFO - Processing file /Users/saiprasadreddykolan/airflow_venv/lib/python3.10/site-packages/airflow/example_dags/example_params_trigger_ui.py for tasks to queue
[2024-10-28T17:06:32.195-0700] {logging_mixin.py:150} INFO - [2024-10-28T17:06:32.195-0700] {dagbag.py:541} INFO - Filling up the DagBag from /Users/saiprasadreddykolan/airflow_venv/lib/python3.10/site-packages/airflow/example_dags/example_params_trigger_ui.py
[2024-10-28T17:06:32.227-0700] {processor.py:836} INFO - DAG(s) dict_keys(['example_params_trigger_ui']) retrieved from /Users/saiprasadreddykolan/airflow_venv/lib/python3.10/site-packages/airflow/example_dags/example_params_trigger_ui.py
[2024-10-28T17:06:32.438-0700] {logging_mixin.py:150} INFO - [2024-10-28T17:06:32.438-0700] {dag.py:2742} INFO - Sync 1 DAGs
[2024-10-28T17:06:32.443-0700] {logging_mixin.py:150} INFO - [2024-10-28T17:06:32.443-0700] {dag.py:3504} INFO - Setting next_dagrun for example_params_trigger_ui to None, run_after=None
[2024-10-28T17:06:32.449-0700] {processor.py:179} INFO - Processing /Users/saiprasadreddykolan/airflow_venv/lib/python3.10/site-packages/airflow/example_dags/example_params_trigger_ui.py took 0.258 seconds
[2024-10-28T17:07:59.233-0700] {processor.py:157} INFO - Started process (PID=70064) to work on /Users/saiprasadreddykolan/airflow_venv/lib/python3.10/site-packages/airflow/example_dags/example_params_trigger_ui.py
[2024-10-28T17:07:59.235-0700] {processor.py:826} INFO - Processing file /Users/saiprasadreddykolan/airflow_venv/lib/python3.10/site-packages/airflow/example_dags/example_params_trigger_ui.py for tasks to queue
[2024-10-28T17:07:59.236-0700] {logging_mixin.py:150} INFO - [2024-10-28T17:07:59.236-0700] {dagbag.py:541} INFO - Filling up the DagBag from /Users/saiprasadreddykolan/airflow_venv/lib/python3.10/site-packages/airflow/example_dags/example_params_trigger_ui.py
[2024-10-28T17:07:59.273-0700] {processor.py:836} INFO - DAG(s) dict_keys(['example_params_trigger_ui']) retrieved from /Users/saiprasadreddykolan/airflow_venv/lib/python3.10/site-packages/airflow/example_dags/example_params_trigger_ui.py
[2024-10-28T17:07:59.486-0700] {logging_mixin.py:150} INFO - [2024-10-28T17:07:59.485-0700] {dag.py:2742} INFO - Sync 1 DAGs
[2024-10-28T17:07:59.492-0700] {logging_mixin.py:150} INFO - [2024-10-28T17:07:59.492-0700] {dag.py:3504} INFO - Setting next_dagrun for example_params_trigger_ui to None, run_after=None
[2024-10-28T17:07:59.499-0700] {processor.py:179} INFO - Processing /Users/saiprasadreddykolan/airflow_venv/lib/python3.10/site-packages/airflow/example_dags/example_params_trigger_ui.py took 0.266 seconds
[2024-10-28T17:09:27.998-0700] {processor.py:157} INFO - Started process (PID=70122) to work on /Users/saiprasadreddykolan/airflow_venv/lib/python3.10/site-packages/airflow/example_dags/example_params_trigger_ui.py
[2024-10-28T17:09:28.000-0700] {processor.py:826} INFO - Processing file /Users/saiprasadreddykolan/airflow_venv/lib/python3.10/site-packages/airflow/example_dags/example_params_trigger_ui.py for tasks to queue
[2024-10-28T17:09:28.001-0700] {logging_mixin.py:150} INFO - [2024-10-28T17:09:28.001-0700] {dagbag.py:541} INFO - Filling up the DagBag from /Users/saiprasadreddykolan/airflow_venv/lib/python3.10/site-packages/airflow/example_dags/example_params_trigger_ui.py
[2024-10-28T17:09:28.033-0700] {processor.py:836} INFO - DAG(s) dict_keys(['example_params_trigger_ui']) retrieved from /Users/saiprasadreddykolan/airflow_venv/lib/python3.10/site-packages/airflow/example_dags/example_params_trigger_ui.py
[2024-10-28T17:09:28.247-0700] {logging_mixin.py:150} INFO - [2024-10-28T17:09:28.247-0700] {dag.py:2742} INFO - Sync 1 DAGs
[2024-10-28T17:09:28.252-0700] {logging_mixin.py:150} INFO - [2024-10-28T17:09:28.252-0700] {dag.py:3504} INFO - Setting next_dagrun for example_params_trigger_ui to None, run_after=None
[2024-10-28T17:09:28.258-0700] {processor.py:179} INFO - Processing /Users/saiprasadreddykolan/airflow_venv/lib/python3.10/site-packages/airflow/example_dags/example_params_trigger_ui.py took 0.260 seconds
[2024-10-28T17:11:04.338-0700] {processor.py:157} INFO - Started process (PID=70182) to work on /Users/saiprasadreddykolan/airflow_venv/lib/python3.10/site-packages/airflow/example_dags/example_params_trigger_ui.py
[2024-10-28T17:11:04.341-0700] {processor.py:826} INFO - Processing file /Users/saiprasadreddykolan/airflow_venv/lib/python3.10/site-packages/airflow/example_dags/example_params_trigger_ui.py for tasks to queue
[2024-10-28T17:11:04.341-0700] {logging_mixin.py:150} INFO - [2024-10-28T17:11:04.341-0700] {dagbag.py:541} INFO - Filling up the DagBag from /Users/saiprasadreddykolan/airflow_venv/lib/python3.10/site-packages/airflow/example_dags/example_params_trigger_ui.py
[2024-10-28T17:11:04.373-0700] {processor.py:836} INFO - DAG(s) dict_keys(['example_params_trigger_ui']) retrieved from /Users/saiprasadreddykolan/airflow_venv/lib/python3.10/site-packages/airflow/example_dags/example_params_trigger_ui.py
[2024-10-28T17:11:04.584-0700] {logging_mixin.py:150} INFO - [2024-10-28T17:11:04.584-0700] {dag.py:2742} INFO - Sync 1 DAGs
[2024-10-28T17:11:04.590-0700] {logging_mixin.py:150} INFO - [2024-10-28T17:11:04.590-0700] {dag.py:3504} INFO - Setting next_dagrun for example_params_trigger_ui to None, run_after=None
[2024-10-28T17:11:04.596-0700] {processor.py:179} INFO - Processing /Users/saiprasadreddykolan/airflow_venv/lib/python3.10/site-packages/airflow/example_dags/example_params_trigger_ui.py took 0.258 seconds
[2024-10-28T17:12:38.638-0700] {processor.py:157} INFO - Started process (PID=70242) to work on /Users/saiprasadreddykolan/airflow_venv/lib/python3.10/site-packages/airflow/example_dags/example_params_trigger_ui.py
[2024-10-28T17:12:38.640-0700] {processor.py:826} INFO - Processing file /Users/saiprasadreddykolan/airflow_venv/lib/python3.10/site-packages/airflow/example_dags/example_params_trigger_ui.py for tasks to queue
[2024-10-28T17:12:38.640-0700] {logging_mixin.py:150} INFO - [2024-10-28T17:12:38.640-0700] {dagbag.py:541} INFO - Filling up the DagBag from /Users/saiprasadreddykolan/airflow_venv/lib/python3.10/site-packages/airflow/example_dags/example_params_trigger_ui.py
[2024-10-28T17:12:38.672-0700] {processor.py:836} INFO - DAG(s) dict_keys(['example_params_trigger_ui']) retrieved from /Users/saiprasadreddykolan/airflow_venv/lib/python3.10/site-packages/airflow/example_dags/example_params_trigger_ui.py
[2024-10-28T17:12:38.882-0700] {logging_mixin.py:150} INFO - [2024-10-28T17:12:38.882-0700] {dag.py:2742} INFO - Sync 1 DAGs
[2024-10-28T17:12:38.887-0700] {logging_mixin.py:150} INFO - [2024-10-28T17:12:38.887-0700] {dag.py:3504} INFO - Setting next_dagrun for example_params_trigger_ui to None, run_after=None
[2024-10-28T17:12:38.893-0700] {processor.py:179} INFO - Processing /Users/saiprasadreddykolan/airflow_venv/lib/python3.10/site-packages/airflow/example_dags/example_params_trigger_ui.py took 0.255 seconds
[2024-10-28T17:14:04.647-0700] {processor.py:157} INFO - Started process (PID=70302) to work on /Users/saiprasadreddykolan/airflow_venv/lib/python3.10/site-packages/airflow/example_dags/example_params_trigger_ui.py
[2024-10-28T17:14:04.649-0700] {processor.py:826} INFO - Processing file /Users/saiprasadreddykolan/airflow_venv/lib/python3.10/site-packages/airflow/example_dags/example_params_trigger_ui.py for tasks to queue
[2024-10-28T17:14:04.650-0700] {logging_mixin.py:150} INFO - [2024-10-28T17:14:04.649-0700] {dagbag.py:541} INFO - Filling up the DagBag from /Users/saiprasadreddykolan/airflow_venv/lib/python3.10/site-packages/airflow/example_dags/example_params_trigger_ui.py
[2024-10-28T17:14:04.682-0700] {processor.py:836} INFO - DAG(s) dict_keys(['example_params_trigger_ui']) retrieved from /Users/saiprasadreddykolan/airflow_venv/lib/python3.10/site-packages/airflow/example_dags/example_params_trigger_ui.py
[2024-10-28T17:14:04.895-0700] {logging_mixin.py:150} INFO - [2024-10-28T17:14:04.895-0700] {dag.py:2742} INFO - Sync 1 DAGs
[2024-10-28T17:14:04.900-0700] {logging_mixin.py:150} INFO - [2024-10-28T17:14:04.900-0700] {dag.py:3504} INFO - Setting next_dagrun for example_params_trigger_ui to None, run_after=None
[2024-10-28T17:14:04.906-0700] {processor.py:179} INFO - Processing /Users/saiprasadreddykolan/airflow_venv/lib/python3.10/site-packages/airflow/example_dags/example_params_trigger_ui.py took 0.259 seconds
[2024-10-28T17:15:32.897-0700] {processor.py:157} INFO - Started process (PID=70365) to work on /Users/saiprasadreddykolan/airflow_venv/lib/python3.10/site-packages/airflow/example_dags/example_params_trigger_ui.py
[2024-10-28T17:15:32.899-0700] {processor.py:826} INFO - Processing file /Users/saiprasadreddykolan/airflow_venv/lib/python3.10/site-packages/airflow/example_dags/example_params_trigger_ui.py for tasks to queue
[2024-10-28T17:15:32.899-0700] {logging_mixin.py:150} INFO - [2024-10-28T17:15:32.899-0700] {dagbag.py:541} INFO - Filling up the DagBag from /Users/saiprasadreddykolan/airflow_venv/lib/python3.10/site-packages/airflow/example_dags/example_params_trigger_ui.py
[2024-10-28T17:15:32.931-0700] {processor.py:836} INFO - DAG(s) dict_keys(['example_params_trigger_ui']) retrieved from /Users/saiprasadreddykolan/airflow_venv/lib/python3.10/site-packages/airflow/example_dags/example_params_trigger_ui.py
[2024-10-28T17:15:33.138-0700] {logging_mixin.py:150} INFO - [2024-10-28T17:15:33.138-0700] {dag.py:2742} INFO - Sync 1 DAGs
[2024-10-28T17:15:33.144-0700] {logging_mixin.py:150} INFO - [2024-10-28T17:15:33.144-0700] {dag.py:3504} INFO - Setting next_dagrun for example_params_trigger_ui to None, run_after=None
[2024-10-28T17:15:33.151-0700] {processor.py:179} INFO - Processing /Users/saiprasadreddykolan/airflow_venv/lib/python3.10/site-packages/airflow/example_dags/example_params_trigger_ui.py took 0.255 seconds
[2024-10-28T17:17:11.726-0700] {processor.py:157} INFO - Started process (PID=70488) to work on /Users/saiprasadreddykolan/airflow_venv/lib/python3.10/site-packages/airflow/example_dags/example_params_trigger_ui.py
[2024-10-28T17:17:11.728-0700] {processor.py:826} INFO - Processing file /Users/saiprasadreddykolan/airflow_venv/lib/python3.10/site-packages/airflow/example_dags/example_params_trigger_ui.py for tasks to queue
[2024-10-28T17:17:11.728-0700] {logging_mixin.py:150} INFO - [2024-10-28T17:17:11.728-0700] {dagbag.py:541} INFO - Filling up the DagBag from /Users/saiprasadreddykolan/airflow_venv/lib/python3.10/site-packages/airflow/example_dags/example_params_trigger_ui.py
[2024-10-28T17:17:11.761-0700] {processor.py:836} INFO - DAG(s) dict_keys(['example_params_trigger_ui']) retrieved from /Users/saiprasadreddykolan/airflow_venv/lib/python3.10/site-packages/airflow/example_dags/example_params_trigger_ui.py
[2024-10-28T17:17:11.976-0700] {logging_mixin.py:150} INFO - [2024-10-28T17:17:11.976-0700] {dag.py:2742} INFO - Sync 1 DAGs
[2024-10-28T17:17:11.981-0700] {logging_mixin.py:150} INFO - [2024-10-28T17:17:11.981-0700] {dag.py:3504} INFO - Setting next_dagrun for example_params_trigger_ui to None, run_after=None
[2024-10-28T17:17:11.988-0700] {processor.py:179} INFO - Processing /Users/saiprasadreddykolan/airflow_venv/lib/python3.10/site-packages/airflow/example_dags/example_params_trigger_ui.py took 0.262 seconds
[2024-10-28T17:18:42.439-0700] {processor.py:157} INFO - Started process (PID=70559) to work on /Users/saiprasadreddykolan/airflow_venv/lib/python3.10/site-packages/airflow/example_dags/example_params_trigger_ui.py
[2024-10-28T17:18:42.442-0700] {processor.py:826} INFO - Processing file /Users/saiprasadreddykolan/airflow_venv/lib/python3.10/site-packages/airflow/example_dags/example_params_trigger_ui.py for tasks to queue
[2024-10-28T17:18:42.442-0700] {logging_mixin.py:150} INFO - [2024-10-28T17:18:42.442-0700] {dagbag.py:541} INFO - Filling up the DagBag from /Users/saiprasadreddykolan/airflow_venv/lib/python3.10/site-packages/airflow/example_dags/example_params_trigger_ui.py
[2024-10-28T17:18:42.474-0700] {processor.py:836} INFO - DAG(s) dict_keys(['example_params_trigger_ui']) retrieved from /Users/saiprasadreddykolan/airflow_venv/lib/python3.10/site-packages/airflow/example_dags/example_params_trigger_ui.py
[2024-10-28T17:18:42.683-0700] {logging_mixin.py:150} INFO - [2024-10-28T17:18:42.683-0700] {dag.py:2742} INFO - Sync 1 DAGs
[2024-10-28T17:18:42.688-0700] {logging_mixin.py:150} INFO - [2024-10-28T17:18:42.688-0700] {dag.py:3504} INFO - Setting next_dagrun for example_params_trigger_ui to None, run_after=None
[2024-10-28T17:18:42.694-0700] {processor.py:179} INFO - Processing /Users/saiprasadreddykolan/airflow_venv/lib/python3.10/site-packages/airflow/example_dags/example_params_trigger_ui.py took 0.255 seconds
[2024-10-28T17:20:13.971-0700] {processor.py:157} INFO - Started process (PID=70641) to work on /Users/saiprasadreddykolan/airflow_venv/lib/python3.10/site-packages/airflow/example_dags/example_params_trigger_ui.py
[2024-10-28T17:20:13.974-0700] {processor.py:826} INFO - Processing file /Users/saiprasadreddykolan/airflow_venv/lib/python3.10/site-packages/airflow/example_dags/example_params_trigger_ui.py for tasks to queue
[2024-10-28T17:20:13.974-0700] {logging_mixin.py:150} INFO - [2024-10-28T17:20:13.974-0700] {dagbag.py:541} INFO - Filling up the DagBag from /Users/saiprasadreddykolan/airflow_venv/lib/python3.10/site-packages/airflow/example_dags/example_params_trigger_ui.py
[2024-10-28T17:20:14.008-0700] {processor.py:836} INFO - DAG(s) dict_keys(['example_params_trigger_ui']) retrieved from /Users/saiprasadreddykolan/airflow_venv/lib/python3.10/site-packages/airflow/example_dags/example_params_trigger_ui.py
[2024-10-28T17:20:14.229-0700] {logging_mixin.py:150} INFO - [2024-10-28T17:20:14.229-0700] {dag.py:2742} INFO - Sync 1 DAGs
[2024-10-28T17:20:14.235-0700] {logging_mixin.py:150} INFO - [2024-10-28T17:20:14.235-0700] {dag.py:3504} INFO - Setting next_dagrun for example_params_trigger_ui to None, run_after=None
[2024-10-28T17:20:14.240-0700] {processor.py:179} INFO - Processing /Users/saiprasadreddykolan/airflow_venv/lib/python3.10/site-packages/airflow/example_dags/example_params_trigger_ui.py took 0.270 seconds
[2024-10-28T17:21:47.729-0700] {processor.py:157} INFO - Started process (PID=70704) to work on /Users/saiprasadreddykolan/airflow_venv/lib/python3.10/site-packages/airflow/example_dags/example_params_trigger_ui.py
[2024-10-28T17:21:47.731-0700] {processor.py:826} INFO - Processing file /Users/saiprasadreddykolan/airflow_venv/lib/python3.10/site-packages/airflow/example_dags/example_params_trigger_ui.py for tasks to queue
[2024-10-28T17:21:47.732-0700] {logging_mixin.py:150} INFO - [2024-10-28T17:21:47.731-0700] {dagbag.py:541} INFO - Filling up the DagBag from /Users/saiprasadreddykolan/airflow_venv/lib/python3.10/site-packages/airflow/example_dags/example_params_trigger_ui.py
[2024-10-28T17:21:47.764-0700] {processor.py:836} INFO - DAG(s) dict_keys(['example_params_trigger_ui']) retrieved from /Users/saiprasadreddykolan/airflow_venv/lib/python3.10/site-packages/airflow/example_dags/example_params_trigger_ui.py
[2024-10-28T17:21:47.981-0700] {logging_mixin.py:150} INFO - [2024-10-28T17:21:47.980-0700] {dag.py:2742} INFO - Sync 1 DAGs
[2024-10-28T17:21:47.986-0700] {logging_mixin.py:150} INFO - [2024-10-28T17:21:47.986-0700] {dag.py:3504} INFO - Setting next_dagrun for example_params_trigger_ui to None, run_after=None
[2024-10-28T17:21:47.992-0700] {processor.py:179} INFO - Processing /Users/saiprasadreddykolan/airflow_venv/lib/python3.10/site-packages/airflow/example_dags/example_params_trigger_ui.py took 0.263 seconds
[2024-10-28T17:23:17.028-0700] {processor.py:157} INFO - Started process (PID=70786) to work on /Users/saiprasadreddykolan/airflow_venv/lib/python3.10/site-packages/airflow/example_dags/example_params_trigger_ui.py
[2024-10-28T17:23:17.031-0700] {processor.py:826} INFO - Processing file /Users/saiprasadreddykolan/airflow_venv/lib/python3.10/site-packages/airflow/example_dags/example_params_trigger_ui.py for tasks to queue
[2024-10-28T17:23:17.031-0700] {logging_mixin.py:150} INFO - [2024-10-28T17:23:17.031-0700] {dagbag.py:541} INFO - Filling up the DagBag from /Users/saiprasadreddykolan/airflow_venv/lib/python3.10/site-packages/airflow/example_dags/example_params_trigger_ui.py
[2024-10-28T17:23:17.064-0700] {processor.py:836} INFO - DAG(s) dict_keys(['example_params_trigger_ui']) retrieved from /Users/saiprasadreddykolan/airflow_venv/lib/python3.10/site-packages/airflow/example_dags/example_params_trigger_ui.py
[2024-10-28T17:23:17.285-0700] {logging_mixin.py:150} INFO - [2024-10-28T17:23:17.285-0700] {dag.py:2742} INFO - Sync 1 DAGs
[2024-10-28T17:23:17.291-0700] {logging_mixin.py:150} INFO - [2024-10-28T17:23:17.290-0700] {dag.py:3504} INFO - Setting next_dagrun for example_params_trigger_ui to None, run_after=None
[2024-10-28T17:23:17.302-0700] {processor.py:179} INFO - Processing /Users/saiprasadreddykolan/airflow_venv/lib/python3.10/site-packages/airflow/example_dags/example_params_trigger_ui.py took 0.274 seconds
[2024-10-28T17:24:49.206-0700] {processor.py:157} INFO - Started process (PID=70879) to work on /Users/saiprasadreddykolan/airflow_venv/lib/python3.10/site-packages/airflow/example_dags/example_params_trigger_ui.py
[2024-10-28T17:24:49.207-0700] {processor.py:826} INFO - Processing file /Users/saiprasadreddykolan/airflow_venv/lib/python3.10/site-packages/airflow/example_dags/example_params_trigger_ui.py for tasks to queue
[2024-10-28T17:24:49.208-0700] {logging_mixin.py:150} INFO - [2024-10-28T17:24:49.208-0700] {dagbag.py:541} INFO - Filling up the DagBag from /Users/saiprasadreddykolan/airflow_venv/lib/python3.10/site-packages/airflow/example_dags/example_params_trigger_ui.py
[2024-10-28T17:24:49.240-0700] {processor.py:836} INFO - DAG(s) dict_keys(['example_params_trigger_ui']) retrieved from /Users/saiprasadreddykolan/airflow_venv/lib/python3.10/site-packages/airflow/example_dags/example_params_trigger_ui.py
[2024-10-28T17:24:49.459-0700] {logging_mixin.py:150} INFO - [2024-10-28T17:24:49.459-0700] {dag.py:2742} INFO - Sync 1 DAGs
[2024-10-28T17:24:49.465-0700] {logging_mixin.py:150} INFO - [2024-10-28T17:24:49.465-0700] {dag.py:3504} INFO - Setting next_dagrun for example_params_trigger_ui to None, run_after=None
[2024-10-28T17:24:49.470-0700] {processor.py:179} INFO - Processing /Users/saiprasadreddykolan/airflow_venv/lib/python3.10/site-packages/airflow/example_dags/example_params_trigger_ui.py took 0.265 seconds
[2024-10-28T17:26:22.709-0700] {processor.py:157} INFO - Started process (PID=70965) to work on /Users/saiprasadreddykolan/airflow_venv/lib/python3.10/site-packages/airflow/example_dags/example_params_trigger_ui.py
[2024-10-28T17:26:22.711-0700] {processor.py:826} INFO - Processing file /Users/saiprasadreddykolan/airflow_venv/lib/python3.10/site-packages/airflow/example_dags/example_params_trigger_ui.py for tasks to queue
[2024-10-28T17:26:22.711-0700] {logging_mixin.py:150} INFO - [2024-10-28T17:26:22.711-0700] {dagbag.py:541} INFO - Filling up the DagBag from /Users/saiprasadreddykolan/airflow_venv/lib/python3.10/site-packages/airflow/example_dags/example_params_trigger_ui.py
[2024-10-28T17:26:22.745-0700] {processor.py:836} INFO - DAG(s) dict_keys(['example_params_trigger_ui']) retrieved from /Users/saiprasadreddykolan/airflow_venv/lib/python3.10/site-packages/airflow/example_dags/example_params_trigger_ui.py
[2024-10-28T17:26:22.965-0700] {logging_mixin.py:150} INFO - [2024-10-28T17:26:22.965-0700] {dag.py:2742} INFO - Sync 1 DAGs
[2024-10-28T17:26:22.971-0700] {logging_mixin.py:150} INFO - [2024-10-28T17:26:22.971-0700] {dag.py:3504} INFO - Setting next_dagrun for example_params_trigger_ui to None, run_after=None
[2024-10-28T17:26:22.978-0700] {processor.py:179} INFO - Processing /Users/saiprasadreddykolan/airflow_venv/lib/python3.10/site-packages/airflow/example_dags/example_params_trigger_ui.py took 0.270 seconds
[2024-10-28T17:27:53.096-0700] {processor.py:157} INFO - Started process (PID=71029) to work on /Users/saiprasadreddykolan/airflow_venv/lib/python3.10/site-packages/airflow/example_dags/example_params_trigger_ui.py
[2024-10-28T17:27:53.098-0700] {processor.py:826} INFO - Processing file /Users/saiprasadreddykolan/airflow_venv/lib/python3.10/site-packages/airflow/example_dags/example_params_trigger_ui.py for tasks to queue
[2024-10-28T17:27:53.098-0700] {logging_mixin.py:150} INFO - [2024-10-28T17:27:53.098-0700] {dagbag.py:541} INFO - Filling up the DagBag from /Users/saiprasadreddykolan/airflow_venv/lib/python3.10/site-packages/airflow/example_dags/example_params_trigger_ui.py
[2024-10-28T17:27:53.132-0700] {processor.py:836} INFO - DAG(s) dict_keys(['example_params_trigger_ui']) retrieved from /Users/saiprasadreddykolan/airflow_venv/lib/python3.10/site-packages/airflow/example_dags/example_params_trigger_ui.py
[2024-10-28T17:27:53.358-0700] {logging_mixin.py:150} INFO - [2024-10-28T17:27:53.357-0700] {dag.py:2742} INFO - Sync 1 DAGs
[2024-10-28T17:27:53.363-0700] {logging_mixin.py:150} INFO - [2024-10-28T17:27:53.363-0700] {dag.py:3504} INFO - Setting next_dagrun for example_params_trigger_ui to None, run_after=None
[2024-10-28T17:27:53.370-0700] {processor.py:179} INFO - Processing /Users/saiprasadreddykolan/airflow_venv/lib/python3.10/site-packages/airflow/example_dags/example_params_trigger_ui.py took 0.274 seconds
[2024-10-28T17:29:24.971-0700] {processor.py:157} INFO - Started process (PID=71107) to work on /Users/saiprasadreddykolan/airflow_venv/lib/python3.10/site-packages/airflow/example_dags/example_params_trigger_ui.py
[2024-10-28T17:29:24.973-0700] {processor.py:826} INFO - Processing file /Users/saiprasadreddykolan/airflow_venv/lib/python3.10/site-packages/airflow/example_dags/example_params_trigger_ui.py for tasks to queue
[2024-10-28T17:29:24.973-0700] {logging_mixin.py:150} INFO - [2024-10-28T17:29:24.973-0700] {dagbag.py:541} INFO - Filling up the DagBag from /Users/saiprasadreddykolan/airflow_venv/lib/python3.10/site-packages/airflow/example_dags/example_params_trigger_ui.py
[2024-10-28T17:29:25.006-0700] {processor.py:836} INFO - DAG(s) dict_keys(['example_params_trigger_ui']) retrieved from /Users/saiprasadreddykolan/airflow_venv/lib/python3.10/site-packages/airflow/example_dags/example_params_trigger_ui.py
[2024-10-28T17:29:25.216-0700] {logging_mixin.py:150} INFO - [2024-10-28T17:29:25.216-0700] {dag.py:2742} INFO - Sync 1 DAGs
[2024-10-28T17:29:25.222-0700] {logging_mixin.py:150} INFO - [2024-10-28T17:29:25.222-0700] {dag.py:3504} INFO - Setting next_dagrun for example_params_trigger_ui to None, run_after=None
[2024-10-28T17:29:25.227-0700] {processor.py:179} INFO - Processing /Users/saiprasadreddykolan/airflow_venv/lib/python3.10/site-packages/airflow/example_dags/example_params_trigger_ui.py took 0.256 seconds
[2024-10-28T17:31:02.599-0700] {processor.py:157} INFO - Started process (PID=71175) to work on /Users/saiprasadreddykolan/airflow_venv/lib/python3.10/site-packages/airflow/example_dags/example_params_trigger_ui.py
[2024-10-28T17:31:02.601-0700] {processor.py:826} INFO - Processing file /Users/saiprasadreddykolan/airflow_venv/lib/python3.10/site-packages/airflow/example_dags/example_params_trigger_ui.py for tasks to queue
[2024-10-28T17:31:02.601-0700] {logging_mixin.py:150} INFO - [2024-10-28T17:31:02.601-0700] {dagbag.py:541} INFO - Filling up the DagBag from /Users/saiprasadreddykolan/airflow_venv/lib/python3.10/site-packages/airflow/example_dags/example_params_trigger_ui.py
[2024-10-28T17:31:02.634-0700] {processor.py:836} INFO - DAG(s) dict_keys(['example_params_trigger_ui']) retrieved from /Users/saiprasadreddykolan/airflow_venv/lib/python3.10/site-packages/airflow/example_dags/example_params_trigger_ui.py
[2024-10-28T17:31:02.844-0700] {logging_mixin.py:150} INFO - [2024-10-28T17:31:02.844-0700] {dag.py:2742} INFO - Sync 1 DAGs
[2024-10-28T17:31:02.850-0700] {logging_mixin.py:150} INFO - [2024-10-28T17:31:02.850-0700] {dag.py:3504} INFO - Setting next_dagrun for example_params_trigger_ui to None, run_after=None
[2024-10-28T17:31:02.855-0700] {processor.py:179} INFO - Processing /Users/saiprasadreddykolan/airflow_venv/lib/python3.10/site-packages/airflow/example_dags/example_params_trigger_ui.py took 0.257 seconds
[2024-10-28T17:32:31.930-0700] {processor.py:157} INFO - Started process (PID=71244) to work on /Users/saiprasadreddykolan/airflow_venv/lib/python3.10/site-packages/airflow/example_dags/example_params_trigger_ui.py
[2024-10-28T17:32:31.932-0700] {processor.py:826} INFO - Processing file /Users/saiprasadreddykolan/airflow_venv/lib/python3.10/site-packages/airflow/example_dags/example_params_trigger_ui.py for tasks to queue
[2024-10-28T17:32:31.932-0700] {logging_mixin.py:150} INFO - [2024-10-28T17:32:31.932-0700] {dagbag.py:541} INFO - Filling up the DagBag from /Users/saiprasadreddykolan/airflow_venv/lib/python3.10/site-packages/airflow/example_dags/example_params_trigger_ui.py
[2024-10-28T17:32:31.964-0700] {processor.py:836} INFO - DAG(s) dict_keys(['example_params_trigger_ui']) retrieved from /Users/saiprasadreddykolan/airflow_venv/lib/python3.10/site-packages/airflow/example_dags/example_params_trigger_ui.py
[2024-10-28T17:32:32.184-0700] {logging_mixin.py:150} INFO - [2024-10-28T17:32:32.184-0700] {dag.py:2742} INFO - Sync 1 DAGs
[2024-10-28T17:32:32.191-0700] {logging_mixin.py:150} INFO - [2024-10-28T17:32:32.191-0700] {dag.py:3504} INFO - Setting next_dagrun for example_params_trigger_ui to None, run_after=None
[2024-10-28T17:32:32.201-0700] {processor.py:179} INFO - Processing /Users/saiprasadreddykolan/airflow_venv/lib/python3.10/site-packages/airflow/example_dags/example_params_trigger_ui.py took 0.271 seconds
[2024-10-28T17:34:08.470-0700] {processor.py:157} INFO - Started process (PID=71311) to work on /Users/saiprasadreddykolan/airflow_venv/lib/python3.10/site-packages/airflow/example_dags/example_params_trigger_ui.py
[2024-10-28T17:34:08.473-0700] {processor.py:826} INFO - Processing file /Users/saiprasadreddykolan/airflow_venv/lib/python3.10/site-packages/airflow/example_dags/example_params_trigger_ui.py for tasks to queue
[2024-10-28T17:34:08.473-0700] {logging_mixin.py:150} INFO - [2024-10-28T17:34:08.473-0700] {dagbag.py:541} INFO - Filling up the DagBag from /Users/saiprasadreddykolan/airflow_venv/lib/python3.10/site-packages/airflow/example_dags/example_params_trigger_ui.py
[2024-10-28T17:34:08.505-0700] {processor.py:836} INFO - DAG(s) dict_keys(['example_params_trigger_ui']) retrieved from /Users/saiprasadreddykolan/airflow_venv/lib/python3.10/site-packages/airflow/example_dags/example_params_trigger_ui.py
[2024-10-28T17:34:08.719-0700] {logging_mixin.py:150} INFO - [2024-10-28T17:34:08.719-0700] {dag.py:2742} INFO - Sync 1 DAGs
[2024-10-28T17:34:08.725-0700] {logging_mixin.py:150} INFO - [2024-10-28T17:34:08.725-0700] {dag.py:3504} INFO - Setting next_dagrun for example_params_trigger_ui to None, run_after=None
[2024-10-28T17:34:08.731-0700] {processor.py:179} INFO - Processing /Users/saiprasadreddykolan/airflow_venv/lib/python3.10/site-packages/airflow/example_dags/example_params_trigger_ui.py took 0.261 seconds
[2024-10-28T17:35:43.295-0700] {processor.py:157} INFO - Started process (PID=71374) to work on /Users/saiprasadreddykolan/airflow_venv/lib/python3.10/site-packages/airflow/example_dags/example_params_trigger_ui.py
[2024-10-28T17:35:43.297-0700] {processor.py:826} INFO - Processing file /Users/saiprasadreddykolan/airflow_venv/lib/python3.10/site-packages/airflow/example_dags/example_params_trigger_ui.py for tasks to queue
[2024-10-28T17:35:43.297-0700] {logging_mixin.py:150} INFO - [2024-10-28T17:35:43.297-0700] {dagbag.py:541} INFO - Filling up the DagBag from /Users/saiprasadreddykolan/airflow_venv/lib/python3.10/site-packages/airflow/example_dags/example_params_trigger_ui.py
[2024-10-28T17:35:43.330-0700] {processor.py:836} INFO - DAG(s) dict_keys(['example_params_trigger_ui']) retrieved from /Users/saiprasadreddykolan/airflow_venv/lib/python3.10/site-packages/airflow/example_dags/example_params_trigger_ui.py
[2024-10-28T17:35:43.541-0700] {logging_mixin.py:150} INFO - [2024-10-28T17:35:43.541-0700] {dag.py:2742} INFO - Sync 1 DAGs
[2024-10-28T17:35:43.546-0700] {logging_mixin.py:150} INFO - [2024-10-28T17:35:43.546-0700] {dag.py:3504} INFO - Setting next_dagrun for example_params_trigger_ui to None, run_after=None
[2024-10-28T17:35:43.553-0700] {processor.py:179} INFO - Processing /Users/saiprasadreddykolan/airflow_venv/lib/python3.10/site-packages/airflow/example_dags/example_params_trigger_ui.py took 0.258 seconds
[2024-10-28T17:37:17.953-0700] {processor.py:157} INFO - Started process (PID=71456) to work on /Users/saiprasadreddykolan/airflow_venv/lib/python3.10/site-packages/airflow/example_dags/example_params_trigger_ui.py
[2024-10-28T17:37:17.955-0700] {processor.py:826} INFO - Processing file /Users/saiprasadreddykolan/airflow_venv/lib/python3.10/site-packages/airflow/example_dags/example_params_trigger_ui.py for tasks to queue
[2024-10-28T17:37:17.955-0700] {logging_mixin.py:150} INFO - [2024-10-28T17:37:17.955-0700] {dagbag.py:541} INFO - Filling up the DagBag from /Users/saiprasadreddykolan/airflow_venv/lib/python3.10/site-packages/airflow/example_dags/example_params_trigger_ui.py
[2024-10-28T17:37:17.992-0700] {processor.py:836} INFO - DAG(s) dict_keys(['example_params_trigger_ui']) retrieved from /Users/saiprasadreddykolan/airflow_venv/lib/python3.10/site-packages/airflow/example_dags/example_params_trigger_ui.py
[2024-10-28T17:37:18.219-0700] {logging_mixin.py:150} INFO - [2024-10-28T17:37:18.219-0700] {dag.py:2742} INFO - Sync 1 DAGs
[2024-10-28T17:37:18.225-0700] {logging_mixin.py:150} INFO - [2024-10-28T17:37:18.225-0700] {dag.py:3504} INFO - Setting next_dagrun for example_params_trigger_ui to None, run_after=None
[2024-10-28T17:37:18.231-0700] {processor.py:179} INFO - Processing /Users/saiprasadreddykolan/airflow_venv/lib/python3.10/site-packages/airflow/example_dags/example_params_trigger_ui.py took 0.278 seconds
