[2024-10-28T17:01:08.654-0700] {processor.py:157} INFO - Started process (PID=69775) to work on /Users/saiprasadreddykolan/airflow_venv/lib/python3.10/site-packages/airflow/example_dags/example_branch_operator_decorator.py
[2024-10-28T17:01:08.656-0700] {processor.py:826} INFO - Processing file /Users/saiprasadreddykolan/airflow_venv/lib/python3.10/site-packages/airflow/example_dags/example_branch_operator_decorator.py for tasks to queue
[2024-10-28T17:01:08.656-0700] {logging_mixin.py:150} INFO - [2024-10-28T17:01:08.656-0700] {dagbag.py:541} INFO - Filling up the DagBag from /Users/saiprasadreddykolan/airflow_venv/lib/python3.10/site-packages/airflow/example_dags/example_branch_operator_decorator.py
[2024-10-28T17:01:08.674-0700] {processor.py:836} INFO - DAG(s) dict_keys(['example_branch_python_operator_decorator']) retrieved from /Users/saiprasadreddykolan/airflow_venv/lib/python3.10/site-packages/airflow/example_dags/example_branch_operator_decorator.py
[2024-10-28T17:01:08.890-0700] {logging_mixin.py:150} INFO - [2024-10-28T17:01:08.890-0700] {dag.py:2742} INFO - Sync 1 DAGs
[2024-10-28T17:01:08.896-0700] {logging_mixin.py:150} INFO - [2024-10-28T17:01:08.896-0700] {dag.py:3504} INFO - Setting next_dagrun for example_branch_python_operator_decorator to 2024-10-28T00:00:00+00:00, run_after=2024-10-29T00:00:00+00:00
[2024-10-28T17:01:08.902-0700] {processor.py:179} INFO - Processing /Users/saiprasadreddykolan/airflow_venv/lib/python3.10/site-packages/airflow/example_dags/example_branch_operator_decorator.py took 0.248 seconds
[2024-10-28T17:02:32.865-0700] {processor.py:157} INFO - Started process (PID=69834) to work on /Users/saiprasadreddykolan/airflow_venv/lib/python3.10/site-packages/airflow/example_dags/example_branch_operator_decorator.py
[2024-10-28T17:02:32.867-0700] {processor.py:826} INFO - Processing file /Users/saiprasadreddykolan/airflow_venv/lib/python3.10/site-packages/airflow/example_dags/example_branch_operator_decorator.py for tasks to queue
[2024-10-28T17:02:32.868-0700] {logging_mixin.py:150} INFO - [2024-10-28T17:02:32.868-0700] {dagbag.py:541} INFO - Filling up the DagBag from /Users/saiprasadreddykolan/airflow_venv/lib/python3.10/site-packages/airflow/example_dags/example_branch_operator_decorator.py
[2024-10-28T17:02:32.885-0700] {processor.py:836} INFO - DAG(s) dict_keys(['example_branch_python_operator_decorator']) retrieved from /Users/saiprasadreddykolan/airflow_venv/lib/python3.10/site-packages/airflow/example_dags/example_branch_operator_decorator.py
[2024-10-28T17:02:33.099-0700] {logging_mixin.py:150} INFO - [2024-10-28T17:02:33.099-0700] {dag.py:2742} INFO - Sync 1 DAGs
[2024-10-28T17:02:33.105-0700] {logging_mixin.py:150} INFO - [2024-10-28T17:02:33.105-0700] {dag.py:3504} INFO - Setting next_dagrun for example_branch_python_operator_decorator to 2024-10-28T00:00:00+00:00, run_after=2024-10-29T00:00:00+00:00
[2024-10-28T17:02:33.110-0700] {processor.py:179} INFO - Processing /Users/saiprasadreddykolan/airflow_venv/lib/python3.10/site-packages/airflow/example_dags/example_branch_operator_decorator.py took 0.245 seconds
[2024-10-28T17:04:03.660-0700] {processor.py:157} INFO - Started process (PID=69895) to work on /Users/saiprasadreddykolan/airflow_venv/lib/python3.10/site-packages/airflow/example_dags/example_branch_operator_decorator.py
[2024-10-28T17:04:03.663-0700] {processor.py:826} INFO - Processing file /Users/saiprasadreddykolan/airflow_venv/lib/python3.10/site-packages/airflow/example_dags/example_branch_operator_decorator.py for tasks to queue
[2024-10-28T17:04:03.663-0700] {logging_mixin.py:150} INFO - [2024-10-28T17:04:03.663-0700] {dagbag.py:541} INFO - Filling up the DagBag from /Users/saiprasadreddykolan/airflow_venv/lib/python3.10/site-packages/airflow/example_dags/example_branch_operator_decorator.py
[2024-10-28T17:04:03.681-0700] {processor.py:836} INFO - DAG(s) dict_keys(['example_branch_python_operator_decorator']) retrieved from /Users/saiprasadreddykolan/airflow_venv/lib/python3.10/site-packages/airflow/example_dags/example_branch_operator_decorator.py
[2024-10-28T17:04:03.899-0700] {logging_mixin.py:150} INFO - [2024-10-28T17:04:03.899-0700] {dag.py:2742} INFO - Sync 1 DAGs
[2024-10-28T17:04:03.907-0700] {logging_mixin.py:150} INFO - [2024-10-28T17:04:03.906-0700] {dag.py:3504} INFO - Setting next_dagrun for example_branch_python_operator_decorator to 2024-10-28T00:00:00+00:00, run_after=2024-10-29T00:00:00+00:00
[2024-10-28T17:04:03.915-0700] {processor.py:179} INFO - Processing /Users/saiprasadreddykolan/airflow_venv/lib/python3.10/site-packages/airflow/example_dags/example_branch_operator_decorator.py took 0.255 seconds
[2024-10-28T17:05:38.018-0700] {processor.py:157} INFO - Started process (PID=69962) to work on /Users/saiprasadreddykolan/airflow_venv/lib/python3.10/site-packages/airflow/example_dags/example_branch_operator_decorator.py
[2024-10-28T17:05:38.020-0700] {processor.py:826} INFO - Processing file /Users/saiprasadreddykolan/airflow_venv/lib/python3.10/site-packages/airflow/example_dags/example_branch_operator_decorator.py for tasks to queue
[2024-10-28T17:05:38.020-0700] {logging_mixin.py:150} INFO - [2024-10-28T17:05:38.020-0700] {dagbag.py:541} INFO - Filling up the DagBag from /Users/saiprasadreddykolan/airflow_venv/lib/python3.10/site-packages/airflow/example_dags/example_branch_operator_decorator.py
[2024-10-28T17:05:38.039-0700] {processor.py:836} INFO - DAG(s) dict_keys(['example_branch_python_operator_decorator']) retrieved from /Users/saiprasadreddykolan/airflow_venv/lib/python3.10/site-packages/airflow/example_dags/example_branch_operator_decorator.py
[2024-10-28T17:05:38.265-0700] {logging_mixin.py:150} INFO - [2024-10-28T17:05:38.265-0700] {dag.py:2742} INFO - Sync 1 DAGs
[2024-10-28T17:05:38.271-0700] {logging_mixin.py:150} INFO - [2024-10-28T17:05:38.271-0700] {dag.py:3504} INFO - Setting next_dagrun for example_branch_python_operator_decorator to 2024-10-28T00:00:00+00:00, run_after=2024-10-29T00:00:00+00:00
[2024-10-28T17:05:38.277-0700] {processor.py:179} INFO - Processing /Users/saiprasadreddykolan/airflow_venv/lib/python3.10/site-packages/airflow/example_dags/example_branch_operator_decorator.py took 0.260 seconds
[2024-10-28T17:07:11.501-0700] {processor.py:157} INFO - Started process (PID=70028) to work on /Users/saiprasadreddykolan/airflow_venv/lib/python3.10/site-packages/airflow/example_dags/example_branch_operator_decorator.py
[2024-10-28T17:07:11.503-0700] {processor.py:826} INFO - Processing file /Users/saiprasadreddykolan/airflow_venv/lib/python3.10/site-packages/airflow/example_dags/example_branch_operator_decorator.py for tasks to queue
[2024-10-28T17:07:11.504-0700] {logging_mixin.py:150} INFO - [2024-10-28T17:07:11.504-0700] {dagbag.py:541} INFO - Filling up the DagBag from /Users/saiprasadreddykolan/airflow_venv/lib/python3.10/site-packages/airflow/example_dags/example_branch_operator_decorator.py
[2024-10-28T17:07:11.522-0700] {processor.py:836} INFO - DAG(s) dict_keys(['example_branch_python_operator_decorator']) retrieved from /Users/saiprasadreddykolan/airflow_venv/lib/python3.10/site-packages/airflow/example_dags/example_branch_operator_decorator.py
[2024-10-28T17:07:11.737-0700] {logging_mixin.py:150} INFO - [2024-10-28T17:07:11.737-0700] {dag.py:2742} INFO - Sync 1 DAGs
[2024-10-28T17:07:11.743-0700] {logging_mixin.py:150} INFO - [2024-10-28T17:07:11.743-0700] {dag.py:3504} INFO - Setting next_dagrun for example_branch_python_operator_decorator to 2024-10-28T00:00:00+00:00, run_after=2024-10-29T00:00:00+00:00
[2024-10-28T17:07:11.751-0700] {processor.py:179} INFO - Processing /Users/saiprasadreddykolan/airflow_venv/lib/python3.10/site-packages/airflow/example_dags/example_branch_operator_decorator.py took 0.250 seconds
[2024-10-28T17:08:35.652-0700] {processor.py:157} INFO - Started process (PID=70088) to work on /Users/saiprasadreddykolan/airflow_venv/lib/python3.10/site-packages/airflow/example_dags/example_branch_operator_decorator.py
[2024-10-28T17:08:35.654-0700] {processor.py:826} INFO - Processing file /Users/saiprasadreddykolan/airflow_venv/lib/python3.10/site-packages/airflow/example_dags/example_branch_operator_decorator.py for tasks to queue
[2024-10-28T17:08:35.654-0700] {logging_mixin.py:150} INFO - [2024-10-28T17:08:35.654-0700] {dagbag.py:541} INFO - Filling up the DagBag from /Users/saiprasadreddykolan/airflow_venv/lib/python3.10/site-packages/airflow/example_dags/example_branch_operator_decorator.py
[2024-10-28T17:08:35.672-0700] {processor.py:836} INFO - DAG(s) dict_keys(['example_branch_python_operator_decorator']) retrieved from /Users/saiprasadreddykolan/airflow_venv/lib/python3.10/site-packages/airflow/example_dags/example_branch_operator_decorator.py
[2024-10-28T17:08:35.887-0700] {logging_mixin.py:150} INFO - [2024-10-28T17:08:35.887-0700] {dag.py:2742} INFO - Sync 1 DAGs
[2024-10-28T17:08:35.893-0700] {logging_mixin.py:150} INFO - [2024-10-28T17:08:35.893-0700] {dag.py:3504} INFO - Setting next_dagrun for example_branch_python_operator_decorator to 2024-10-28T00:00:00+00:00, run_after=2024-10-29T00:00:00+00:00
[2024-10-28T17:08:35.899-0700] {processor.py:179} INFO - Processing /Users/saiprasadreddykolan/airflow_venv/lib/python3.10/site-packages/airflow/example_dags/example_branch_operator_decorator.py took 0.247 seconds
[2024-10-28T17:10:11.709-0700] {processor.py:157} INFO - Started process (PID=70147) to work on /Users/saiprasadreddykolan/airflow_venv/lib/python3.10/site-packages/airflow/example_dags/example_branch_operator_decorator.py
[2024-10-28T17:10:11.712-0700] {processor.py:826} INFO - Processing file /Users/saiprasadreddykolan/airflow_venv/lib/python3.10/site-packages/airflow/example_dags/example_branch_operator_decorator.py for tasks to queue
[2024-10-28T17:10:11.712-0700] {logging_mixin.py:150} INFO - [2024-10-28T17:10:11.712-0700] {dagbag.py:541} INFO - Filling up the DagBag from /Users/saiprasadreddykolan/airflow_venv/lib/python3.10/site-packages/airflow/example_dags/example_branch_operator_decorator.py
[2024-10-28T17:10:11.729-0700] {processor.py:836} INFO - DAG(s) dict_keys(['example_branch_python_operator_decorator']) retrieved from /Users/saiprasadreddykolan/airflow_venv/lib/python3.10/site-packages/airflow/example_dags/example_branch_operator_decorator.py
[2024-10-28T17:10:11.947-0700] {logging_mixin.py:150} INFO - [2024-10-28T17:10:11.947-0700] {dag.py:2742} INFO - Sync 1 DAGs
[2024-10-28T17:10:11.953-0700] {logging_mixin.py:150} INFO - [2024-10-28T17:10:11.953-0700] {dag.py:3504} INFO - Setting next_dagrun for example_branch_python_operator_decorator to 2024-10-28T00:00:00+00:00, run_after=2024-10-29T00:00:00+00:00
[2024-10-28T17:10:11.959-0700] {processor.py:179} INFO - Processing /Users/saiprasadreddykolan/airflow_venv/lib/python3.10/site-packages/airflow/example_dags/example_branch_operator_decorator.py took 0.250 seconds
[2024-10-28T17:11:45.221-0700] {processor.py:157} INFO - Started process (PID=70207) to work on /Users/saiprasadreddykolan/airflow_venv/lib/python3.10/site-packages/airflow/example_dags/example_branch_operator_decorator.py
[2024-10-28T17:11:45.223-0700] {processor.py:826} INFO - Processing file /Users/saiprasadreddykolan/airflow_venv/lib/python3.10/site-packages/airflow/example_dags/example_branch_operator_decorator.py for tasks to queue
[2024-10-28T17:11:45.223-0700] {logging_mixin.py:150} INFO - [2024-10-28T17:11:45.223-0700] {dagbag.py:541} INFO - Filling up the DagBag from /Users/saiprasadreddykolan/airflow_venv/lib/python3.10/site-packages/airflow/example_dags/example_branch_operator_decorator.py
[2024-10-28T17:11:45.242-0700] {processor.py:836} INFO - DAG(s) dict_keys(['example_branch_python_operator_decorator']) retrieved from /Users/saiprasadreddykolan/airflow_venv/lib/python3.10/site-packages/airflow/example_dags/example_branch_operator_decorator.py
[2024-10-28T17:11:45.465-0700] {logging_mixin.py:150} INFO - [2024-10-28T17:11:45.465-0700] {dag.py:2742} INFO - Sync 1 DAGs
[2024-10-28T17:11:45.471-0700] {logging_mixin.py:150} INFO - [2024-10-28T17:11:45.471-0700] {dag.py:3504} INFO - Setting next_dagrun for example_branch_python_operator_decorator to 2024-10-28T00:00:00+00:00, run_after=2024-10-29T00:00:00+00:00
[2024-10-28T17:11:45.478-0700] {processor.py:179} INFO - Processing /Users/saiprasadreddykolan/airflow_venv/lib/python3.10/site-packages/airflow/example_dags/example_branch_operator_decorator.py took 0.257 seconds
[2024-10-28T17:13:13.390-0700] {processor.py:157} INFO - Started process (PID=70266) to work on /Users/saiprasadreddykolan/airflow_venv/lib/python3.10/site-packages/airflow/example_dags/example_branch_operator_decorator.py
[2024-10-28T17:13:13.392-0700] {processor.py:826} INFO - Processing file /Users/saiprasadreddykolan/airflow_venv/lib/python3.10/site-packages/airflow/example_dags/example_branch_operator_decorator.py for tasks to queue
[2024-10-28T17:13:13.393-0700] {logging_mixin.py:150} INFO - [2024-10-28T17:13:13.392-0700] {dagbag.py:541} INFO - Filling up the DagBag from /Users/saiprasadreddykolan/airflow_venv/lib/python3.10/site-packages/airflow/example_dags/example_branch_operator_decorator.py
[2024-10-28T17:13:13.410-0700] {processor.py:836} INFO - DAG(s) dict_keys(['example_branch_python_operator_decorator']) retrieved from /Users/saiprasadreddykolan/airflow_venv/lib/python3.10/site-packages/airflow/example_dags/example_branch_operator_decorator.py
[2024-10-28T17:13:13.637-0700] {logging_mixin.py:150} INFO - [2024-10-28T17:13:13.636-0700] {dag.py:2742} INFO - Sync 1 DAGs
[2024-10-28T17:13:13.642-0700] {logging_mixin.py:150} INFO - [2024-10-28T17:13:13.642-0700] {dag.py:3504} INFO - Setting next_dagrun for example_branch_python_operator_decorator to 2024-10-28T00:00:00+00:00, run_after=2024-10-29T00:00:00+00:00
[2024-10-28T17:13:13.648-0700] {processor.py:179} INFO - Processing /Users/saiprasadreddykolan/airflow_venv/lib/python3.10/site-packages/airflow/example_dags/example_branch_operator_decorator.py took 0.259 seconds
[2024-10-28T17:14:38.680-0700] {processor.py:157} INFO - Started process (PID=70327) to work on /Users/saiprasadreddykolan/airflow_venv/lib/python3.10/site-packages/airflow/example_dags/example_branch_operator_decorator.py
[2024-10-28T17:14:38.682-0700] {processor.py:826} INFO - Processing file /Users/saiprasadreddykolan/airflow_venv/lib/python3.10/site-packages/airflow/example_dags/example_branch_operator_decorator.py for tasks to queue
[2024-10-28T17:14:38.683-0700] {logging_mixin.py:150} INFO - [2024-10-28T17:14:38.683-0700] {dagbag.py:541} INFO - Filling up the DagBag from /Users/saiprasadreddykolan/airflow_venv/lib/python3.10/site-packages/airflow/example_dags/example_branch_operator_decorator.py
[2024-10-28T17:14:38.701-0700] {processor.py:836} INFO - DAG(s) dict_keys(['example_branch_python_operator_decorator']) retrieved from /Users/saiprasadreddykolan/airflow_venv/lib/python3.10/site-packages/airflow/example_dags/example_branch_operator_decorator.py
[2024-10-28T17:14:38.930-0700] {logging_mixin.py:150} INFO - [2024-10-28T17:14:38.930-0700] {dag.py:2742} INFO - Sync 1 DAGs
[2024-10-28T17:14:38.936-0700] {logging_mixin.py:150} INFO - [2024-10-28T17:14:38.936-0700] {dag.py:3504} INFO - Setting next_dagrun for example_branch_python_operator_decorator to 2024-10-28T00:00:00+00:00, run_after=2024-10-29T00:00:00+00:00
[2024-10-28T17:14:38.943-0700] {processor.py:179} INFO - Processing /Users/saiprasadreddykolan/airflow_venv/lib/python3.10/site-packages/airflow/example_dags/example_branch_operator_decorator.py took 0.263 seconds
[2024-10-28T17:16:15.199-0700] {processor.py:157} INFO - Started process (PID=70419) to work on /Users/saiprasadreddykolan/airflow_venv/lib/python3.10/site-packages/airflow/example_dags/example_branch_operator_decorator.py
[2024-10-28T17:16:15.200-0700] {processor.py:826} INFO - Processing file /Users/saiprasadreddykolan/airflow_venv/lib/python3.10/site-packages/airflow/example_dags/example_branch_operator_decorator.py for tasks to queue
[2024-10-28T17:16:15.201-0700] {logging_mixin.py:150} INFO - [2024-10-28T17:16:15.201-0700] {dagbag.py:541} INFO - Filling up the DagBag from /Users/saiprasadreddykolan/airflow_venv/lib/python3.10/site-packages/airflow/example_dags/example_branch_operator_decorator.py
[2024-10-28T17:16:15.221-0700] {processor.py:836} INFO - DAG(s) dict_keys(['example_branch_python_operator_decorator']) retrieved from /Users/saiprasadreddykolan/airflow_venv/lib/python3.10/site-packages/airflow/example_dags/example_branch_operator_decorator.py
[2024-10-28T17:16:15.461-0700] {logging_mixin.py:150} INFO - [2024-10-28T17:16:15.461-0700] {dag.py:2742} INFO - Sync 1 DAGs
[2024-10-28T17:16:15.467-0700] {logging_mixin.py:150} INFO - [2024-10-28T17:16:15.467-0700] {dag.py:3504} INFO - Setting next_dagrun for example_branch_python_operator_decorator to 2024-10-28T00:00:00+00:00, run_after=2024-10-29T00:00:00+00:00
[2024-10-28T17:16:15.473-0700] {processor.py:179} INFO - Processing /Users/saiprasadreddykolan/airflow_venv/lib/python3.10/site-packages/airflow/example_dags/example_branch_operator_decorator.py took 0.275 seconds
[2024-10-28T17:17:50.058-0700] {processor.py:157} INFO - Started process (PID=70516) to work on /Users/saiprasadreddykolan/airflow_venv/lib/python3.10/site-packages/airflow/example_dags/example_branch_operator_decorator.py
[2024-10-28T17:17:50.060-0700] {processor.py:826} INFO - Processing file /Users/saiprasadreddykolan/airflow_venv/lib/python3.10/site-packages/airflow/example_dags/example_branch_operator_decorator.py for tasks to queue
[2024-10-28T17:17:50.060-0700] {logging_mixin.py:150} INFO - [2024-10-28T17:17:50.060-0700] {dagbag.py:541} INFO - Filling up the DagBag from /Users/saiprasadreddykolan/airflow_venv/lib/python3.10/site-packages/airflow/example_dags/example_branch_operator_decorator.py
[2024-10-28T17:17:50.081-0700] {processor.py:836} INFO - DAG(s) dict_keys(['example_branch_python_operator_decorator']) retrieved from /Users/saiprasadreddykolan/airflow_venv/lib/python3.10/site-packages/airflow/example_dags/example_branch_operator_decorator.py
[2024-10-28T17:17:50.307-0700] {logging_mixin.py:150} INFO - [2024-10-28T17:17:50.307-0700] {dag.py:2742} INFO - Sync 1 DAGs
[2024-10-28T17:17:50.313-0700] {logging_mixin.py:150} INFO - [2024-10-28T17:17:50.313-0700] {dag.py:3504} INFO - Setting next_dagrun for example_branch_python_operator_decorator to 2024-10-28T00:00:00+00:00, run_after=2024-10-29T00:00:00+00:00
[2024-10-28T17:17:50.319-0700] {processor.py:179} INFO - Processing /Users/saiprasadreddykolan/airflow_venv/lib/python3.10/site-packages/airflow/example_dags/example_branch_operator_decorator.py took 0.261 seconds
[2024-10-28T17:19:21.697-0700] {processor.py:157} INFO - Started process (PID=70589) to work on /Users/saiprasadreddykolan/airflow_venv/lib/python3.10/site-packages/airflow/example_dags/example_branch_operator_decorator.py
[2024-10-28T17:19:21.699-0700] {processor.py:826} INFO - Processing file /Users/saiprasadreddykolan/airflow_venv/lib/python3.10/site-packages/airflow/example_dags/example_branch_operator_decorator.py for tasks to queue
[2024-10-28T17:19:21.699-0700] {logging_mixin.py:150} INFO - [2024-10-28T17:19:21.699-0700] {dagbag.py:541} INFO - Filling up the DagBag from /Users/saiprasadreddykolan/airflow_venv/lib/python3.10/site-packages/airflow/example_dags/example_branch_operator_decorator.py
[2024-10-28T17:19:21.717-0700] {processor.py:836} INFO - DAG(s) dict_keys(['example_branch_python_operator_decorator']) retrieved from /Users/saiprasadreddykolan/airflow_venv/lib/python3.10/site-packages/airflow/example_dags/example_branch_operator_decorator.py
[2024-10-28T17:19:21.934-0700] {logging_mixin.py:150} INFO - [2024-10-28T17:19:21.934-0700] {dag.py:2742} INFO - Sync 1 DAGs
[2024-10-28T17:19:21.940-0700] {logging_mixin.py:150} INFO - [2024-10-28T17:19:21.940-0700] {dag.py:3504} INFO - Setting next_dagrun for example_branch_python_operator_decorator to 2024-10-28T00:00:00+00:00, run_after=2024-10-29T00:00:00+00:00
[2024-10-28T17:19:21.946-0700] {processor.py:179} INFO - Processing /Users/saiprasadreddykolan/airflow_venv/lib/python3.10/site-packages/airflow/example_dags/example_branch_operator_decorator.py took 0.249 seconds
[2024-10-28T17:20:58.126-0700] {processor.py:157} INFO - Started process (PID=70670) to work on /Users/saiprasadreddykolan/airflow_venv/lib/python3.10/site-packages/airflow/example_dags/example_branch_operator_decorator.py
[2024-10-28T17:20:58.128-0700] {processor.py:826} INFO - Processing file /Users/saiprasadreddykolan/airflow_venv/lib/python3.10/site-packages/airflow/example_dags/example_branch_operator_decorator.py for tasks to queue
[2024-10-28T17:20:58.128-0700] {logging_mixin.py:150} INFO - [2024-10-28T17:20:58.128-0700] {dagbag.py:541} INFO - Filling up the DagBag from /Users/saiprasadreddykolan/airflow_venv/lib/python3.10/site-packages/airflow/example_dags/example_branch_operator_decorator.py
[2024-10-28T17:20:58.146-0700] {processor.py:836} INFO - DAG(s) dict_keys(['example_branch_python_operator_decorator']) retrieved from /Users/saiprasadreddykolan/airflow_venv/lib/python3.10/site-packages/airflow/example_dags/example_branch_operator_decorator.py
[2024-10-28T17:20:58.370-0700] {logging_mixin.py:150} INFO - [2024-10-28T17:20:58.370-0700] {dag.py:2742} INFO - Sync 1 DAGs
[2024-10-28T17:20:58.376-0700] {logging_mixin.py:150} INFO - [2024-10-28T17:20:58.376-0700] {dag.py:3504} INFO - Setting next_dagrun for example_branch_python_operator_decorator to 2024-10-28T00:00:00+00:00, run_after=2024-10-29T00:00:00+00:00
[2024-10-28T17:20:58.383-0700] {processor.py:179} INFO - Processing /Users/saiprasadreddykolan/airflow_venv/lib/python3.10/site-packages/airflow/example_dags/example_branch_operator_decorator.py took 0.257 seconds
[2024-10-28T17:22:28.479-0700] {processor.py:157} INFO - Started process (PID=70731) to work on /Users/saiprasadreddykolan/airflow_venv/lib/python3.10/site-packages/airflow/example_dags/example_branch_operator_decorator.py
[2024-10-28T17:22:28.481-0700] {processor.py:826} INFO - Processing file /Users/saiprasadreddykolan/airflow_venv/lib/python3.10/site-packages/airflow/example_dags/example_branch_operator_decorator.py for tasks to queue
[2024-10-28T17:22:28.482-0700] {logging_mixin.py:150} INFO - [2024-10-28T17:22:28.482-0700] {dagbag.py:541} INFO - Filling up the DagBag from /Users/saiprasadreddykolan/airflow_venv/lib/python3.10/site-packages/airflow/example_dags/example_branch_operator_decorator.py
[2024-10-28T17:22:28.506-0700] {processor.py:836} INFO - DAG(s) dict_keys(['example_branch_python_operator_decorator']) retrieved from /Users/saiprasadreddykolan/airflow_venv/lib/python3.10/site-packages/airflow/example_dags/example_branch_operator_decorator.py
[2024-10-28T17:22:28.756-0700] {logging_mixin.py:150} INFO - [2024-10-28T17:22:28.756-0700] {dag.py:2742} INFO - Sync 1 DAGs
[2024-10-28T17:22:28.764-0700] {logging_mixin.py:150} INFO - [2024-10-28T17:22:28.764-0700] {dag.py:3504} INFO - Setting next_dagrun for example_branch_python_operator_decorator to 2024-10-28T00:00:00+00:00, run_after=2024-10-29T00:00:00+00:00
[2024-10-28T17:22:28.772-0700] {processor.py:179} INFO - Processing /Users/saiprasadreddykolan/airflow_venv/lib/python3.10/site-packages/airflow/example_dags/example_branch_operator_decorator.py took 0.293 seconds
[2024-10-28T17:23:53.199-0700] {processor.py:157} INFO - Started process (PID=70825) to work on /Users/saiprasadreddykolan/airflow_venv/lib/python3.10/site-packages/airflow/example_dags/example_branch_operator_decorator.py
[2024-10-28T17:23:53.201-0700] {processor.py:826} INFO - Processing file /Users/saiprasadreddykolan/airflow_venv/lib/python3.10/site-packages/airflow/example_dags/example_branch_operator_decorator.py for tasks to queue
[2024-10-28T17:23:53.201-0700] {logging_mixin.py:150} INFO - [2024-10-28T17:23:53.201-0700] {dagbag.py:541} INFO - Filling up the DagBag from /Users/saiprasadreddykolan/airflow_venv/lib/python3.10/site-packages/airflow/example_dags/example_branch_operator_decorator.py
[2024-10-28T17:23:53.219-0700] {processor.py:836} INFO - DAG(s) dict_keys(['example_branch_python_operator_decorator']) retrieved from /Users/saiprasadreddykolan/airflow_venv/lib/python3.10/site-packages/airflow/example_dags/example_branch_operator_decorator.py
[2024-10-28T17:23:53.434-0700] {logging_mixin.py:150} INFO - [2024-10-28T17:23:53.434-0700] {dag.py:2742} INFO - Sync 1 DAGs
[2024-10-28T17:23:53.440-0700] {logging_mixin.py:150} INFO - [2024-10-28T17:23:53.440-0700] {dag.py:3504} INFO - Setting next_dagrun for example_branch_python_operator_decorator to 2024-10-28T00:00:00+00:00, run_after=2024-10-29T00:00:00+00:00
[2024-10-28T17:23:53.445-0700] {processor.py:179} INFO - Processing /Users/saiprasadreddykolan/airflow_venv/lib/python3.10/site-packages/airflow/example_dags/example_branch_operator_decorator.py took 0.247 seconds
[2024-10-28T17:25:30.671-0700] {processor.py:157} INFO - Started process (PID=70915) to work on /Users/saiprasadreddykolan/airflow_venv/lib/python3.10/site-packages/airflow/example_dags/example_branch_operator_decorator.py
[2024-10-28T17:25:30.673-0700] {processor.py:826} INFO - Processing file /Users/saiprasadreddykolan/airflow_venv/lib/python3.10/site-packages/airflow/example_dags/example_branch_operator_decorator.py for tasks to queue
[2024-10-28T17:25:30.673-0700] {logging_mixin.py:150} INFO - [2024-10-28T17:25:30.673-0700] {dagbag.py:541} INFO - Filling up the DagBag from /Users/saiprasadreddykolan/airflow_venv/lib/python3.10/site-packages/airflow/example_dags/example_branch_operator_decorator.py
[2024-10-28T17:25:30.691-0700] {processor.py:836} INFO - DAG(s) dict_keys(['example_branch_python_operator_decorator']) retrieved from /Users/saiprasadreddykolan/airflow_venv/lib/python3.10/site-packages/airflow/example_dags/example_branch_operator_decorator.py
[2024-10-28T17:25:30.919-0700] {logging_mixin.py:150} INFO - [2024-10-28T17:25:30.919-0700] {dag.py:2742} INFO - Sync 1 DAGs
[2024-10-28T17:25:30.925-0700] {logging_mixin.py:150} INFO - [2024-10-28T17:25:30.925-0700] {dag.py:3504} INFO - Setting next_dagrun for example_branch_python_operator_decorator to 2024-10-28T00:00:00+00:00, run_after=2024-10-29T00:00:00+00:00
[2024-10-28T17:25:30.931-0700] {processor.py:179} INFO - Processing /Users/saiprasadreddykolan/airflow_venv/lib/python3.10/site-packages/airflow/example_dags/example_branch_operator_decorator.py took 0.261 seconds
[2024-10-28T17:27:03.977-0700] {processor.py:157} INFO - Started process (PID=70996) to work on /Users/saiprasadreddykolan/airflow_venv/lib/python3.10/site-packages/airflow/example_dags/example_branch_operator_decorator.py
[2024-10-28T17:27:03.979-0700] {processor.py:826} INFO - Processing file /Users/saiprasadreddykolan/airflow_venv/lib/python3.10/site-packages/airflow/example_dags/example_branch_operator_decorator.py for tasks to queue
[2024-10-28T17:27:03.980-0700] {logging_mixin.py:150} INFO - [2024-10-28T17:27:03.980-0700] {dagbag.py:541} INFO - Filling up the DagBag from /Users/saiprasadreddykolan/airflow_venv/lib/python3.10/site-packages/airflow/example_dags/example_branch_operator_decorator.py
[2024-10-28T17:27:03.998-0700] {processor.py:836} INFO - DAG(s) dict_keys(['example_branch_python_operator_decorator']) retrieved from /Users/saiprasadreddykolan/airflow_venv/lib/python3.10/site-packages/airflow/example_dags/example_branch_operator_decorator.py
[2024-10-28T17:27:04.218-0700] {logging_mixin.py:150} INFO - [2024-10-28T17:27:04.218-0700] {dag.py:2742} INFO - Sync 1 DAGs
[2024-10-28T17:27:04.225-0700] {logging_mixin.py:150} INFO - [2024-10-28T17:27:04.224-0700] {dag.py:3504} INFO - Setting next_dagrun for example_branch_python_operator_decorator to 2024-10-28T00:00:00+00:00, run_after=2024-10-29T00:00:00+00:00
[2024-10-28T17:27:04.232-0700] {processor.py:179} INFO - Processing /Users/saiprasadreddykolan/airflow_venv/lib/python3.10/site-packages/airflow/example_dags/example_branch_operator_decorator.py took 0.256 seconds
[2024-10-28T17:28:30.885-0700] {processor.py:157} INFO - Started process (PID=71060) to work on /Users/saiprasadreddykolan/airflow_venv/lib/python3.10/site-packages/airflow/example_dags/example_branch_operator_decorator.py
[2024-10-28T17:28:30.887-0700] {processor.py:826} INFO - Processing file /Users/saiprasadreddykolan/airflow_venv/lib/python3.10/site-packages/airflow/example_dags/example_branch_operator_decorator.py for tasks to queue
[2024-10-28T17:28:30.887-0700] {logging_mixin.py:150} INFO - [2024-10-28T17:28:30.887-0700] {dagbag.py:541} INFO - Filling up the DagBag from /Users/saiprasadreddykolan/airflow_venv/lib/python3.10/site-packages/airflow/example_dags/example_branch_operator_decorator.py
[2024-10-28T17:28:30.905-0700] {processor.py:836} INFO - DAG(s) dict_keys(['example_branch_python_operator_decorator']) retrieved from /Users/saiprasadreddykolan/airflow_venv/lib/python3.10/site-packages/airflow/example_dags/example_branch_operator_decorator.py
[2024-10-28T17:28:31.122-0700] {logging_mixin.py:150} INFO - [2024-10-28T17:28:31.121-0700] {dag.py:2742} INFO - Sync 1 DAGs
[2024-10-28T17:28:31.128-0700] {logging_mixin.py:150} INFO - [2024-10-28T17:28:31.128-0700] {dag.py:3504} INFO - Setting next_dagrun for example_branch_python_operator_decorator to 2024-10-28T00:00:00+00:00, run_after=2024-10-29T00:00:00+00:00
[2024-10-28T17:28:31.134-0700] {processor.py:179} INFO - Processing /Users/saiprasadreddykolan/airflow_venv/lib/python3.10/site-packages/airflow/example_dags/example_branch_operator_decorator.py took 0.249 seconds
[2024-10-28T17:30:08.644-0700] {processor.py:157} INFO - Started process (PID=71133) to work on /Users/saiprasadreddykolan/airflow_venv/lib/python3.10/site-packages/airflow/example_dags/example_branch_operator_decorator.py
[2024-10-28T17:30:08.646-0700] {processor.py:826} INFO - Processing file /Users/saiprasadreddykolan/airflow_venv/lib/python3.10/site-packages/airflow/example_dags/example_branch_operator_decorator.py for tasks to queue
[2024-10-28T17:30:08.646-0700] {logging_mixin.py:150} INFO - [2024-10-28T17:30:08.646-0700] {dagbag.py:541} INFO - Filling up the DagBag from /Users/saiprasadreddykolan/airflow_venv/lib/python3.10/site-packages/airflow/example_dags/example_branch_operator_decorator.py
[2024-10-28T17:30:08.664-0700] {processor.py:836} INFO - DAG(s) dict_keys(['example_branch_python_operator_decorator']) retrieved from /Users/saiprasadreddykolan/airflow_venv/lib/python3.10/site-packages/airflow/example_dags/example_branch_operator_decorator.py
[2024-10-28T17:30:08.879-0700] {logging_mixin.py:150} INFO - [2024-10-28T17:30:08.878-0700] {dag.py:2742} INFO - Sync 1 DAGs
[2024-10-28T17:30:08.884-0700] {logging_mixin.py:150} INFO - [2024-10-28T17:30:08.884-0700] {dag.py:3504} INFO - Setting next_dagrun for example_branch_python_operator_decorator to 2024-10-28T00:00:00+00:00, run_after=2024-10-29T00:00:00+00:00
[2024-10-28T17:30:08.890-0700] {processor.py:179} INFO - Processing /Users/saiprasadreddykolan/airflow_venv/lib/python3.10/site-packages/airflow/example_dags/example_branch_operator_decorator.py took 0.247 seconds
[2024-10-28T17:31:40.252-0700] {processor.py:157} INFO - Started process (PID=71201) to work on /Users/saiprasadreddykolan/airflow_venv/lib/python3.10/site-packages/airflow/example_dags/example_branch_operator_decorator.py
[2024-10-28T17:31:40.255-0700] {processor.py:826} INFO - Processing file /Users/saiprasadreddykolan/airflow_venv/lib/python3.10/site-packages/airflow/example_dags/example_branch_operator_decorator.py for tasks to queue
[2024-10-28T17:31:40.255-0700] {logging_mixin.py:150} INFO - [2024-10-28T17:31:40.255-0700] {dagbag.py:541} INFO - Filling up the DagBag from /Users/saiprasadreddykolan/airflow_venv/lib/python3.10/site-packages/airflow/example_dags/example_branch_operator_decorator.py
[2024-10-28T17:31:40.273-0700] {processor.py:836} INFO - DAG(s) dict_keys(['example_branch_python_operator_decorator']) retrieved from /Users/saiprasadreddykolan/airflow_venv/lib/python3.10/site-packages/airflow/example_dags/example_branch_operator_decorator.py
[2024-10-28T17:31:40.491-0700] {logging_mixin.py:150} INFO - [2024-10-28T17:31:40.490-0700] {dag.py:2742} INFO - Sync 1 DAGs
[2024-10-28T17:31:40.496-0700] {logging_mixin.py:150} INFO - [2024-10-28T17:31:40.496-0700] {dag.py:3504} INFO - Setting next_dagrun for example_branch_python_operator_decorator to 2024-10-28T00:00:00+00:00, run_after=2024-10-29T00:00:00+00:00
[2024-10-28T17:31:40.502-0700] {processor.py:179} INFO - Processing /Users/saiprasadreddykolan/airflow_venv/lib/python3.10/site-packages/airflow/example_dags/example_branch_operator_decorator.py took 0.250 seconds
[2024-10-28T17:33:15.657-0700] {processor.py:157} INFO - Started process (PID=71274) to work on /Users/saiprasadreddykolan/airflow_venv/lib/python3.10/site-packages/airflow/example_dags/example_branch_operator_decorator.py
[2024-10-28T17:33:15.659-0700] {processor.py:826} INFO - Processing file /Users/saiprasadreddykolan/airflow_venv/lib/python3.10/site-packages/airflow/example_dags/example_branch_operator_decorator.py for tasks to queue
[2024-10-28T17:33:15.660-0700] {logging_mixin.py:150} INFO - [2024-10-28T17:33:15.660-0700] {dagbag.py:541} INFO - Filling up the DagBag from /Users/saiprasadreddykolan/airflow_venv/lib/python3.10/site-packages/airflow/example_dags/example_branch_operator_decorator.py
[2024-10-28T17:33:15.677-0700] {processor.py:836} INFO - DAG(s) dict_keys(['example_branch_python_operator_decorator']) retrieved from /Users/saiprasadreddykolan/airflow_venv/lib/python3.10/site-packages/airflow/example_dags/example_branch_operator_decorator.py
[2024-10-28T17:33:15.900-0700] {logging_mixin.py:150} INFO - [2024-10-28T17:33:15.900-0700] {dag.py:2742} INFO - Sync 1 DAGs
[2024-10-28T17:33:15.906-0700] {logging_mixin.py:150} INFO - [2024-10-28T17:33:15.906-0700] {dag.py:3504} INFO - Setting next_dagrun for example_branch_python_operator_decorator to 2024-10-28T00:00:00+00:00, run_after=2024-10-29T00:00:00+00:00
[2024-10-28T17:33:15.912-0700] {processor.py:179} INFO - Processing /Users/saiprasadreddykolan/airflow_venv/lib/python3.10/site-packages/airflow/example_dags/example_branch_operator_decorator.py took 0.255 seconds
[2024-10-28T17:34:50.481-0700] {processor.py:157} INFO - Started process (PID=71339) to work on /Users/saiprasadreddykolan/airflow_venv/lib/python3.10/site-packages/airflow/example_dags/example_branch_operator_decorator.py
[2024-10-28T17:34:50.484-0700] {processor.py:826} INFO - Processing file /Users/saiprasadreddykolan/airflow_venv/lib/python3.10/site-packages/airflow/example_dags/example_branch_operator_decorator.py for tasks to queue
[2024-10-28T17:34:50.484-0700] {logging_mixin.py:150} INFO - [2024-10-28T17:34:50.484-0700] {dagbag.py:541} INFO - Filling up the DagBag from /Users/saiprasadreddykolan/airflow_venv/lib/python3.10/site-packages/airflow/example_dags/example_branch_operator_decorator.py
[2024-10-28T17:34:50.502-0700] {processor.py:836} INFO - DAG(s) dict_keys(['example_branch_python_operator_decorator']) retrieved from /Users/saiprasadreddykolan/airflow_venv/lib/python3.10/site-packages/airflow/example_dags/example_branch_operator_decorator.py
[2024-10-28T17:34:50.729-0700] {logging_mixin.py:150} INFO - [2024-10-28T17:34:50.729-0700] {dag.py:2742} INFO - Sync 1 DAGs
[2024-10-28T17:34:50.735-0700] {logging_mixin.py:150} INFO - [2024-10-28T17:34:50.735-0700] {dag.py:3504} INFO - Setting next_dagrun for example_branch_python_operator_decorator to 2024-10-28T00:00:00+00:00, run_after=2024-10-29T00:00:00+00:00
[2024-10-28T17:34:50.741-0700] {processor.py:179} INFO - Processing /Users/saiprasadreddykolan/airflow_venv/lib/python3.10/site-packages/airflow/example_dags/example_branch_operator_decorator.py took 0.260 seconds
[2024-10-28T17:36:21.989-0700] {processor.py:157} INFO - Started process (PID=71402) to work on /Users/saiprasadreddykolan/airflow_venv/lib/python3.10/site-packages/airflow/example_dags/example_branch_operator_decorator.py
[2024-10-28T17:36:21.991-0700] {processor.py:826} INFO - Processing file /Users/saiprasadreddykolan/airflow_venv/lib/python3.10/site-packages/airflow/example_dags/example_branch_operator_decorator.py for tasks to queue
[2024-10-28T17:36:21.991-0700] {logging_mixin.py:150} INFO - [2024-10-28T17:36:21.991-0700] {dagbag.py:541} INFO - Filling up the DagBag from /Users/saiprasadreddykolan/airflow_venv/lib/python3.10/site-packages/airflow/example_dags/example_branch_operator_decorator.py
[2024-10-28T17:36:22.009-0700] {processor.py:836} INFO - DAG(s) dict_keys(['example_branch_python_operator_decorator']) retrieved from /Users/saiprasadreddykolan/airflow_venv/lib/python3.10/site-packages/airflow/example_dags/example_branch_operator_decorator.py
[2024-10-28T17:36:22.227-0700] {logging_mixin.py:150} INFO - [2024-10-28T17:36:22.227-0700] {dag.py:2742} INFO - Sync 1 DAGs
[2024-10-28T17:36:22.233-0700] {logging_mixin.py:150} INFO - [2024-10-28T17:36:22.232-0700] {dag.py:3504} INFO - Setting next_dagrun for example_branch_python_operator_decorator to 2024-10-28T00:00:00+00:00, run_after=2024-10-29T00:00:00+00:00
[2024-10-28T17:36:22.238-0700] {processor.py:179} INFO - Processing /Users/saiprasadreddykolan/airflow_venv/lib/python3.10/site-packages/airflow/example_dags/example_branch_operator_decorator.py took 0.250 seconds
[2024-10-28T17:37:57.014-0700] {processor.py:157} INFO - Started process (PID=71566) to work on /Users/saiprasadreddykolan/airflow_venv/lib/python3.10/site-packages/airflow/example_dags/example_branch_operator_decorator.py
[2024-10-28T17:37:57.020-0700] {processor.py:826} INFO - Processing file /Users/saiprasadreddykolan/airflow_venv/lib/python3.10/site-packages/airflow/example_dags/example_branch_operator_decorator.py for tasks to queue
[2024-10-28T17:37:57.020-0700] {logging_mixin.py:150} INFO - [2024-10-28T17:37:57.020-0700] {dagbag.py:541} INFO - Filling up the DagBag from /Users/saiprasadreddykolan/airflow_venv/lib/python3.10/site-packages/airflow/example_dags/example_branch_operator_decorator.py
[2024-10-28T17:37:57.041-0700] {processor.py:836} INFO - DAG(s) dict_keys(['example_branch_python_operator_decorator']) retrieved from /Users/saiprasadreddykolan/airflow_venv/lib/python3.10/site-packages/airflow/example_dags/example_branch_operator_decorator.py
[2024-10-28T17:37:57.302-0700] {logging_mixin.py:150} INFO - [2024-10-28T17:37:57.302-0700] {dag.py:2742} INFO - Sync 1 DAGs
[2024-10-28T17:37:57.310-0700] {logging_mixin.py:150} INFO - [2024-10-28T17:37:57.310-0700] {dag.py:3504} INFO - Setting next_dagrun for example_branch_python_operator_decorator to 2024-10-28T00:00:00+00:00, run_after=2024-10-29T00:00:00+00:00
[2024-10-28T17:37:57.316-0700] {processor.py:179} INFO - Processing /Users/saiprasadreddykolan/airflow_venv/lib/python3.10/site-packages/airflow/example_dags/example_branch_operator_decorator.py took 0.302 seconds
