[2024-10-28T17:00:50.356-0700] {processor.py:157} INFO - Started process (PID=69763) to work on /Users/saiprasadreddykolan/airflow_venv/lib/python3.10/site-packages/airflow/example_dags/example_trigger_target_dag.py
[2024-10-28T17:00:50.358-0700] {processor.py:826} INFO - Processing file /Users/saiprasadreddykolan/airflow_venv/lib/python3.10/site-packages/airflow/example_dags/example_trigger_target_dag.py for tasks to queue
[2024-10-28T17:00:50.359-0700] {logging_mixin.py:150} INFO - [2024-10-28T17:00:50.359-0700] {dagbag.py:541} INFO - Filling up the DagBag from /Users/saiprasadreddykolan/airflow_venv/lib/python3.10/site-packages/airflow/example_dags/example_trigger_target_dag.py
[2024-10-28T17:00:50.376-0700] {processor.py:836} INFO - DAG(s) dict_keys(['example_trigger_target_dag']) retrieved from /Users/saiprasadreddykolan/airflow_venv/lib/python3.10/site-packages/airflow/example_dags/example_trigger_target_dag.py
[2024-10-28T17:00:50.590-0700] {logging_mixin.py:150} INFO - [2024-10-28T17:00:50.590-0700] {dag.py:2742} INFO - Sync 1 DAGs
[2024-10-28T17:00:50.596-0700] {logging_mixin.py:150} INFO - [2024-10-28T17:00:50.596-0700] {dag.py:3504} INFO - Setting next_dagrun for example_trigger_target_dag to None, run_after=None
[2024-10-28T17:00:50.603-0700] {processor.py:179} INFO - Processing /Users/saiprasadreddykolan/airflow_venv/lib/python3.10/site-packages/airflow/example_dags/example_trigger_target_dag.py took 0.248 seconds
[2024-10-28T17:02:12.401-0700] {processor.py:157} INFO - Started process (PID=69821) to work on /Users/saiprasadreddykolan/airflow_venv/lib/python3.10/site-packages/airflow/example_dags/example_trigger_target_dag.py
[2024-10-28T17:02:12.403-0700] {processor.py:826} INFO - Processing file /Users/saiprasadreddykolan/airflow_venv/lib/python3.10/site-packages/airflow/example_dags/example_trigger_target_dag.py for tasks to queue
[2024-10-28T17:02:12.403-0700] {logging_mixin.py:150} INFO - [2024-10-28T17:02:12.403-0700] {dagbag.py:541} INFO - Filling up the DagBag from /Users/saiprasadreddykolan/airflow_venv/lib/python3.10/site-packages/airflow/example_dags/example_trigger_target_dag.py
[2024-10-28T17:02:12.420-0700] {processor.py:836} INFO - DAG(s) dict_keys(['example_trigger_target_dag']) retrieved from /Users/saiprasadreddykolan/airflow_venv/lib/python3.10/site-packages/airflow/example_dags/example_trigger_target_dag.py
[2024-10-28T17:02:12.632-0700] {logging_mixin.py:150} INFO - [2024-10-28T17:02:12.632-0700] {dag.py:2742} INFO - Sync 1 DAGs
[2024-10-28T17:02:12.638-0700] {logging_mixin.py:150} INFO - [2024-10-28T17:02:12.638-0700] {dag.py:3504} INFO - Setting next_dagrun for example_trigger_target_dag to None, run_after=None
[2024-10-28T17:02:12.645-0700] {processor.py:179} INFO - Processing /Users/saiprasadreddykolan/airflow_venv/lib/python3.10/site-packages/airflow/example_dags/example_trigger_target_dag.py took 0.244 seconds
[2024-10-28T17:03:00.780-0700] {processor.py:157} INFO - Started process (PID=69852) to work on /Users/saiprasadreddykolan/airflow_venv/lib/python3.10/site-packages/airflow/example_dags/example_trigger_target_dag.py
[2024-10-28T17:03:00.782-0700] {processor.py:826} INFO - Processing file /Users/saiprasadreddykolan/airflow_venv/lib/python3.10/site-packages/airflow/example_dags/example_trigger_target_dag.py for tasks to queue
[2024-10-28T17:03:00.782-0700] {logging_mixin.py:150} INFO - [2024-10-28T17:03:00.782-0700] {dagbag.py:541} INFO - Filling up the DagBag from /Users/saiprasadreddykolan/airflow_venv/lib/python3.10/site-packages/airflow/example_dags/example_trigger_target_dag.py
[2024-10-28T17:03:00.800-0700] {processor.py:836} INFO - DAG(s) dict_keys(['example_trigger_target_dag']) retrieved from /Users/saiprasadreddykolan/airflow_venv/lib/python3.10/site-packages/airflow/example_dags/example_trigger_target_dag.py
[2024-10-28T17:03:01.040-0700] {logging_mixin.py:150} INFO - [2024-10-28T17:03:01.040-0700] {dag.py:2742} INFO - Sync 1 DAGs
[2024-10-28T17:03:01.047-0700] {logging_mixin.py:150} INFO - [2024-10-28T17:03:01.047-0700] {dag.py:3504} INFO - Setting next_dagrun for example_trigger_target_dag to None, run_after=None
[2024-10-28T17:03:01.052-0700] {processor.py:179} INFO - Processing /Users/saiprasadreddykolan/airflow_venv/lib/python3.10/site-packages/airflow/example_dags/example_trigger_target_dag.py took 0.273 seconds
[2024-10-28T17:04:24.356-0700] {processor.py:157} INFO - Started process (PID=69911) to work on /Users/saiprasadreddykolan/airflow_venv/lib/python3.10/site-packages/airflow/example_dags/example_trigger_target_dag.py
[2024-10-28T17:04:24.358-0700] {processor.py:826} INFO - Processing file /Users/saiprasadreddykolan/airflow_venv/lib/python3.10/site-packages/airflow/example_dags/example_trigger_target_dag.py for tasks to queue
[2024-10-28T17:04:24.359-0700] {logging_mixin.py:150} INFO - [2024-10-28T17:04:24.358-0700] {dagbag.py:541} INFO - Filling up the DagBag from /Users/saiprasadreddykolan/airflow_venv/lib/python3.10/site-packages/airflow/example_dags/example_trigger_target_dag.py
[2024-10-28T17:04:24.379-0700] {processor.py:836} INFO - DAG(s) dict_keys(['example_trigger_target_dag']) retrieved from /Users/saiprasadreddykolan/airflow_venv/lib/python3.10/site-packages/airflow/example_dags/example_trigger_target_dag.py
[2024-10-28T17:04:24.593-0700] {logging_mixin.py:150} INFO - [2024-10-28T17:04:24.593-0700] {dag.py:2742} INFO - Sync 1 DAGs
[2024-10-28T17:04:24.599-0700] {logging_mixin.py:150} INFO - [2024-10-28T17:04:24.599-0700] {dag.py:3504} INFO - Setting next_dagrun for example_trigger_target_dag to None, run_after=None
[2024-10-28T17:04:24.605-0700] {processor.py:179} INFO - Processing /Users/saiprasadreddykolan/airflow_venv/lib/python3.10/site-packages/airflow/example_dags/example_trigger_target_dag.py took 0.249 seconds
[2024-10-28T17:05:15.286-0700] {processor.py:157} INFO - Started process (PID=69948) to work on /Users/saiprasadreddykolan/airflow_venv/lib/python3.10/site-packages/airflow/example_dags/example_trigger_target_dag.py
[2024-10-28T17:05:15.289-0700] {processor.py:826} INFO - Processing file /Users/saiprasadreddykolan/airflow_venv/lib/python3.10/site-packages/airflow/example_dags/example_trigger_target_dag.py for tasks to queue
[2024-10-28T17:05:15.289-0700] {logging_mixin.py:150} INFO - [2024-10-28T17:05:15.289-0700] {dagbag.py:541} INFO - Filling up the DagBag from /Users/saiprasadreddykolan/airflow_venv/lib/python3.10/site-packages/airflow/example_dags/example_trigger_target_dag.py
[2024-10-28T17:05:15.307-0700] {processor.py:836} INFO - DAG(s) dict_keys(['example_trigger_target_dag']) retrieved from /Users/saiprasadreddykolan/airflow_venv/lib/python3.10/site-packages/airflow/example_dags/example_trigger_target_dag.py
[2024-10-28T17:05:15.522-0700] {logging_mixin.py:150} INFO - [2024-10-28T17:05:15.521-0700] {dag.py:2742} INFO - Sync 1 DAGs
[2024-10-28T17:05:15.527-0700] {logging_mixin.py:150} INFO - [2024-10-28T17:05:15.527-0700] {dag.py:3504} INFO - Setting next_dagrun for example_trigger_target_dag to None, run_after=None
[2024-10-28T17:05:15.534-0700] {processor.py:179} INFO - Processing /Users/saiprasadreddykolan/airflow_venv/lib/python3.10/site-packages/airflow/example_dags/example_trigger_target_dag.py took 0.248 seconds
[2024-10-28T17:06:05.952-0700] {processor.py:157} INFO - Started process (PID=69980) to work on /Users/saiprasadreddykolan/airflow_venv/lib/python3.10/site-packages/airflow/example_dags/example_trigger_target_dag.py
[2024-10-28T17:06:05.954-0700] {processor.py:826} INFO - Processing file /Users/saiprasadreddykolan/airflow_venv/lib/python3.10/site-packages/airflow/example_dags/example_trigger_target_dag.py for tasks to queue
[2024-10-28T17:06:05.954-0700] {logging_mixin.py:150} INFO - [2024-10-28T17:06:05.954-0700] {dagbag.py:541} INFO - Filling up the DagBag from /Users/saiprasadreddykolan/airflow_venv/lib/python3.10/site-packages/airflow/example_dags/example_trigger_target_dag.py
[2024-10-28T17:06:05.971-0700] {processor.py:836} INFO - DAG(s) dict_keys(['example_trigger_target_dag']) retrieved from /Users/saiprasadreddykolan/airflow_venv/lib/python3.10/site-packages/airflow/example_dags/example_trigger_target_dag.py
[2024-10-28T17:06:06.185-0700] {logging_mixin.py:150} INFO - [2024-10-28T17:06:06.185-0700] {dag.py:2742} INFO - Sync 1 DAGs
[2024-10-28T17:06:06.191-0700] {logging_mixin.py:150} INFO - [2024-10-28T17:06:06.191-0700] {dag.py:3504} INFO - Setting next_dagrun for example_trigger_target_dag to None, run_after=None
[2024-10-28T17:06:06.197-0700] {processor.py:179} INFO - Processing /Users/saiprasadreddykolan/airflow_venv/lib/python3.10/site-packages/airflow/example_dags/example_trigger_target_dag.py took 0.245 seconds
[2024-10-28T17:07:32.634-0700] {processor.py:157} INFO - Started process (PID=70044) to work on /Users/saiprasadreddykolan/airflow_venv/lib/python3.10/site-packages/airflow/example_dags/example_trigger_target_dag.py
[2024-10-28T17:07:32.636-0700] {processor.py:826} INFO - Processing file /Users/saiprasadreddykolan/airflow_venv/lib/python3.10/site-packages/airflow/example_dags/example_trigger_target_dag.py for tasks to queue
[2024-10-28T17:07:32.636-0700] {logging_mixin.py:150} INFO - [2024-10-28T17:07:32.636-0700] {dagbag.py:541} INFO - Filling up the DagBag from /Users/saiprasadreddykolan/airflow_venv/lib/python3.10/site-packages/airflow/example_dags/example_trigger_target_dag.py
[2024-10-28T17:07:32.654-0700] {processor.py:836} INFO - DAG(s) dict_keys(['example_trigger_target_dag']) retrieved from /Users/saiprasadreddykolan/airflow_venv/lib/python3.10/site-packages/airflow/example_dags/example_trigger_target_dag.py
[2024-10-28T17:07:32.868-0700] {logging_mixin.py:150} INFO - [2024-10-28T17:07:32.868-0700] {dag.py:2742} INFO - Sync 1 DAGs
[2024-10-28T17:07:32.873-0700] {logging_mixin.py:150} INFO - [2024-10-28T17:07:32.873-0700] {dag.py:3504} INFO - Setting next_dagrun for example_trigger_target_dag to None, run_after=None
[2024-10-28T17:07:32.879-0700] {processor.py:179} INFO - Processing /Users/saiprasadreddykolan/airflow_venv/lib/python3.10/site-packages/airflow/example_dags/example_trigger_target_dag.py took 0.245 seconds
[2024-10-28T17:08:58.364-0700] {processor.py:157} INFO - Started process (PID=70102) to work on /Users/saiprasadreddykolan/airflow_venv/lib/python3.10/site-packages/airflow/example_dags/example_trigger_target_dag.py
[2024-10-28T17:08:58.365-0700] {processor.py:826} INFO - Processing file /Users/saiprasadreddykolan/airflow_venv/lib/python3.10/site-packages/airflow/example_dags/example_trigger_target_dag.py for tasks to queue
[2024-10-28T17:08:58.366-0700] {logging_mixin.py:150} INFO - [2024-10-28T17:08:58.366-0700] {dagbag.py:541} INFO - Filling up the DagBag from /Users/saiprasadreddykolan/airflow_venv/lib/python3.10/site-packages/airflow/example_dags/example_trigger_target_dag.py
[2024-10-28T17:08:58.383-0700] {processor.py:836} INFO - DAG(s) dict_keys(['example_trigger_target_dag']) retrieved from /Users/saiprasadreddykolan/airflow_venv/lib/python3.10/site-packages/airflow/example_dags/example_trigger_target_dag.py
[2024-10-28T17:08:58.596-0700] {logging_mixin.py:150} INFO - [2024-10-28T17:08:58.596-0700] {dag.py:2742} INFO - Sync 1 DAGs
[2024-10-28T17:08:58.602-0700] {logging_mixin.py:150} INFO - [2024-10-28T17:08:58.602-0700] {dag.py:3504} INFO - Setting next_dagrun for example_trigger_target_dag to None, run_after=None
[2024-10-28T17:08:58.608-0700] {processor.py:179} INFO - Processing /Users/saiprasadreddykolan/airflow_venv/lib/python3.10/site-packages/airflow/example_dags/example_trigger_target_dag.py took 0.244 seconds
[2024-10-28T17:09:48.886-0700] {processor.py:157} INFO - Started process (PID=70134) to work on /Users/saiprasadreddykolan/airflow_venv/lib/python3.10/site-packages/airflow/example_dags/example_trigger_target_dag.py
[2024-10-28T17:09:48.888-0700] {processor.py:826} INFO - Processing file /Users/saiprasadreddykolan/airflow_venv/lib/python3.10/site-packages/airflow/example_dags/example_trigger_target_dag.py for tasks to queue
[2024-10-28T17:09:48.888-0700] {logging_mixin.py:150} INFO - [2024-10-28T17:09:48.888-0700] {dagbag.py:541} INFO - Filling up the DagBag from /Users/saiprasadreddykolan/airflow_venv/lib/python3.10/site-packages/airflow/example_dags/example_trigger_target_dag.py
[2024-10-28T17:09:48.906-0700] {processor.py:836} INFO - DAG(s) dict_keys(['example_trigger_target_dag']) retrieved from /Users/saiprasadreddykolan/airflow_venv/lib/python3.10/site-packages/airflow/example_dags/example_trigger_target_dag.py
[2024-10-28T17:09:49.126-0700] {logging_mixin.py:150} INFO - [2024-10-28T17:09:49.126-0700] {dag.py:2742} INFO - Sync 1 DAGs
[2024-10-28T17:09:49.132-0700] {logging_mixin.py:150} INFO - [2024-10-28T17:09:49.132-0700] {dag.py:3504} INFO - Setting next_dagrun for example_trigger_target_dag to None, run_after=None
[2024-10-28T17:09:49.139-0700] {processor.py:179} INFO - Processing /Users/saiprasadreddykolan/airflow_venv/lib/python3.10/site-packages/airflow/example_dags/example_trigger_target_dag.py took 0.254 seconds
[2024-10-28T17:10:37.194-0700] {processor.py:157} INFO - Started process (PID=70164) to work on /Users/saiprasadreddykolan/airflow_venv/lib/python3.10/site-packages/airflow/example_dags/example_trigger_target_dag.py
[2024-10-28T17:10:37.196-0700] {processor.py:826} INFO - Processing file /Users/saiprasadreddykolan/airflow_venv/lib/python3.10/site-packages/airflow/example_dags/example_trigger_target_dag.py for tasks to queue
[2024-10-28T17:10:37.196-0700] {logging_mixin.py:150} INFO - [2024-10-28T17:10:37.196-0700] {dagbag.py:541} INFO - Filling up the DagBag from /Users/saiprasadreddykolan/airflow_venv/lib/python3.10/site-packages/airflow/example_dags/example_trigger_target_dag.py
[2024-10-28T17:10:37.214-0700] {processor.py:836} INFO - DAG(s) dict_keys(['example_trigger_target_dag']) retrieved from /Users/saiprasadreddykolan/airflow_venv/lib/python3.10/site-packages/airflow/example_dags/example_trigger_target_dag.py
[2024-10-28T17:10:37.427-0700] {logging_mixin.py:150} INFO - [2024-10-28T17:10:37.427-0700] {dag.py:2742} INFO - Sync 1 DAGs
[2024-10-28T17:10:37.433-0700] {logging_mixin.py:150} INFO - [2024-10-28T17:10:37.432-0700] {dag.py:3504} INFO - Setting next_dagrun for example_trigger_target_dag to None, run_after=None
[2024-10-28T17:10:37.438-0700] {processor.py:179} INFO - Processing /Users/saiprasadreddykolan/airflow_venv/lib/python3.10/site-packages/airflow/example_dags/example_trigger_target_dag.py took 0.245 seconds
[2024-10-28T17:12:12.977-0700] {processor.py:157} INFO - Started process (PID=70223) to work on /Users/saiprasadreddykolan/airflow_venv/lib/python3.10/site-packages/airflow/example_dags/example_trigger_target_dag.py
[2024-10-28T17:12:12.979-0700] {processor.py:826} INFO - Processing file /Users/saiprasadreddykolan/airflow_venv/lib/python3.10/site-packages/airflow/example_dags/example_trigger_target_dag.py for tasks to queue
[2024-10-28T17:12:12.979-0700] {logging_mixin.py:150} INFO - [2024-10-28T17:12:12.979-0700] {dagbag.py:541} INFO - Filling up the DagBag from /Users/saiprasadreddykolan/airflow_venv/lib/python3.10/site-packages/airflow/example_dags/example_trigger_target_dag.py
[2024-10-28T17:12:12.997-0700] {processor.py:836} INFO - DAG(s) dict_keys(['example_trigger_target_dag']) retrieved from /Users/saiprasadreddykolan/airflow_venv/lib/python3.10/site-packages/airflow/example_dags/example_trigger_target_dag.py
[2024-10-28T17:12:13.210-0700] {logging_mixin.py:150} INFO - [2024-10-28T17:12:13.210-0700] {dag.py:2742} INFO - Sync 1 DAGs
[2024-10-28T17:12:13.216-0700] {logging_mixin.py:150} INFO - [2024-10-28T17:12:13.216-0700] {dag.py:3504} INFO - Setting next_dagrun for example_trigger_target_dag to None, run_after=None
[2024-10-28T17:12:13.222-0700] {processor.py:179} INFO - Processing /Users/saiprasadreddykolan/airflow_venv/lib/python3.10/site-packages/airflow/example_dags/example_trigger_target_dag.py took 0.245 seconds
[2024-10-28T17:13:37.558-0700] {processor.py:157} INFO - Started process (PID=70285) to work on /Users/saiprasadreddykolan/airflow_venv/lib/python3.10/site-packages/airflow/example_dags/example_trigger_target_dag.py
[2024-10-28T17:13:37.560-0700] {processor.py:826} INFO - Processing file /Users/saiprasadreddykolan/airflow_venv/lib/python3.10/site-packages/airflow/example_dags/example_trigger_target_dag.py for tasks to queue
[2024-10-28T17:13:37.561-0700] {logging_mixin.py:150} INFO - [2024-10-28T17:13:37.560-0700] {dagbag.py:541} INFO - Filling up the DagBag from /Users/saiprasadreddykolan/airflow_venv/lib/python3.10/site-packages/airflow/example_dags/example_trigger_target_dag.py
[2024-10-28T17:13:37.578-0700] {processor.py:836} INFO - DAG(s) dict_keys(['example_trigger_target_dag']) retrieved from /Users/saiprasadreddykolan/airflow_venv/lib/python3.10/site-packages/airflow/example_dags/example_trigger_target_dag.py
[2024-10-28T17:13:37.796-0700] {logging_mixin.py:150} INFO - [2024-10-28T17:13:37.796-0700] {dag.py:2742} INFO - Sync 1 DAGs
[2024-10-28T17:13:37.802-0700] {logging_mixin.py:150} INFO - [2024-10-28T17:13:37.802-0700] {dag.py:3504} INFO - Setting next_dagrun for example_trigger_target_dag to None, run_after=None
[2024-10-28T17:13:37.808-0700] {processor.py:179} INFO - Processing /Users/saiprasadreddykolan/airflow_venv/lib/python3.10/site-packages/airflow/example_dags/example_trigger_target_dag.py took 0.251 seconds
[2024-10-28T17:15:04.867-0700] {processor.py:157} INFO - Started process (PID=70342) to work on /Users/saiprasadreddykolan/airflow_venv/lib/python3.10/site-packages/airflow/example_dags/example_trigger_target_dag.py
[2024-10-28T17:15:04.869-0700] {processor.py:826} INFO - Processing file /Users/saiprasadreddykolan/airflow_venv/lib/python3.10/site-packages/airflow/example_dags/example_trigger_target_dag.py for tasks to queue
[2024-10-28T17:15:04.869-0700] {logging_mixin.py:150} INFO - [2024-10-28T17:15:04.869-0700] {dagbag.py:541} INFO - Filling up the DagBag from /Users/saiprasadreddykolan/airflow_venv/lib/python3.10/site-packages/airflow/example_dags/example_trigger_target_dag.py
[2024-10-28T17:15:04.888-0700] {processor.py:836} INFO - DAG(s) dict_keys(['example_trigger_target_dag']) retrieved from /Users/saiprasadreddykolan/airflow_venv/lib/python3.10/site-packages/airflow/example_dags/example_trigger_target_dag.py
[2024-10-28T17:15:05.112-0700] {logging_mixin.py:150} INFO - [2024-10-28T17:15:05.112-0700] {dag.py:2742} INFO - Sync 1 DAGs
[2024-10-28T17:15:05.117-0700] {logging_mixin.py:150} INFO - [2024-10-28T17:15:05.117-0700] {dag.py:3504} INFO - Setting next_dagrun for example_trigger_target_dag to None, run_after=None
[2024-10-28T17:15:05.123-0700] {processor.py:179} INFO - Processing /Users/saiprasadreddykolan/airflow_venv/lib/python3.10/site-packages/airflow/example_dags/example_trigger_target_dag.py took 0.257 seconds
[2024-10-28T17:15:54.098-0700] {processor.py:157} INFO - Started process (PID=70383) to work on /Users/saiprasadreddykolan/airflow_venv/lib/python3.10/site-packages/airflow/example_dags/example_trigger_target_dag.py
[2024-10-28T17:15:54.100-0700] {processor.py:826} INFO - Processing file /Users/saiprasadreddykolan/airflow_venv/lib/python3.10/site-packages/airflow/example_dags/example_trigger_target_dag.py for tasks to queue
[2024-10-28T17:15:54.100-0700] {logging_mixin.py:150} INFO - [2024-10-28T17:15:54.100-0700] {dagbag.py:541} INFO - Filling up the DagBag from /Users/saiprasadreddykolan/airflow_venv/lib/python3.10/site-packages/airflow/example_dags/example_trigger_target_dag.py
[2024-10-28T17:15:54.118-0700] {processor.py:836} INFO - DAG(s) dict_keys(['example_trigger_target_dag']) retrieved from /Users/saiprasadreddykolan/airflow_venv/lib/python3.10/site-packages/airflow/example_dags/example_trigger_target_dag.py
[2024-10-28T17:15:54.340-0700] {logging_mixin.py:150} INFO - [2024-10-28T17:15:54.340-0700] {dag.py:2742} INFO - Sync 1 DAGs
[2024-10-28T17:15:54.347-0700] {logging_mixin.py:150} INFO - [2024-10-28T17:15:54.347-0700] {dag.py:3504} INFO - Setting next_dagrun for example_trigger_target_dag to None, run_after=None
[2024-10-28T17:15:54.353-0700] {processor.py:179} INFO - Processing /Users/saiprasadreddykolan/airflow_venv/lib/python3.10/site-packages/airflow/example_dags/example_trigger_target_dag.py took 0.255 seconds
[2024-10-28T17:16:43.208-0700] {processor.py:157} INFO - Started process (PID=70468) to work on /Users/saiprasadreddykolan/airflow_venv/lib/python3.10/site-packages/airflow/example_dags/example_trigger_target_dag.py
[2024-10-28T17:16:43.210-0700] {processor.py:826} INFO - Processing file /Users/saiprasadreddykolan/airflow_venv/lib/python3.10/site-packages/airflow/example_dags/example_trigger_target_dag.py for tasks to queue
[2024-10-28T17:16:43.210-0700] {logging_mixin.py:150} INFO - [2024-10-28T17:16:43.210-0700] {dagbag.py:541} INFO - Filling up the DagBag from /Users/saiprasadreddykolan/airflow_venv/lib/python3.10/site-packages/airflow/example_dags/example_trigger_target_dag.py
[2024-10-28T17:16:43.227-0700] {processor.py:836} INFO - DAG(s) dict_keys(['example_trigger_target_dag']) retrieved from /Users/saiprasadreddykolan/airflow_venv/lib/python3.10/site-packages/airflow/example_dags/example_trigger_target_dag.py
[2024-10-28T17:16:43.445-0700] {logging_mixin.py:150} INFO - [2024-10-28T17:16:43.445-0700] {dag.py:2742} INFO - Sync 1 DAGs
[2024-10-28T17:16:43.453-0700] {logging_mixin.py:150} INFO - [2024-10-28T17:16:43.453-0700] {dag.py:3504} INFO - Setting next_dagrun for example_trigger_target_dag to None, run_after=None
[2024-10-28T17:16:43.461-0700] {processor.py:179} INFO - Processing /Users/saiprasadreddykolan/airflow_venv/lib/python3.10/site-packages/airflow/example_dags/example_trigger_target_dag.py took 0.253 seconds
[2024-10-28T17:17:30.179-0700] {processor.py:157} INFO - Started process (PID=70501) to work on /Users/saiprasadreddykolan/airflow_venv/lib/python3.10/site-packages/airflow/example_dags/example_trigger_target_dag.py
[2024-10-28T17:17:30.182-0700] {processor.py:826} INFO - Processing file /Users/saiprasadreddykolan/airflow_venv/lib/python3.10/site-packages/airflow/example_dags/example_trigger_target_dag.py for tasks to queue
[2024-10-28T17:17:30.182-0700] {logging_mixin.py:150} INFO - [2024-10-28T17:17:30.182-0700] {dagbag.py:541} INFO - Filling up the DagBag from /Users/saiprasadreddykolan/airflow_venv/lib/python3.10/site-packages/airflow/example_dags/example_trigger_target_dag.py
[2024-10-28T17:17:30.198-0700] {processor.py:836} INFO - DAG(s) dict_keys(['example_trigger_target_dag']) retrieved from /Users/saiprasadreddykolan/airflow_venv/lib/python3.10/site-packages/airflow/example_dags/example_trigger_target_dag.py
[2024-10-28T17:17:30.410-0700] {logging_mixin.py:150} INFO - [2024-10-28T17:17:30.410-0700] {dag.py:2742} INFO - Sync 1 DAGs
[2024-10-28T17:17:30.416-0700] {logging_mixin.py:150} INFO - [2024-10-28T17:17:30.416-0700] {dag.py:3504} INFO - Setting next_dagrun for example_trigger_target_dag to None, run_after=None
[2024-10-28T17:17:30.422-0700] {processor.py:179} INFO - Processing /Users/saiprasadreddykolan/airflow_venv/lib/python3.10/site-packages/airflow/example_dags/example_trigger_target_dag.py took 0.243 seconds
[2024-10-28T17:19:03.524-0700] {processor.py:157} INFO - Started process (PID=70572) to work on /Users/saiprasadreddykolan/airflow_venv/lib/python3.10/site-packages/airflow/example_dags/example_trigger_target_dag.py
[2024-10-28T17:19:03.527-0700] {processor.py:826} INFO - Processing file /Users/saiprasadreddykolan/airflow_venv/lib/python3.10/site-packages/airflow/example_dags/example_trigger_target_dag.py for tasks to queue
[2024-10-28T17:19:03.527-0700] {logging_mixin.py:150} INFO - [2024-10-28T17:19:03.527-0700] {dagbag.py:541} INFO - Filling up the DagBag from /Users/saiprasadreddykolan/airflow_venv/lib/python3.10/site-packages/airflow/example_dags/example_trigger_target_dag.py
[2024-10-28T17:19:03.545-0700] {processor.py:836} INFO - DAG(s) dict_keys(['example_trigger_target_dag']) retrieved from /Users/saiprasadreddykolan/airflow_venv/lib/python3.10/site-packages/airflow/example_dags/example_trigger_target_dag.py
[2024-10-28T17:19:03.775-0700] {logging_mixin.py:150} INFO - [2024-10-28T17:19:03.775-0700] {dag.py:2742} INFO - Sync 1 DAGs
[2024-10-28T17:19:03.781-0700] {logging_mixin.py:150} INFO - [2024-10-28T17:19:03.781-0700] {dag.py:3504} INFO - Setting next_dagrun for example_trigger_target_dag to None, run_after=None
[2024-10-28T17:19:03.788-0700] {processor.py:179} INFO - Processing /Users/saiprasadreddykolan/airflow_venv/lib/python3.10/site-packages/airflow/example_dags/example_trigger_target_dag.py took 0.264 seconds
[2024-10-28T17:20:35.052-0700] {processor.py:157} INFO - Started process (PID=70654) to work on /Users/saiprasadreddykolan/airflow_venv/lib/python3.10/site-packages/airflow/example_dags/example_trigger_target_dag.py
[2024-10-28T17:20:35.054-0700] {processor.py:826} INFO - Processing file /Users/saiprasadreddykolan/airflow_venv/lib/python3.10/site-packages/airflow/example_dags/example_trigger_target_dag.py for tasks to queue
[2024-10-28T17:20:35.054-0700] {logging_mixin.py:150} INFO - [2024-10-28T17:20:35.054-0700] {dagbag.py:541} INFO - Filling up the DagBag from /Users/saiprasadreddykolan/airflow_venv/lib/python3.10/site-packages/airflow/example_dags/example_trigger_target_dag.py
[2024-10-28T17:20:35.076-0700] {processor.py:836} INFO - DAG(s) dict_keys(['example_trigger_target_dag']) retrieved from /Users/saiprasadreddykolan/airflow_venv/lib/python3.10/site-packages/airflow/example_dags/example_trigger_target_dag.py
[2024-10-28T17:20:35.322-0700] {logging_mixin.py:150} INFO - [2024-10-28T17:20:35.322-0700] {dag.py:2742} INFO - Sync 1 DAGs
[2024-10-28T17:20:35.327-0700] {logging_mixin.py:150} INFO - [2024-10-28T17:20:35.327-0700] {dag.py:3504} INFO - Setting next_dagrun for example_trigger_target_dag to None, run_after=None
[2024-10-28T17:20:35.333-0700] {processor.py:179} INFO - Processing /Users/saiprasadreddykolan/airflow_venv/lib/python3.10/site-packages/airflow/example_dags/example_trigger_target_dag.py took 0.281 seconds
[2024-10-28T17:21:22.253-0700] {processor.py:157} INFO - Started process (PID=70688) to work on /Users/saiprasadreddykolan/airflow_venv/lib/python3.10/site-packages/airflow/example_dags/example_trigger_target_dag.py
[2024-10-28T17:21:22.255-0700] {processor.py:826} INFO - Processing file /Users/saiprasadreddykolan/airflow_venv/lib/python3.10/site-packages/airflow/example_dags/example_trigger_target_dag.py for tasks to queue
[2024-10-28T17:21:22.255-0700] {logging_mixin.py:150} INFO - [2024-10-28T17:21:22.255-0700] {dagbag.py:541} INFO - Filling up the DagBag from /Users/saiprasadreddykolan/airflow_venv/lib/python3.10/site-packages/airflow/example_dags/example_trigger_target_dag.py
[2024-10-28T17:21:22.273-0700] {processor.py:836} INFO - DAG(s) dict_keys(['example_trigger_target_dag']) retrieved from /Users/saiprasadreddykolan/airflow_venv/lib/python3.10/site-packages/airflow/example_dags/example_trigger_target_dag.py
[2024-10-28T17:21:22.487-0700] {logging_mixin.py:150} INFO - [2024-10-28T17:21:22.487-0700] {dag.py:2742} INFO - Sync 1 DAGs
[2024-10-28T17:21:22.492-0700] {logging_mixin.py:150} INFO - [2024-10-28T17:21:22.492-0700] {dag.py:3504} INFO - Setting next_dagrun for example_trigger_target_dag to None, run_after=None
[2024-10-28T17:21:22.498-0700] {processor.py:179} INFO - Processing /Users/saiprasadreddykolan/airflow_venv/lib/python3.10/site-packages/airflow/example_dags/example_trigger_target_dag.py took 0.246 seconds
[2024-10-28T17:22:53.597-0700] {processor.py:157} INFO - Started process (PID=70758) to work on /Users/saiprasadreddykolan/airflow_venv/lib/python3.10/site-packages/airflow/example_dags/example_trigger_target_dag.py
[2024-10-28T17:22:53.599-0700] {processor.py:826} INFO - Processing file /Users/saiprasadreddykolan/airflow_venv/lib/python3.10/site-packages/airflow/example_dags/example_trigger_target_dag.py for tasks to queue
[2024-10-28T17:22:53.599-0700] {logging_mixin.py:150} INFO - [2024-10-28T17:22:53.599-0700] {dagbag.py:541} INFO - Filling up the DagBag from /Users/saiprasadreddykolan/airflow_venv/lib/python3.10/site-packages/airflow/example_dags/example_trigger_target_dag.py
[2024-10-28T17:22:53.617-0700] {processor.py:836} INFO - DAG(s) dict_keys(['example_trigger_target_dag']) retrieved from /Users/saiprasadreddykolan/airflow_venv/lib/python3.10/site-packages/airflow/example_dags/example_trigger_target_dag.py
[2024-10-28T17:22:53.840-0700] {logging_mixin.py:150} INFO - [2024-10-28T17:22:53.839-0700] {dag.py:2742} INFO - Sync 1 DAGs
[2024-10-28T17:22:53.846-0700] {logging_mixin.py:150} INFO - [2024-10-28T17:22:53.846-0700] {dag.py:3504} INFO - Setting next_dagrun for example_trigger_target_dag to None, run_after=None
[2024-10-28T17:22:53.853-0700] {processor.py:179} INFO - Processing /Users/saiprasadreddykolan/airflow_venv/lib/python3.10/site-packages/airflow/example_dags/example_trigger_target_dag.py took 0.257 seconds
[2024-10-28T17:24:21.196-0700] {processor.py:157} INFO - Started process (PID=70848) to work on /Users/saiprasadreddykolan/airflow_venv/lib/python3.10/site-packages/airflow/example_dags/example_trigger_target_dag.py
[2024-10-28T17:24:21.199-0700] {processor.py:826} INFO - Processing file /Users/saiprasadreddykolan/airflow_venv/lib/python3.10/site-packages/airflow/example_dags/example_trigger_target_dag.py for tasks to queue
[2024-10-28T17:24:21.199-0700] {logging_mixin.py:150} INFO - [2024-10-28T17:24:21.199-0700] {dagbag.py:541} INFO - Filling up the DagBag from /Users/saiprasadreddykolan/airflow_venv/lib/python3.10/site-packages/airflow/example_dags/example_trigger_target_dag.py
[2024-10-28T17:24:21.216-0700] {processor.py:836} INFO - DAG(s) dict_keys(['example_trigger_target_dag']) retrieved from /Users/saiprasadreddykolan/airflow_venv/lib/python3.10/site-packages/airflow/example_dags/example_trigger_target_dag.py
[2024-10-28T17:24:21.435-0700] {logging_mixin.py:150} INFO - [2024-10-28T17:24:21.435-0700] {dag.py:2742} INFO - Sync 1 DAGs
[2024-10-28T17:24:21.440-0700] {logging_mixin.py:150} INFO - [2024-10-28T17:24:21.440-0700] {dag.py:3504} INFO - Setting next_dagrun for example_trigger_target_dag to None, run_after=None
[2024-10-28T17:24:21.446-0700] {processor.py:179} INFO - Processing /Users/saiprasadreddykolan/airflow_venv/lib/python3.10/site-packages/airflow/example_dags/example_trigger_target_dag.py took 0.250 seconds
[2024-10-28T17:25:10.237-0700] {processor.py:157} INFO - Started process (PID=70892) to work on /Users/saiprasadreddykolan/airflow_venv/lib/python3.10/site-packages/airflow/example_dags/example_trigger_target_dag.py
[2024-10-28T17:25:10.239-0700] {processor.py:826} INFO - Processing file /Users/saiprasadreddykolan/airflow_venv/lib/python3.10/site-packages/airflow/example_dags/example_trigger_target_dag.py for tasks to queue
[2024-10-28T17:25:10.239-0700] {logging_mixin.py:150} INFO - [2024-10-28T17:25:10.239-0700] {dagbag.py:541} INFO - Filling up the DagBag from /Users/saiprasadreddykolan/airflow_venv/lib/python3.10/site-packages/airflow/example_dags/example_trigger_target_dag.py
[2024-10-28T17:25:10.257-0700] {processor.py:836} INFO - DAG(s) dict_keys(['example_trigger_target_dag']) retrieved from /Users/saiprasadreddykolan/airflow_venv/lib/python3.10/site-packages/airflow/example_dags/example_trigger_target_dag.py
[2024-10-28T17:25:10.493-0700] {logging_mixin.py:150} INFO - [2024-10-28T17:25:10.493-0700] {dag.py:2742} INFO - Sync 1 DAGs
[2024-10-28T17:25:10.499-0700] {logging_mixin.py:150} INFO - [2024-10-28T17:25:10.499-0700] {dag.py:3504} INFO - Setting next_dagrun for example_trigger_target_dag to None, run_after=None
[2024-10-28T17:25:10.505-0700] {processor.py:179} INFO - Processing /Users/saiprasadreddykolan/airflow_venv/lib/python3.10/site-packages/airflow/example_dags/example_trigger_target_dag.py took 0.269 seconds
[2024-10-28T17:26:43.712-0700] {processor.py:157} INFO - Started process (PID=70977) to work on /Users/saiprasadreddykolan/airflow_venv/lib/python3.10/site-packages/airflow/example_dags/example_trigger_target_dag.py
[2024-10-28T17:26:43.714-0700] {processor.py:826} INFO - Processing file /Users/saiprasadreddykolan/airflow_venv/lib/python3.10/site-packages/airflow/example_dags/example_trigger_target_dag.py for tasks to queue
[2024-10-28T17:26:43.715-0700] {logging_mixin.py:150} INFO - [2024-10-28T17:26:43.715-0700] {dagbag.py:541} INFO - Filling up the DagBag from /Users/saiprasadreddykolan/airflow_venv/lib/python3.10/site-packages/airflow/example_dags/example_trigger_target_dag.py
[2024-10-28T17:26:43.732-0700] {processor.py:836} INFO - DAG(s) dict_keys(['example_trigger_target_dag']) retrieved from /Users/saiprasadreddykolan/airflow_venv/lib/python3.10/site-packages/airflow/example_dags/example_trigger_target_dag.py
[2024-10-28T17:26:43.946-0700] {logging_mixin.py:150} INFO - [2024-10-28T17:26:43.946-0700] {dag.py:2742} INFO - Sync 1 DAGs
[2024-10-28T17:26:43.952-0700] {logging_mixin.py:150} INFO - [2024-10-28T17:26:43.952-0700] {dag.py:3504} INFO - Setting next_dagrun for example_trigger_target_dag to None, run_after=None
[2024-10-28T17:26:43.958-0700] {processor.py:179} INFO - Processing /Users/saiprasadreddykolan/airflow_venv/lib/python3.10/site-packages/airflow/example_dags/example_trigger_target_dag.py took 0.246 seconds
[2024-10-28T17:28:10.863-0700] {processor.py:157} INFO - Started process (PID=71043) to work on /Users/saiprasadreddykolan/airflow_venv/lib/python3.10/site-packages/airflow/example_dags/example_trigger_target_dag.py
[2024-10-28T17:28:10.865-0700] {processor.py:826} INFO - Processing file /Users/saiprasadreddykolan/airflow_venv/lib/python3.10/site-packages/airflow/example_dags/example_trigger_target_dag.py for tasks to queue
[2024-10-28T17:28:10.865-0700] {logging_mixin.py:150} INFO - [2024-10-28T17:28:10.865-0700] {dagbag.py:541} INFO - Filling up the DagBag from /Users/saiprasadreddykolan/airflow_venv/lib/python3.10/site-packages/airflow/example_dags/example_trigger_target_dag.py
[2024-10-28T17:28:10.883-0700] {processor.py:836} INFO - DAG(s) dict_keys(['example_trigger_target_dag']) retrieved from /Users/saiprasadreddykolan/airflow_venv/lib/python3.10/site-packages/airflow/example_dags/example_trigger_target_dag.py
[2024-10-28T17:28:11.100-0700] {logging_mixin.py:150} INFO - [2024-10-28T17:28:11.100-0700] {dag.py:2742} INFO - Sync 1 DAGs
[2024-10-28T17:28:11.106-0700] {logging_mixin.py:150} INFO - [2024-10-28T17:28:11.106-0700] {dag.py:3504} INFO - Setting next_dagrun for example_trigger_target_dag to None, run_after=None
[2024-10-28T17:28:11.112-0700] {processor.py:179} INFO - Processing /Users/saiprasadreddykolan/airflow_venv/lib/python3.10/site-packages/airflow/example_dags/example_trigger_target_dag.py took 0.249 seconds
[2024-10-28T17:29:45.907-0700] {processor.py:157} INFO - Started process (PID=71119) to work on /Users/saiprasadreddykolan/airflow_venv/lib/python3.10/site-packages/airflow/example_dags/example_trigger_target_dag.py
[2024-10-28T17:29:45.910-0700] {processor.py:826} INFO - Processing file /Users/saiprasadreddykolan/airflow_venv/lib/python3.10/site-packages/airflow/example_dags/example_trigger_target_dag.py for tasks to queue
[2024-10-28T17:29:45.910-0700] {logging_mixin.py:150} INFO - [2024-10-28T17:29:45.910-0700] {dagbag.py:541} INFO - Filling up the DagBag from /Users/saiprasadreddykolan/airflow_venv/lib/python3.10/site-packages/airflow/example_dags/example_trigger_target_dag.py
[2024-10-28T17:29:45.928-0700] {processor.py:836} INFO - DAG(s) dict_keys(['example_trigger_target_dag']) retrieved from /Users/saiprasadreddykolan/airflow_venv/lib/python3.10/site-packages/airflow/example_dags/example_trigger_target_dag.py
[2024-10-28T17:29:46.151-0700] {logging_mixin.py:150} INFO - [2024-10-28T17:29:46.151-0700] {dag.py:2742} INFO - Sync 1 DAGs
[2024-10-28T17:29:46.157-0700] {logging_mixin.py:150} INFO - [2024-10-28T17:29:46.157-0700] {dag.py:3504} INFO - Setting next_dagrun for example_trigger_target_dag to None, run_after=None
[2024-10-28T17:29:46.162-0700] {processor.py:179} INFO - Processing /Users/saiprasadreddykolan/airflow_venv/lib/python3.10/site-packages/airflow/example_dags/example_trigger_target_dag.py took 0.255 seconds
[2024-10-28T17:30:35.359-0700] {processor.py:157} INFO - Started process (PID=71156) to work on /Users/saiprasadreddykolan/airflow_venv/lib/python3.10/site-packages/airflow/example_dags/example_trigger_target_dag.py
[2024-10-28T17:30:35.361-0700] {processor.py:826} INFO - Processing file /Users/saiprasadreddykolan/airflow_venv/lib/python3.10/site-packages/airflow/example_dags/example_trigger_target_dag.py for tasks to queue
[2024-10-28T17:30:35.361-0700] {logging_mixin.py:150} INFO - [2024-10-28T17:30:35.361-0700] {dagbag.py:541} INFO - Filling up the DagBag from /Users/saiprasadreddykolan/airflow_venv/lib/python3.10/site-packages/airflow/example_dags/example_trigger_target_dag.py
[2024-10-28T17:30:35.379-0700] {processor.py:836} INFO - DAG(s) dict_keys(['example_trigger_target_dag']) retrieved from /Users/saiprasadreddykolan/airflow_venv/lib/python3.10/site-packages/airflow/example_dags/example_trigger_target_dag.py
[2024-10-28T17:30:35.619-0700] {logging_mixin.py:150} INFO - [2024-10-28T17:30:35.618-0700] {dag.py:2742} INFO - Sync 1 DAGs
[2024-10-28T17:30:35.624-0700] {logging_mixin.py:150} INFO - [2024-10-28T17:30:35.624-0700] {dag.py:3504} INFO - Setting next_dagrun for example_trigger_target_dag to None, run_after=None
[2024-10-28T17:30:35.631-0700] {processor.py:179} INFO - Processing /Users/saiprasadreddykolan/airflow_venv/lib/python3.10/site-packages/airflow/example_dags/example_trigger_target_dag.py took 0.272 seconds
[2024-10-28T17:32:02.271-0700] {processor.py:157} INFO - Started process (PID=71215) to work on /Users/saiprasadreddykolan/airflow_venv/lib/python3.10/site-packages/airflow/example_dags/example_trigger_target_dag.py
[2024-10-28T17:32:02.274-0700] {processor.py:826} INFO - Processing file /Users/saiprasadreddykolan/airflow_venv/lib/python3.10/site-packages/airflow/example_dags/example_trigger_target_dag.py for tasks to queue
[2024-10-28T17:32:02.274-0700] {logging_mixin.py:150} INFO - [2024-10-28T17:32:02.274-0700] {dagbag.py:541} INFO - Filling up the DagBag from /Users/saiprasadreddykolan/airflow_venv/lib/python3.10/site-packages/airflow/example_dags/example_trigger_target_dag.py
[2024-10-28T17:32:02.291-0700] {processor.py:836} INFO - DAG(s) dict_keys(['example_trigger_target_dag']) retrieved from /Users/saiprasadreddykolan/airflow_venv/lib/python3.10/site-packages/airflow/example_dags/example_trigger_target_dag.py
[2024-10-28T17:32:02.506-0700] {logging_mixin.py:150} INFO - [2024-10-28T17:32:02.505-0700] {dag.py:2742} INFO - Sync 1 DAGs
[2024-10-28T17:32:02.511-0700] {logging_mixin.py:150} INFO - [2024-10-28T17:32:02.511-0700] {dag.py:3504} INFO - Setting next_dagrun for example_trigger_target_dag to None, run_after=None
[2024-10-28T17:32:02.517-0700] {processor.py:179} INFO - Processing /Users/saiprasadreddykolan/airflow_venv/lib/python3.10/site-packages/airflow/example_dags/example_trigger_target_dag.py took 0.247 seconds
[2024-10-28T17:32:52.938-0700] {processor.py:157} INFO - Started process (PID=71256) to work on /Users/saiprasadreddykolan/airflow_venv/lib/python3.10/site-packages/airflow/example_dags/example_trigger_target_dag.py
[2024-10-28T17:32:52.940-0700] {processor.py:826} INFO - Processing file /Users/saiprasadreddykolan/airflow_venv/lib/python3.10/site-packages/airflow/example_dags/example_trigger_target_dag.py for tasks to queue
[2024-10-28T17:32:52.940-0700] {logging_mixin.py:150} INFO - [2024-10-28T17:32:52.940-0700] {dagbag.py:541} INFO - Filling up the DagBag from /Users/saiprasadreddykolan/airflow_venv/lib/python3.10/site-packages/airflow/example_dags/example_trigger_target_dag.py
[2024-10-28T17:32:52.958-0700] {processor.py:836} INFO - DAG(s) dict_keys(['example_trigger_target_dag']) retrieved from /Users/saiprasadreddykolan/airflow_venv/lib/python3.10/site-packages/airflow/example_dags/example_trigger_target_dag.py
[2024-10-28T17:32:53.182-0700] {logging_mixin.py:150} INFO - [2024-10-28T17:32:53.182-0700] {dag.py:2742} INFO - Sync 1 DAGs
[2024-10-28T17:32:53.188-0700] {logging_mixin.py:150} INFO - [2024-10-28T17:32:53.187-0700] {dag.py:3504} INFO - Setting next_dagrun for example_trigger_target_dag to None, run_after=None
[2024-10-28T17:32:53.195-0700] {processor.py:179} INFO - Processing /Users/saiprasadreddykolan/airflow_venv/lib/python3.10/site-packages/airflow/example_dags/example_trigger_target_dag.py took 0.257 seconds
[2024-10-28T17:33:41.244-0700] {processor.py:157} INFO - Started process (PID=71293) to work on /Users/saiprasadreddykolan/airflow_venv/lib/python3.10/site-packages/airflow/example_dags/example_trigger_target_dag.py
[2024-10-28T17:33:41.245-0700] {processor.py:826} INFO - Processing file /Users/saiprasadreddykolan/airflow_venv/lib/python3.10/site-packages/airflow/example_dags/example_trigger_target_dag.py for tasks to queue
[2024-10-28T17:33:41.246-0700] {logging_mixin.py:150} INFO - [2024-10-28T17:33:41.246-0700] {dagbag.py:541} INFO - Filling up the DagBag from /Users/saiprasadreddykolan/airflow_venv/lib/python3.10/site-packages/airflow/example_dags/example_trigger_target_dag.py
[2024-10-28T17:33:41.263-0700] {processor.py:836} INFO - DAG(s) dict_keys(['example_trigger_target_dag']) retrieved from /Users/saiprasadreddykolan/airflow_venv/lib/python3.10/site-packages/airflow/example_dags/example_trigger_target_dag.py
[2024-10-28T17:33:41.478-0700] {logging_mixin.py:150} INFO - [2024-10-28T17:33:41.478-0700] {dag.py:2742} INFO - Sync 1 DAGs
[2024-10-28T17:33:41.484-0700] {logging_mixin.py:150} INFO - [2024-10-28T17:33:41.484-0700] {dag.py:3504} INFO - Setting next_dagrun for example_trigger_target_dag to None, run_after=None
[2024-10-28T17:33:41.489-0700] {processor.py:179} INFO - Processing /Users/saiprasadreddykolan/airflow_venv/lib/python3.10/site-packages/airflow/example_dags/example_trigger_target_dag.py took 0.246 seconds
[2024-10-28T17:34:29.649-0700] {processor.py:157} INFO - Started process (PID=71326) to work on /Users/saiprasadreddykolan/airflow_venv/lib/python3.10/site-packages/airflow/example_dags/example_trigger_target_dag.py
[2024-10-28T17:34:29.651-0700] {processor.py:826} INFO - Processing file /Users/saiprasadreddykolan/airflow_venv/lib/python3.10/site-packages/airflow/example_dags/example_trigger_target_dag.py for tasks to queue
[2024-10-28T17:34:29.651-0700] {logging_mixin.py:150} INFO - [2024-10-28T17:34:29.651-0700] {dagbag.py:541} INFO - Filling up the DagBag from /Users/saiprasadreddykolan/airflow_venv/lib/python3.10/site-packages/airflow/example_dags/example_trigger_target_dag.py
[2024-10-28T17:34:29.674-0700] {processor.py:836} INFO - DAG(s) dict_keys(['example_trigger_target_dag']) retrieved from /Users/saiprasadreddykolan/airflow_venv/lib/python3.10/site-packages/airflow/example_dags/example_trigger_target_dag.py
[2024-10-28T17:34:29.902-0700] {logging_mixin.py:150} INFO - [2024-10-28T17:34:29.902-0700] {dag.py:2742} INFO - Sync 1 DAGs
[2024-10-28T17:34:29.908-0700] {logging_mixin.py:150} INFO - [2024-10-28T17:34:29.908-0700] {dag.py:3504} INFO - Setting next_dagrun for example_trigger_target_dag to None, run_after=None
[2024-10-28T17:34:29.914-0700] {processor.py:179} INFO - Processing /Users/saiprasadreddykolan/airflow_venv/lib/python3.10/site-packages/airflow/example_dags/example_trigger_target_dag.py took 0.265 seconds
[2024-10-28T17:35:17.039-0700] {processor.py:157} INFO - Started process (PID=71355) to work on /Users/saiprasadreddykolan/airflow_venv/lib/python3.10/site-packages/airflow/example_dags/example_trigger_target_dag.py
[2024-10-28T17:35:17.041-0700] {processor.py:826} INFO - Processing file /Users/saiprasadreddykolan/airflow_venv/lib/python3.10/site-packages/airflow/example_dags/example_trigger_target_dag.py for tasks to queue
[2024-10-28T17:35:17.041-0700] {logging_mixin.py:150} INFO - [2024-10-28T17:35:17.041-0700] {dagbag.py:541} INFO - Filling up the DagBag from /Users/saiprasadreddykolan/airflow_venv/lib/python3.10/site-packages/airflow/example_dags/example_trigger_target_dag.py
[2024-10-28T17:35:17.058-0700] {processor.py:836} INFO - DAG(s) dict_keys(['example_trigger_target_dag']) retrieved from /Users/saiprasadreddykolan/airflow_venv/lib/python3.10/site-packages/airflow/example_dags/example_trigger_target_dag.py
[2024-10-28T17:35:17.271-0700] {logging_mixin.py:150} INFO - [2024-10-28T17:35:17.271-0700] {dag.py:2742} INFO - Sync 1 DAGs
[2024-10-28T17:35:17.277-0700] {logging_mixin.py:150} INFO - [2024-10-28T17:35:17.277-0700] {dag.py:3504} INFO - Setting next_dagrun for example_trigger_target_dag to None, run_after=None
[2024-10-28T17:35:17.283-0700] {processor.py:179} INFO - Processing /Users/saiprasadreddykolan/airflow_venv/lib/python3.10/site-packages/airflow/example_dags/example_trigger_target_dag.py took 0.244 seconds
[2024-10-28T17:36:49.995-0700] {processor.py:157} INFO - Started process (PID=71424) to work on /Users/saiprasadreddykolan/airflow_venv/lib/python3.10/site-packages/airflow/example_dags/example_trigger_target_dag.py
[2024-10-28T17:36:49.997-0700] {processor.py:826} INFO - Processing file /Users/saiprasadreddykolan/airflow_venv/lib/python3.10/site-packages/airflow/example_dags/example_trigger_target_dag.py for tasks to queue
[2024-10-28T17:36:49.998-0700] {logging_mixin.py:150} INFO - [2024-10-28T17:36:49.997-0700] {dagbag.py:541} INFO - Filling up the DagBag from /Users/saiprasadreddykolan/airflow_venv/lib/python3.10/site-packages/airflow/example_dags/example_trigger_target_dag.py
[2024-10-28T17:36:50.016-0700] {processor.py:836} INFO - DAG(s) dict_keys(['example_trigger_target_dag']) retrieved from /Users/saiprasadreddykolan/airflow_venv/lib/python3.10/site-packages/airflow/example_dags/example_trigger_target_dag.py
[2024-10-28T17:36:50.248-0700] {logging_mixin.py:150} INFO - [2024-10-28T17:36:50.248-0700] {dag.py:2742} INFO - Sync 1 DAGs
[2024-10-28T17:36:50.256-0700] {logging_mixin.py:150} INFO - [2024-10-28T17:36:50.256-0700] {dag.py:3504} INFO - Setting next_dagrun for example_trigger_target_dag to None, run_after=None
[2024-10-28T17:36:50.263-0700] {processor.py:179} INFO - Processing /Users/saiprasadreddykolan/airflow_venv/lib/python3.10/site-packages/airflow/example_dags/example_trigger_target_dag.py took 0.268 seconds
[2024-10-28T17:37:36.687-0700] {processor.py:157} INFO - Started process (PID=71511) to work on /Users/saiprasadreddykolan/airflow_venv/lib/python3.10/site-packages/airflow/example_dags/example_trigger_target_dag.py
[2024-10-28T17:37:36.689-0700] {processor.py:826} INFO - Processing file /Users/saiprasadreddykolan/airflow_venv/lib/python3.10/site-packages/airflow/example_dags/example_trigger_target_dag.py for tasks to queue
[2024-10-28T17:37:36.690-0700] {logging_mixin.py:150} INFO - [2024-10-28T17:37:36.689-0700] {dagbag.py:541} INFO - Filling up the DagBag from /Users/saiprasadreddykolan/airflow_venv/lib/python3.10/site-packages/airflow/example_dags/example_trigger_target_dag.py
[2024-10-28T17:37:36.708-0700] {processor.py:836} INFO - DAG(s) dict_keys(['example_trigger_target_dag']) retrieved from /Users/saiprasadreddykolan/airflow_venv/lib/python3.10/site-packages/airflow/example_dags/example_trigger_target_dag.py
[2024-10-28T17:37:36.922-0700] {logging_mixin.py:150} INFO - [2024-10-28T17:37:36.922-0700] {dag.py:2742} INFO - Sync 1 DAGs
[2024-10-28T17:37:36.928-0700] {logging_mixin.py:150} INFO - [2024-10-28T17:37:36.928-0700] {dag.py:3504} INFO - Setting next_dagrun for example_trigger_target_dag to None, run_after=None
[2024-10-28T17:37:36.934-0700] {processor.py:179} INFO - Processing /Users/saiprasadreddykolan/airflow_venv/lib/python3.10/site-packages/airflow/example_dags/example_trigger_target_dag.py took 0.247 seconds
