[2024-10-28T17:00:55.493-0700] {processor.py:157} INFO - Started process (PID=69766) to work on /Users/saiprasadreddykolan/airflow_venv/lib/python3.10/site-packages/airflow/example_dags/example_latest_only.py
[2024-10-28T17:00:55.495-0700] {processor.py:826} INFO - Processing file /Users/saiprasadreddykolan/airflow_venv/lib/python3.10/site-packages/airflow/example_dags/example_latest_only.py for tasks to queue
[2024-10-28T17:00:55.495-0700] {logging_mixin.py:150} INFO - [2024-10-28T17:00:55.495-0700] {dagbag.py:541} INFO - Filling up the DagBag from /Users/saiprasadreddykolan/airflow_venv/lib/python3.10/site-packages/airflow/example_dags/example_latest_only.py
[2024-10-28T17:00:55.502-0700] {processor.py:836} INFO - DAG(s) dict_keys(['latest_only']) retrieved from /Users/saiprasadreddykolan/airflow_venv/lib/python3.10/site-packages/airflow/example_dags/example_latest_only.py
[2024-10-28T17:00:55.720-0700] {logging_mixin.py:150} INFO - [2024-10-28T17:00:55.720-0700] {dag.py:2742} INFO - Sync 1 DAGs
[2024-10-28T17:00:55.726-0700] {logging_mixin.py:150} INFO - [2024-10-28T17:00:55.726-0700] {dag.py:3504} INFO - Setting next_dagrun for latest_only to 2024-10-28T20:00:55.725627+00:00, run_after=2024-10-29T00:00:55.725627+00:00
[2024-10-28T17:00:55.733-0700] {processor.py:179} INFO - Processing /Users/saiprasadreddykolan/airflow_venv/lib/python3.10/site-packages/airflow/example_dags/example_latest_only.py took 0.240 seconds
[2024-10-28T17:02:17.290-0700] {processor.py:157} INFO - Started process (PID=69824) to work on /Users/saiprasadreddykolan/airflow_venv/lib/python3.10/site-packages/airflow/example_dags/example_latest_only.py
[2024-10-28T17:02:17.292-0700] {processor.py:826} INFO - Processing file /Users/saiprasadreddykolan/airflow_venv/lib/python3.10/site-packages/airflow/example_dags/example_latest_only.py for tasks to queue
[2024-10-28T17:02:17.292-0700] {logging_mixin.py:150} INFO - [2024-10-28T17:02:17.292-0700] {dagbag.py:541} INFO - Filling up the DagBag from /Users/saiprasadreddykolan/airflow_venv/lib/python3.10/site-packages/airflow/example_dags/example_latest_only.py
[2024-10-28T17:02:17.298-0700] {processor.py:836} INFO - DAG(s) dict_keys(['latest_only']) retrieved from /Users/saiprasadreddykolan/airflow_venv/lib/python3.10/site-packages/airflow/example_dags/example_latest_only.py
[2024-10-28T17:02:17.520-0700] {logging_mixin.py:150} INFO - [2024-10-28T17:02:17.519-0700] {dag.py:2742} INFO - Sync 1 DAGs
[2024-10-28T17:02:17.526-0700] {logging_mixin.py:150} INFO - [2024-10-28T17:02:17.526-0700] {dag.py:3504} INFO - Setting next_dagrun for latest_only to 2024-10-28T20:02:17.525445+00:00, run_after=2024-10-29T00:02:17.525445+00:00
[2024-10-28T17:02:17.532-0700] {processor.py:179} INFO - Processing /Users/saiprasadreddykolan/airflow_venv/lib/python3.10/site-packages/airflow/example_dags/example_latest_only.py took 0.242 seconds
[2024-10-28T17:03:49.150-0700] {processor.py:157} INFO - Started process (PID=69886) to work on /Users/saiprasadreddykolan/airflow_venv/lib/python3.10/site-packages/airflow/example_dags/example_latest_only.py
[2024-10-28T17:03:49.153-0700] {processor.py:826} INFO - Processing file /Users/saiprasadreddykolan/airflow_venv/lib/python3.10/site-packages/airflow/example_dags/example_latest_only.py for tasks to queue
[2024-10-28T17:03:49.153-0700] {logging_mixin.py:150} INFO - [2024-10-28T17:03:49.153-0700] {dagbag.py:541} INFO - Filling up the DagBag from /Users/saiprasadreddykolan/airflow_venv/lib/python3.10/site-packages/airflow/example_dags/example_latest_only.py
[2024-10-28T17:03:49.159-0700] {processor.py:836} INFO - DAG(s) dict_keys(['latest_only']) retrieved from /Users/saiprasadreddykolan/airflow_venv/lib/python3.10/site-packages/airflow/example_dags/example_latest_only.py
[2024-10-28T17:03:49.384-0700] {logging_mixin.py:150} INFO - [2024-10-28T17:03:49.384-0700] {dag.py:2742} INFO - Sync 1 DAGs
[2024-10-28T17:03:49.390-0700] {logging_mixin.py:150} INFO - [2024-10-28T17:03:49.390-0700] {dag.py:3504} INFO - Setting next_dagrun for latest_only to 2024-10-28T20:03:49.389826+00:00, run_after=2024-10-29T00:03:49.389826+00:00
[2024-10-28T17:03:49.396-0700] {processor.py:179} INFO - Processing /Users/saiprasadreddykolan/airflow_venv/lib/python3.10/site-packages/airflow/example_dags/example_latest_only.py took 0.246 seconds
[2024-10-28T17:05:22.212-0700] {processor.py:157} INFO - Started process (PID=69953) to work on /Users/saiprasadreddykolan/airflow_venv/lib/python3.10/site-packages/airflow/example_dags/example_latest_only.py
[2024-10-28T17:05:22.214-0700] {processor.py:826} INFO - Processing file /Users/saiprasadreddykolan/airflow_venv/lib/python3.10/site-packages/airflow/example_dags/example_latest_only.py for tasks to queue
[2024-10-28T17:05:22.214-0700] {logging_mixin.py:150} INFO - [2024-10-28T17:05:22.214-0700] {dagbag.py:541} INFO - Filling up the DagBag from /Users/saiprasadreddykolan/airflow_venv/lib/python3.10/site-packages/airflow/example_dags/example_latest_only.py
[2024-10-28T17:05:22.221-0700] {processor.py:836} INFO - DAG(s) dict_keys(['latest_only']) retrieved from /Users/saiprasadreddykolan/airflow_venv/lib/python3.10/site-packages/airflow/example_dags/example_latest_only.py
[2024-10-28T17:05:22.446-0700] {logging_mixin.py:150} INFO - [2024-10-28T17:05:22.445-0700] {dag.py:2742} INFO - Sync 1 DAGs
[2024-10-28T17:05:22.451-0700] {logging_mixin.py:150} INFO - [2024-10-28T17:05:22.451-0700] {dag.py:3504} INFO - Setting next_dagrun for latest_only to 2024-10-28T20:05:22.451332+00:00, run_after=2024-10-29T00:05:22.451332+00:00
[2024-10-28T17:05:22.459-0700] {processor.py:179} INFO - Processing /Users/saiprasadreddykolan/airflow_venv/lib/python3.10/site-packages/airflow/example_dags/example_latest_only.py took 0.248 seconds
[2024-10-28T17:06:56.281-0700] {processor.py:157} INFO - Started process (PID=70019) to work on /Users/saiprasadreddykolan/airflow_venv/lib/python3.10/site-packages/airflow/example_dags/example_latest_only.py
[2024-10-28T17:06:56.283-0700] {processor.py:826} INFO - Processing file /Users/saiprasadreddykolan/airflow_venv/lib/python3.10/site-packages/airflow/example_dags/example_latest_only.py for tasks to queue
[2024-10-28T17:06:56.284-0700] {logging_mixin.py:150} INFO - [2024-10-28T17:06:56.283-0700] {dagbag.py:541} INFO - Filling up the DagBag from /Users/saiprasadreddykolan/airflow_venv/lib/python3.10/site-packages/airflow/example_dags/example_latest_only.py
[2024-10-28T17:06:56.290-0700] {processor.py:836} INFO - DAG(s) dict_keys(['latest_only']) retrieved from /Users/saiprasadreddykolan/airflow_venv/lib/python3.10/site-packages/airflow/example_dags/example_latest_only.py
[2024-10-28T17:06:56.507-0700] {logging_mixin.py:150} INFO - [2024-10-28T17:06:56.507-0700] {dag.py:2742} INFO - Sync 1 DAGs
[2024-10-28T17:06:56.513-0700] {logging_mixin.py:150} INFO - [2024-10-28T17:06:56.513-0700] {dag.py:3504} INFO - Setting next_dagrun for latest_only to 2024-10-28T20:06:56.512683+00:00, run_after=2024-10-29T00:06:56.512683+00:00
[2024-10-28T17:06:56.519-0700] {processor.py:179} INFO - Processing /Users/saiprasadreddykolan/airflow_venv/lib/python3.10/site-packages/airflow/example_dags/example_latest_only.py took 0.238 seconds
[2024-10-28T17:08:21.217-0700] {processor.py:157} INFO - Started process (PID=70079) to work on /Users/saiprasadreddykolan/airflow_venv/lib/python3.10/site-packages/airflow/example_dags/example_latest_only.py
[2024-10-28T17:08:21.219-0700] {processor.py:826} INFO - Processing file /Users/saiprasadreddykolan/airflow_venv/lib/python3.10/site-packages/airflow/example_dags/example_latest_only.py for tasks to queue
[2024-10-28T17:08:21.219-0700] {logging_mixin.py:150} INFO - [2024-10-28T17:08:21.219-0700] {dagbag.py:541} INFO - Filling up the DagBag from /Users/saiprasadreddykolan/airflow_venv/lib/python3.10/site-packages/airflow/example_dags/example_latest_only.py
[2024-10-28T17:08:21.226-0700] {processor.py:836} INFO - DAG(s) dict_keys(['latest_only']) retrieved from /Users/saiprasadreddykolan/airflow_venv/lib/python3.10/site-packages/airflow/example_dags/example_latest_only.py
[2024-10-28T17:08:21.442-0700] {logging_mixin.py:150} INFO - [2024-10-28T17:08:21.442-0700] {dag.py:2742} INFO - Sync 1 DAGs
[2024-10-28T17:08:21.448-0700] {logging_mixin.py:150} INFO - [2024-10-28T17:08:21.448-0700] {dag.py:3504} INFO - Setting next_dagrun for latest_only to 2024-10-28T20:08:21.447689+00:00, run_after=2024-10-29T00:08:21.447689+00:00
[2024-10-28T17:08:21.454-0700] {processor.py:179} INFO - Processing /Users/saiprasadreddykolan/airflow_venv/lib/python3.10/site-packages/airflow/example_dags/example_latest_only.py took 0.238 seconds
[2024-10-28T17:09:55.859-0700] {processor.py:157} INFO - Started process (PID=70138) to work on /Users/saiprasadreddykolan/airflow_venv/lib/python3.10/site-packages/airflow/example_dags/example_latest_only.py
[2024-10-28T17:09:55.861-0700] {processor.py:826} INFO - Processing file /Users/saiprasadreddykolan/airflow_venv/lib/python3.10/site-packages/airflow/example_dags/example_latest_only.py for tasks to queue
[2024-10-28T17:09:55.861-0700] {logging_mixin.py:150} INFO - [2024-10-28T17:09:55.861-0700] {dagbag.py:541} INFO - Filling up the DagBag from /Users/saiprasadreddykolan/airflow_venv/lib/python3.10/site-packages/airflow/example_dags/example_latest_only.py
[2024-10-28T17:09:55.868-0700] {processor.py:836} INFO - DAG(s) dict_keys(['latest_only']) retrieved from /Users/saiprasadreddykolan/airflow_venv/lib/python3.10/site-packages/airflow/example_dags/example_latest_only.py
[2024-10-28T17:09:56.084-0700] {logging_mixin.py:150} INFO - [2024-10-28T17:09:56.084-0700] {dag.py:2742} INFO - Sync 1 DAGs
[2024-10-28T17:09:56.090-0700] {logging_mixin.py:150} INFO - [2024-10-28T17:09:56.090-0700] {dag.py:3504} INFO - Setting next_dagrun for latest_only to 2024-10-28T20:09:56.089492+00:00, run_after=2024-10-29T00:09:56.089492+00:00
[2024-10-28T17:09:56.095-0700] {processor.py:179} INFO - Processing /Users/saiprasadreddykolan/airflow_venv/lib/python3.10/site-packages/airflow/example_dags/example_latest_only.py took 0.237 seconds
[2024-10-28T17:11:29.468-0700] {processor.py:157} INFO - Started process (PID=70198) to work on /Users/saiprasadreddykolan/airflow_venv/lib/python3.10/site-packages/airflow/example_dags/example_latest_only.py
[2024-10-28T17:11:29.470-0700] {processor.py:826} INFO - Processing file /Users/saiprasadreddykolan/airflow_venv/lib/python3.10/site-packages/airflow/example_dags/example_latest_only.py for tasks to queue
[2024-10-28T17:11:29.470-0700] {logging_mixin.py:150} INFO - [2024-10-28T17:11:29.470-0700] {dagbag.py:541} INFO - Filling up the DagBag from /Users/saiprasadreddykolan/airflow_venv/lib/python3.10/site-packages/airflow/example_dags/example_latest_only.py
[2024-10-28T17:11:29.477-0700] {processor.py:836} INFO - DAG(s) dict_keys(['latest_only']) retrieved from /Users/saiprasadreddykolan/airflow_venv/lib/python3.10/site-packages/airflow/example_dags/example_latest_only.py
[2024-10-28T17:11:29.694-0700] {logging_mixin.py:150} INFO - [2024-10-28T17:11:29.694-0700] {dag.py:2742} INFO - Sync 1 DAGs
[2024-10-28T17:11:29.700-0700] {logging_mixin.py:150} INFO - [2024-10-28T17:11:29.700-0700] {dag.py:3504} INFO - Setting next_dagrun for latest_only to 2024-10-28T20:11:29.699714+00:00, run_after=2024-10-29T00:11:29.699714+00:00
[2024-10-28T17:11:29.706-0700] {processor.py:179} INFO - Processing /Users/saiprasadreddykolan/airflow_venv/lib/python3.10/site-packages/airflow/example_dags/example_latest_only.py took 0.239 seconds
[2024-10-28T17:12:57.894-0700] {processor.py:157} INFO - Started process (PID=70256) to work on /Users/saiprasadreddykolan/airflow_venv/lib/python3.10/site-packages/airflow/example_dags/example_latest_only.py
[2024-10-28T17:12:57.897-0700] {processor.py:826} INFO - Processing file /Users/saiprasadreddykolan/airflow_venv/lib/python3.10/site-packages/airflow/example_dags/example_latest_only.py for tasks to queue
[2024-10-28T17:12:57.897-0700] {logging_mixin.py:150} INFO - [2024-10-28T17:12:57.897-0700] {dagbag.py:541} INFO - Filling up the DagBag from /Users/saiprasadreddykolan/airflow_venv/lib/python3.10/site-packages/airflow/example_dags/example_latest_only.py
[2024-10-28T17:12:57.905-0700] {processor.py:836} INFO - DAG(s) dict_keys(['latest_only']) retrieved from /Users/saiprasadreddykolan/airflow_venv/lib/python3.10/site-packages/airflow/example_dags/example_latest_only.py
[2024-10-28T17:12:58.127-0700] {logging_mixin.py:150} INFO - [2024-10-28T17:12:58.127-0700] {dag.py:2742} INFO - Sync 1 DAGs
[2024-10-28T17:12:58.133-0700] {logging_mixin.py:150} INFO - [2024-10-28T17:12:58.133-0700] {dag.py:3504} INFO - Setting next_dagrun for latest_only to 2024-10-28T20:12:58.132732+00:00, run_after=2024-10-29T00:12:58.132732+00:00
[2024-10-28T17:12:58.139-0700] {processor.py:179} INFO - Processing /Users/saiprasadreddykolan/airflow_venv/lib/python3.10/site-packages/airflow/example_dags/example_latest_only.py took 0.245 seconds
[2024-10-28T17:14:25.218-0700] {processor.py:157} INFO - Started process (PID=70318) to work on /Users/saiprasadreddykolan/airflow_venv/lib/python3.10/site-packages/airflow/example_dags/example_latest_only.py
[2024-10-28T17:14:25.220-0700] {processor.py:826} INFO - Processing file /Users/saiprasadreddykolan/airflow_venv/lib/python3.10/site-packages/airflow/example_dags/example_latest_only.py for tasks to queue
[2024-10-28T17:14:25.220-0700] {logging_mixin.py:150} INFO - [2024-10-28T17:14:25.220-0700] {dagbag.py:541} INFO - Filling up the DagBag from /Users/saiprasadreddykolan/airflow_venv/lib/python3.10/site-packages/airflow/example_dags/example_latest_only.py
[2024-10-28T17:14:25.226-0700] {processor.py:836} INFO - DAG(s) dict_keys(['latest_only']) retrieved from /Users/saiprasadreddykolan/airflow_venv/lib/python3.10/site-packages/airflow/example_dags/example_latest_only.py
[2024-10-28T17:14:25.453-0700] {logging_mixin.py:150} INFO - [2024-10-28T17:14:25.453-0700] {dag.py:2742} INFO - Sync 1 DAGs
[2024-10-28T17:14:25.460-0700] {logging_mixin.py:150} INFO - [2024-10-28T17:14:25.460-0700] {dag.py:3504} INFO - Setting next_dagrun for latest_only to 2024-10-28T20:14:25.459426+00:00, run_after=2024-10-29T00:14:25.459426+00:00
[2024-10-28T17:14:25.466-0700] {processor.py:179} INFO - Processing /Users/saiprasadreddykolan/airflow_venv/lib/python3.10/site-packages/airflow/example_dags/example_latest_only.py took 0.248 seconds
[2024-10-28T17:15:59.383-0700] {processor.py:157} INFO - Started process (PID=70391) to work on /Users/saiprasadreddykolan/airflow_venv/lib/python3.10/site-packages/airflow/example_dags/example_latest_only.py
[2024-10-28T17:15:59.386-0700] {processor.py:826} INFO - Processing file /Users/saiprasadreddykolan/airflow_venv/lib/python3.10/site-packages/airflow/example_dags/example_latest_only.py for tasks to queue
[2024-10-28T17:15:59.386-0700] {logging_mixin.py:150} INFO - [2024-10-28T17:15:59.386-0700] {dagbag.py:541} INFO - Filling up the DagBag from /Users/saiprasadreddykolan/airflow_venv/lib/python3.10/site-packages/airflow/example_dags/example_latest_only.py
[2024-10-28T17:15:59.392-0700] {processor.py:836} INFO - DAG(s) dict_keys(['latest_only']) retrieved from /Users/saiprasadreddykolan/airflow_venv/lib/python3.10/site-packages/airflow/example_dags/example_latest_only.py
[2024-10-28T17:15:59.621-0700] {logging_mixin.py:150} INFO - [2024-10-28T17:15:59.621-0700] {dag.py:2742} INFO - Sync 1 DAGs
[2024-10-28T17:15:59.627-0700] {logging_mixin.py:150} INFO - [2024-10-28T17:15:59.627-0700] {dag.py:3504} INFO - Setting next_dagrun for latest_only to 2024-10-28T20:15:59.626703+00:00, run_after=2024-10-29T00:15:59.626703+00:00
[2024-10-28T17:15:59.633-0700] {processor.py:179} INFO - Processing /Users/saiprasadreddykolan/airflow_venv/lib/python3.10/site-packages/airflow/example_dags/example_latest_only.py took 0.250 seconds
[2024-10-28T17:17:35.374-0700] {processor.py:157} INFO - Started process (PID=70504) to work on /Users/saiprasadreddykolan/airflow_venv/lib/python3.10/site-packages/airflow/example_dags/example_latest_only.py
[2024-10-28T17:17:35.376-0700] {processor.py:826} INFO - Processing file /Users/saiprasadreddykolan/airflow_venv/lib/python3.10/site-packages/airflow/example_dags/example_latest_only.py for tasks to queue
[2024-10-28T17:17:35.376-0700] {logging_mixin.py:150} INFO - [2024-10-28T17:17:35.376-0700] {dagbag.py:541} INFO - Filling up the DagBag from /Users/saiprasadreddykolan/airflow_venv/lib/python3.10/site-packages/airflow/example_dags/example_latest_only.py
[2024-10-28T17:17:35.383-0700] {processor.py:836} INFO - DAG(s) dict_keys(['latest_only']) retrieved from /Users/saiprasadreddykolan/airflow_venv/lib/python3.10/site-packages/airflow/example_dags/example_latest_only.py
[2024-10-28T17:17:35.606-0700] {logging_mixin.py:150} INFO - [2024-10-28T17:17:35.605-0700] {dag.py:2742} INFO - Sync 1 DAGs
[2024-10-28T17:17:35.612-0700] {logging_mixin.py:150} INFO - [2024-10-28T17:17:35.612-0700] {dag.py:3504} INFO - Setting next_dagrun for latest_only to 2024-10-28T20:17:35.612237+00:00, run_after=2024-10-29T00:17:35.612237+00:00
[2024-10-28T17:17:35.618-0700] {processor.py:179} INFO - Processing /Users/saiprasadreddykolan/airflow_venv/lib/python3.10/site-packages/airflow/example_dags/example_latest_only.py took 0.245 seconds
[2024-10-28T17:19:08.148-0700] {processor.py:157} INFO - Started process (PID=70575) to work on /Users/saiprasadreddykolan/airflow_venv/lib/python3.10/site-packages/airflow/example_dags/example_latest_only.py
[2024-10-28T17:19:08.150-0700] {processor.py:826} INFO - Processing file /Users/saiprasadreddykolan/airflow_venv/lib/python3.10/site-packages/airflow/example_dags/example_latest_only.py for tasks to queue
[2024-10-28T17:19:08.150-0700] {logging_mixin.py:150} INFO - [2024-10-28T17:19:08.150-0700] {dagbag.py:541} INFO - Filling up the DagBag from /Users/saiprasadreddykolan/airflow_venv/lib/python3.10/site-packages/airflow/example_dags/example_latest_only.py
[2024-10-28T17:19:08.157-0700] {processor.py:836} INFO - DAG(s) dict_keys(['latest_only']) retrieved from /Users/saiprasadreddykolan/airflow_venv/lib/python3.10/site-packages/airflow/example_dags/example_latest_only.py
[2024-10-28T17:19:08.382-0700] {logging_mixin.py:150} INFO - [2024-10-28T17:19:08.382-0700] {dag.py:2742} INFO - Sync 1 DAGs
[2024-10-28T17:19:08.388-0700] {logging_mixin.py:150} INFO - [2024-10-28T17:19:08.388-0700] {dag.py:3504} INFO - Setting next_dagrun for latest_only to 2024-10-28T20:19:08.387643+00:00, run_after=2024-10-29T00:19:08.387643+00:00
[2024-10-28T17:19:08.395-0700] {processor.py:179} INFO - Processing /Users/saiprasadreddykolan/airflow_venv/lib/python3.10/site-packages/airflow/example_dags/example_latest_only.py took 0.247 seconds
[2024-10-28T17:20:42.207-0700] {processor.py:157} INFO - Started process (PID=70658) to work on /Users/saiprasadreddykolan/airflow_venv/lib/python3.10/site-packages/airflow/example_dags/example_latest_only.py
[2024-10-28T17:20:42.209-0700] {processor.py:826} INFO - Processing file /Users/saiprasadreddykolan/airflow_venv/lib/python3.10/site-packages/airflow/example_dags/example_latest_only.py for tasks to queue
[2024-10-28T17:20:42.210-0700] {logging_mixin.py:150} INFO - [2024-10-28T17:20:42.210-0700] {dagbag.py:541} INFO - Filling up the DagBag from /Users/saiprasadreddykolan/airflow_venv/lib/python3.10/site-packages/airflow/example_dags/example_latest_only.py
[2024-10-28T17:20:42.218-0700] {processor.py:836} INFO - DAG(s) dict_keys(['latest_only']) retrieved from /Users/saiprasadreddykolan/airflow_venv/lib/python3.10/site-packages/airflow/example_dags/example_latest_only.py
[2024-10-28T17:20:42.450-0700] {logging_mixin.py:150} INFO - [2024-10-28T17:20:42.450-0700] {dag.py:2742} INFO - Sync 1 DAGs
[2024-10-28T17:20:42.456-0700] {logging_mixin.py:150} INFO - [2024-10-28T17:20:42.456-0700] {dag.py:3504} INFO - Setting next_dagrun for latest_only to 2024-10-28T20:20:42.455725+00:00, run_after=2024-10-29T00:20:42.455725+00:00
[2024-10-28T17:20:42.462-0700] {processor.py:179} INFO - Processing /Users/saiprasadreddykolan/airflow_venv/lib/python3.10/site-packages/airflow/example_dags/example_latest_only.py took 0.255 seconds
[2024-10-28T17:22:14.066-0700] {processor.py:157} INFO - Started process (PID=70721) to work on /Users/saiprasadreddykolan/airflow_venv/lib/python3.10/site-packages/airflow/example_dags/example_latest_only.py
[2024-10-28T17:22:14.068-0700] {processor.py:826} INFO - Processing file /Users/saiprasadreddykolan/airflow_venv/lib/python3.10/site-packages/airflow/example_dags/example_latest_only.py for tasks to queue
[2024-10-28T17:22:14.069-0700] {logging_mixin.py:150} INFO - [2024-10-28T17:22:14.069-0700] {dagbag.py:541} INFO - Filling up the DagBag from /Users/saiprasadreddykolan/airflow_venv/lib/python3.10/site-packages/airflow/example_dags/example_latest_only.py
[2024-10-28T17:22:14.075-0700] {processor.py:836} INFO - DAG(s) dict_keys(['latest_only']) retrieved from /Users/saiprasadreddykolan/airflow_venv/lib/python3.10/site-packages/airflow/example_dags/example_latest_only.py
[2024-10-28T17:22:14.327-0700] {logging_mixin.py:150} INFO - [2024-10-28T17:22:14.327-0700] {dag.py:2742} INFO - Sync 1 DAGs
[2024-10-28T17:22:14.333-0700] {logging_mixin.py:150} INFO - [2024-10-28T17:22:14.333-0700] {dag.py:3504} INFO - Setting next_dagrun for latest_only to 2024-10-28T20:22:14.333137+00:00, run_after=2024-10-29T00:22:14.333137+00:00
[2024-10-28T17:22:14.340-0700] {processor.py:179} INFO - Processing /Users/saiprasadreddykolan/airflow_venv/lib/python3.10/site-packages/airflow/example_dags/example_latest_only.py took 0.274 seconds
[2024-10-28T17:23:37.382-0700] {processor.py:157} INFO - Started process (PID=70811) to work on /Users/saiprasadreddykolan/airflow_venv/lib/python3.10/site-packages/airflow/example_dags/example_latest_only.py
[2024-10-28T17:23:37.384-0700] {processor.py:826} INFO - Processing file /Users/saiprasadreddykolan/airflow_venv/lib/python3.10/site-packages/airflow/example_dags/example_latest_only.py for tasks to queue
[2024-10-28T17:23:37.384-0700] {logging_mixin.py:150} INFO - [2024-10-28T17:23:37.384-0700] {dagbag.py:541} INFO - Filling up the DagBag from /Users/saiprasadreddykolan/airflow_venv/lib/python3.10/site-packages/airflow/example_dags/example_latest_only.py
[2024-10-28T17:23:37.391-0700] {processor.py:836} INFO - DAG(s) dict_keys(['latest_only']) retrieved from /Users/saiprasadreddykolan/airflow_venv/lib/python3.10/site-packages/airflow/example_dags/example_latest_only.py
[2024-10-28T17:23:37.615-0700] {logging_mixin.py:150} INFO - [2024-10-28T17:23:37.615-0700] {dag.py:2742} INFO - Sync 1 DAGs
[2024-10-28T17:23:37.620-0700] {logging_mixin.py:150} INFO - [2024-10-28T17:23:37.620-0700] {dag.py:3504} INFO - Setting next_dagrun for latest_only to 2024-10-28T20:23:37.620393+00:00, run_after=2024-10-29T00:23:37.620393+00:00
[2024-10-28T17:23:37.628-0700] {processor.py:179} INFO - Processing /Users/saiprasadreddykolan/airflow_venv/lib/python3.10/site-packages/airflow/example_dags/example_latest_only.py took 0.246 seconds
[2024-10-28T17:25:17.365-0700] {processor.py:157} INFO - Started process (PID=70899) to work on /Users/saiprasadreddykolan/airflow_venv/lib/python3.10/site-packages/airflow/example_dags/example_latest_only.py
[2024-10-28T17:25:17.368-0700] {processor.py:826} INFO - Processing file /Users/saiprasadreddykolan/airflow_venv/lib/python3.10/site-packages/airflow/example_dags/example_latest_only.py for tasks to queue
[2024-10-28T17:25:17.368-0700] {logging_mixin.py:150} INFO - [2024-10-28T17:25:17.368-0700] {dagbag.py:541} INFO - Filling up the DagBag from /Users/saiprasadreddykolan/airflow_venv/lib/python3.10/site-packages/airflow/example_dags/example_latest_only.py
[2024-10-28T17:25:17.377-0700] {processor.py:836} INFO - DAG(s) dict_keys(['latest_only']) retrieved from /Users/saiprasadreddykolan/airflow_venv/lib/python3.10/site-packages/airflow/example_dags/example_latest_only.py
[2024-10-28T17:25:17.614-0700] {logging_mixin.py:150} INFO - [2024-10-28T17:25:17.614-0700] {dag.py:2742} INFO - Sync 1 DAGs
[2024-10-28T17:25:17.620-0700] {logging_mixin.py:150} INFO - [2024-10-28T17:25:17.620-0700] {dag.py:3504} INFO - Setting next_dagrun for latest_only to 2024-10-28T20:25:17.620258+00:00, run_after=2024-10-29T00:25:17.620258+00:00
[2024-10-28T17:25:17.626-0700] {processor.py:179} INFO - Processing /Users/saiprasadreddykolan/airflow_venv/lib/python3.10/site-packages/airflow/example_dags/example_latest_only.py took 0.261 seconds
[2024-10-28T17:26:49.438-0700] {processor.py:157} INFO - Started process (PID=70982) to work on /Users/saiprasadreddykolan/airflow_venv/lib/python3.10/site-packages/airflow/example_dags/example_latest_only.py
[2024-10-28T17:26:49.440-0700] {processor.py:826} INFO - Processing file /Users/saiprasadreddykolan/airflow_venv/lib/python3.10/site-packages/airflow/example_dags/example_latest_only.py for tasks to queue
[2024-10-28T17:26:49.440-0700] {logging_mixin.py:150} INFO - [2024-10-28T17:26:49.440-0700] {dagbag.py:541} INFO - Filling up the DagBag from /Users/saiprasadreddykolan/airflow_venv/lib/python3.10/site-packages/airflow/example_dags/example_latest_only.py
[2024-10-28T17:26:49.447-0700] {processor.py:836} INFO - DAG(s) dict_keys(['latest_only']) retrieved from /Users/saiprasadreddykolan/airflow_venv/lib/python3.10/site-packages/airflow/example_dags/example_latest_only.py
[2024-10-28T17:26:49.670-0700] {logging_mixin.py:150} INFO - [2024-10-28T17:26:49.670-0700] {dag.py:2742} INFO - Sync 1 DAGs
[2024-10-28T17:26:49.676-0700] {logging_mixin.py:150} INFO - [2024-10-28T17:26:49.676-0700] {dag.py:3504} INFO - Setting next_dagrun for latest_only to 2024-10-28T20:26:49.676140+00:00, run_after=2024-10-29T00:26:49.676140+00:00
[2024-10-28T17:26:49.682-0700] {processor.py:179} INFO - Processing /Users/saiprasadreddykolan/airflow_venv/lib/python3.10/site-packages/airflow/example_dags/example_latest_only.py took 0.245 seconds
[2024-10-28T17:28:17.228-0700] {processor.py:157} INFO - Started process (PID=71050) to work on /Users/saiprasadreddykolan/airflow_venv/lib/python3.10/site-packages/airflow/example_dags/example_latest_only.py
[2024-10-28T17:28:17.231-0700] {processor.py:826} INFO - Processing file /Users/saiprasadreddykolan/airflow_venv/lib/python3.10/site-packages/airflow/example_dags/example_latest_only.py for tasks to queue
[2024-10-28T17:28:17.231-0700] {logging_mixin.py:150} INFO - [2024-10-28T17:28:17.231-0700] {dagbag.py:541} INFO - Filling up the DagBag from /Users/saiprasadreddykolan/airflow_venv/lib/python3.10/site-packages/airflow/example_dags/example_latest_only.py
[2024-10-28T17:28:17.237-0700] {processor.py:836} INFO - DAG(s) dict_keys(['latest_only']) retrieved from /Users/saiprasadreddykolan/airflow_venv/lib/python3.10/site-packages/airflow/example_dags/example_latest_only.py
[2024-10-28T17:28:17.463-0700] {logging_mixin.py:150} INFO - [2024-10-28T17:28:17.463-0700] {dag.py:2742} INFO - Sync 1 DAGs
[2024-10-28T17:28:17.469-0700] {logging_mixin.py:150} INFO - [2024-10-28T17:28:17.469-0700] {dag.py:3504} INFO - Setting next_dagrun for latest_only to 2024-10-28T20:28:17.469007+00:00, run_after=2024-10-29T00:28:17.469007+00:00
[2024-10-28T17:28:17.475-0700] {processor.py:179} INFO - Processing /Users/saiprasadreddykolan/airflow_venv/lib/python3.10/site-packages/airflow/example_dags/example_latest_only.py took 0.247 seconds
[2024-10-28T17:29:52.887-0700] {processor.py:157} INFO - Started process (PID=71123) to work on /Users/saiprasadreddykolan/airflow_venv/lib/python3.10/site-packages/airflow/example_dags/example_latest_only.py
[2024-10-28T17:29:52.889-0700] {processor.py:826} INFO - Processing file /Users/saiprasadreddykolan/airflow_venv/lib/python3.10/site-packages/airflow/example_dags/example_latest_only.py for tasks to queue
[2024-10-28T17:29:52.890-0700] {logging_mixin.py:150} INFO - [2024-10-28T17:29:52.890-0700] {dagbag.py:541} INFO - Filling up the DagBag from /Users/saiprasadreddykolan/airflow_venv/lib/python3.10/site-packages/airflow/example_dags/example_latest_only.py
[2024-10-28T17:29:52.896-0700] {processor.py:836} INFO - DAG(s) dict_keys(['latest_only']) retrieved from /Users/saiprasadreddykolan/airflow_venv/lib/python3.10/site-packages/airflow/example_dags/example_latest_only.py
[2024-10-28T17:29:53.117-0700] {logging_mixin.py:150} INFO - [2024-10-28T17:29:53.117-0700] {dag.py:2742} INFO - Sync 1 DAGs
[2024-10-28T17:29:53.124-0700] {logging_mixin.py:150} INFO - [2024-10-28T17:29:53.124-0700] {dag.py:3504} INFO - Setting next_dagrun for latest_only to 2024-10-28T20:29:53.123450+00:00, run_after=2024-10-29T00:29:53.123450+00:00
[2024-10-28T17:29:53.130-0700] {processor.py:179} INFO - Processing /Users/saiprasadreddykolan/airflow_venv/lib/python3.10/site-packages/airflow/example_dags/example_latest_only.py took 0.243 seconds
[2024-10-28T17:31:26.455-0700] {processor.py:157} INFO - Started process (PID=71191) to work on /Users/saiprasadreddykolan/airflow_venv/lib/python3.10/site-packages/airflow/example_dags/example_latest_only.py
[2024-10-28T17:31:26.458-0700] {processor.py:826} INFO - Processing file /Users/saiprasadreddykolan/airflow_venv/lib/python3.10/site-packages/airflow/example_dags/example_latest_only.py for tasks to queue
[2024-10-28T17:31:26.458-0700] {logging_mixin.py:150} INFO - [2024-10-28T17:31:26.458-0700] {dagbag.py:541} INFO - Filling up the DagBag from /Users/saiprasadreddykolan/airflow_venv/lib/python3.10/site-packages/airflow/example_dags/example_latest_only.py
[2024-10-28T17:31:26.465-0700] {processor.py:836} INFO - DAG(s) dict_keys(['latest_only']) retrieved from /Users/saiprasadreddykolan/airflow_venv/lib/python3.10/site-packages/airflow/example_dags/example_latest_only.py
[2024-10-28T17:31:26.682-0700] {logging_mixin.py:150} INFO - [2024-10-28T17:31:26.682-0700] {dag.py:2742} INFO - Sync 1 DAGs
[2024-10-28T17:31:26.688-0700] {logging_mixin.py:150} INFO - [2024-10-28T17:31:26.688-0700] {dag.py:3504} INFO - Setting next_dagrun for latest_only to 2024-10-28T20:31:26.687557+00:00, run_after=2024-10-29T00:31:26.687557+00:00
[2024-10-28T17:31:26.693-0700] {processor.py:179} INFO - Processing /Users/saiprasadreddykolan/airflow_venv/lib/python3.10/site-packages/airflow/example_dags/example_latest_only.py took 0.238 seconds
[2024-10-28T17:32:59.899-0700] {processor.py:157} INFO - Started process (PID=71262) to work on /Users/saiprasadreddykolan/airflow_venv/lib/python3.10/site-packages/airflow/example_dags/example_latest_only.py
[2024-10-28T17:32:59.901-0700] {processor.py:826} INFO - Processing file /Users/saiprasadreddykolan/airflow_venv/lib/python3.10/site-packages/airflow/example_dags/example_latest_only.py for tasks to queue
[2024-10-28T17:32:59.901-0700] {logging_mixin.py:150} INFO - [2024-10-28T17:32:59.901-0700] {dagbag.py:541} INFO - Filling up the DagBag from /Users/saiprasadreddykolan/airflow_venv/lib/python3.10/site-packages/airflow/example_dags/example_latest_only.py
[2024-10-28T17:32:59.908-0700] {processor.py:836} INFO - DAG(s) dict_keys(['latest_only']) retrieved from /Users/saiprasadreddykolan/airflow_venv/lib/python3.10/site-packages/airflow/example_dags/example_latest_only.py
[2024-10-28T17:33:00.130-0700] {logging_mixin.py:150} INFO - [2024-10-28T17:33:00.129-0700] {dag.py:2742} INFO - Sync 1 DAGs
[2024-10-28T17:33:00.135-0700] {logging_mixin.py:150} INFO - [2024-10-28T17:33:00.135-0700] {dag.py:3504} INFO - Setting next_dagrun for latest_only to 2024-10-28T20:33:00.135355+00:00, run_after=2024-10-29T00:33:00.135355+00:00
[2024-10-28T17:33:00.143-0700] {processor.py:179} INFO - Processing /Users/saiprasadreddykolan/airflow_venv/lib/python3.10/site-packages/airflow/example_dags/example_latest_only.py took 0.245 seconds
[2024-10-28T17:34:34.725-0700] {processor.py:157} INFO - Started process (PID=71330) to work on /Users/saiprasadreddykolan/airflow_venv/lib/python3.10/site-packages/airflow/example_dags/example_latest_only.py
[2024-10-28T17:34:34.727-0700] {processor.py:826} INFO - Processing file /Users/saiprasadreddykolan/airflow_venv/lib/python3.10/site-packages/airflow/example_dags/example_latest_only.py for tasks to queue
[2024-10-28T17:34:34.727-0700] {logging_mixin.py:150} INFO - [2024-10-28T17:34:34.727-0700] {dagbag.py:541} INFO - Filling up the DagBag from /Users/saiprasadreddykolan/airflow_venv/lib/python3.10/site-packages/airflow/example_dags/example_latest_only.py
[2024-10-28T17:34:34.734-0700] {processor.py:836} INFO - DAG(s) dict_keys(['latest_only']) retrieved from /Users/saiprasadreddykolan/airflow_venv/lib/python3.10/site-packages/airflow/example_dags/example_latest_only.py
[2024-10-28T17:34:34.956-0700] {logging_mixin.py:150} INFO - [2024-10-28T17:34:34.956-0700] {dag.py:2742} INFO - Sync 1 DAGs
[2024-10-28T17:34:34.962-0700] {logging_mixin.py:150} INFO - [2024-10-28T17:34:34.962-0700] {dag.py:3504} INFO - Setting next_dagrun for latest_only to 2024-10-28T20:34:34.962163+00:00, run_after=2024-10-29T00:34:34.962163+00:00
[2024-10-28T17:34:34.970-0700] {processor.py:179} INFO - Processing /Users/saiprasadreddykolan/airflow_venv/lib/python3.10/site-packages/airflow/example_dags/example_latest_only.py took 0.246 seconds
[2024-10-28T17:36:06.301-0700] {processor.py:157} INFO - Started process (PID=71391) to work on /Users/saiprasadreddykolan/airflow_venv/lib/python3.10/site-packages/airflow/example_dags/example_latest_only.py
[2024-10-28T17:36:06.304-0700] {processor.py:826} INFO - Processing file /Users/saiprasadreddykolan/airflow_venv/lib/python3.10/site-packages/airflow/example_dags/example_latest_only.py for tasks to queue
[2024-10-28T17:36:06.304-0700] {logging_mixin.py:150} INFO - [2024-10-28T17:36:06.304-0700] {dagbag.py:541} INFO - Filling up the DagBag from /Users/saiprasadreddykolan/airflow_venv/lib/python3.10/site-packages/airflow/example_dags/example_latest_only.py
[2024-10-28T17:36:06.311-0700] {processor.py:836} INFO - DAG(s) dict_keys(['latest_only']) retrieved from /Users/saiprasadreddykolan/airflow_venv/lib/python3.10/site-packages/airflow/example_dags/example_latest_only.py
[2024-10-28T17:36:06.526-0700] {logging_mixin.py:150} INFO - [2024-10-28T17:36:06.526-0700] {dag.py:2742} INFO - Sync 1 DAGs
[2024-10-28T17:36:06.532-0700] {logging_mixin.py:150} INFO - [2024-10-28T17:36:06.532-0700] {dag.py:3504} INFO - Setting next_dagrun for latest_only to 2024-10-28T20:36:06.531811+00:00, run_after=2024-10-29T00:36:06.531811+00:00
[2024-10-28T17:36:06.538-0700] {processor.py:179} INFO - Processing /Users/saiprasadreddykolan/airflow_venv/lib/python3.10/site-packages/airflow/example_dags/example_latest_only.py took 0.237 seconds
[2024-10-28T17:37:41.268-0700] {processor.py:157} INFO - Started process (PID=71519) to work on /Users/saiprasadreddykolan/airflow_venv/lib/python3.10/site-packages/airflow/example_dags/example_latest_only.py
[2024-10-28T17:37:41.270-0700] {processor.py:826} INFO - Processing file /Users/saiprasadreddykolan/airflow_venv/lib/python3.10/site-packages/airflow/example_dags/example_latest_only.py for tasks to queue
[2024-10-28T17:37:41.270-0700] {logging_mixin.py:150} INFO - [2024-10-28T17:37:41.270-0700] {dagbag.py:541} INFO - Filling up the DagBag from /Users/saiprasadreddykolan/airflow_venv/lib/python3.10/site-packages/airflow/example_dags/example_latest_only.py
[2024-10-28T17:37:41.277-0700] {processor.py:836} INFO - DAG(s) dict_keys(['latest_only']) retrieved from /Users/saiprasadreddykolan/airflow_venv/lib/python3.10/site-packages/airflow/example_dags/example_latest_only.py
[2024-10-28T17:37:41.506-0700] {logging_mixin.py:150} INFO - [2024-10-28T17:37:41.506-0700] {dag.py:2742} INFO - Sync 1 DAGs
[2024-10-28T17:37:41.512-0700] {logging_mixin.py:150} INFO - [2024-10-28T17:37:41.512-0700] {dag.py:3504} INFO - Setting next_dagrun for latest_only to 2024-10-28T20:37:41.512252+00:00, run_after=2024-10-29T00:37:41.512252+00:00
[2024-10-28T17:37:41.518-0700] {processor.py:179} INFO - Processing /Users/saiprasadreddykolan/airflow_venv/lib/python3.10/site-packages/airflow/example_dags/example_latest_only.py took 0.251 seconds
