[2024-10-28T17:00:24.033-0700] {processor.py:157} INFO - Started process (PID=69732) to work on /Users/saiprasadreddykolan/airflow_venv/lib/python3.10/site-packages/airflow/example_dags/example_python_operator.py
[2024-10-28T17:00:24.034-0700] {processor.py:826} INFO - Processing file /Users/saiprasadreddykolan/airflow_venv/lib/python3.10/site-packages/airflow/example_dags/example_python_operator.py for tasks to queue
[2024-10-28T17:00:24.035-0700] {logging_mixin.py:150} INFO - [2024-10-28T17:00:24.035-0700] {dagbag.py:541} INFO - Filling up the DagBag from /Users/saiprasadreddykolan/airflow_venv/lib/python3.10/site-packages/airflow/example_dags/example_python_operator.py
[2024-10-28T17:00:24.052-0700] {logging_mixin.py:150} INFO - [2024-10-28T17:00:24.052-0700] {example_python_operator.py:90} WARNING - The virtalenv_python example task requires virtualenv, please install it.
[2024-10-28T17:00:24.054-0700] {processor.py:836} INFO - DAG(s) dict_keys(['example_python_operator']) retrieved from /Users/saiprasadreddykolan/airflow_venv/lib/python3.10/site-packages/airflow/example_dags/example_python_operator.py
[2024-10-28T17:00:24.271-0700] {logging_mixin.py:150} INFO - [2024-10-28T17:00:24.271-0700] {dag.py:2742} INFO - Sync 1 DAGs
[2024-10-28T17:00:24.278-0700] {logging_mixin.py:150} INFO - [2024-10-28T17:00:24.278-0700] {dag.py:3504} INFO - Setting next_dagrun for example_python_operator to None, run_after=None
[2024-10-28T17:00:24.285-0700] {processor.py:179} INFO - Processing /Users/saiprasadreddykolan/airflow_venv/lib/python3.10/site-packages/airflow/example_dags/example_python_operator.py took 0.253 seconds
[2024-10-28T17:01:50.466-0700] {processor.py:157} INFO - Started process (PID=69806) to work on /Users/saiprasadreddykolan/airflow_venv/lib/python3.10/site-packages/airflow/example_dags/example_python_operator.py
[2024-10-28T17:01:50.469-0700] {processor.py:826} INFO - Processing file /Users/saiprasadreddykolan/airflow_venv/lib/python3.10/site-packages/airflow/example_dags/example_python_operator.py for tasks to queue
[2024-10-28T17:01:50.469-0700] {logging_mixin.py:150} INFO - [2024-10-28T17:01:50.469-0700] {dagbag.py:541} INFO - Filling up the DagBag from /Users/saiprasadreddykolan/airflow_venv/lib/python3.10/site-packages/airflow/example_dags/example_python_operator.py
[2024-10-28T17:01:50.484-0700] {logging_mixin.py:150} INFO - [2024-10-28T17:01:50.484-0700] {example_python_operator.py:90} WARNING - The virtalenv_python example task requires virtualenv, please install it.
[2024-10-28T17:01:50.487-0700] {processor.py:836} INFO - DAG(s) dict_keys(['example_python_operator']) retrieved from /Users/saiprasadreddykolan/airflow_venv/lib/python3.10/site-packages/airflow/example_dags/example_python_operator.py
[2024-10-28T17:01:50.700-0700] {logging_mixin.py:150} INFO - [2024-10-28T17:01:50.700-0700] {dag.py:2742} INFO - Sync 1 DAGs
[2024-10-28T17:01:50.706-0700] {logging_mixin.py:150} INFO - [2024-10-28T17:01:50.705-0700] {dag.py:3504} INFO - Setting next_dagrun for example_python_operator to None, run_after=None
[2024-10-28T17:01:50.711-0700] {processor.py:179} INFO - Processing /Users/saiprasadreddykolan/airflow_venv/lib/python3.10/site-packages/airflow/example_dags/example_python_operator.py took 0.245 seconds
[2024-10-28T17:03:22.292-0700] {processor.py:157} INFO - Started process (PID=69868) to work on /Users/saiprasadreddykolan/airflow_venv/lib/python3.10/site-packages/airflow/example_dags/example_python_operator.py
[2024-10-28T17:03:22.295-0700] {processor.py:826} INFO - Processing file /Users/saiprasadreddykolan/airflow_venv/lib/python3.10/site-packages/airflow/example_dags/example_python_operator.py for tasks to queue
[2024-10-28T17:03:22.295-0700] {logging_mixin.py:150} INFO - [2024-10-28T17:03:22.295-0700] {dagbag.py:541} INFO - Filling up the DagBag from /Users/saiprasadreddykolan/airflow_venv/lib/python3.10/site-packages/airflow/example_dags/example_python_operator.py
[2024-10-28T17:03:22.310-0700] {logging_mixin.py:150} INFO - [2024-10-28T17:03:22.310-0700] {example_python_operator.py:90} WARNING - The virtalenv_python example task requires virtualenv, please install it.
[2024-10-28T17:03:22.313-0700] {processor.py:836} INFO - DAG(s) dict_keys(['example_python_operator']) retrieved from /Users/saiprasadreddykolan/airflow_venv/lib/python3.10/site-packages/airflow/example_dags/example_python_operator.py
[2024-10-28T17:03:22.533-0700] {logging_mixin.py:150} INFO - [2024-10-28T17:03:22.533-0700] {dag.py:2742} INFO - Sync 1 DAGs
[2024-10-28T17:03:22.538-0700] {logging_mixin.py:150} INFO - [2024-10-28T17:03:22.538-0700] {dag.py:3504} INFO - Setting next_dagrun for example_python_operator to None, run_after=None
[2024-10-28T17:03:22.545-0700] {processor.py:179} INFO - Processing /Users/saiprasadreddykolan/airflow_venv/lib/python3.10/site-packages/airflow/example_dags/example_python_operator.py took 0.253 seconds
[2024-10-28T17:04:48.920-0700] {processor.py:157} INFO - Started process (PID=69933) to work on /Users/saiprasadreddykolan/airflow_venv/lib/python3.10/site-packages/airflow/example_dags/example_python_operator.py
[2024-10-28T17:04:48.923-0700] {processor.py:826} INFO - Processing file /Users/saiprasadreddykolan/airflow_venv/lib/python3.10/site-packages/airflow/example_dags/example_python_operator.py for tasks to queue
[2024-10-28T17:04:48.923-0700] {logging_mixin.py:150} INFO - [2024-10-28T17:04:48.923-0700] {dagbag.py:541} INFO - Filling up the DagBag from /Users/saiprasadreddykolan/airflow_venv/lib/python3.10/site-packages/airflow/example_dags/example_python_operator.py
[2024-10-28T17:04:48.939-0700] {logging_mixin.py:150} INFO - [2024-10-28T17:04:48.939-0700] {example_python_operator.py:90} WARNING - The virtalenv_python example task requires virtualenv, please install it.
[2024-10-28T17:04:48.942-0700] {processor.py:836} INFO - DAG(s) dict_keys(['example_python_operator']) retrieved from /Users/saiprasadreddykolan/airflow_venv/lib/python3.10/site-packages/airflow/example_dags/example_python_operator.py
[2024-10-28T17:04:49.170-0700] {logging_mixin.py:150} INFO - [2024-10-28T17:04:49.170-0700] {dag.py:2742} INFO - Sync 1 DAGs
[2024-10-28T17:04:49.176-0700] {logging_mixin.py:150} INFO - [2024-10-28T17:04:49.175-0700] {dag.py:3504} INFO - Setting next_dagrun for example_python_operator to None, run_after=None
[2024-10-28T17:04:49.183-0700] {processor.py:179} INFO - Processing /Users/saiprasadreddykolan/airflow_venv/lib/python3.10/site-packages/airflow/example_dags/example_python_operator.py took 0.263 seconds
[2024-10-28T17:06:27.877-0700] {processor.py:157} INFO - Started process (PID=69995) to work on /Users/saiprasadreddykolan/airflow_venv/lib/python3.10/site-packages/airflow/example_dags/example_python_operator.py
[2024-10-28T17:06:27.880-0700] {processor.py:826} INFO - Processing file /Users/saiprasadreddykolan/airflow_venv/lib/python3.10/site-packages/airflow/example_dags/example_python_operator.py for tasks to queue
[2024-10-28T17:06:27.880-0700] {logging_mixin.py:150} INFO - [2024-10-28T17:06:27.880-0700] {dagbag.py:541} INFO - Filling up the DagBag from /Users/saiprasadreddykolan/airflow_venv/lib/python3.10/site-packages/airflow/example_dags/example_python_operator.py
[2024-10-28T17:06:27.896-0700] {logging_mixin.py:150} INFO - [2024-10-28T17:06:27.896-0700] {example_python_operator.py:90} WARNING - The virtalenv_python example task requires virtualenv, please install it.
[2024-10-28T17:06:27.898-0700] {processor.py:836} INFO - DAG(s) dict_keys(['example_python_operator']) retrieved from /Users/saiprasadreddykolan/airflow_venv/lib/python3.10/site-packages/airflow/example_dags/example_python_operator.py
[2024-10-28T17:06:28.112-0700] {logging_mixin.py:150} INFO - [2024-10-28T17:06:28.112-0700] {dag.py:2742} INFO - Sync 1 DAGs
[2024-10-28T17:06:28.118-0700] {logging_mixin.py:150} INFO - [2024-10-28T17:06:28.118-0700] {dag.py:3504} INFO - Setting next_dagrun for example_python_operator to None, run_after=None
[2024-10-28T17:06:28.124-0700] {processor.py:179} INFO - Processing /Users/saiprasadreddykolan/airflow_venv/lib/python3.10/site-packages/airflow/example_dags/example_python_operator.py took 0.247 seconds
[2024-10-28T17:07:54.483-0700] {processor.py:157} INFO - Started process (PID=70059) to work on /Users/saiprasadreddykolan/airflow_venv/lib/python3.10/site-packages/airflow/example_dags/example_python_operator.py
[2024-10-28T17:07:54.486-0700] {processor.py:826} INFO - Processing file /Users/saiprasadreddykolan/airflow_venv/lib/python3.10/site-packages/airflow/example_dags/example_python_operator.py for tasks to queue
[2024-10-28T17:07:54.486-0700] {logging_mixin.py:150} INFO - [2024-10-28T17:07:54.486-0700] {dagbag.py:541} INFO - Filling up the DagBag from /Users/saiprasadreddykolan/airflow_venv/lib/python3.10/site-packages/airflow/example_dags/example_python_operator.py
[2024-10-28T17:07:54.502-0700] {logging_mixin.py:150} INFO - [2024-10-28T17:07:54.502-0700] {example_python_operator.py:90} WARNING - The virtalenv_python example task requires virtualenv, please install it.
[2024-10-28T17:07:54.504-0700] {processor.py:836} INFO - DAG(s) dict_keys(['example_python_operator']) retrieved from /Users/saiprasadreddykolan/airflow_venv/lib/python3.10/site-packages/airflow/example_dags/example_python_operator.py
[2024-10-28T17:07:54.730-0700] {logging_mixin.py:150} INFO - [2024-10-28T17:07:54.730-0700] {dag.py:2742} INFO - Sync 1 DAGs
[2024-10-28T17:07:54.735-0700] {logging_mixin.py:150} INFO - [2024-10-28T17:07:54.735-0700] {dag.py:3504} INFO - Setting next_dagrun for example_python_operator to None, run_after=None
[2024-10-28T17:07:54.741-0700] {processor.py:179} INFO - Processing /Users/saiprasadreddykolan/airflow_venv/lib/python3.10/site-packages/airflow/example_dags/example_python_operator.py took 0.258 seconds
[2024-10-28T17:09:22.715-0700] {processor.py:157} INFO - Started process (PID=70118) to work on /Users/saiprasadreddykolan/airflow_venv/lib/python3.10/site-packages/airflow/example_dags/example_python_operator.py
[2024-10-28T17:09:22.717-0700] {processor.py:826} INFO - Processing file /Users/saiprasadreddykolan/airflow_venv/lib/python3.10/site-packages/airflow/example_dags/example_python_operator.py for tasks to queue
[2024-10-28T17:09:22.717-0700] {logging_mixin.py:150} INFO - [2024-10-28T17:09:22.717-0700] {dagbag.py:541} INFO - Filling up the DagBag from /Users/saiprasadreddykolan/airflow_venv/lib/python3.10/site-packages/airflow/example_dags/example_python_operator.py
[2024-10-28T17:09:22.732-0700] {logging_mixin.py:150} INFO - [2024-10-28T17:09:22.732-0700] {example_python_operator.py:90} WARNING - The virtalenv_python example task requires virtualenv, please install it.
[2024-10-28T17:09:22.735-0700] {processor.py:836} INFO - DAG(s) dict_keys(['example_python_operator']) retrieved from /Users/saiprasadreddykolan/airflow_venv/lib/python3.10/site-packages/airflow/example_dags/example_python_operator.py
[2024-10-28T17:09:22.962-0700] {logging_mixin.py:150} INFO - [2024-10-28T17:09:22.962-0700] {dag.py:2742} INFO - Sync 1 DAGs
[2024-10-28T17:09:22.968-0700] {logging_mixin.py:150} INFO - [2024-10-28T17:09:22.968-0700] {dag.py:3504} INFO - Setting next_dagrun for example_python_operator to None, run_after=None
[2024-10-28T17:09:22.973-0700] {processor.py:179} INFO - Processing /Users/saiprasadreddykolan/airflow_venv/lib/python3.10/site-packages/airflow/example_dags/example_python_operator.py took 0.259 seconds
[2024-10-28T17:10:59.811-0700] {processor.py:157} INFO - Started process (PID=70179) to work on /Users/saiprasadreddykolan/airflow_venv/lib/python3.10/site-packages/airflow/example_dags/example_python_operator.py
[2024-10-28T17:10:59.813-0700] {processor.py:826} INFO - Processing file /Users/saiprasadreddykolan/airflow_venv/lib/python3.10/site-packages/airflow/example_dags/example_python_operator.py for tasks to queue
[2024-10-28T17:10:59.813-0700] {logging_mixin.py:150} INFO - [2024-10-28T17:10:59.813-0700] {dagbag.py:541} INFO - Filling up the DagBag from /Users/saiprasadreddykolan/airflow_venv/lib/python3.10/site-packages/airflow/example_dags/example_python_operator.py
[2024-10-28T17:10:59.829-0700] {logging_mixin.py:150} INFO - [2024-10-28T17:10:59.829-0700] {example_python_operator.py:90} WARNING - The virtalenv_python example task requires virtualenv, please install it.
[2024-10-28T17:10:59.831-0700] {processor.py:836} INFO - DAG(s) dict_keys(['example_python_operator']) retrieved from /Users/saiprasadreddykolan/airflow_venv/lib/python3.10/site-packages/airflow/example_dags/example_python_operator.py
[2024-10-28T17:11:00.047-0700] {logging_mixin.py:150} INFO - [2024-10-28T17:11:00.046-0700] {dag.py:2742} INFO - Sync 1 DAGs
[2024-10-28T17:11:00.052-0700] {logging_mixin.py:150} INFO - [2024-10-28T17:11:00.052-0700] {dag.py:3504} INFO - Setting next_dagrun for example_python_operator to None, run_after=None
[2024-10-28T17:11:00.059-0700] {processor.py:179} INFO - Processing /Users/saiprasadreddykolan/airflow_venv/lib/python3.10/site-packages/airflow/example_dags/example_python_operator.py took 0.249 seconds
[2024-10-28T17:12:33.384-0700] {processor.py:157} INFO - Started process (PID=70239) to work on /Users/saiprasadreddykolan/airflow_venv/lib/python3.10/site-packages/airflow/example_dags/example_python_operator.py
[2024-10-28T17:12:33.386-0700] {processor.py:826} INFO - Processing file /Users/saiprasadreddykolan/airflow_venv/lib/python3.10/site-packages/airflow/example_dags/example_python_operator.py for tasks to queue
[2024-10-28T17:12:33.387-0700] {logging_mixin.py:150} INFO - [2024-10-28T17:12:33.386-0700] {dagbag.py:541} INFO - Filling up the DagBag from /Users/saiprasadreddykolan/airflow_venv/lib/python3.10/site-packages/airflow/example_dags/example_python_operator.py
[2024-10-28T17:12:33.402-0700] {logging_mixin.py:150} INFO - [2024-10-28T17:12:33.402-0700] {example_python_operator.py:90} WARNING - The virtalenv_python example task requires virtualenv, please install it.
[2024-10-28T17:12:33.405-0700] {processor.py:836} INFO - DAG(s) dict_keys(['example_python_operator']) retrieved from /Users/saiprasadreddykolan/airflow_venv/lib/python3.10/site-packages/airflow/example_dags/example_python_operator.py
[2024-10-28T17:12:33.619-0700] {logging_mixin.py:150} INFO - [2024-10-28T17:12:33.619-0700] {dag.py:2742} INFO - Sync 1 DAGs
[2024-10-28T17:12:33.624-0700] {logging_mixin.py:150} INFO - [2024-10-28T17:12:33.624-0700] {dag.py:3504} INFO - Setting next_dagrun for example_python_operator to None, run_after=None
[2024-10-28T17:12:33.630-0700] {processor.py:179} INFO - Processing /Users/saiprasadreddykolan/airflow_venv/lib/python3.10/site-packages/airflow/example_dags/example_python_operator.py took 0.247 seconds
[2024-10-28T17:13:59.652-0700] {processor.py:157} INFO - Started process (PID=70299) to work on /Users/saiprasadreddykolan/airflow_venv/lib/python3.10/site-packages/airflow/example_dags/example_python_operator.py
[2024-10-28T17:13:59.654-0700] {processor.py:826} INFO - Processing file /Users/saiprasadreddykolan/airflow_venv/lib/python3.10/site-packages/airflow/example_dags/example_python_operator.py for tasks to queue
[2024-10-28T17:13:59.655-0700] {logging_mixin.py:150} INFO - [2024-10-28T17:13:59.654-0700] {dagbag.py:541} INFO - Filling up the DagBag from /Users/saiprasadreddykolan/airflow_venv/lib/python3.10/site-packages/airflow/example_dags/example_python_operator.py
[2024-10-28T17:13:59.670-0700] {logging_mixin.py:150} INFO - [2024-10-28T17:13:59.670-0700] {example_python_operator.py:90} WARNING - The virtalenv_python example task requires virtualenv, please install it.
[2024-10-28T17:13:59.672-0700] {processor.py:836} INFO - DAG(s) dict_keys(['example_python_operator']) retrieved from /Users/saiprasadreddykolan/airflow_venv/lib/python3.10/site-packages/airflow/example_dags/example_python_operator.py
[2024-10-28T17:13:59.898-0700] {logging_mixin.py:150} INFO - [2024-10-28T17:13:59.898-0700] {dag.py:2742} INFO - Sync 1 DAGs
[2024-10-28T17:13:59.903-0700] {logging_mixin.py:150} INFO - [2024-10-28T17:13:59.903-0700] {dag.py:3504} INFO - Setting next_dagrun for example_python_operator to None, run_after=None
[2024-10-28T17:13:59.909-0700] {processor.py:179} INFO - Processing /Users/saiprasadreddykolan/airflow_venv/lib/python3.10/site-packages/airflow/example_dags/example_python_operator.py took 0.257 seconds
[2024-10-28T17:15:27.818-0700] {processor.py:157} INFO - Started process (PID=70362) to work on /Users/saiprasadreddykolan/airflow_venv/lib/python3.10/site-packages/airflow/example_dags/example_python_operator.py
[2024-10-28T17:15:27.820-0700] {processor.py:826} INFO - Processing file /Users/saiprasadreddykolan/airflow_venv/lib/python3.10/site-packages/airflow/example_dags/example_python_operator.py for tasks to queue
[2024-10-28T17:15:27.821-0700] {logging_mixin.py:150} INFO - [2024-10-28T17:15:27.820-0700] {dagbag.py:541} INFO - Filling up the DagBag from /Users/saiprasadreddykolan/airflow_venv/lib/python3.10/site-packages/airflow/example_dags/example_python_operator.py
[2024-10-28T17:15:27.837-0700] {logging_mixin.py:150} INFO - [2024-10-28T17:15:27.837-0700] {example_python_operator.py:90} WARNING - The virtalenv_python example task requires virtualenv, please install it.
[2024-10-28T17:15:27.840-0700] {processor.py:836} INFO - DAG(s) dict_keys(['example_python_operator']) retrieved from /Users/saiprasadreddykolan/airflow_venv/lib/python3.10/site-packages/airflow/example_dags/example_python_operator.py
[2024-10-28T17:15:28.055-0700] {logging_mixin.py:150} INFO - [2024-10-28T17:15:28.055-0700] {dag.py:2742} INFO - Sync 1 DAGs
[2024-10-28T17:15:28.060-0700] {logging_mixin.py:150} INFO - [2024-10-28T17:15:28.060-0700] {dag.py:3504} INFO - Setting next_dagrun for example_python_operator to None, run_after=None
[2024-10-28T17:15:28.067-0700] {processor.py:179} INFO - Processing /Users/saiprasadreddykolan/airflow_venv/lib/python3.10/site-packages/airflow/example_dags/example_python_operator.py took 0.249 seconds
[2024-10-28T17:17:06.391-0700] {processor.py:157} INFO - Started process (PID=70484) to work on /Users/saiprasadreddykolan/airflow_venv/lib/python3.10/site-packages/airflow/example_dags/example_python_operator.py
[2024-10-28T17:17:06.393-0700] {processor.py:826} INFO - Processing file /Users/saiprasadreddykolan/airflow_venv/lib/python3.10/site-packages/airflow/example_dags/example_python_operator.py for tasks to queue
[2024-10-28T17:17:06.394-0700] {logging_mixin.py:150} INFO - [2024-10-28T17:17:06.393-0700] {dagbag.py:541} INFO - Filling up the DagBag from /Users/saiprasadreddykolan/airflow_venv/lib/python3.10/site-packages/airflow/example_dags/example_python_operator.py
[2024-10-28T17:17:06.409-0700] {logging_mixin.py:150} INFO - [2024-10-28T17:17:06.409-0700] {example_python_operator.py:90} WARNING - The virtalenv_python example task requires virtualenv, please install it.
[2024-10-28T17:17:06.411-0700] {processor.py:836} INFO - DAG(s) dict_keys(['example_python_operator']) retrieved from /Users/saiprasadreddykolan/airflow_venv/lib/python3.10/site-packages/airflow/example_dags/example_python_operator.py
[2024-10-28T17:17:06.626-0700] {logging_mixin.py:150} INFO - [2024-10-28T17:17:06.626-0700] {dag.py:2742} INFO - Sync 1 DAGs
[2024-10-28T17:17:06.631-0700] {logging_mixin.py:150} INFO - [2024-10-28T17:17:06.631-0700] {dag.py:3504} INFO - Setting next_dagrun for example_python_operator to None, run_after=None
[2024-10-28T17:17:06.638-0700] {processor.py:179} INFO - Processing /Users/saiprasadreddykolan/airflow_venv/lib/python3.10/site-packages/airflow/example_dags/example_python_operator.py took 0.247 seconds
[2024-10-28T17:18:37.182-0700] {processor.py:157} INFO - Started process (PID=70556) to work on /Users/saiprasadreddykolan/airflow_venv/lib/python3.10/site-packages/airflow/example_dags/example_python_operator.py
[2024-10-28T17:18:37.184-0700] {processor.py:826} INFO - Processing file /Users/saiprasadreddykolan/airflow_venv/lib/python3.10/site-packages/airflow/example_dags/example_python_operator.py for tasks to queue
[2024-10-28T17:18:37.184-0700] {logging_mixin.py:150} INFO - [2024-10-28T17:18:37.184-0700] {dagbag.py:541} INFO - Filling up the DagBag from /Users/saiprasadreddykolan/airflow_venv/lib/python3.10/site-packages/airflow/example_dags/example_python_operator.py
[2024-10-28T17:18:37.200-0700] {logging_mixin.py:150} INFO - [2024-10-28T17:18:37.200-0700] {example_python_operator.py:90} WARNING - The virtalenv_python example task requires virtualenv, please install it.
[2024-10-28T17:18:37.203-0700] {processor.py:836} INFO - DAG(s) dict_keys(['example_python_operator']) retrieved from /Users/saiprasadreddykolan/airflow_venv/lib/python3.10/site-packages/airflow/example_dags/example_python_operator.py
[2024-10-28T17:18:37.420-0700] {logging_mixin.py:150} INFO - [2024-10-28T17:18:37.420-0700] {dag.py:2742} INFO - Sync 1 DAGs
[2024-10-28T17:18:37.425-0700] {logging_mixin.py:150} INFO - [2024-10-28T17:18:37.425-0700] {dag.py:3504} INFO - Setting next_dagrun for example_python_operator to None, run_after=None
[2024-10-28T17:18:37.431-0700] {processor.py:179} INFO - Processing /Users/saiprasadreddykolan/airflow_venv/lib/python3.10/site-packages/airflow/example_dags/example_python_operator.py took 0.250 seconds
[2024-10-28T17:20:08.848-0700] {processor.py:157} INFO - Started process (PID=70638) to work on /Users/saiprasadreddykolan/airflow_venv/lib/python3.10/site-packages/airflow/example_dags/example_python_operator.py
[2024-10-28T17:20:08.851-0700] {processor.py:826} INFO - Processing file /Users/saiprasadreddykolan/airflow_venv/lib/python3.10/site-packages/airflow/example_dags/example_python_operator.py for tasks to queue
[2024-10-28T17:20:08.851-0700] {logging_mixin.py:150} INFO - [2024-10-28T17:20:08.851-0700] {dagbag.py:541} INFO - Filling up the DagBag from /Users/saiprasadreddykolan/airflow_venv/lib/python3.10/site-packages/airflow/example_dags/example_python_operator.py
[2024-10-28T17:20:08.866-0700] {logging_mixin.py:150} INFO - [2024-10-28T17:20:08.866-0700] {example_python_operator.py:90} WARNING - The virtalenv_python example task requires virtualenv, please install it.
[2024-10-28T17:20:08.868-0700] {processor.py:836} INFO - DAG(s) dict_keys(['example_python_operator']) retrieved from /Users/saiprasadreddykolan/airflow_venv/lib/python3.10/site-packages/airflow/example_dags/example_python_operator.py
[2024-10-28T17:20:09.083-0700] {logging_mixin.py:150} INFO - [2024-10-28T17:20:09.082-0700] {dag.py:2742} INFO - Sync 1 DAGs
[2024-10-28T17:20:09.088-0700] {logging_mixin.py:150} INFO - [2024-10-28T17:20:09.088-0700] {dag.py:3504} INFO - Setting next_dagrun for example_python_operator to None, run_after=None
[2024-10-28T17:20:09.094-0700] {processor.py:179} INFO - Processing /Users/saiprasadreddykolan/airflow_venv/lib/python3.10/site-packages/airflow/example_dags/example_python_operator.py took 0.247 seconds
[2024-10-28T17:21:42.456-0700] {processor.py:157} INFO - Started process (PID=70701) to work on /Users/saiprasadreddykolan/airflow_venv/lib/python3.10/site-packages/airflow/example_dags/example_python_operator.py
[2024-10-28T17:21:42.459-0700] {processor.py:826} INFO - Processing file /Users/saiprasadreddykolan/airflow_venv/lib/python3.10/site-packages/airflow/example_dags/example_python_operator.py for tasks to queue
[2024-10-28T17:21:42.459-0700] {logging_mixin.py:150} INFO - [2024-10-28T17:21:42.459-0700] {dagbag.py:541} INFO - Filling up the DagBag from /Users/saiprasadreddykolan/airflow_venv/lib/python3.10/site-packages/airflow/example_dags/example_python_operator.py
[2024-10-28T17:21:42.475-0700] {logging_mixin.py:150} INFO - [2024-10-28T17:21:42.475-0700] {example_python_operator.py:90} WARNING - The virtalenv_python example task requires virtualenv, please install it.
[2024-10-28T17:21:42.477-0700] {processor.py:836} INFO - DAG(s) dict_keys(['example_python_operator']) retrieved from /Users/saiprasadreddykolan/airflow_venv/lib/python3.10/site-packages/airflow/example_dags/example_python_operator.py
[2024-10-28T17:21:42.692-0700] {logging_mixin.py:150} INFO - [2024-10-28T17:21:42.692-0700] {dag.py:2742} INFO - Sync 1 DAGs
[2024-10-28T17:21:42.698-0700] {logging_mixin.py:150} INFO - [2024-10-28T17:21:42.698-0700] {dag.py:3504} INFO - Setting next_dagrun for example_python_operator to None, run_after=None
[2024-10-28T17:21:42.704-0700] {processor.py:179} INFO - Processing /Users/saiprasadreddykolan/airflow_venv/lib/python3.10/site-packages/airflow/example_dags/example_python_operator.py took 0.249 seconds
[2024-10-28T17:23:12.979-0700] {processor.py:157} INFO - Started process (PID=70783) to work on /Users/saiprasadreddykolan/airflow_venv/lib/python3.10/site-packages/airflow/example_dags/example_python_operator.py
[2024-10-28T17:23:12.982-0700] {processor.py:826} INFO - Processing file /Users/saiprasadreddykolan/airflow_venv/lib/python3.10/site-packages/airflow/example_dags/example_python_operator.py for tasks to queue
[2024-10-28T17:23:12.982-0700] {logging_mixin.py:150} INFO - [2024-10-28T17:23:12.982-0700] {dagbag.py:541} INFO - Filling up the DagBag from /Users/saiprasadreddykolan/airflow_venv/lib/python3.10/site-packages/airflow/example_dags/example_python_operator.py
[2024-10-28T17:23:12.999-0700] {logging_mixin.py:150} INFO - [2024-10-28T17:23:12.999-0700] {example_python_operator.py:90} WARNING - The virtalenv_python example task requires virtualenv, please install it.
[2024-10-28T17:23:13.002-0700] {processor.py:836} INFO - DAG(s) dict_keys(['example_python_operator']) retrieved from /Users/saiprasadreddykolan/airflow_venv/lib/python3.10/site-packages/airflow/example_dags/example_python_operator.py
[2024-10-28T17:23:13.233-0700] {logging_mixin.py:150} INFO - [2024-10-28T17:23:13.233-0700] {dag.py:2742} INFO - Sync 1 DAGs
[2024-10-28T17:23:13.239-0700] {logging_mixin.py:150} INFO - [2024-10-28T17:23:13.239-0700] {dag.py:3504} INFO - Setting next_dagrun for example_python_operator to None, run_after=None
[2024-10-28T17:23:13.246-0700] {processor.py:179} INFO - Processing /Users/saiprasadreddykolan/airflow_venv/lib/python3.10/site-packages/airflow/example_dags/example_python_operator.py took 0.267 seconds
[2024-10-28T17:24:43.929-0700] {processor.py:157} INFO - Started process (PID=70876) to work on /Users/saiprasadreddykolan/airflow_venv/lib/python3.10/site-packages/airflow/example_dags/example_python_operator.py
[2024-10-28T17:24:43.931-0700] {processor.py:826} INFO - Processing file /Users/saiprasadreddykolan/airflow_venv/lib/python3.10/site-packages/airflow/example_dags/example_python_operator.py for tasks to queue
[2024-10-28T17:24:43.931-0700] {logging_mixin.py:150} INFO - [2024-10-28T17:24:43.931-0700] {dagbag.py:541} INFO - Filling up the DagBag from /Users/saiprasadreddykolan/airflow_venv/lib/python3.10/site-packages/airflow/example_dags/example_python_operator.py
[2024-10-28T17:24:43.947-0700] {logging_mixin.py:150} INFO - [2024-10-28T17:24:43.947-0700] {example_python_operator.py:90} WARNING - The virtalenv_python example task requires virtualenv, please install it.
[2024-10-28T17:24:43.950-0700] {processor.py:836} INFO - DAG(s) dict_keys(['example_python_operator']) retrieved from /Users/saiprasadreddykolan/airflow_venv/lib/python3.10/site-packages/airflow/example_dags/example_python_operator.py
[2024-10-28T17:24:44.170-0700] {logging_mixin.py:150} INFO - [2024-10-28T17:24:44.170-0700] {dag.py:2742} INFO - Sync 1 DAGs
[2024-10-28T17:24:44.175-0700] {logging_mixin.py:150} INFO - [2024-10-28T17:24:44.175-0700] {dag.py:3504} INFO - Setting next_dagrun for example_python_operator to None, run_after=None
[2024-10-28T17:24:44.181-0700] {processor.py:179} INFO - Processing /Users/saiprasadreddykolan/airflow_venv/lib/python3.10/site-packages/airflow/example_dags/example_python_operator.py took 0.253 seconds
[2024-10-28T17:26:17.602-0700] {processor.py:157} INFO - Started process (PID=70961) to work on /Users/saiprasadreddykolan/airflow_venv/lib/python3.10/site-packages/airflow/example_dags/example_python_operator.py
[2024-10-28T17:26:17.604-0700] {processor.py:826} INFO - Processing file /Users/saiprasadreddykolan/airflow_venv/lib/python3.10/site-packages/airflow/example_dags/example_python_operator.py for tasks to queue
[2024-10-28T17:26:17.605-0700] {logging_mixin.py:150} INFO - [2024-10-28T17:26:17.604-0700] {dagbag.py:541} INFO - Filling up the DagBag from /Users/saiprasadreddykolan/airflow_venv/lib/python3.10/site-packages/airflow/example_dags/example_python_operator.py
[2024-10-28T17:26:17.620-0700] {logging_mixin.py:150} INFO - [2024-10-28T17:26:17.620-0700] {example_python_operator.py:90} WARNING - The virtalenv_python example task requires virtualenv, please install it.
[2024-10-28T17:26:17.623-0700] {processor.py:836} INFO - DAG(s) dict_keys(['example_python_operator']) retrieved from /Users/saiprasadreddykolan/airflow_venv/lib/python3.10/site-packages/airflow/example_dags/example_python_operator.py
[2024-10-28T17:26:17.843-0700] {logging_mixin.py:150} INFO - [2024-10-28T17:26:17.843-0700] {dag.py:2742} INFO - Sync 1 DAGs
[2024-10-28T17:26:17.848-0700] {logging_mixin.py:150} INFO - [2024-10-28T17:26:17.848-0700] {dag.py:3504} INFO - Setting next_dagrun for example_python_operator to None, run_after=None
[2024-10-28T17:26:17.854-0700] {processor.py:179} INFO - Processing /Users/saiprasadreddykolan/airflow_venv/lib/python3.10/site-packages/airflow/example_dags/example_python_operator.py took 0.253 seconds
[2024-10-28T17:27:47.790-0700] {processor.py:157} INFO - Started process (PID=71026) to work on /Users/saiprasadreddykolan/airflow_venv/lib/python3.10/site-packages/airflow/example_dags/example_python_operator.py
[2024-10-28T17:27:47.792-0700] {processor.py:826} INFO - Processing file /Users/saiprasadreddykolan/airflow_venv/lib/python3.10/site-packages/airflow/example_dags/example_python_operator.py for tasks to queue
[2024-10-28T17:27:47.793-0700] {logging_mixin.py:150} INFO - [2024-10-28T17:27:47.793-0700] {dagbag.py:541} INFO - Filling up the DagBag from /Users/saiprasadreddykolan/airflow_venv/lib/python3.10/site-packages/airflow/example_dags/example_python_operator.py
[2024-10-28T17:27:47.810-0700] {logging_mixin.py:150} INFO - [2024-10-28T17:27:47.810-0700] {example_python_operator.py:90} WARNING - The virtalenv_python example task requires virtualenv, please install it.
[2024-10-28T17:27:47.812-0700] {processor.py:836} INFO - DAG(s) dict_keys(['example_python_operator']) retrieved from /Users/saiprasadreddykolan/airflow_venv/lib/python3.10/site-packages/airflow/example_dags/example_python_operator.py
[2024-10-28T17:27:48.032-0700] {logging_mixin.py:150} INFO - [2024-10-28T17:27:48.032-0700] {dag.py:2742} INFO - Sync 1 DAGs
[2024-10-28T17:27:48.038-0700] {logging_mixin.py:150} INFO - [2024-10-28T17:27:48.038-0700] {dag.py:3504} INFO - Setting next_dagrun for example_python_operator to None, run_after=None
[2024-10-28T17:27:48.045-0700] {processor.py:179} INFO - Processing /Users/saiprasadreddykolan/airflow_venv/lib/python3.10/site-packages/airflow/example_dags/example_python_operator.py took 0.255 seconds
[2024-10-28T17:29:19.670-0700] {processor.py:157} INFO - Started process (PID=71102) to work on /Users/saiprasadreddykolan/airflow_venv/lib/python3.10/site-packages/airflow/example_dags/example_python_operator.py
[2024-10-28T17:29:19.672-0700] {processor.py:826} INFO - Processing file /Users/saiprasadreddykolan/airflow_venv/lib/python3.10/site-packages/airflow/example_dags/example_python_operator.py for tasks to queue
[2024-10-28T17:29:19.672-0700] {logging_mixin.py:150} INFO - [2024-10-28T17:29:19.672-0700] {dagbag.py:541} INFO - Filling up the DagBag from /Users/saiprasadreddykolan/airflow_venv/lib/python3.10/site-packages/airflow/example_dags/example_python_operator.py
[2024-10-28T17:29:19.689-0700] {logging_mixin.py:150} INFO - [2024-10-28T17:29:19.689-0700] {example_python_operator.py:90} WARNING - The virtalenv_python example task requires virtualenv, please install it.
[2024-10-28T17:29:19.692-0700] {processor.py:836} INFO - DAG(s) dict_keys(['example_python_operator']) retrieved from /Users/saiprasadreddykolan/airflow_venv/lib/python3.10/site-packages/airflow/example_dags/example_python_operator.py
[2024-10-28T17:29:19.917-0700] {logging_mixin.py:150} INFO - [2024-10-28T17:29:19.917-0700] {dag.py:2742} INFO - Sync 1 DAGs
[2024-10-28T17:29:19.923-0700] {logging_mixin.py:150} INFO - [2024-10-28T17:29:19.922-0700] {dag.py:3504} INFO - Setting next_dagrun for example_python_operator to None, run_after=None
[2024-10-28T17:29:19.929-0700] {processor.py:179} INFO - Processing /Users/saiprasadreddykolan/airflow_venv/lib/python3.10/site-packages/airflow/example_dags/example_python_operator.py took 0.259 seconds
[2024-10-28T17:30:57.295-0700] {processor.py:157} INFO - Started process (PID=71172) to work on /Users/saiprasadreddykolan/airflow_venv/lib/python3.10/site-packages/airflow/example_dags/example_python_operator.py
[2024-10-28T17:30:57.298-0700] {processor.py:826} INFO - Processing file /Users/saiprasadreddykolan/airflow_venv/lib/python3.10/site-packages/airflow/example_dags/example_python_operator.py for tasks to queue
[2024-10-28T17:30:57.298-0700] {logging_mixin.py:150} INFO - [2024-10-28T17:30:57.298-0700] {dagbag.py:541} INFO - Filling up the DagBag from /Users/saiprasadreddykolan/airflow_venv/lib/python3.10/site-packages/airflow/example_dags/example_python_operator.py
[2024-10-28T17:30:57.314-0700] {logging_mixin.py:150} INFO - [2024-10-28T17:30:57.314-0700] {example_python_operator.py:90} WARNING - The virtalenv_python example task requires virtualenv, please install it.
[2024-10-28T17:30:57.316-0700] {processor.py:836} INFO - DAG(s) dict_keys(['example_python_operator']) retrieved from /Users/saiprasadreddykolan/airflow_venv/lib/python3.10/site-packages/airflow/example_dags/example_python_operator.py
[2024-10-28T17:30:57.538-0700] {logging_mixin.py:150} INFO - [2024-10-28T17:30:57.537-0700] {dag.py:2742} INFO - Sync 1 DAGs
[2024-10-28T17:30:57.543-0700] {logging_mixin.py:150} INFO - [2024-10-28T17:30:57.543-0700] {dag.py:3504} INFO - Setting next_dagrun for example_python_operator to None, run_after=None
[2024-10-28T17:30:57.551-0700] {processor.py:179} INFO - Processing /Users/saiprasadreddykolan/airflow_venv/lib/python3.10/site-packages/airflow/example_dags/example_python_operator.py took 0.256 seconds
[2024-10-28T17:32:26.667-0700] {processor.py:157} INFO - Started process (PID=71237) to work on /Users/saiprasadreddykolan/airflow_venv/lib/python3.10/site-packages/airflow/example_dags/example_python_operator.py
[2024-10-28T17:32:26.670-0700] {processor.py:826} INFO - Processing file /Users/saiprasadreddykolan/airflow_venv/lib/python3.10/site-packages/airflow/example_dags/example_python_operator.py for tasks to queue
[2024-10-28T17:32:26.670-0700] {logging_mixin.py:150} INFO - [2024-10-28T17:32:26.670-0700] {dagbag.py:541} INFO - Filling up the DagBag from /Users/saiprasadreddykolan/airflow_venv/lib/python3.10/site-packages/airflow/example_dags/example_python_operator.py
[2024-10-28T17:32:26.686-0700] {logging_mixin.py:150} INFO - [2024-10-28T17:32:26.686-0700] {example_python_operator.py:90} WARNING - The virtalenv_python example task requires virtualenv, please install it.
[2024-10-28T17:32:26.688-0700] {processor.py:836} INFO - DAG(s) dict_keys(['example_python_operator']) retrieved from /Users/saiprasadreddykolan/airflow_venv/lib/python3.10/site-packages/airflow/example_dags/example_python_operator.py
[2024-10-28T17:32:26.903-0700] {logging_mixin.py:150} INFO - [2024-10-28T17:32:26.903-0700] {dag.py:2742} INFO - Sync 1 DAGs
[2024-10-28T17:32:26.908-0700] {logging_mixin.py:150} INFO - [2024-10-28T17:32:26.908-0700] {dag.py:3504} INFO - Setting next_dagrun for example_python_operator to None, run_after=None
[2024-10-28T17:32:26.915-0700] {processor.py:179} INFO - Processing /Users/saiprasadreddykolan/airflow_venv/lib/python3.10/site-packages/airflow/example_dags/example_python_operator.py took 0.248 seconds
[2024-10-28T17:34:03.220-0700] {processor.py:157} INFO - Started process (PID=71308) to work on /Users/saiprasadreddykolan/airflow_venv/lib/python3.10/site-packages/airflow/example_dags/example_python_operator.py
[2024-10-28T17:34:03.222-0700] {processor.py:826} INFO - Processing file /Users/saiprasadreddykolan/airflow_venv/lib/python3.10/site-packages/airflow/example_dags/example_python_operator.py for tasks to queue
[2024-10-28T17:34:03.223-0700] {logging_mixin.py:150} INFO - [2024-10-28T17:34:03.223-0700] {dagbag.py:541} INFO - Filling up the DagBag from /Users/saiprasadreddykolan/airflow_venv/lib/python3.10/site-packages/airflow/example_dags/example_python_operator.py
[2024-10-28T17:34:03.239-0700] {logging_mixin.py:150} INFO - [2024-10-28T17:34:03.239-0700] {example_python_operator.py:90} WARNING - The virtalenv_python example task requires virtualenv, please install it.
[2024-10-28T17:34:03.241-0700] {processor.py:836} INFO - DAG(s) dict_keys(['example_python_operator']) retrieved from /Users/saiprasadreddykolan/airflow_venv/lib/python3.10/site-packages/airflow/example_dags/example_python_operator.py
[2024-10-28T17:34:03.456-0700] {logging_mixin.py:150} INFO - [2024-10-28T17:34:03.456-0700] {dag.py:2742} INFO - Sync 1 DAGs
[2024-10-28T17:34:03.462-0700] {logging_mixin.py:150} INFO - [2024-10-28T17:34:03.461-0700] {dag.py:3504} INFO - Setting next_dagrun for example_python_operator to None, run_after=None
[2024-10-28T17:34:03.468-0700] {processor.py:179} INFO - Processing /Users/saiprasadreddykolan/airflow_venv/lib/python3.10/site-packages/airflow/example_dags/example_python_operator.py took 0.248 seconds
[2024-10-28T17:35:39.067-0700] {processor.py:157} INFO - Started process (PID=71371) to work on /Users/saiprasadreddykolan/airflow_venv/lib/python3.10/site-packages/airflow/example_dags/example_python_operator.py
[2024-10-28T17:35:39.070-0700] {processor.py:826} INFO - Processing file /Users/saiprasadreddykolan/airflow_venv/lib/python3.10/site-packages/airflow/example_dags/example_python_operator.py for tasks to queue
[2024-10-28T17:35:39.070-0700] {logging_mixin.py:150} INFO - [2024-10-28T17:35:39.070-0700] {dagbag.py:541} INFO - Filling up the DagBag from /Users/saiprasadreddykolan/airflow_venv/lib/python3.10/site-packages/airflow/example_dags/example_python_operator.py
[2024-10-28T17:35:39.085-0700] {logging_mixin.py:150} INFO - [2024-10-28T17:35:39.085-0700] {example_python_operator.py:90} WARNING - The virtalenv_python example task requires virtualenv, please install it.
[2024-10-28T17:35:39.088-0700] {processor.py:836} INFO - DAG(s) dict_keys(['example_python_operator']) retrieved from /Users/saiprasadreddykolan/airflow_venv/lib/python3.10/site-packages/airflow/example_dags/example_python_operator.py
[2024-10-28T17:35:39.303-0700] {logging_mixin.py:150} INFO - [2024-10-28T17:35:39.303-0700] {dag.py:2742} INFO - Sync 1 DAGs
[2024-10-28T17:35:39.308-0700] {logging_mixin.py:150} INFO - [2024-10-28T17:35:39.308-0700] {dag.py:3504} INFO - Setting next_dagrun for example_python_operator to None, run_after=None
[2024-10-28T17:35:39.315-0700] {processor.py:179} INFO - Processing /Users/saiprasadreddykolan/airflow_venv/lib/python3.10/site-packages/airflow/example_dags/example_python_operator.py took 0.248 seconds
[2024-10-28T17:37:13.642-0700] {processor.py:157} INFO - Started process (PID=71445) to work on /Users/saiprasadreddykolan/airflow_venv/lib/python3.10/site-packages/airflow/example_dags/example_python_operator.py
[2024-10-28T17:37:13.644-0700] {processor.py:826} INFO - Processing file /Users/saiprasadreddykolan/airflow_venv/lib/python3.10/site-packages/airflow/example_dags/example_python_operator.py for tasks to queue
[2024-10-28T17:37:13.644-0700] {logging_mixin.py:150} INFO - [2024-10-28T17:37:13.644-0700] {dagbag.py:541} INFO - Filling up the DagBag from /Users/saiprasadreddykolan/airflow_venv/lib/python3.10/site-packages/airflow/example_dags/example_python_operator.py
[2024-10-28T17:37:13.671-0700] {logging_mixin.py:150} INFO - [2024-10-28T17:37:13.671-0700] {example_python_operator.py:90} WARNING - The virtalenv_python example task requires virtualenv, please install it.
[2024-10-28T17:37:13.674-0700] {processor.py:836} INFO - DAG(s) dict_keys(['example_python_operator']) retrieved from /Users/saiprasadreddykolan/airflow_venv/lib/python3.10/site-packages/airflow/example_dags/example_python_operator.py
[2024-10-28T17:37:13.901-0700] {logging_mixin.py:150} INFO - [2024-10-28T17:37:13.901-0700] {dag.py:2742} INFO - Sync 1 DAGs
[2024-10-28T17:37:13.906-0700] {logging_mixin.py:150} INFO - [2024-10-28T17:37:13.906-0700] {dag.py:3504} INFO - Setting next_dagrun for example_python_operator to None, run_after=None
[2024-10-28T17:37:13.912-0700] {processor.py:179} INFO - Processing /Users/saiprasadreddykolan/airflow_venv/lib/python3.10/site-packages/airflow/example_dags/example_python_operator.py took 0.271 seconds
