[2024-10-28T17:00:58.949-0700] {processor.py:157} INFO - Started process (PID=69768) to work on /Users/saiprasadreddykolan/airflow_venv/lib/python3.10/site-packages/airflow/example_dags/example_external_task_marker_dag.py
[2024-10-28T17:00:58.951-0700] {processor.py:826} INFO - Processing file /Users/saiprasadreddykolan/airflow_venv/lib/python3.10/site-packages/airflow/example_dags/example_external_task_marker_dag.py for tasks to queue
[2024-10-28T17:00:58.951-0700] {logging_mixin.py:150} INFO - [2024-10-28T17:00:58.951-0700] {dagbag.py:541} INFO - Filling up the DagBag from /Users/saiprasadreddykolan/airflow_venv/lib/python3.10/site-packages/airflow/example_dags/example_external_task_marker_dag.py
[2024-10-28T17:00:58.958-0700] {processor.py:836} INFO - DAG(s) dict_keys(['example_external_task_marker_parent', 'example_external_task_marker_child']) retrieved from /Users/saiprasadreddykolan/airflow_venv/lib/python3.10/site-packages/airflow/example_dags/example_external_task_marker_dag.py
[2024-10-28T17:00:59.177-0700] {logging_mixin.py:150} INFO - [2024-10-28T17:00:59.177-0700] {dag.py:2742} INFO - Sync 2 DAGs
[2024-10-28T17:00:59.183-0700] {logging_mixin.py:150} INFO - [2024-10-28T17:00:59.183-0700] {dag.py:3504} INFO - Setting next_dagrun for example_external_task_marker_child to None, run_after=None
[2024-10-28T17:00:59.185-0700] {logging_mixin.py:150} INFO - [2024-10-28T17:00:59.184-0700] {dag.py:3504} INFO - Setting next_dagrun for example_external_task_marker_parent to None, run_after=None
[2024-10-28T17:00:59.190-0700] {processor.py:179} INFO - Processing /Users/saiprasadreddykolan/airflow_venv/lib/python3.10/site-packages/airflow/example_dags/example_external_task_marker_dag.py took 0.241 seconds
[2024-10-28T17:02:20.566-0700] {processor.py:157} INFO - Started process (PID=69827) to work on /Users/saiprasadreddykolan/airflow_venv/lib/python3.10/site-packages/airflow/example_dags/example_external_task_marker_dag.py
[2024-10-28T17:02:20.569-0700] {processor.py:826} INFO - Processing file /Users/saiprasadreddykolan/airflow_venv/lib/python3.10/site-packages/airflow/example_dags/example_external_task_marker_dag.py for tasks to queue
[2024-10-28T17:02:20.569-0700] {logging_mixin.py:150} INFO - [2024-10-28T17:02:20.569-0700] {dagbag.py:541} INFO - Filling up the DagBag from /Users/saiprasadreddykolan/airflow_venv/lib/python3.10/site-packages/airflow/example_dags/example_external_task_marker_dag.py
[2024-10-28T17:02:20.576-0700] {processor.py:836} INFO - DAG(s) dict_keys(['example_external_task_marker_parent', 'example_external_task_marker_child']) retrieved from /Users/saiprasadreddykolan/airflow_venv/lib/python3.10/site-packages/airflow/example_dags/example_external_task_marker_dag.py
[2024-10-28T17:02:20.811-0700] {logging_mixin.py:150} INFO - [2024-10-28T17:02:20.811-0700] {dag.py:2742} INFO - Sync 2 DAGs
[2024-10-28T17:02:20.817-0700] {logging_mixin.py:150} INFO - [2024-10-28T17:02:20.817-0700] {dag.py:3504} INFO - Setting next_dagrun for example_external_task_marker_child to None, run_after=None
[2024-10-28T17:02:20.817-0700] {logging_mixin.py:150} INFO - [2024-10-28T17:02:20.817-0700] {dag.py:3504} INFO - Setting next_dagrun for example_external_task_marker_parent to None, run_after=None
[2024-10-28T17:02:20.823-0700] {processor.py:179} INFO - Processing /Users/saiprasadreddykolan/airflow_venv/lib/python3.10/site-packages/airflow/example_dags/example_external_task_marker_dag.py took 0.256 seconds
[2024-10-28T17:03:52.603-0700] {processor.py:157} INFO - Started process (PID=69888) to work on /Users/saiprasadreddykolan/airflow_venv/lib/python3.10/site-packages/airflow/example_dags/example_external_task_marker_dag.py
[2024-10-28T17:03:52.606-0700] {processor.py:826} INFO - Processing file /Users/saiprasadreddykolan/airflow_venv/lib/python3.10/site-packages/airflow/example_dags/example_external_task_marker_dag.py for tasks to queue
[2024-10-28T17:03:52.606-0700] {logging_mixin.py:150} INFO - [2024-10-28T17:03:52.606-0700] {dagbag.py:541} INFO - Filling up the DagBag from /Users/saiprasadreddykolan/airflow_venv/lib/python3.10/site-packages/airflow/example_dags/example_external_task_marker_dag.py
[2024-10-28T17:03:52.613-0700] {processor.py:836} INFO - DAG(s) dict_keys(['example_external_task_marker_child', 'example_external_task_marker_parent']) retrieved from /Users/saiprasadreddykolan/airflow_venv/lib/python3.10/site-packages/airflow/example_dags/example_external_task_marker_dag.py
[2024-10-28T17:03:52.833-0700] {logging_mixin.py:150} INFO - [2024-10-28T17:03:52.833-0700] {dag.py:2742} INFO - Sync 2 DAGs
[2024-10-28T17:03:52.839-0700] {logging_mixin.py:150} INFO - [2024-10-28T17:03:52.839-0700] {dag.py:3504} INFO - Setting next_dagrun for example_external_task_marker_child to None, run_after=None
[2024-10-28T17:03:52.840-0700] {logging_mixin.py:150} INFO - [2024-10-28T17:03:52.840-0700] {dag.py:3504} INFO - Setting next_dagrun for example_external_task_marker_parent to None, run_after=None
[2024-10-28T17:03:52.845-0700] {processor.py:179} INFO - Processing /Users/saiprasadreddykolan/airflow_venv/lib/python3.10/site-packages/airflow/example_dags/example_external_task_marker_dag.py took 0.242 seconds
[2024-10-28T17:05:25.734-0700] {processor.py:157} INFO - Started process (PID=69955) to work on /Users/saiprasadreddykolan/airflow_venv/lib/python3.10/site-packages/airflow/example_dags/example_external_task_marker_dag.py
[2024-10-28T17:05:25.737-0700] {processor.py:826} INFO - Processing file /Users/saiprasadreddykolan/airflow_venv/lib/python3.10/site-packages/airflow/example_dags/example_external_task_marker_dag.py for tasks to queue
[2024-10-28T17:05:25.737-0700] {logging_mixin.py:150} INFO - [2024-10-28T17:05:25.737-0700] {dagbag.py:541} INFO - Filling up the DagBag from /Users/saiprasadreddykolan/airflow_venv/lib/python3.10/site-packages/airflow/example_dags/example_external_task_marker_dag.py
[2024-10-28T17:05:25.745-0700] {processor.py:836} INFO - DAG(s) dict_keys(['example_external_task_marker_parent', 'example_external_task_marker_child']) retrieved from /Users/saiprasadreddykolan/airflow_venv/lib/python3.10/site-packages/airflow/example_dags/example_external_task_marker_dag.py
[2024-10-28T17:05:25.973-0700] {logging_mixin.py:150} INFO - [2024-10-28T17:05:25.973-0700] {dag.py:2742} INFO - Sync 2 DAGs
[2024-10-28T17:05:25.980-0700] {logging_mixin.py:150} INFO - [2024-10-28T17:05:25.980-0700] {dag.py:3504} INFO - Setting next_dagrun for example_external_task_marker_child to None, run_after=None
[2024-10-28T17:05:25.981-0700] {logging_mixin.py:150} INFO - [2024-10-28T17:05:25.981-0700] {dag.py:3504} INFO - Setting next_dagrun for example_external_task_marker_parent to None, run_after=None
[2024-10-28T17:05:25.987-0700] {processor.py:179} INFO - Processing /Users/saiprasadreddykolan/airflow_venv/lib/python3.10/site-packages/airflow/example_dags/example_external_task_marker_dag.py took 0.252 seconds
[2024-10-28T17:06:59.741-0700] {processor.py:157} INFO - Started process (PID=70021) to work on /Users/saiprasadreddykolan/airflow_venv/lib/python3.10/site-packages/airflow/example_dags/example_external_task_marker_dag.py
[2024-10-28T17:06:59.743-0700] {processor.py:826} INFO - Processing file /Users/saiprasadreddykolan/airflow_venv/lib/python3.10/site-packages/airflow/example_dags/example_external_task_marker_dag.py for tasks to queue
[2024-10-28T17:06:59.743-0700] {logging_mixin.py:150} INFO - [2024-10-28T17:06:59.743-0700] {dagbag.py:541} INFO - Filling up the DagBag from /Users/saiprasadreddykolan/airflow_venv/lib/python3.10/site-packages/airflow/example_dags/example_external_task_marker_dag.py
[2024-10-28T17:06:59.750-0700] {processor.py:836} INFO - DAG(s) dict_keys(['example_external_task_marker_parent', 'example_external_task_marker_child']) retrieved from /Users/saiprasadreddykolan/airflow_venv/lib/python3.10/site-packages/airflow/example_dags/example_external_task_marker_dag.py
[2024-10-28T17:06:59.971-0700] {logging_mixin.py:150} INFO - [2024-10-28T17:06:59.970-0700] {dag.py:2742} INFO - Sync 2 DAGs
[2024-10-28T17:06:59.976-0700] {logging_mixin.py:150} INFO - [2024-10-28T17:06:59.976-0700] {dag.py:3504} INFO - Setting next_dagrun for example_external_task_marker_child to None, run_after=None
[2024-10-28T17:06:59.978-0700] {logging_mixin.py:150} INFO - [2024-10-28T17:06:59.978-0700] {dag.py:3504} INFO - Setting next_dagrun for example_external_task_marker_parent to None, run_after=None
[2024-10-28T17:06:59.985-0700] {processor.py:179} INFO - Processing /Users/saiprasadreddykolan/airflow_venv/lib/python3.10/site-packages/airflow/example_dags/example_external_task_marker_dag.py took 0.244 seconds
[2024-10-28T17:08:24.688-0700] {processor.py:157} INFO - Started process (PID=70081) to work on /Users/saiprasadreddykolan/airflow_venv/lib/python3.10/site-packages/airflow/example_dags/example_external_task_marker_dag.py
[2024-10-28T17:08:24.691-0700] {processor.py:826} INFO - Processing file /Users/saiprasadreddykolan/airflow_venv/lib/python3.10/site-packages/airflow/example_dags/example_external_task_marker_dag.py for tasks to queue
[2024-10-28T17:08:24.691-0700] {logging_mixin.py:150} INFO - [2024-10-28T17:08:24.691-0700] {dagbag.py:541} INFO - Filling up the DagBag from /Users/saiprasadreddykolan/airflow_venv/lib/python3.10/site-packages/airflow/example_dags/example_external_task_marker_dag.py
[2024-10-28T17:08:24.698-0700] {processor.py:836} INFO - DAG(s) dict_keys(['example_external_task_marker_child', 'example_external_task_marker_parent']) retrieved from /Users/saiprasadreddykolan/airflow_venv/lib/python3.10/site-packages/airflow/example_dags/example_external_task_marker_dag.py
[2024-10-28T17:08:24.918-0700] {logging_mixin.py:150} INFO - [2024-10-28T17:08:24.918-0700] {dag.py:2742} INFO - Sync 2 DAGs
[2024-10-28T17:08:24.924-0700] {logging_mixin.py:150} INFO - [2024-10-28T17:08:24.924-0700] {dag.py:3504} INFO - Setting next_dagrun for example_external_task_marker_child to None, run_after=None
[2024-10-28T17:08:24.926-0700] {logging_mixin.py:150} INFO - [2024-10-28T17:08:24.926-0700] {dag.py:3504} INFO - Setting next_dagrun for example_external_task_marker_parent to None, run_after=None
[2024-10-28T17:08:24.931-0700] {processor.py:179} INFO - Processing /Users/saiprasadreddykolan/airflow_venv/lib/python3.10/site-packages/airflow/example_dags/example_external_task_marker_dag.py took 0.243 seconds
[2024-10-28T17:09:59.378-0700] {processor.py:157} INFO - Started process (PID=70140) to work on /Users/saiprasadreddykolan/airflow_venv/lib/python3.10/site-packages/airflow/example_dags/example_external_task_marker_dag.py
[2024-10-28T17:09:59.380-0700] {processor.py:826} INFO - Processing file /Users/saiprasadreddykolan/airflow_venv/lib/python3.10/site-packages/airflow/example_dags/example_external_task_marker_dag.py for tasks to queue
[2024-10-28T17:09:59.380-0700] {logging_mixin.py:150} INFO - [2024-10-28T17:09:59.380-0700] {dagbag.py:541} INFO - Filling up the DagBag from /Users/saiprasadreddykolan/airflow_venv/lib/python3.10/site-packages/airflow/example_dags/example_external_task_marker_dag.py
[2024-10-28T17:09:59.387-0700] {processor.py:836} INFO - DAG(s) dict_keys(['example_external_task_marker_child', 'example_external_task_marker_parent']) retrieved from /Users/saiprasadreddykolan/airflow_venv/lib/python3.10/site-packages/airflow/example_dags/example_external_task_marker_dag.py
[2024-10-28T17:09:59.617-0700] {logging_mixin.py:150} INFO - [2024-10-28T17:09:59.617-0700] {dag.py:2742} INFO - Sync 2 DAGs
[2024-10-28T17:09:59.623-0700] {logging_mixin.py:150} INFO - [2024-10-28T17:09:59.623-0700] {dag.py:3504} INFO - Setting next_dagrun for example_external_task_marker_child to None, run_after=None
[2024-10-28T17:09:59.624-0700] {logging_mixin.py:150} INFO - [2024-10-28T17:09:59.624-0700] {dag.py:3504} INFO - Setting next_dagrun for example_external_task_marker_parent to None, run_after=None
[2024-10-28T17:09:59.630-0700] {processor.py:179} INFO - Processing /Users/saiprasadreddykolan/airflow_venv/lib/python3.10/site-packages/airflow/example_dags/example_external_task_marker_dag.py took 0.252 seconds
[2024-10-28T17:11:32.928-0700] {processor.py:157} INFO - Started process (PID=70200) to work on /Users/saiprasadreddykolan/airflow_venv/lib/python3.10/site-packages/airflow/example_dags/example_external_task_marker_dag.py
[2024-10-28T17:11:32.931-0700] {processor.py:826} INFO - Processing file /Users/saiprasadreddykolan/airflow_venv/lib/python3.10/site-packages/airflow/example_dags/example_external_task_marker_dag.py for tasks to queue
[2024-10-28T17:11:32.931-0700] {logging_mixin.py:150} INFO - [2024-10-28T17:11:32.931-0700] {dagbag.py:541} INFO - Filling up the DagBag from /Users/saiprasadreddykolan/airflow_venv/lib/python3.10/site-packages/airflow/example_dags/example_external_task_marker_dag.py
[2024-10-28T17:11:32.938-0700] {processor.py:836} INFO - DAG(s) dict_keys(['example_external_task_marker_parent', 'example_external_task_marker_child']) retrieved from /Users/saiprasadreddykolan/airflow_venv/lib/python3.10/site-packages/airflow/example_dags/example_external_task_marker_dag.py
[2024-10-28T17:11:33.157-0700] {logging_mixin.py:150} INFO - [2024-10-28T17:11:33.156-0700] {dag.py:2742} INFO - Sync 2 DAGs
[2024-10-28T17:11:33.162-0700] {logging_mixin.py:150} INFO - [2024-10-28T17:11:33.162-0700] {dag.py:3504} INFO - Setting next_dagrun for example_external_task_marker_child to None, run_after=None
[2024-10-28T17:11:33.163-0700] {logging_mixin.py:150} INFO - [2024-10-28T17:11:33.163-0700] {dag.py:3504} INFO - Setting next_dagrun for example_external_task_marker_parent to None, run_after=None
[2024-10-28T17:11:33.169-0700] {processor.py:179} INFO - Processing /Users/saiprasadreddykolan/airflow_venv/lib/python3.10/site-packages/airflow/example_dags/example_external_task_marker_dag.py took 0.240 seconds
[2024-10-28T17:13:01.034-0700] {processor.py:157} INFO - Started process (PID=70259) to work on /Users/saiprasadreddykolan/airflow_venv/lib/python3.10/site-packages/airflow/example_dags/example_external_task_marker_dag.py
[2024-10-28T17:13:01.036-0700] {processor.py:826} INFO - Processing file /Users/saiprasadreddykolan/airflow_venv/lib/python3.10/site-packages/airflow/example_dags/example_external_task_marker_dag.py for tasks to queue
[2024-10-28T17:13:01.037-0700] {logging_mixin.py:150} INFO - [2024-10-28T17:13:01.037-0700] {dagbag.py:541} INFO - Filling up the DagBag from /Users/saiprasadreddykolan/airflow_venv/lib/python3.10/site-packages/airflow/example_dags/example_external_task_marker_dag.py
[2024-10-28T17:13:01.043-0700] {processor.py:836} INFO - DAG(s) dict_keys(['example_external_task_marker_parent', 'example_external_task_marker_child']) retrieved from /Users/saiprasadreddykolan/airflow_venv/lib/python3.10/site-packages/airflow/example_dags/example_external_task_marker_dag.py
[2024-10-28T17:13:01.268-0700] {logging_mixin.py:150} INFO - [2024-10-28T17:13:01.267-0700] {dag.py:2742} INFO - Sync 2 DAGs
[2024-10-28T17:13:01.273-0700] {logging_mixin.py:150} INFO - [2024-10-28T17:13:01.273-0700] {dag.py:3504} INFO - Setting next_dagrun for example_external_task_marker_child to None, run_after=None
[2024-10-28T17:13:01.275-0700] {logging_mixin.py:150} INFO - [2024-10-28T17:13:01.275-0700] {dag.py:3504} INFO - Setting next_dagrun for example_external_task_marker_parent to None, run_after=None
[2024-10-28T17:13:01.280-0700] {processor.py:179} INFO - Processing /Users/saiprasadreddykolan/airflow_venv/lib/python3.10/site-packages/airflow/example_dags/example_external_task_marker_dag.py took 0.246 seconds
[2024-10-28T17:14:27.491-0700] {processor.py:157} INFO - Started process (PID=70320) to work on /Users/saiprasadreddykolan/airflow_venv/lib/python3.10/site-packages/airflow/example_dags/example_external_task_marker_dag.py
[2024-10-28T17:14:27.493-0700] {processor.py:826} INFO - Processing file /Users/saiprasadreddykolan/airflow_venv/lib/python3.10/site-packages/airflow/example_dags/example_external_task_marker_dag.py for tasks to queue
[2024-10-28T17:14:27.494-0700] {logging_mixin.py:150} INFO - [2024-10-28T17:14:27.494-0700] {dagbag.py:541} INFO - Filling up the DagBag from /Users/saiprasadreddykolan/airflow_venv/lib/python3.10/site-packages/airflow/example_dags/example_external_task_marker_dag.py
[2024-10-28T17:14:27.501-0700] {processor.py:836} INFO - DAG(s) dict_keys(['example_external_task_marker_parent', 'example_external_task_marker_child']) retrieved from /Users/saiprasadreddykolan/airflow_venv/lib/python3.10/site-packages/airflow/example_dags/example_external_task_marker_dag.py
[2024-10-28T17:14:27.734-0700] {logging_mixin.py:150} INFO - [2024-10-28T17:14:27.734-0700] {dag.py:2742} INFO - Sync 2 DAGs
[2024-10-28T17:14:27.741-0700] {logging_mixin.py:150} INFO - [2024-10-28T17:14:27.741-0700] {dag.py:3504} INFO - Setting next_dagrun for example_external_task_marker_child to None, run_after=None
[2024-10-28T17:14:27.743-0700] {logging_mixin.py:150} INFO - [2024-10-28T17:14:27.743-0700] {dag.py:3504} INFO - Setting next_dagrun for example_external_task_marker_parent to None, run_after=None
[2024-10-28T17:14:27.748-0700] {processor.py:179} INFO - Processing /Users/saiprasadreddykolan/airflow_venv/lib/python3.10/site-packages/airflow/example_dags/example_external_task_marker_dag.py took 0.257 seconds
[2024-10-28T17:16:02.778-0700] {processor.py:157} INFO - Started process (PID=70397) to work on /Users/saiprasadreddykolan/airflow_venv/lib/python3.10/site-packages/airflow/example_dags/example_external_task_marker_dag.py
[2024-10-28T17:16:02.781-0700] {processor.py:826} INFO - Processing file /Users/saiprasadreddykolan/airflow_venv/lib/python3.10/site-packages/airflow/example_dags/example_external_task_marker_dag.py for tasks to queue
[2024-10-28T17:16:02.781-0700] {logging_mixin.py:150} INFO - [2024-10-28T17:16:02.781-0700] {dagbag.py:541} INFO - Filling up the DagBag from /Users/saiprasadreddykolan/airflow_venv/lib/python3.10/site-packages/airflow/example_dags/example_external_task_marker_dag.py
[2024-10-28T17:16:02.789-0700] {processor.py:836} INFO - DAG(s) dict_keys(['example_external_task_marker_parent', 'example_external_task_marker_child']) retrieved from /Users/saiprasadreddykolan/airflow_venv/lib/python3.10/site-packages/airflow/example_dags/example_external_task_marker_dag.py
[2024-10-28T17:16:03.013-0700] {logging_mixin.py:150} INFO - [2024-10-28T17:16:03.013-0700] {dag.py:2742} INFO - Sync 2 DAGs
[2024-10-28T17:16:03.019-0700] {logging_mixin.py:150} INFO - [2024-10-28T17:16:03.019-0700] {dag.py:3504} INFO - Setting next_dagrun for example_external_task_marker_child to None, run_after=None
[2024-10-28T17:16:03.020-0700] {logging_mixin.py:150} INFO - [2024-10-28T17:16:03.020-0700] {dag.py:3504} INFO - Setting next_dagrun for example_external_task_marker_parent to None, run_after=None
[2024-10-28T17:16:03.026-0700] {processor.py:179} INFO - Processing /Users/saiprasadreddykolan/airflow_venv/lib/python3.10/site-packages/airflow/example_dags/example_external_task_marker_dag.py took 0.247 seconds
[2024-10-28T17:17:38.127-0700] {processor.py:157} INFO - Started process (PID=70508) to work on /Users/saiprasadreddykolan/airflow_venv/lib/python3.10/site-packages/airflow/example_dags/example_external_task_marker_dag.py
[2024-10-28T17:17:38.130-0700] {processor.py:826} INFO - Processing file /Users/saiprasadreddykolan/airflow_venv/lib/python3.10/site-packages/airflow/example_dags/example_external_task_marker_dag.py for tasks to queue
[2024-10-28T17:17:38.130-0700] {logging_mixin.py:150} INFO - [2024-10-28T17:17:38.130-0700] {dagbag.py:541} INFO - Filling up the DagBag from /Users/saiprasadreddykolan/airflow_venv/lib/python3.10/site-packages/airflow/example_dags/example_external_task_marker_dag.py
[2024-10-28T17:17:38.137-0700] {processor.py:836} INFO - DAG(s) dict_keys(['example_external_task_marker_parent', 'example_external_task_marker_child']) retrieved from /Users/saiprasadreddykolan/airflow_venv/lib/python3.10/site-packages/airflow/example_dags/example_external_task_marker_dag.py
[2024-10-28T17:17:38.356-0700] {logging_mixin.py:150} INFO - [2024-10-28T17:17:38.356-0700] {dag.py:2742} INFO - Sync 2 DAGs
[2024-10-28T17:17:38.362-0700] {logging_mixin.py:150} INFO - [2024-10-28T17:17:38.362-0700] {dag.py:3504} INFO - Setting next_dagrun for example_external_task_marker_child to None, run_after=None
[2024-10-28T17:17:38.363-0700] {logging_mixin.py:150} INFO - [2024-10-28T17:17:38.363-0700] {dag.py:3504} INFO - Setting next_dagrun for example_external_task_marker_parent to None, run_after=None
[2024-10-28T17:17:38.370-0700] {processor.py:179} INFO - Processing /Users/saiprasadreddykolan/airflow_venv/lib/python3.10/site-packages/airflow/example_dags/example_external_task_marker_dag.py took 0.243 seconds
[2024-10-28T17:19:10.658-0700] {processor.py:157} INFO - Started process (PID=70578) to work on /Users/saiprasadreddykolan/airflow_venv/lib/python3.10/site-packages/airflow/example_dags/example_external_task_marker_dag.py
[2024-10-28T17:19:10.660-0700] {processor.py:826} INFO - Processing file /Users/saiprasadreddykolan/airflow_venv/lib/python3.10/site-packages/airflow/example_dags/example_external_task_marker_dag.py for tasks to queue
[2024-10-28T17:19:10.661-0700] {logging_mixin.py:150} INFO - [2024-10-28T17:19:10.661-0700] {dagbag.py:541} INFO - Filling up the DagBag from /Users/saiprasadreddykolan/airflow_venv/lib/python3.10/site-packages/airflow/example_dags/example_external_task_marker_dag.py
[2024-10-28T17:19:10.668-0700] {processor.py:836} INFO - DAG(s) dict_keys(['example_external_task_marker_child', 'example_external_task_marker_parent']) retrieved from /Users/saiprasadreddykolan/airflow_venv/lib/python3.10/site-packages/airflow/example_dags/example_external_task_marker_dag.py
[2024-10-28T17:19:10.901-0700] {logging_mixin.py:150} INFO - [2024-10-28T17:19:10.901-0700] {dag.py:2742} INFO - Sync 2 DAGs
[2024-10-28T17:19:10.907-0700] {logging_mixin.py:150} INFO - [2024-10-28T17:19:10.907-0700] {dag.py:3504} INFO - Setting next_dagrun for example_external_task_marker_child to None, run_after=None
[2024-10-28T17:19:10.908-0700] {logging_mixin.py:150} INFO - [2024-10-28T17:19:10.908-0700] {dag.py:3504} INFO - Setting next_dagrun for example_external_task_marker_parent to None, run_after=None
[2024-10-28T17:19:10.914-0700] {processor.py:179} INFO - Processing /Users/saiprasadreddykolan/airflow_venv/lib/python3.10/site-packages/airflow/example_dags/example_external_task_marker_dag.py took 0.257 seconds
[2024-10-28T17:20:45.499-0700] {processor.py:157} INFO - Started process (PID=70660) to work on /Users/saiprasadreddykolan/airflow_venv/lib/python3.10/site-packages/airflow/example_dags/example_external_task_marker_dag.py
[2024-10-28T17:20:45.501-0700] {processor.py:826} INFO - Processing file /Users/saiprasadreddykolan/airflow_venv/lib/python3.10/site-packages/airflow/example_dags/example_external_task_marker_dag.py for tasks to queue
[2024-10-28T17:20:45.501-0700] {logging_mixin.py:150} INFO - [2024-10-28T17:20:45.501-0700] {dagbag.py:541} INFO - Filling up the DagBag from /Users/saiprasadreddykolan/airflow_venv/lib/python3.10/site-packages/airflow/example_dags/example_external_task_marker_dag.py
[2024-10-28T17:20:45.508-0700] {processor.py:836} INFO - DAG(s) dict_keys(['example_external_task_marker_parent', 'example_external_task_marker_child']) retrieved from /Users/saiprasadreddykolan/airflow_venv/lib/python3.10/site-packages/airflow/example_dags/example_external_task_marker_dag.py
[2024-10-28T17:20:45.747-0700] {logging_mixin.py:150} INFO - [2024-10-28T17:20:45.746-0700] {dag.py:2742} INFO - Sync 2 DAGs
[2024-10-28T17:20:45.754-0700] {logging_mixin.py:150} INFO - [2024-10-28T17:20:45.753-0700] {dag.py:3504} INFO - Setting next_dagrun for example_external_task_marker_child to None, run_after=None
[2024-10-28T17:20:45.754-0700] {logging_mixin.py:150} INFO - [2024-10-28T17:20:45.754-0700] {dag.py:3504} INFO - Setting next_dagrun for example_external_task_marker_parent to None, run_after=None
[2024-10-28T17:20:45.760-0700] {processor.py:179} INFO - Processing /Users/saiprasadreddykolan/airflow_venv/lib/python3.10/site-packages/airflow/example_dags/example_external_task_marker_dag.py took 0.262 seconds
[2024-10-28T17:22:17.398-0700] {processor.py:157} INFO - Started process (PID=70723) to work on /Users/saiprasadreddykolan/airflow_venv/lib/python3.10/site-packages/airflow/example_dags/example_external_task_marker_dag.py
[2024-10-28T17:22:17.401-0700] {processor.py:826} INFO - Processing file /Users/saiprasadreddykolan/airflow_venv/lib/python3.10/site-packages/airflow/example_dags/example_external_task_marker_dag.py for tasks to queue
[2024-10-28T17:22:17.401-0700] {logging_mixin.py:150} INFO - [2024-10-28T17:22:17.401-0700] {dagbag.py:541} INFO - Filling up the DagBag from /Users/saiprasadreddykolan/airflow_venv/lib/python3.10/site-packages/airflow/example_dags/example_external_task_marker_dag.py
[2024-10-28T17:22:17.409-0700] {processor.py:836} INFO - DAG(s) dict_keys(['example_external_task_marker_child', 'example_external_task_marker_parent']) retrieved from /Users/saiprasadreddykolan/airflow_venv/lib/python3.10/site-packages/airflow/example_dags/example_external_task_marker_dag.py
[2024-10-28T17:22:17.642-0700] {logging_mixin.py:150} INFO - [2024-10-28T17:22:17.642-0700] {dag.py:2742} INFO - Sync 2 DAGs
[2024-10-28T17:22:17.648-0700] {logging_mixin.py:150} INFO - [2024-10-28T17:22:17.648-0700] {dag.py:3504} INFO - Setting next_dagrun for example_external_task_marker_child to None, run_after=None
[2024-10-28T17:22:17.649-0700] {logging_mixin.py:150} INFO - [2024-10-28T17:22:17.649-0700] {dag.py:3504} INFO - Setting next_dagrun for example_external_task_marker_parent to None, run_after=None
[2024-10-28T17:22:17.654-0700] {processor.py:179} INFO - Processing /Users/saiprasadreddykolan/airflow_venv/lib/python3.10/site-packages/airflow/example_dags/example_external_task_marker_dag.py took 0.257 seconds
[2024-10-28T17:23:40.898-0700] {processor.py:157} INFO - Started process (PID=70815) to work on /Users/saiprasadreddykolan/airflow_venv/lib/python3.10/site-packages/airflow/example_dags/example_external_task_marker_dag.py
[2024-10-28T17:23:40.901-0700] {processor.py:826} INFO - Processing file /Users/saiprasadreddykolan/airflow_venv/lib/python3.10/site-packages/airflow/example_dags/example_external_task_marker_dag.py for tasks to queue
[2024-10-28T17:23:40.901-0700] {logging_mixin.py:150} INFO - [2024-10-28T17:23:40.901-0700] {dagbag.py:541} INFO - Filling up the DagBag from /Users/saiprasadreddykolan/airflow_venv/lib/python3.10/site-packages/airflow/example_dags/example_external_task_marker_dag.py
[2024-10-28T17:23:40.908-0700] {processor.py:836} INFO - DAG(s) dict_keys(['example_external_task_marker_parent', 'example_external_task_marker_child']) retrieved from /Users/saiprasadreddykolan/airflow_venv/lib/python3.10/site-packages/airflow/example_dags/example_external_task_marker_dag.py
[2024-10-28T17:23:41.129-0700] {logging_mixin.py:150} INFO - [2024-10-28T17:23:41.129-0700] {dag.py:2742} INFO - Sync 2 DAGs
[2024-10-28T17:23:41.135-0700] {logging_mixin.py:150} INFO - [2024-10-28T17:23:41.135-0700] {dag.py:3504} INFO - Setting next_dagrun for example_external_task_marker_child to None, run_after=None
[2024-10-28T17:23:41.136-0700] {logging_mixin.py:150} INFO - [2024-10-28T17:23:41.136-0700] {dag.py:3504} INFO - Setting next_dagrun for example_external_task_marker_parent to None, run_after=None
[2024-10-28T17:23:41.141-0700] {processor.py:179} INFO - Processing /Users/saiprasadreddykolan/airflow_venv/lib/python3.10/site-packages/airflow/example_dags/example_external_task_marker_dag.py took 0.244 seconds
[2024-10-28T17:25:20.932-0700] {processor.py:157} INFO - Started process (PID=70905) to work on /Users/saiprasadreddykolan/airflow_venv/lib/python3.10/site-packages/airflow/example_dags/example_external_task_marker_dag.py
[2024-10-28T17:25:20.934-0700] {processor.py:826} INFO - Processing file /Users/saiprasadreddykolan/airflow_venv/lib/python3.10/site-packages/airflow/example_dags/example_external_task_marker_dag.py for tasks to queue
[2024-10-28T17:25:20.935-0700] {logging_mixin.py:150} INFO - [2024-10-28T17:25:20.935-0700] {dagbag.py:541} INFO - Filling up the DagBag from /Users/saiprasadreddykolan/airflow_venv/lib/python3.10/site-packages/airflow/example_dags/example_external_task_marker_dag.py
[2024-10-28T17:25:20.942-0700] {processor.py:836} INFO - DAG(s) dict_keys(['example_external_task_marker_parent', 'example_external_task_marker_child']) retrieved from /Users/saiprasadreddykolan/airflow_venv/lib/python3.10/site-packages/airflow/example_dags/example_external_task_marker_dag.py
[2024-10-28T17:25:21.174-0700] {logging_mixin.py:150} INFO - [2024-10-28T17:25:21.174-0700] {dag.py:2742} INFO - Sync 2 DAGs
[2024-10-28T17:25:21.181-0700] {logging_mixin.py:150} INFO - [2024-10-28T17:25:21.181-0700] {dag.py:3504} INFO - Setting next_dagrun for example_external_task_marker_child to None, run_after=None
[2024-10-28T17:25:21.183-0700] {logging_mixin.py:150} INFO - [2024-10-28T17:25:21.183-0700] {dag.py:3504} INFO - Setting next_dagrun for example_external_task_marker_parent to None, run_after=None
[2024-10-28T17:25:21.189-0700] {processor.py:179} INFO - Processing /Users/saiprasadreddykolan/airflow_venv/lib/python3.10/site-packages/airflow/example_dags/example_external_task_marker_dag.py took 0.257 seconds
[2024-10-28T17:26:52.974-0700] {processor.py:157} INFO - Started process (PID=70988) to work on /Users/saiprasadreddykolan/airflow_venv/lib/python3.10/site-packages/airflow/example_dags/example_external_task_marker_dag.py
[2024-10-28T17:26:52.976-0700] {processor.py:826} INFO - Processing file /Users/saiprasadreddykolan/airflow_venv/lib/python3.10/site-packages/airflow/example_dags/example_external_task_marker_dag.py for tasks to queue
[2024-10-28T17:26:52.977-0700] {logging_mixin.py:150} INFO - [2024-10-28T17:26:52.976-0700] {dagbag.py:541} INFO - Filling up the DagBag from /Users/saiprasadreddykolan/airflow_venv/lib/python3.10/site-packages/airflow/example_dags/example_external_task_marker_dag.py
[2024-10-28T17:26:52.983-0700] {processor.py:836} INFO - DAG(s) dict_keys(['example_external_task_marker_parent', 'example_external_task_marker_child']) retrieved from /Users/saiprasadreddykolan/airflow_venv/lib/python3.10/site-packages/airflow/example_dags/example_external_task_marker_dag.py
[2024-10-28T17:26:53.207-0700] {logging_mixin.py:150} INFO - [2024-10-28T17:26:53.207-0700] {dag.py:2742} INFO - Sync 2 DAGs
[2024-10-28T17:26:53.213-0700] {logging_mixin.py:150} INFO - [2024-10-28T17:26:53.213-0700] {dag.py:3504} INFO - Setting next_dagrun for example_external_task_marker_child to None, run_after=None
[2024-10-28T17:26:53.213-0700] {logging_mixin.py:150} INFO - [2024-10-28T17:26:53.213-0700] {dag.py:3504} INFO - Setting next_dagrun for example_external_task_marker_parent to None, run_after=None
[2024-10-28T17:26:53.219-0700] {processor.py:179} INFO - Processing /Users/saiprasadreddykolan/airflow_venv/lib/python3.10/site-packages/airflow/example_dags/example_external_task_marker_dag.py took 0.245 seconds
[2024-10-28T17:28:20.722-0700] {processor.py:157} INFO - Started process (PID=71052) to work on /Users/saiprasadreddykolan/airflow_venv/lib/python3.10/site-packages/airflow/example_dags/example_external_task_marker_dag.py
[2024-10-28T17:28:20.725-0700] {processor.py:826} INFO - Processing file /Users/saiprasadreddykolan/airflow_venv/lib/python3.10/site-packages/airflow/example_dags/example_external_task_marker_dag.py for tasks to queue
[2024-10-28T17:28:20.725-0700] {logging_mixin.py:150} INFO - [2024-10-28T17:28:20.725-0700] {dagbag.py:541} INFO - Filling up the DagBag from /Users/saiprasadreddykolan/airflow_venv/lib/python3.10/site-packages/airflow/example_dags/example_external_task_marker_dag.py
[2024-10-28T17:28:20.732-0700] {processor.py:836} INFO - DAG(s) dict_keys(['example_external_task_marker_child', 'example_external_task_marker_parent']) retrieved from /Users/saiprasadreddykolan/airflow_venv/lib/python3.10/site-packages/airflow/example_dags/example_external_task_marker_dag.py
[2024-10-28T17:28:20.959-0700] {logging_mixin.py:150} INFO - [2024-10-28T17:28:20.959-0700] {dag.py:2742} INFO - Sync 2 DAGs
[2024-10-28T17:28:20.965-0700] {logging_mixin.py:150} INFO - [2024-10-28T17:28:20.965-0700] {dag.py:3504} INFO - Setting next_dagrun for example_external_task_marker_child to None, run_after=None
[2024-10-28T17:28:20.966-0700] {logging_mixin.py:150} INFO - [2024-10-28T17:28:20.966-0700] {dag.py:3504} INFO - Setting next_dagrun for example_external_task_marker_parent to None, run_after=None
[2024-10-28T17:28:20.973-0700] {processor.py:179} INFO - Processing /Users/saiprasadreddykolan/airflow_venv/lib/python3.10/site-packages/airflow/example_dags/example_external_task_marker_dag.py took 0.251 seconds
[2024-10-28T17:29:56.365-0700] {processor.py:157} INFO - Started process (PID=71125) to work on /Users/saiprasadreddykolan/airflow_venv/lib/python3.10/site-packages/airflow/example_dags/example_external_task_marker_dag.py
[2024-10-28T17:29:56.368-0700] {processor.py:826} INFO - Processing file /Users/saiprasadreddykolan/airflow_venv/lib/python3.10/site-packages/airflow/example_dags/example_external_task_marker_dag.py for tasks to queue
[2024-10-28T17:29:56.368-0700] {logging_mixin.py:150} INFO - [2024-10-28T17:29:56.368-0700] {dagbag.py:541} INFO - Filling up the DagBag from /Users/saiprasadreddykolan/airflow_venv/lib/python3.10/site-packages/airflow/example_dags/example_external_task_marker_dag.py
[2024-10-28T17:29:56.375-0700] {processor.py:836} INFO - DAG(s) dict_keys(['example_external_task_marker_parent', 'example_external_task_marker_child']) retrieved from /Users/saiprasadreddykolan/airflow_venv/lib/python3.10/site-packages/airflow/example_dags/example_external_task_marker_dag.py
[2024-10-28T17:29:56.601-0700] {logging_mixin.py:150} INFO - [2024-10-28T17:29:56.601-0700] {dag.py:2742} INFO - Sync 2 DAGs
[2024-10-28T17:29:56.609-0700] {logging_mixin.py:150} INFO - [2024-10-28T17:29:56.609-0700] {dag.py:3504} INFO - Setting next_dagrun for example_external_task_marker_child to None, run_after=None
[2024-10-28T17:29:56.609-0700] {logging_mixin.py:150} INFO - [2024-10-28T17:29:56.609-0700] {dag.py:3504} INFO - Setting next_dagrun for example_external_task_marker_parent to None, run_after=None
[2024-10-28T17:29:56.616-0700] {processor.py:179} INFO - Processing /Users/saiprasadreddykolan/airflow_venv/lib/python3.10/site-packages/airflow/example_dags/example_external_task_marker_dag.py took 0.251 seconds
[2024-10-28T17:31:29.248-0700] {processor.py:157} INFO - Started process (PID=71193) to work on /Users/saiprasadreddykolan/airflow_venv/lib/python3.10/site-packages/airflow/example_dags/example_external_task_marker_dag.py
[2024-10-28T17:31:29.251-0700] {processor.py:826} INFO - Processing file /Users/saiprasadreddykolan/airflow_venv/lib/python3.10/site-packages/airflow/example_dags/example_external_task_marker_dag.py for tasks to queue
[2024-10-28T17:31:29.251-0700] {logging_mixin.py:150} INFO - [2024-10-28T17:31:29.251-0700] {dagbag.py:541} INFO - Filling up the DagBag from /Users/saiprasadreddykolan/airflow_venv/lib/python3.10/site-packages/airflow/example_dags/example_external_task_marker_dag.py
[2024-10-28T17:31:29.258-0700] {processor.py:836} INFO - DAG(s) dict_keys(['example_external_task_marker_child', 'example_external_task_marker_parent']) retrieved from /Users/saiprasadreddykolan/airflow_venv/lib/python3.10/site-packages/airflow/example_dags/example_external_task_marker_dag.py
[2024-10-28T17:31:29.477-0700] {logging_mixin.py:150} INFO - [2024-10-28T17:31:29.477-0700] {dag.py:2742} INFO - Sync 2 DAGs
[2024-10-28T17:31:29.483-0700] {logging_mixin.py:150} INFO - [2024-10-28T17:31:29.483-0700] {dag.py:3504} INFO - Setting next_dagrun for example_external_task_marker_child to None, run_after=None
[2024-10-28T17:31:29.485-0700] {logging_mixin.py:150} INFO - [2024-10-28T17:31:29.485-0700] {dag.py:3504} INFO - Setting next_dagrun for example_external_task_marker_parent to None, run_after=None
[2024-10-28T17:31:29.490-0700] {processor.py:179} INFO - Processing /Users/saiprasadreddykolan/airflow_venv/lib/python3.10/site-packages/airflow/example_dags/example_external_task_marker_dag.py took 0.242 seconds
[2024-10-28T17:33:03.425-0700] {processor.py:157} INFO - Started process (PID=71265) to work on /Users/saiprasadreddykolan/airflow_venv/lib/python3.10/site-packages/airflow/example_dags/example_external_task_marker_dag.py
[2024-10-28T17:33:03.428-0700] {processor.py:826} INFO - Processing file /Users/saiprasadreddykolan/airflow_venv/lib/python3.10/site-packages/airflow/example_dags/example_external_task_marker_dag.py for tasks to queue
[2024-10-28T17:33:03.428-0700] {logging_mixin.py:150} INFO - [2024-10-28T17:33:03.428-0700] {dagbag.py:541} INFO - Filling up the DagBag from /Users/saiprasadreddykolan/airflow_venv/lib/python3.10/site-packages/airflow/example_dags/example_external_task_marker_dag.py
[2024-10-28T17:33:03.435-0700] {processor.py:836} INFO - DAG(s) dict_keys(['example_external_task_marker_parent', 'example_external_task_marker_child']) retrieved from /Users/saiprasadreddykolan/airflow_venv/lib/python3.10/site-packages/airflow/example_dags/example_external_task_marker_dag.py
[2024-10-28T17:33:03.656-0700] {logging_mixin.py:150} INFO - [2024-10-28T17:33:03.656-0700] {dag.py:2742} INFO - Sync 2 DAGs
[2024-10-28T17:33:03.662-0700] {logging_mixin.py:150} INFO - [2024-10-28T17:33:03.662-0700] {dag.py:3504} INFO - Setting next_dagrun for example_external_task_marker_child to None, run_after=None
[2024-10-28T17:33:03.663-0700] {logging_mixin.py:150} INFO - [2024-10-28T17:33:03.663-0700] {dag.py:3504} INFO - Setting next_dagrun for example_external_task_marker_parent to None, run_after=None
[2024-10-28T17:33:03.668-0700] {processor.py:179} INFO - Processing /Users/saiprasadreddykolan/airflow_venv/lib/python3.10/site-packages/airflow/example_dags/example_external_task_marker_dag.py took 0.243 seconds
[2024-10-28T17:34:38.317-0700] {processor.py:157} INFO - Started process (PID=71332) to work on /Users/saiprasadreddykolan/airflow_venv/lib/python3.10/site-packages/airflow/example_dags/example_external_task_marker_dag.py
[2024-10-28T17:34:38.319-0700] {processor.py:826} INFO - Processing file /Users/saiprasadreddykolan/airflow_venv/lib/python3.10/site-packages/airflow/example_dags/example_external_task_marker_dag.py for tasks to queue
[2024-10-28T17:34:38.320-0700] {logging_mixin.py:150} INFO - [2024-10-28T17:34:38.319-0700] {dagbag.py:541} INFO - Filling up the DagBag from /Users/saiprasadreddykolan/airflow_venv/lib/python3.10/site-packages/airflow/example_dags/example_external_task_marker_dag.py
[2024-10-28T17:34:38.328-0700] {processor.py:836} INFO - DAG(s) dict_keys(['example_external_task_marker_parent', 'example_external_task_marker_child']) retrieved from /Users/saiprasadreddykolan/airflow_venv/lib/python3.10/site-packages/airflow/example_dags/example_external_task_marker_dag.py
[2024-10-28T17:34:38.567-0700] {logging_mixin.py:150} INFO - [2024-10-28T17:34:38.567-0700] {dag.py:2742} INFO - Sync 2 DAGs
[2024-10-28T17:34:38.575-0700] {logging_mixin.py:150} INFO - [2024-10-28T17:34:38.575-0700] {dag.py:3504} INFO - Setting next_dagrun for example_external_task_marker_child to None, run_after=None
[2024-10-28T17:34:38.576-0700] {logging_mixin.py:150} INFO - [2024-10-28T17:34:38.576-0700] {dag.py:3504} INFO - Setting next_dagrun for example_external_task_marker_parent to None, run_after=None
[2024-10-28T17:34:38.584-0700] {processor.py:179} INFO - Processing /Users/saiprasadreddykolan/airflow_venv/lib/python3.10/site-packages/airflow/example_dags/example_external_task_marker_dag.py took 0.267 seconds
[2024-10-28T17:36:09.750-0700] {processor.py:157} INFO - Started process (PID=71393) to work on /Users/saiprasadreddykolan/airflow_venv/lib/python3.10/site-packages/airflow/example_dags/example_external_task_marker_dag.py
[2024-10-28T17:36:09.752-0700] {processor.py:826} INFO - Processing file /Users/saiprasadreddykolan/airflow_venv/lib/python3.10/site-packages/airflow/example_dags/example_external_task_marker_dag.py for tasks to queue
[2024-10-28T17:36:09.753-0700] {logging_mixin.py:150} INFO - [2024-10-28T17:36:09.753-0700] {dagbag.py:541} INFO - Filling up the DagBag from /Users/saiprasadreddykolan/airflow_venv/lib/python3.10/site-packages/airflow/example_dags/example_external_task_marker_dag.py
[2024-10-28T17:36:09.760-0700] {processor.py:836} INFO - DAG(s) dict_keys(['example_external_task_marker_parent', 'example_external_task_marker_child']) retrieved from /Users/saiprasadreddykolan/airflow_venv/lib/python3.10/site-packages/airflow/example_dags/example_external_task_marker_dag.py
[2024-10-28T17:36:09.979-0700] {logging_mixin.py:150} INFO - [2024-10-28T17:36:09.979-0700] {dag.py:2742} INFO - Sync 2 DAGs
[2024-10-28T17:36:09.985-0700] {logging_mixin.py:150} INFO - [2024-10-28T17:36:09.985-0700] {dag.py:3504} INFO - Setting next_dagrun for example_external_task_marker_child to None, run_after=None
[2024-10-28T17:36:09.985-0700] {logging_mixin.py:150} INFO - [2024-10-28T17:36:09.985-0700] {dag.py:3504} INFO - Setting next_dagrun for example_external_task_marker_parent to None, run_after=None
[2024-10-28T17:36:09.991-0700] {processor.py:179} INFO - Processing /Users/saiprasadreddykolan/airflow_venv/lib/python3.10/site-packages/airflow/example_dags/example_external_task_marker_dag.py took 0.241 seconds
[2024-10-28T17:37:44.348-0700] {processor.py:157} INFO - Started process (PID=71548) to work on /Users/saiprasadreddykolan/airflow_venv/lib/python3.10/site-packages/airflow/example_dags/example_external_task_marker_dag.py
[2024-10-28T17:37:44.350-0700] {processor.py:826} INFO - Processing file /Users/saiprasadreddykolan/airflow_venv/lib/python3.10/site-packages/airflow/example_dags/example_external_task_marker_dag.py for tasks to queue
[2024-10-28T17:37:44.350-0700] {logging_mixin.py:150} INFO - [2024-10-28T17:37:44.350-0700] {dagbag.py:541} INFO - Filling up the DagBag from /Users/saiprasadreddykolan/airflow_venv/lib/python3.10/site-packages/airflow/example_dags/example_external_task_marker_dag.py
[2024-10-28T17:37:44.358-0700] {processor.py:836} INFO - DAG(s) dict_keys(['example_external_task_marker_child', 'example_external_task_marker_parent']) retrieved from /Users/saiprasadreddykolan/airflow_venv/lib/python3.10/site-packages/airflow/example_dags/example_external_task_marker_dag.py
[2024-10-28T17:37:44.598-0700] {logging_mixin.py:150} INFO - [2024-10-28T17:37:44.597-0700] {dag.py:2742} INFO - Sync 2 DAGs
[2024-10-28T17:37:44.605-0700] {logging_mixin.py:150} INFO - [2024-10-28T17:37:44.605-0700] {dag.py:3504} INFO - Setting next_dagrun for example_external_task_marker_child to None, run_after=None
[2024-10-28T17:37:44.606-0700] {logging_mixin.py:150} INFO - [2024-10-28T17:37:44.606-0700] {dag.py:3504} INFO - Setting next_dagrun for example_external_task_marker_parent to None, run_after=None
[2024-10-28T17:37:44.611-0700] {processor.py:179} INFO - Processing /Users/saiprasadreddykolan/airflow_venv/lib/python3.10/site-packages/airflow/example_dags/example_external_task_marker_dag.py took 0.264 seconds
