[2024-10-28T17:00:27.537-0700] {processor.py:157} INFO - Started process (PID=69734) to work on /Users/saiprasadreddykolan/airflow_venv/lib/python3.10/site-packages/airflow/example_dags/example_params_ui_tutorial.py
[2024-10-28T17:00:27.538-0700] {processor.py:826} INFO - Processing file /Users/saiprasadreddykolan/airflow_venv/lib/python3.10/site-packages/airflow/example_dags/example_params_ui_tutorial.py for tasks to queue
[2024-10-28T17:00:27.539-0700] {logging_mixin.py:150} INFO - [2024-10-28T17:00:27.538-0700] {dagbag.py:541} INFO - Filling up the DagBag from /Users/saiprasadreddykolan/airflow_venv/lib/python3.10/site-packages/airflow/example_dags/example_params_ui_tutorial.py
[2024-10-28T17:00:27.574-0700] {processor.py:836} INFO - DAG(s) dict_keys(['example_params_ui_tutorial']) retrieved from /Users/saiprasadreddykolan/airflow_venv/lib/python3.10/site-packages/airflow/example_dags/example_params_ui_tutorial.py
[2024-10-28T17:00:27.780-0700] {logging_mixin.py:150} INFO - [2024-10-28T17:00:27.780-0700] {dag.py:2742} INFO - Sync 1 DAGs
[2024-10-28T17:00:27.785-0700] {logging_mixin.py:150} INFO - [2024-10-28T17:00:27.785-0700] {dag.py:3504} INFO - Setting next_dagrun for example_params_ui_tutorial to None, run_after=None
[2024-10-28T17:00:27.791-0700] {processor.py:179} INFO - Processing /Users/saiprasadreddykolan/airflow_venv/lib/python3.10/site-packages/airflow/example_dags/example_params_ui_tutorial.py took 0.255 seconds
[2024-10-28T17:01:53.943-0700] {processor.py:157} INFO - Started process (PID=69808) to work on /Users/saiprasadreddykolan/airflow_venv/lib/python3.10/site-packages/airflow/example_dags/example_params_ui_tutorial.py
[2024-10-28T17:01:53.945-0700] {processor.py:826} INFO - Processing file /Users/saiprasadreddykolan/airflow_venv/lib/python3.10/site-packages/airflow/example_dags/example_params_ui_tutorial.py for tasks to queue
[2024-10-28T17:01:53.945-0700] {logging_mixin.py:150} INFO - [2024-10-28T17:01:53.945-0700] {dagbag.py:541} INFO - Filling up the DagBag from /Users/saiprasadreddykolan/airflow_venv/lib/python3.10/site-packages/airflow/example_dags/example_params_ui_tutorial.py
[2024-10-28T17:01:53.980-0700] {processor.py:836} INFO - DAG(s) dict_keys(['example_params_ui_tutorial']) retrieved from /Users/saiprasadreddykolan/airflow_venv/lib/python3.10/site-packages/airflow/example_dags/example_params_ui_tutorial.py
[2024-10-28T17:01:54.185-0700] {logging_mixin.py:150} INFO - [2024-10-28T17:01:54.185-0700] {dag.py:2742} INFO - Sync 1 DAGs
[2024-10-28T17:01:54.191-0700] {logging_mixin.py:150} INFO - [2024-10-28T17:01:54.191-0700] {dag.py:3504} INFO - Setting next_dagrun for example_params_ui_tutorial to None, run_after=None
[2024-10-28T17:01:54.197-0700] {processor.py:179} INFO - Processing /Users/saiprasadreddykolan/airflow_venv/lib/python3.10/site-packages/airflow/example_dags/example_params_ui_tutorial.py took 0.255 seconds
[2024-10-28T17:03:25.795-0700] {processor.py:157} INFO - Started process (PID=69870) to work on /Users/saiprasadreddykolan/airflow_venv/lib/python3.10/site-packages/airflow/example_dags/example_params_ui_tutorial.py
[2024-10-28T17:03:25.798-0700] {processor.py:826} INFO - Processing file /Users/saiprasadreddykolan/airflow_venv/lib/python3.10/site-packages/airflow/example_dags/example_params_ui_tutorial.py for tasks to queue
[2024-10-28T17:03:25.798-0700] {logging_mixin.py:150} INFO - [2024-10-28T17:03:25.798-0700] {dagbag.py:541} INFO - Filling up the DagBag from /Users/saiprasadreddykolan/airflow_venv/lib/python3.10/site-packages/airflow/example_dags/example_params_ui_tutorial.py
[2024-10-28T17:03:25.832-0700] {processor.py:836} INFO - DAG(s) dict_keys(['example_params_ui_tutorial']) retrieved from /Users/saiprasadreddykolan/airflow_venv/lib/python3.10/site-packages/airflow/example_dags/example_params_ui_tutorial.py
[2024-10-28T17:03:26.038-0700] {logging_mixin.py:150} INFO - [2024-10-28T17:03:26.038-0700] {dag.py:2742} INFO - Sync 1 DAGs
[2024-10-28T17:03:26.044-0700] {logging_mixin.py:150} INFO - [2024-10-28T17:03:26.044-0700] {dag.py:3504} INFO - Setting next_dagrun for example_params_ui_tutorial to None, run_after=None
[2024-10-28T17:03:26.050-0700] {processor.py:179} INFO - Processing /Users/saiprasadreddykolan/airflow_venv/lib/python3.10/site-packages/airflow/example_dags/example_params_ui_tutorial.py took 0.255 seconds
[2024-10-28T17:04:52.482-0700] {processor.py:157} INFO - Started process (PID=69935) to work on /Users/saiprasadreddykolan/airflow_venv/lib/python3.10/site-packages/airflow/example_dags/example_params_ui_tutorial.py
[2024-10-28T17:04:52.484-0700] {processor.py:826} INFO - Processing file /Users/saiprasadreddykolan/airflow_venv/lib/python3.10/site-packages/airflow/example_dags/example_params_ui_tutorial.py for tasks to queue
[2024-10-28T17:04:52.485-0700] {logging_mixin.py:150} INFO - [2024-10-28T17:04:52.485-0700] {dagbag.py:541} INFO - Filling up the DagBag from /Users/saiprasadreddykolan/airflow_venv/lib/python3.10/site-packages/airflow/example_dags/example_params_ui_tutorial.py
[2024-10-28T17:04:52.520-0700] {processor.py:836} INFO - DAG(s) dict_keys(['example_params_ui_tutorial']) retrieved from /Users/saiprasadreddykolan/airflow_venv/lib/python3.10/site-packages/airflow/example_dags/example_params_ui_tutorial.py
[2024-10-28T17:04:52.741-0700] {logging_mixin.py:150} INFO - [2024-10-28T17:04:52.741-0700] {dag.py:2742} INFO - Sync 1 DAGs
[2024-10-28T17:04:52.747-0700] {logging_mixin.py:150} INFO - [2024-10-28T17:04:52.747-0700] {dag.py:3504} INFO - Setting next_dagrun for example_params_ui_tutorial to None, run_after=None
[2024-10-28T17:04:52.756-0700] {processor.py:179} INFO - Processing /Users/saiprasadreddykolan/airflow_venv/lib/python3.10/site-packages/airflow/example_dags/example_params_ui_tutorial.py took 0.274 seconds
[2024-10-28T17:06:31.384-0700] {processor.py:157} INFO - Started process (PID=69997) to work on /Users/saiprasadreddykolan/airflow_venv/lib/python3.10/site-packages/airflow/example_dags/example_params_ui_tutorial.py
[2024-10-28T17:06:31.387-0700] {processor.py:826} INFO - Processing file /Users/saiprasadreddykolan/airflow_venv/lib/python3.10/site-packages/airflow/example_dags/example_params_ui_tutorial.py for tasks to queue
[2024-10-28T17:06:31.387-0700] {logging_mixin.py:150} INFO - [2024-10-28T17:06:31.387-0700] {dagbag.py:541} INFO - Filling up the DagBag from /Users/saiprasadreddykolan/airflow_venv/lib/python3.10/site-packages/airflow/example_dags/example_params_ui_tutorial.py
[2024-10-28T17:06:31.422-0700] {processor.py:836} INFO - DAG(s) dict_keys(['example_params_ui_tutorial']) retrieved from /Users/saiprasadreddykolan/airflow_venv/lib/python3.10/site-packages/airflow/example_dags/example_params_ui_tutorial.py
[2024-10-28T17:06:31.627-0700] {logging_mixin.py:150} INFO - [2024-10-28T17:06:31.627-0700] {dag.py:2742} INFO - Sync 1 DAGs
[2024-10-28T17:06:31.633-0700] {logging_mixin.py:150} INFO - [2024-10-28T17:06:31.633-0700] {dag.py:3504} INFO - Setting next_dagrun for example_params_ui_tutorial to None, run_after=None
[2024-10-28T17:06:31.639-0700] {processor.py:179} INFO - Processing /Users/saiprasadreddykolan/airflow_venv/lib/python3.10/site-packages/airflow/example_dags/example_params_ui_tutorial.py took 0.255 seconds
[2024-10-28T17:07:57.477-0700] {processor.py:157} INFO - Started process (PID=70062) to work on /Users/saiprasadreddykolan/airflow_venv/lib/python3.10/site-packages/airflow/example_dags/example_params_ui_tutorial.py
[2024-10-28T17:07:57.480-0700] {processor.py:826} INFO - Processing file /Users/saiprasadreddykolan/airflow_venv/lib/python3.10/site-packages/airflow/example_dags/example_params_ui_tutorial.py for tasks to queue
[2024-10-28T17:07:57.480-0700] {logging_mixin.py:150} INFO - [2024-10-28T17:07:57.480-0700] {dagbag.py:541} INFO - Filling up the DagBag from /Users/saiprasadreddykolan/airflow_venv/lib/python3.10/site-packages/airflow/example_dags/example_params_ui_tutorial.py
[2024-10-28T17:07:57.515-0700] {processor.py:836} INFO - DAG(s) dict_keys(['example_params_ui_tutorial']) retrieved from /Users/saiprasadreddykolan/airflow_venv/lib/python3.10/site-packages/airflow/example_dags/example_params_ui_tutorial.py
[2024-10-28T17:07:57.723-0700] {logging_mixin.py:150} INFO - [2024-10-28T17:07:57.722-0700] {dag.py:2742} INFO - Sync 1 DAGs
[2024-10-28T17:07:57.728-0700] {logging_mixin.py:150} INFO - [2024-10-28T17:07:57.728-0700] {dag.py:3504} INFO - Setting next_dagrun for example_params_ui_tutorial to None, run_after=None
[2024-10-28T17:07:57.734-0700] {processor.py:179} INFO - Processing /Users/saiprasadreddykolan/airflow_venv/lib/python3.10/site-packages/airflow/example_dags/example_params_ui_tutorial.py took 0.257 seconds
[2024-10-28T17:09:26.240-0700] {processor.py:157} INFO - Started process (PID=70121) to work on /Users/saiprasadreddykolan/airflow_venv/lib/python3.10/site-packages/airflow/example_dags/example_params_ui_tutorial.py
[2024-10-28T17:09:26.242-0700] {processor.py:826} INFO - Processing file /Users/saiprasadreddykolan/airflow_venv/lib/python3.10/site-packages/airflow/example_dags/example_params_ui_tutorial.py for tasks to queue
[2024-10-28T17:09:26.243-0700] {logging_mixin.py:150} INFO - [2024-10-28T17:09:26.243-0700] {dagbag.py:541} INFO - Filling up the DagBag from /Users/saiprasadreddykolan/airflow_venv/lib/python3.10/site-packages/airflow/example_dags/example_params_ui_tutorial.py
[2024-10-28T17:09:26.277-0700] {processor.py:836} INFO - DAG(s) dict_keys(['example_params_ui_tutorial']) retrieved from /Users/saiprasadreddykolan/airflow_venv/lib/python3.10/site-packages/airflow/example_dags/example_params_ui_tutorial.py
[2024-10-28T17:09:26.487-0700] {logging_mixin.py:150} INFO - [2024-10-28T17:09:26.487-0700] {dag.py:2742} INFO - Sync 1 DAGs
[2024-10-28T17:09:26.492-0700] {logging_mixin.py:150} INFO - [2024-10-28T17:09:26.492-0700] {dag.py:3504} INFO - Setting next_dagrun for example_params_ui_tutorial to None, run_after=None
[2024-10-28T17:09:26.500-0700] {processor.py:179} INFO - Processing /Users/saiprasadreddykolan/airflow_venv/lib/python3.10/site-packages/airflow/example_dags/example_params_ui_tutorial.py took 0.260 seconds
[2024-10-28T17:11:03.310-0700] {processor.py:157} INFO - Started process (PID=70181) to work on /Users/saiprasadreddykolan/airflow_venv/lib/python3.10/site-packages/airflow/example_dags/example_params_ui_tutorial.py
[2024-10-28T17:11:03.313-0700] {processor.py:826} INFO - Processing file /Users/saiprasadreddykolan/airflow_venv/lib/python3.10/site-packages/airflow/example_dags/example_params_ui_tutorial.py for tasks to queue
[2024-10-28T17:11:03.313-0700] {logging_mixin.py:150} INFO - [2024-10-28T17:11:03.313-0700] {dagbag.py:541} INFO - Filling up the DagBag from /Users/saiprasadreddykolan/airflow_venv/lib/python3.10/site-packages/airflow/example_dags/example_params_ui_tutorial.py
[2024-10-28T17:11:03.347-0700] {processor.py:836} INFO - DAG(s) dict_keys(['example_params_ui_tutorial']) retrieved from /Users/saiprasadreddykolan/airflow_venv/lib/python3.10/site-packages/airflow/example_dags/example_params_ui_tutorial.py
[2024-10-28T17:11:03.558-0700] {logging_mixin.py:150} INFO - [2024-10-28T17:11:03.557-0700] {dag.py:2742} INFO - Sync 1 DAGs
[2024-10-28T17:11:03.563-0700] {logging_mixin.py:150} INFO - [2024-10-28T17:11:03.563-0700] {dag.py:3504} INFO - Setting next_dagrun for example_params_ui_tutorial to None, run_after=None
[2024-10-28T17:11:03.570-0700] {processor.py:179} INFO - Processing /Users/saiprasadreddykolan/airflow_venv/lib/python3.10/site-packages/airflow/example_dags/example_params_ui_tutorial.py took 0.260 seconds
[2024-10-28T17:12:36.876-0700] {processor.py:157} INFO - Started process (PID=70241) to work on /Users/saiprasadreddykolan/airflow_venv/lib/python3.10/site-packages/airflow/example_dags/example_params_ui_tutorial.py
[2024-10-28T17:12:36.877-0700] {processor.py:826} INFO - Processing file /Users/saiprasadreddykolan/airflow_venv/lib/python3.10/site-packages/airflow/example_dags/example_params_ui_tutorial.py for tasks to queue
[2024-10-28T17:12:36.878-0700] {logging_mixin.py:150} INFO - [2024-10-28T17:12:36.878-0700] {dagbag.py:541} INFO - Filling up the DagBag from /Users/saiprasadreddykolan/airflow_venv/lib/python3.10/site-packages/airflow/example_dags/example_params_ui_tutorial.py
[2024-10-28T17:12:36.913-0700] {processor.py:836} INFO - DAG(s) dict_keys(['example_params_ui_tutorial']) retrieved from /Users/saiprasadreddykolan/airflow_venv/lib/python3.10/site-packages/airflow/example_dags/example_params_ui_tutorial.py
[2024-10-28T17:12:37.122-0700] {logging_mixin.py:150} INFO - [2024-10-28T17:12:37.122-0700] {dag.py:2742} INFO - Sync 1 DAGs
[2024-10-28T17:12:37.128-0700] {logging_mixin.py:150} INFO - [2024-10-28T17:12:37.128-0700] {dag.py:3504} INFO - Setting next_dagrun for example_params_ui_tutorial to None, run_after=None
[2024-10-28T17:12:37.135-0700] {processor.py:179} INFO - Processing /Users/saiprasadreddykolan/airflow_venv/lib/python3.10/site-packages/airflow/example_dags/example_params_ui_tutorial.py took 0.259 seconds
[2024-10-28T17:14:03.169-0700] {processor.py:157} INFO - Started process (PID=70301) to work on /Users/saiprasadreddykolan/airflow_venv/lib/python3.10/site-packages/airflow/example_dags/example_params_ui_tutorial.py
[2024-10-28T17:14:03.171-0700] {processor.py:826} INFO - Processing file /Users/saiprasadreddykolan/airflow_venv/lib/python3.10/site-packages/airflow/example_dags/example_params_ui_tutorial.py for tasks to queue
[2024-10-28T17:14:03.171-0700] {logging_mixin.py:150} INFO - [2024-10-28T17:14:03.171-0700] {dagbag.py:541} INFO - Filling up the DagBag from /Users/saiprasadreddykolan/airflow_venv/lib/python3.10/site-packages/airflow/example_dags/example_params_ui_tutorial.py
[2024-10-28T17:14:03.206-0700] {processor.py:836} INFO - DAG(s) dict_keys(['example_params_ui_tutorial']) retrieved from /Users/saiprasadreddykolan/airflow_venv/lib/python3.10/site-packages/airflow/example_dags/example_params_ui_tutorial.py
[2024-10-28T17:14:03.412-0700] {logging_mixin.py:150} INFO - [2024-10-28T17:14:03.412-0700] {dag.py:2742} INFO - Sync 1 DAGs
[2024-10-28T17:14:03.418-0700] {logging_mixin.py:150} INFO - [2024-10-28T17:14:03.418-0700] {dag.py:3504} INFO - Setting next_dagrun for example_params_ui_tutorial to None, run_after=None
[2024-10-28T17:14:03.424-0700] {processor.py:179} INFO - Processing /Users/saiprasadreddykolan/airflow_venv/lib/python3.10/site-packages/airflow/example_dags/example_params_ui_tutorial.py took 0.256 seconds
[2024-10-28T17:15:31.131-0700] {processor.py:157} INFO - Started process (PID=70364) to work on /Users/saiprasadreddykolan/airflow_venv/lib/python3.10/site-packages/airflow/example_dags/example_params_ui_tutorial.py
[2024-10-28T17:15:31.133-0700] {processor.py:826} INFO - Processing file /Users/saiprasadreddykolan/airflow_venv/lib/python3.10/site-packages/airflow/example_dags/example_params_ui_tutorial.py for tasks to queue
[2024-10-28T17:15:31.134-0700] {logging_mixin.py:150} INFO - [2024-10-28T17:15:31.134-0700] {dagbag.py:541} INFO - Filling up the DagBag from /Users/saiprasadreddykolan/airflow_venv/lib/python3.10/site-packages/airflow/example_dags/example_params_ui_tutorial.py
[2024-10-28T17:15:31.168-0700] {processor.py:836} INFO - DAG(s) dict_keys(['example_params_ui_tutorial']) retrieved from /Users/saiprasadreddykolan/airflow_venv/lib/python3.10/site-packages/airflow/example_dags/example_params_ui_tutorial.py
[2024-10-28T17:15:31.376-0700] {logging_mixin.py:150} INFO - [2024-10-28T17:15:31.375-0700] {dag.py:2742} INFO - Sync 1 DAGs
[2024-10-28T17:15:31.381-0700] {logging_mixin.py:150} INFO - [2024-10-28T17:15:31.381-0700] {dag.py:3504} INFO - Setting next_dagrun for example_params_ui_tutorial to None, run_after=None
[2024-10-28T17:15:31.387-0700] {processor.py:179} INFO - Processing /Users/saiprasadreddykolan/airflow_venv/lib/python3.10/site-packages/airflow/example_dags/example_params_ui_tutorial.py took 0.257 seconds
[2024-10-28T17:17:09.909-0700] {processor.py:157} INFO - Started process (PID=70487) to work on /Users/saiprasadreddykolan/airflow_venv/lib/python3.10/site-packages/airflow/example_dags/example_params_ui_tutorial.py
[2024-10-28T17:17:09.911-0700] {processor.py:826} INFO - Processing file /Users/saiprasadreddykolan/airflow_venv/lib/python3.10/site-packages/airflow/example_dags/example_params_ui_tutorial.py for tasks to queue
[2024-10-28T17:17:09.912-0700] {logging_mixin.py:150} INFO - [2024-10-28T17:17:09.912-0700] {dagbag.py:541} INFO - Filling up the DagBag from /Users/saiprasadreddykolan/airflow_venv/lib/python3.10/site-packages/airflow/example_dags/example_params_ui_tutorial.py
[2024-10-28T17:17:09.951-0700] {processor.py:836} INFO - DAG(s) dict_keys(['example_params_ui_tutorial']) retrieved from /Users/saiprasadreddykolan/airflow_venv/lib/python3.10/site-packages/airflow/example_dags/example_params_ui_tutorial.py
[2024-10-28T17:17:10.161-0700] {logging_mixin.py:150} INFO - [2024-10-28T17:17:10.161-0700] {dag.py:2742} INFO - Sync 1 DAGs
[2024-10-28T17:17:10.169-0700] {logging_mixin.py:150} INFO - [2024-10-28T17:17:10.169-0700] {dag.py:3504} INFO - Setting next_dagrun for example_params_ui_tutorial to None, run_after=None
[2024-10-28T17:17:10.175-0700] {processor.py:179} INFO - Processing /Users/saiprasadreddykolan/airflow_venv/lib/python3.10/site-packages/airflow/example_dags/example_params_ui_tutorial.py took 0.267 seconds
[2024-10-28T17:18:40.676-0700] {processor.py:157} INFO - Started process (PID=70558) to work on /Users/saiprasadreddykolan/airflow_venv/lib/python3.10/site-packages/airflow/example_dags/example_params_ui_tutorial.py
[2024-10-28T17:18:40.679-0700] {processor.py:826} INFO - Processing file /Users/saiprasadreddykolan/airflow_venv/lib/python3.10/site-packages/airflow/example_dags/example_params_ui_tutorial.py for tasks to queue
[2024-10-28T17:18:40.679-0700] {logging_mixin.py:150} INFO - [2024-10-28T17:18:40.679-0700] {dagbag.py:541} INFO - Filling up the DagBag from /Users/saiprasadreddykolan/airflow_venv/lib/python3.10/site-packages/airflow/example_dags/example_params_ui_tutorial.py
[2024-10-28T17:18:40.713-0700] {processor.py:836} INFO - DAG(s) dict_keys(['example_params_ui_tutorial']) retrieved from /Users/saiprasadreddykolan/airflow_venv/lib/python3.10/site-packages/airflow/example_dags/example_params_ui_tutorial.py
[2024-10-28T17:18:40.920-0700] {logging_mixin.py:150} INFO - [2024-10-28T17:18:40.919-0700] {dag.py:2742} INFO - Sync 1 DAGs
[2024-10-28T17:18:40.925-0700] {logging_mixin.py:150} INFO - [2024-10-28T17:18:40.925-0700] {dag.py:3504} INFO - Setting next_dagrun for example_params_ui_tutorial to None, run_after=None
[2024-10-28T17:18:40.931-0700] {processor.py:179} INFO - Processing /Users/saiprasadreddykolan/airflow_venv/lib/python3.10/site-packages/airflow/example_dags/example_params_ui_tutorial.py took 0.255 seconds
[2024-10-28T17:20:12.220-0700] {processor.py:157} INFO - Started process (PID=70640) to work on /Users/saiprasadreddykolan/airflow_venv/lib/python3.10/site-packages/airflow/example_dags/example_params_ui_tutorial.py
[2024-10-28T17:20:12.223-0700] {processor.py:826} INFO - Processing file /Users/saiprasadreddykolan/airflow_venv/lib/python3.10/site-packages/airflow/example_dags/example_params_ui_tutorial.py for tasks to queue
[2024-10-28T17:20:12.223-0700] {logging_mixin.py:150} INFO - [2024-10-28T17:20:12.223-0700] {dagbag.py:541} INFO - Filling up the DagBag from /Users/saiprasadreddykolan/airflow_venv/lib/python3.10/site-packages/airflow/example_dags/example_params_ui_tutorial.py
[2024-10-28T17:20:12.258-0700] {processor.py:836} INFO - DAG(s) dict_keys(['example_params_ui_tutorial']) retrieved from /Users/saiprasadreddykolan/airflow_venv/lib/python3.10/site-packages/airflow/example_dags/example_params_ui_tutorial.py
[2024-10-28T17:20:12.465-0700] {logging_mixin.py:150} INFO - [2024-10-28T17:20:12.465-0700] {dag.py:2742} INFO - Sync 1 DAGs
[2024-10-28T17:20:12.471-0700] {logging_mixin.py:150} INFO - [2024-10-28T17:20:12.471-0700] {dag.py:3504} INFO - Setting next_dagrun for example_params_ui_tutorial to None, run_after=None
[2024-10-28T17:20:12.478-0700] {processor.py:179} INFO - Processing /Users/saiprasadreddykolan/airflow_venv/lib/python3.10/site-packages/airflow/example_dags/example_params_ui_tutorial.py took 0.258 seconds
[2024-10-28T17:21:45.971-0700] {processor.py:157} INFO - Started process (PID=70703) to work on /Users/saiprasadreddykolan/airflow_venv/lib/python3.10/site-packages/airflow/example_dags/example_params_ui_tutorial.py
[2024-10-28T17:21:45.974-0700] {processor.py:826} INFO - Processing file /Users/saiprasadreddykolan/airflow_venv/lib/python3.10/site-packages/airflow/example_dags/example_params_ui_tutorial.py for tasks to queue
[2024-10-28T17:21:45.974-0700] {logging_mixin.py:150} INFO - [2024-10-28T17:21:45.974-0700] {dagbag.py:541} INFO - Filling up the DagBag from /Users/saiprasadreddykolan/airflow_venv/lib/python3.10/site-packages/airflow/example_dags/example_params_ui_tutorial.py
[2024-10-28T17:21:46.009-0700] {processor.py:836} INFO - DAG(s) dict_keys(['example_params_ui_tutorial']) retrieved from /Users/saiprasadreddykolan/airflow_venv/lib/python3.10/site-packages/airflow/example_dags/example_params_ui_tutorial.py
[2024-10-28T17:21:46.215-0700] {logging_mixin.py:150} INFO - [2024-10-28T17:21:46.215-0700] {dag.py:2742} INFO - Sync 1 DAGs
[2024-10-28T17:21:46.221-0700] {logging_mixin.py:150} INFO - [2024-10-28T17:21:46.221-0700] {dag.py:3504} INFO - Setting next_dagrun for example_params_ui_tutorial to None, run_after=None
[2024-10-28T17:21:46.228-0700] {processor.py:179} INFO - Processing /Users/saiprasadreddykolan/airflow_venv/lib/python3.10/site-packages/airflow/example_dags/example_params_ui_tutorial.py took 0.257 seconds
[2024-10-28T17:23:15.188-0700] {processor.py:157} INFO - Started process (PID=70785) to work on /Users/saiprasadreddykolan/airflow_venv/lib/python3.10/site-packages/airflow/example_dags/example_params_ui_tutorial.py
[2024-10-28T17:23:15.190-0700] {processor.py:826} INFO - Processing file /Users/saiprasadreddykolan/airflow_venv/lib/python3.10/site-packages/airflow/example_dags/example_params_ui_tutorial.py for tasks to queue
[2024-10-28T17:23:15.190-0700] {logging_mixin.py:150} INFO - [2024-10-28T17:23:15.190-0700] {dagbag.py:541} INFO - Filling up the DagBag from /Users/saiprasadreddykolan/airflow_venv/lib/python3.10/site-packages/airflow/example_dags/example_params_ui_tutorial.py
[2024-10-28T17:23:15.229-0700] {processor.py:836} INFO - DAG(s) dict_keys(['example_params_ui_tutorial']) retrieved from /Users/saiprasadreddykolan/airflow_venv/lib/python3.10/site-packages/airflow/example_dags/example_params_ui_tutorial.py
[2024-10-28T17:23:15.469-0700] {logging_mixin.py:150} INFO - [2024-10-28T17:23:15.469-0700] {dag.py:2742} INFO - Sync 1 DAGs
[2024-10-28T17:23:15.477-0700] {logging_mixin.py:150} INFO - [2024-10-28T17:23:15.477-0700] {dag.py:3504} INFO - Setting next_dagrun for example_params_ui_tutorial to None, run_after=None
[2024-10-28T17:23:15.485-0700] {processor.py:179} INFO - Processing /Users/saiprasadreddykolan/airflow_venv/lib/python3.10/site-packages/airflow/example_dags/example_params_ui_tutorial.py took 0.298 seconds
[2024-10-28T17:24:47.437-0700] {processor.py:157} INFO - Started process (PID=70878) to work on /Users/saiprasadreddykolan/airflow_venv/lib/python3.10/site-packages/airflow/example_dags/example_params_ui_tutorial.py
[2024-10-28T17:24:47.439-0700] {processor.py:826} INFO - Processing file /Users/saiprasadreddykolan/airflow_venv/lib/python3.10/site-packages/airflow/example_dags/example_params_ui_tutorial.py for tasks to queue
[2024-10-28T17:24:47.439-0700] {logging_mixin.py:150} INFO - [2024-10-28T17:24:47.439-0700] {dagbag.py:541} INFO - Filling up the DagBag from /Users/saiprasadreddykolan/airflow_venv/lib/python3.10/site-packages/airflow/example_dags/example_params_ui_tutorial.py
[2024-10-28T17:24:47.474-0700] {processor.py:836} INFO - DAG(s) dict_keys(['example_params_ui_tutorial']) retrieved from /Users/saiprasadreddykolan/airflow_venv/lib/python3.10/site-packages/airflow/example_dags/example_params_ui_tutorial.py
[2024-10-28T17:24:47.688-0700] {logging_mixin.py:150} INFO - [2024-10-28T17:24:47.688-0700] {dag.py:2742} INFO - Sync 1 DAGs
[2024-10-28T17:24:47.695-0700] {logging_mixin.py:150} INFO - [2024-10-28T17:24:47.695-0700] {dag.py:3504} INFO - Setting next_dagrun for example_params_ui_tutorial to None, run_after=None
[2024-10-28T17:24:47.702-0700] {processor.py:179} INFO - Processing /Users/saiprasadreddykolan/airflow_venv/lib/python3.10/site-packages/airflow/example_dags/example_params_ui_tutorial.py took 0.265 seconds
[2024-10-28T17:26:21.125-0700] {processor.py:157} INFO - Started process (PID=70964) to work on /Users/saiprasadreddykolan/airflow_venv/lib/python3.10/site-packages/airflow/example_dags/example_params_ui_tutorial.py
[2024-10-28T17:26:21.127-0700] {processor.py:826} INFO - Processing file /Users/saiprasadreddykolan/airflow_venv/lib/python3.10/site-packages/airflow/example_dags/example_params_ui_tutorial.py for tasks to queue
[2024-10-28T17:26:21.127-0700] {logging_mixin.py:150} INFO - [2024-10-28T17:26:21.127-0700] {dagbag.py:541} INFO - Filling up the DagBag from /Users/saiprasadreddykolan/airflow_venv/lib/python3.10/site-packages/airflow/example_dags/example_params_ui_tutorial.py
[2024-10-28T17:26:21.166-0700] {processor.py:836} INFO - DAG(s) dict_keys(['example_params_ui_tutorial']) retrieved from /Users/saiprasadreddykolan/airflow_venv/lib/python3.10/site-packages/airflow/example_dags/example_params_ui_tutorial.py
[2024-10-28T17:26:21.390-0700] {logging_mixin.py:150} INFO - [2024-10-28T17:26:21.390-0700] {dag.py:2742} INFO - Sync 1 DAGs
[2024-10-28T17:26:21.396-0700] {logging_mixin.py:150} INFO - [2024-10-28T17:26:21.396-0700] {dag.py:3504} INFO - Setting next_dagrun for example_params_ui_tutorial to None, run_after=None
[2024-10-28T17:26:21.402-0700] {processor.py:179} INFO - Processing /Users/saiprasadreddykolan/airflow_venv/lib/python3.10/site-packages/airflow/example_dags/example_params_ui_tutorial.py took 0.277 seconds
[2024-10-28T17:27:51.326-0700] {processor.py:157} INFO - Started process (PID=71028) to work on /Users/saiprasadreddykolan/airflow_venv/lib/python3.10/site-packages/airflow/example_dags/example_params_ui_tutorial.py
[2024-10-28T17:27:51.328-0700] {processor.py:826} INFO - Processing file /Users/saiprasadreddykolan/airflow_venv/lib/python3.10/site-packages/airflow/example_dags/example_params_ui_tutorial.py for tasks to queue
[2024-10-28T17:27:51.328-0700] {logging_mixin.py:150} INFO - [2024-10-28T17:27:51.328-0700] {dagbag.py:541} INFO - Filling up the DagBag from /Users/saiprasadreddykolan/airflow_venv/lib/python3.10/site-packages/airflow/example_dags/example_params_ui_tutorial.py
[2024-10-28T17:27:51.364-0700] {processor.py:836} INFO - DAG(s) dict_keys(['example_params_ui_tutorial']) retrieved from /Users/saiprasadreddykolan/airflow_venv/lib/python3.10/site-packages/airflow/example_dags/example_params_ui_tutorial.py
[2024-10-28T17:27:51.572-0700] {logging_mixin.py:150} INFO - [2024-10-28T17:27:51.571-0700] {dag.py:2742} INFO - Sync 1 DAGs
[2024-10-28T17:27:51.577-0700] {logging_mixin.py:150} INFO - [2024-10-28T17:27:51.577-0700] {dag.py:3504} INFO - Setting next_dagrun for example_params_ui_tutorial to None, run_after=None
[2024-10-28T17:27:51.583-0700] {processor.py:179} INFO - Processing /Users/saiprasadreddykolan/airflow_venv/lib/python3.10/site-packages/airflow/example_dags/example_params_ui_tutorial.py took 0.257 seconds
[2024-10-28T17:29:23.217-0700] {processor.py:157} INFO - Started process (PID=71106) to work on /Users/saiprasadreddykolan/airflow_venv/lib/python3.10/site-packages/airflow/example_dags/example_params_ui_tutorial.py
[2024-10-28T17:29:23.219-0700] {processor.py:826} INFO - Processing file /Users/saiprasadreddykolan/airflow_venv/lib/python3.10/site-packages/airflow/example_dags/example_params_ui_tutorial.py for tasks to queue
[2024-10-28T17:29:23.219-0700] {logging_mixin.py:150} INFO - [2024-10-28T17:29:23.219-0700] {dagbag.py:541} INFO - Filling up the DagBag from /Users/saiprasadreddykolan/airflow_venv/lib/python3.10/site-packages/airflow/example_dags/example_params_ui_tutorial.py
[2024-10-28T17:29:23.256-0700] {processor.py:836} INFO - DAG(s) dict_keys(['example_params_ui_tutorial']) retrieved from /Users/saiprasadreddykolan/airflow_venv/lib/python3.10/site-packages/airflow/example_dags/example_params_ui_tutorial.py
[2024-10-28T17:29:23.466-0700] {logging_mixin.py:150} INFO - [2024-10-28T17:29:23.466-0700] {dag.py:2742} INFO - Sync 1 DAGs
[2024-10-28T17:29:23.472-0700] {logging_mixin.py:150} INFO - [2024-10-28T17:29:23.472-0700] {dag.py:3504} INFO - Setting next_dagrun for example_params_ui_tutorial to None, run_after=None
[2024-10-28T17:29:23.479-0700] {processor.py:179} INFO - Processing /Users/saiprasadreddykolan/airflow_venv/lib/python3.10/site-packages/airflow/example_dags/example_params_ui_tutorial.py took 0.262 seconds
[2024-10-28T17:31:00.833-0700] {processor.py:157} INFO - Started process (PID=71174) to work on /Users/saiprasadreddykolan/airflow_venv/lib/python3.10/site-packages/airflow/example_dags/example_params_ui_tutorial.py
[2024-10-28T17:31:00.836-0700] {processor.py:826} INFO - Processing file /Users/saiprasadreddykolan/airflow_venv/lib/python3.10/site-packages/airflow/example_dags/example_params_ui_tutorial.py for tasks to queue
[2024-10-28T17:31:00.836-0700] {logging_mixin.py:150} INFO - [2024-10-28T17:31:00.836-0700] {dagbag.py:541} INFO - Filling up the DagBag from /Users/saiprasadreddykolan/airflow_venv/lib/python3.10/site-packages/airflow/example_dags/example_params_ui_tutorial.py
[2024-10-28T17:31:00.871-0700] {processor.py:836} INFO - DAG(s) dict_keys(['example_params_ui_tutorial']) retrieved from /Users/saiprasadreddykolan/airflow_venv/lib/python3.10/site-packages/airflow/example_dags/example_params_ui_tutorial.py
[2024-10-28T17:31:01.084-0700] {logging_mixin.py:150} INFO - [2024-10-28T17:31:01.084-0700] {dag.py:2742} INFO - Sync 1 DAGs
[2024-10-28T17:31:01.090-0700] {logging_mixin.py:150} INFO - [2024-10-28T17:31:01.090-0700] {dag.py:3504} INFO - Setting next_dagrun for example_params_ui_tutorial to None, run_after=None
[2024-10-28T17:31:01.096-0700] {processor.py:179} INFO - Processing /Users/saiprasadreddykolan/airflow_venv/lib/python3.10/site-packages/airflow/example_dags/example_params_ui_tutorial.py took 0.263 seconds
[2024-10-28T17:32:30.169-0700] {processor.py:157} INFO - Started process (PID=71242) to work on /Users/saiprasadreddykolan/airflow_venv/lib/python3.10/site-packages/airflow/example_dags/example_params_ui_tutorial.py
[2024-10-28T17:32:30.171-0700] {processor.py:826} INFO - Processing file /Users/saiprasadreddykolan/airflow_venv/lib/python3.10/site-packages/airflow/example_dags/example_params_ui_tutorial.py for tasks to queue
[2024-10-28T17:32:30.171-0700] {logging_mixin.py:150} INFO - [2024-10-28T17:32:30.171-0700] {dagbag.py:541} INFO - Filling up the DagBag from /Users/saiprasadreddykolan/airflow_venv/lib/python3.10/site-packages/airflow/example_dags/example_params_ui_tutorial.py
[2024-10-28T17:32:30.206-0700] {processor.py:836} INFO - DAG(s) dict_keys(['example_params_ui_tutorial']) retrieved from /Users/saiprasadreddykolan/airflow_venv/lib/python3.10/site-packages/airflow/example_dags/example_params_ui_tutorial.py
[2024-10-28T17:32:30.413-0700] {logging_mixin.py:150} INFO - [2024-10-28T17:32:30.413-0700] {dag.py:2742} INFO - Sync 1 DAGs
[2024-10-28T17:32:30.419-0700] {logging_mixin.py:150} INFO - [2024-10-28T17:32:30.419-0700] {dag.py:3504} INFO - Setting next_dagrun for example_params_ui_tutorial to None, run_after=None
[2024-10-28T17:32:30.425-0700] {processor.py:179} INFO - Processing /Users/saiprasadreddykolan/airflow_venv/lib/python3.10/site-packages/airflow/example_dags/example_params_ui_tutorial.py took 0.257 seconds
[2024-10-28T17:34:06.717-0700] {processor.py:157} INFO - Started process (PID=71310) to work on /Users/saiprasadreddykolan/airflow_venv/lib/python3.10/site-packages/airflow/example_dags/example_params_ui_tutorial.py
[2024-10-28T17:34:06.720-0700] {processor.py:826} INFO - Processing file /Users/saiprasadreddykolan/airflow_venv/lib/python3.10/site-packages/airflow/example_dags/example_params_ui_tutorial.py for tasks to queue
[2024-10-28T17:34:06.720-0700] {logging_mixin.py:150} INFO - [2024-10-28T17:34:06.720-0700] {dagbag.py:541} INFO - Filling up the DagBag from /Users/saiprasadreddykolan/airflow_venv/lib/python3.10/site-packages/airflow/example_dags/example_params_ui_tutorial.py
[2024-10-28T17:34:06.756-0700] {processor.py:836} INFO - DAG(s) dict_keys(['example_params_ui_tutorial']) retrieved from /Users/saiprasadreddykolan/airflow_venv/lib/python3.10/site-packages/airflow/example_dags/example_params_ui_tutorial.py
[2024-10-28T17:34:06.964-0700] {logging_mixin.py:150} INFO - [2024-10-28T17:34:06.964-0700] {dag.py:2742} INFO - Sync 1 DAGs
[2024-10-28T17:34:06.969-0700] {logging_mixin.py:150} INFO - [2024-10-28T17:34:06.969-0700] {dag.py:3504} INFO - Setting next_dagrun for example_params_ui_tutorial to None, run_after=None
[2024-10-28T17:34:06.975-0700] {processor.py:179} INFO - Processing /Users/saiprasadreddykolan/airflow_venv/lib/python3.10/site-packages/airflow/example_dags/example_params_ui_tutorial.py took 0.258 seconds
[2024-10-28T17:35:42.568-0700] {processor.py:157} INFO - Started process (PID=71373) to work on /Users/saiprasadreddykolan/airflow_venv/lib/python3.10/site-packages/airflow/example_dags/example_params_ui_tutorial.py
[2024-10-28T17:35:42.571-0700] {processor.py:826} INFO - Processing file /Users/saiprasadreddykolan/airflow_venv/lib/python3.10/site-packages/airflow/example_dags/example_params_ui_tutorial.py for tasks to queue
[2024-10-28T17:35:42.571-0700] {logging_mixin.py:150} INFO - [2024-10-28T17:35:42.571-0700] {dagbag.py:541} INFO - Filling up the DagBag from /Users/saiprasadreddykolan/airflow_venv/lib/python3.10/site-packages/airflow/example_dags/example_params_ui_tutorial.py
[2024-10-28T17:35:42.606-0700] {processor.py:836} INFO - DAG(s) dict_keys(['example_params_ui_tutorial']) retrieved from /Users/saiprasadreddykolan/airflow_venv/lib/python3.10/site-packages/airflow/example_dags/example_params_ui_tutorial.py
[2024-10-28T17:35:42.814-0700] {logging_mixin.py:150} INFO - [2024-10-28T17:35:42.814-0700] {dag.py:2742} INFO - Sync 1 DAGs
[2024-10-28T17:35:42.820-0700] {logging_mixin.py:150} INFO - [2024-10-28T17:35:42.819-0700] {dag.py:3504} INFO - Setting next_dagrun for example_params_ui_tutorial to None, run_after=None
[2024-10-28T17:35:42.825-0700] {processor.py:179} INFO - Processing /Users/saiprasadreddykolan/airflow_venv/lib/python3.10/site-packages/airflow/example_dags/example_params_ui_tutorial.py took 0.257 seconds
[2024-10-28T17:37:16.511-0700] {processor.py:157} INFO - Started process (PID=71453) to work on /Users/saiprasadreddykolan/airflow_venv/lib/python3.10/site-packages/airflow/example_dags/example_params_ui_tutorial.py
[2024-10-28T17:37:16.513-0700] {processor.py:826} INFO - Processing file /Users/saiprasadreddykolan/airflow_venv/lib/python3.10/site-packages/airflow/example_dags/example_params_ui_tutorial.py for tasks to queue
[2024-10-28T17:37:16.513-0700] {logging_mixin.py:150} INFO - [2024-10-28T17:37:16.513-0700] {dagbag.py:541} INFO - Filling up the DagBag from /Users/saiprasadreddykolan/airflow_venv/lib/python3.10/site-packages/airflow/example_dags/example_params_ui_tutorial.py
[2024-10-28T17:37:16.549-0700] {processor.py:836} INFO - DAG(s) dict_keys(['example_params_ui_tutorial']) retrieved from /Users/saiprasadreddykolan/airflow_venv/lib/python3.10/site-packages/airflow/example_dags/example_params_ui_tutorial.py
[2024-10-28T17:37:16.759-0700] {logging_mixin.py:150} INFO - [2024-10-28T17:37:16.759-0700] {dag.py:2742} INFO - Sync 1 DAGs
[2024-10-28T17:37:16.767-0700] {logging_mixin.py:150} INFO - [2024-10-28T17:37:16.767-0700] {dag.py:3504} INFO - Setting next_dagrun for example_params_ui_tutorial to None, run_after=None
[2024-10-28T17:37:16.773-0700] {processor.py:179} INFO - Processing /Users/saiprasadreddykolan/airflow_venv/lib/python3.10/site-packages/airflow/example_dags/example_params_ui_tutorial.py took 0.262 seconds
