[2024-10-28T17:01:12.935-0700] {processor.py:157} INFO - Started process (PID=69779) to work on /Users/saiprasadreddykolan/airflow_venv/lib/python3.10/site-packages/airflow/example_dags/example_branch_day_of_week_operator.py
[2024-10-28T17:01:12.938-0700] {processor.py:826} INFO - Processing file /Users/saiprasadreddykolan/airflow_venv/lib/python3.10/site-packages/airflow/example_dags/example_branch_day_of_week_operator.py for tasks to queue
[2024-10-28T17:01:12.938-0700] {logging_mixin.py:150} INFO - [2024-10-28T17:01:12.938-0700] {dagbag.py:541} INFO - Filling up the DagBag from /Users/saiprasadreddykolan/airflow_venv/lib/python3.10/site-packages/airflow/example_dags/example_branch_day_of_week_operator.py
[2024-10-28T17:01:12.946-0700] {processor.py:836} INFO - DAG(s) dict_keys(['example_weekday_branch_operator']) retrieved from /Users/saiprasadreddykolan/airflow_venv/lib/python3.10/site-packages/airflow/example_dags/example_branch_day_of_week_operator.py
[2024-10-28T17:01:13.165-0700] {logging_mixin.py:150} INFO - [2024-10-28T17:01:13.165-0700] {dag.py:2742} INFO - Sync 1 DAGs
[2024-10-28T17:01:13.171-0700] {logging_mixin.py:150} INFO - [2024-10-28T17:01:13.171-0700] {dag.py:3504} INFO - Setting next_dagrun for example_weekday_branch_operator to 2024-10-28T00:00:00+00:00, run_after=2024-10-29T00:00:00+00:00
[2024-10-28T17:01:13.178-0700] {processor.py:179} INFO - Processing /Users/saiprasadreddykolan/airflow_venv/lib/python3.10/site-packages/airflow/example_dags/example_branch_day_of_week_operator.py took 0.243 seconds
[2024-10-28T17:02:38.117-0700] {processor.py:157} INFO - Started process (PID=69837) to work on /Users/saiprasadreddykolan/airflow_venv/lib/python3.10/site-packages/airflow/example_dags/example_branch_day_of_week_operator.py
[2024-10-28T17:02:38.120-0700] {processor.py:826} INFO - Processing file /Users/saiprasadreddykolan/airflow_venv/lib/python3.10/site-packages/airflow/example_dags/example_branch_day_of_week_operator.py for tasks to queue
[2024-10-28T17:02:38.120-0700] {logging_mixin.py:150} INFO - [2024-10-28T17:02:38.120-0700] {dagbag.py:541} INFO - Filling up the DagBag from /Users/saiprasadreddykolan/airflow_venv/lib/python3.10/site-packages/airflow/example_dags/example_branch_day_of_week_operator.py
[2024-10-28T17:02:38.128-0700] {processor.py:836} INFO - DAG(s) dict_keys(['example_weekday_branch_operator']) retrieved from /Users/saiprasadreddykolan/airflow_venv/lib/python3.10/site-packages/airflow/example_dags/example_branch_day_of_week_operator.py
[2024-10-28T17:02:38.345-0700] {logging_mixin.py:150} INFO - [2024-10-28T17:02:38.345-0700] {dag.py:2742} INFO - Sync 1 DAGs
[2024-10-28T17:02:38.352-0700] {logging_mixin.py:150} INFO - [2024-10-28T17:02:38.352-0700] {dag.py:3504} INFO - Setting next_dagrun for example_weekday_branch_operator to 2024-10-28T00:00:00+00:00, run_after=2024-10-29T00:00:00+00:00
[2024-10-28T17:02:38.357-0700] {processor.py:179} INFO - Processing /Users/saiprasadreddykolan/airflow_venv/lib/python3.10/site-packages/airflow/example_dags/example_branch_day_of_week_operator.py took 0.240 seconds
[2024-10-28T17:04:07.634-0700] {processor.py:157} INFO - Started process (PID=69898) to work on /Users/saiprasadreddykolan/airflow_venv/lib/python3.10/site-packages/airflow/example_dags/example_branch_day_of_week_operator.py
[2024-10-28T17:04:07.637-0700] {processor.py:826} INFO - Processing file /Users/saiprasadreddykolan/airflow_venv/lib/python3.10/site-packages/airflow/example_dags/example_branch_day_of_week_operator.py for tasks to queue
[2024-10-28T17:04:07.637-0700] {logging_mixin.py:150} INFO - [2024-10-28T17:04:07.637-0700] {dagbag.py:541} INFO - Filling up the DagBag from /Users/saiprasadreddykolan/airflow_venv/lib/python3.10/site-packages/airflow/example_dags/example_branch_day_of_week_operator.py
[2024-10-28T17:04:07.645-0700] {processor.py:836} INFO - DAG(s) dict_keys(['example_weekday_branch_operator']) retrieved from /Users/saiprasadreddykolan/airflow_venv/lib/python3.10/site-packages/airflow/example_dags/example_branch_day_of_week_operator.py
[2024-10-28T17:04:07.865-0700] {logging_mixin.py:150} INFO - [2024-10-28T17:04:07.865-0700] {dag.py:2742} INFO - Sync 1 DAGs
[2024-10-28T17:04:07.871-0700] {logging_mixin.py:150} INFO - [2024-10-28T17:04:07.871-0700] {dag.py:3504} INFO - Setting next_dagrun for example_weekday_branch_operator to 2024-10-28T00:00:00+00:00, run_after=2024-10-29T00:00:00+00:00
[2024-10-28T17:04:07.877-0700] {processor.py:179} INFO - Processing /Users/saiprasadreddykolan/airflow_venv/lib/python3.10/site-packages/airflow/example_dags/example_branch_day_of_week_operator.py took 0.243 seconds
[2024-10-28T17:05:43.318-0700] {processor.py:157} INFO - Started process (PID=69965) to work on /Users/saiprasadreddykolan/airflow_venv/lib/python3.10/site-packages/airflow/example_dags/example_branch_day_of_week_operator.py
[2024-10-28T17:05:43.321-0700] {processor.py:826} INFO - Processing file /Users/saiprasadreddykolan/airflow_venv/lib/python3.10/site-packages/airflow/example_dags/example_branch_day_of_week_operator.py for tasks to queue
[2024-10-28T17:05:43.321-0700] {logging_mixin.py:150} INFO - [2024-10-28T17:05:43.321-0700] {dagbag.py:541} INFO - Filling up the DagBag from /Users/saiprasadreddykolan/airflow_venv/lib/python3.10/site-packages/airflow/example_dags/example_branch_day_of_week_operator.py
[2024-10-28T17:05:43.329-0700] {processor.py:836} INFO - DAG(s) dict_keys(['example_weekday_branch_operator']) retrieved from /Users/saiprasadreddykolan/airflow_venv/lib/python3.10/site-packages/airflow/example_dags/example_branch_day_of_week_operator.py
[2024-10-28T17:05:43.548-0700] {logging_mixin.py:150} INFO - [2024-10-28T17:05:43.548-0700] {dag.py:2742} INFO - Sync 1 DAGs
[2024-10-28T17:05:43.554-0700] {logging_mixin.py:150} INFO - [2024-10-28T17:05:43.554-0700] {dag.py:3504} INFO - Setting next_dagrun for example_weekday_branch_operator to 2024-10-28T00:00:00+00:00, run_after=2024-10-29T00:00:00+00:00
[2024-10-28T17:05:43.560-0700] {processor.py:179} INFO - Processing /Users/saiprasadreddykolan/airflow_venv/lib/python3.10/site-packages/airflow/example_dags/example_branch_day_of_week_operator.py took 0.242 seconds
[2024-10-28T17:07:15.733-0700] {processor.py:157} INFO - Started process (PID=70032) to work on /Users/saiprasadreddykolan/airflow_venv/lib/python3.10/site-packages/airflow/example_dags/example_branch_day_of_week_operator.py
[2024-10-28T17:07:15.735-0700] {processor.py:826} INFO - Processing file /Users/saiprasadreddykolan/airflow_venv/lib/python3.10/site-packages/airflow/example_dags/example_branch_day_of_week_operator.py for tasks to queue
[2024-10-28T17:07:15.735-0700] {logging_mixin.py:150} INFO - [2024-10-28T17:07:15.735-0700] {dagbag.py:541} INFO - Filling up the DagBag from /Users/saiprasadreddykolan/airflow_venv/lib/python3.10/site-packages/airflow/example_dags/example_branch_day_of_week_operator.py
[2024-10-28T17:07:15.744-0700] {processor.py:836} INFO - DAG(s) dict_keys(['example_weekday_branch_operator']) retrieved from /Users/saiprasadreddykolan/airflow_venv/lib/python3.10/site-packages/airflow/example_dags/example_branch_day_of_week_operator.py
[2024-10-28T17:07:15.969-0700] {logging_mixin.py:150} INFO - [2024-10-28T17:07:15.969-0700] {dag.py:2742} INFO - Sync 1 DAGs
[2024-10-28T17:07:15.975-0700] {logging_mixin.py:150} INFO - [2024-10-28T17:07:15.975-0700] {dag.py:3504} INFO - Setting next_dagrun for example_weekday_branch_operator to 2024-10-28T00:00:00+00:00, run_after=2024-10-29T00:00:00+00:00
[2024-10-28T17:07:15.981-0700] {processor.py:179} INFO - Processing /Users/saiprasadreddykolan/airflow_venv/lib/python3.10/site-packages/airflow/example_dags/example_branch_day_of_week_operator.py took 0.249 seconds
[2024-10-28T17:08:39.608-0700] {processor.py:157} INFO - Started process (PID=70091) to work on /Users/saiprasadreddykolan/airflow_venv/lib/python3.10/site-packages/airflow/example_dags/example_branch_day_of_week_operator.py
[2024-10-28T17:08:39.610-0700] {processor.py:826} INFO - Processing file /Users/saiprasadreddykolan/airflow_venv/lib/python3.10/site-packages/airflow/example_dags/example_branch_day_of_week_operator.py for tasks to queue
[2024-10-28T17:08:39.610-0700] {logging_mixin.py:150} INFO - [2024-10-28T17:08:39.610-0700] {dagbag.py:541} INFO - Filling up the DagBag from /Users/saiprasadreddykolan/airflow_venv/lib/python3.10/site-packages/airflow/example_dags/example_branch_day_of_week_operator.py
[2024-10-28T17:08:39.618-0700] {processor.py:836} INFO - DAG(s) dict_keys(['example_weekday_branch_operator']) retrieved from /Users/saiprasadreddykolan/airflow_venv/lib/python3.10/site-packages/airflow/example_dags/example_branch_day_of_week_operator.py
[2024-10-28T17:08:39.837-0700] {logging_mixin.py:150} INFO - [2024-10-28T17:08:39.837-0700] {dag.py:2742} INFO - Sync 1 DAGs
[2024-10-28T17:08:39.843-0700] {logging_mixin.py:150} INFO - [2024-10-28T17:08:39.843-0700] {dag.py:3504} INFO - Setting next_dagrun for example_weekday_branch_operator to 2024-10-28T00:00:00+00:00, run_after=2024-10-29T00:00:00+00:00
[2024-10-28T17:08:39.849-0700] {processor.py:179} INFO - Processing /Users/saiprasadreddykolan/airflow_venv/lib/python3.10/site-packages/airflow/example_dags/example_branch_day_of_week_operator.py took 0.242 seconds
[2024-10-28T17:10:15.692-0700] {processor.py:157} INFO - Started process (PID=70150) to work on /Users/saiprasadreddykolan/airflow_venv/lib/python3.10/site-packages/airflow/example_dags/example_branch_day_of_week_operator.py
[2024-10-28T17:10:15.694-0700] {processor.py:826} INFO - Processing file /Users/saiprasadreddykolan/airflow_venv/lib/python3.10/site-packages/airflow/example_dags/example_branch_day_of_week_operator.py for tasks to queue
[2024-10-28T17:10:15.695-0700] {logging_mixin.py:150} INFO - [2024-10-28T17:10:15.695-0700] {dagbag.py:541} INFO - Filling up the DagBag from /Users/saiprasadreddykolan/airflow_venv/lib/python3.10/site-packages/airflow/example_dags/example_branch_day_of_week_operator.py
[2024-10-28T17:10:15.703-0700] {processor.py:836} INFO - DAG(s) dict_keys(['example_weekday_branch_operator']) retrieved from /Users/saiprasadreddykolan/airflow_venv/lib/python3.10/site-packages/airflow/example_dags/example_branch_day_of_week_operator.py
[2024-10-28T17:10:15.919-0700] {logging_mixin.py:150} INFO - [2024-10-28T17:10:15.919-0700] {dag.py:2742} INFO - Sync 1 DAGs
[2024-10-28T17:10:15.925-0700] {logging_mixin.py:150} INFO - [2024-10-28T17:10:15.925-0700] {dag.py:3504} INFO - Setting next_dagrun for example_weekday_branch_operator to 2024-10-28T00:00:00+00:00, run_after=2024-10-29T00:00:00+00:00
[2024-10-28T17:10:15.931-0700] {processor.py:179} INFO - Processing /Users/saiprasadreddykolan/airflow_venv/lib/python3.10/site-packages/airflow/example_dags/example_branch_day_of_week_operator.py took 0.239 seconds
[2024-10-28T17:11:50.513-0700] {processor.py:157} INFO - Started process (PID=70210) to work on /Users/saiprasadreddykolan/airflow_venv/lib/python3.10/site-packages/airflow/example_dags/example_branch_day_of_week_operator.py
[2024-10-28T17:11:50.515-0700] {processor.py:826} INFO - Processing file /Users/saiprasadreddykolan/airflow_venv/lib/python3.10/site-packages/airflow/example_dags/example_branch_day_of_week_operator.py for tasks to queue
[2024-10-28T17:11:50.515-0700] {logging_mixin.py:150} INFO - [2024-10-28T17:11:50.515-0700] {dagbag.py:541} INFO - Filling up the DagBag from /Users/saiprasadreddykolan/airflow_venv/lib/python3.10/site-packages/airflow/example_dags/example_branch_day_of_week_operator.py
[2024-10-28T17:11:50.523-0700] {processor.py:836} INFO - DAG(s) dict_keys(['example_weekday_branch_operator']) retrieved from /Users/saiprasadreddykolan/airflow_venv/lib/python3.10/site-packages/airflow/example_dags/example_branch_day_of_week_operator.py
[2024-10-28T17:11:50.750-0700] {logging_mixin.py:150} INFO - [2024-10-28T17:11:50.750-0700] {dag.py:2742} INFO - Sync 1 DAGs
[2024-10-28T17:11:50.757-0700] {logging_mixin.py:150} INFO - [2024-10-28T17:11:50.756-0700] {dag.py:3504} INFO - Setting next_dagrun for example_weekday_branch_operator to 2024-10-28T00:00:00+00:00, run_after=2024-10-29T00:00:00+00:00
[2024-10-28T17:11:50.763-0700] {processor.py:179} INFO - Processing /Users/saiprasadreddykolan/airflow_venv/lib/python3.10/site-packages/airflow/example_dags/example_branch_day_of_week_operator.py took 0.250 seconds
[2024-10-28T17:13:18.907-0700] {processor.py:157} INFO - Started process (PID=70269) to work on /Users/saiprasadreddykolan/airflow_venv/lib/python3.10/site-packages/airflow/example_dags/example_branch_day_of_week_operator.py
[2024-10-28T17:13:18.909-0700] {processor.py:826} INFO - Processing file /Users/saiprasadreddykolan/airflow_venv/lib/python3.10/site-packages/airflow/example_dags/example_branch_day_of_week_operator.py for tasks to queue
[2024-10-28T17:13:18.910-0700] {logging_mixin.py:150} INFO - [2024-10-28T17:13:18.909-0700] {dagbag.py:541} INFO - Filling up the DagBag from /Users/saiprasadreddykolan/airflow_venv/lib/python3.10/site-packages/airflow/example_dags/example_branch_day_of_week_operator.py
[2024-10-28T17:13:18.918-0700] {processor.py:836} INFO - DAG(s) dict_keys(['example_weekday_branch_operator']) retrieved from /Users/saiprasadreddykolan/airflow_venv/lib/python3.10/site-packages/airflow/example_dags/example_branch_day_of_week_operator.py
[2024-10-28T17:13:19.154-0700] {logging_mixin.py:150} INFO - [2024-10-28T17:13:19.154-0700] {dag.py:2742} INFO - Sync 1 DAGs
[2024-10-28T17:13:19.161-0700] {logging_mixin.py:150} INFO - [2024-10-28T17:13:19.161-0700] {dag.py:3504} INFO - Setting next_dagrun for example_weekday_branch_operator to 2024-10-28T00:00:00+00:00, run_after=2024-10-29T00:00:00+00:00
[2024-10-28T17:13:19.169-0700] {processor.py:179} INFO - Processing /Users/saiprasadreddykolan/airflow_venv/lib/python3.10/site-packages/airflow/example_dags/example_branch_day_of_week_operator.py took 0.261 seconds
[2024-10-28T17:14:43.937-0700] {processor.py:157} INFO - Started process (PID=70330) to work on /Users/saiprasadreddykolan/airflow_venv/lib/python3.10/site-packages/airflow/example_dags/example_branch_day_of_week_operator.py
[2024-10-28T17:14:43.940-0700] {processor.py:826} INFO - Processing file /Users/saiprasadreddykolan/airflow_venv/lib/python3.10/site-packages/airflow/example_dags/example_branch_day_of_week_operator.py for tasks to queue
[2024-10-28T17:14:43.940-0700] {logging_mixin.py:150} INFO - [2024-10-28T17:14:43.940-0700] {dagbag.py:541} INFO - Filling up the DagBag from /Users/saiprasadreddykolan/airflow_venv/lib/python3.10/site-packages/airflow/example_dags/example_branch_day_of_week_operator.py
[2024-10-28T17:14:43.948-0700] {processor.py:836} INFO - DAG(s) dict_keys(['example_weekday_branch_operator']) retrieved from /Users/saiprasadreddykolan/airflow_venv/lib/python3.10/site-packages/airflow/example_dags/example_branch_day_of_week_operator.py
[2024-10-28T17:14:44.165-0700] {logging_mixin.py:150} INFO - [2024-10-28T17:14:44.165-0700] {dag.py:2742} INFO - Sync 1 DAGs
[2024-10-28T17:14:44.171-0700] {logging_mixin.py:150} INFO - [2024-10-28T17:14:44.171-0700] {dag.py:3504} INFO - Setting next_dagrun for example_weekday_branch_operator to 2024-10-28T00:00:00+00:00, run_after=2024-10-29T00:00:00+00:00
[2024-10-28T17:14:44.177-0700] {processor.py:179} INFO - Processing /Users/saiprasadreddykolan/airflow_venv/lib/python3.10/site-packages/airflow/example_dags/example_branch_day_of_week_operator.py took 0.241 seconds
[2024-10-28T17:16:20.403-0700] {processor.py:157} INFO - Started process (PID=70454) to work on /Users/saiprasadreddykolan/airflow_venv/lib/python3.10/site-packages/airflow/example_dags/example_branch_day_of_week_operator.py
[2024-10-28T17:16:20.405-0700] {processor.py:826} INFO - Processing file /Users/saiprasadreddykolan/airflow_venv/lib/python3.10/site-packages/airflow/example_dags/example_branch_day_of_week_operator.py for tasks to queue
[2024-10-28T17:16:20.405-0700] {logging_mixin.py:150} INFO - [2024-10-28T17:16:20.405-0700] {dagbag.py:541} INFO - Filling up the DagBag from /Users/saiprasadreddykolan/airflow_venv/lib/python3.10/site-packages/airflow/example_dags/example_branch_day_of_week_operator.py
[2024-10-28T17:16:20.414-0700] {processor.py:836} INFO - DAG(s) dict_keys(['example_weekday_branch_operator']) retrieved from /Users/saiprasadreddykolan/airflow_venv/lib/python3.10/site-packages/airflow/example_dags/example_branch_day_of_week_operator.py
[2024-10-28T17:16:20.676-0700] {logging_mixin.py:150} INFO - [2024-10-28T17:16:20.676-0700] {dag.py:2742} INFO - Sync 1 DAGs
[2024-10-28T17:16:20.684-0700] {logging_mixin.py:150} INFO - [2024-10-28T17:16:20.684-0700] {dag.py:3504} INFO - Setting next_dagrun for example_weekday_branch_operator to 2024-10-28T00:00:00+00:00, run_after=2024-10-29T00:00:00+00:00
[2024-10-28T17:16:20.692-0700] {processor.py:179} INFO - Processing /Users/saiprasadreddykolan/airflow_venv/lib/python3.10/site-packages/airflow/example_dags/example_branch_day_of_week_operator.py took 0.290 seconds
[2024-10-28T17:17:55.314-0700] {processor.py:157} INFO - Started process (PID=70519) to work on /Users/saiprasadreddykolan/airflow_venv/lib/python3.10/site-packages/airflow/example_dags/example_branch_day_of_week_operator.py
[2024-10-28T17:17:55.316-0700] {processor.py:826} INFO - Processing file /Users/saiprasadreddykolan/airflow_venv/lib/python3.10/site-packages/airflow/example_dags/example_branch_day_of_week_operator.py for tasks to queue
[2024-10-28T17:17:55.316-0700] {logging_mixin.py:150} INFO - [2024-10-28T17:17:55.316-0700] {dagbag.py:541} INFO - Filling up the DagBag from /Users/saiprasadreddykolan/airflow_venv/lib/python3.10/site-packages/airflow/example_dags/example_branch_day_of_week_operator.py
[2024-10-28T17:17:55.325-0700] {processor.py:836} INFO - DAG(s) dict_keys(['example_weekday_branch_operator']) retrieved from /Users/saiprasadreddykolan/airflow_venv/lib/python3.10/site-packages/airflow/example_dags/example_branch_day_of_week_operator.py
[2024-10-28T17:17:55.557-0700] {logging_mixin.py:150} INFO - [2024-10-28T17:17:55.556-0700] {dag.py:2742} INFO - Sync 1 DAGs
[2024-10-28T17:17:55.564-0700] {logging_mixin.py:150} INFO - [2024-10-28T17:17:55.564-0700] {dag.py:3504} INFO - Setting next_dagrun for example_weekday_branch_operator to 2024-10-28T00:00:00+00:00, run_after=2024-10-29T00:00:00+00:00
[2024-10-28T17:17:55.571-0700] {processor.py:179} INFO - Processing /Users/saiprasadreddykolan/airflow_venv/lib/python3.10/site-packages/airflow/example_dags/example_branch_day_of_week_operator.py took 0.258 seconds
[2024-10-28T17:19:27.113-0700] {processor.py:157} INFO - Started process (PID=70611) to work on /Users/saiprasadreddykolan/airflow_venv/lib/python3.10/site-packages/airflow/example_dags/example_branch_day_of_week_operator.py
[2024-10-28T17:19:27.116-0700] {processor.py:826} INFO - Processing file /Users/saiprasadreddykolan/airflow_venv/lib/python3.10/site-packages/airflow/example_dags/example_branch_day_of_week_operator.py for tasks to queue
[2024-10-28T17:19:27.116-0700] {logging_mixin.py:150} INFO - [2024-10-28T17:19:27.116-0700] {dagbag.py:541} INFO - Filling up the DagBag from /Users/saiprasadreddykolan/airflow_venv/lib/python3.10/site-packages/airflow/example_dags/example_branch_day_of_week_operator.py
[2024-10-28T17:19:27.124-0700] {processor.py:836} INFO - DAG(s) dict_keys(['example_weekday_branch_operator']) retrieved from /Users/saiprasadreddykolan/airflow_venv/lib/python3.10/site-packages/airflow/example_dags/example_branch_day_of_week_operator.py
[2024-10-28T17:19:27.344-0700] {logging_mixin.py:150} INFO - [2024-10-28T17:19:27.344-0700] {dag.py:2742} INFO - Sync 1 DAGs
[2024-10-28T17:19:27.350-0700] {logging_mixin.py:150} INFO - [2024-10-28T17:19:27.350-0700] {dag.py:3504} INFO - Setting next_dagrun for example_weekday_branch_operator to 2024-10-28T00:00:00+00:00, run_after=2024-10-29T00:00:00+00:00
[2024-10-28T17:19:27.356-0700] {processor.py:179} INFO - Processing /Users/saiprasadreddykolan/airflow_venv/lib/python3.10/site-packages/airflow/example_dags/example_branch_day_of_week_operator.py took 0.243 seconds
[2024-10-28T17:21:02.992-0700] {processor.py:157} INFO - Started process (PID=70673) to work on /Users/saiprasadreddykolan/airflow_venv/lib/python3.10/site-packages/airflow/example_dags/example_branch_day_of_week_operator.py
[2024-10-28T17:21:02.996-0700] {processor.py:826} INFO - Processing file /Users/saiprasadreddykolan/airflow_venv/lib/python3.10/site-packages/airflow/example_dags/example_branch_day_of_week_operator.py for tasks to queue
[2024-10-28T17:21:02.996-0700] {logging_mixin.py:150} INFO - [2024-10-28T17:21:02.996-0700] {dagbag.py:541} INFO - Filling up the DagBag from /Users/saiprasadreddykolan/airflow_venv/lib/python3.10/site-packages/airflow/example_dags/example_branch_day_of_week_operator.py
[2024-10-28T17:21:03.009-0700] {processor.py:836} INFO - DAG(s) dict_keys(['example_weekday_branch_operator']) retrieved from /Users/saiprasadreddykolan/airflow_venv/lib/python3.10/site-packages/airflow/example_dags/example_branch_day_of_week_operator.py
[2024-10-28T17:21:03.232-0700] {logging_mixin.py:150} INFO - [2024-10-28T17:21:03.232-0700] {dag.py:2742} INFO - Sync 1 DAGs
[2024-10-28T17:21:03.238-0700] {logging_mixin.py:150} INFO - [2024-10-28T17:21:03.238-0700] {dag.py:3504} INFO - Setting next_dagrun for example_weekday_branch_operator to 2024-10-28T00:00:00+00:00, run_after=2024-10-29T00:00:00+00:00
[2024-10-28T17:21:03.245-0700] {processor.py:179} INFO - Processing /Users/saiprasadreddykolan/airflow_venv/lib/python3.10/site-packages/airflow/example_dags/example_branch_day_of_week_operator.py took 0.253 seconds
[2024-10-28T17:22:33.275-0700] {processor.py:157} INFO - Started process (PID=70736) to work on /Users/saiprasadreddykolan/airflow_venv/lib/python3.10/site-packages/airflow/example_dags/example_branch_day_of_week_operator.py
[2024-10-28T17:22:33.277-0700] {processor.py:826} INFO - Processing file /Users/saiprasadreddykolan/airflow_venv/lib/python3.10/site-packages/airflow/example_dags/example_branch_day_of_week_operator.py for tasks to queue
[2024-10-28T17:22:33.278-0700] {logging_mixin.py:150} INFO - [2024-10-28T17:22:33.278-0700] {dagbag.py:541} INFO - Filling up the DagBag from /Users/saiprasadreddykolan/airflow_venv/lib/python3.10/site-packages/airflow/example_dags/example_branch_day_of_week_operator.py
[2024-10-28T17:22:33.289-0700] {processor.py:836} INFO - DAG(s) dict_keys(['example_weekday_branch_operator']) retrieved from /Users/saiprasadreddykolan/airflow_venv/lib/python3.10/site-packages/airflow/example_dags/example_branch_day_of_week_operator.py
[2024-10-28T17:22:33.523-0700] {logging_mixin.py:150} INFO - [2024-10-28T17:22:33.523-0700] {dag.py:2742} INFO - Sync 1 DAGs
[2024-10-28T17:22:33.529-0700] {logging_mixin.py:150} INFO - [2024-10-28T17:22:33.529-0700] {dag.py:3504} INFO - Setting next_dagrun for example_weekday_branch_operator to 2024-10-28T00:00:00+00:00, run_after=2024-10-29T00:00:00+00:00
[2024-10-28T17:22:33.537-0700] {processor.py:179} INFO - Processing /Users/saiprasadreddykolan/airflow_venv/lib/python3.10/site-packages/airflow/example_dags/example_branch_day_of_week_operator.py took 0.263 seconds
[2024-10-28T17:23:58.430-0700] {processor.py:157} INFO - Started process (PID=70829) to work on /Users/saiprasadreddykolan/airflow_venv/lib/python3.10/site-packages/airflow/example_dags/example_branch_day_of_week_operator.py
[2024-10-28T17:23:58.432-0700] {processor.py:826} INFO - Processing file /Users/saiprasadreddykolan/airflow_venv/lib/python3.10/site-packages/airflow/example_dags/example_branch_day_of_week_operator.py for tasks to queue
[2024-10-28T17:23:58.433-0700] {logging_mixin.py:150} INFO - [2024-10-28T17:23:58.433-0700] {dagbag.py:541} INFO - Filling up the DagBag from /Users/saiprasadreddykolan/airflow_venv/lib/python3.10/site-packages/airflow/example_dags/example_branch_day_of_week_operator.py
[2024-10-28T17:23:58.441-0700] {processor.py:836} INFO - DAG(s) dict_keys(['example_weekday_branch_operator']) retrieved from /Users/saiprasadreddykolan/airflow_venv/lib/python3.10/site-packages/airflow/example_dags/example_branch_day_of_week_operator.py
[2024-10-28T17:23:58.683-0700] {logging_mixin.py:150} INFO - [2024-10-28T17:23:58.683-0700] {dag.py:2742} INFO - Sync 1 DAGs
[2024-10-28T17:23:58.691-0700] {logging_mixin.py:150} INFO - [2024-10-28T17:23:58.691-0700] {dag.py:3504} INFO - Setting next_dagrun for example_weekday_branch_operator to 2024-10-28T00:00:00+00:00, run_after=2024-10-29T00:00:00+00:00
[2024-10-28T17:23:58.698-0700] {processor.py:179} INFO - Processing /Users/saiprasadreddykolan/airflow_venv/lib/python3.10/site-packages/airflow/example_dags/example_branch_day_of_week_operator.py took 0.268 seconds
[2024-10-28T17:25:34.673-0700] {processor.py:157} INFO - Started process (PID=70919) to work on /Users/saiprasadreddykolan/airflow_venv/lib/python3.10/site-packages/airflow/example_dags/example_branch_day_of_week_operator.py
[2024-10-28T17:25:34.676-0700] {processor.py:826} INFO - Processing file /Users/saiprasadreddykolan/airflow_venv/lib/python3.10/site-packages/airflow/example_dags/example_branch_day_of_week_operator.py for tasks to queue
[2024-10-28T17:25:34.676-0700] {logging_mixin.py:150} INFO - [2024-10-28T17:25:34.676-0700] {dagbag.py:541} INFO - Filling up the DagBag from /Users/saiprasadreddykolan/airflow_venv/lib/python3.10/site-packages/airflow/example_dags/example_branch_day_of_week_operator.py
[2024-10-28T17:25:34.684-0700] {processor.py:836} INFO - DAG(s) dict_keys(['example_weekday_branch_operator']) retrieved from /Users/saiprasadreddykolan/airflow_venv/lib/python3.10/site-packages/airflow/example_dags/example_branch_day_of_week_operator.py
[2024-10-28T17:25:34.907-0700] {logging_mixin.py:150} INFO - [2024-10-28T17:25:34.906-0700] {dag.py:2742} INFO - Sync 1 DAGs
[2024-10-28T17:25:34.913-0700] {logging_mixin.py:150} INFO - [2024-10-28T17:25:34.913-0700] {dag.py:3504} INFO - Setting next_dagrun for example_weekday_branch_operator to 2024-10-28T00:00:00+00:00, run_after=2024-10-29T00:00:00+00:00
[2024-10-28T17:25:34.918-0700] {processor.py:179} INFO - Processing /Users/saiprasadreddykolan/airflow_venv/lib/python3.10/site-packages/airflow/example_dags/example_branch_day_of_week_operator.py took 0.246 seconds
[2024-10-28T17:27:09.000-0700] {processor.py:157} INFO - Started process (PID=70999) to work on /Users/saiprasadreddykolan/airflow_venv/lib/python3.10/site-packages/airflow/example_dags/example_branch_day_of_week_operator.py
[2024-10-28T17:27:09.003-0700] {processor.py:826} INFO - Processing file /Users/saiprasadreddykolan/airflow_venv/lib/python3.10/site-packages/airflow/example_dags/example_branch_day_of_week_operator.py for tasks to queue
[2024-10-28T17:27:09.003-0700] {logging_mixin.py:150} INFO - [2024-10-28T17:27:09.003-0700] {dagbag.py:541} INFO - Filling up the DagBag from /Users/saiprasadreddykolan/airflow_venv/lib/python3.10/site-packages/airflow/example_dags/example_branch_day_of_week_operator.py
[2024-10-28T17:27:09.011-0700] {processor.py:836} INFO - DAG(s) dict_keys(['example_weekday_branch_operator']) retrieved from /Users/saiprasadreddykolan/airflow_venv/lib/python3.10/site-packages/airflow/example_dags/example_branch_day_of_week_operator.py
[2024-10-28T17:27:09.230-0700] {logging_mixin.py:150} INFO - [2024-10-28T17:27:09.230-0700] {dag.py:2742} INFO - Sync 1 DAGs
[2024-10-28T17:27:09.237-0700] {logging_mixin.py:150} INFO - [2024-10-28T17:27:09.237-0700] {dag.py:3504} INFO - Setting next_dagrun for example_weekday_branch_operator to 2024-10-28T00:00:00+00:00, run_after=2024-10-29T00:00:00+00:00
[2024-10-28T17:27:09.243-0700] {processor.py:179} INFO - Processing /Users/saiprasadreddykolan/airflow_venv/lib/python3.10/site-packages/airflow/example_dags/example_branch_day_of_week_operator.py took 0.243 seconds
[2024-10-28T17:28:35.884-0700] {processor.py:157} INFO - Started process (PID=71063) to work on /Users/saiprasadreddykolan/airflow_venv/lib/python3.10/site-packages/airflow/example_dags/example_branch_day_of_week_operator.py
[2024-10-28T17:28:35.887-0700] {processor.py:826} INFO - Processing file /Users/saiprasadreddykolan/airflow_venv/lib/python3.10/site-packages/airflow/example_dags/example_branch_day_of_week_operator.py for tasks to queue
[2024-10-28T17:28:35.887-0700] {logging_mixin.py:150} INFO - [2024-10-28T17:28:35.887-0700] {dagbag.py:541} INFO - Filling up the DagBag from /Users/saiprasadreddykolan/airflow_venv/lib/python3.10/site-packages/airflow/example_dags/example_branch_day_of_week_operator.py
[2024-10-28T17:28:35.895-0700] {processor.py:836} INFO - DAG(s) dict_keys(['example_weekday_branch_operator']) retrieved from /Users/saiprasadreddykolan/airflow_venv/lib/python3.10/site-packages/airflow/example_dags/example_branch_day_of_week_operator.py
[2024-10-28T17:28:36.118-0700] {logging_mixin.py:150} INFO - [2024-10-28T17:28:36.118-0700] {dag.py:2742} INFO - Sync 1 DAGs
[2024-10-28T17:28:36.126-0700] {logging_mixin.py:150} INFO - [2024-10-28T17:28:36.126-0700] {dag.py:3504} INFO - Setting next_dagrun for example_weekday_branch_operator to 2024-10-28T00:00:00+00:00, run_after=2024-10-29T00:00:00+00:00
[2024-10-28T17:28:36.133-0700] {processor.py:179} INFO - Processing /Users/saiprasadreddykolan/airflow_venv/lib/python3.10/site-packages/airflow/example_dags/example_branch_day_of_week_operator.py took 0.249 seconds
[2024-10-28T17:30:13.862-0700] {processor.py:157} INFO - Started process (PID=71136) to work on /Users/saiprasadreddykolan/airflow_venv/lib/python3.10/site-packages/airflow/example_dags/example_branch_day_of_week_operator.py
[2024-10-28T17:30:13.864-0700] {processor.py:826} INFO - Processing file /Users/saiprasadreddykolan/airflow_venv/lib/python3.10/site-packages/airflow/example_dags/example_branch_day_of_week_operator.py for tasks to queue
[2024-10-28T17:30:13.865-0700] {logging_mixin.py:150} INFO - [2024-10-28T17:30:13.865-0700] {dagbag.py:541} INFO - Filling up the DagBag from /Users/saiprasadreddykolan/airflow_venv/lib/python3.10/site-packages/airflow/example_dags/example_branch_day_of_week_operator.py
[2024-10-28T17:30:13.873-0700] {processor.py:836} INFO - DAG(s) dict_keys(['example_weekday_branch_operator']) retrieved from /Users/saiprasadreddykolan/airflow_venv/lib/python3.10/site-packages/airflow/example_dags/example_branch_day_of_week_operator.py
[2024-10-28T17:30:14.091-0700] {logging_mixin.py:150} INFO - [2024-10-28T17:30:14.091-0700] {dag.py:2742} INFO - Sync 1 DAGs
[2024-10-28T17:30:14.097-0700] {logging_mixin.py:150} INFO - [2024-10-28T17:30:14.097-0700] {dag.py:3504} INFO - Setting next_dagrun for example_weekday_branch_operator to 2024-10-28T00:00:00+00:00, run_after=2024-10-29T00:00:00+00:00
[2024-10-28T17:30:14.103-0700] {processor.py:179} INFO - Processing /Users/saiprasadreddykolan/airflow_venv/lib/python3.10/site-packages/airflow/example_dags/example_branch_day_of_week_operator.py took 0.241 seconds
[2024-10-28T17:31:44.268-0700] {processor.py:157} INFO - Started process (PID=71204) to work on /Users/saiprasadreddykolan/airflow_venv/lib/python3.10/site-packages/airflow/example_dags/example_branch_day_of_week_operator.py
[2024-10-28T17:31:44.270-0700] {processor.py:826} INFO - Processing file /Users/saiprasadreddykolan/airflow_venv/lib/python3.10/site-packages/airflow/example_dags/example_branch_day_of_week_operator.py for tasks to queue
[2024-10-28T17:31:44.270-0700] {logging_mixin.py:150} INFO - [2024-10-28T17:31:44.270-0700] {dagbag.py:541} INFO - Filling up the DagBag from /Users/saiprasadreddykolan/airflow_venv/lib/python3.10/site-packages/airflow/example_dags/example_branch_day_of_week_operator.py
[2024-10-28T17:31:44.279-0700] {processor.py:836} INFO - DAG(s) dict_keys(['example_weekday_branch_operator']) retrieved from /Users/saiprasadreddykolan/airflow_venv/lib/python3.10/site-packages/airflow/example_dags/example_branch_day_of_week_operator.py
[2024-10-28T17:31:44.511-0700] {logging_mixin.py:150} INFO - [2024-10-28T17:31:44.511-0700] {dag.py:2742} INFO - Sync 1 DAGs
[2024-10-28T17:31:44.518-0700] {logging_mixin.py:150} INFO - [2024-10-28T17:31:44.518-0700] {dag.py:3504} INFO - Setting next_dagrun for example_weekday_branch_operator to 2024-10-28T00:00:00+00:00, run_after=2024-10-29T00:00:00+00:00
[2024-10-28T17:31:44.526-0700] {processor.py:179} INFO - Processing /Users/saiprasadreddykolan/airflow_venv/lib/python3.10/site-packages/airflow/example_dags/example_branch_day_of_week_operator.py took 0.259 seconds
[2024-10-28T17:33:20.940-0700] {processor.py:157} INFO - Started process (PID=71278) to work on /Users/saiprasadreddykolan/airflow_venv/lib/python3.10/site-packages/airflow/example_dags/example_branch_day_of_week_operator.py
[2024-10-28T17:33:20.942-0700] {processor.py:826} INFO - Processing file /Users/saiprasadreddykolan/airflow_venv/lib/python3.10/site-packages/airflow/example_dags/example_branch_day_of_week_operator.py for tasks to queue
[2024-10-28T17:33:20.942-0700] {logging_mixin.py:150} INFO - [2024-10-28T17:33:20.942-0700] {dagbag.py:541} INFO - Filling up the DagBag from /Users/saiprasadreddykolan/airflow_venv/lib/python3.10/site-packages/airflow/example_dags/example_branch_day_of_week_operator.py
[2024-10-28T17:33:20.951-0700] {processor.py:836} INFO - DAG(s) dict_keys(['example_weekday_branch_operator']) retrieved from /Users/saiprasadreddykolan/airflow_venv/lib/python3.10/site-packages/airflow/example_dags/example_branch_day_of_week_operator.py
[2024-10-28T17:33:21.174-0700] {logging_mixin.py:150} INFO - [2024-10-28T17:33:21.174-0700] {dag.py:2742} INFO - Sync 1 DAGs
[2024-10-28T17:33:21.180-0700] {logging_mixin.py:150} INFO - [2024-10-28T17:33:21.180-0700] {dag.py:3504} INFO - Setting next_dagrun for example_weekday_branch_operator to 2024-10-28T00:00:00+00:00, run_after=2024-10-29T00:00:00+00:00
[2024-10-28T17:33:21.188-0700] {processor.py:179} INFO - Processing /Users/saiprasadreddykolan/airflow_venv/lib/python3.10/site-packages/airflow/example_dags/example_branch_day_of_week_operator.py took 0.249 seconds
[2024-10-28T17:34:55.738-0700] {processor.py:157} INFO - Started process (PID=71342) to work on /Users/saiprasadreddykolan/airflow_venv/lib/python3.10/site-packages/airflow/example_dags/example_branch_day_of_week_operator.py
[2024-10-28T17:34:55.740-0700] {processor.py:826} INFO - Processing file /Users/saiprasadreddykolan/airflow_venv/lib/python3.10/site-packages/airflow/example_dags/example_branch_day_of_week_operator.py for tasks to queue
[2024-10-28T17:34:55.740-0700] {logging_mixin.py:150} INFO - [2024-10-28T17:34:55.740-0700] {dagbag.py:541} INFO - Filling up the DagBag from /Users/saiprasadreddykolan/airflow_venv/lib/python3.10/site-packages/airflow/example_dags/example_branch_day_of_week_operator.py
[2024-10-28T17:34:55.748-0700] {processor.py:836} INFO - DAG(s) dict_keys(['example_weekday_branch_operator']) retrieved from /Users/saiprasadreddykolan/airflow_venv/lib/python3.10/site-packages/airflow/example_dags/example_branch_day_of_week_operator.py
[2024-10-28T17:34:55.983-0700] {logging_mixin.py:150} INFO - [2024-10-28T17:34:55.982-0700] {dag.py:2742} INFO - Sync 1 DAGs
[2024-10-28T17:34:55.989-0700] {logging_mixin.py:150} INFO - [2024-10-28T17:34:55.989-0700] {dag.py:3504} INFO - Setting next_dagrun for example_weekday_branch_operator to 2024-10-28T00:00:00+00:00, run_after=2024-10-29T00:00:00+00:00
[2024-10-28T17:34:55.997-0700] {processor.py:179} INFO - Processing /Users/saiprasadreddykolan/airflow_venv/lib/python3.10/site-packages/airflow/example_dags/example_branch_day_of_week_operator.py took 0.260 seconds
[2024-10-28T17:36:27.219-0700] {processor.py:157} INFO - Started process (PID=71405) to work on /Users/saiprasadreddykolan/airflow_venv/lib/python3.10/site-packages/airflow/example_dags/example_branch_day_of_week_operator.py
[2024-10-28T17:36:27.222-0700] {processor.py:826} INFO - Processing file /Users/saiprasadreddykolan/airflow_venv/lib/python3.10/site-packages/airflow/example_dags/example_branch_day_of_week_operator.py for tasks to queue
[2024-10-28T17:36:27.222-0700] {logging_mixin.py:150} INFO - [2024-10-28T17:36:27.222-0700] {dagbag.py:541} INFO - Filling up the DagBag from /Users/saiprasadreddykolan/airflow_venv/lib/python3.10/site-packages/airflow/example_dags/example_branch_day_of_week_operator.py
[2024-10-28T17:36:27.230-0700] {processor.py:836} INFO - DAG(s) dict_keys(['example_weekday_branch_operator']) retrieved from /Users/saiprasadreddykolan/airflow_venv/lib/python3.10/site-packages/airflow/example_dags/example_branch_day_of_week_operator.py
[2024-10-28T17:36:27.452-0700] {logging_mixin.py:150} INFO - [2024-10-28T17:36:27.451-0700] {dag.py:2742} INFO - Sync 1 DAGs
[2024-10-28T17:36:27.458-0700] {logging_mixin.py:150} INFO - [2024-10-28T17:36:27.458-0700] {dag.py:3504} INFO - Setting next_dagrun for example_weekday_branch_operator to 2024-10-28T00:00:00+00:00, run_after=2024-10-29T00:00:00+00:00
[2024-10-28T17:36:27.464-0700] {processor.py:179} INFO - Processing /Users/saiprasadreddykolan/airflow_venv/lib/python3.10/site-packages/airflow/example_dags/example_branch_day_of_week_operator.py took 0.245 seconds
