[2024-10-28T17:00:02.955-0700] {processor.py:157} INFO - Started process (PID=69713) to work on /Users/saiprasadreddykolan/airflow_venv/lib/python3.10/site-packages/airflow/example_dags/example_trigger_controller_dag.py
[2024-10-28T17:00:02.957-0700] {processor.py:826} INFO - Processing file /Users/saiprasadreddykolan/airflow_venv/lib/python3.10/site-packages/airflow/example_dags/example_trigger_controller_dag.py for tasks to queue
[2024-10-28T17:00:02.957-0700] {logging_mixin.py:150} INFO - [2024-10-28T17:00:02.957-0700] {dagbag.py:541} INFO - Filling up the DagBag from /Users/saiprasadreddykolan/airflow_venv/lib/python3.10/site-packages/airflow/example_dags/example_trigger_controller_dag.py
[2024-10-28T17:00:02.965-0700] {processor.py:836} INFO - DAG(s) dict_keys(['example_trigger_controller_dag']) retrieved from /Users/saiprasadreddykolan/airflow_venv/lib/python3.10/site-packages/airflow/example_dags/example_trigger_controller_dag.py
[2024-10-28T17:00:03.188-0700] {logging_mixin.py:150} INFO - [2024-10-28T17:00:03.188-0700] {dag.py:2742} INFO - Sync 1 DAGs
[2024-10-28T17:00:03.194-0700] {logging_mixin.py:150} INFO - [2024-10-28T17:00:03.194-0700] {dag.py:3504} INFO - Setting next_dagrun for example_trigger_controller_dag to 2021-01-01T00:00:00+00:00, run_after=2021-01-01T00:00:00+00:00
[2024-10-28T17:00:03.200-0700] {processor.py:179} INFO - Processing /Users/saiprasadreddykolan/airflow_venv/lib/python3.10/site-packages/airflow/example_dags/example_trigger_controller_dag.py took 0.245 seconds
[2024-10-28T17:01:29.494-0700] {processor.py:157} INFO - Started process (PID=69792) to work on /Users/saiprasadreddykolan/airflow_venv/lib/python3.10/site-packages/airflow/example_dags/example_trigger_controller_dag.py
[2024-10-28T17:01:29.496-0700] {processor.py:826} INFO - Processing file /Users/saiprasadreddykolan/airflow_venv/lib/python3.10/site-packages/airflow/example_dags/example_trigger_controller_dag.py for tasks to queue
[2024-10-28T17:01:29.496-0700] {logging_mixin.py:150} INFO - [2024-10-28T17:01:29.496-0700] {dagbag.py:541} INFO - Filling up the DagBag from /Users/saiprasadreddykolan/airflow_venv/lib/python3.10/site-packages/airflow/example_dags/example_trigger_controller_dag.py
[2024-10-28T17:01:29.503-0700] {processor.py:836} INFO - DAG(s) dict_keys(['example_trigger_controller_dag']) retrieved from /Users/saiprasadreddykolan/airflow_venv/lib/python3.10/site-packages/airflow/example_dags/example_trigger_controller_dag.py
[2024-10-28T17:01:29.723-0700] {logging_mixin.py:150} INFO - [2024-10-28T17:01:29.723-0700] {dag.py:2742} INFO - Sync 1 DAGs
[2024-10-28T17:01:29.728-0700] {logging_mixin.py:150} INFO - [2024-10-28T17:01:29.728-0700] {dag.py:3504} INFO - Setting next_dagrun for example_trigger_controller_dag to 2021-01-01T00:00:00+00:00, run_after=2021-01-01T00:00:00+00:00
[2024-10-28T17:01:29.734-0700] {processor.py:179} INFO - Processing /Users/saiprasadreddykolan/airflow_venv/lib/python3.10/site-packages/airflow/example_dags/example_trigger_controller_dag.py took 0.241 seconds
[2024-10-28T17:03:02.532-0700] {processor.py:157} INFO - Started process (PID=69854) to work on /Users/saiprasadreddykolan/airflow_venv/lib/python3.10/site-packages/airflow/example_dags/example_trigger_controller_dag.py
[2024-10-28T17:03:02.535-0700] {processor.py:826} INFO - Processing file /Users/saiprasadreddykolan/airflow_venv/lib/python3.10/site-packages/airflow/example_dags/example_trigger_controller_dag.py for tasks to queue
[2024-10-28T17:03:02.535-0700] {logging_mixin.py:150} INFO - [2024-10-28T17:03:02.535-0700] {dagbag.py:541} INFO - Filling up the DagBag from /Users/saiprasadreddykolan/airflow_venv/lib/python3.10/site-packages/airflow/example_dags/example_trigger_controller_dag.py
[2024-10-28T17:03:02.542-0700] {processor.py:836} INFO - DAG(s) dict_keys(['example_trigger_controller_dag']) retrieved from /Users/saiprasadreddykolan/airflow_venv/lib/python3.10/site-packages/airflow/example_dags/example_trigger_controller_dag.py
[2024-10-28T17:03:02.762-0700] {logging_mixin.py:150} INFO - [2024-10-28T17:03:02.761-0700] {dag.py:2742} INFO - Sync 1 DAGs
[2024-10-28T17:03:02.767-0700] {logging_mixin.py:150} INFO - [2024-10-28T17:03:02.767-0700] {dag.py:3504} INFO - Setting next_dagrun for example_trigger_controller_dag to 2021-01-01T00:00:00+00:00, run_after=2021-01-01T00:00:00+00:00
[2024-10-28T17:03:02.774-0700] {processor.py:179} INFO - Processing /Users/saiprasadreddykolan/airflow_venv/lib/python3.10/site-packages/airflow/example_dags/example_trigger_controller_dag.py took 0.242 seconds
[2024-10-28T17:04:26.103-0700] {processor.py:157} INFO - Started process (PID=69912) to work on /Users/saiprasadreddykolan/airflow_venv/lib/python3.10/site-packages/airflow/example_dags/example_trigger_controller_dag.py
[2024-10-28T17:04:26.105-0700] {processor.py:826} INFO - Processing file /Users/saiprasadreddykolan/airflow_venv/lib/python3.10/site-packages/airflow/example_dags/example_trigger_controller_dag.py for tasks to queue
[2024-10-28T17:04:26.105-0700] {logging_mixin.py:150} INFO - [2024-10-28T17:04:26.105-0700] {dagbag.py:541} INFO - Filling up the DagBag from /Users/saiprasadreddykolan/airflow_venv/lib/python3.10/site-packages/airflow/example_dags/example_trigger_controller_dag.py
[2024-10-28T17:04:26.112-0700] {processor.py:836} INFO - DAG(s) dict_keys(['example_trigger_controller_dag']) retrieved from /Users/saiprasadreddykolan/airflow_venv/lib/python3.10/site-packages/airflow/example_dags/example_trigger_controller_dag.py
[2024-10-28T17:04:26.330-0700] {logging_mixin.py:150} INFO - [2024-10-28T17:04:26.330-0700] {dag.py:2742} INFO - Sync 1 DAGs
[2024-10-28T17:04:26.336-0700] {logging_mixin.py:150} INFO - [2024-10-28T17:04:26.336-0700] {dag.py:3504} INFO - Setting next_dagrun for example_trigger_controller_dag to 2021-01-01T00:00:00+00:00, run_after=2021-01-01T00:00:00+00:00
[2024-10-28T17:04:26.345-0700] {processor.py:179} INFO - Processing /Users/saiprasadreddykolan/airflow_venv/lib/python3.10/site-packages/airflow/example_dags/example_trigger_controller_dag.py took 0.242 seconds
[2024-10-28T17:05:17.073-0700] {processor.py:157} INFO - Started process (PID=69949) to work on /Users/saiprasadreddykolan/airflow_venv/lib/python3.10/site-packages/airflow/example_dags/example_trigger_controller_dag.py
[2024-10-28T17:05:17.077-0700] {processor.py:826} INFO - Processing file /Users/saiprasadreddykolan/airflow_venv/lib/python3.10/site-packages/airflow/example_dags/example_trigger_controller_dag.py for tasks to queue
[2024-10-28T17:05:17.077-0700] {logging_mixin.py:150} INFO - [2024-10-28T17:05:17.077-0700] {dagbag.py:541} INFO - Filling up the DagBag from /Users/saiprasadreddykolan/airflow_venv/lib/python3.10/site-packages/airflow/example_dags/example_trigger_controller_dag.py
[2024-10-28T17:05:17.085-0700] {processor.py:836} INFO - DAG(s) dict_keys(['example_trigger_controller_dag']) retrieved from /Users/saiprasadreddykolan/airflow_venv/lib/python3.10/site-packages/airflow/example_dags/example_trigger_controller_dag.py
[2024-10-28T17:05:17.327-0700] {logging_mixin.py:150} INFO - [2024-10-28T17:05:17.327-0700] {dag.py:2742} INFO - Sync 1 DAGs
[2024-10-28T17:05:17.333-0700] {logging_mixin.py:150} INFO - [2024-10-28T17:05:17.333-0700] {dag.py:3504} INFO - Setting next_dagrun for example_trigger_controller_dag to 2021-01-01T00:00:00+00:00, run_after=2021-01-01T00:00:00+00:00
[2024-10-28T17:05:17.339-0700] {processor.py:179} INFO - Processing /Users/saiprasadreddykolan/airflow_venv/lib/python3.10/site-packages/airflow/example_dags/example_trigger_controller_dag.py took 0.266 seconds
[2024-10-28T17:06:07.688-0700] {processor.py:157} INFO - Started process (PID=69981) to work on /Users/saiprasadreddykolan/airflow_venv/lib/python3.10/site-packages/airflow/example_dags/example_trigger_controller_dag.py
[2024-10-28T17:06:07.691-0700] {processor.py:826} INFO - Processing file /Users/saiprasadreddykolan/airflow_venv/lib/python3.10/site-packages/airflow/example_dags/example_trigger_controller_dag.py for tasks to queue
[2024-10-28T17:06:07.691-0700] {logging_mixin.py:150} INFO - [2024-10-28T17:06:07.691-0700] {dagbag.py:541} INFO - Filling up the DagBag from /Users/saiprasadreddykolan/airflow_venv/lib/python3.10/site-packages/airflow/example_dags/example_trigger_controller_dag.py
[2024-10-28T17:06:07.698-0700] {processor.py:836} INFO - DAG(s) dict_keys(['example_trigger_controller_dag']) retrieved from /Users/saiprasadreddykolan/airflow_venv/lib/python3.10/site-packages/airflow/example_dags/example_trigger_controller_dag.py
[2024-10-28T17:06:07.915-0700] {logging_mixin.py:150} INFO - [2024-10-28T17:06:07.915-0700] {dag.py:2742} INFO - Sync 1 DAGs
[2024-10-28T17:06:07.921-0700] {logging_mixin.py:150} INFO - [2024-10-28T17:06:07.921-0700] {dag.py:3504} INFO - Setting next_dagrun for example_trigger_controller_dag to 2021-01-01T00:00:00+00:00, run_after=2021-01-01T00:00:00+00:00
[2024-10-28T17:06:07.927-0700] {processor.py:179} INFO - Processing /Users/saiprasadreddykolan/airflow_venv/lib/python3.10/site-packages/airflow/example_dags/example_trigger_controller_dag.py took 0.239 seconds
[2024-10-28T17:07:34.372-0700] {processor.py:157} INFO - Started process (PID=70045) to work on /Users/saiprasadreddykolan/airflow_venv/lib/python3.10/site-packages/airflow/example_dags/example_trigger_controller_dag.py
[2024-10-28T17:07:34.374-0700] {processor.py:826} INFO - Processing file /Users/saiprasadreddykolan/airflow_venv/lib/python3.10/site-packages/airflow/example_dags/example_trigger_controller_dag.py for tasks to queue
[2024-10-28T17:07:34.374-0700] {logging_mixin.py:150} INFO - [2024-10-28T17:07:34.374-0700] {dagbag.py:541} INFO - Filling up the DagBag from /Users/saiprasadreddykolan/airflow_venv/lib/python3.10/site-packages/airflow/example_dags/example_trigger_controller_dag.py
[2024-10-28T17:07:34.381-0700] {processor.py:836} INFO - DAG(s) dict_keys(['example_trigger_controller_dag']) retrieved from /Users/saiprasadreddykolan/airflow_venv/lib/python3.10/site-packages/airflow/example_dags/example_trigger_controller_dag.py
[2024-10-28T17:07:34.600-0700] {logging_mixin.py:150} INFO - [2024-10-28T17:07:34.599-0700] {dag.py:2742} INFO - Sync 1 DAGs
[2024-10-28T17:07:34.605-0700] {logging_mixin.py:150} INFO - [2024-10-28T17:07:34.605-0700] {dag.py:3504} INFO - Setting next_dagrun for example_trigger_controller_dag to 2021-01-01T00:00:00+00:00, run_after=2021-01-01T00:00:00+00:00
[2024-10-28T17:07:34.611-0700] {processor.py:179} INFO - Processing /Users/saiprasadreddykolan/airflow_venv/lib/python3.10/site-packages/airflow/example_dags/example_trigger_controller_dag.py took 0.239 seconds
[2024-10-28T17:09:00.099-0700] {processor.py:157} INFO - Started process (PID=70103) to work on /Users/saiprasadreddykolan/airflow_venv/lib/python3.10/site-packages/airflow/example_dags/example_trigger_controller_dag.py
[2024-10-28T17:09:00.102-0700] {processor.py:826} INFO - Processing file /Users/saiprasadreddykolan/airflow_venv/lib/python3.10/site-packages/airflow/example_dags/example_trigger_controller_dag.py for tasks to queue
[2024-10-28T17:09:00.102-0700] {logging_mixin.py:150} INFO - [2024-10-28T17:09:00.102-0700] {dagbag.py:541} INFO - Filling up the DagBag from /Users/saiprasadreddykolan/airflow_venv/lib/python3.10/site-packages/airflow/example_dags/example_trigger_controller_dag.py
[2024-10-28T17:09:00.109-0700] {processor.py:836} INFO - DAG(s) dict_keys(['example_trigger_controller_dag']) retrieved from /Users/saiprasadreddykolan/airflow_venv/lib/python3.10/site-packages/airflow/example_dags/example_trigger_controller_dag.py
[2024-10-28T17:09:00.323-0700] {logging_mixin.py:150} INFO - [2024-10-28T17:09:00.323-0700] {dag.py:2742} INFO - Sync 1 DAGs
[2024-10-28T17:09:00.329-0700] {logging_mixin.py:150} INFO - [2024-10-28T17:09:00.329-0700] {dag.py:3504} INFO - Setting next_dagrun for example_trigger_controller_dag to 2021-01-01T00:00:00+00:00, run_after=2021-01-01T00:00:00+00:00
[2024-10-28T17:09:00.335-0700] {processor.py:179} INFO - Processing /Users/saiprasadreddykolan/airflow_venv/lib/python3.10/site-packages/airflow/example_dags/example_trigger_controller_dag.py took 0.236 seconds
[2024-10-28T17:09:50.641-0700] {processor.py:157} INFO - Started process (PID=70135) to work on /Users/saiprasadreddykolan/airflow_venv/lib/python3.10/site-packages/airflow/example_dags/example_trigger_controller_dag.py
[2024-10-28T17:09:50.644-0700] {processor.py:826} INFO - Processing file /Users/saiprasadreddykolan/airflow_venv/lib/python3.10/site-packages/airflow/example_dags/example_trigger_controller_dag.py for tasks to queue
[2024-10-28T17:09:50.644-0700] {logging_mixin.py:150} INFO - [2024-10-28T17:09:50.644-0700] {dagbag.py:541} INFO - Filling up the DagBag from /Users/saiprasadreddykolan/airflow_venv/lib/python3.10/site-packages/airflow/example_dags/example_trigger_controller_dag.py
[2024-10-28T17:09:50.652-0700] {processor.py:836} INFO - DAG(s) dict_keys(['example_trigger_controller_dag']) retrieved from /Users/saiprasadreddykolan/airflow_venv/lib/python3.10/site-packages/airflow/example_dags/example_trigger_controller_dag.py
[2024-10-28T17:09:50.870-0700] {logging_mixin.py:150} INFO - [2024-10-28T17:09:50.870-0700] {dag.py:2742} INFO - Sync 1 DAGs
[2024-10-28T17:09:50.875-0700] {logging_mixin.py:150} INFO - [2024-10-28T17:09:50.875-0700] {dag.py:3504} INFO - Setting next_dagrun for example_trigger_controller_dag to 2021-01-01T00:00:00+00:00, run_after=2021-01-01T00:00:00+00:00
[2024-10-28T17:09:50.882-0700] {processor.py:179} INFO - Processing /Users/saiprasadreddykolan/airflow_venv/lib/python3.10/site-packages/airflow/example_dags/example_trigger_controller_dag.py took 0.241 seconds
[2024-10-28T17:11:24.264-0700] {processor.py:157} INFO - Started process (PID=70195) to work on /Users/saiprasadreddykolan/airflow_venv/lib/python3.10/site-packages/airflow/example_dags/example_trigger_controller_dag.py
[2024-10-28T17:11:24.266-0700] {processor.py:826} INFO - Processing file /Users/saiprasadreddykolan/airflow_venv/lib/python3.10/site-packages/airflow/example_dags/example_trigger_controller_dag.py for tasks to queue
[2024-10-28T17:11:24.266-0700] {logging_mixin.py:150} INFO - [2024-10-28T17:11:24.266-0700] {dagbag.py:541} INFO - Filling up the DagBag from /Users/saiprasadreddykolan/airflow_venv/lib/python3.10/site-packages/airflow/example_dags/example_trigger_controller_dag.py
[2024-10-28T17:11:24.273-0700] {processor.py:836} INFO - DAG(s) dict_keys(['example_trigger_controller_dag']) retrieved from /Users/saiprasadreddykolan/airflow_venv/lib/python3.10/site-packages/airflow/example_dags/example_trigger_controller_dag.py
[2024-10-28T17:11:24.489-0700] {logging_mixin.py:150} INFO - [2024-10-28T17:11:24.489-0700] {dag.py:2742} INFO - Sync 1 DAGs
[2024-10-28T17:11:24.494-0700] {logging_mixin.py:150} INFO - [2024-10-28T17:11:24.494-0700] {dag.py:3504} INFO - Setting next_dagrun for example_trigger_controller_dag to 2021-01-01T00:00:00+00:00, run_after=2021-01-01T00:00:00+00:00
[2024-10-28T17:11:24.501-0700] {processor.py:179} INFO - Processing /Users/saiprasadreddykolan/airflow_venv/lib/python3.10/site-packages/airflow/example_dags/example_trigger_controller_dag.py took 0.238 seconds
[2024-10-28T17:12:14.456-0700] {processor.py:157} INFO - Started process (PID=70224) to work on /Users/saiprasadreddykolan/airflow_venv/lib/python3.10/site-packages/airflow/example_dags/example_trigger_controller_dag.py
[2024-10-28T17:12:14.459-0700] {processor.py:826} INFO - Processing file /Users/saiprasadreddykolan/airflow_venv/lib/python3.10/site-packages/airflow/example_dags/example_trigger_controller_dag.py for tasks to queue
[2024-10-28T17:12:14.459-0700] {logging_mixin.py:150} INFO - [2024-10-28T17:12:14.459-0700] {dagbag.py:541} INFO - Filling up the DagBag from /Users/saiprasadreddykolan/airflow_venv/lib/python3.10/site-packages/airflow/example_dags/example_trigger_controller_dag.py
[2024-10-28T17:12:14.466-0700] {processor.py:836} INFO - DAG(s) dict_keys(['example_trigger_controller_dag']) retrieved from /Users/saiprasadreddykolan/airflow_venv/lib/python3.10/site-packages/airflow/example_dags/example_trigger_controller_dag.py
[2024-10-28T17:12:14.681-0700] {logging_mixin.py:150} INFO - [2024-10-28T17:12:14.681-0700] {dag.py:2742} INFO - Sync 1 DAGs
[2024-10-28T17:12:14.686-0700] {logging_mixin.py:150} INFO - [2024-10-28T17:12:14.686-0700] {dag.py:3504} INFO - Setting next_dagrun for example_trigger_controller_dag to 2021-01-01T00:00:00+00:00, run_after=2021-01-01T00:00:00+00:00
[2024-10-28T17:12:14.693-0700] {processor.py:179} INFO - Processing /Users/saiprasadreddykolan/airflow_venv/lib/python3.10/site-packages/airflow/example_dags/example_trigger_controller_dag.py took 0.238 seconds
[2024-10-28T17:13:39.339-0700] {processor.py:157} INFO - Started process (PID=70286) to work on /Users/saiprasadreddykolan/airflow_venv/lib/python3.10/site-packages/airflow/example_dags/example_trigger_controller_dag.py
[2024-10-28T17:13:39.341-0700] {processor.py:826} INFO - Processing file /Users/saiprasadreddykolan/airflow_venv/lib/python3.10/site-packages/airflow/example_dags/example_trigger_controller_dag.py for tasks to queue
[2024-10-28T17:13:39.341-0700] {logging_mixin.py:150} INFO - [2024-10-28T17:13:39.341-0700] {dagbag.py:541} INFO - Filling up the DagBag from /Users/saiprasadreddykolan/airflow_venv/lib/python3.10/site-packages/airflow/example_dags/example_trigger_controller_dag.py
[2024-10-28T17:13:39.348-0700] {processor.py:836} INFO - DAG(s) dict_keys(['example_trigger_controller_dag']) retrieved from /Users/saiprasadreddykolan/airflow_venv/lib/python3.10/site-packages/airflow/example_dags/example_trigger_controller_dag.py
[2024-10-28T17:13:39.570-0700] {logging_mixin.py:150} INFO - [2024-10-28T17:13:39.570-0700] {dag.py:2742} INFO - Sync 1 DAGs
[2024-10-28T17:13:39.575-0700] {logging_mixin.py:150} INFO - [2024-10-28T17:13:39.575-0700] {dag.py:3504} INFO - Setting next_dagrun for example_trigger_controller_dag to 2021-01-01T00:00:00+00:00, run_after=2021-01-01T00:00:00+00:00
[2024-10-28T17:13:39.584-0700] {processor.py:179} INFO - Processing /Users/saiprasadreddykolan/airflow_venv/lib/python3.10/site-packages/airflow/example_dags/example_trigger_controller_dag.py took 0.245 seconds
[2024-10-28T17:15:06.624-0700] {processor.py:157} INFO - Started process (PID=70343) to work on /Users/saiprasadreddykolan/airflow_venv/lib/python3.10/site-packages/airflow/example_dags/example_trigger_controller_dag.py
[2024-10-28T17:15:06.627-0700] {processor.py:826} INFO - Processing file /Users/saiprasadreddykolan/airflow_venv/lib/python3.10/site-packages/airflow/example_dags/example_trigger_controller_dag.py for tasks to queue
[2024-10-28T17:15:06.627-0700] {logging_mixin.py:150} INFO - [2024-10-28T17:15:06.627-0700] {dagbag.py:541} INFO - Filling up the DagBag from /Users/saiprasadreddykolan/airflow_venv/lib/python3.10/site-packages/airflow/example_dags/example_trigger_controller_dag.py
[2024-10-28T17:15:06.634-0700] {processor.py:836} INFO - DAG(s) dict_keys(['example_trigger_controller_dag']) retrieved from /Users/saiprasadreddykolan/airflow_venv/lib/python3.10/site-packages/airflow/example_dags/example_trigger_controller_dag.py
[2024-10-28T17:15:06.849-0700] {logging_mixin.py:150} INFO - [2024-10-28T17:15:06.849-0700] {dag.py:2742} INFO - Sync 1 DAGs
[2024-10-28T17:15:06.854-0700] {logging_mixin.py:150} INFO - [2024-10-28T17:15:06.854-0700] {dag.py:3504} INFO - Setting next_dagrun for example_trigger_controller_dag to 2021-01-01T00:00:00+00:00, run_after=2021-01-01T00:00:00+00:00
[2024-10-28T17:15:06.861-0700] {processor.py:179} INFO - Processing /Users/saiprasadreddykolan/airflow_venv/lib/python3.10/site-packages/airflow/example_dags/example_trigger_controller_dag.py took 0.237 seconds
[2024-10-28T17:16:44.980-0700] {processor.py:157} INFO - Started process (PID=70469) to work on /Users/saiprasadreddykolan/airflow_venv/lib/python3.10/site-packages/airflow/example_dags/example_trigger_controller_dag.py
[2024-10-28T17:16:44.982-0700] {processor.py:826} INFO - Processing file /Users/saiprasadreddykolan/airflow_venv/lib/python3.10/site-packages/airflow/example_dags/example_trigger_controller_dag.py for tasks to queue
[2024-10-28T17:16:44.982-0700] {logging_mixin.py:150} INFO - [2024-10-28T17:16:44.982-0700] {dagbag.py:541} INFO - Filling up the DagBag from /Users/saiprasadreddykolan/airflow_venv/lib/python3.10/site-packages/airflow/example_dags/example_trigger_controller_dag.py
[2024-10-28T17:16:44.990-0700] {processor.py:836} INFO - DAG(s) dict_keys(['example_trigger_controller_dag']) retrieved from /Users/saiprasadreddykolan/airflow_venv/lib/python3.10/site-packages/airflow/example_dags/example_trigger_controller_dag.py
[2024-10-28T17:16:45.211-0700] {logging_mixin.py:150} INFO - [2024-10-28T17:16:45.211-0700] {dag.py:2742} INFO - Sync 1 DAGs
[2024-10-28T17:16:45.216-0700] {logging_mixin.py:150} INFO - [2024-10-28T17:16:45.216-0700] {dag.py:3504} INFO - Setting next_dagrun for example_trigger_controller_dag to 2021-01-01T00:00:00+00:00, run_after=2021-01-01T00:00:00+00:00
[2024-10-28T17:16:45.222-0700] {processor.py:179} INFO - Processing /Users/saiprasadreddykolan/airflow_venv/lib/python3.10/site-packages/airflow/example_dags/example_trigger_controller_dag.py took 0.242 seconds
[2024-10-28T17:18:15.584-0700] {processor.py:157} INFO - Started process (PID=70535) to work on /Users/saiprasadreddykolan/airflow_venv/lib/python3.10/site-packages/airflow/example_dags/example_trigger_controller_dag.py
[2024-10-28T17:18:15.586-0700] {processor.py:826} INFO - Processing file /Users/saiprasadreddykolan/airflow_venv/lib/python3.10/site-packages/airflow/example_dags/example_trigger_controller_dag.py for tasks to queue
[2024-10-28T17:18:15.586-0700] {logging_mixin.py:150} INFO - [2024-10-28T17:18:15.586-0700] {dagbag.py:541} INFO - Filling up the DagBag from /Users/saiprasadreddykolan/airflow_venv/lib/python3.10/site-packages/airflow/example_dags/example_trigger_controller_dag.py
[2024-10-28T17:18:15.595-0700] {processor.py:836} INFO - DAG(s) dict_keys(['example_trigger_controller_dag']) retrieved from /Users/saiprasadreddykolan/airflow_venv/lib/python3.10/site-packages/airflow/example_dags/example_trigger_controller_dag.py
[2024-10-28T17:18:15.827-0700] {logging_mixin.py:150} INFO - [2024-10-28T17:18:15.827-0700] {dag.py:2742} INFO - Sync 1 DAGs
[2024-10-28T17:18:15.833-0700] {logging_mixin.py:150} INFO - [2024-10-28T17:18:15.833-0700] {dag.py:3504} INFO - Setting next_dagrun for example_trigger_controller_dag to 2021-01-01T00:00:00+00:00, run_after=2021-01-01T00:00:00+00:00
[2024-10-28T17:18:15.841-0700] {processor.py:179} INFO - Processing /Users/saiprasadreddykolan/airflow_venv/lib/python3.10/site-packages/airflow/example_dags/example_trigger_controller_dag.py took 0.257 seconds
[2024-10-28T17:19:45.605-0700] {processor.py:157} INFO - Started process (PID=70624) to work on /Users/saiprasadreddykolan/airflow_venv/lib/python3.10/site-packages/airflow/example_dags/example_trigger_controller_dag.py
[2024-10-28T17:19:45.608-0700] {processor.py:826} INFO - Processing file /Users/saiprasadreddykolan/airflow_venv/lib/python3.10/site-packages/airflow/example_dags/example_trigger_controller_dag.py for tasks to queue
[2024-10-28T17:19:45.608-0700] {logging_mixin.py:150} INFO - [2024-10-28T17:19:45.608-0700] {dagbag.py:541} INFO - Filling up the DagBag from /Users/saiprasadreddykolan/airflow_venv/lib/python3.10/site-packages/airflow/example_dags/example_trigger_controller_dag.py
[2024-10-28T17:19:45.618-0700] {processor.py:836} INFO - DAG(s) dict_keys(['example_trigger_controller_dag']) retrieved from /Users/saiprasadreddykolan/airflow_venv/lib/python3.10/site-packages/airflow/example_dags/example_trigger_controller_dag.py
[2024-10-28T17:19:45.853-0700] {logging_mixin.py:150} INFO - [2024-10-28T17:19:45.853-0700] {dag.py:2742} INFO - Sync 1 DAGs
[2024-10-28T17:19:45.858-0700] {logging_mixin.py:150} INFO - [2024-10-28T17:19:45.858-0700] {dag.py:3504} INFO - Setting next_dagrun for example_trigger_controller_dag to 2021-01-01T00:00:00+00:00, run_after=2021-01-01T00:00:00+00:00
[2024-10-28T17:19:45.865-0700] {processor.py:179} INFO - Processing /Users/saiprasadreddykolan/airflow_venv/lib/python3.10/site-packages/airflow/example_dags/example_trigger_controller_dag.py took 0.260 seconds
[2024-10-28T17:20:36.850-0700] {processor.py:157} INFO - Started process (PID=70655) to work on /Users/saiprasadreddykolan/airflow_venv/lib/python3.10/site-packages/airflow/example_dags/example_trigger_controller_dag.py
[2024-10-28T17:20:36.852-0700] {processor.py:826} INFO - Processing file /Users/saiprasadreddykolan/airflow_venv/lib/python3.10/site-packages/airflow/example_dags/example_trigger_controller_dag.py for tasks to queue
[2024-10-28T17:20:36.852-0700] {logging_mixin.py:150} INFO - [2024-10-28T17:20:36.852-0700] {dagbag.py:541} INFO - Filling up the DagBag from /Users/saiprasadreddykolan/airflow_venv/lib/python3.10/site-packages/airflow/example_dags/example_trigger_controller_dag.py
[2024-10-28T17:20:36.861-0700] {processor.py:836} INFO - DAG(s) dict_keys(['example_trigger_controller_dag']) retrieved from /Users/saiprasadreddykolan/airflow_venv/lib/python3.10/site-packages/airflow/example_dags/example_trigger_controller_dag.py
[2024-10-28T17:20:37.085-0700] {logging_mixin.py:150} INFO - [2024-10-28T17:20:37.085-0700] {dag.py:2742} INFO - Sync 1 DAGs
[2024-10-28T17:20:37.091-0700] {logging_mixin.py:150} INFO - [2024-10-28T17:20:37.090-0700] {dag.py:3504} INFO - Setting next_dagrun for example_trigger_controller_dag to 2021-01-01T00:00:00+00:00, run_after=2021-01-01T00:00:00+00:00
[2024-10-28T17:20:37.097-0700] {processor.py:179} INFO - Processing /Users/saiprasadreddykolan/airflow_venv/lib/python3.10/site-packages/airflow/example_dags/example_trigger_controller_dag.py took 0.247 seconds
[2024-10-28T17:22:08.740-0700] {processor.py:157} INFO - Started process (PID=70718) to work on /Users/saiprasadreddykolan/airflow_venv/lib/python3.10/site-packages/airflow/example_dags/example_trigger_controller_dag.py
[2024-10-28T17:22:08.743-0700] {processor.py:826} INFO - Processing file /Users/saiprasadreddykolan/airflow_venv/lib/python3.10/site-packages/airflow/example_dags/example_trigger_controller_dag.py for tasks to queue
[2024-10-28T17:22:08.743-0700] {logging_mixin.py:150} INFO - [2024-10-28T17:22:08.743-0700] {dagbag.py:541} INFO - Filling up the DagBag from /Users/saiprasadreddykolan/airflow_venv/lib/python3.10/site-packages/airflow/example_dags/example_trigger_controller_dag.py
[2024-10-28T17:22:08.751-0700] {processor.py:836} INFO - DAG(s) dict_keys(['example_trigger_controller_dag']) retrieved from /Users/saiprasadreddykolan/airflow_venv/lib/python3.10/site-packages/airflow/example_dags/example_trigger_controller_dag.py
[2024-10-28T17:22:08.987-0700] {logging_mixin.py:150} INFO - [2024-10-28T17:22:08.987-0700] {dag.py:2742} INFO - Sync 1 DAGs
[2024-10-28T17:22:08.994-0700] {logging_mixin.py:150} INFO - [2024-10-28T17:22:08.994-0700] {dag.py:3504} INFO - Setting next_dagrun for example_trigger_controller_dag to 2021-01-01T00:00:00+00:00, run_after=2021-01-01T00:00:00+00:00
[2024-10-28T17:22:09.002-0700] {processor.py:179} INFO - Processing /Users/saiprasadreddykolan/airflow_venv/lib/python3.10/site-packages/airflow/example_dags/example_trigger_controller_dag.py took 0.262 seconds
[2024-10-28T17:23:33.368-0700] {processor.py:157} INFO - Started process (PID=70806) to work on /Users/saiprasadreddykolan/airflow_venv/lib/python3.10/site-packages/airflow/example_dags/example_trigger_controller_dag.py
[2024-10-28T17:23:33.370-0700] {processor.py:826} INFO - Processing file /Users/saiprasadreddykolan/airflow_venv/lib/python3.10/site-packages/airflow/example_dags/example_trigger_controller_dag.py for tasks to queue
[2024-10-28T17:23:33.370-0700] {logging_mixin.py:150} INFO - [2024-10-28T17:23:33.370-0700] {dagbag.py:541} INFO - Filling up the DagBag from /Users/saiprasadreddykolan/airflow_venv/lib/python3.10/site-packages/airflow/example_dags/example_trigger_controller_dag.py
[2024-10-28T17:23:33.377-0700] {processor.py:836} INFO - DAG(s) dict_keys(['example_trigger_controller_dag']) retrieved from /Users/saiprasadreddykolan/airflow_venv/lib/python3.10/site-packages/airflow/example_dags/example_trigger_controller_dag.py
[2024-10-28T17:23:33.594-0700] {logging_mixin.py:150} INFO - [2024-10-28T17:23:33.594-0700] {dag.py:2742} INFO - Sync 1 DAGs
[2024-10-28T17:23:33.599-0700] {logging_mixin.py:150} INFO - [2024-10-28T17:23:33.599-0700] {dag.py:3504} INFO - Setting next_dagrun for example_trigger_controller_dag to 2021-01-01T00:00:00+00:00, run_after=2021-01-01T00:00:00+00:00
[2024-10-28T17:23:33.606-0700] {processor.py:179} INFO - Processing /Users/saiprasadreddykolan/airflow_venv/lib/python3.10/site-packages/airflow/example_dags/example_trigger_controller_dag.py took 0.238 seconds
[2024-10-28T17:25:12.014-0700] {processor.py:157} INFO - Started process (PID=70893) to work on /Users/saiprasadreddykolan/airflow_venv/lib/python3.10/site-packages/airflow/example_dags/example_trigger_controller_dag.py
[2024-10-28T17:25:12.017-0700] {processor.py:826} INFO - Processing file /Users/saiprasadreddykolan/airflow_venv/lib/python3.10/site-packages/airflow/example_dags/example_trigger_controller_dag.py for tasks to queue
[2024-10-28T17:25:12.017-0700] {logging_mixin.py:150} INFO - [2024-10-28T17:25:12.017-0700] {dagbag.py:541} INFO - Filling up the DagBag from /Users/saiprasadreddykolan/airflow_venv/lib/python3.10/site-packages/airflow/example_dags/example_trigger_controller_dag.py
[2024-10-28T17:25:12.025-0700] {processor.py:836} INFO - DAG(s) dict_keys(['example_trigger_controller_dag']) retrieved from /Users/saiprasadreddykolan/airflow_venv/lib/python3.10/site-packages/airflow/example_dags/example_trigger_controller_dag.py
[2024-10-28T17:25:12.246-0700] {logging_mixin.py:150} INFO - [2024-10-28T17:25:12.246-0700] {dag.py:2742} INFO - Sync 1 DAGs
[2024-10-28T17:25:12.252-0700] {logging_mixin.py:150} INFO - [2024-10-28T17:25:12.252-0700] {dag.py:3504} INFO - Setting next_dagrun for example_trigger_controller_dag to 2021-01-01T00:00:00+00:00, run_after=2021-01-01T00:00:00+00:00
[2024-10-28T17:25:12.258-0700] {processor.py:179} INFO - Processing /Users/saiprasadreddykolan/airflow_venv/lib/python3.10/site-packages/airflow/example_dags/example_trigger_controller_dag.py took 0.244 seconds
[2024-10-28T17:26:44.421-0700] {processor.py:157} INFO - Started process (PID=70978) to work on /Users/saiprasadreddykolan/airflow_venv/lib/python3.10/site-packages/airflow/example_dags/example_trigger_controller_dag.py
[2024-10-28T17:26:44.424-0700] {processor.py:826} INFO - Processing file /Users/saiprasadreddykolan/airflow_venv/lib/python3.10/site-packages/airflow/example_dags/example_trigger_controller_dag.py for tasks to queue
[2024-10-28T17:26:44.424-0700] {logging_mixin.py:150} INFO - [2024-10-28T17:26:44.424-0700] {dagbag.py:541} INFO - Filling up the DagBag from /Users/saiprasadreddykolan/airflow_venv/lib/python3.10/site-packages/airflow/example_dags/example_trigger_controller_dag.py
[2024-10-28T17:26:44.431-0700] {processor.py:836} INFO - DAG(s) dict_keys(['example_trigger_controller_dag']) retrieved from /Users/saiprasadreddykolan/airflow_venv/lib/python3.10/site-packages/airflow/example_dags/example_trigger_controller_dag.py
[2024-10-28T17:26:44.648-0700] {logging_mixin.py:150} INFO - [2024-10-28T17:26:44.648-0700] {dag.py:2742} INFO - Sync 1 DAGs
[2024-10-28T17:26:44.653-0700] {logging_mixin.py:150} INFO - [2024-10-28T17:26:44.653-0700] {dag.py:3504} INFO - Setting next_dagrun for example_trigger_controller_dag to 2021-01-01T00:00:00+00:00, run_after=2021-01-01T00:00:00+00:00
[2024-10-28T17:26:44.660-0700] {processor.py:179} INFO - Processing /Users/saiprasadreddykolan/airflow_venv/lib/python3.10/site-packages/airflow/example_dags/example_trigger_controller_dag.py took 0.239 seconds
[2024-10-28T17:28:12.623-0700] {processor.py:157} INFO - Started process (PID=71044) to work on /Users/saiprasadreddykolan/airflow_venv/lib/python3.10/site-packages/airflow/example_dags/example_trigger_controller_dag.py
[2024-10-28T17:28:12.625-0700] {processor.py:826} INFO - Processing file /Users/saiprasadreddykolan/airflow_venv/lib/python3.10/site-packages/airflow/example_dags/example_trigger_controller_dag.py for tasks to queue
[2024-10-28T17:28:12.625-0700] {logging_mixin.py:150} INFO - [2024-10-28T17:28:12.625-0700] {dagbag.py:541} INFO - Filling up the DagBag from /Users/saiprasadreddykolan/airflow_venv/lib/python3.10/site-packages/airflow/example_dags/example_trigger_controller_dag.py
[2024-10-28T17:28:12.632-0700] {processor.py:836} INFO - DAG(s) dict_keys(['example_trigger_controller_dag']) retrieved from /Users/saiprasadreddykolan/airflow_venv/lib/python3.10/site-packages/airflow/example_dags/example_trigger_controller_dag.py
[2024-10-28T17:28:12.852-0700] {logging_mixin.py:150} INFO - [2024-10-28T17:28:12.852-0700] {dag.py:2742} INFO - Sync 1 DAGs
[2024-10-28T17:28:12.858-0700] {logging_mixin.py:150} INFO - [2024-10-28T17:28:12.858-0700] {dag.py:3504} INFO - Setting next_dagrun for example_trigger_controller_dag to 2021-01-01T00:00:00+00:00, run_after=2021-01-01T00:00:00+00:00
[2024-10-28T17:28:12.864-0700] {processor.py:179} INFO - Processing /Users/saiprasadreddykolan/airflow_venv/lib/python3.10/site-packages/airflow/example_dags/example_trigger_controller_dag.py took 0.242 seconds
[2024-10-28T17:29:47.703-0700] {processor.py:157} INFO - Started process (PID=71120) to work on /Users/saiprasadreddykolan/airflow_venv/lib/python3.10/site-packages/airflow/example_dags/example_trigger_controller_dag.py
[2024-10-28T17:29:47.705-0700] {processor.py:826} INFO - Processing file /Users/saiprasadreddykolan/airflow_venv/lib/python3.10/site-packages/airflow/example_dags/example_trigger_controller_dag.py for tasks to queue
[2024-10-28T17:29:47.705-0700] {logging_mixin.py:150} INFO - [2024-10-28T17:29:47.705-0700] {dagbag.py:541} INFO - Filling up the DagBag from /Users/saiprasadreddykolan/airflow_venv/lib/python3.10/site-packages/airflow/example_dags/example_trigger_controller_dag.py
[2024-10-28T17:29:47.712-0700] {processor.py:836} INFO - DAG(s) dict_keys(['example_trigger_controller_dag']) retrieved from /Users/saiprasadreddykolan/airflow_venv/lib/python3.10/site-packages/airflow/example_dags/example_trigger_controller_dag.py
[2024-10-28T17:29:47.965-0700] {logging_mixin.py:150} INFO - [2024-10-28T17:29:47.964-0700] {dag.py:2742} INFO - Sync 1 DAGs
[2024-10-28T17:29:47.971-0700] {logging_mixin.py:150} INFO - [2024-10-28T17:29:47.971-0700] {dag.py:3504} INFO - Setting next_dagrun for example_trigger_controller_dag to 2021-01-01T00:00:00+00:00, run_after=2021-01-01T00:00:00+00:00
[2024-10-28T17:29:47.977-0700] {processor.py:179} INFO - Processing /Users/saiprasadreddykolan/airflow_venv/lib/python3.10/site-packages/airflow/example_dags/example_trigger_controller_dag.py took 0.275 seconds
[2024-10-28T17:30:37.132-0700] {processor.py:157} INFO - Started process (PID=71157) to work on /Users/saiprasadreddykolan/airflow_venv/lib/python3.10/site-packages/airflow/example_dags/example_trigger_controller_dag.py
[2024-10-28T17:30:37.134-0700] {processor.py:826} INFO - Processing file /Users/saiprasadreddykolan/airflow_venv/lib/python3.10/site-packages/airflow/example_dags/example_trigger_controller_dag.py for tasks to queue
[2024-10-28T17:30:37.134-0700] {logging_mixin.py:150} INFO - [2024-10-28T17:30:37.134-0700] {dagbag.py:541} INFO - Filling up the DagBag from /Users/saiprasadreddykolan/airflow_venv/lib/python3.10/site-packages/airflow/example_dags/example_trigger_controller_dag.py
[2024-10-28T17:30:37.142-0700] {processor.py:836} INFO - DAG(s) dict_keys(['example_trigger_controller_dag']) retrieved from /Users/saiprasadreddykolan/airflow_venv/lib/python3.10/site-packages/airflow/example_dags/example_trigger_controller_dag.py
[2024-10-28T17:30:37.366-0700] {logging_mixin.py:150} INFO - [2024-10-28T17:30:37.365-0700] {dag.py:2742} INFO - Sync 1 DAGs
[2024-10-28T17:30:37.373-0700] {logging_mixin.py:150} INFO - [2024-10-28T17:30:37.373-0700] {dag.py:3504} INFO - Setting next_dagrun for example_trigger_controller_dag to 2021-01-01T00:00:00+00:00, run_after=2021-01-01T00:00:00+00:00
[2024-10-28T17:30:37.380-0700] {processor.py:179} INFO - Processing /Users/saiprasadreddykolan/airflow_venv/lib/python3.10/site-packages/airflow/example_dags/example_trigger_controller_dag.py took 0.249 seconds
[2024-10-28T17:32:04.009-0700] {processor.py:157} INFO - Started process (PID=71216) to work on /Users/saiprasadreddykolan/airflow_venv/lib/python3.10/site-packages/airflow/example_dags/example_trigger_controller_dag.py
[2024-10-28T17:32:04.011-0700] {processor.py:826} INFO - Processing file /Users/saiprasadreddykolan/airflow_venv/lib/python3.10/site-packages/airflow/example_dags/example_trigger_controller_dag.py for tasks to queue
[2024-10-28T17:32:04.012-0700] {logging_mixin.py:150} INFO - [2024-10-28T17:32:04.012-0700] {dagbag.py:541} INFO - Filling up the DagBag from /Users/saiprasadreddykolan/airflow_venv/lib/python3.10/site-packages/airflow/example_dags/example_trigger_controller_dag.py
[2024-10-28T17:32:04.019-0700] {processor.py:836} INFO - DAG(s) dict_keys(['example_trigger_controller_dag']) retrieved from /Users/saiprasadreddykolan/airflow_venv/lib/python3.10/site-packages/airflow/example_dags/example_trigger_controller_dag.py
[2024-10-28T17:32:04.234-0700] {logging_mixin.py:150} INFO - [2024-10-28T17:32:04.234-0700] {dag.py:2742} INFO - Sync 1 DAGs
[2024-10-28T17:32:04.240-0700] {logging_mixin.py:150} INFO - [2024-10-28T17:32:04.240-0700] {dag.py:3504} INFO - Setting next_dagrun for example_trigger_controller_dag to 2021-01-01T00:00:00+00:00, run_after=2021-01-01T00:00:00+00:00
[2024-10-28T17:32:04.246-0700] {processor.py:179} INFO - Processing /Users/saiprasadreddykolan/airflow_venv/lib/python3.10/site-packages/airflow/example_dags/example_trigger_controller_dag.py took 0.237 seconds
[2024-10-28T17:32:54.726-0700] {processor.py:157} INFO - Started process (PID=71257) to work on /Users/saiprasadreddykolan/airflow_venv/lib/python3.10/site-packages/airflow/example_dags/example_trigger_controller_dag.py
[2024-10-28T17:32:54.728-0700] {processor.py:826} INFO - Processing file /Users/saiprasadreddykolan/airflow_venv/lib/python3.10/site-packages/airflow/example_dags/example_trigger_controller_dag.py for tasks to queue
[2024-10-28T17:32:54.728-0700] {logging_mixin.py:150} INFO - [2024-10-28T17:32:54.728-0700] {dagbag.py:541} INFO - Filling up the DagBag from /Users/saiprasadreddykolan/airflow_venv/lib/python3.10/site-packages/airflow/example_dags/example_trigger_controller_dag.py
[2024-10-28T17:32:54.736-0700] {processor.py:836} INFO - DAG(s) dict_keys(['example_trigger_controller_dag']) retrieved from /Users/saiprasadreddykolan/airflow_venv/lib/python3.10/site-packages/airflow/example_dags/example_trigger_controller_dag.py
[2024-10-28T17:32:54.961-0700] {logging_mixin.py:150} INFO - [2024-10-28T17:32:54.960-0700] {dag.py:2742} INFO - Sync 1 DAGs
[2024-10-28T17:32:54.966-0700] {logging_mixin.py:150} INFO - [2024-10-28T17:32:54.966-0700] {dag.py:3504} INFO - Setting next_dagrun for example_trigger_controller_dag to 2021-01-01T00:00:00+00:00, run_after=2021-01-01T00:00:00+00:00
[2024-10-28T17:32:54.972-0700] {processor.py:179} INFO - Processing /Users/saiprasadreddykolan/airflow_venv/lib/python3.10/site-packages/airflow/example_dags/example_trigger_controller_dag.py took 0.246 seconds
[2024-10-28T17:33:42.990-0700] {processor.py:157} INFO - Started process (PID=71294) to work on /Users/saiprasadreddykolan/airflow_venv/lib/python3.10/site-packages/airflow/example_dags/example_trigger_controller_dag.py
[2024-10-28T17:33:42.993-0700] {processor.py:826} INFO - Processing file /Users/saiprasadreddykolan/airflow_venv/lib/python3.10/site-packages/airflow/example_dags/example_trigger_controller_dag.py for tasks to queue
[2024-10-28T17:33:42.993-0700] {logging_mixin.py:150} INFO - [2024-10-28T17:33:42.993-0700] {dagbag.py:541} INFO - Filling up the DagBag from /Users/saiprasadreddykolan/airflow_venv/lib/python3.10/site-packages/airflow/example_dags/example_trigger_controller_dag.py
[2024-10-28T17:33:43.000-0700] {processor.py:836} INFO - DAG(s) dict_keys(['example_trigger_controller_dag']) retrieved from /Users/saiprasadreddykolan/airflow_venv/lib/python3.10/site-packages/airflow/example_dags/example_trigger_controller_dag.py
[2024-10-28T17:33:43.217-0700] {logging_mixin.py:150} INFO - [2024-10-28T17:33:43.217-0700] {dag.py:2742} INFO - Sync 1 DAGs
[2024-10-28T17:33:43.223-0700] {logging_mixin.py:150} INFO - [2024-10-28T17:33:43.223-0700] {dag.py:3504} INFO - Setting next_dagrun for example_trigger_controller_dag to 2021-01-01T00:00:00+00:00, run_after=2021-01-01T00:00:00+00:00
[2024-10-28T17:33:43.229-0700] {processor.py:179} INFO - Processing /Users/saiprasadreddykolan/airflow_venv/lib/python3.10/site-packages/airflow/example_dags/example_trigger_controller_dag.py took 0.239 seconds
[2024-10-28T17:35:18.407-0700] {processor.py:157} INFO - Started process (PID=71356) to work on /Users/saiprasadreddykolan/airflow_venv/lib/python3.10/site-packages/airflow/example_dags/example_trigger_controller_dag.py
[2024-10-28T17:35:18.410-0700] {processor.py:826} INFO - Processing file /Users/saiprasadreddykolan/airflow_venv/lib/python3.10/site-packages/airflow/example_dags/example_trigger_controller_dag.py for tasks to queue
[2024-10-28T17:35:18.410-0700] {logging_mixin.py:150} INFO - [2024-10-28T17:35:18.410-0700] {dagbag.py:541} INFO - Filling up the DagBag from /Users/saiprasadreddykolan/airflow_venv/lib/python3.10/site-packages/airflow/example_dags/example_trigger_controller_dag.py
[2024-10-28T17:35:18.417-0700] {processor.py:836} INFO - DAG(s) dict_keys(['example_trigger_controller_dag']) retrieved from /Users/saiprasadreddykolan/airflow_venv/lib/python3.10/site-packages/airflow/example_dags/example_trigger_controller_dag.py
[2024-10-28T17:35:18.649-0700] {logging_mixin.py:150} INFO - [2024-10-28T17:35:18.649-0700] {dag.py:2742} INFO - Sync 1 DAGs
[2024-10-28T17:35:18.655-0700] {logging_mixin.py:150} INFO - [2024-10-28T17:35:18.654-0700] {dag.py:3504} INFO - Setting next_dagrun for example_trigger_controller_dag to 2021-01-01T00:00:00+00:00, run_after=2021-01-01T00:00:00+00:00
[2024-10-28T17:35:18.661-0700] {processor.py:179} INFO - Processing /Users/saiprasadreddykolan/airflow_venv/lib/python3.10/site-packages/airflow/example_dags/example_trigger_controller_dag.py took 0.254 seconds
[2024-10-28T17:36:51.487-0700] {processor.py:157} INFO - Started process (PID=71425) to work on /Users/saiprasadreddykolan/airflow_venv/lib/python3.10/site-packages/airflow/example_dags/example_trigger_controller_dag.py
[2024-10-28T17:36:51.488-0700] {processor.py:826} INFO - Processing file /Users/saiprasadreddykolan/airflow_venv/lib/python3.10/site-packages/airflow/example_dags/example_trigger_controller_dag.py for tasks to queue
[2024-10-28T17:36:51.488-0700] {logging_mixin.py:150} INFO - [2024-10-28T17:36:51.488-0700] {dagbag.py:541} INFO - Filling up the DagBag from /Users/saiprasadreddykolan/airflow_venv/lib/python3.10/site-packages/airflow/example_dags/example_trigger_controller_dag.py
[2024-10-28T17:36:51.496-0700] {processor.py:836} INFO - DAG(s) dict_keys(['example_trigger_controller_dag']) retrieved from /Users/saiprasadreddykolan/airflow_venv/lib/python3.10/site-packages/airflow/example_dags/example_trigger_controller_dag.py
[2024-10-28T17:36:51.718-0700] {logging_mixin.py:150} INFO - [2024-10-28T17:36:51.718-0700] {dag.py:2742} INFO - Sync 1 DAGs
[2024-10-28T17:36:51.723-0700] {logging_mixin.py:150} INFO - [2024-10-28T17:36:51.723-0700] {dag.py:3504} INFO - Setting next_dagrun for example_trigger_controller_dag to 2021-01-01T00:00:00+00:00, run_after=2021-01-01T00:00:00+00:00
[2024-10-28T17:36:51.731-0700] {processor.py:179} INFO - Processing /Users/saiprasadreddykolan/airflow_venv/lib/python3.10/site-packages/airflow/example_dags/example_trigger_controller_dag.py took 0.245 seconds
