[2024-10-28T17:00:07.189-0700] {processor.py:157} INFO - Started process (PID=69720) to work on /Users/saiprasadreddykolan/airflow_venv/lib/python3.10/site-packages/airflow/example_dags/example_task_group.py
[2024-10-28T17:00:07.190-0700] {processor.py:826} INFO - Processing file /Users/saiprasadreddykolan/airflow_venv/lib/python3.10/site-packages/airflow/example_dags/example_task_group.py for tasks to queue
[2024-10-28T17:00:07.190-0700] {logging_mixin.py:150} INFO - [2024-10-28T17:00:07.190-0700] {dagbag.py:541} INFO - Filling up the DagBag from /Users/saiprasadreddykolan/airflow_venv/lib/python3.10/site-packages/airflow/example_dags/example_task_group.py
[2024-10-28T17:00:07.198-0700] {processor.py:836} INFO - DAG(s) dict_keys(['example_task_group']) retrieved from /Users/saiprasadreddykolan/airflow_venv/lib/python3.10/site-packages/airflow/example_dags/example_task_group.py
[2024-10-28T17:00:07.420-0700] {logging_mixin.py:150} INFO - [2024-10-28T17:00:07.420-0700] {dag.py:2742} INFO - Sync 1 DAGs
[2024-10-28T17:00:07.426-0700] {logging_mixin.py:150} INFO - [2024-10-28T17:00:07.426-0700] {dag.py:3504} INFO - Setting next_dagrun for example_task_group to 2024-10-28T00:00:07.426240+00:00, run_after=2024-10-29T00:00:07.426240+00:00
[2024-10-28T17:00:07.432-0700] {processor.py:179} INFO - Processing /Users/saiprasadreddykolan/airflow_venv/lib/python3.10/site-packages/airflow/example_dags/example_task_group.py took 0.244 seconds
[2024-10-28T17:01:34.460-0700] {processor.py:157} INFO - Started process (PID=69796) to work on /Users/saiprasadreddykolan/airflow_venv/lib/python3.10/site-packages/airflow/example_dags/example_task_group.py
[2024-10-28T17:01:34.463-0700] {processor.py:826} INFO - Processing file /Users/saiprasadreddykolan/airflow_venv/lib/python3.10/site-packages/airflow/example_dags/example_task_group.py for tasks to queue
[2024-10-28T17:01:34.463-0700] {logging_mixin.py:150} INFO - [2024-10-28T17:01:34.463-0700] {dagbag.py:541} INFO - Filling up the DagBag from /Users/saiprasadreddykolan/airflow_venv/lib/python3.10/site-packages/airflow/example_dags/example_task_group.py
[2024-10-28T17:01:34.471-0700] {processor.py:836} INFO - DAG(s) dict_keys(['example_task_group']) retrieved from /Users/saiprasadreddykolan/airflow_venv/lib/python3.10/site-packages/airflow/example_dags/example_task_group.py
[2024-10-28T17:01:34.689-0700] {logging_mixin.py:150} INFO - [2024-10-28T17:01:34.689-0700] {dag.py:2742} INFO - Sync 1 DAGs
[2024-10-28T17:01:34.695-0700] {logging_mixin.py:150} INFO - [2024-10-28T17:01:34.695-0700] {dag.py:3504} INFO - Setting next_dagrun for example_task_group to 2024-10-28T00:01:34.695036+00:00, run_after=2024-10-29T00:01:34.695036+00:00
[2024-10-28T17:01:34.701-0700] {processor.py:179} INFO - Processing /Users/saiprasadreddykolan/airflow_venv/lib/python3.10/site-packages/airflow/example_dags/example_task_group.py took 0.241 seconds
[2024-10-28T17:03:07.774-0700] {processor.py:157} INFO - Started process (PID=69857) to work on /Users/saiprasadreddykolan/airflow_venv/lib/python3.10/site-packages/airflow/example_dags/example_task_group.py
[2024-10-28T17:03:07.776-0700] {processor.py:826} INFO - Processing file /Users/saiprasadreddykolan/airflow_venv/lib/python3.10/site-packages/airflow/example_dags/example_task_group.py for tasks to queue
[2024-10-28T17:03:07.776-0700] {logging_mixin.py:150} INFO - [2024-10-28T17:03:07.776-0700] {dagbag.py:541} INFO - Filling up the DagBag from /Users/saiprasadreddykolan/airflow_venv/lib/python3.10/site-packages/airflow/example_dags/example_task_group.py
[2024-10-28T17:03:07.784-0700] {processor.py:836} INFO - DAG(s) dict_keys(['example_task_group']) retrieved from /Users/saiprasadreddykolan/airflow_venv/lib/python3.10/site-packages/airflow/example_dags/example_task_group.py
[2024-10-28T17:03:08.005-0700] {logging_mixin.py:150} INFO - [2024-10-28T17:03:08.005-0700] {dag.py:2742} INFO - Sync 1 DAGs
[2024-10-28T17:03:08.011-0700] {logging_mixin.py:150} INFO - [2024-10-28T17:03:08.011-0700] {dag.py:3504} INFO - Setting next_dagrun for example_task_group to 2024-10-28T00:03:08.011339+00:00, run_after=2024-10-29T00:03:08.011339+00:00
[2024-10-28T17:03:08.017-0700] {processor.py:179} INFO - Processing /Users/saiprasadreddykolan/airflow_venv/lib/python3.10/site-packages/airflow/example_dags/example_task_group.py took 0.244 seconds
[2024-10-28T17:04:31.378-0700] {processor.py:157} INFO - Started process (PID=69920) to work on /Users/saiprasadreddykolan/airflow_venv/lib/python3.10/site-packages/airflow/example_dags/example_task_group.py
[2024-10-28T17:04:31.380-0700] {processor.py:826} INFO - Processing file /Users/saiprasadreddykolan/airflow_venv/lib/python3.10/site-packages/airflow/example_dags/example_task_group.py for tasks to queue
[2024-10-28T17:04:31.380-0700] {logging_mixin.py:150} INFO - [2024-10-28T17:04:31.380-0700] {dagbag.py:541} INFO - Filling up the DagBag from /Users/saiprasadreddykolan/airflow_venv/lib/python3.10/site-packages/airflow/example_dags/example_task_group.py
[2024-10-28T17:04:31.388-0700] {processor.py:836} INFO - DAG(s) dict_keys(['example_task_group']) retrieved from /Users/saiprasadreddykolan/airflow_venv/lib/python3.10/site-packages/airflow/example_dags/example_task_group.py
[2024-10-28T17:04:31.624-0700] {logging_mixin.py:150} INFO - [2024-10-28T17:04:31.624-0700] {dag.py:2742} INFO - Sync 1 DAGs
[2024-10-28T17:04:31.630-0700] {logging_mixin.py:150} INFO - [2024-10-28T17:04:31.629-0700] {dag.py:3504} INFO - Setting next_dagrun for example_task_group to 2024-10-28T00:04:31.629881+00:00, run_after=2024-10-29T00:04:31.629881+00:00
[2024-10-28T17:04:31.636-0700] {processor.py:179} INFO - Processing /Users/saiprasadreddykolan/airflow_venv/lib/python3.10/site-packages/airflow/example_dags/example_task_group.py took 0.258 seconds
[2024-10-28T17:06:12.499-0700] {processor.py:157} INFO - Started process (PID=69984) to work on /Users/saiprasadreddykolan/airflow_venv/lib/python3.10/site-packages/airflow/example_dags/example_task_group.py
[2024-10-28T17:06:12.502-0700] {processor.py:826} INFO - Processing file /Users/saiprasadreddykolan/airflow_venv/lib/python3.10/site-packages/airflow/example_dags/example_task_group.py for tasks to queue
[2024-10-28T17:06:12.502-0700] {logging_mixin.py:150} INFO - [2024-10-28T17:06:12.502-0700] {dagbag.py:541} INFO - Filling up the DagBag from /Users/saiprasadreddykolan/airflow_venv/lib/python3.10/site-packages/airflow/example_dags/example_task_group.py
[2024-10-28T17:06:12.509-0700] {processor.py:836} INFO - DAG(s) dict_keys(['example_task_group']) retrieved from /Users/saiprasadreddykolan/airflow_venv/lib/python3.10/site-packages/airflow/example_dags/example_task_group.py
[2024-10-28T17:06:12.726-0700] {logging_mixin.py:150} INFO - [2024-10-28T17:06:12.726-0700] {dag.py:2742} INFO - Sync 1 DAGs
[2024-10-28T17:06:12.731-0700] {logging_mixin.py:150} INFO - [2024-10-28T17:06:12.731-0700] {dag.py:3504} INFO - Setting next_dagrun for example_task_group to 2024-10-28T00:06:12.731761+00:00, run_after=2024-10-29T00:06:12.731761+00:00
[2024-10-28T17:06:12.738-0700] {processor.py:179} INFO - Processing /Users/saiprasadreddykolan/airflow_venv/lib/python3.10/site-packages/airflow/example_dags/example_task_group.py took 0.239 seconds
[2024-10-28T17:07:38.901-0700] {processor.py:157} INFO - Started process (PID=70048) to work on /Users/saiprasadreddykolan/airflow_venv/lib/python3.10/site-packages/airflow/example_dags/example_task_group.py
[2024-10-28T17:07:38.904-0700] {processor.py:826} INFO - Processing file /Users/saiprasadreddykolan/airflow_venv/lib/python3.10/site-packages/airflow/example_dags/example_task_group.py for tasks to queue
[2024-10-28T17:07:38.904-0700] {logging_mixin.py:150} INFO - [2024-10-28T17:07:38.904-0700] {dagbag.py:541} INFO - Filling up the DagBag from /Users/saiprasadreddykolan/airflow_venv/lib/python3.10/site-packages/airflow/example_dags/example_task_group.py
[2024-10-28T17:07:38.911-0700] {processor.py:836} INFO - DAG(s) dict_keys(['example_task_group']) retrieved from /Users/saiprasadreddykolan/airflow_venv/lib/python3.10/site-packages/airflow/example_dags/example_task_group.py
[2024-10-28T17:07:39.131-0700] {logging_mixin.py:150} INFO - [2024-10-28T17:07:39.131-0700] {dag.py:2742} INFO - Sync 1 DAGs
[2024-10-28T17:07:39.137-0700] {logging_mixin.py:150} INFO - [2024-10-28T17:07:39.137-0700] {dag.py:3504} INFO - Setting next_dagrun for example_task_group to 2024-10-28T00:07:39.137249+00:00, run_after=2024-10-29T00:07:39.137249+00:00
[2024-10-28T17:07:39.143-0700] {processor.py:179} INFO - Processing /Users/saiprasadreddykolan/airflow_venv/lib/python3.10/site-packages/airflow/example_dags/example_task_group.py took 0.242 seconds
[2024-10-28T17:09:05.316-0700] {processor.py:157} INFO - Started process (PID=70106) to work on /Users/saiprasadreddykolan/airflow_venv/lib/python3.10/site-packages/airflow/example_dags/example_task_group.py
[2024-10-28T17:09:05.319-0700] {processor.py:826} INFO - Processing file /Users/saiprasadreddykolan/airflow_venv/lib/python3.10/site-packages/airflow/example_dags/example_task_group.py for tasks to queue
[2024-10-28T17:09:05.319-0700] {logging_mixin.py:150} INFO - [2024-10-28T17:09:05.319-0700] {dagbag.py:541} INFO - Filling up the DagBag from /Users/saiprasadreddykolan/airflow_venv/lib/python3.10/site-packages/airflow/example_dags/example_task_group.py
[2024-10-28T17:09:05.326-0700] {processor.py:836} INFO - DAG(s) dict_keys(['example_task_group']) retrieved from /Users/saiprasadreddykolan/airflow_venv/lib/python3.10/site-packages/airflow/example_dags/example_task_group.py
[2024-10-28T17:09:05.547-0700] {logging_mixin.py:150} INFO - [2024-10-28T17:09:05.547-0700] {dag.py:2742} INFO - Sync 1 DAGs
[2024-10-28T17:09:05.553-0700] {logging_mixin.py:150} INFO - [2024-10-28T17:09:05.553-0700] {dag.py:3504} INFO - Setting next_dagrun for example_task_group to 2024-10-28T00:09:05.553247+00:00, run_after=2024-10-29T00:09:05.553247+00:00
[2024-10-28T17:09:05.560-0700] {processor.py:179} INFO - Processing /Users/saiprasadreddykolan/airflow_venv/lib/python3.10/site-packages/airflow/example_dags/example_task_group.py took 0.244 seconds
[2024-10-28T17:10:42.415-0700] {processor.py:157} INFO - Started process (PID=70168) to work on /Users/saiprasadreddykolan/airflow_venv/lib/python3.10/site-packages/airflow/example_dags/example_task_group.py
[2024-10-28T17:10:42.417-0700] {processor.py:826} INFO - Processing file /Users/saiprasadreddykolan/airflow_venv/lib/python3.10/site-packages/airflow/example_dags/example_task_group.py for tasks to queue
[2024-10-28T17:10:42.417-0700] {logging_mixin.py:150} INFO - [2024-10-28T17:10:42.417-0700] {dagbag.py:541} INFO - Filling up the DagBag from /Users/saiprasadreddykolan/airflow_venv/lib/python3.10/site-packages/airflow/example_dags/example_task_group.py
[2024-10-28T17:10:42.424-0700] {processor.py:836} INFO - DAG(s) dict_keys(['example_task_group']) retrieved from /Users/saiprasadreddykolan/airflow_venv/lib/python3.10/site-packages/airflow/example_dags/example_task_group.py
[2024-10-28T17:10:42.643-0700] {logging_mixin.py:150} INFO - [2024-10-28T17:10:42.643-0700] {dag.py:2742} INFO - Sync 1 DAGs
[2024-10-28T17:10:42.648-0700] {logging_mixin.py:150} INFO - [2024-10-28T17:10:42.648-0700] {dag.py:3504} INFO - Setting next_dagrun for example_task_group to 2024-10-28T00:10:42.648894+00:00, run_after=2024-10-29T00:10:42.648894+00:00
[2024-10-28T17:10:42.657-0700] {processor.py:179} INFO - Processing /Users/saiprasadreddykolan/airflow_venv/lib/python3.10/site-packages/airflow/example_dags/example_task_group.py took 0.242 seconds
[2024-10-28T17:12:18.472-0700] {processor.py:157} INFO - Started process (PID=70228) to work on /Users/saiprasadreddykolan/airflow_venv/lib/python3.10/site-packages/airflow/example_dags/example_task_group.py
[2024-10-28T17:12:18.475-0700] {processor.py:826} INFO - Processing file /Users/saiprasadreddykolan/airflow_venv/lib/python3.10/site-packages/airflow/example_dags/example_task_group.py for tasks to queue
[2024-10-28T17:12:18.475-0700] {logging_mixin.py:150} INFO - [2024-10-28T17:12:18.475-0700] {dagbag.py:541} INFO - Filling up the DagBag from /Users/saiprasadreddykolan/airflow_venv/lib/python3.10/site-packages/airflow/example_dags/example_task_group.py
[2024-10-28T17:12:18.482-0700] {processor.py:836} INFO - DAG(s) dict_keys(['example_task_group']) retrieved from /Users/saiprasadreddykolan/airflow_venv/lib/python3.10/site-packages/airflow/example_dags/example_task_group.py
[2024-10-28T17:12:18.708-0700] {logging_mixin.py:150} INFO - [2024-10-28T17:12:18.707-0700] {dag.py:2742} INFO - Sync 1 DAGs
[2024-10-28T17:12:18.713-0700] {logging_mixin.py:150} INFO - [2024-10-28T17:12:18.713-0700] {dag.py:3504} INFO - Setting next_dagrun for example_task_group to 2024-10-28T00:12:18.713351+00:00, run_after=2024-10-29T00:12:18.713351+00:00
[2024-10-28T17:12:18.721-0700] {processor.py:179} INFO - Processing /Users/saiprasadreddykolan/airflow_venv/lib/python3.10/site-packages/airflow/example_dags/example_task_group.py took 0.249 seconds
[2024-10-28T17:13:43.854-0700] {processor.py:157} INFO - Started process (PID=70289) to work on /Users/saiprasadreddykolan/airflow_venv/lib/python3.10/site-packages/airflow/example_dags/example_task_group.py
[2024-10-28T17:13:43.857-0700] {processor.py:826} INFO - Processing file /Users/saiprasadreddykolan/airflow_venv/lib/python3.10/site-packages/airflow/example_dags/example_task_group.py for tasks to queue
[2024-10-28T17:13:43.857-0700] {logging_mixin.py:150} INFO - [2024-10-28T17:13:43.857-0700] {dagbag.py:541} INFO - Filling up the DagBag from /Users/saiprasadreddykolan/airflow_venv/lib/python3.10/site-packages/airflow/example_dags/example_task_group.py
[2024-10-28T17:13:43.864-0700] {processor.py:836} INFO - DAG(s) dict_keys(['example_task_group']) retrieved from /Users/saiprasadreddykolan/airflow_venv/lib/python3.10/site-packages/airflow/example_dags/example_task_group.py
[2024-10-28T17:13:44.083-0700] {logging_mixin.py:150} INFO - [2024-10-28T17:13:44.082-0700] {dag.py:2742} INFO - Sync 1 DAGs
[2024-10-28T17:13:44.088-0700] {logging_mixin.py:150} INFO - [2024-10-28T17:13:44.088-0700] {dag.py:3504} INFO - Setting next_dagrun for example_task_group to 2024-10-28T00:13:44.088448+00:00, run_after=2024-10-29T00:13:44.088448+00:00
[2024-10-28T17:13:44.094-0700] {processor.py:179} INFO - Processing /Users/saiprasadreddykolan/airflow_venv/lib/python3.10/site-packages/airflow/example_dags/example_task_group.py took 0.241 seconds
[2024-10-28T17:15:11.846-0700] {processor.py:157} INFO - Started process (PID=70346) to work on /Users/saiprasadreddykolan/airflow_venv/lib/python3.10/site-packages/airflow/example_dags/example_task_group.py
[2024-10-28T17:15:11.849-0700] {processor.py:826} INFO - Processing file /Users/saiprasadreddykolan/airflow_venv/lib/python3.10/site-packages/airflow/example_dags/example_task_group.py for tasks to queue
[2024-10-28T17:15:11.849-0700] {logging_mixin.py:150} INFO - [2024-10-28T17:15:11.849-0700] {dagbag.py:541} INFO - Filling up the DagBag from /Users/saiprasadreddykolan/airflow_venv/lib/python3.10/site-packages/airflow/example_dags/example_task_group.py
[2024-10-28T17:15:11.856-0700] {processor.py:836} INFO - DAG(s) dict_keys(['example_task_group']) retrieved from /Users/saiprasadreddykolan/airflow_venv/lib/python3.10/site-packages/airflow/example_dags/example_task_group.py
[2024-10-28T17:15:12.073-0700] {logging_mixin.py:150} INFO - [2024-10-28T17:15:12.073-0700] {dag.py:2742} INFO - Sync 1 DAGs
[2024-10-28T17:15:12.078-0700] {logging_mixin.py:150} INFO - [2024-10-28T17:15:12.078-0700] {dag.py:3504} INFO - Setting next_dagrun for example_task_group to 2024-10-28T00:15:12.078466+00:00, run_after=2024-10-29T00:15:12.078466+00:00
[2024-10-28T17:15:12.085-0700] {processor.py:179} INFO - Processing /Users/saiprasadreddykolan/airflow_venv/lib/python3.10/site-packages/airflow/example_dags/example_task_group.py took 0.239 seconds
[2024-10-28T17:16:50.147-0700] {processor.py:157} INFO - Started process (PID=70472) to work on /Users/saiprasadreddykolan/airflow_venv/lib/python3.10/site-packages/airflow/example_dags/example_task_group.py
[2024-10-28T17:16:50.150-0700] {processor.py:826} INFO - Processing file /Users/saiprasadreddykolan/airflow_venv/lib/python3.10/site-packages/airflow/example_dags/example_task_group.py for tasks to queue
[2024-10-28T17:16:50.150-0700] {logging_mixin.py:150} INFO - [2024-10-28T17:16:50.150-0700] {dagbag.py:541} INFO - Filling up the DagBag from /Users/saiprasadreddykolan/airflow_venv/lib/python3.10/site-packages/airflow/example_dags/example_task_group.py
[2024-10-28T17:16:50.158-0700] {processor.py:836} INFO - DAG(s) dict_keys(['example_task_group']) retrieved from /Users/saiprasadreddykolan/airflow_venv/lib/python3.10/site-packages/airflow/example_dags/example_task_group.py
[2024-10-28T17:16:50.391-0700] {logging_mixin.py:150} INFO - [2024-10-28T17:16:50.391-0700] {dag.py:2742} INFO - Sync 1 DAGs
[2024-10-28T17:16:50.396-0700] {logging_mixin.py:150} INFO - [2024-10-28T17:16:50.396-0700] {dag.py:3504} INFO - Setting next_dagrun for example_task_group to 2024-10-28T00:16:50.396576+00:00, run_after=2024-10-29T00:16:50.396576+00:00
[2024-10-28T17:16:50.402-0700] {processor.py:179} INFO - Processing /Users/saiprasadreddykolan/airflow_venv/lib/python3.10/site-packages/airflow/example_dags/example_task_group.py took 0.255 seconds
[2024-10-28T17:18:20.039-0700] {processor.py:157} INFO - Started process (PID=70544) to work on /Users/saiprasadreddykolan/airflow_venv/lib/python3.10/site-packages/airflow/example_dags/example_task_group.py
[2024-10-28T17:18:20.041-0700] {processor.py:826} INFO - Processing file /Users/saiprasadreddykolan/airflow_venv/lib/python3.10/site-packages/airflow/example_dags/example_task_group.py for tasks to queue
[2024-10-28T17:18:20.041-0700] {logging_mixin.py:150} INFO - [2024-10-28T17:18:20.041-0700] {dagbag.py:541} INFO - Filling up the DagBag from /Users/saiprasadreddykolan/airflow_venv/lib/python3.10/site-packages/airflow/example_dags/example_task_group.py
[2024-10-28T17:18:20.049-0700] {processor.py:836} INFO - DAG(s) dict_keys(['example_task_group']) retrieved from /Users/saiprasadreddykolan/airflow_venv/lib/python3.10/site-packages/airflow/example_dags/example_task_group.py
[2024-10-28T17:18:20.283-0700] {logging_mixin.py:150} INFO - [2024-10-28T17:18:20.283-0700] {dag.py:2742} INFO - Sync 1 DAGs
[2024-10-28T17:18:20.289-0700] {logging_mixin.py:150} INFO - [2024-10-28T17:18:20.289-0700] {dag.py:3504} INFO - Setting next_dagrun for example_task_group to 2024-10-28T00:18:20.289386+00:00, run_after=2024-10-29T00:18:20.289386+00:00
[2024-10-28T17:18:20.297-0700] {processor.py:179} INFO - Processing /Users/saiprasadreddykolan/airflow_venv/lib/python3.10/site-packages/airflow/example_dags/example_task_group.py took 0.258 seconds
[2024-10-28T17:19:51.058-0700] {processor.py:157} INFO - Started process (PID=70628) to work on /Users/saiprasadreddykolan/airflow_venv/lib/python3.10/site-packages/airflow/example_dags/example_task_group.py
[2024-10-28T17:19:51.060-0700] {processor.py:826} INFO - Processing file /Users/saiprasadreddykolan/airflow_venv/lib/python3.10/site-packages/airflow/example_dags/example_task_group.py for tasks to queue
[2024-10-28T17:19:51.060-0700] {logging_mixin.py:150} INFO - [2024-10-28T17:19:51.060-0700] {dagbag.py:541} INFO - Filling up the DagBag from /Users/saiprasadreddykolan/airflow_venv/lib/python3.10/site-packages/airflow/example_dags/example_task_group.py
[2024-10-28T17:19:51.068-0700] {processor.py:836} INFO - DAG(s) dict_keys(['example_task_group']) retrieved from /Users/saiprasadreddykolan/airflow_venv/lib/python3.10/site-packages/airflow/example_dags/example_task_group.py
[2024-10-28T17:19:51.299-0700] {logging_mixin.py:150} INFO - [2024-10-28T17:19:51.299-0700] {dag.py:2742} INFO - Sync 1 DAGs
[2024-10-28T17:19:51.304-0700] {logging_mixin.py:150} INFO - [2024-10-28T17:19:51.304-0700] {dag.py:3504} INFO - Setting next_dagrun for example_task_group to 2024-10-28T00:19:51.304658+00:00, run_after=2024-10-29T00:19:51.304658+00:00
[2024-10-28T17:19:51.312-0700] {processor.py:179} INFO - Processing /Users/saiprasadreddykolan/airflow_venv/lib/python3.10/site-packages/airflow/example_dags/example_task_group.py took 0.255 seconds
[2024-10-28T17:21:27.490-0700] {processor.py:157} INFO - Started process (PID=70691) to work on /Users/saiprasadreddykolan/airflow_venv/lib/python3.10/site-packages/airflow/example_dags/example_task_group.py
[2024-10-28T17:21:27.492-0700] {processor.py:826} INFO - Processing file /Users/saiprasadreddykolan/airflow_venv/lib/python3.10/site-packages/airflow/example_dags/example_task_group.py for tasks to queue
[2024-10-28T17:21:27.493-0700] {logging_mixin.py:150} INFO - [2024-10-28T17:21:27.492-0700] {dagbag.py:541} INFO - Filling up the DagBag from /Users/saiprasadreddykolan/airflow_venv/lib/python3.10/site-packages/airflow/example_dags/example_task_group.py
[2024-10-28T17:21:27.500-0700] {processor.py:836} INFO - DAG(s) dict_keys(['example_task_group']) retrieved from /Users/saiprasadreddykolan/airflow_venv/lib/python3.10/site-packages/airflow/example_dags/example_task_group.py
[2024-10-28T17:21:27.723-0700] {logging_mixin.py:150} INFO - [2024-10-28T17:21:27.723-0700] {dag.py:2742} INFO - Sync 1 DAGs
[2024-10-28T17:21:27.728-0700] {logging_mixin.py:150} INFO - [2024-10-28T17:21:27.728-0700] {dag.py:3504} INFO - Setting next_dagrun for example_task_group to 2024-10-28T00:21:27.728342+00:00, run_after=2024-10-29T00:21:27.728342+00:00
[2024-10-28T17:21:27.735-0700] {processor.py:179} INFO - Processing /Users/saiprasadreddykolan/airflow_venv/lib/python3.10/site-packages/airflow/example_dags/example_task_group.py took 0.245 seconds
[2024-10-28T17:22:57.886-0700] {processor.py:157} INFO - Started process (PID=70762) to work on /Users/saiprasadreddykolan/airflow_venv/lib/python3.10/site-packages/airflow/example_dags/example_task_group.py
[2024-10-28T17:22:57.888-0700] {processor.py:826} INFO - Processing file /Users/saiprasadreddykolan/airflow_venv/lib/python3.10/site-packages/airflow/example_dags/example_task_group.py for tasks to queue
[2024-10-28T17:22:57.888-0700] {logging_mixin.py:150} INFO - [2024-10-28T17:22:57.888-0700] {dagbag.py:541} INFO - Filling up the DagBag from /Users/saiprasadreddykolan/airflow_venv/lib/python3.10/site-packages/airflow/example_dags/example_task_group.py
[2024-10-28T17:22:57.895-0700] {processor.py:836} INFO - DAG(s) dict_keys(['example_task_group']) retrieved from /Users/saiprasadreddykolan/airflow_venv/lib/python3.10/site-packages/airflow/example_dags/example_task_group.py
[2024-10-28T17:22:58.114-0700] {logging_mixin.py:150} INFO - [2024-10-28T17:22:58.114-0700] {dag.py:2742} INFO - Sync 1 DAGs
[2024-10-28T17:22:58.120-0700] {logging_mixin.py:150} INFO - [2024-10-28T17:22:58.120-0700] {dag.py:3504} INFO - Setting next_dagrun for example_task_group to 2024-10-28T00:22:58.120342+00:00, run_after=2024-10-29T00:22:58.120342+00:00
[2024-10-28T17:22:58.128-0700] {processor.py:179} INFO - Processing /Users/saiprasadreddykolan/airflow_venv/lib/python3.10/site-packages/airflow/example_dags/example_task_group.py took 0.243 seconds
[2024-10-28T17:24:26.450-0700] {processor.py:157} INFO - Started process (PID=70854) to work on /Users/saiprasadreddykolan/airflow_venv/lib/python3.10/site-packages/airflow/example_dags/example_task_group.py
[2024-10-28T17:24:26.452-0700] {processor.py:826} INFO - Processing file /Users/saiprasadreddykolan/airflow_venv/lib/python3.10/site-packages/airflow/example_dags/example_task_group.py for tasks to queue
[2024-10-28T17:24:26.452-0700] {logging_mixin.py:150} INFO - [2024-10-28T17:24:26.452-0700] {dagbag.py:541} INFO - Filling up the DagBag from /Users/saiprasadreddykolan/airflow_venv/lib/python3.10/site-packages/airflow/example_dags/example_task_group.py
[2024-10-28T17:24:26.459-0700] {processor.py:836} INFO - DAG(s) dict_keys(['example_task_group']) retrieved from /Users/saiprasadreddykolan/airflow_venv/lib/python3.10/site-packages/airflow/example_dags/example_task_group.py
[2024-10-28T17:24:26.685-0700] {logging_mixin.py:150} INFO - [2024-10-28T17:24:26.685-0700] {dag.py:2742} INFO - Sync 1 DAGs
[2024-10-28T17:24:26.690-0700] {logging_mixin.py:150} INFO - [2024-10-28T17:24:26.690-0700] {dag.py:3504} INFO - Setting next_dagrun for example_task_group to 2024-10-28T00:24:26.690526+00:00, run_after=2024-10-29T00:24:26.690526+00:00
[2024-10-28T17:24:26.697-0700] {processor.py:179} INFO - Processing /Users/saiprasadreddykolan/airflow_venv/lib/python3.10/site-packages/airflow/example_dags/example_task_group.py took 0.248 seconds
[2024-10-28T17:26:00.189-0700] {processor.py:157} INFO - Started process (PID=70950) to work on /Users/saiprasadreddykolan/airflow_venv/lib/python3.10/site-packages/airflow/example_dags/example_task_group.py
[2024-10-28T17:26:00.192-0700] {processor.py:826} INFO - Processing file /Users/saiprasadreddykolan/airflow_venv/lib/python3.10/site-packages/airflow/example_dags/example_task_group.py for tasks to queue
[2024-10-28T17:26:00.192-0700] {logging_mixin.py:150} INFO - [2024-10-28T17:26:00.192-0700] {dagbag.py:541} INFO - Filling up the DagBag from /Users/saiprasadreddykolan/airflow_venv/lib/python3.10/site-packages/airflow/example_dags/example_task_group.py
[2024-10-28T17:26:00.200-0700] {processor.py:836} INFO - DAG(s) dict_keys(['example_task_group']) retrieved from /Users/saiprasadreddykolan/airflow_venv/lib/python3.10/site-packages/airflow/example_dags/example_task_group.py
[2024-10-28T17:26:00.426-0700] {logging_mixin.py:150} INFO - [2024-10-28T17:26:00.426-0700] {dag.py:2742} INFO - Sync 1 DAGs
[2024-10-28T17:26:00.431-0700] {logging_mixin.py:150} INFO - [2024-10-28T17:26:00.431-0700] {dag.py:3504} INFO - Setting next_dagrun for example_task_group to 2024-10-28T00:26:00.431396+00:00, run_after=2024-10-29T00:26:00.431396+00:00
[2024-10-28T17:26:00.438-0700] {processor.py:179} INFO - Processing /Users/saiprasadreddykolan/airflow_venv/lib/python3.10/site-packages/airflow/example_dags/example_task_group.py took 0.249 seconds
[2024-10-28T17:27:30.486-0700] {processor.py:157} INFO - Started process (PID=71016) to work on /Users/saiprasadreddykolan/airflow_venv/lib/python3.10/site-packages/airflow/example_dags/example_task_group.py
[2024-10-28T17:27:30.488-0700] {processor.py:826} INFO - Processing file /Users/saiprasadreddykolan/airflow_venv/lib/python3.10/site-packages/airflow/example_dags/example_task_group.py for tasks to queue
[2024-10-28T17:27:30.489-0700] {logging_mixin.py:150} INFO - [2024-10-28T17:27:30.489-0700] {dagbag.py:541} INFO - Filling up the DagBag from /Users/saiprasadreddykolan/airflow_venv/lib/python3.10/site-packages/airflow/example_dags/example_task_group.py
[2024-10-28T17:27:30.496-0700] {processor.py:836} INFO - DAG(s) dict_keys(['example_task_group']) retrieved from /Users/saiprasadreddykolan/airflow_venv/lib/python3.10/site-packages/airflow/example_dags/example_task_group.py
[2024-10-28T17:27:30.714-0700] {logging_mixin.py:150} INFO - [2024-10-28T17:27:30.714-0700] {dag.py:2742} INFO - Sync 1 DAGs
[2024-10-28T17:27:30.719-0700] {logging_mixin.py:150} INFO - [2024-10-28T17:27:30.719-0700] {dag.py:3504} INFO - Setting next_dagrun for example_task_group to 2024-10-28T00:27:30.719557+00:00, run_after=2024-10-29T00:27:30.719557+00:00
[2024-10-28T17:27:30.727-0700] {processor.py:179} INFO - Processing /Users/saiprasadreddykolan/airflow_venv/lib/python3.10/site-packages/airflow/example_dags/example_task_group.py took 0.241 seconds
[2024-10-28T17:29:02.381-0700] {processor.py:157} INFO - Started process (PID=71085) to work on /Users/saiprasadreddykolan/airflow_venv/lib/python3.10/site-packages/airflow/example_dags/example_task_group.py
[2024-10-28T17:29:02.384-0700] {processor.py:826} INFO - Processing file /Users/saiprasadreddykolan/airflow_venv/lib/python3.10/site-packages/airflow/example_dags/example_task_group.py for tasks to queue
[2024-10-28T17:29:02.384-0700] {logging_mixin.py:150} INFO - [2024-10-28T17:29:02.384-0700] {dagbag.py:541} INFO - Filling up the DagBag from /Users/saiprasadreddykolan/airflow_venv/lib/python3.10/site-packages/airflow/example_dags/example_task_group.py
[2024-10-28T17:29:02.391-0700] {processor.py:836} INFO - DAG(s) dict_keys(['example_task_group']) retrieved from /Users/saiprasadreddykolan/airflow_venv/lib/python3.10/site-packages/airflow/example_dags/example_task_group.py
[2024-10-28T17:29:02.613-0700] {logging_mixin.py:150} INFO - [2024-10-28T17:29:02.613-0700] {dag.py:2742} INFO - Sync 1 DAGs
[2024-10-28T17:29:02.618-0700] {logging_mixin.py:150} INFO - [2024-10-28T17:29:02.618-0700] {dag.py:3504} INFO - Setting next_dagrun for example_task_group to 2024-10-28T00:29:02.618663+00:00, run_after=2024-10-29T00:29:02.618663+00:00
[2024-10-28T17:29:02.625-0700] {processor.py:179} INFO - Processing /Users/saiprasadreddykolan/airflow_venv/lib/python3.10/site-packages/airflow/example_dags/example_task_group.py took 0.245 seconds
[2024-10-28T17:30:41.098-0700] {processor.py:157} INFO - Started process (PID=71160) to work on /Users/saiprasadreddykolan/airflow_venv/lib/python3.10/site-packages/airflow/example_dags/example_task_group.py
[2024-10-28T17:30:41.099-0700] {processor.py:826} INFO - Processing file /Users/saiprasadreddykolan/airflow_venv/lib/python3.10/site-packages/airflow/example_dags/example_task_group.py for tasks to queue
[2024-10-28T17:30:41.100-0700] {logging_mixin.py:150} INFO - [2024-10-28T17:30:41.100-0700] {dagbag.py:541} INFO - Filling up the DagBag from /Users/saiprasadreddykolan/airflow_venv/lib/python3.10/site-packages/airflow/example_dags/example_task_group.py
[2024-10-28T17:30:41.107-0700] {processor.py:836} INFO - DAG(s) dict_keys(['example_task_group']) retrieved from /Users/saiprasadreddykolan/airflow_venv/lib/python3.10/site-packages/airflow/example_dags/example_task_group.py
[2024-10-28T17:30:41.326-0700] {logging_mixin.py:150} INFO - [2024-10-28T17:30:41.326-0700] {dag.py:2742} INFO - Sync 1 DAGs
[2024-10-28T17:30:41.331-0700] {logging_mixin.py:150} INFO - [2024-10-28T17:30:41.331-0700] {dag.py:3504} INFO - Setting next_dagrun for example_task_group to 2024-10-28T00:30:41.331544+00:00, run_after=2024-10-29T00:30:41.331544+00:00
[2024-10-28T17:30:41.339-0700] {processor.py:179} INFO - Processing /Users/saiprasadreddykolan/airflow_venv/lib/python3.10/site-packages/airflow/example_dags/example_task_group.py took 0.241 seconds
[2024-10-28T17:32:09.252-0700] {processor.py:157} INFO - Started process (PID=71219) to work on /Users/saiprasadreddykolan/airflow_venv/lib/python3.10/site-packages/airflow/example_dags/example_task_group.py
[2024-10-28T17:32:09.254-0700] {processor.py:826} INFO - Processing file /Users/saiprasadreddykolan/airflow_venv/lib/python3.10/site-packages/airflow/example_dags/example_task_group.py for tasks to queue
[2024-10-28T17:32:09.254-0700] {logging_mixin.py:150} INFO - [2024-10-28T17:32:09.254-0700] {dagbag.py:541} INFO - Filling up the DagBag from /Users/saiprasadreddykolan/airflow_venv/lib/python3.10/site-packages/airflow/example_dags/example_task_group.py
[2024-10-28T17:32:09.261-0700] {processor.py:836} INFO - DAG(s) dict_keys(['example_task_group']) retrieved from /Users/saiprasadreddykolan/airflow_venv/lib/python3.10/site-packages/airflow/example_dags/example_task_group.py
[2024-10-28T17:32:09.480-0700] {logging_mixin.py:150} INFO - [2024-10-28T17:32:09.479-0700] {dag.py:2742} INFO - Sync 1 DAGs
[2024-10-28T17:32:09.485-0700] {logging_mixin.py:150} INFO - [2024-10-28T17:32:09.485-0700] {dag.py:3504} INFO - Setting next_dagrun for example_task_group to 2024-10-28T00:32:09.485364+00:00, run_after=2024-10-29T00:32:09.485364+00:00
[2024-10-28T17:32:09.491-0700] {processor.py:179} INFO - Processing /Users/saiprasadreddykolan/airflow_venv/lib/python3.10/site-packages/airflow/example_dags/example_task_group.py took 0.240 seconds
[2024-10-28T17:33:47.714-0700] {processor.py:157} INFO - Started process (PID=71297) to work on /Users/saiprasadreddykolan/airflow_venv/lib/python3.10/site-packages/airflow/example_dags/example_task_group.py
[2024-10-28T17:33:47.716-0700] {processor.py:826} INFO - Processing file /Users/saiprasadreddykolan/airflow_venv/lib/python3.10/site-packages/airflow/example_dags/example_task_group.py for tasks to queue
[2024-10-28T17:33:47.717-0700] {logging_mixin.py:150} INFO - [2024-10-28T17:33:47.717-0700] {dagbag.py:541} INFO - Filling up the DagBag from /Users/saiprasadreddykolan/airflow_venv/lib/python3.10/site-packages/airflow/example_dags/example_task_group.py
[2024-10-28T17:33:47.724-0700] {processor.py:836} INFO - DAG(s) dict_keys(['example_task_group']) retrieved from /Users/saiprasadreddykolan/airflow_venv/lib/python3.10/site-packages/airflow/example_dags/example_task_group.py
[2024-10-28T17:33:47.946-0700] {logging_mixin.py:150} INFO - [2024-10-28T17:33:47.946-0700] {dag.py:2742} INFO - Sync 1 DAGs
[2024-10-28T17:33:47.953-0700] {logging_mixin.py:150} INFO - [2024-10-28T17:33:47.953-0700] {dag.py:3504} INFO - Setting next_dagrun for example_task_group to 2024-10-28T00:33:47.953765+00:00, run_after=2024-10-29T00:33:47.953765+00:00
[2024-10-28T17:33:47.961-0700] {processor.py:179} INFO - Processing /Users/saiprasadreddykolan/airflow_venv/lib/python3.10/site-packages/airflow/example_dags/example_task_group.py took 0.247 seconds
[2024-10-28T17:35:22.780-0700] {processor.py:157} INFO - Started process (PID=71360) to work on /Users/saiprasadreddykolan/airflow_venv/lib/python3.10/site-packages/airflow/example_dags/example_task_group.py
[2024-10-28T17:35:22.783-0700] {processor.py:826} INFO - Processing file /Users/saiprasadreddykolan/airflow_venv/lib/python3.10/site-packages/airflow/example_dags/example_task_group.py for tasks to queue
[2024-10-28T17:35:22.783-0700] {logging_mixin.py:150} INFO - [2024-10-28T17:35:22.783-0700] {dagbag.py:541} INFO - Filling up the DagBag from /Users/saiprasadreddykolan/airflow_venv/lib/python3.10/site-packages/airflow/example_dags/example_task_group.py
[2024-10-28T17:35:22.790-0700] {processor.py:836} INFO - DAG(s) dict_keys(['example_task_group']) retrieved from /Users/saiprasadreddykolan/airflow_venv/lib/python3.10/site-packages/airflow/example_dags/example_task_group.py
[2024-10-28T17:35:23.016-0700] {logging_mixin.py:150} INFO - [2024-10-28T17:35:23.016-0700] {dag.py:2742} INFO - Sync 1 DAGs
[2024-10-28T17:35:23.021-0700] {logging_mixin.py:150} INFO - [2024-10-28T17:35:23.021-0700] {dag.py:3504} INFO - Setting next_dagrun for example_task_group to 2024-10-28T00:35:23.021711+00:00, run_after=2024-10-29T00:35:23.021711+00:00
[2024-10-28T17:35:23.028-0700] {processor.py:179} INFO - Processing /Users/saiprasadreddykolan/airflow_venv/lib/python3.10/site-packages/airflow/example_dags/example_task_group.py took 0.248 seconds
[2024-10-28T17:36:56.722-0700] {processor.py:157} INFO - Started process (PID=71428) to work on /Users/saiprasadreddykolan/airflow_venv/lib/python3.10/site-packages/airflow/example_dags/example_task_group.py
[2024-10-28T17:36:56.724-0700] {processor.py:826} INFO - Processing file /Users/saiprasadreddykolan/airflow_venv/lib/python3.10/site-packages/airflow/example_dags/example_task_group.py for tasks to queue
[2024-10-28T17:36:56.725-0700] {logging_mixin.py:150} INFO - [2024-10-28T17:36:56.725-0700] {dagbag.py:541} INFO - Filling up the DagBag from /Users/saiprasadreddykolan/airflow_venv/lib/python3.10/site-packages/airflow/example_dags/example_task_group.py
[2024-10-28T17:36:56.732-0700] {processor.py:836} INFO - DAG(s) dict_keys(['example_task_group']) retrieved from /Users/saiprasadreddykolan/airflow_venv/lib/python3.10/site-packages/airflow/example_dags/example_task_group.py
[2024-10-28T17:36:56.964-0700] {logging_mixin.py:150} INFO - [2024-10-28T17:36:56.964-0700] {dag.py:2742} INFO - Sync 1 DAGs
[2024-10-28T17:36:56.971-0700] {logging_mixin.py:150} INFO - [2024-10-28T17:36:56.971-0700] {dag.py:3504} INFO - Setting next_dagrun for example_task_group to 2024-10-28T00:36:56.971165+00:00, run_after=2024-10-29T00:36:56.971165+00:00
[2024-10-28T17:36:56.980-0700] {processor.py:179} INFO - Processing /Users/saiprasadreddykolan/airflow_venv/lib/python3.10/site-packages/airflow/example_dags/example_task_group.py took 0.258 seconds
