[2024-10-28T17:01:04.502-0700] {processor.py:157} INFO - Started process (PID=69772) to work on /Users/saiprasadreddykolan/airflow_venv/lib/python3.10/site-packages/airflow/example_dags/example_dag_decorator.py
[2024-10-28T17:01:04.503-0700] {processor.py:826} INFO - Processing file /Users/saiprasadreddykolan/airflow_venv/lib/python3.10/site-packages/airflow/example_dags/example_dag_decorator.py for tasks to queue
[2024-10-28T17:01:04.504-0700] {logging_mixin.py:150} INFO - [2024-10-28T17:01:04.503-0700] {dagbag.py:541} INFO - Filling up the DagBag from /Users/saiprasadreddykolan/airflow_venv/lib/python3.10/site-packages/airflow/example_dags/example_dag_decorator.py
[2024-10-28T17:01:04.573-0700] {processor.py:836} INFO - DAG(s) dict_keys(['example_dag_decorator']) retrieved from /Users/saiprasadreddykolan/airflow_venv/lib/python3.10/site-packages/airflow/example_dags/example_dag_decorator.py
[2024-10-28T17:01:04.781-0700] {logging_mixin.py:150} INFO - [2024-10-28T17:01:04.781-0700] {dag.py:2742} INFO - Sync 1 DAGs
[2024-10-28T17:01:04.787-0700] {logging_mixin.py:150} INFO - [2024-10-28T17:01:04.787-0700] {dag.py:3504} INFO - Setting next_dagrun for example_dag_decorator to None, run_after=None
[2024-10-28T17:01:04.794-0700] {processor.py:179} INFO - Processing /Users/saiprasadreddykolan/airflow_venv/lib/python3.10/site-packages/airflow/example_dags/example_dag_decorator.py took 0.293 seconds
[2024-10-28T17:02:27.525-0700] {processor.py:157} INFO - Started process (PID=69831) to work on /Users/saiprasadreddykolan/airflow_venv/lib/python3.10/site-packages/airflow/example_dags/example_dag_decorator.py
[2024-10-28T17:02:27.527-0700] {processor.py:826} INFO - Processing file /Users/saiprasadreddykolan/airflow_venv/lib/python3.10/site-packages/airflow/example_dags/example_dag_decorator.py for tasks to queue
[2024-10-28T17:02:27.527-0700] {logging_mixin.py:150} INFO - [2024-10-28T17:02:27.527-0700] {dagbag.py:541} INFO - Filling up the DagBag from /Users/saiprasadreddykolan/airflow_venv/lib/python3.10/site-packages/airflow/example_dags/example_dag_decorator.py
[2024-10-28T17:02:27.598-0700] {processor.py:836} INFO - DAG(s) dict_keys(['example_dag_decorator']) retrieved from /Users/saiprasadreddykolan/airflow_venv/lib/python3.10/site-packages/airflow/example_dags/example_dag_decorator.py
[2024-10-28T17:02:27.809-0700] {logging_mixin.py:150} INFO - [2024-10-28T17:02:27.809-0700] {dag.py:2742} INFO - Sync 1 DAGs
[2024-10-28T17:02:27.814-0700] {logging_mixin.py:150} INFO - [2024-10-28T17:02:27.814-0700] {dag.py:3504} INFO - Setting next_dagrun for example_dag_decorator to None, run_after=None
[2024-10-28T17:02:27.822-0700] {processor.py:179} INFO - Processing /Users/saiprasadreddykolan/airflow_venv/lib/python3.10/site-packages/airflow/example_dags/example_dag_decorator.py took 0.298 seconds
[2024-10-28T17:03:58.340-0700] {processor.py:157} INFO - Started process (PID=69892) to work on /Users/saiprasadreddykolan/airflow_venv/lib/python3.10/site-packages/airflow/example_dags/example_dag_decorator.py
[2024-10-28T17:03:58.343-0700] {processor.py:826} INFO - Processing file /Users/saiprasadreddykolan/airflow_venv/lib/python3.10/site-packages/airflow/example_dags/example_dag_decorator.py for tasks to queue
[2024-10-28T17:03:58.343-0700] {logging_mixin.py:150} INFO - [2024-10-28T17:03:58.343-0700] {dagbag.py:541} INFO - Filling up the DagBag from /Users/saiprasadreddykolan/airflow_venv/lib/python3.10/site-packages/airflow/example_dags/example_dag_decorator.py
[2024-10-28T17:03:58.413-0700] {processor.py:836} INFO - DAG(s) dict_keys(['example_dag_decorator']) retrieved from /Users/saiprasadreddykolan/airflow_venv/lib/python3.10/site-packages/airflow/example_dags/example_dag_decorator.py
[2024-10-28T17:03:58.617-0700] {logging_mixin.py:150} INFO - [2024-10-28T17:03:58.617-0700] {dag.py:2742} INFO - Sync 1 DAGs
[2024-10-28T17:03:58.623-0700] {logging_mixin.py:150} INFO - [2024-10-28T17:03:58.623-0700] {dag.py:3504} INFO - Setting next_dagrun for example_dag_decorator to None, run_after=None
[2024-10-28T17:03:58.630-0700] {processor.py:179} INFO - Processing /Users/saiprasadreddykolan/airflow_venv/lib/python3.10/site-packages/airflow/example_dags/example_dag_decorator.py took 0.290 seconds
[2024-10-28T17:05:32.823-0700] {processor.py:157} INFO - Started process (PID=69959) to work on /Users/saiprasadreddykolan/airflow_venv/lib/python3.10/site-packages/airflow/example_dags/example_dag_decorator.py
[2024-10-28T17:05:32.824-0700] {processor.py:826} INFO - Processing file /Users/saiprasadreddykolan/airflow_venv/lib/python3.10/site-packages/airflow/example_dags/example_dag_decorator.py for tasks to queue
[2024-10-28T17:05:32.825-0700] {logging_mixin.py:150} INFO - [2024-10-28T17:05:32.825-0700] {dagbag.py:541} INFO - Filling up the DagBag from /Users/saiprasadreddykolan/airflow_venv/lib/python3.10/site-packages/airflow/example_dags/example_dag_decorator.py
[2024-10-28T17:05:32.899-0700] {processor.py:836} INFO - DAG(s) dict_keys(['example_dag_decorator']) retrieved from /Users/saiprasadreddykolan/airflow_venv/lib/python3.10/site-packages/airflow/example_dags/example_dag_decorator.py
[2024-10-28T17:05:33.115-0700] {logging_mixin.py:150} INFO - [2024-10-28T17:05:33.114-0700] {dag.py:2742} INFO - Sync 1 DAGs
[2024-10-28T17:05:33.120-0700] {logging_mixin.py:150} INFO - [2024-10-28T17:05:33.120-0700] {dag.py:3504} INFO - Setting next_dagrun for example_dag_decorator to None, run_after=None
[2024-10-28T17:05:33.126-0700] {processor.py:179} INFO - Processing /Users/saiprasadreddykolan/airflow_venv/lib/python3.10/site-packages/airflow/example_dags/example_dag_decorator.py took 0.304 seconds
[2024-10-28T17:07:06.743-0700] {processor.py:157} INFO - Started process (PID=70025) to work on /Users/saiprasadreddykolan/airflow_venv/lib/python3.10/site-packages/airflow/example_dags/example_dag_decorator.py
[2024-10-28T17:07:06.746-0700] {processor.py:826} INFO - Processing file /Users/saiprasadreddykolan/airflow_venv/lib/python3.10/site-packages/airflow/example_dags/example_dag_decorator.py for tasks to queue
[2024-10-28T17:07:06.746-0700] {logging_mixin.py:150} INFO - [2024-10-28T17:07:06.746-0700] {dagbag.py:541} INFO - Filling up the DagBag from /Users/saiprasadreddykolan/airflow_venv/lib/python3.10/site-packages/airflow/example_dags/example_dag_decorator.py
[2024-10-28T17:07:06.817-0700] {processor.py:836} INFO - DAG(s) dict_keys(['example_dag_decorator']) retrieved from /Users/saiprasadreddykolan/airflow_venv/lib/python3.10/site-packages/airflow/example_dags/example_dag_decorator.py
[2024-10-28T17:07:07.020-0700] {logging_mixin.py:150} INFO - [2024-10-28T17:07:07.020-0700] {dag.py:2742} INFO - Sync 1 DAGs
[2024-10-28T17:07:07.025-0700] {logging_mixin.py:150} INFO - [2024-10-28T17:07:07.025-0700] {dag.py:3504} INFO - Setting next_dagrun for example_dag_decorator to None, run_after=None
[2024-10-28T17:07:07.031-0700] {processor.py:179} INFO - Processing /Users/saiprasadreddykolan/airflow_venv/lib/python3.10/site-packages/airflow/example_dags/example_dag_decorator.py took 0.288 seconds
[2024-10-28T17:08:30.663-0700] {processor.py:157} INFO - Started process (PID=70085) to work on /Users/saiprasadreddykolan/airflow_venv/lib/python3.10/site-packages/airflow/example_dags/example_dag_decorator.py
[2024-10-28T17:08:30.665-0700] {processor.py:826} INFO - Processing file /Users/saiprasadreddykolan/airflow_venv/lib/python3.10/site-packages/airflow/example_dags/example_dag_decorator.py for tasks to queue
[2024-10-28T17:08:30.666-0700] {logging_mixin.py:150} INFO - [2024-10-28T17:08:30.666-0700] {dagbag.py:541} INFO - Filling up the DagBag from /Users/saiprasadreddykolan/airflow_venv/lib/python3.10/site-packages/airflow/example_dags/example_dag_decorator.py
[2024-10-28T17:08:30.736-0700] {processor.py:836} INFO - DAG(s) dict_keys(['example_dag_decorator']) retrieved from /Users/saiprasadreddykolan/airflow_venv/lib/python3.10/site-packages/airflow/example_dags/example_dag_decorator.py
[2024-10-28T17:08:30.940-0700] {logging_mixin.py:150} INFO - [2024-10-28T17:08:30.940-0700] {dag.py:2742} INFO - Sync 1 DAGs
[2024-10-28T17:08:30.945-0700] {logging_mixin.py:150} INFO - [2024-10-28T17:08:30.945-0700] {dag.py:3504} INFO - Setting next_dagrun for example_dag_decorator to None, run_after=None
[2024-10-28T17:08:30.951-0700] {processor.py:179} INFO - Processing /Users/saiprasadreddykolan/airflow_venv/lib/python3.10/site-packages/airflow/example_dags/example_dag_decorator.py took 0.289 seconds
[2024-10-28T17:10:06.406-0700] {processor.py:157} INFO - Started process (PID=70144) to work on /Users/saiprasadreddykolan/airflow_venv/lib/python3.10/site-packages/airflow/example_dags/example_dag_decorator.py
[2024-10-28T17:10:06.409-0700] {processor.py:826} INFO - Processing file /Users/saiprasadreddykolan/airflow_venv/lib/python3.10/site-packages/airflow/example_dags/example_dag_decorator.py for tasks to queue
[2024-10-28T17:10:06.409-0700] {logging_mixin.py:150} INFO - [2024-10-28T17:10:06.409-0700] {dagbag.py:541} INFO - Filling up the DagBag from /Users/saiprasadreddykolan/airflow_venv/lib/python3.10/site-packages/airflow/example_dags/example_dag_decorator.py
[2024-10-28T17:10:06.479-0700] {processor.py:836} INFO - DAG(s) dict_keys(['example_dag_decorator']) retrieved from /Users/saiprasadreddykolan/airflow_venv/lib/python3.10/site-packages/airflow/example_dags/example_dag_decorator.py
[2024-10-28T17:10:06.682-0700] {logging_mixin.py:150} INFO - [2024-10-28T17:10:06.682-0700] {dag.py:2742} INFO - Sync 1 DAGs
[2024-10-28T17:10:06.687-0700] {logging_mixin.py:150} INFO - [2024-10-28T17:10:06.687-0700] {dag.py:3504} INFO - Setting next_dagrun for example_dag_decorator to None, run_after=None
[2024-10-28T17:10:06.694-0700] {processor.py:179} INFO - Processing /Users/saiprasadreddykolan/airflow_venv/lib/python3.10/site-packages/airflow/example_dags/example_dag_decorator.py took 0.288 seconds
[2024-10-28T17:11:39.907-0700] {processor.py:157} INFO - Started process (PID=70204) to work on /Users/saiprasadreddykolan/airflow_venv/lib/python3.10/site-packages/airflow/example_dags/example_dag_decorator.py
[2024-10-28T17:11:39.909-0700] {processor.py:826} INFO - Processing file /Users/saiprasadreddykolan/airflow_venv/lib/python3.10/site-packages/airflow/example_dags/example_dag_decorator.py for tasks to queue
[2024-10-28T17:11:39.909-0700] {logging_mixin.py:150} INFO - [2024-10-28T17:11:39.909-0700] {dagbag.py:541} INFO - Filling up the DagBag from /Users/saiprasadreddykolan/airflow_venv/lib/python3.10/site-packages/airflow/example_dags/example_dag_decorator.py
[2024-10-28T17:11:39.980-0700] {processor.py:836} INFO - DAG(s) dict_keys(['example_dag_decorator']) retrieved from /Users/saiprasadreddykolan/airflow_venv/lib/python3.10/site-packages/airflow/example_dags/example_dag_decorator.py
[2024-10-28T17:11:40.183-0700] {logging_mixin.py:150} INFO - [2024-10-28T17:11:40.183-0700] {dag.py:2742} INFO - Sync 1 DAGs
[2024-10-28T17:11:40.189-0700] {logging_mixin.py:150} INFO - [2024-10-28T17:11:40.188-0700] {dag.py:3504} INFO - Setting next_dagrun for example_dag_decorator to None, run_after=None
[2024-10-28T17:11:40.195-0700] {processor.py:179} INFO - Processing /Users/saiprasadreddykolan/airflow_venv/lib/python3.10/site-packages/airflow/example_dags/example_dag_decorator.py took 0.289 seconds
[2024-10-28T17:13:08.065-0700] {processor.py:157} INFO - Started process (PID=70263) to work on /Users/saiprasadreddykolan/airflow_venv/lib/python3.10/site-packages/airflow/example_dags/example_dag_decorator.py
[2024-10-28T17:13:08.067-0700] {processor.py:826} INFO - Processing file /Users/saiprasadreddykolan/airflow_venv/lib/python3.10/site-packages/airflow/example_dags/example_dag_decorator.py for tasks to queue
[2024-10-28T17:13:08.067-0700] {logging_mixin.py:150} INFO - [2024-10-28T17:13:08.067-0700] {dagbag.py:541} INFO - Filling up the DagBag from /Users/saiprasadreddykolan/airflow_venv/lib/python3.10/site-packages/airflow/example_dags/example_dag_decorator.py
[2024-10-28T17:13:08.139-0700] {processor.py:836} INFO - DAG(s) dict_keys(['example_dag_decorator']) retrieved from /Users/saiprasadreddykolan/airflow_venv/lib/python3.10/site-packages/airflow/example_dags/example_dag_decorator.py
[2024-10-28T17:13:08.349-0700] {logging_mixin.py:150} INFO - [2024-10-28T17:13:08.348-0700] {dag.py:2742} INFO - Sync 1 DAGs
[2024-10-28T17:13:08.354-0700] {logging_mixin.py:150} INFO - [2024-10-28T17:13:08.354-0700] {dag.py:3504} INFO - Setting next_dagrun for example_dag_decorator to None, run_after=None
[2024-10-28T17:13:08.360-0700] {processor.py:179} INFO - Processing /Users/saiprasadreddykolan/airflow_venv/lib/python3.10/site-packages/airflow/example_dags/example_dag_decorator.py took 0.295 seconds
[2024-10-28T17:14:33.337-0700] {processor.py:157} INFO - Started process (PID=70324) to work on /Users/saiprasadreddykolan/airflow_venv/lib/python3.10/site-packages/airflow/example_dags/example_dag_decorator.py
[2024-10-28T17:14:33.340-0700] {processor.py:826} INFO - Processing file /Users/saiprasadreddykolan/airflow_venv/lib/python3.10/site-packages/airflow/example_dags/example_dag_decorator.py for tasks to queue
[2024-10-28T17:14:33.340-0700] {logging_mixin.py:150} INFO - [2024-10-28T17:14:33.340-0700] {dagbag.py:541} INFO - Filling up the DagBag from /Users/saiprasadreddykolan/airflow_venv/lib/python3.10/site-packages/airflow/example_dags/example_dag_decorator.py
[2024-10-28T17:14:33.416-0700] {processor.py:836} INFO - DAG(s) dict_keys(['example_dag_decorator']) retrieved from /Users/saiprasadreddykolan/airflow_venv/lib/python3.10/site-packages/airflow/example_dags/example_dag_decorator.py
[2024-10-28T17:14:33.643-0700] {logging_mixin.py:150} INFO - [2024-10-28T17:14:33.643-0700] {dag.py:2742} INFO - Sync 1 DAGs
[2024-10-28T17:14:33.648-0700] {logging_mixin.py:150} INFO - [2024-10-28T17:14:33.648-0700] {dag.py:3504} INFO - Setting next_dagrun for example_dag_decorator to None, run_after=None
[2024-10-28T17:14:33.656-0700] {processor.py:179} INFO - Processing /Users/saiprasadreddykolan/airflow_venv/lib/python3.10/site-packages/airflow/example_dags/example_dag_decorator.py took 0.319 seconds
[2024-10-28T17:16:09.874-0700] {processor.py:157} INFO - Started process (PID=70416) to work on /Users/saiprasadreddykolan/airflow_venv/lib/python3.10/site-packages/airflow/example_dags/example_dag_decorator.py
[2024-10-28T17:16:09.877-0700] {processor.py:826} INFO - Processing file /Users/saiprasadreddykolan/airflow_venv/lib/python3.10/site-packages/airflow/example_dags/example_dag_decorator.py for tasks to queue
[2024-10-28T17:16:09.877-0700] {logging_mixin.py:150} INFO - [2024-10-28T17:16:09.877-0700] {dagbag.py:541} INFO - Filling up the DagBag from /Users/saiprasadreddykolan/airflow_venv/lib/python3.10/site-packages/airflow/example_dags/example_dag_decorator.py
[2024-10-28T17:16:09.948-0700] {processor.py:836} INFO - DAG(s) dict_keys(['example_dag_decorator']) retrieved from /Users/saiprasadreddykolan/airflow_venv/lib/python3.10/site-packages/airflow/example_dags/example_dag_decorator.py
[2024-10-28T17:16:10.156-0700] {logging_mixin.py:150} INFO - [2024-10-28T17:16:10.156-0700] {dag.py:2742} INFO - Sync 1 DAGs
[2024-10-28T17:16:10.161-0700] {logging_mixin.py:150} INFO - [2024-10-28T17:16:10.161-0700] {dag.py:3504} INFO - Setting next_dagrun for example_dag_decorator to None, run_after=None
[2024-10-28T17:16:10.167-0700] {processor.py:179} INFO - Processing /Users/saiprasadreddykolan/airflow_venv/lib/python3.10/site-packages/airflow/example_dags/example_dag_decorator.py took 0.293 seconds
[2024-10-28T17:17:44.684-0700] {processor.py:157} INFO - Started process (PID=70513) to work on /Users/saiprasadreddykolan/airflow_venv/lib/python3.10/site-packages/airflow/example_dags/example_dag_decorator.py
[2024-10-28T17:17:44.686-0700] {processor.py:826} INFO - Processing file /Users/saiprasadreddykolan/airflow_venv/lib/python3.10/site-packages/airflow/example_dags/example_dag_decorator.py for tasks to queue
[2024-10-28T17:17:44.686-0700] {logging_mixin.py:150} INFO - [2024-10-28T17:17:44.686-0700] {dagbag.py:541} INFO - Filling up the DagBag from /Users/saiprasadreddykolan/airflow_venv/lib/python3.10/site-packages/airflow/example_dags/example_dag_decorator.py
[2024-10-28T17:17:44.756-0700] {processor.py:836} INFO - DAG(s) dict_keys(['example_dag_decorator']) retrieved from /Users/saiprasadreddykolan/airflow_venv/lib/python3.10/site-packages/airflow/example_dags/example_dag_decorator.py
[2024-10-28T17:17:44.964-0700] {logging_mixin.py:150} INFO - [2024-10-28T17:17:44.963-0700] {dag.py:2742} INFO - Sync 1 DAGs
[2024-10-28T17:17:44.969-0700] {logging_mixin.py:150} INFO - [2024-10-28T17:17:44.969-0700] {dag.py:3504} INFO - Setting next_dagrun for example_dag_decorator to None, run_after=None
[2024-10-28T17:17:44.976-0700] {processor.py:179} INFO - Processing /Users/saiprasadreddykolan/airflow_venv/lib/python3.10/site-packages/airflow/example_dags/example_dag_decorator.py took 0.292 seconds
[2024-10-28T17:19:17.732-0700] {processor.py:157} INFO - Started process (PID=70582) to work on /Users/saiprasadreddykolan/airflow_venv/lib/python3.10/site-packages/airflow/example_dags/example_dag_decorator.py
[2024-10-28T17:19:17.735-0700] {processor.py:826} INFO - Processing file /Users/saiprasadreddykolan/airflow_venv/lib/python3.10/site-packages/airflow/example_dags/example_dag_decorator.py for tasks to queue
[2024-10-28T17:19:17.735-0700] {logging_mixin.py:150} INFO - [2024-10-28T17:19:17.735-0700] {dagbag.py:541} INFO - Filling up the DagBag from /Users/saiprasadreddykolan/airflow_venv/lib/python3.10/site-packages/airflow/example_dags/example_dag_decorator.py
[2024-10-28T17:19:17.806-0700] {processor.py:836} INFO - DAG(s) dict_keys(['example_dag_decorator']) retrieved from /Users/saiprasadreddykolan/airflow_venv/lib/python3.10/site-packages/airflow/example_dags/example_dag_decorator.py
[2024-10-28T17:19:18.010-0700] {logging_mixin.py:150} INFO - [2024-10-28T17:19:18.010-0700] {dag.py:2742} INFO - Sync 1 DAGs
[2024-10-28T17:19:18.016-0700] {logging_mixin.py:150} INFO - [2024-10-28T17:19:18.016-0700] {dag.py:3504} INFO - Setting next_dagrun for example_dag_decorator to None, run_after=None
[2024-10-28T17:19:18.022-0700] {processor.py:179} INFO - Processing /Users/saiprasadreddykolan/airflow_venv/lib/python3.10/site-packages/airflow/example_dags/example_dag_decorator.py took 0.291 seconds
[2024-10-28T17:20:52.821-0700] {processor.py:157} INFO - Started process (PID=70667) to work on /Users/saiprasadreddykolan/airflow_venv/lib/python3.10/site-packages/airflow/example_dags/example_dag_decorator.py
[2024-10-28T17:20:52.823-0700] {processor.py:826} INFO - Processing file /Users/saiprasadreddykolan/airflow_venv/lib/python3.10/site-packages/airflow/example_dags/example_dag_decorator.py for tasks to queue
[2024-10-28T17:20:52.823-0700] {logging_mixin.py:150} INFO - [2024-10-28T17:20:52.823-0700] {dagbag.py:541} INFO - Filling up the DagBag from /Users/saiprasadreddykolan/airflow_venv/lib/python3.10/site-packages/airflow/example_dags/example_dag_decorator.py
[2024-10-28T17:20:52.903-0700] {processor.py:836} INFO - DAG(s) dict_keys(['example_dag_decorator']) retrieved from /Users/saiprasadreddykolan/airflow_venv/lib/python3.10/site-packages/airflow/example_dags/example_dag_decorator.py
[2024-10-28T17:20:53.152-0700] {logging_mixin.py:150} INFO - [2024-10-28T17:20:53.152-0700] {dag.py:2742} INFO - Sync 1 DAGs
[2024-10-28T17:20:53.157-0700] {logging_mixin.py:150} INFO - [2024-10-28T17:20:53.157-0700] {dag.py:3504} INFO - Setting next_dagrun for example_dag_decorator to None, run_after=None
[2024-10-28T17:20:53.164-0700] {processor.py:179} INFO - Processing /Users/saiprasadreddykolan/airflow_venv/lib/python3.10/site-packages/airflow/example_dags/example_dag_decorator.py took 0.344 seconds
[2024-10-28T17:22:23.108-0700] {processor.py:157} INFO - Started process (PID=70728) to work on /Users/saiprasadreddykolan/airflow_venv/lib/python3.10/site-packages/airflow/example_dags/example_dag_decorator.py
[2024-10-28T17:22:23.111-0700] {processor.py:826} INFO - Processing file /Users/saiprasadreddykolan/airflow_venv/lib/python3.10/site-packages/airflow/example_dags/example_dag_decorator.py for tasks to queue
[2024-10-28T17:22:23.112-0700] {logging_mixin.py:150} INFO - [2024-10-28T17:22:23.112-0700] {dagbag.py:541} INFO - Filling up the DagBag from /Users/saiprasadreddykolan/airflow_venv/lib/python3.10/site-packages/airflow/example_dags/example_dag_decorator.py
[2024-10-28T17:22:23.193-0700] {processor.py:836} INFO - DAG(s) dict_keys(['example_dag_decorator']) retrieved from /Users/saiprasadreddykolan/airflow_venv/lib/python3.10/site-packages/airflow/example_dags/example_dag_decorator.py
[2024-10-28T17:22:23.413-0700] {logging_mixin.py:150} INFO - [2024-10-28T17:22:23.413-0700] {dag.py:2742} INFO - Sync 1 DAGs
[2024-10-28T17:22:23.419-0700] {logging_mixin.py:150} INFO - [2024-10-28T17:22:23.419-0700] {dag.py:3504} INFO - Setting next_dagrun for example_dag_decorator to None, run_after=None
[2024-10-28T17:22:23.427-0700] {processor.py:179} INFO - Processing /Users/saiprasadreddykolan/airflow_venv/lib/python3.10/site-packages/airflow/example_dags/example_dag_decorator.py took 0.319 seconds
[2024-10-28T17:23:47.867-0700] {processor.py:157} INFO - Started process (PID=70820) to work on /Users/saiprasadreddykolan/airflow_venv/lib/python3.10/site-packages/airflow/example_dags/example_dag_decorator.py
[2024-10-28T17:23:47.869-0700] {processor.py:826} INFO - Processing file /Users/saiprasadreddykolan/airflow_venv/lib/python3.10/site-packages/airflow/example_dags/example_dag_decorator.py for tasks to queue
[2024-10-28T17:23:47.869-0700] {logging_mixin.py:150} INFO - [2024-10-28T17:23:47.869-0700] {dagbag.py:541} INFO - Filling up the DagBag from /Users/saiprasadreddykolan/airflow_venv/lib/python3.10/site-packages/airflow/example_dags/example_dag_decorator.py
[2024-10-28T17:23:47.940-0700] {processor.py:836} INFO - DAG(s) dict_keys(['example_dag_decorator']) retrieved from /Users/saiprasadreddykolan/airflow_venv/lib/python3.10/site-packages/airflow/example_dags/example_dag_decorator.py
[2024-10-28T17:23:48.149-0700] {logging_mixin.py:150} INFO - [2024-10-28T17:23:48.149-0700] {dag.py:2742} INFO - Sync 1 DAGs
[2024-10-28T17:23:48.154-0700] {logging_mixin.py:150} INFO - [2024-10-28T17:23:48.154-0700] {dag.py:3504} INFO - Setting next_dagrun for example_dag_decorator to None, run_after=None
[2024-10-28T17:23:48.161-0700] {processor.py:179} INFO - Processing /Users/saiprasadreddykolan/airflow_venv/lib/python3.10/site-packages/airflow/example_dags/example_dag_decorator.py took 0.294 seconds
[2024-10-28T17:25:26.016-0700] {processor.py:157} INFO - Started process (PID=70910) to work on /Users/saiprasadreddykolan/airflow_venv/lib/python3.10/site-packages/airflow/example_dags/example_dag_decorator.py
[2024-10-28T17:25:26.018-0700] {processor.py:826} INFO - Processing file /Users/saiprasadreddykolan/airflow_venv/lib/python3.10/site-packages/airflow/example_dags/example_dag_decorator.py for tasks to queue
[2024-10-28T17:25:26.019-0700] {logging_mixin.py:150} INFO - [2024-10-28T17:25:26.019-0700] {dagbag.py:541} INFO - Filling up the DagBag from /Users/saiprasadreddykolan/airflow_venv/lib/python3.10/site-packages/airflow/example_dags/example_dag_decorator.py
[2024-10-28T17:25:26.094-0700] {processor.py:836} INFO - DAG(s) dict_keys(['example_dag_decorator']) retrieved from /Users/saiprasadreddykolan/airflow_venv/lib/python3.10/site-packages/airflow/example_dags/example_dag_decorator.py
[2024-10-28T17:25:26.311-0700] {logging_mixin.py:150} INFO - [2024-10-28T17:25:26.310-0700] {dag.py:2742} INFO - Sync 1 DAGs
[2024-10-28T17:25:26.316-0700] {logging_mixin.py:150} INFO - [2024-10-28T17:25:26.316-0700] {dag.py:3504} INFO - Setting next_dagrun for example_dag_decorator to None, run_after=None
[2024-10-28T17:25:26.322-0700] {processor.py:179} INFO - Processing /Users/saiprasadreddykolan/airflow_venv/lib/python3.10/site-packages/airflow/example_dags/example_dag_decorator.py took 0.307 seconds
[2024-10-28T17:26:59.463-0700] {processor.py:157} INFO - Started process (PID=70992) to work on /Users/saiprasadreddykolan/airflow_venv/lib/python3.10/site-packages/airflow/example_dags/example_dag_decorator.py
[2024-10-28T17:26:59.466-0700] {processor.py:826} INFO - Processing file /Users/saiprasadreddykolan/airflow_venv/lib/python3.10/site-packages/airflow/example_dags/example_dag_decorator.py for tasks to queue
[2024-10-28T17:26:59.466-0700] {logging_mixin.py:150} INFO - [2024-10-28T17:26:59.466-0700] {dagbag.py:541} INFO - Filling up the DagBag from /Users/saiprasadreddykolan/airflow_venv/lib/python3.10/site-packages/airflow/example_dags/example_dag_decorator.py
[2024-10-28T17:26:59.537-0700] {processor.py:836} INFO - DAG(s) dict_keys(['example_dag_decorator']) retrieved from /Users/saiprasadreddykolan/airflow_venv/lib/python3.10/site-packages/airflow/example_dags/example_dag_decorator.py
[2024-10-28T17:26:59.741-0700] {logging_mixin.py:150} INFO - [2024-10-28T17:26:59.741-0700] {dag.py:2742} INFO - Sync 1 DAGs
[2024-10-28T17:26:59.747-0700] {logging_mixin.py:150} INFO - [2024-10-28T17:26:59.747-0700] {dag.py:3504} INFO - Setting next_dagrun for example_dag_decorator to None, run_after=None
[2024-10-28T17:26:59.753-0700] {processor.py:179} INFO - Processing /Users/saiprasadreddykolan/airflow_venv/lib/python3.10/site-packages/airflow/example_dags/example_dag_decorator.py took 0.290 seconds
[2024-10-28T17:28:25.971-0700] {processor.py:157} INFO - Started process (PID=71057) to work on /Users/saiprasadreddykolan/airflow_venv/lib/python3.10/site-packages/airflow/example_dags/example_dag_decorator.py
[2024-10-28T17:28:25.974-0700] {processor.py:826} INFO - Processing file /Users/saiprasadreddykolan/airflow_venv/lib/python3.10/site-packages/airflow/example_dags/example_dag_decorator.py for tasks to queue
[2024-10-28T17:28:25.974-0700] {logging_mixin.py:150} INFO - [2024-10-28T17:28:25.974-0700] {dagbag.py:541} INFO - Filling up the DagBag from /Users/saiprasadreddykolan/airflow_venv/lib/python3.10/site-packages/airflow/example_dags/example_dag_decorator.py
[2024-10-28T17:28:26.047-0700] {processor.py:836} INFO - DAG(s) dict_keys(['example_dag_decorator']) retrieved from /Users/saiprasadreddykolan/airflow_venv/lib/python3.10/site-packages/airflow/example_dags/example_dag_decorator.py
[2024-10-28T17:28:26.260-0700] {logging_mixin.py:150} INFO - [2024-10-28T17:28:26.260-0700] {dag.py:2742} INFO - Sync 1 DAGs
[2024-10-28T17:28:26.265-0700] {logging_mixin.py:150} INFO - [2024-10-28T17:28:26.265-0700] {dag.py:3504} INFO - Setting next_dagrun for example_dag_decorator to None, run_after=None
[2024-10-28T17:28:26.272-0700] {processor.py:179} INFO - Processing /Users/saiprasadreddykolan/airflow_venv/lib/python3.10/site-packages/airflow/example_dags/example_dag_decorator.py took 0.301 seconds
[2024-10-28T17:30:03.376-0700] {processor.py:157} INFO - Started process (PID=71129) to work on /Users/saiprasadreddykolan/airflow_venv/lib/python3.10/site-packages/airflow/example_dags/example_dag_decorator.py
[2024-10-28T17:30:03.378-0700] {processor.py:826} INFO - Processing file /Users/saiprasadreddykolan/airflow_venv/lib/python3.10/site-packages/airflow/example_dags/example_dag_decorator.py for tasks to queue
[2024-10-28T17:30:03.378-0700] {logging_mixin.py:150} INFO - [2024-10-28T17:30:03.378-0700] {dagbag.py:541} INFO - Filling up the DagBag from /Users/saiprasadreddykolan/airflow_venv/lib/python3.10/site-packages/airflow/example_dags/example_dag_decorator.py
[2024-10-28T17:30:03.449-0700] {processor.py:836} INFO - DAG(s) dict_keys(['example_dag_decorator']) retrieved from /Users/saiprasadreddykolan/airflow_venv/lib/python3.10/site-packages/airflow/example_dags/example_dag_decorator.py
[2024-10-28T17:30:03.653-0700] {logging_mixin.py:150} INFO - [2024-10-28T17:30:03.653-0700] {dag.py:2742} INFO - Sync 1 DAGs
[2024-10-28T17:30:03.658-0700] {logging_mixin.py:150} INFO - [2024-10-28T17:30:03.658-0700] {dag.py:3504} INFO - Setting next_dagrun for example_dag_decorator to None, run_after=None
[2024-10-28T17:30:03.665-0700] {processor.py:179} INFO - Processing /Users/saiprasadreddykolan/airflow_venv/lib/python3.10/site-packages/airflow/example_dags/example_dag_decorator.py took 0.289 seconds
[2024-10-28T17:31:34.947-0700] {processor.py:157} INFO - Started process (PID=71198) to work on /Users/saiprasadreddykolan/airflow_venv/lib/python3.10/site-packages/airflow/example_dags/example_dag_decorator.py
[2024-10-28T17:31:34.949-0700] {processor.py:826} INFO - Processing file /Users/saiprasadreddykolan/airflow_venv/lib/python3.10/site-packages/airflow/example_dags/example_dag_decorator.py for tasks to queue
[2024-10-28T17:31:34.949-0700] {logging_mixin.py:150} INFO - [2024-10-28T17:31:34.949-0700] {dagbag.py:541} INFO - Filling up the DagBag from /Users/saiprasadreddykolan/airflow_venv/lib/python3.10/site-packages/airflow/example_dags/example_dag_decorator.py
[2024-10-28T17:31:35.021-0700] {processor.py:836} INFO - DAG(s) dict_keys(['example_dag_decorator']) retrieved from /Users/saiprasadreddykolan/airflow_venv/lib/python3.10/site-packages/airflow/example_dags/example_dag_decorator.py
[2024-10-28T17:31:35.237-0700] {logging_mixin.py:150} INFO - [2024-10-28T17:31:35.237-0700] {dag.py:2742} INFO - Sync 1 DAGs
[2024-10-28T17:31:35.242-0700] {logging_mixin.py:150} INFO - [2024-10-28T17:31:35.242-0700] {dag.py:3504} INFO - Setting next_dagrun for example_dag_decorator to None, run_after=None
[2024-10-28T17:31:35.250-0700] {processor.py:179} INFO - Processing /Users/saiprasadreddykolan/airflow_venv/lib/python3.10/site-packages/airflow/example_dags/example_dag_decorator.py took 0.304 seconds
[2024-10-28T17:33:10.267-0700] {processor.py:157} INFO - Started process (PID=71271) to work on /Users/saiprasadreddykolan/airflow_venv/lib/python3.10/site-packages/airflow/example_dags/example_dag_decorator.py
[2024-10-28T17:33:10.269-0700] {processor.py:826} INFO - Processing file /Users/saiprasadreddykolan/airflow_venv/lib/python3.10/site-packages/airflow/example_dags/example_dag_decorator.py for tasks to queue
[2024-10-28T17:33:10.269-0700] {logging_mixin.py:150} INFO - [2024-10-28T17:33:10.269-0700] {dagbag.py:541} INFO - Filling up the DagBag from /Users/saiprasadreddykolan/airflow_venv/lib/python3.10/site-packages/airflow/example_dags/example_dag_decorator.py
[2024-10-28T17:33:10.339-0700] {processor.py:836} INFO - DAG(s) dict_keys(['example_dag_decorator']) retrieved from /Users/saiprasadreddykolan/airflow_venv/lib/python3.10/site-packages/airflow/example_dags/example_dag_decorator.py
[2024-10-28T17:33:10.568-0700] {logging_mixin.py:150} INFO - [2024-10-28T17:33:10.568-0700] {dag.py:2742} INFO - Sync 1 DAGs
[2024-10-28T17:33:10.574-0700] {logging_mixin.py:150} INFO - [2024-10-28T17:33:10.574-0700] {dag.py:3504} INFO - Setting next_dagrun for example_dag_decorator to None, run_after=None
[2024-10-28T17:33:10.580-0700] {processor.py:179} INFO - Processing /Users/saiprasadreddykolan/airflow_venv/lib/python3.10/site-packages/airflow/example_dags/example_dag_decorator.py took 0.314 seconds
[2024-10-28T17:34:45.391-0700] {processor.py:157} INFO - Started process (PID=71336) to work on /Users/saiprasadreddykolan/airflow_venv/lib/python3.10/site-packages/airflow/example_dags/example_dag_decorator.py
[2024-10-28T17:34:45.393-0700] {processor.py:826} INFO - Processing file /Users/saiprasadreddykolan/airflow_venv/lib/python3.10/site-packages/airflow/example_dags/example_dag_decorator.py for tasks to queue
[2024-10-28T17:34:45.393-0700] {logging_mixin.py:150} INFO - [2024-10-28T17:34:45.393-0700] {dagbag.py:541} INFO - Filling up the DagBag from /Users/saiprasadreddykolan/airflow_venv/lib/python3.10/site-packages/airflow/example_dags/example_dag_decorator.py
[2024-10-28T17:34:45.465-0700] {processor.py:836} INFO - DAG(s) dict_keys(['example_dag_decorator']) retrieved from /Users/saiprasadreddykolan/airflow_venv/lib/python3.10/site-packages/airflow/example_dags/example_dag_decorator.py
[2024-10-28T17:34:45.672-0700] {logging_mixin.py:150} INFO - [2024-10-28T17:34:45.671-0700] {dag.py:2742} INFO - Sync 1 DAGs
[2024-10-28T17:34:45.677-0700] {logging_mixin.py:150} INFO - [2024-10-28T17:34:45.677-0700] {dag.py:3504} INFO - Setting next_dagrun for example_dag_decorator to None, run_after=None
[2024-10-28T17:34:45.683-0700] {processor.py:179} INFO - Processing /Users/saiprasadreddykolan/airflow_venv/lib/python3.10/site-packages/airflow/example_dags/example_dag_decorator.py took 0.293 seconds
[2024-10-28T17:36:16.716-0700] {processor.py:157} INFO - Started process (PID=71398) to work on /Users/saiprasadreddykolan/airflow_venv/lib/python3.10/site-packages/airflow/example_dags/example_dag_decorator.py
[2024-10-28T17:36:16.718-0700] {processor.py:826} INFO - Processing file /Users/saiprasadreddykolan/airflow_venv/lib/python3.10/site-packages/airflow/example_dags/example_dag_decorator.py for tasks to queue
[2024-10-28T17:36:16.718-0700] {logging_mixin.py:150} INFO - [2024-10-28T17:36:16.718-0700] {dagbag.py:541} INFO - Filling up the DagBag from /Users/saiprasadreddykolan/airflow_venv/lib/python3.10/site-packages/airflow/example_dags/example_dag_decorator.py
[2024-10-28T17:36:16.789-0700] {processor.py:836} INFO - DAG(s) dict_keys(['example_dag_decorator']) retrieved from /Users/saiprasadreddykolan/airflow_venv/lib/python3.10/site-packages/airflow/example_dags/example_dag_decorator.py
[2024-10-28T17:36:16.993-0700] {logging_mixin.py:150} INFO - [2024-10-28T17:36:16.993-0700] {dag.py:2742} INFO - Sync 1 DAGs
[2024-10-28T17:36:16.998-0700] {logging_mixin.py:150} INFO - [2024-10-28T17:36:16.998-0700] {dag.py:3504} INFO - Setting next_dagrun for example_dag_decorator to None, run_after=None
[2024-10-28T17:36:17.005-0700] {processor.py:179} INFO - Processing /Users/saiprasadreddykolan/airflow_venv/lib/python3.10/site-packages/airflow/example_dags/example_dag_decorator.py took 0.289 seconds
[2024-10-28T17:37:51.540-0700] {processor.py:157} INFO - Started process (PID=71558) to work on /Users/saiprasadreddykolan/airflow_venv/lib/python3.10/site-packages/airflow/example_dags/example_dag_decorator.py
[2024-10-28T17:37:51.543-0700] {processor.py:826} INFO - Processing file /Users/saiprasadreddykolan/airflow_venv/lib/python3.10/site-packages/airflow/example_dags/example_dag_decorator.py for tasks to queue
[2024-10-28T17:37:51.543-0700] {logging_mixin.py:150} INFO - [2024-10-28T17:37:51.543-0700] {dagbag.py:541} INFO - Filling up the DagBag from /Users/saiprasadreddykolan/airflow_venv/lib/python3.10/site-packages/airflow/example_dags/example_dag_decorator.py
[2024-10-28T17:37:51.621-0700] {processor.py:836} INFO - DAG(s) dict_keys(['example_dag_decorator']) retrieved from /Users/saiprasadreddykolan/airflow_venv/lib/python3.10/site-packages/airflow/example_dags/example_dag_decorator.py
[2024-10-28T17:37:51.856-0700] {logging_mixin.py:150} INFO - [2024-10-28T17:37:51.856-0700] {dag.py:2742} INFO - Sync 1 DAGs
[2024-10-28T17:37:51.862-0700] {logging_mixin.py:150} INFO - [2024-10-28T17:37:51.862-0700] {dag.py:3504} INFO - Setting next_dagrun for example_dag_decorator to None, run_after=None
[2024-10-28T17:37:51.869-0700] {processor.py:179} INFO - Processing /Users/saiprasadreddykolan/airflow_venv/lib/python3.10/site-packages/airflow/example_dags/example_dag_decorator.py took 0.329 seconds
