[2024-10-28T17:00:00.213-0700] {processor.py:157} INFO - Started process (PID=69709) to work on /Users/saiprasadreddykolan/airflow_venv/lib/python3.10/site-packages/airflow/example_dags/tutorial_dag.py
[2024-10-28T17:00:00.215-0700] {processor.py:826} INFO - Processing file /Users/saiprasadreddykolan/airflow_venv/lib/python3.10/site-packages/airflow/example_dags/tutorial_dag.py for tasks to queue
[2024-10-28T17:00:00.215-0700] {logging_mixin.py:150} INFO - [2024-10-28T17:00:00.215-0700] {dagbag.py:541} INFO - Filling up the DagBag from /Users/saiprasadreddykolan/airflow_venv/lib/python3.10/site-packages/airflow/example_dags/tutorial_dag.py
[2024-10-28T17:00:00.226-0700] {processor.py:836} INFO - DAG(s) dict_keys(['tutorial_dag']) retrieved from /Users/saiprasadreddykolan/airflow_venv/lib/python3.10/site-packages/airflow/example_dags/tutorial_dag.py
[2024-10-28T17:00:00.448-0700] {logging_mixin.py:150} INFO - [2024-10-28T17:00:00.448-0700] {dag.py:2742} INFO - Sync 1 DAGs
[2024-10-28T17:00:00.454-0700] {logging_mixin.py:150} INFO - [2024-10-28T17:00:00.454-0700] {dag.py:3504} INFO - Setting next_dagrun for tutorial_dag to None, run_after=None
[2024-10-28T17:00:00.461-0700] {processor.py:179} INFO - Processing /Users/saiprasadreddykolan/airflow_venv/lib/python3.10/site-packages/airflow/example_dags/tutorial_dag.py took 0.248 seconds
[2024-10-28T17:00:43.310-0700] {processor.py:157} INFO - Started process (PID=69759) to work on /Users/saiprasadreddykolan/airflow_venv/lib/python3.10/site-packages/airflow/example_dags/tutorial_dag.py
[2024-10-28T17:00:43.313-0700] {processor.py:826} INFO - Processing file /Users/saiprasadreddykolan/airflow_venv/lib/python3.10/site-packages/airflow/example_dags/tutorial_dag.py for tasks to queue
[2024-10-28T17:00:43.313-0700] {logging_mixin.py:150} INFO - [2024-10-28T17:00:43.313-0700] {dagbag.py:541} INFO - Filling up the DagBag from /Users/saiprasadreddykolan/airflow_venv/lib/python3.10/site-packages/airflow/example_dags/tutorial_dag.py
[2024-10-28T17:00:43.324-0700] {processor.py:836} INFO - DAG(s) dict_keys(['tutorial_dag']) retrieved from /Users/saiprasadreddykolan/airflow_venv/lib/python3.10/site-packages/airflow/example_dags/tutorial_dag.py
[2024-10-28T17:00:43.543-0700] {logging_mixin.py:150} INFO - [2024-10-28T17:00:43.542-0700] {dag.py:2742} INFO - Sync 1 DAGs
[2024-10-28T17:00:43.549-0700] {logging_mixin.py:150} INFO - [2024-10-28T17:00:43.548-0700] {dag.py:3504} INFO - Setting next_dagrun for tutorial_dag to None, run_after=None
[2024-10-28T17:00:43.555-0700] {processor.py:179} INFO - Processing /Users/saiprasadreddykolan/airflow_venv/lib/python3.10/site-packages/airflow/example_dags/tutorial_dag.py took 0.245 seconds
[2024-10-28T17:01:26.010-0700] {processor.py:157} INFO - Started process (PID=69790) to work on /Users/saiprasadreddykolan/airflow_venv/lib/python3.10/site-packages/airflow/example_dags/tutorial_dag.py
[2024-10-28T17:01:26.012-0700] {processor.py:826} INFO - Processing file /Users/saiprasadreddykolan/airflow_venv/lib/python3.10/site-packages/airflow/example_dags/tutorial_dag.py for tasks to queue
[2024-10-28T17:01:26.012-0700] {logging_mixin.py:150} INFO - [2024-10-28T17:01:26.012-0700] {dagbag.py:541} INFO - Filling up the DagBag from /Users/saiprasadreddykolan/airflow_venv/lib/python3.10/site-packages/airflow/example_dags/tutorial_dag.py
[2024-10-28T17:01:26.023-0700] {processor.py:836} INFO - DAG(s) dict_keys(['tutorial_dag']) retrieved from /Users/saiprasadreddykolan/airflow_venv/lib/python3.10/site-packages/airflow/example_dags/tutorial_dag.py
[2024-10-28T17:01:26.239-0700] {logging_mixin.py:150} INFO - [2024-10-28T17:01:26.239-0700] {dag.py:2742} INFO - Sync 1 DAGs
[2024-10-28T17:01:26.244-0700] {logging_mixin.py:150} INFO - [2024-10-28T17:01:26.244-0700] {dag.py:3504} INFO - Setting next_dagrun for tutorial_dag to None, run_after=None
[2024-10-28T17:01:26.250-0700] {processor.py:179} INFO - Processing /Users/saiprasadreddykolan/airflow_venv/lib/python3.10/site-packages/airflow/example_dags/tutorial_dag.py took 0.241 seconds
[2024-10-28T17:02:08.075-0700] {processor.py:157} INFO - Started process (PID=69818) to work on /Users/saiprasadreddykolan/airflow_venv/lib/python3.10/site-packages/airflow/example_dags/tutorial_dag.py
[2024-10-28T17:02:08.077-0700] {processor.py:826} INFO - Processing file /Users/saiprasadreddykolan/airflow_venv/lib/python3.10/site-packages/airflow/example_dags/tutorial_dag.py for tasks to queue
[2024-10-28T17:02:08.077-0700] {logging_mixin.py:150} INFO - [2024-10-28T17:02:08.077-0700] {dagbag.py:541} INFO - Filling up the DagBag from /Users/saiprasadreddykolan/airflow_venv/lib/python3.10/site-packages/airflow/example_dags/tutorial_dag.py
[2024-10-28T17:02:08.088-0700] {processor.py:836} INFO - DAG(s) dict_keys(['tutorial_dag']) retrieved from /Users/saiprasadreddykolan/airflow_venv/lib/python3.10/site-packages/airflow/example_dags/tutorial_dag.py
[2024-10-28T17:02:08.303-0700] {logging_mixin.py:150} INFO - [2024-10-28T17:02:08.303-0700] {dag.py:2742} INFO - Sync 1 DAGs
[2024-10-28T17:02:08.309-0700] {logging_mixin.py:150} INFO - [2024-10-28T17:02:08.309-0700] {dag.py:3504} INFO - Setting next_dagrun for tutorial_dag to None, run_after=None
[2024-10-28T17:02:08.315-0700] {processor.py:179} INFO - Processing /Users/saiprasadreddykolan/airflow_venv/lib/python3.10/site-packages/airflow/example_dags/tutorial_dag.py took 0.241 seconds
[2024-10-28T17:02:53.751-0700] {processor.py:157} INFO - Started process (PID=69846) to work on /Users/saiprasadreddykolan/airflow_venv/lib/python3.10/site-packages/airflow/example_dags/tutorial_dag.py
[2024-10-28T17:02:53.753-0700] {processor.py:826} INFO - Processing file /Users/saiprasadreddykolan/airflow_venv/lib/python3.10/site-packages/airflow/example_dags/tutorial_dag.py for tasks to queue
[2024-10-28T17:02:53.753-0700] {logging_mixin.py:150} INFO - [2024-10-28T17:02:53.753-0700] {dagbag.py:541} INFO - Filling up the DagBag from /Users/saiprasadreddykolan/airflow_venv/lib/python3.10/site-packages/airflow/example_dags/tutorial_dag.py
[2024-10-28T17:02:53.764-0700] {processor.py:836} INFO - DAG(s) dict_keys(['tutorial_dag']) retrieved from /Users/saiprasadreddykolan/airflow_venv/lib/python3.10/site-packages/airflow/example_dags/tutorial_dag.py
[2024-10-28T17:02:53.982-0700] {logging_mixin.py:150} INFO - [2024-10-28T17:02:53.982-0700] {dag.py:2742} INFO - Sync 1 DAGs
[2024-10-28T17:02:53.988-0700] {logging_mixin.py:150} INFO - [2024-10-28T17:02:53.988-0700] {dag.py:3504} INFO - Setting next_dagrun for tutorial_dag to None, run_after=None
[2024-10-28T17:02:53.994-0700] {processor.py:179} INFO - Processing /Users/saiprasadreddykolan/airflow_venv/lib/python3.10/site-packages/airflow/example_dags/tutorial_dag.py took 0.243 seconds
[2024-10-28T17:03:39.924-0700] {processor.py:157} INFO - Started process (PID=69880) to work on /Users/saiprasadreddykolan/airflow_venv/lib/python3.10/site-packages/airflow/example_dags/tutorial_dag.py
[2024-10-28T17:03:39.926-0700] {processor.py:826} INFO - Processing file /Users/saiprasadreddykolan/airflow_venv/lib/python3.10/site-packages/airflow/example_dags/tutorial_dag.py for tasks to queue
[2024-10-28T17:03:39.926-0700] {logging_mixin.py:150} INFO - [2024-10-28T17:03:39.926-0700] {dagbag.py:541} INFO - Filling up the DagBag from /Users/saiprasadreddykolan/airflow_venv/lib/python3.10/site-packages/airflow/example_dags/tutorial_dag.py
[2024-10-28T17:03:39.937-0700] {processor.py:836} INFO - DAG(s) dict_keys(['tutorial_dag']) retrieved from /Users/saiprasadreddykolan/airflow_venv/lib/python3.10/site-packages/airflow/example_dags/tutorial_dag.py
[2024-10-28T17:03:40.153-0700] {logging_mixin.py:150} INFO - [2024-10-28T17:03:40.153-0700] {dag.py:2742} INFO - Sync 1 DAGs
[2024-10-28T17:03:40.159-0700] {logging_mixin.py:150} INFO - [2024-10-28T17:03:40.159-0700] {dag.py:3504} INFO - Setting next_dagrun for tutorial_dag to None, run_after=None
[2024-10-28T17:03:40.165-0700] {processor.py:179} INFO - Processing /Users/saiprasadreddykolan/airflow_venv/lib/python3.10/site-packages/airflow/example_dags/tutorial_dag.py took 0.241 seconds
[2024-10-28T17:04:21.097-0700] {processor.py:157} INFO - Started process (PID=69909) to work on /Users/saiprasadreddykolan/airflow_venv/lib/python3.10/site-packages/airflow/example_dags/tutorial_dag.py
[2024-10-28T17:04:21.100-0700] {processor.py:826} INFO - Processing file /Users/saiprasadreddykolan/airflow_venv/lib/python3.10/site-packages/airflow/example_dags/tutorial_dag.py for tasks to queue
[2024-10-28T17:04:21.100-0700] {logging_mixin.py:150} INFO - [2024-10-28T17:04:21.100-0700] {dagbag.py:541} INFO - Filling up the DagBag from /Users/saiprasadreddykolan/airflow_venv/lib/python3.10/site-packages/airflow/example_dags/tutorial_dag.py
[2024-10-28T17:04:21.111-0700] {processor.py:836} INFO - DAG(s) dict_keys(['tutorial_dag']) retrieved from /Users/saiprasadreddykolan/airflow_venv/lib/python3.10/site-packages/airflow/example_dags/tutorial_dag.py
[2024-10-28T17:04:21.335-0700] {logging_mixin.py:150} INFO - [2024-10-28T17:04:21.335-0700] {dag.py:2742} INFO - Sync 1 DAGs
[2024-10-28T17:04:21.341-0700] {logging_mixin.py:150} INFO - [2024-10-28T17:04:21.341-0700] {dag.py:3504} INFO - Setting next_dagrun for tutorial_dag to None, run_after=None
[2024-10-28T17:04:21.347-0700] {processor.py:179} INFO - Processing /Users/saiprasadreddykolan/airflow_venv/lib/python3.10/site-packages/airflow/example_dags/tutorial_dag.py took 0.250 seconds
[2024-10-28T17:05:08.217-0700] {processor.py:157} INFO - Started process (PID=69944) to work on /Users/saiprasadreddykolan/airflow_venv/lib/python3.10/site-packages/airflow/example_dags/tutorial_dag.py
[2024-10-28T17:05:08.220-0700] {processor.py:826} INFO - Processing file /Users/saiprasadreddykolan/airflow_venv/lib/python3.10/site-packages/airflow/example_dags/tutorial_dag.py for tasks to queue
[2024-10-28T17:05:08.220-0700] {logging_mixin.py:150} INFO - [2024-10-28T17:05:08.220-0700] {dagbag.py:541} INFO - Filling up the DagBag from /Users/saiprasadreddykolan/airflow_venv/lib/python3.10/site-packages/airflow/example_dags/tutorial_dag.py
[2024-10-28T17:05:08.231-0700] {processor.py:836} INFO - DAG(s) dict_keys(['tutorial_dag']) retrieved from /Users/saiprasadreddykolan/airflow_venv/lib/python3.10/site-packages/airflow/example_dags/tutorial_dag.py
[2024-10-28T17:05:08.455-0700] {logging_mixin.py:150} INFO - [2024-10-28T17:05:08.455-0700] {dag.py:2742} INFO - Sync 1 DAGs
[2024-10-28T17:05:08.461-0700] {logging_mixin.py:150} INFO - [2024-10-28T17:05:08.461-0700] {dag.py:3504} INFO - Setting next_dagrun for tutorial_dag to None, run_after=None
[2024-10-28T17:05:08.467-0700] {processor.py:179} INFO - Processing /Users/saiprasadreddykolan/airflow_venv/lib/python3.10/site-packages/airflow/example_dags/tutorial_dag.py took 0.250 seconds
[2024-10-28T17:05:58.996-0700] {processor.py:157} INFO - Started process (PID=69976) to work on /Users/saiprasadreddykolan/airflow_venv/lib/python3.10/site-packages/airflow/example_dags/tutorial_dag.py
[2024-10-28T17:05:58.998-0700] {processor.py:826} INFO - Processing file /Users/saiprasadreddykolan/airflow_venv/lib/python3.10/site-packages/airflow/example_dags/tutorial_dag.py for tasks to queue
[2024-10-28T17:05:58.998-0700] {logging_mixin.py:150} INFO - [2024-10-28T17:05:58.998-0700] {dagbag.py:541} INFO - Filling up the DagBag from /Users/saiprasadreddykolan/airflow_venv/lib/python3.10/site-packages/airflow/example_dags/tutorial_dag.py
[2024-10-28T17:05:59.008-0700] {processor.py:836} INFO - DAG(s) dict_keys(['tutorial_dag']) retrieved from /Users/saiprasadreddykolan/airflow_venv/lib/python3.10/site-packages/airflow/example_dags/tutorial_dag.py
[2024-10-28T17:05:59.226-0700] {logging_mixin.py:150} INFO - [2024-10-28T17:05:59.226-0700] {dag.py:2742} INFO - Sync 1 DAGs
[2024-10-28T17:05:59.232-0700] {logging_mixin.py:150} INFO - [2024-10-28T17:05:59.231-0700] {dag.py:3504} INFO - Setting next_dagrun for tutorial_dag to None, run_after=None
[2024-10-28T17:05:59.237-0700] {processor.py:179} INFO - Processing /Users/saiprasadreddykolan/airflow_venv/lib/python3.10/site-packages/airflow/example_dags/tutorial_dag.py took 0.242 seconds
[2024-10-28T17:06:45.836-0700] {processor.py:157} INFO - Started process (PID=70013) to work on /Users/saiprasadreddykolan/airflow_venv/lib/python3.10/site-packages/airflow/example_dags/tutorial_dag.py
[2024-10-28T17:06:45.838-0700] {processor.py:826} INFO - Processing file /Users/saiprasadreddykolan/airflow_venv/lib/python3.10/site-packages/airflow/example_dags/tutorial_dag.py for tasks to queue
[2024-10-28T17:06:45.838-0700] {logging_mixin.py:150} INFO - [2024-10-28T17:06:45.838-0700] {dagbag.py:541} INFO - Filling up the DagBag from /Users/saiprasadreddykolan/airflow_venv/lib/python3.10/site-packages/airflow/example_dags/tutorial_dag.py
[2024-10-28T17:06:45.849-0700] {processor.py:836} INFO - DAG(s) dict_keys(['tutorial_dag']) retrieved from /Users/saiprasadreddykolan/airflow_venv/lib/python3.10/site-packages/airflow/example_dags/tutorial_dag.py
[2024-10-28T17:06:46.081-0700] {logging_mixin.py:150} INFO - [2024-10-28T17:06:46.081-0700] {dag.py:2742} INFO - Sync 1 DAGs
[2024-10-28T17:06:46.087-0700] {logging_mixin.py:150} INFO - [2024-10-28T17:06:46.087-0700] {dag.py:3504} INFO - Setting next_dagrun for tutorial_dag to None, run_after=None
[2024-10-28T17:06:46.093-0700] {processor.py:179} INFO - Processing /Users/saiprasadreddykolan/airflow_venv/lib/python3.10/site-packages/airflow/example_dags/tutorial_dag.py took 0.257 seconds
[2024-10-28T17:07:29.153-0700] {processor.py:157} INFO - Started process (PID=70042) to work on /Users/saiprasadreddykolan/airflow_venv/lib/python3.10/site-packages/airflow/example_dags/tutorial_dag.py
[2024-10-28T17:07:29.155-0700] {processor.py:826} INFO - Processing file /Users/saiprasadreddykolan/airflow_venv/lib/python3.10/site-packages/airflow/example_dags/tutorial_dag.py for tasks to queue
[2024-10-28T17:07:29.155-0700] {logging_mixin.py:150} INFO - [2024-10-28T17:07:29.155-0700] {dagbag.py:541} INFO - Filling up the DagBag from /Users/saiprasadreddykolan/airflow_venv/lib/python3.10/site-packages/airflow/example_dags/tutorial_dag.py
[2024-10-28T17:07:29.166-0700] {processor.py:836} INFO - DAG(s) dict_keys(['tutorial_dag']) retrieved from /Users/saiprasadreddykolan/airflow_venv/lib/python3.10/site-packages/airflow/example_dags/tutorial_dag.py
[2024-10-28T17:07:29.384-0700] {logging_mixin.py:150} INFO - [2024-10-28T17:07:29.384-0700] {dag.py:2742} INFO - Sync 1 DAGs
[2024-10-28T17:07:29.389-0700] {logging_mixin.py:150} INFO - [2024-10-28T17:07:29.389-0700] {dag.py:3504} INFO - Setting next_dagrun for tutorial_dag to None, run_after=None
[2024-10-28T17:07:29.396-0700] {processor.py:179} INFO - Processing /Users/saiprasadreddykolan/airflow_venv/lib/python3.10/site-packages/airflow/example_dags/tutorial_dag.py took 0.244 seconds
[2024-10-28T17:08:12.195-0700] {processor.py:157} INFO - Started process (PID=70072) to work on /Users/saiprasadreddykolan/airflow_venv/lib/python3.10/site-packages/airflow/example_dags/tutorial_dag.py
[2024-10-28T17:08:12.197-0700] {processor.py:826} INFO - Processing file /Users/saiprasadreddykolan/airflow_venv/lib/python3.10/site-packages/airflow/example_dags/tutorial_dag.py for tasks to queue
[2024-10-28T17:08:12.197-0700] {logging_mixin.py:150} INFO - [2024-10-28T17:08:12.197-0700] {dagbag.py:541} INFO - Filling up the DagBag from /Users/saiprasadreddykolan/airflow_venv/lib/python3.10/site-packages/airflow/example_dags/tutorial_dag.py
[2024-10-28T17:08:12.208-0700] {processor.py:836} INFO - DAG(s) dict_keys(['tutorial_dag']) retrieved from /Users/saiprasadreddykolan/airflow_venv/lib/python3.10/site-packages/airflow/example_dags/tutorial_dag.py
[2024-10-28T17:08:12.436-0700] {logging_mixin.py:150} INFO - [2024-10-28T17:08:12.436-0700] {dag.py:2742} INFO - Sync 1 DAGs
[2024-10-28T17:08:12.442-0700] {logging_mixin.py:150} INFO - [2024-10-28T17:08:12.442-0700] {dag.py:3504} INFO - Setting next_dagrun for tutorial_dag to None, run_after=None
[2024-10-28T17:08:12.448-0700] {processor.py:179} INFO - Processing /Users/saiprasadreddykolan/airflow_venv/lib/python3.10/site-packages/airflow/example_dags/tutorial_dag.py took 0.253 seconds
[2024-10-28T17:08:54.884-0700] {processor.py:157} INFO - Started process (PID=70100) to work on /Users/saiprasadreddykolan/airflow_venv/lib/python3.10/site-packages/airflow/example_dags/tutorial_dag.py
[2024-10-28T17:08:54.887-0700] {processor.py:826} INFO - Processing file /Users/saiprasadreddykolan/airflow_venv/lib/python3.10/site-packages/airflow/example_dags/tutorial_dag.py for tasks to queue
[2024-10-28T17:08:54.887-0700] {logging_mixin.py:150} INFO - [2024-10-28T17:08:54.887-0700] {dagbag.py:541} INFO - Filling up the DagBag from /Users/saiprasadreddykolan/airflow_venv/lib/python3.10/site-packages/airflow/example_dags/tutorial_dag.py
[2024-10-28T17:08:54.897-0700] {processor.py:836} INFO - DAG(s) dict_keys(['tutorial_dag']) retrieved from /Users/saiprasadreddykolan/airflow_venv/lib/python3.10/site-packages/airflow/example_dags/tutorial_dag.py
[2024-10-28T17:08:55.115-0700] {logging_mixin.py:150} INFO - [2024-10-28T17:08:55.115-0700] {dag.py:2742} INFO - Sync 1 DAGs
[2024-10-28T17:08:55.121-0700] {logging_mixin.py:150} INFO - [2024-10-28T17:08:55.121-0700] {dag.py:3504} INFO - Setting next_dagrun for tutorial_dag to None, run_after=None
[2024-10-28T17:08:55.127-0700] {processor.py:179} INFO - Processing /Users/saiprasadreddykolan/airflow_venv/lib/python3.10/site-packages/airflow/example_dags/tutorial_dag.py took 0.243 seconds
[2024-10-28T17:09:41.804-0700] {processor.py:157} INFO - Started process (PID=70130) to work on /Users/saiprasadreddykolan/airflow_venv/lib/python3.10/site-packages/airflow/example_dags/tutorial_dag.py
[2024-10-28T17:09:41.806-0700] {processor.py:826} INFO - Processing file /Users/saiprasadreddykolan/airflow_venv/lib/python3.10/site-packages/airflow/example_dags/tutorial_dag.py for tasks to queue
[2024-10-28T17:09:41.807-0700] {logging_mixin.py:150} INFO - [2024-10-28T17:09:41.806-0700] {dagbag.py:541} INFO - Filling up the DagBag from /Users/saiprasadreddykolan/airflow_venv/lib/python3.10/site-packages/airflow/example_dags/tutorial_dag.py
[2024-10-28T17:09:41.817-0700] {processor.py:836} INFO - DAG(s) dict_keys(['tutorial_dag']) retrieved from /Users/saiprasadreddykolan/airflow_venv/lib/python3.10/site-packages/airflow/example_dags/tutorial_dag.py
[2024-10-28T17:09:42.032-0700] {logging_mixin.py:150} INFO - [2024-10-28T17:09:42.032-0700] {dag.py:2742} INFO - Sync 1 DAGs
[2024-10-28T17:09:42.038-0700] {logging_mixin.py:150} INFO - [2024-10-28T17:09:42.038-0700] {dag.py:3504} INFO - Setting next_dagrun for tutorial_dag to None, run_after=None
[2024-10-28T17:09:42.043-0700] {processor.py:179} INFO - Processing /Users/saiprasadreddykolan/airflow_venv/lib/python3.10/site-packages/airflow/example_dags/tutorial_dag.py took 0.240 seconds
[2024-10-28T17:10:30.118-0700] {processor.py:157} INFO - Started process (PID=70160) to work on /Users/saiprasadreddykolan/airflow_venv/lib/python3.10/site-packages/airflow/example_dags/tutorial_dag.py
[2024-10-28T17:10:30.120-0700] {processor.py:826} INFO - Processing file /Users/saiprasadreddykolan/airflow_venv/lib/python3.10/site-packages/airflow/example_dags/tutorial_dag.py for tasks to queue
[2024-10-28T17:10:30.120-0700] {logging_mixin.py:150} INFO - [2024-10-28T17:10:30.120-0700] {dagbag.py:541} INFO - Filling up the DagBag from /Users/saiprasadreddykolan/airflow_venv/lib/python3.10/site-packages/airflow/example_dags/tutorial_dag.py
[2024-10-28T17:10:30.131-0700] {processor.py:836} INFO - DAG(s) dict_keys(['tutorial_dag']) retrieved from /Users/saiprasadreddykolan/airflow_venv/lib/python3.10/site-packages/airflow/example_dags/tutorial_dag.py
[2024-10-28T17:10:30.373-0700] {logging_mixin.py:150} INFO - [2024-10-28T17:10:30.373-0700] {dag.py:2742} INFO - Sync 1 DAGs
[2024-10-28T17:10:30.380-0700] {logging_mixin.py:150} INFO - [2024-10-28T17:10:30.380-0700] {dag.py:3504} INFO - Setting next_dagrun for tutorial_dag to None, run_after=None
[2024-10-28T17:10:30.387-0700] {processor.py:179} INFO - Processing /Users/saiprasadreddykolan/airflow_venv/lib/python3.10/site-packages/airflow/example_dags/tutorial_dag.py took 0.269 seconds
[2024-10-28T17:11:17.268-0700] {processor.py:157} INFO - Started process (PID=70190) to work on /Users/saiprasadreddykolan/airflow_venv/lib/python3.10/site-packages/airflow/example_dags/tutorial_dag.py
[2024-10-28T17:11:17.270-0700] {processor.py:826} INFO - Processing file /Users/saiprasadreddykolan/airflow_venv/lib/python3.10/site-packages/airflow/example_dags/tutorial_dag.py for tasks to queue
[2024-10-28T17:11:17.271-0700] {logging_mixin.py:150} INFO - [2024-10-28T17:11:17.271-0700] {dagbag.py:541} INFO - Filling up the DagBag from /Users/saiprasadreddykolan/airflow_venv/lib/python3.10/site-packages/airflow/example_dags/tutorial_dag.py
[2024-10-28T17:11:17.286-0700] {processor.py:836} INFO - DAG(s) dict_keys(['tutorial_dag']) retrieved from /Users/saiprasadreddykolan/airflow_venv/lib/python3.10/site-packages/airflow/example_dags/tutorial_dag.py
[2024-10-28T17:11:17.507-0700] {logging_mixin.py:150} INFO - [2024-10-28T17:11:17.507-0700] {dag.py:2742} INFO - Sync 1 DAGs
[2024-10-28T17:11:17.513-0700] {logging_mixin.py:150} INFO - [2024-10-28T17:11:17.513-0700] {dag.py:3504} INFO - Setting next_dagrun for tutorial_dag to None, run_after=None
[2024-10-28T17:11:17.519-0700] {processor.py:179} INFO - Processing /Users/saiprasadreddykolan/airflow_venv/lib/python3.10/site-packages/airflow/example_dags/tutorial_dag.py took 0.252 seconds
[2024-10-28T17:12:05.984-0700] {processor.py:157} INFO - Started process (PID=70219) to work on /Users/saiprasadreddykolan/airflow_venv/lib/python3.10/site-packages/airflow/example_dags/tutorial_dag.py
[2024-10-28T17:12:05.987-0700] {processor.py:826} INFO - Processing file /Users/saiprasadreddykolan/airflow_venv/lib/python3.10/site-packages/airflow/example_dags/tutorial_dag.py for tasks to queue
[2024-10-28T17:12:05.987-0700] {logging_mixin.py:150} INFO - [2024-10-28T17:12:05.987-0700] {dagbag.py:541} INFO - Filling up the DagBag from /Users/saiprasadreddykolan/airflow_venv/lib/python3.10/site-packages/airflow/example_dags/tutorial_dag.py
[2024-10-28T17:12:05.997-0700] {processor.py:836} INFO - DAG(s) dict_keys(['tutorial_dag']) retrieved from /Users/saiprasadreddykolan/airflow_venv/lib/python3.10/site-packages/airflow/example_dags/tutorial_dag.py
[2024-10-28T17:12:06.212-0700] {logging_mixin.py:150} INFO - [2024-10-28T17:12:06.212-0700] {dag.py:2742} INFO - Sync 1 DAGs
[2024-10-28T17:12:06.218-0700] {logging_mixin.py:150} INFO - [2024-10-28T17:12:06.218-0700] {dag.py:3504} INFO - Setting next_dagrun for tutorial_dag to None, run_after=None
[2024-10-28T17:12:06.224-0700] {processor.py:179} INFO - Processing /Users/saiprasadreddykolan/airflow_venv/lib/python3.10/site-packages/airflow/example_dags/tutorial_dag.py took 0.240 seconds
[2024-10-28T17:12:50.693-0700] {processor.py:157} INFO - Started process (PID=70250) to work on /Users/saiprasadreddykolan/airflow_venv/lib/python3.10/site-packages/airflow/example_dags/tutorial_dag.py
[2024-10-28T17:12:50.694-0700] {processor.py:826} INFO - Processing file /Users/saiprasadreddykolan/airflow_venv/lib/python3.10/site-packages/airflow/example_dags/tutorial_dag.py for tasks to queue
[2024-10-28T17:12:50.695-0700] {logging_mixin.py:150} INFO - [2024-10-28T17:12:50.695-0700] {dagbag.py:541} INFO - Filling up the DagBag from /Users/saiprasadreddykolan/airflow_venv/lib/python3.10/site-packages/airflow/example_dags/tutorial_dag.py
[2024-10-28T17:12:50.705-0700] {processor.py:836} INFO - DAG(s) dict_keys(['tutorial_dag']) retrieved from /Users/saiprasadreddykolan/airflow_venv/lib/python3.10/site-packages/airflow/example_dags/tutorial_dag.py
[2024-10-28T17:12:50.939-0700] {logging_mixin.py:150} INFO - [2024-10-28T17:12:50.939-0700] {dag.py:2742} INFO - Sync 1 DAGs
[2024-10-28T17:12:50.945-0700] {logging_mixin.py:150} INFO - [2024-10-28T17:12:50.945-0700] {dag.py:3504} INFO - Setting next_dagrun for tutorial_dag to None, run_after=None
[2024-10-28T17:12:50.951-0700] {processor.py:179} INFO - Processing /Users/saiprasadreddykolan/airflow_venv/lib/python3.10/site-packages/airflow/example_dags/tutorial_dag.py took 0.258 seconds
[2024-10-28T17:13:33.112-0700] {processor.py:157} INFO - Started process (PID=70282) to work on /Users/saiprasadreddykolan/airflow_venv/lib/python3.10/site-packages/airflow/example_dags/tutorial_dag.py
[2024-10-28T17:13:33.114-0700] {processor.py:826} INFO - Processing file /Users/saiprasadreddykolan/airflow_venv/lib/python3.10/site-packages/airflow/example_dags/tutorial_dag.py for tasks to queue
[2024-10-28T17:13:33.115-0700] {logging_mixin.py:150} INFO - [2024-10-28T17:13:33.115-0700] {dagbag.py:541} INFO - Filling up the DagBag from /Users/saiprasadreddykolan/airflow_venv/lib/python3.10/site-packages/airflow/example_dags/tutorial_dag.py
[2024-10-28T17:13:33.125-0700] {processor.py:836} INFO - DAG(s) dict_keys(['tutorial_dag']) retrieved from /Users/saiprasadreddykolan/airflow_venv/lib/python3.10/site-packages/airflow/example_dags/tutorial_dag.py
[2024-10-28T17:13:33.343-0700] {logging_mixin.py:150} INFO - [2024-10-28T17:13:33.343-0700] {dag.py:2742} INFO - Sync 1 DAGs
[2024-10-28T17:13:33.348-0700] {logging_mixin.py:150} INFO - [2024-10-28T17:13:33.348-0700] {dag.py:3504} INFO - Setting next_dagrun for tutorial_dag to None, run_after=None
[2024-10-28T17:13:33.355-0700] {processor.py:179} INFO - Processing /Users/saiprasadreddykolan/airflow_venv/lib/python3.10/site-packages/airflow/example_dags/tutorial_dag.py took 0.243 seconds
[2024-10-28T17:14:16.500-0700] {processor.py:157} INFO - Started process (PID=70311) to work on /Users/saiprasadreddykolan/airflow_venv/lib/python3.10/site-packages/airflow/example_dags/tutorial_dag.py
[2024-10-28T17:14:16.503-0700] {processor.py:826} INFO - Processing file /Users/saiprasadreddykolan/airflow_venv/lib/python3.10/site-packages/airflow/example_dags/tutorial_dag.py for tasks to queue
[2024-10-28T17:14:16.503-0700] {logging_mixin.py:150} INFO - [2024-10-28T17:14:16.503-0700] {dagbag.py:541} INFO - Filling up the DagBag from /Users/saiprasadreddykolan/airflow_venv/lib/python3.10/site-packages/airflow/example_dags/tutorial_dag.py
[2024-10-28T17:14:16.513-0700] {processor.py:836} INFO - DAG(s) dict_keys(['tutorial_dag']) retrieved from /Users/saiprasadreddykolan/airflow_venv/lib/python3.10/site-packages/airflow/example_dags/tutorial_dag.py
[2024-10-28T17:14:16.730-0700] {logging_mixin.py:150} INFO - [2024-10-28T17:14:16.730-0700] {dag.py:2742} INFO - Sync 1 DAGs
[2024-10-28T17:14:16.736-0700] {logging_mixin.py:150} INFO - [2024-10-28T17:14:16.736-0700] {dag.py:3504} INFO - Setting next_dagrun for tutorial_dag to None, run_after=None
[2024-10-28T17:14:16.742-0700] {processor.py:179} INFO - Processing /Users/saiprasadreddykolan/airflow_venv/lib/python3.10/site-packages/airflow/example_dags/tutorial_dag.py took 0.242 seconds
[2024-10-28T17:14:59.625-0700] {processor.py:157} INFO - Started process (PID=70339) to work on /Users/saiprasadreddykolan/airflow_venv/lib/python3.10/site-packages/airflow/example_dags/tutorial_dag.py
[2024-10-28T17:14:59.627-0700] {processor.py:826} INFO - Processing file /Users/saiprasadreddykolan/airflow_venv/lib/python3.10/site-packages/airflow/example_dags/tutorial_dag.py for tasks to queue
[2024-10-28T17:14:59.627-0700] {logging_mixin.py:150} INFO - [2024-10-28T17:14:59.627-0700] {dagbag.py:541} INFO - Filling up the DagBag from /Users/saiprasadreddykolan/airflow_venv/lib/python3.10/site-packages/airflow/example_dags/tutorial_dag.py
[2024-10-28T17:14:59.638-0700] {processor.py:836} INFO - DAG(s) dict_keys(['tutorial_dag']) retrieved from /Users/saiprasadreddykolan/airflow_venv/lib/python3.10/site-packages/airflow/example_dags/tutorial_dag.py
[2024-10-28T17:14:59.857-0700] {logging_mixin.py:150} INFO - [2024-10-28T17:14:59.856-0700] {dag.py:2742} INFO - Sync 1 DAGs
[2024-10-28T17:14:59.864-0700] {logging_mixin.py:150} INFO - [2024-10-28T17:14:59.864-0700] {dag.py:3504} INFO - Setting next_dagrun for tutorial_dag to None, run_after=None
[2024-10-28T17:14:59.871-0700] {processor.py:179} INFO - Processing /Users/saiprasadreddykolan/airflow_venv/lib/python3.10/site-packages/airflow/example_dags/tutorial_dag.py took 0.247 seconds
[2024-10-28T17:15:46.969-0700] {processor.py:157} INFO - Started process (PID=70373) to work on /Users/saiprasadreddykolan/airflow_venv/lib/python3.10/site-packages/airflow/example_dags/tutorial_dag.py
[2024-10-28T17:15:46.972-0700] {processor.py:826} INFO - Processing file /Users/saiprasadreddykolan/airflow_venv/lib/python3.10/site-packages/airflow/example_dags/tutorial_dag.py for tasks to queue
[2024-10-28T17:15:46.972-0700] {logging_mixin.py:150} INFO - [2024-10-28T17:15:46.972-0700] {dagbag.py:541} INFO - Filling up the DagBag from /Users/saiprasadreddykolan/airflow_venv/lib/python3.10/site-packages/airflow/example_dags/tutorial_dag.py
[2024-10-28T17:15:46.984-0700] {processor.py:836} INFO - DAG(s) dict_keys(['tutorial_dag']) retrieved from /Users/saiprasadreddykolan/airflow_venv/lib/python3.10/site-packages/airflow/example_dags/tutorial_dag.py
[2024-10-28T17:15:47.244-0700] {logging_mixin.py:150} INFO - [2024-10-28T17:15:47.244-0700] {dag.py:2742} INFO - Sync 1 DAGs
[2024-10-28T17:15:47.251-0700] {logging_mixin.py:150} INFO - [2024-10-28T17:15:47.251-0700] {dag.py:3504} INFO - Setting next_dagrun for tutorial_dag to None, run_after=None
[2024-10-28T17:15:47.256-0700] {processor.py:179} INFO - Processing /Users/saiprasadreddykolan/airflow_venv/lib/python3.10/site-packages/airflow/example_dags/tutorial_dag.py took 0.287 seconds
[2024-10-28T17:16:36.165-0700] {processor.py:157} INFO - Started process (PID=70464) to work on /Users/saiprasadreddykolan/airflow_venv/lib/python3.10/site-packages/airflow/example_dags/tutorial_dag.py
[2024-10-28T17:16:36.167-0700] {processor.py:826} INFO - Processing file /Users/saiprasadreddykolan/airflow_venv/lib/python3.10/site-packages/airflow/example_dags/tutorial_dag.py for tasks to queue
[2024-10-28T17:16:36.167-0700] {logging_mixin.py:150} INFO - [2024-10-28T17:16:36.167-0700] {dagbag.py:541} INFO - Filling up the DagBag from /Users/saiprasadreddykolan/airflow_venv/lib/python3.10/site-packages/airflow/example_dags/tutorial_dag.py
[2024-10-28T17:16:36.181-0700] {processor.py:836} INFO - DAG(s) dict_keys(['tutorial_dag']) retrieved from /Users/saiprasadreddykolan/airflow_venv/lib/python3.10/site-packages/airflow/example_dags/tutorial_dag.py
[2024-10-28T17:16:36.411-0700] {logging_mixin.py:150} INFO - [2024-10-28T17:16:36.411-0700] {dag.py:2742} INFO - Sync 1 DAGs
[2024-10-28T17:16:36.418-0700] {logging_mixin.py:150} INFO - [2024-10-28T17:16:36.418-0700] {dag.py:3504} INFO - Setting next_dagrun for tutorial_dag to None, run_after=None
[2024-10-28T17:16:36.424-0700] {processor.py:179} INFO - Processing /Users/saiprasadreddykolan/airflow_venv/lib/python3.10/site-packages/airflow/example_dags/tutorial_dag.py took 0.260 seconds
[2024-10-28T17:17:24.439-0700] {processor.py:157} INFO - Started process (PID=70497) to work on /Users/saiprasadreddykolan/airflow_venv/lib/python3.10/site-packages/airflow/example_dags/tutorial_dag.py
[2024-10-28T17:17:24.441-0700] {processor.py:826} INFO - Processing file /Users/saiprasadreddykolan/airflow_venv/lib/python3.10/site-packages/airflow/example_dags/tutorial_dag.py for tasks to queue
[2024-10-28T17:17:24.441-0700] {logging_mixin.py:150} INFO - [2024-10-28T17:17:24.441-0700] {dagbag.py:541} INFO - Filling up the DagBag from /Users/saiprasadreddykolan/airflow_venv/lib/python3.10/site-packages/airflow/example_dags/tutorial_dag.py
[2024-10-28T17:17:24.452-0700] {processor.py:836} INFO - DAG(s) dict_keys(['tutorial_dag']) retrieved from /Users/saiprasadreddykolan/airflow_venv/lib/python3.10/site-packages/airflow/example_dags/tutorial_dag.py
[2024-10-28T17:17:24.668-0700] {logging_mixin.py:150} INFO - [2024-10-28T17:17:24.668-0700] {dag.py:2742} INFO - Sync 1 DAGs
[2024-10-28T17:17:24.674-0700] {logging_mixin.py:150} INFO - [2024-10-28T17:17:24.674-0700] {dag.py:3504} INFO - Setting next_dagrun for tutorial_dag to None, run_after=None
[2024-10-28T17:17:24.680-0700] {processor.py:179} INFO - Processing /Users/saiprasadreddykolan/airflow_venv/lib/python3.10/site-packages/airflow/example_dags/tutorial_dag.py took 0.241 seconds
[2024-10-28T17:18:09.374-0700] {processor.py:157} INFO - Started process (PID=70530) to work on /Users/saiprasadreddykolan/airflow_venv/lib/python3.10/site-packages/airflow/example_dags/tutorial_dag.py
[2024-10-28T17:18:09.378-0700] {processor.py:826} INFO - Processing file /Users/saiprasadreddykolan/airflow_venv/lib/python3.10/site-packages/airflow/example_dags/tutorial_dag.py for tasks to queue
[2024-10-28T17:18:09.378-0700] {logging_mixin.py:150} INFO - [2024-10-28T17:18:09.378-0700] {dagbag.py:541} INFO - Filling up the DagBag from /Users/saiprasadreddykolan/airflow_venv/lib/python3.10/site-packages/airflow/example_dags/tutorial_dag.py
[2024-10-28T17:18:09.390-0700] {processor.py:836} INFO - DAG(s) dict_keys(['tutorial_dag']) retrieved from /Users/saiprasadreddykolan/airflow_venv/lib/python3.10/site-packages/airflow/example_dags/tutorial_dag.py
[2024-10-28T17:18:09.612-0700] {logging_mixin.py:150} INFO - [2024-10-28T17:18:09.612-0700] {dag.py:2742} INFO - Sync 1 DAGs
[2024-10-28T17:18:09.618-0700] {logging_mixin.py:150} INFO - [2024-10-28T17:18:09.618-0700] {dag.py:3504} INFO - Setting next_dagrun for tutorial_dag to None, run_after=None
[2024-10-28T17:18:09.624-0700] {processor.py:179} INFO - Processing /Users/saiprasadreddykolan/airflow_venv/lib/python3.10/site-packages/airflow/example_dags/tutorial_dag.py took 0.251 seconds
[2024-10-28T17:18:56.337-0700] {processor.py:157} INFO - Started process (PID=70568) to work on /Users/saiprasadreddykolan/airflow_venv/lib/python3.10/site-packages/airflow/example_dags/tutorial_dag.py
[2024-10-28T17:18:56.339-0700] {processor.py:826} INFO - Processing file /Users/saiprasadreddykolan/airflow_venv/lib/python3.10/site-packages/airflow/example_dags/tutorial_dag.py for tasks to queue
[2024-10-28T17:18:56.339-0700] {logging_mixin.py:150} INFO - [2024-10-28T17:18:56.339-0700] {dagbag.py:541} INFO - Filling up the DagBag from /Users/saiprasadreddykolan/airflow_venv/lib/python3.10/site-packages/airflow/example_dags/tutorial_dag.py
[2024-10-28T17:18:56.350-0700] {processor.py:836} INFO - DAG(s) dict_keys(['tutorial_dag']) retrieved from /Users/saiprasadreddykolan/airflow_venv/lib/python3.10/site-packages/airflow/example_dags/tutorial_dag.py
[2024-10-28T17:18:56.571-0700] {logging_mixin.py:150} INFO - [2024-10-28T17:18:56.571-0700] {dag.py:2742} INFO - Sync 1 DAGs
[2024-10-28T17:18:56.578-0700] {logging_mixin.py:150} INFO - [2024-10-28T17:18:56.578-0700] {dag.py:3504} INFO - Setting next_dagrun for tutorial_dag to None, run_after=None
[2024-10-28T17:18:56.584-0700] {processor.py:179} INFO - Processing /Users/saiprasadreddykolan/airflow_venv/lib/python3.10/site-packages/airflow/example_dags/tutorial_dag.py took 0.248 seconds
[2024-10-28T17:19:41.119-0700] {processor.py:157} INFO - Started process (PID=70621) to work on /Users/saiprasadreddykolan/airflow_venv/lib/python3.10/site-packages/airflow/example_dags/tutorial_dag.py
[2024-10-28T17:19:41.120-0700] {processor.py:826} INFO - Processing file /Users/saiprasadreddykolan/airflow_venv/lib/python3.10/site-packages/airflow/example_dags/tutorial_dag.py for tasks to queue
[2024-10-28T17:19:41.121-0700] {logging_mixin.py:150} INFO - [2024-10-28T17:19:41.121-0700] {dagbag.py:541} INFO - Filling up the DagBag from /Users/saiprasadreddykolan/airflow_venv/lib/python3.10/site-packages/airflow/example_dags/tutorial_dag.py
[2024-10-28T17:19:41.132-0700] {processor.py:836} INFO - DAG(s) dict_keys(['tutorial_dag']) retrieved from /Users/saiprasadreddykolan/airflow_venv/lib/python3.10/site-packages/airflow/example_dags/tutorial_dag.py
[2024-10-28T17:19:41.350-0700] {logging_mixin.py:150} INFO - [2024-10-28T17:19:41.350-0700] {dag.py:2742} INFO - Sync 1 DAGs
[2024-10-28T17:19:41.356-0700] {logging_mixin.py:150} INFO - [2024-10-28T17:19:41.356-0700] {dag.py:3504} INFO - Setting next_dagrun for tutorial_dag to None, run_after=None
[2024-10-28T17:19:41.362-0700] {processor.py:179} INFO - Processing /Users/saiprasadreddykolan/airflow_venv/lib/python3.10/site-packages/airflow/example_dags/tutorial_dag.py took 0.244 seconds
[2024-10-28T17:20:27.887-0700] {processor.py:157} INFO - Started process (PID=70650) to work on /Users/saiprasadreddykolan/airflow_venv/lib/python3.10/site-packages/airflow/example_dags/tutorial_dag.py
[2024-10-28T17:20:27.889-0700] {processor.py:826} INFO - Processing file /Users/saiprasadreddykolan/airflow_venv/lib/python3.10/site-packages/airflow/example_dags/tutorial_dag.py for tasks to queue
[2024-10-28T17:20:27.890-0700] {logging_mixin.py:150} INFO - [2024-10-28T17:20:27.890-0700] {dagbag.py:541} INFO - Filling up the DagBag from /Users/saiprasadreddykolan/airflow_venv/lib/python3.10/site-packages/airflow/example_dags/tutorial_dag.py
[2024-10-28T17:20:27.906-0700] {processor.py:836} INFO - DAG(s) dict_keys(['tutorial_dag']) retrieved from /Users/saiprasadreddykolan/airflow_venv/lib/python3.10/site-packages/airflow/example_dags/tutorial_dag.py
[2024-10-28T17:20:28.139-0700] {logging_mixin.py:150} INFO - [2024-10-28T17:20:28.138-0700] {dag.py:2742} INFO - Sync 1 DAGs
[2024-10-28T17:20:28.145-0700] {logging_mixin.py:150} INFO - [2024-10-28T17:20:28.145-0700] {dag.py:3504} INFO - Setting next_dagrun for tutorial_dag to None, run_after=None
[2024-10-28T17:20:28.151-0700] {processor.py:179} INFO - Processing /Users/saiprasadreddykolan/airflow_venv/lib/python3.10/site-packages/airflow/example_dags/tutorial_dag.py took 0.264 seconds
[2024-10-28T17:21:16.518-0700] {processor.py:157} INFO - Started process (PID=70683) to work on /Users/saiprasadreddykolan/airflow_venv/lib/python3.10/site-packages/airflow/example_dags/tutorial_dag.py
[2024-10-28T17:21:16.521-0700] {processor.py:826} INFO - Processing file /Users/saiprasadreddykolan/airflow_venv/lib/python3.10/site-packages/airflow/example_dags/tutorial_dag.py for tasks to queue
[2024-10-28T17:21:16.521-0700] {logging_mixin.py:150} INFO - [2024-10-28T17:21:16.521-0700] {dagbag.py:541} INFO - Filling up the DagBag from /Users/saiprasadreddykolan/airflow_venv/lib/python3.10/site-packages/airflow/example_dags/tutorial_dag.py
[2024-10-28T17:21:16.531-0700] {processor.py:836} INFO - DAG(s) dict_keys(['tutorial_dag']) retrieved from /Users/saiprasadreddykolan/airflow_venv/lib/python3.10/site-packages/airflow/example_dags/tutorial_dag.py
[2024-10-28T17:21:16.748-0700] {logging_mixin.py:150} INFO - [2024-10-28T17:21:16.748-0700] {dag.py:2742} INFO - Sync 1 DAGs
[2024-10-28T17:21:16.754-0700] {logging_mixin.py:150} INFO - [2024-10-28T17:21:16.754-0700] {dag.py:3504} INFO - Setting next_dagrun for tutorial_dag to None, run_after=None
[2024-10-28T17:21:16.760-0700] {processor.py:179} INFO - Processing /Users/saiprasadreddykolan/airflow_venv/lib/python3.10/site-packages/airflow/example_dags/tutorial_dag.py took 0.242 seconds
[2024-10-28T17:22:01.641-0700] {processor.py:157} INFO - Started process (PID=70714) to work on /Users/saiprasadreddykolan/airflow_venv/lib/python3.10/site-packages/airflow/example_dags/tutorial_dag.py
[2024-10-28T17:22:01.643-0700] {processor.py:826} INFO - Processing file /Users/saiprasadreddykolan/airflow_venv/lib/python3.10/site-packages/airflow/example_dags/tutorial_dag.py for tasks to queue
[2024-10-28T17:22:01.643-0700] {logging_mixin.py:150} INFO - [2024-10-28T17:22:01.643-0700] {dagbag.py:541} INFO - Filling up the DagBag from /Users/saiprasadreddykolan/airflow_venv/lib/python3.10/site-packages/airflow/example_dags/tutorial_dag.py
[2024-10-28T17:22:01.655-0700] {processor.py:836} INFO - DAG(s) dict_keys(['tutorial_dag']) retrieved from /Users/saiprasadreddykolan/airflow_venv/lib/python3.10/site-packages/airflow/example_dags/tutorial_dag.py
[2024-10-28T17:22:01.880-0700] {logging_mixin.py:150} INFO - [2024-10-28T17:22:01.879-0700] {dag.py:2742} INFO - Sync 1 DAGs
[2024-10-28T17:22:01.885-0700] {logging_mixin.py:150} INFO - [2024-10-28T17:22:01.885-0700] {dag.py:3504} INFO - Setting next_dagrun for tutorial_dag to None, run_after=None
[2024-10-28T17:22:01.891-0700] {processor.py:179} INFO - Processing /Users/saiprasadreddykolan/airflow_venv/lib/python3.10/site-packages/airflow/example_dags/tutorial_dag.py took 0.251 seconds
[2024-10-28T17:22:48.113-0700] {processor.py:157} INFO - Started process (PID=70752) to work on /Users/saiprasadreddykolan/airflow_venv/lib/python3.10/site-packages/airflow/example_dags/tutorial_dag.py
[2024-10-28T17:22:48.115-0700] {processor.py:826} INFO - Processing file /Users/saiprasadreddykolan/airflow_venv/lib/python3.10/site-packages/airflow/example_dags/tutorial_dag.py for tasks to queue
[2024-10-28T17:22:48.115-0700] {logging_mixin.py:150} INFO - [2024-10-28T17:22:48.115-0700] {dagbag.py:541} INFO - Filling up the DagBag from /Users/saiprasadreddykolan/airflow_venv/lib/python3.10/site-packages/airflow/example_dags/tutorial_dag.py
[2024-10-28T17:22:48.127-0700] {processor.py:836} INFO - DAG(s) dict_keys(['tutorial_dag']) retrieved from /Users/saiprasadreddykolan/airflow_venv/lib/python3.10/site-packages/airflow/example_dags/tutorial_dag.py
[2024-10-28T17:22:48.361-0700] {logging_mixin.py:150} INFO - [2024-10-28T17:22:48.360-0700] {dag.py:2742} INFO - Sync 1 DAGs
[2024-10-28T17:22:48.367-0700] {logging_mixin.py:150} INFO - [2024-10-28T17:22:48.367-0700] {dag.py:3504} INFO - Setting next_dagrun for tutorial_dag to None, run_after=None
[2024-10-28T17:22:48.374-0700] {processor.py:179} INFO - Processing /Users/saiprasadreddykolan/airflow_venv/lib/python3.10/site-packages/airflow/example_dags/tutorial_dag.py took 0.262 seconds
[2024-10-28T17:23:29.838-0700] {processor.py:157} INFO - Started process (PID=70803) to work on /Users/saiprasadreddykolan/airflow_venv/lib/python3.10/site-packages/airflow/example_dags/tutorial_dag.py
[2024-10-28T17:23:29.839-0700] {processor.py:826} INFO - Processing file /Users/saiprasadreddykolan/airflow_venv/lib/python3.10/site-packages/airflow/example_dags/tutorial_dag.py for tasks to queue
[2024-10-28T17:23:29.840-0700] {logging_mixin.py:150} INFO - [2024-10-28T17:23:29.840-0700] {dagbag.py:541} INFO - Filling up the DagBag from /Users/saiprasadreddykolan/airflow_venv/lib/python3.10/site-packages/airflow/example_dags/tutorial_dag.py
[2024-10-28T17:23:29.851-0700] {processor.py:836} INFO - DAG(s) dict_keys(['tutorial_dag']) retrieved from /Users/saiprasadreddykolan/airflow_venv/lib/python3.10/site-packages/airflow/example_dags/tutorial_dag.py
[2024-10-28T17:23:30.090-0700] {logging_mixin.py:150} INFO - [2024-10-28T17:23:30.090-0700] {dag.py:2742} INFO - Sync 1 DAGs
[2024-10-28T17:23:30.097-0700] {logging_mixin.py:150} INFO - [2024-10-28T17:23:30.097-0700] {dag.py:3504} INFO - Setting next_dagrun for tutorial_dag to None, run_after=None
[2024-10-28T17:23:30.103-0700] {processor.py:179} INFO - Processing /Users/saiprasadreddykolan/airflow_venv/lib/python3.10/site-packages/airflow/example_dags/tutorial_dag.py took 0.266 seconds
[2024-10-28T17:24:14.183-0700] {processor.py:157} INFO - Started process (PID=70842) to work on /Users/saiprasadreddykolan/airflow_venv/lib/python3.10/site-packages/airflow/example_dags/tutorial_dag.py
[2024-10-28T17:24:14.185-0700] {processor.py:826} INFO - Processing file /Users/saiprasadreddykolan/airflow_venv/lib/python3.10/site-packages/airflow/example_dags/tutorial_dag.py for tasks to queue
[2024-10-28T17:24:14.186-0700] {logging_mixin.py:150} INFO - [2024-10-28T17:24:14.185-0700] {dagbag.py:541} INFO - Filling up the DagBag from /Users/saiprasadreddykolan/airflow_venv/lib/python3.10/site-packages/airflow/example_dags/tutorial_dag.py
[2024-10-28T17:24:14.197-0700] {processor.py:836} INFO - DAG(s) dict_keys(['tutorial_dag']) retrieved from /Users/saiprasadreddykolan/airflow_venv/lib/python3.10/site-packages/airflow/example_dags/tutorial_dag.py
[2024-10-28T17:24:14.414-0700] {logging_mixin.py:150} INFO - [2024-10-28T17:24:14.414-0700] {dag.py:2742} INFO - Sync 1 DAGs
[2024-10-28T17:24:14.420-0700] {logging_mixin.py:150} INFO - [2024-10-28T17:24:14.420-0700] {dag.py:3504} INFO - Setting next_dagrun for tutorial_dag to None, run_after=None
[2024-10-28T17:24:14.426-0700] {processor.py:179} INFO - Processing /Users/saiprasadreddykolan/airflow_venv/lib/python3.10/site-packages/airflow/example_dags/tutorial_dag.py took 0.243 seconds
[2024-10-28T17:25:03.298-0700] {processor.py:157} INFO - Started process (PID=70887) to work on /Users/saiprasadreddykolan/airflow_venv/lib/python3.10/site-packages/airflow/example_dags/tutorial_dag.py
[2024-10-28T17:25:03.301-0700] {processor.py:826} INFO - Processing file /Users/saiprasadreddykolan/airflow_venv/lib/python3.10/site-packages/airflow/example_dags/tutorial_dag.py for tasks to queue
[2024-10-28T17:25:03.301-0700] {logging_mixin.py:150} INFO - [2024-10-28T17:25:03.301-0700] {dagbag.py:541} INFO - Filling up the DagBag from /Users/saiprasadreddykolan/airflow_venv/lib/python3.10/site-packages/airflow/example_dags/tutorial_dag.py
[2024-10-28T17:25:03.313-0700] {processor.py:836} INFO - DAG(s) dict_keys(['tutorial_dag']) retrieved from /Users/saiprasadreddykolan/airflow_venv/lib/python3.10/site-packages/airflow/example_dags/tutorial_dag.py
[2024-10-28T17:25:03.551-0700] {logging_mixin.py:150} INFO - [2024-10-28T17:25:03.551-0700] {dag.py:2742} INFO - Sync 1 DAGs
[2024-10-28T17:25:03.557-0700] {logging_mixin.py:150} INFO - [2024-10-28T17:25:03.557-0700] {dag.py:3504} INFO - Setting next_dagrun for tutorial_dag to None, run_after=None
[2024-10-28T17:25:03.563-0700] {processor.py:179} INFO - Processing /Users/saiprasadreddykolan/airflow_venv/lib/python3.10/site-packages/airflow/example_dags/tutorial_dag.py took 0.265 seconds
[2024-10-28T17:25:49.300-0700] {processor.py:157} INFO - Started process (PID=70943) to work on /Users/saiprasadreddykolan/airflow_venv/lib/python3.10/site-packages/airflow/example_dags/tutorial_dag.py
[2024-10-28T17:25:49.304-0700] {processor.py:826} INFO - Processing file /Users/saiprasadreddykolan/airflow_venv/lib/python3.10/site-packages/airflow/example_dags/tutorial_dag.py for tasks to queue
[2024-10-28T17:25:49.304-0700] {logging_mixin.py:150} INFO - [2024-10-28T17:25:49.304-0700] {dagbag.py:541} INFO - Filling up the DagBag from /Users/saiprasadreddykolan/airflow_venv/lib/python3.10/site-packages/airflow/example_dags/tutorial_dag.py
[2024-10-28T17:25:49.322-0700] {processor.py:836} INFO - DAG(s) dict_keys(['tutorial_dag']) retrieved from /Users/saiprasadreddykolan/airflow_venv/lib/python3.10/site-packages/airflow/example_dags/tutorial_dag.py
[2024-10-28T17:25:49.550-0700] {logging_mixin.py:150} INFO - [2024-10-28T17:25:49.550-0700] {dag.py:2742} INFO - Sync 1 DAGs
[2024-10-28T17:25:49.556-0700] {logging_mixin.py:150} INFO - [2024-10-28T17:25:49.556-0700] {dag.py:3504} INFO - Setting next_dagrun for tutorial_dag to None, run_after=None
[2024-10-28T17:25:49.562-0700] {processor.py:179} INFO - Processing /Users/saiprasadreddykolan/airflow_venv/lib/python3.10/site-packages/airflow/example_dags/tutorial_dag.py took 0.263 seconds
[2024-10-28T17:26:36.942-0700] {processor.py:157} INFO - Started process (PID=70973) to work on /Users/saiprasadreddykolan/airflow_venv/lib/python3.10/site-packages/airflow/example_dags/tutorial_dag.py
[2024-10-28T17:26:36.944-0700] {processor.py:826} INFO - Processing file /Users/saiprasadreddykolan/airflow_venv/lib/python3.10/site-packages/airflow/example_dags/tutorial_dag.py for tasks to queue
[2024-10-28T17:26:36.944-0700] {logging_mixin.py:150} INFO - [2024-10-28T17:26:36.944-0700] {dagbag.py:541} INFO - Filling up the DagBag from /Users/saiprasadreddykolan/airflow_venv/lib/python3.10/site-packages/airflow/example_dags/tutorial_dag.py
[2024-10-28T17:26:36.957-0700] {processor.py:836} INFO - DAG(s) dict_keys(['tutorial_dag']) retrieved from /Users/saiprasadreddykolan/airflow_venv/lib/python3.10/site-packages/airflow/example_dags/tutorial_dag.py
[2024-10-28T17:26:37.213-0700] {logging_mixin.py:150} INFO - [2024-10-28T17:26:37.213-0700] {dag.py:2742} INFO - Sync 1 DAGs
[2024-10-28T17:26:37.219-0700] {logging_mixin.py:150} INFO - [2024-10-28T17:26:37.219-0700] {dag.py:3504} INFO - Setting next_dagrun for tutorial_dag to None, run_after=None
[2024-10-28T17:26:37.225-0700] {processor.py:179} INFO - Processing /Users/saiprasadreddykolan/airflow_venv/lib/python3.10/site-packages/airflow/example_dags/tutorial_dag.py took 0.284 seconds
[2024-10-28T17:27:22.227-0700] {processor.py:157} INFO - Started process (PID=71010) to work on /Users/saiprasadreddykolan/airflow_venv/lib/python3.10/site-packages/airflow/example_dags/tutorial_dag.py
[2024-10-28T17:27:22.230-0700] {processor.py:826} INFO - Processing file /Users/saiprasadreddykolan/airflow_venv/lib/python3.10/site-packages/airflow/example_dags/tutorial_dag.py for tasks to queue
[2024-10-28T17:27:22.230-0700] {logging_mixin.py:150} INFO - [2024-10-28T17:27:22.230-0700] {dagbag.py:541} INFO - Filling up the DagBag from /Users/saiprasadreddykolan/airflow_venv/lib/python3.10/site-packages/airflow/example_dags/tutorial_dag.py
[2024-10-28T17:27:22.240-0700] {processor.py:836} INFO - DAG(s) dict_keys(['tutorial_dag']) retrieved from /Users/saiprasadreddykolan/airflow_venv/lib/python3.10/site-packages/airflow/example_dags/tutorial_dag.py
[2024-10-28T17:27:22.459-0700] {logging_mixin.py:150} INFO - [2024-10-28T17:27:22.458-0700] {dag.py:2742} INFO - Sync 1 DAGs
[2024-10-28T17:27:22.466-0700] {logging_mixin.py:150} INFO - [2024-10-28T17:27:22.466-0700] {dag.py:3504} INFO - Setting next_dagrun for tutorial_dag to None, run_after=None
[2024-10-28T17:27:22.474-0700] {processor.py:179} INFO - Processing /Users/saiprasadreddykolan/airflow_venv/lib/python3.10/site-packages/airflow/example_dags/tutorial_dag.py took 0.247 seconds
[2024-10-28T17:28:05.829-0700] {processor.py:157} INFO - Started process (PID=71040) to work on /Users/saiprasadreddykolan/airflow_venv/lib/python3.10/site-packages/airflow/example_dags/tutorial_dag.py
[2024-10-28T17:28:05.831-0700] {processor.py:826} INFO - Processing file /Users/saiprasadreddykolan/airflow_venv/lib/python3.10/site-packages/airflow/example_dags/tutorial_dag.py for tasks to queue
[2024-10-28T17:28:05.831-0700] {logging_mixin.py:150} INFO - [2024-10-28T17:28:05.831-0700] {dagbag.py:541} INFO - Filling up the DagBag from /Users/saiprasadreddykolan/airflow_venv/lib/python3.10/site-packages/airflow/example_dags/tutorial_dag.py
[2024-10-28T17:28:05.842-0700] {processor.py:836} INFO - DAG(s) dict_keys(['tutorial_dag']) retrieved from /Users/saiprasadreddykolan/airflow_venv/lib/python3.10/site-packages/airflow/example_dags/tutorial_dag.py
[2024-10-28T17:28:06.065-0700] {logging_mixin.py:150} INFO - [2024-10-28T17:28:06.065-0700] {dag.py:2742} INFO - Sync 1 DAGs
[2024-10-28T17:28:06.071-0700] {logging_mixin.py:150} INFO - [2024-10-28T17:28:06.071-0700] {dag.py:3504} INFO - Setting next_dagrun for tutorial_dag to None, run_after=None
[2024-10-28T17:28:06.077-0700] {processor.py:179} INFO - Processing /Users/saiprasadreddykolan/airflow_venv/lib/python3.10/site-packages/airflow/example_dags/tutorial_dag.py took 0.248 seconds
[2024-10-28T17:28:51.782-0700] {processor.py:157} INFO - Started process (PID=71072) to work on /Users/saiprasadreddykolan/airflow_venv/lib/python3.10/site-packages/airflow/example_dags/tutorial_dag.py
[2024-10-28T17:28:51.785-0700] {processor.py:826} INFO - Processing file /Users/saiprasadreddykolan/airflow_venv/lib/python3.10/site-packages/airflow/example_dags/tutorial_dag.py for tasks to queue
[2024-10-28T17:28:51.785-0700] {logging_mixin.py:150} INFO - [2024-10-28T17:28:51.785-0700] {dagbag.py:541} INFO - Filling up the DagBag from /Users/saiprasadreddykolan/airflow_venv/lib/python3.10/site-packages/airflow/example_dags/tutorial_dag.py
[2024-10-28T17:28:51.796-0700] {processor.py:836} INFO - DAG(s) dict_keys(['tutorial_dag']) retrieved from /Users/saiprasadreddykolan/airflow_venv/lib/python3.10/site-packages/airflow/example_dags/tutorial_dag.py
[2024-10-28T17:28:52.017-0700] {logging_mixin.py:150} INFO - [2024-10-28T17:28:52.017-0700] {dag.py:2742} INFO - Sync 1 DAGs
[2024-10-28T17:28:52.024-0700] {logging_mixin.py:150} INFO - [2024-10-28T17:28:52.024-0700] {dag.py:3504} INFO - Setting next_dagrun for tutorial_dag to None, run_after=None
[2024-10-28T17:28:52.030-0700] {processor.py:179} INFO - Processing /Users/saiprasadreddykolan/airflow_venv/lib/python3.10/site-packages/airflow/example_dags/tutorial_dag.py took 0.248 seconds
[2024-10-28T17:29:38.901-0700] {processor.py:157} INFO - Started process (PID=71115) to work on /Users/saiprasadreddykolan/airflow_venv/lib/python3.10/site-packages/airflow/example_dags/tutorial_dag.py
[2024-10-28T17:29:38.904-0700] {processor.py:826} INFO - Processing file /Users/saiprasadreddykolan/airflow_venv/lib/python3.10/site-packages/airflow/example_dags/tutorial_dag.py for tasks to queue
[2024-10-28T17:29:38.904-0700] {logging_mixin.py:150} INFO - [2024-10-28T17:29:38.904-0700] {dagbag.py:541} INFO - Filling up the DagBag from /Users/saiprasadreddykolan/airflow_venv/lib/python3.10/site-packages/airflow/example_dags/tutorial_dag.py
[2024-10-28T17:29:38.915-0700] {processor.py:836} INFO - DAG(s) dict_keys(['tutorial_dag']) retrieved from /Users/saiprasadreddykolan/airflow_venv/lib/python3.10/site-packages/airflow/example_dags/tutorial_dag.py
[2024-10-28T17:29:39.137-0700] {logging_mixin.py:150} INFO - [2024-10-28T17:29:39.137-0700] {dag.py:2742} INFO - Sync 1 DAGs
[2024-10-28T17:29:39.143-0700] {logging_mixin.py:150} INFO - [2024-10-28T17:29:39.143-0700] {dag.py:3504} INFO - Setting next_dagrun for tutorial_dag to None, run_after=None
[2024-10-28T17:29:39.149-0700] {processor.py:179} INFO - Processing /Users/saiprasadreddykolan/airflow_venv/lib/python3.10/site-packages/airflow/example_dags/tutorial_dag.py took 0.248 seconds
[2024-10-28T17:30:28.232-0700] {processor.py:157} INFO - Started process (PID=71146) to work on /Users/saiprasadreddykolan/airflow_venv/lib/python3.10/site-packages/airflow/example_dags/tutorial_dag.py
[2024-10-28T17:30:28.235-0700] {processor.py:826} INFO - Processing file /Users/saiprasadreddykolan/airflow_venv/lib/python3.10/site-packages/airflow/example_dags/tutorial_dag.py for tasks to queue
[2024-10-28T17:30:28.235-0700] {logging_mixin.py:150} INFO - [2024-10-28T17:30:28.235-0700] {dagbag.py:541} INFO - Filling up the DagBag from /Users/saiprasadreddykolan/airflow_venv/lib/python3.10/site-packages/airflow/example_dags/tutorial_dag.py
[2024-10-28T17:30:28.245-0700] {processor.py:836} INFO - DAG(s) dict_keys(['tutorial_dag']) retrieved from /Users/saiprasadreddykolan/airflow_venv/lib/python3.10/site-packages/airflow/example_dags/tutorial_dag.py
[2024-10-28T17:30:28.461-0700] {logging_mixin.py:150} INFO - [2024-10-28T17:30:28.461-0700] {dag.py:2742} INFO - Sync 1 DAGs
[2024-10-28T17:30:28.466-0700] {logging_mixin.py:150} INFO - [2024-10-28T17:30:28.466-0700] {dag.py:3504} INFO - Setting next_dagrun for tutorial_dag to None, run_after=None
[2024-10-28T17:30:28.472-0700] {processor.py:179} INFO - Processing /Users/saiprasadreddykolan/airflow_venv/lib/python3.10/site-packages/airflow/example_dags/tutorial_dag.py took 0.240 seconds
[2024-10-28T17:31:16.429-0700] {processor.py:157} INFO - Started process (PID=71183) to work on /Users/saiprasadreddykolan/airflow_venv/lib/python3.10/site-packages/airflow/example_dags/tutorial_dag.py
[2024-10-28T17:31:16.431-0700] {processor.py:826} INFO - Processing file /Users/saiprasadreddykolan/airflow_venv/lib/python3.10/site-packages/airflow/example_dags/tutorial_dag.py for tasks to queue
[2024-10-28T17:31:16.431-0700] {logging_mixin.py:150} INFO - [2024-10-28T17:31:16.431-0700] {dagbag.py:541} INFO - Filling up the DagBag from /Users/saiprasadreddykolan/airflow_venv/lib/python3.10/site-packages/airflow/example_dags/tutorial_dag.py
[2024-10-28T17:31:16.442-0700] {processor.py:836} INFO - DAG(s) dict_keys(['tutorial_dag']) retrieved from /Users/saiprasadreddykolan/airflow_venv/lib/python3.10/site-packages/airflow/example_dags/tutorial_dag.py
[2024-10-28T17:31:16.664-0700] {logging_mixin.py:150} INFO - [2024-10-28T17:31:16.664-0700] {dag.py:2742} INFO - Sync 1 DAGs
[2024-10-28T17:31:16.670-0700] {logging_mixin.py:150} INFO - [2024-10-28T17:31:16.670-0700] {dag.py:3504} INFO - Setting next_dagrun for tutorial_dag to None, run_after=None
[2024-10-28T17:31:16.676-0700] {processor.py:179} INFO - Processing /Users/saiprasadreddykolan/airflow_venv/lib/python3.10/site-packages/airflow/example_dags/tutorial_dag.py took 0.247 seconds
[2024-10-28T17:31:58.778-0700] {processor.py:157} INFO - Started process (PID=71213) to work on /Users/saiprasadreddykolan/airflow_venv/lib/python3.10/site-packages/airflow/example_dags/tutorial_dag.py
[2024-10-28T17:31:58.780-0700] {processor.py:826} INFO - Processing file /Users/saiprasadreddykolan/airflow_venv/lib/python3.10/site-packages/airflow/example_dags/tutorial_dag.py for tasks to queue
[2024-10-28T17:31:58.780-0700] {logging_mixin.py:150} INFO - [2024-10-28T17:31:58.780-0700] {dagbag.py:541} INFO - Filling up the DagBag from /Users/saiprasadreddykolan/airflow_venv/lib/python3.10/site-packages/airflow/example_dags/tutorial_dag.py
[2024-10-28T17:31:58.791-0700] {processor.py:836} INFO - DAG(s) dict_keys(['tutorial_dag']) retrieved from /Users/saiprasadreddykolan/airflow_venv/lib/python3.10/site-packages/airflow/example_dags/tutorial_dag.py
[2024-10-28T17:31:59.008-0700] {logging_mixin.py:150} INFO - [2024-10-28T17:31:59.008-0700] {dag.py:2742} INFO - Sync 1 DAGs
[2024-10-28T17:31:59.014-0700] {logging_mixin.py:150} INFO - [2024-10-28T17:31:59.014-0700] {dag.py:3504} INFO - Setting next_dagrun for tutorial_dag to None, run_after=None
[2024-10-28T17:31:59.020-0700] {processor.py:179} INFO - Processing /Users/saiprasadreddykolan/airflow_venv/lib/python3.10/site-packages/airflow/example_dags/tutorial_dag.py took 0.242 seconds
[2024-10-28T17:32:45.933-0700] {processor.py:157} INFO - Started process (PID=71252) to work on /Users/saiprasadreddykolan/airflow_venv/lib/python3.10/site-packages/airflow/example_dags/tutorial_dag.py
[2024-10-28T17:32:45.935-0700] {processor.py:826} INFO - Processing file /Users/saiprasadreddykolan/airflow_venv/lib/python3.10/site-packages/airflow/example_dags/tutorial_dag.py for tasks to queue
[2024-10-28T17:32:45.935-0700] {logging_mixin.py:150} INFO - [2024-10-28T17:32:45.935-0700] {dagbag.py:541} INFO - Filling up the DagBag from /Users/saiprasadreddykolan/airflow_venv/lib/python3.10/site-packages/airflow/example_dags/tutorial_dag.py
[2024-10-28T17:32:45.946-0700] {processor.py:836} INFO - DAG(s) dict_keys(['tutorial_dag']) retrieved from /Users/saiprasadreddykolan/airflow_venv/lib/python3.10/site-packages/airflow/example_dags/tutorial_dag.py
[2024-10-28T17:32:46.172-0700] {logging_mixin.py:150} INFO - [2024-10-28T17:32:46.172-0700] {dag.py:2742} INFO - Sync 1 DAGs
[2024-10-28T17:32:46.178-0700] {logging_mixin.py:150} INFO - [2024-10-28T17:32:46.178-0700] {dag.py:3504} INFO - Setting next_dagrun for tutorial_dag to None, run_after=None
[2024-10-28T17:32:46.184-0700] {processor.py:179} INFO - Processing /Users/saiprasadreddykolan/airflow_venv/lib/python3.10/site-packages/airflow/example_dags/tutorial_dag.py took 0.252 seconds
[2024-10-28T17:33:35.521-0700] {processor.py:157} INFO - Started process (PID=71289) to work on /Users/saiprasadreddykolan/airflow_venv/lib/python3.10/site-packages/airflow/example_dags/tutorial_dag.py
[2024-10-28T17:33:35.523-0700] {processor.py:826} INFO - Processing file /Users/saiprasadreddykolan/airflow_venv/lib/python3.10/site-packages/airflow/example_dags/tutorial_dag.py for tasks to queue
[2024-10-28T17:33:35.523-0700] {logging_mixin.py:150} INFO - [2024-10-28T17:33:35.523-0700] {dagbag.py:541} INFO - Filling up the DagBag from /Users/saiprasadreddykolan/airflow_venv/lib/python3.10/site-packages/airflow/example_dags/tutorial_dag.py
[2024-10-28T17:33:35.534-0700] {processor.py:836} INFO - DAG(s) dict_keys(['tutorial_dag']) retrieved from /Users/saiprasadreddykolan/airflow_venv/lib/python3.10/site-packages/airflow/example_dags/tutorial_dag.py
[2024-10-28T17:33:35.761-0700] {logging_mixin.py:150} INFO - [2024-10-28T17:33:35.761-0700] {dag.py:2742} INFO - Sync 1 DAGs
[2024-10-28T17:33:35.768-0700] {logging_mixin.py:150} INFO - [2024-10-28T17:33:35.767-0700] {dag.py:3504} INFO - Setting next_dagrun for tutorial_dag to None, run_after=None
[2024-10-28T17:33:35.774-0700] {processor.py:179} INFO - Processing /Users/saiprasadreddykolan/airflow_venv/lib/python3.10/site-packages/airflow/example_dags/tutorial_dag.py took 0.253 seconds
[2024-10-28T17:34:22.503-0700] {processor.py:157} INFO - Started process (PID=71321) to work on /Users/saiprasadreddykolan/airflow_venv/lib/python3.10/site-packages/airflow/example_dags/tutorial_dag.py
[2024-10-28T17:34:22.505-0700] {processor.py:826} INFO - Processing file /Users/saiprasadreddykolan/airflow_venv/lib/python3.10/site-packages/airflow/example_dags/tutorial_dag.py for tasks to queue
[2024-10-28T17:34:22.505-0700] {logging_mixin.py:150} INFO - [2024-10-28T17:34:22.505-0700] {dagbag.py:541} INFO - Filling up the DagBag from /Users/saiprasadreddykolan/airflow_venv/lib/python3.10/site-packages/airflow/example_dags/tutorial_dag.py
[2024-10-28T17:34:22.516-0700] {processor.py:836} INFO - DAG(s) dict_keys(['tutorial_dag']) retrieved from /Users/saiprasadreddykolan/airflow_venv/lib/python3.10/site-packages/airflow/example_dags/tutorial_dag.py
[2024-10-28T17:34:22.739-0700] {logging_mixin.py:150} INFO - [2024-10-28T17:34:22.739-0700] {dag.py:2742} INFO - Sync 1 DAGs
[2024-10-28T17:34:22.745-0700] {logging_mixin.py:150} INFO - [2024-10-28T17:34:22.745-0700] {dag.py:3504} INFO - Setting next_dagrun for tutorial_dag to None, run_after=None
[2024-10-28T17:34:22.752-0700] {processor.py:179} INFO - Processing /Users/saiprasadreddykolan/airflow_venv/lib/python3.10/site-packages/airflow/example_dags/tutorial_dag.py took 0.250 seconds
[2024-10-28T17:35:11.097-0700] {processor.py:157} INFO - Started process (PID=71351) to work on /Users/saiprasadreddykolan/airflow_venv/lib/python3.10/site-packages/airflow/example_dags/tutorial_dag.py
[2024-10-28T17:35:11.099-0700] {processor.py:826} INFO - Processing file /Users/saiprasadreddykolan/airflow_venv/lib/python3.10/site-packages/airflow/example_dags/tutorial_dag.py for tasks to queue
[2024-10-28T17:35:11.099-0700] {logging_mixin.py:150} INFO - [2024-10-28T17:35:11.099-0700] {dagbag.py:541} INFO - Filling up the DagBag from /Users/saiprasadreddykolan/airflow_venv/lib/python3.10/site-packages/airflow/example_dags/tutorial_dag.py
[2024-10-28T17:35:11.110-0700] {processor.py:836} INFO - DAG(s) dict_keys(['tutorial_dag']) retrieved from /Users/saiprasadreddykolan/airflow_venv/lib/python3.10/site-packages/airflow/example_dags/tutorial_dag.py
[2024-10-28T17:35:11.328-0700] {logging_mixin.py:150} INFO - [2024-10-28T17:35:11.328-0700] {dag.py:2742} INFO - Sync 1 DAGs
[2024-10-28T17:35:11.334-0700] {logging_mixin.py:150} INFO - [2024-10-28T17:35:11.334-0700] {dag.py:3504} INFO - Setting next_dagrun for tutorial_dag to None, run_after=None
[2024-10-28T17:35:11.340-0700] {processor.py:179} INFO - Processing /Users/saiprasadreddykolan/airflow_venv/lib/python3.10/site-packages/airflow/example_dags/tutorial_dag.py took 0.243 seconds
[2024-10-28T17:35:55.791-0700] {processor.py:157} INFO - Started process (PID=71385) to work on /Users/saiprasadreddykolan/airflow_venv/lib/python3.10/site-packages/airflow/example_dags/tutorial_dag.py
[2024-10-28T17:35:55.793-0700] {processor.py:826} INFO - Processing file /Users/saiprasadreddykolan/airflow_venv/lib/python3.10/site-packages/airflow/example_dags/tutorial_dag.py for tasks to queue
[2024-10-28T17:35:55.794-0700] {logging_mixin.py:150} INFO - [2024-10-28T17:35:55.794-0700] {dagbag.py:541} INFO - Filling up the DagBag from /Users/saiprasadreddykolan/airflow_venv/lib/python3.10/site-packages/airflow/example_dags/tutorial_dag.py
[2024-10-28T17:35:55.805-0700] {processor.py:836} INFO - DAG(s) dict_keys(['tutorial_dag']) retrieved from /Users/saiprasadreddykolan/airflow_venv/lib/python3.10/site-packages/airflow/example_dags/tutorial_dag.py
[2024-10-28T17:35:56.031-0700] {logging_mixin.py:150} INFO - [2024-10-28T17:35:56.031-0700] {dag.py:2742} INFO - Sync 1 DAGs
[2024-10-28T17:35:56.037-0700] {logging_mixin.py:150} INFO - [2024-10-28T17:35:56.037-0700] {dag.py:3504} INFO - Setting next_dagrun for tutorial_dag to None, run_after=None
[2024-10-28T17:35:56.043-0700] {processor.py:179} INFO - Processing /Users/saiprasadreddykolan/airflow_venv/lib/python3.10/site-packages/airflow/example_dags/tutorial_dag.py took 0.252 seconds
[2024-10-28T17:36:42.688-0700] {processor.py:157} INFO - Started process (PID=71420) to work on /Users/saiprasadreddykolan/airflow_venv/lib/python3.10/site-packages/airflow/example_dags/tutorial_dag.py
[2024-10-28T17:36:42.690-0700] {processor.py:826} INFO - Processing file /Users/saiprasadreddykolan/airflow_venv/lib/python3.10/site-packages/airflow/example_dags/tutorial_dag.py for tasks to queue
[2024-10-28T17:36:42.690-0700] {logging_mixin.py:150} INFO - [2024-10-28T17:36:42.690-0700] {dagbag.py:541} INFO - Filling up the DagBag from /Users/saiprasadreddykolan/airflow_venv/lib/python3.10/site-packages/airflow/example_dags/tutorial_dag.py
[2024-10-28T17:36:42.701-0700] {processor.py:836} INFO - DAG(s) dict_keys(['tutorial_dag']) retrieved from /Users/saiprasadreddykolan/airflow_venv/lib/python3.10/site-packages/airflow/example_dags/tutorial_dag.py
[2024-10-28T17:36:42.928-0700] {logging_mixin.py:150} INFO - [2024-10-28T17:36:42.927-0700] {dag.py:2742} INFO - Sync 1 DAGs
[2024-10-28T17:36:42.933-0700] {logging_mixin.py:150} INFO - [2024-10-28T17:36:42.933-0700] {dag.py:3504} INFO - Setting next_dagrun for tutorial_dag to None, run_after=None
[2024-10-28T17:36:42.939-0700] {processor.py:179} INFO - Processing /Users/saiprasadreddykolan/airflow_venv/lib/python3.10/site-packages/airflow/example_dags/tutorial_dag.py took 0.252 seconds
[2024-10-28T17:37:29.503-0700] {processor.py:157} INFO - Started process (PID=71503) to work on /Users/saiprasadreddykolan/airflow_venv/lib/python3.10/site-packages/airflow/example_dags/tutorial_dag.py
[2024-10-28T17:37:29.505-0700] {processor.py:826} INFO - Processing file /Users/saiprasadreddykolan/airflow_venv/lib/python3.10/site-packages/airflow/example_dags/tutorial_dag.py for tasks to queue
[2024-10-28T17:37:29.505-0700] {logging_mixin.py:150} INFO - [2024-10-28T17:37:29.505-0700] {dagbag.py:541} INFO - Filling up the DagBag from /Users/saiprasadreddykolan/airflow_venv/lib/python3.10/site-packages/airflow/example_dags/tutorial_dag.py
[2024-10-28T17:37:29.516-0700] {processor.py:836} INFO - DAG(s) dict_keys(['tutorial_dag']) retrieved from /Users/saiprasadreddykolan/airflow_venv/lib/python3.10/site-packages/airflow/example_dags/tutorial_dag.py
[2024-10-28T17:37:29.735-0700] {logging_mixin.py:150} INFO - [2024-10-28T17:37:29.734-0700] {dag.py:2742} INFO - Sync 1 DAGs
[2024-10-28T17:37:29.740-0700] {logging_mixin.py:150} INFO - [2024-10-28T17:37:29.740-0700] {dag.py:3504} INFO - Setting next_dagrun for tutorial_dag to None, run_after=None
[2024-10-28T17:37:29.746-0700] {processor.py:179} INFO - Processing /Users/saiprasadreddykolan/airflow_venv/lib/python3.10/site-packages/airflow/example_dags/tutorial_dag.py took 0.244 seconds
