[2024-10-30T13:41:55.749-0700] {processor.py:186} INFO - Started process (PID=6072) to work on /opt/anaconda3/lib/python3.12/site-packages/airflow/example_dags/example_nested_branch_dag.py
[2024-10-30T13:41:55.749-0700] {processor.py:914} INFO - Processing file /opt/anaconda3/lib/python3.12/site-packages/airflow/example_dags/example_nested_branch_dag.py for tasks to queue
[2024-10-30T13:41:55.750-0700] {logging_mixin.py:190} INFO - [2024-10-30T13:41:55.750-0700] {dagbag.py:588} INFO - Filling up the DagBag from /opt/anaconda3/lib/python3.12/site-packages/airflow/example_dags/example_nested_branch_dag.py
[2024-10-30T13:41:55.766-0700] {processor.py:925} INFO - DAG(s) 'example_nested_branch_dag' retrieved from /opt/anaconda3/lib/python3.12/site-packages/airflow/example_dags/example_nested_branch_dag.py
[2024-10-30T13:41:55.828-0700] {logging_mixin.py:190} INFO - [2024-10-30T13:41:55.828-0700] {dag.py:3239} INFO - Sync 1 DAGs
[2024-10-30T13:41:55.834-0700] {logging_mixin.py:190} INFO - [2024-10-30T13:41:55.834-0700] {dag.py:4180} INFO - Setting next_dagrun for example_nested_branch_dag to 2024-10-29 00:00:00+00:00, run_after=2024-10-30 00:00:00+00:00
[2024-10-30T13:41:55.840-0700] {processor.py:208} INFO - Processing /opt/anaconda3/lib/python3.12/site-packages/airflow/example_dags/example_nested_branch_dag.py took 0.093 seconds
[2024-10-30T13:43:41.210-0700] {processor.py:186} INFO - Started process (PID=6218) to work on /opt/anaconda3/lib/python3.12/site-packages/airflow/example_dags/example_nested_branch_dag.py
[2024-10-30T13:43:41.212-0700] {processor.py:914} INFO - Processing file /opt/anaconda3/lib/python3.12/site-packages/airflow/example_dags/example_nested_branch_dag.py for tasks to queue
[2024-10-30T13:43:41.213-0700] {logging_mixin.py:190} INFO - [2024-10-30T13:43:41.213-0700] {dagbag.py:588} INFO - Filling up the DagBag from /opt/anaconda3/lib/python3.12/site-packages/airflow/example_dags/example_nested_branch_dag.py
[2024-10-30T13:43:41.227-0700] {processor.py:925} INFO - DAG(s) 'example_nested_branch_dag' retrieved from /opt/anaconda3/lib/python3.12/site-packages/airflow/example_dags/example_nested_branch_dag.py
[2024-10-30T13:43:41.256-0700] {logging_mixin.py:190} INFO - [2024-10-30T13:43:41.256-0700] {dag.py:3239} INFO - Sync 1 DAGs
[2024-10-30T13:43:41.262-0700] {logging_mixin.py:190} INFO - [2024-10-30T13:43:41.261-0700] {dag.py:4180} INFO - Setting next_dagrun for example_nested_branch_dag to 2024-10-29 00:00:00+00:00, run_after=2024-10-30 00:00:00+00:00
[2024-10-30T13:43:41.267-0700] {processor.py:208} INFO - Processing /opt/anaconda3/lib/python3.12/site-packages/airflow/example_dags/example_nested_branch_dag.py took 0.059 seconds
[2024-10-30T13:46:09.318-0700] {processor.py:186} INFO - Started process (PID=6449) to work on /opt/anaconda3/lib/python3.12/site-packages/airflow/example_dags/example_nested_branch_dag.py
[2024-10-30T13:46:09.319-0700] {processor.py:914} INFO - Processing file /opt/anaconda3/lib/python3.12/site-packages/airflow/example_dags/example_nested_branch_dag.py for tasks to queue
[2024-10-30T13:46:09.319-0700] {logging_mixin.py:190} INFO - [2024-10-30T13:46:09.319-0700] {dagbag.py:588} INFO - Filling up the DagBag from /opt/anaconda3/lib/python3.12/site-packages/airflow/example_dags/example_nested_branch_dag.py
[2024-10-30T13:46:09.333-0700] {processor.py:925} INFO - DAG(s) 'example_nested_branch_dag' retrieved from /opt/anaconda3/lib/python3.12/site-packages/airflow/example_dags/example_nested_branch_dag.py
[2024-10-30T13:46:09.363-0700] {logging_mixin.py:190} INFO - [2024-10-30T13:46:09.362-0700] {dag.py:3239} INFO - Sync 1 DAGs
[2024-10-30T13:46:09.368-0700] {logging_mixin.py:190} INFO - [2024-10-30T13:46:09.368-0700] {dag.py:4180} INFO - Setting next_dagrun for example_nested_branch_dag to 2024-10-29 00:00:00+00:00, run_after=2024-10-30 00:00:00+00:00
[2024-10-30T13:46:09.374-0700] {processor.py:208} INFO - Processing /opt/anaconda3/lib/python3.12/site-packages/airflow/example_dags/example_nested_branch_dag.py took 0.057 seconds
[2024-10-30T15:05:35.532-0700] {processor.py:186} INFO - Started process (PID=6707) to work on /opt/anaconda3/lib/python3.12/site-packages/airflow/example_dags/example_nested_branch_dag.py
[2024-10-30T15:05:35.533-0700] {processor.py:914} INFO - Processing file /opt/anaconda3/lib/python3.12/site-packages/airflow/example_dags/example_nested_branch_dag.py for tasks to queue
[2024-10-30T15:05:35.533-0700] {logging_mixin.py:190} INFO - [2024-10-30T15:05:35.533-0700] {dagbag.py:588} INFO - Filling up the DagBag from /opt/anaconda3/lib/python3.12/site-packages/airflow/example_dags/example_nested_branch_dag.py
[2024-10-30T15:05:35.547-0700] {processor.py:925} INFO - DAG(s) 'example_nested_branch_dag' retrieved from /opt/anaconda3/lib/python3.12/site-packages/airflow/example_dags/example_nested_branch_dag.py
[2024-10-30T15:05:35.575-0700] {logging_mixin.py:190} INFO - [2024-10-30T15:05:35.575-0700] {dag.py:3239} INFO - Sync 1 DAGs
[2024-10-30T15:05:35.580-0700] {logging_mixin.py:190} INFO - [2024-10-30T15:05:35.580-0700] {dag.py:4180} INFO - Setting next_dagrun for example_nested_branch_dag to 2024-10-29 00:00:00+00:00, run_after=2024-10-30 00:00:00+00:00
[2024-10-30T15:05:35.590-0700] {processor.py:208} INFO - Processing /opt/anaconda3/lib/python3.12/site-packages/airflow/example_dags/example_nested_branch_dag.py took 0.059 seconds
