[2024-10-30T13:42:32.428-0700] {processor.py:186} INFO - Started process (PID=6128) to work on /opt/anaconda3/lib/python3.12/site-packages/airflow/example_dags/example_branch_day_of_week_operator.py
[2024-10-30T13:42:32.428-0700] {processor.py:914} INFO - Processing file /opt/anaconda3/lib/python3.12/site-packages/airflow/example_dags/example_branch_day_of_week_operator.py for tasks to queue
[2024-10-30T13:42:32.428-0700] {logging_mixin.py:190} INFO - [2024-10-30T13:42:32.428-0700] {dagbag.py:588} INFO - Filling up the DagBag from /opt/anaconda3/lib/python3.12/site-packages/airflow/example_dags/example_branch_day_of_week_operator.py
[2024-10-30T13:42:32.433-0700] {processor.py:925} INFO - DAG(s) 'example_weekday_branch_operator' retrieved from /opt/anaconda3/lib/python3.12/site-packages/airflow/example_dags/example_branch_day_of_week_operator.py
[2024-10-30T13:42:32.493-0700] {logging_mixin.py:190} INFO - [2024-10-30T13:42:32.493-0700] {dag.py:3239} INFO - Sync 1 DAGs
[2024-10-30T13:42:32.498-0700] {logging_mixin.py:190} INFO - [2024-10-30T13:42:32.498-0700] {dag.py:4180} INFO - Setting next_dagrun for example_weekday_branch_operator to 2024-10-29 00:00:00+00:00, run_after=2024-10-30 00:00:00+00:00
[2024-10-30T13:42:32.505-0700] {processor.py:208} INFO - Processing /opt/anaconda3/lib/python3.12/site-packages/airflow/example_dags/example_branch_day_of_week_operator.py took 0.078 seconds
[2024-10-30T13:45:00.353-0700] {processor.py:186} INFO - Started process (PID=6360) to work on /opt/anaconda3/lib/python3.12/site-packages/airflow/example_dags/example_branch_day_of_week_operator.py
[2024-10-30T13:45:00.354-0700] {processor.py:914} INFO - Processing file /opt/anaconda3/lib/python3.12/site-packages/airflow/example_dags/example_branch_day_of_week_operator.py for tasks to queue
[2024-10-30T13:45:00.355-0700] {logging_mixin.py:190} INFO - [2024-10-30T13:45:00.355-0700] {dagbag.py:588} INFO - Filling up the DagBag from /opt/anaconda3/lib/python3.12/site-packages/airflow/example_dags/example_branch_day_of_week_operator.py
[2024-10-30T13:45:00.359-0700] {processor.py:925} INFO - DAG(s) 'example_weekday_branch_operator' retrieved from /opt/anaconda3/lib/python3.12/site-packages/airflow/example_dags/example_branch_day_of_week_operator.py
[2024-10-30T13:45:00.389-0700] {logging_mixin.py:190} INFO - [2024-10-30T13:45:00.389-0700] {dag.py:3239} INFO - Sync 1 DAGs
[2024-10-30T13:45:00.395-0700] {logging_mixin.py:190} INFO - [2024-10-30T13:45:00.395-0700] {dag.py:4180} INFO - Setting next_dagrun for example_weekday_branch_operator to 2024-10-29 00:00:00+00:00, run_after=2024-10-30 00:00:00+00:00
[2024-10-30T13:45:00.401-0700] {processor.py:208} INFO - Processing /opt/anaconda3/lib/python3.12/site-packages/airflow/example_dags/example_branch_day_of_week_operator.py took 0.049 seconds
[2024-10-30T13:47:27.173-0700] {processor.py:186} INFO - Started process (PID=6567) to work on /opt/anaconda3/lib/python3.12/site-packages/airflow/example_dags/example_branch_day_of_week_operator.py
[2024-10-30T13:47:27.173-0700] {processor.py:914} INFO - Processing file /opt/anaconda3/lib/python3.12/site-packages/airflow/example_dags/example_branch_day_of_week_operator.py for tasks to queue
[2024-10-30T13:47:27.174-0700] {logging_mixin.py:190} INFO - [2024-10-30T13:47:27.174-0700] {dagbag.py:588} INFO - Filling up the DagBag from /opt/anaconda3/lib/python3.12/site-packages/airflow/example_dags/example_branch_day_of_week_operator.py
[2024-10-30T13:47:27.178-0700] {processor.py:925} INFO - DAG(s) 'example_weekday_branch_operator' retrieved from /opt/anaconda3/lib/python3.12/site-packages/airflow/example_dags/example_branch_day_of_week_operator.py
[2024-10-30T13:47:27.207-0700] {logging_mixin.py:190} INFO - [2024-10-30T13:47:27.207-0700] {dag.py:3239} INFO - Sync 1 DAGs
[2024-10-30T13:47:27.213-0700] {logging_mixin.py:190} INFO - [2024-10-30T13:47:27.213-0700] {dag.py:4180} INFO - Setting next_dagrun for example_weekday_branch_operator to 2024-10-29 00:00:00+00:00, run_after=2024-10-30 00:00:00+00:00
[2024-10-30T13:47:27.219-0700] {processor.py:208} INFO - Processing /opt/anaconda3/lib/python3.12/site-packages/airflow/example_dags/example_branch_day_of_week_operator.py took 0.048 seconds
[2024-10-30T16:36:52.253-0700] {processor.py:186} INFO - Started process (PID=6866) to work on /opt/anaconda3/lib/python3.12/site-packages/airflow/example_dags/example_branch_day_of_week_operator.py
[2024-10-30T16:36:52.253-0700] {processor.py:914} INFO - Processing file /opt/anaconda3/lib/python3.12/site-packages/airflow/example_dags/example_branch_day_of_week_operator.py for tasks to queue
[2024-10-30T16:36:52.254-0700] {logging_mixin.py:190} INFO - [2024-10-30T16:36:52.253-0700] {dagbag.py:588} INFO - Filling up the DagBag from /opt/anaconda3/lib/python3.12/site-packages/airflow/example_dags/example_branch_day_of_week_operator.py
[2024-10-30T16:36:52.261-0700] {processor.py:925} INFO - DAG(s) 'example_weekday_branch_operator' retrieved from /opt/anaconda3/lib/python3.12/site-packages/airflow/example_dags/example_branch_day_of_week_operator.py
[2024-10-30T16:36:52.294-0700] {logging_mixin.py:190} INFO - [2024-10-30T16:36:52.294-0700] {dag.py:3239} INFO - Sync 1 DAGs
[2024-10-30T16:36:52.300-0700] {logging_mixin.py:190} INFO - [2024-10-30T16:36:52.300-0700] {dag.py:4180} INFO - Setting next_dagrun for example_weekday_branch_operator to 2024-10-29 00:00:00+00:00, run_after=2024-10-30 00:00:00+00:00
[2024-10-30T16:36:52.307-0700] {processor.py:208} INFO - Processing /opt/anaconda3/lib/python3.12/site-packages/airflow/example_dags/example_branch_day_of_week_operator.py took 0.056 seconds
