[2024-10-30T13:41:30.659-0700] {processor.py:186} INFO - Started process (PID=6004) to work on /opt/anaconda3/lib/python3.12/site-packages/airflow/example_dags/example_skip_dag.py
[2024-10-30T13:41:30.659-0700] {processor.py:914} INFO - Processing file /opt/anaconda3/lib/python3.12/site-packages/airflow/example_dags/example_skip_dag.py for tasks to queue
[2024-10-30T13:41:30.660-0700] {logging_mixin.py:190} INFO - [2024-10-30T13:41:30.660-0700] {dagbag.py:588} INFO - Filling up the DagBag from /opt/anaconda3/lib/python3.12/site-packages/airflow/example_dags/example_skip_dag.py
[2024-10-30T13:41:30.663-0700] {processor.py:925} INFO - DAG(s) 'example_skip_dag' retrieved from /opt/anaconda3/lib/python3.12/site-packages/airflow/example_dags/example_skip_dag.py
[2024-10-30T13:41:30.741-0700] {logging_mixin.py:190} INFO - [2024-10-30T13:41:30.740-0700] {dag.py:3239} INFO - Sync 1 DAGs
[2024-10-30T13:41:30.747-0700] {logging_mixin.py:190} INFO - [2024-10-30T13:41:30.747-0700] {dag.py:4180} INFO - Setting next_dagrun for example_skip_dag to 2024-10-29 00:00:00+00:00, run_after=2024-10-30 00:00:00+00:00
[2024-10-30T13:41:30.754-0700] {processor.py:208} INFO - Processing /opt/anaconda3/lib/python3.12/site-packages/airflow/example_dags/example_skip_dag.py took 0.096 seconds
[2024-10-30T13:43:16.415-0700] {processor.py:186} INFO - Started process (PID=6191) to work on /opt/anaconda3/lib/python3.12/site-packages/airflow/example_dags/example_skip_dag.py
[2024-10-30T13:43:16.417-0700] {processor.py:914} INFO - Processing file /opt/anaconda3/lib/python3.12/site-packages/airflow/example_dags/example_skip_dag.py for tasks to queue
[2024-10-30T13:43:16.417-0700] {logging_mixin.py:190} INFO - [2024-10-30T13:43:16.417-0700] {dagbag.py:588} INFO - Filling up the DagBag from /opt/anaconda3/lib/python3.12/site-packages/airflow/example_dags/example_skip_dag.py
[2024-10-30T13:43:16.420-0700] {processor.py:925} INFO - DAG(s) 'example_skip_dag' retrieved from /opt/anaconda3/lib/python3.12/site-packages/airflow/example_dags/example_skip_dag.py
[2024-10-30T13:43:16.450-0700] {logging_mixin.py:190} INFO - [2024-10-30T13:43:16.450-0700] {dag.py:3239} INFO - Sync 1 DAGs
[2024-10-30T13:43:16.457-0700] {logging_mixin.py:190} INFO - [2024-10-30T13:43:16.457-0700] {dag.py:4180} INFO - Setting next_dagrun for example_skip_dag to 2024-10-29 00:00:00+00:00, run_after=2024-10-30 00:00:00+00:00
[2024-10-30T13:43:16.463-0700] {processor.py:208} INFO - Processing /opt/anaconda3/lib/python3.12/site-packages/airflow/example_dags/example_skip_dag.py took 0.048 seconds
[2024-10-30T13:44:31.082-0700] {processor.py:186} INFO - Started process (PID=6301) to work on /opt/anaconda3/lib/python3.12/site-packages/airflow/example_dags/example_skip_dag.py
[2024-10-30T13:44:31.083-0700] {processor.py:914} INFO - Processing file /opt/anaconda3/lib/python3.12/site-packages/airflow/example_dags/example_skip_dag.py for tasks to queue
[2024-10-30T13:44:31.083-0700] {logging_mixin.py:190} INFO - [2024-10-30T13:44:31.083-0700] {dagbag.py:588} INFO - Filling up the DagBag from /opt/anaconda3/lib/python3.12/site-packages/airflow/example_dags/example_skip_dag.py
[2024-10-30T13:44:31.086-0700] {processor.py:925} INFO - DAG(s) 'example_skip_dag' retrieved from /opt/anaconda3/lib/python3.12/site-packages/airflow/example_dags/example_skip_dag.py
[2024-10-30T13:44:31.116-0700] {logging_mixin.py:190} INFO - [2024-10-30T13:44:31.116-0700] {dag.py:3239} INFO - Sync 1 DAGs
[2024-10-30T13:44:31.122-0700] {logging_mixin.py:190} INFO - [2024-10-30T13:44:31.122-0700] {dag.py:4180} INFO - Setting next_dagrun for example_skip_dag to 2024-10-29 00:00:00+00:00, run_after=2024-10-30 00:00:00+00:00
[2024-10-30T13:44:31.128-0700] {processor.py:208} INFO - Processing /opt/anaconda3/lib/python3.12/site-packages/airflow/example_dags/example_skip_dag.py took 0.047 seconds
[2024-10-30T13:45:47.454-0700] {processor.py:186} INFO - Started process (PID=6418) to work on /opt/anaconda3/lib/python3.12/site-packages/airflow/example_dags/example_skip_dag.py
[2024-10-30T13:45:47.455-0700] {processor.py:914} INFO - Processing file /opt/anaconda3/lib/python3.12/site-packages/airflow/example_dags/example_skip_dag.py for tasks to queue
[2024-10-30T13:45:47.455-0700] {logging_mixin.py:190} INFO - [2024-10-30T13:45:47.455-0700] {dagbag.py:588} INFO - Filling up the DagBag from /opt/anaconda3/lib/python3.12/site-packages/airflow/example_dags/example_skip_dag.py
[2024-10-30T13:45:47.458-0700] {processor.py:925} INFO - DAG(s) 'example_skip_dag' retrieved from /opt/anaconda3/lib/python3.12/site-packages/airflow/example_dags/example_skip_dag.py
[2024-10-30T13:45:47.488-0700] {logging_mixin.py:190} INFO - [2024-10-30T13:45:47.488-0700] {dag.py:3239} INFO - Sync 1 DAGs
[2024-10-30T13:45:47.494-0700] {logging_mixin.py:190} INFO - [2024-10-30T13:45:47.494-0700] {dag.py:4180} INFO - Setting next_dagrun for example_skip_dag to 2024-10-29 00:00:00+00:00, run_after=2024-10-30 00:00:00+00:00
[2024-10-30T13:45:47.499-0700] {processor.py:208} INFO - Processing /opt/anaconda3/lib/python3.12/site-packages/airflow/example_dags/example_skip_dag.py took 0.046 seconds
[2024-10-30T13:46:56.813-0700] {processor.py:186} INFO - Started process (PID=6509) to work on /opt/anaconda3/lib/python3.12/site-packages/airflow/example_dags/example_skip_dag.py
[2024-10-30T13:46:56.813-0700] {processor.py:914} INFO - Processing file /opt/anaconda3/lib/python3.12/site-packages/airflow/example_dags/example_skip_dag.py for tasks to queue
[2024-10-30T13:46:56.814-0700] {logging_mixin.py:190} INFO - [2024-10-30T13:46:56.814-0700] {dagbag.py:588} INFO - Filling up the DagBag from /opt/anaconda3/lib/python3.12/site-packages/airflow/example_dags/example_skip_dag.py
[2024-10-30T13:46:56.816-0700] {processor.py:925} INFO - DAG(s) 'example_skip_dag' retrieved from /opt/anaconda3/lib/python3.12/site-packages/airflow/example_dags/example_skip_dag.py
[2024-10-30T13:46:56.846-0700] {logging_mixin.py:190} INFO - [2024-10-30T13:46:56.846-0700] {dag.py:3239} INFO - Sync 1 DAGs
[2024-10-30T13:46:56.852-0700] {logging_mixin.py:190} INFO - [2024-10-30T13:46:56.852-0700] {dag.py:4180} INFO - Setting next_dagrun for example_skip_dag to 2024-10-29 00:00:00+00:00, run_after=2024-10-30 00:00:00+00:00
[2024-10-30T13:46:56.857-0700] {processor.py:208} INFO - Processing /opt/anaconda3/lib/python3.12/site-packages/airflow/example_dags/example_skip_dag.py took 0.045 seconds
[2024-10-30T14:49:53.764-0700] {processor.py:186} INFO - Started process (PID=6675) to work on /opt/anaconda3/lib/python3.12/site-packages/airflow/example_dags/example_skip_dag.py
[2024-10-30T14:49:53.765-0700] {processor.py:914} INFO - Processing file /opt/anaconda3/lib/python3.12/site-packages/airflow/example_dags/example_skip_dag.py for tasks to queue
[2024-10-30T14:49:53.766-0700] {logging_mixin.py:190} INFO - [2024-10-30T14:49:53.765-0700] {dagbag.py:588} INFO - Filling up the DagBag from /opt/anaconda3/lib/python3.12/site-packages/airflow/example_dags/example_skip_dag.py
[2024-10-30T14:49:53.768-0700] {processor.py:925} INFO - DAG(s) 'example_skip_dag' retrieved from /opt/anaconda3/lib/python3.12/site-packages/airflow/example_dags/example_skip_dag.py
[2024-10-30T14:49:53.798-0700] {logging_mixin.py:190} INFO - [2024-10-30T14:49:53.798-0700] {dag.py:3239} INFO - Sync 1 DAGs
[2024-10-30T14:49:53.806-0700] {logging_mixin.py:190} INFO - [2024-10-30T14:49:53.805-0700] {dag.py:4180} INFO - Setting next_dagrun for example_skip_dag to 2024-10-29 00:00:00+00:00, run_after=2024-10-30 00:00:00+00:00
[2024-10-30T14:49:53.811-0700] {processor.py:208} INFO - Processing /opt/anaconda3/lib/python3.12/site-packages/airflow/example_dags/example_skip_dag.py took 0.048 seconds
[2024-10-30T15:48:28.363-0700] {processor.py:186} INFO - Started process (PID=6785) to work on /opt/anaconda3/lib/python3.12/site-packages/airflow/example_dags/example_skip_dag.py
[2024-10-30T15:48:28.364-0700] {processor.py:914} INFO - Processing file /opt/anaconda3/lib/python3.12/site-packages/airflow/example_dags/example_skip_dag.py for tasks to queue
[2024-10-30T15:48:28.364-0700] {logging_mixin.py:190} INFO - [2024-10-30T15:48:28.364-0700] {dagbag.py:588} INFO - Filling up the DagBag from /opt/anaconda3/lib/python3.12/site-packages/airflow/example_dags/example_skip_dag.py
[2024-10-30T15:48:28.367-0700] {processor.py:925} INFO - DAG(s) 'example_skip_dag' retrieved from /opt/anaconda3/lib/python3.12/site-packages/airflow/example_dags/example_skip_dag.py
[2024-10-30T15:48:28.401-0700] {logging_mixin.py:190} INFO - [2024-10-30T15:48:28.401-0700] {dag.py:3239} INFO - Sync 1 DAGs
[2024-10-30T15:48:28.409-0700] {logging_mixin.py:190} INFO - [2024-10-30T15:48:28.409-0700] {dag.py:4180} INFO - Setting next_dagrun for example_skip_dag to 2024-10-29 00:00:00+00:00, run_after=2024-10-30 00:00:00+00:00
[2024-10-30T15:48:28.417-0700] {processor.py:208} INFO - Processing /opt/anaconda3/lib/python3.12/site-packages/airflow/example_dags/example_skip_dag.py took 0.054 seconds
