[2024-10-30T13:41:38.011-0700] {processor.py:186} INFO - Started process (PID=6019) to work on /opt/anaconda3/lib/python3.12/site-packages/airflow/example_dags/example_setup_teardown.py
[2024-10-30T13:41:38.012-0700] {processor.py:914} INFO - Processing file /opt/anaconda3/lib/python3.12/site-packages/airflow/example_dags/example_setup_teardown.py for tasks to queue
[2024-10-30T13:41:38.012-0700] {logging_mixin.py:190} INFO - [2024-10-30T13:41:38.012-0700] {dagbag.py:588} INFO - Filling up the DagBag from /opt/anaconda3/lib/python3.12/site-packages/airflow/example_dags/example_setup_teardown.py
[2024-10-30T13:41:38.016-0700] {processor.py:925} INFO - DAG(s) 'example_setup_teardown' retrieved from /opt/anaconda3/lib/python3.12/site-packages/airflow/example_dags/example_setup_teardown.py
[2024-10-30T13:41:38.075-0700] {logging_mixin.py:190} INFO - [2024-10-30T13:41:38.074-0700] {dag.py:3239} INFO - Sync 1 DAGs
[2024-10-30T13:41:38.078-0700] {logging_mixin.py:190} INFO - [2024-10-30T13:41:38.077-0700] {dag.py:4180} INFO - Setting next_dagrun for example_setup_teardown to None, run_after=None
[2024-10-30T13:41:38.085-0700] {processor.py:208} INFO - Processing /opt/anaconda3/lib/python3.12/site-packages/airflow/example_dags/example_setup_teardown.py took 0.074 seconds
[2024-10-30T13:43:23.337-0700] {processor.py:186} INFO - Started process (PID=6200) to work on /opt/anaconda3/lib/python3.12/site-packages/airflow/example_dags/example_setup_teardown.py
[2024-10-30T13:43:23.338-0700] {processor.py:914} INFO - Processing file /opt/anaconda3/lib/python3.12/site-packages/airflow/example_dags/example_setup_teardown.py for tasks to queue
[2024-10-30T13:43:23.338-0700] {logging_mixin.py:190} INFO - [2024-10-30T13:43:23.338-0700] {dagbag.py:588} INFO - Filling up the DagBag from /opt/anaconda3/lib/python3.12/site-packages/airflow/example_dags/example_setup_teardown.py
[2024-10-30T13:43:23.341-0700] {processor.py:925} INFO - DAG(s) 'example_setup_teardown' retrieved from /opt/anaconda3/lib/python3.12/site-packages/airflow/example_dags/example_setup_teardown.py
[2024-10-30T13:43:23.371-0700] {logging_mixin.py:190} INFO - [2024-10-30T13:43:23.371-0700] {dag.py:3239} INFO - Sync 1 DAGs
[2024-10-30T13:43:23.375-0700] {logging_mixin.py:190} INFO - [2024-10-30T13:43:23.375-0700] {dag.py:4180} INFO - Setting next_dagrun for example_setup_teardown to None, run_after=None
[2024-10-30T13:43:23.381-0700] {processor.py:208} INFO - Processing /opt/anaconda3/lib/python3.12/site-packages/airflow/example_dags/example_setup_teardown.py took 0.045 seconds
[2024-10-30T13:44:38.262-0700] {processor.py:186} INFO - Started process (PID=6309) to work on /opt/anaconda3/lib/python3.12/site-packages/airflow/example_dags/example_setup_teardown.py
[2024-10-30T13:44:38.263-0700] {processor.py:914} INFO - Processing file /opt/anaconda3/lib/python3.12/site-packages/airflow/example_dags/example_setup_teardown.py for tasks to queue
[2024-10-30T13:44:38.263-0700] {logging_mixin.py:190} INFO - [2024-10-30T13:44:38.263-0700] {dagbag.py:588} INFO - Filling up the DagBag from /opt/anaconda3/lib/python3.12/site-packages/airflow/example_dags/example_setup_teardown.py
[2024-10-30T13:44:38.266-0700] {processor.py:925} INFO - DAG(s) 'example_setup_teardown' retrieved from /opt/anaconda3/lib/python3.12/site-packages/airflow/example_dags/example_setup_teardown.py
[2024-10-30T13:44:38.296-0700] {logging_mixin.py:190} INFO - [2024-10-30T13:44:38.296-0700] {dag.py:3239} INFO - Sync 1 DAGs
[2024-10-30T13:44:38.300-0700] {logging_mixin.py:190} INFO - [2024-10-30T13:44:38.300-0700] {dag.py:4180} INFO - Setting next_dagrun for example_setup_teardown to None, run_after=None
[2024-10-30T13:44:38.305-0700] {processor.py:208} INFO - Processing /opt/anaconda3/lib/python3.12/site-packages/airflow/example_dags/example_setup_teardown.py took 0.045 seconds
[2024-10-30T13:46:59.638-0700] {processor.py:186} INFO - Started process (PID=6514) to work on /opt/anaconda3/lib/python3.12/site-packages/airflow/example_dags/example_setup_teardown.py
[2024-10-30T13:46:59.638-0700] {processor.py:914} INFO - Processing file /opt/anaconda3/lib/python3.12/site-packages/airflow/example_dags/example_setup_teardown.py for tasks to queue
[2024-10-30T13:46:59.639-0700] {logging_mixin.py:190} INFO - [2024-10-30T13:46:59.638-0700] {dagbag.py:588} INFO - Filling up the DagBag from /opt/anaconda3/lib/python3.12/site-packages/airflow/example_dags/example_setup_teardown.py
[2024-10-30T13:46:59.641-0700] {processor.py:925} INFO - DAG(s) 'example_setup_teardown' retrieved from /opt/anaconda3/lib/python3.12/site-packages/airflow/example_dags/example_setup_teardown.py
[2024-10-30T13:46:59.671-0700] {logging_mixin.py:190} INFO - [2024-10-30T13:46:59.671-0700] {dag.py:3239} INFO - Sync 1 DAGs
[2024-10-30T13:46:59.675-0700] {logging_mixin.py:190} INFO - [2024-10-30T13:46:59.675-0700] {dag.py:4180} INFO - Setting next_dagrun for example_setup_teardown to None, run_after=None
[2024-10-30T13:46:59.680-0700] {processor.py:208} INFO - Processing /opt/anaconda3/lib/python3.12/site-packages/airflow/example_dags/example_setup_teardown.py took 0.044 seconds
[2024-10-30T14:49:59.699-0700] {processor.py:186} INFO - Started process (PID=6686) to work on /opt/anaconda3/lib/python3.12/site-packages/airflow/example_dags/example_setup_teardown.py
[2024-10-30T14:49:59.701-0700] {processor.py:914} INFO - Processing file /opt/anaconda3/lib/python3.12/site-packages/airflow/example_dags/example_setup_teardown.py for tasks to queue
[2024-10-30T14:49:59.701-0700] {logging_mixin.py:190} INFO - [2024-10-30T14:49:59.701-0700] {dagbag.py:588} INFO - Filling up the DagBag from /opt/anaconda3/lib/python3.12/site-packages/airflow/example_dags/example_setup_teardown.py
[2024-10-30T14:49:59.705-0700] {processor.py:925} INFO - DAG(s) 'example_setup_teardown' retrieved from /opt/anaconda3/lib/python3.12/site-packages/airflow/example_dags/example_setup_teardown.py
[2024-10-30T14:49:59.736-0700] {logging_mixin.py:190} INFO - [2024-10-30T14:49:59.736-0700] {dag.py:3239} INFO - Sync 1 DAGs
[2024-10-30T14:49:59.740-0700] {logging_mixin.py:190} INFO - [2024-10-30T14:49:59.740-0700] {dag.py:4180} INFO - Setting next_dagrun for example_setup_teardown to None, run_after=None
[2024-10-30T14:49:59.746-0700] {processor.py:208} INFO - Processing /opt/anaconda3/lib/python3.12/site-packages/airflow/example_dags/example_setup_teardown.py took 0.049 seconds
[2024-10-30T15:48:35.413-0700] {processor.py:186} INFO - Started process (PID=6811) to work on /opt/anaconda3/lib/python3.12/site-packages/airflow/example_dags/example_setup_teardown.py
[2024-10-30T15:48:35.415-0700] {processor.py:914} INFO - Processing file /opt/anaconda3/lib/python3.12/site-packages/airflow/example_dags/example_setup_teardown.py for tasks to queue
[2024-10-30T15:48:35.415-0700] {logging_mixin.py:190} INFO - [2024-10-30T15:48:35.415-0700] {dagbag.py:588} INFO - Filling up the DagBag from /opt/anaconda3/lib/python3.12/site-packages/airflow/example_dags/example_setup_teardown.py
[2024-10-30T15:48:35.419-0700] {processor.py:925} INFO - DAG(s) 'example_setup_teardown' retrieved from /opt/anaconda3/lib/python3.12/site-packages/airflow/example_dags/example_setup_teardown.py
[2024-10-30T15:48:35.448-0700] {logging_mixin.py:190} INFO - [2024-10-30T15:48:35.448-0700] {dag.py:3239} INFO - Sync 1 DAGs
[2024-10-30T15:48:35.451-0700] {logging_mixin.py:190} INFO - [2024-10-30T15:48:35.451-0700] {dag.py:4180} INFO - Setting next_dagrun for example_setup_teardown to None, run_after=None
[2024-10-30T15:48:35.457-0700] {processor.py:208} INFO - Processing /opt/anaconda3/lib/python3.12/site-packages/airflow/example_dags/example_setup_teardown.py took 0.044 seconds
