[2024-10-30T13:41:53.748-0700] {processor.py:186} INFO - Started process (PID=6068) to work on /opt/anaconda3/lib/python3.12/site-packages/airflow/example_dags/example_outlet_event_extra.py
[2024-10-30T13:41:53.749-0700] {processor.py:914} INFO - Processing file /opt/anaconda3/lib/python3.12/site-packages/airflow/example_dags/example_outlet_event_extra.py for tasks to queue
[2024-10-30T13:41:53.749-0700] {logging_mixin.py:190} INFO - [2024-10-30T13:41:53.749-0700] {dagbag.py:588} INFO - Filling up the DagBag from /opt/anaconda3/lib/python3.12/site-packages/airflow/example_dags/example_outlet_event_extra.py
[2024-10-30T13:41:53.801-0700] {processor.py:925} INFO - DAG(s) 'dataset_with_extra_from_classic_operator', 'dataset_with_extra_by_context', 'dataset_with_extra_by_yield' retrieved from /opt/anaconda3/lib/python3.12/site-packages/airflow/example_dags/example_outlet_event_extra.py
[2024-10-30T13:41:53.867-0700] {logging_mixin.py:190} INFO - [2024-10-30T13:41:53.867-0700] {dag.py:3239} INFO - Sync 3 DAGs
[2024-10-30T13:41:53.873-0700] {logging_mixin.py:190} INFO - [2024-10-30T13:41:53.873-0700] {dag.py:4180} INFO - Setting next_dagrun for dataset_with_extra_by_context to 2024-10-29 00:00:00+00:00, run_after=2024-10-30 00:00:00+00:00
[2024-10-30T13:41:53.874-0700] {logging_mixin.py:190} INFO - [2024-10-30T13:41:53.874-0700] {dag.py:4180} INFO - Setting next_dagrun for dataset_with_extra_by_yield to 2024-10-29 00:00:00+00:00, run_after=2024-10-30 00:00:00+00:00
[2024-10-30T13:41:53.874-0700] {logging_mixin.py:190} INFO - [2024-10-30T13:41:53.874-0700] {dag.py:4180} INFO - Setting next_dagrun for dataset_with_extra_from_classic_operator to 2024-10-29 00:00:00+00:00, run_after=2024-10-30 00:00:00+00:00
[2024-10-30T13:41:53.881-0700] {processor.py:208} INFO - Processing /opt/anaconda3/lib/python3.12/site-packages/airflow/example_dags/example_outlet_event_extra.py took 0.134 seconds
[2024-10-30T13:43:39.244-0700] {processor.py:186} INFO - Started process (PID=6216) to work on /opt/anaconda3/lib/python3.12/site-packages/airflow/example_dags/example_outlet_event_extra.py
[2024-10-30T13:43:39.245-0700] {processor.py:914} INFO - Processing file /opt/anaconda3/lib/python3.12/site-packages/airflow/example_dags/example_outlet_event_extra.py for tasks to queue
[2024-10-30T13:43:39.246-0700] {logging_mixin.py:190} INFO - [2024-10-30T13:43:39.246-0700] {dagbag.py:588} INFO - Filling up the DagBag from /opt/anaconda3/lib/python3.12/site-packages/airflow/example_dags/example_outlet_event_extra.py
[2024-10-30T13:43:39.289-0700] {processor.py:925} INFO - DAG(s) 'dataset_with_extra_by_yield', 'dataset_with_extra_from_classic_operator', 'dataset_with_extra_by_context' retrieved from /opt/anaconda3/lib/python3.12/site-packages/airflow/example_dags/example_outlet_event_extra.py
[2024-10-30T13:43:39.320-0700] {logging_mixin.py:190} INFO - [2024-10-30T13:43:39.320-0700] {dag.py:3239} INFO - Sync 3 DAGs
[2024-10-30T13:43:39.326-0700] {logging_mixin.py:190} INFO - [2024-10-30T13:43:39.326-0700] {dag.py:4180} INFO - Setting next_dagrun for dataset_with_extra_by_context to 2024-10-29 00:00:00+00:00, run_after=2024-10-30 00:00:00+00:00
[2024-10-30T13:43:39.327-0700] {logging_mixin.py:190} INFO - [2024-10-30T13:43:39.327-0700] {dag.py:4180} INFO - Setting next_dagrun for dataset_with_extra_by_yield to 2024-10-29 00:00:00+00:00, run_after=2024-10-30 00:00:00+00:00
[2024-10-30T13:43:39.328-0700] {logging_mixin.py:190} INFO - [2024-10-30T13:43:39.328-0700] {dag.py:4180} INFO - Setting next_dagrun for dataset_with_extra_from_classic_operator to 2024-10-29 00:00:00+00:00, run_after=2024-10-30 00:00:00+00:00
[2024-10-30T13:43:39.334-0700] {processor.py:208} INFO - Processing /opt/anaconda3/lib/python3.12/site-packages/airflow/example_dags/example_outlet_event_extra.py took 0.090 seconds
[2024-10-30T13:46:07.350-0700] {processor.py:186} INFO - Started process (PID=6447) to work on /opt/anaconda3/lib/python3.12/site-packages/airflow/example_dags/example_outlet_event_extra.py
[2024-10-30T13:46:07.350-0700] {processor.py:914} INFO - Processing file /opt/anaconda3/lib/python3.12/site-packages/airflow/example_dags/example_outlet_event_extra.py for tasks to queue
[2024-10-30T13:46:07.351-0700] {logging_mixin.py:190} INFO - [2024-10-30T13:46:07.351-0700] {dagbag.py:588} INFO - Filling up the DagBag from /opt/anaconda3/lib/python3.12/site-packages/airflow/example_dags/example_outlet_event_extra.py
[2024-10-30T13:46:07.401-0700] {processor.py:925} INFO - DAG(s) 'dataset_with_extra_from_classic_operator', 'dataset_with_extra_by_yield', 'dataset_with_extra_by_context' retrieved from /opt/anaconda3/lib/python3.12/site-packages/airflow/example_dags/example_outlet_event_extra.py
[2024-10-30T13:46:07.432-0700] {logging_mixin.py:190} INFO - [2024-10-30T13:46:07.432-0700] {dag.py:3239} INFO - Sync 3 DAGs
[2024-10-30T13:46:07.439-0700] {logging_mixin.py:190} INFO - [2024-10-30T13:46:07.439-0700] {dag.py:4180} INFO - Setting next_dagrun for dataset_with_extra_by_context to 2024-10-29 00:00:00+00:00, run_after=2024-10-30 00:00:00+00:00
[2024-10-30T13:46:07.440-0700] {logging_mixin.py:190} INFO - [2024-10-30T13:46:07.440-0700] {dag.py:4180} INFO - Setting next_dagrun for dataset_with_extra_by_yield to 2024-10-29 00:00:00+00:00, run_after=2024-10-30 00:00:00+00:00
[2024-10-30T13:46:07.441-0700] {logging_mixin.py:190} INFO - [2024-10-30T13:46:07.441-0700] {dag.py:4180} INFO - Setting next_dagrun for dataset_with_extra_from_classic_operator to 2024-10-29 00:00:00+00:00, run_after=2024-10-30 00:00:00+00:00
[2024-10-30T13:46:07.447-0700] {processor.py:208} INFO - Processing /opt/anaconda3/lib/python3.12/site-packages/airflow/example_dags/example_outlet_event_extra.py took 0.099 seconds
[2024-10-30T14:50:13.749-0700] {processor.py:186} INFO - Started process (PID=6704) to work on /opt/anaconda3/lib/python3.12/site-packages/airflow/example_dags/example_outlet_event_extra.py
[2024-10-30T14:50:13.751-0700] {processor.py:914} INFO - Processing file /opt/anaconda3/lib/python3.12/site-packages/airflow/example_dags/example_outlet_event_extra.py for tasks to queue
[2024-10-30T14:50:13.751-0700] {logging_mixin.py:190} INFO - [2024-10-30T14:50:13.751-0700] {dagbag.py:588} INFO - Filling up the DagBag from /opt/anaconda3/lib/python3.12/site-packages/airflow/example_dags/example_outlet_event_extra.py
[2024-10-30T14:50:13.803-0700] {processor.py:925} INFO - DAG(s) 'dataset_with_extra_from_classic_operator', 'dataset_with_extra_by_context', 'dataset_with_extra_by_yield' retrieved from /opt/anaconda3/lib/python3.12/site-packages/airflow/example_dags/example_outlet_event_extra.py
[2024-10-30T14:50:13.833-0700] {logging_mixin.py:190} INFO - [2024-10-30T14:50:13.833-0700] {dag.py:3239} INFO - Sync 3 DAGs
[2024-10-30T14:50:13.843-0700] {logging_mixin.py:190} INFO - [2024-10-30T14:50:13.842-0700] {dag.py:4180} INFO - Setting next_dagrun for dataset_with_extra_by_context to 2024-10-29 00:00:00+00:00, run_after=2024-10-30 00:00:00+00:00
[2024-10-30T14:50:13.844-0700] {logging_mixin.py:190} INFO - [2024-10-30T14:50:13.844-0700] {dag.py:4180} INFO - Setting next_dagrun for dataset_with_extra_by_yield to 2024-10-29 00:00:00+00:00, run_after=2024-10-30 00:00:00+00:00
[2024-10-30T14:50:13.845-0700] {logging_mixin.py:190} INFO - [2024-10-30T14:50:13.844-0700] {dag.py:4180} INFO - Setting next_dagrun for dataset_with_extra_from_classic_operator to 2024-10-29 00:00:00+00:00, run_after=2024-10-30 00:00:00+00:00
[2024-10-30T14:50:13.851-0700] {processor.py:208} INFO - Processing /opt/anaconda3/lib/python3.12/site-packages/airflow/example_dags/example_outlet_event_extra.py took 0.103 seconds
[2024-10-30T16:04:54.989-0700] {processor.py:186} INFO - Started process (PID=6836) to work on /opt/anaconda3/lib/python3.12/site-packages/airflow/example_dags/example_outlet_event_extra.py
[2024-10-30T16:04:54.990-0700] {processor.py:914} INFO - Processing file /opt/anaconda3/lib/python3.12/site-packages/airflow/example_dags/example_outlet_event_extra.py for tasks to queue
[2024-10-30T16:04:54.990-0700] {logging_mixin.py:190} INFO - [2024-10-30T16:04:54.990-0700] {dagbag.py:588} INFO - Filling up the DagBag from /opt/anaconda3/lib/python3.12/site-packages/airflow/example_dags/example_outlet_event_extra.py
[2024-10-30T16:04:55.069-0700] {processor.py:925} INFO - DAG(s) 'dataset_with_extra_by_yield', 'dataset_with_extra_from_classic_operator', 'dataset_with_extra_by_context' retrieved from /opt/anaconda3/lib/python3.12/site-packages/airflow/example_dags/example_outlet_event_extra.py
[2024-10-30T16:04:55.102-0700] {logging_mixin.py:190} INFO - [2024-10-30T16:04:55.101-0700] {dag.py:3239} INFO - Sync 3 DAGs
[2024-10-30T16:04:55.109-0700] {logging_mixin.py:190} INFO - [2024-10-30T16:04:55.109-0700] {dag.py:4180} INFO - Setting next_dagrun for dataset_with_extra_by_context to 2024-10-29 00:00:00+00:00, run_after=2024-10-30 00:00:00+00:00
[2024-10-30T16:04:55.111-0700] {logging_mixin.py:190} INFO - [2024-10-30T16:04:55.111-0700] {dag.py:4180} INFO - Setting next_dagrun for dataset_with_extra_by_yield to 2024-10-29 00:00:00+00:00, run_after=2024-10-30 00:00:00+00:00
[2024-10-30T16:04:55.111-0700] {logging_mixin.py:190} INFO - [2024-10-30T16:04:55.111-0700] {dag.py:4180} INFO - Setting next_dagrun for dataset_with_extra_from_classic_operator to 2024-10-29 00:00:00+00:00, run_after=2024-10-30 00:00:00+00:00
[2024-10-30T16:04:55.118-0700] {processor.py:208} INFO - Processing /opt/anaconda3/lib/python3.12/site-packages/airflow/example_dags/example_outlet_event_extra.py took 0.130 seconds
