[2024-10-30T13:41:26.087-0700] {processor.py:186} INFO - Started process (PID=5997) to work on /opt/anaconda3/lib/python3.12/site-packages/airflow/example_dags/example_subdag_operator.py
[2024-10-30T13:41:26.088-0700] {processor.py:914} INFO - Processing file /opt/anaconda3/lib/python3.12/site-packages/airflow/example_dags/example_subdag_operator.py for tasks to queue
[2024-10-30T13:41:26.088-0700] {logging_mixin.py:190} INFO - [2024-10-30T13:41:26.088-0700] {dagbag.py:588} INFO - Filling up the DagBag from /opt/anaconda3/lib/python3.12/site-packages/airflow/example_dags/example_subdag_operator.py
[2024-10-30T13:41:26.119-0700] {processor.py:925} INFO - DAG(s) 'example_subdag_operator.section-1', 'example_subdag_operator.section-2', 'example_subdag_operator' retrieved from /opt/anaconda3/lib/python3.12/site-packages/airflow/example_dags/example_subdag_operator.py
[2024-10-30T13:41:26.236-0700] {logging_mixin.py:190} INFO - [2024-10-30T13:41:26.236-0700] {utils.py:160} INFO - NumExpr defaulting to 8 threads.
[2024-10-30T13:41:26.458-0700] {logging_mixin.py:190} INFO - [2024-10-30T13:41:26.458-0700] {dag.py:3239} INFO - Sync 3 DAGs
[2024-10-30T13:41:26.466-0700] {logging_mixin.py:190} INFO - [2024-10-30T13:41:26.466-0700] {dag.py:4180} INFO - Setting next_dagrun for example_subdag_operator to 2022-01-01 00:00:00+00:00, run_after=2022-01-01 00:00:00+00:00
[2024-10-30T13:41:26.467-0700] {logging_mixin.py:190} INFO - [2024-10-30T13:41:26.467-0700] {dag.py:4180} INFO - Setting next_dagrun for example_subdag_operator.section-1 to None, run_after=None
[2024-10-30T13:41:26.467-0700] {logging_mixin.py:190} INFO - [2024-10-30T13:41:26.467-0700] {dag.py:4180} INFO - Setting next_dagrun for example_subdag_operator.section-2 to None, run_after=None
[2024-10-30T13:41:26.470-0700] {logging_mixin.py:190} INFO - [2024-10-30T13:41:26.470-0700] {dag.py:3239} INFO - Sync 2 DAGs
[2024-10-30T13:41:26.471-0700] {logging_mixin.py:190} INFO - [2024-10-30T13:41:26.471-0700] {dag.py:4180} INFO - Setting next_dagrun for example_subdag_operator.section-1 to None, run_after=None
[2024-10-30T13:41:26.472-0700] {logging_mixin.py:190} INFO - [2024-10-30T13:41:26.471-0700] {dag.py:4180} INFO - Setting next_dagrun for example_subdag_operator.section-2 to None, run_after=None
[2024-10-30T13:41:26.475-0700] {processor.py:208} INFO - Processing /opt/anaconda3/lib/python3.12/site-packages/airflow/example_dags/example_subdag_operator.py took 0.389 seconds
[2024-10-30T13:43:12.103-0700] {processor.py:186} INFO - Started process (PID=6186) to work on /opt/anaconda3/lib/python3.12/site-packages/airflow/example_dags/example_subdag_operator.py
[2024-10-30T13:43:12.103-0700] {processor.py:914} INFO - Processing file /opt/anaconda3/lib/python3.12/site-packages/airflow/example_dags/example_subdag_operator.py for tasks to queue
[2024-10-30T13:43:12.103-0700] {logging_mixin.py:190} INFO - [2024-10-30T13:43:12.103-0700] {dagbag.py:588} INFO - Filling up the DagBag from /opt/anaconda3/lib/python3.12/site-packages/airflow/example_dags/example_subdag_operator.py
[2024-10-30T13:43:12.135-0700] {processor.py:925} INFO - DAG(s) 'example_subdag_operator.section-1', 'example_subdag_operator.section-2', 'example_subdag_operator' retrieved from /opt/anaconda3/lib/python3.12/site-packages/airflow/example_dags/example_subdag_operator.py
[2024-10-30T13:43:12.251-0700] {logging_mixin.py:190} INFO - [2024-10-30T13:43:12.250-0700] {utils.py:160} INFO - NumExpr defaulting to 8 threads.
[2024-10-30T13:43:12.430-0700] {logging_mixin.py:190} INFO - [2024-10-30T13:43:12.430-0700] {dag.py:3239} INFO - Sync 3 DAGs
[2024-10-30T13:43:12.438-0700] {logging_mixin.py:190} INFO - [2024-10-30T13:43:12.438-0700] {dag.py:4180} INFO - Setting next_dagrun for example_subdag_operator to 2022-01-01 00:00:00+00:00, run_after=2022-01-01 00:00:00+00:00
[2024-10-30T13:43:12.440-0700] {logging_mixin.py:190} INFO - [2024-10-30T13:43:12.440-0700] {dag.py:4180} INFO - Setting next_dagrun for example_subdag_operator.section-1 to None, run_after=None
[2024-10-30T13:43:12.440-0700] {logging_mixin.py:190} INFO - [2024-10-30T13:43:12.440-0700] {dag.py:4180} INFO - Setting next_dagrun for example_subdag_operator.section-2 to None, run_after=None
[2024-10-30T13:43:12.442-0700] {logging_mixin.py:190} INFO - [2024-10-30T13:43:12.442-0700] {dag.py:3239} INFO - Sync 2 DAGs
[2024-10-30T13:43:12.444-0700] {logging_mixin.py:190} INFO - [2024-10-30T13:43:12.444-0700] {dag.py:4180} INFO - Setting next_dagrun for example_subdag_operator.section-1 to None, run_after=None
[2024-10-30T13:43:12.444-0700] {logging_mixin.py:190} INFO - [2024-10-30T13:43:12.444-0700] {dag.py:4180} INFO - Setting next_dagrun for example_subdag_operator.section-2 to None, run_after=None
[2024-10-30T13:43:12.448-0700] {processor.py:208} INFO - Processing /opt/anaconda3/lib/python3.12/site-packages/airflow/example_dags/example_subdag_operator.py took 0.346 seconds
[2024-10-30T13:44:27.072-0700] {processor.py:186} INFO - Started process (PID=6296) to work on /opt/anaconda3/lib/python3.12/site-packages/airflow/example_dags/example_subdag_operator.py
[2024-10-30T13:44:27.073-0700] {processor.py:914} INFO - Processing file /opt/anaconda3/lib/python3.12/site-packages/airflow/example_dags/example_subdag_operator.py for tasks to queue
[2024-10-30T13:44:27.073-0700] {logging_mixin.py:190} INFO - [2024-10-30T13:44:27.073-0700] {dagbag.py:588} INFO - Filling up the DagBag from /opt/anaconda3/lib/python3.12/site-packages/airflow/example_dags/example_subdag_operator.py
[2024-10-30T13:44:27.104-0700] {processor.py:925} INFO - DAG(s) 'example_subdag_operator.section-1', 'example_subdag_operator.section-2', 'example_subdag_operator' retrieved from /opt/anaconda3/lib/python3.12/site-packages/airflow/example_dags/example_subdag_operator.py
[2024-10-30T13:44:27.206-0700] {logging_mixin.py:190} INFO - [2024-10-30T13:44:27.206-0700] {utils.py:160} INFO - NumExpr defaulting to 8 threads.
[2024-10-30T13:44:27.389-0700] {logging_mixin.py:190} INFO - [2024-10-30T13:44:27.389-0700] {dag.py:3239} INFO - Sync 3 DAGs
[2024-10-30T13:44:27.395-0700] {logging_mixin.py:190} INFO - [2024-10-30T13:44:27.395-0700] {dag.py:4180} INFO - Setting next_dagrun for example_subdag_operator to 2022-01-01 00:00:00+00:00, run_after=2022-01-01 00:00:00+00:00
[2024-10-30T13:44:27.396-0700] {logging_mixin.py:190} INFO - [2024-10-30T13:44:27.396-0700] {dag.py:4180} INFO - Setting next_dagrun for example_subdag_operator.section-1 to None, run_after=None
[2024-10-30T13:44:27.396-0700] {logging_mixin.py:190} INFO - [2024-10-30T13:44:27.396-0700] {dag.py:4180} INFO - Setting next_dagrun for example_subdag_operator.section-2 to None, run_after=None
[2024-10-30T13:44:27.398-0700] {logging_mixin.py:190} INFO - [2024-10-30T13:44:27.398-0700] {dag.py:3239} INFO - Sync 2 DAGs
[2024-10-30T13:44:27.399-0700] {logging_mixin.py:190} INFO - [2024-10-30T13:44:27.399-0700] {dag.py:4180} INFO - Setting next_dagrun for example_subdag_operator.section-1 to None, run_after=None
[2024-10-30T13:44:27.399-0700] {logging_mixin.py:190} INFO - [2024-10-30T13:44:27.399-0700] {dag.py:4180} INFO - Setting next_dagrun for example_subdag_operator.section-2 to None, run_after=None
[2024-10-30T13:44:27.403-0700] {processor.py:208} INFO - Processing /opt/anaconda3/lib/python3.12/site-packages/airflow/example_dags/example_subdag_operator.py took 0.332 seconds
[2024-10-30T13:45:43.539-0700] {processor.py:186} INFO - Started process (PID=6414) to work on /opt/anaconda3/lib/python3.12/site-packages/airflow/example_dags/example_subdag_operator.py
[2024-10-30T13:45:43.539-0700] {processor.py:914} INFO - Processing file /opt/anaconda3/lib/python3.12/site-packages/airflow/example_dags/example_subdag_operator.py for tasks to queue
[2024-10-30T13:45:43.540-0700] {logging_mixin.py:190} INFO - [2024-10-30T13:45:43.540-0700] {dagbag.py:588} INFO - Filling up the DagBag from /opt/anaconda3/lib/python3.12/site-packages/airflow/example_dags/example_subdag_operator.py
[2024-10-30T13:45:43.575-0700] {processor.py:925} INFO - DAG(s) 'example_subdag_operator.section-1', 'example_subdag_operator.section-2', 'example_subdag_operator' retrieved from /opt/anaconda3/lib/python3.12/site-packages/airflow/example_dags/example_subdag_operator.py
[2024-10-30T13:45:43.712-0700] {logging_mixin.py:190} INFO - [2024-10-30T13:45:43.712-0700] {utils.py:160} INFO - NumExpr defaulting to 8 threads.
[2024-10-30T13:45:43.886-0700] {logging_mixin.py:190} INFO - [2024-10-30T13:45:43.886-0700] {dag.py:3239} INFO - Sync 3 DAGs
[2024-10-30T13:45:43.896-0700] {logging_mixin.py:190} INFO - [2024-10-30T13:45:43.896-0700] {dag.py:4180} INFO - Setting next_dagrun for example_subdag_operator to 2022-01-01 00:00:00+00:00, run_after=2022-01-01 00:00:00+00:00
[2024-10-30T13:45:43.897-0700] {logging_mixin.py:190} INFO - [2024-10-30T13:45:43.897-0700] {dag.py:4180} INFO - Setting next_dagrun for example_subdag_operator.section-1 to None, run_after=None
[2024-10-30T13:45:43.898-0700] {logging_mixin.py:190} INFO - [2024-10-30T13:45:43.898-0700] {dag.py:4180} INFO - Setting next_dagrun for example_subdag_operator.section-2 to None, run_after=None
[2024-10-30T13:45:43.900-0700] {logging_mixin.py:190} INFO - [2024-10-30T13:45:43.900-0700] {dag.py:3239} INFO - Sync 2 DAGs
[2024-10-30T13:45:43.901-0700] {logging_mixin.py:190} INFO - [2024-10-30T13:45:43.901-0700] {dag.py:4180} INFO - Setting next_dagrun for example_subdag_operator.section-1 to None, run_after=None
[2024-10-30T13:45:43.901-0700] {logging_mixin.py:190} INFO - [2024-10-30T13:45:43.901-0700] {dag.py:4180} INFO - Setting next_dagrun for example_subdag_operator.section-2 to None, run_after=None
[2024-10-30T13:45:43.905-0700] {processor.py:208} INFO - Processing /opt/anaconda3/lib/python3.12/site-packages/airflow/example_dags/example_subdag_operator.py took 0.367 seconds
[2024-10-30T13:46:53.683-0700] {processor.py:186} INFO - Started process (PID=6505) to work on /opt/anaconda3/lib/python3.12/site-packages/airflow/example_dags/example_subdag_operator.py
[2024-10-30T13:46:53.683-0700] {processor.py:914} INFO - Processing file /opt/anaconda3/lib/python3.12/site-packages/airflow/example_dags/example_subdag_operator.py for tasks to queue
[2024-10-30T13:46:53.684-0700] {logging_mixin.py:190} INFO - [2024-10-30T13:46:53.684-0700] {dagbag.py:588} INFO - Filling up the DagBag from /opt/anaconda3/lib/python3.12/site-packages/airflow/example_dags/example_subdag_operator.py
[2024-10-30T13:46:53.715-0700] {processor.py:925} INFO - DAG(s) 'example_subdag_operator.section-1', 'example_subdag_operator.section-2', 'example_subdag_operator' retrieved from /opt/anaconda3/lib/python3.12/site-packages/airflow/example_dags/example_subdag_operator.py
[2024-10-30T13:46:53.816-0700] {logging_mixin.py:190} INFO - [2024-10-30T13:46:53.816-0700] {utils.py:160} INFO - NumExpr defaulting to 8 threads.
[2024-10-30T13:46:54.004-0700] {logging_mixin.py:190} INFO - [2024-10-30T13:46:54.004-0700] {dag.py:3239} INFO - Sync 3 DAGs
[2024-10-30T13:46:54.012-0700] {logging_mixin.py:190} INFO - [2024-10-30T13:46:54.012-0700] {dag.py:4180} INFO - Setting next_dagrun for example_subdag_operator to 2022-01-01 00:00:00+00:00, run_after=2022-01-01 00:00:00+00:00
[2024-10-30T13:46:54.013-0700] {logging_mixin.py:190} INFO - [2024-10-30T13:46:54.013-0700] {dag.py:4180} INFO - Setting next_dagrun for example_subdag_operator.section-1 to None, run_after=None
[2024-10-30T13:46:54.013-0700] {logging_mixin.py:190} INFO - [2024-10-30T13:46:54.013-0700] {dag.py:4180} INFO - Setting next_dagrun for example_subdag_operator.section-2 to None, run_after=None
[2024-10-30T13:46:54.015-0700] {logging_mixin.py:190} INFO - [2024-10-30T13:46:54.015-0700] {dag.py:3239} INFO - Sync 2 DAGs
[2024-10-30T13:46:54.017-0700] {logging_mixin.py:190} INFO - [2024-10-30T13:46:54.017-0700] {dag.py:4180} INFO - Setting next_dagrun for example_subdag_operator.section-1 to None, run_after=None
[2024-10-30T13:46:54.017-0700] {logging_mixin.py:190} INFO - [2024-10-30T13:46:54.017-0700] {dag.py:4180} INFO - Setting next_dagrun for example_subdag_operator.section-2 to None, run_after=None
[2024-10-30T13:46:54.021-0700] {processor.py:208} INFO - Processing /opt/anaconda3/lib/python3.12/site-packages/airflow/example_dags/example_subdag_operator.py took 0.339 seconds
[2024-10-30T14:49:49.564-0700] {processor.py:186} INFO - Started process (PID=6671) to work on /opt/anaconda3/lib/python3.12/site-packages/airflow/example_dags/example_subdag_operator.py
[2024-10-30T14:49:49.566-0700] {processor.py:914} INFO - Processing file /opt/anaconda3/lib/python3.12/site-packages/airflow/example_dags/example_subdag_operator.py for tasks to queue
[2024-10-30T14:49:49.567-0700] {logging_mixin.py:190} INFO - [2024-10-30T14:49:49.566-0700] {dagbag.py:588} INFO - Filling up the DagBag from /opt/anaconda3/lib/python3.12/site-packages/airflow/example_dags/example_subdag_operator.py
[2024-10-30T14:49:49.599-0700] {processor.py:925} INFO - DAG(s) 'example_subdag_operator.section-1', 'example_subdag_operator.section-2', 'example_subdag_operator' retrieved from /opt/anaconda3/lib/python3.12/site-packages/airflow/example_dags/example_subdag_operator.py
[2024-10-30T14:49:49.705-0700] {logging_mixin.py:190} INFO - [2024-10-30T14:49:49.705-0700] {utils.py:160} INFO - NumExpr defaulting to 8 threads.
[2024-10-30T14:49:49.886-0700] {logging_mixin.py:190} INFO - [2024-10-30T14:49:49.886-0700] {dag.py:3239} INFO - Sync 3 DAGs
[2024-10-30T14:49:49.892-0700] {logging_mixin.py:190} INFO - [2024-10-30T14:49:49.892-0700] {dag.py:4180} INFO - Setting next_dagrun for example_subdag_operator to 2022-01-01 00:00:00+00:00, run_after=2022-01-01 00:00:00+00:00
[2024-10-30T14:49:49.894-0700] {logging_mixin.py:190} INFO - [2024-10-30T14:49:49.894-0700] {dag.py:4180} INFO - Setting next_dagrun for example_subdag_operator.section-1 to None, run_after=None
[2024-10-30T14:49:49.894-0700] {logging_mixin.py:190} INFO - [2024-10-30T14:49:49.894-0700] {dag.py:4180} INFO - Setting next_dagrun for example_subdag_operator.section-2 to None, run_after=None
[2024-10-30T14:49:49.896-0700] {logging_mixin.py:190} INFO - [2024-10-30T14:49:49.896-0700] {dag.py:3239} INFO - Sync 2 DAGs
[2024-10-30T14:49:49.897-0700] {logging_mixin.py:190} INFO - [2024-10-30T14:49:49.897-0700] {dag.py:4180} INFO - Setting next_dagrun for example_subdag_operator.section-1 to None, run_after=None
[2024-10-30T14:49:49.897-0700] {logging_mixin.py:190} INFO - [2024-10-30T14:49:49.897-0700] {dag.py:4180} INFO - Setting next_dagrun for example_subdag_operator.section-2 to None, run_after=None
[2024-10-30T14:49:49.902-0700] {processor.py:208} INFO - Processing /opt/anaconda3/lib/python3.12/site-packages/airflow/example_dags/example_subdag_operator.py took 0.339 seconds
[2024-10-30T15:48:24.176-0700] {processor.py:186} INFO - Started process (PID=6780) to work on /opt/anaconda3/lib/python3.12/site-packages/airflow/example_dags/example_subdag_operator.py
[2024-10-30T15:48:24.177-0700] {processor.py:914} INFO - Processing file /opt/anaconda3/lib/python3.12/site-packages/airflow/example_dags/example_subdag_operator.py for tasks to queue
[2024-10-30T15:48:24.177-0700] {logging_mixin.py:190} INFO - [2024-10-30T15:48:24.177-0700] {dagbag.py:588} INFO - Filling up the DagBag from /opt/anaconda3/lib/python3.12/site-packages/airflow/example_dags/example_subdag_operator.py
[2024-10-30T15:48:24.208-0700] {processor.py:925} INFO - DAG(s) 'example_subdag_operator.section-1', 'example_subdag_operator.section-2', 'example_subdag_operator' retrieved from /opt/anaconda3/lib/python3.12/site-packages/airflow/example_dags/example_subdag_operator.py
[2024-10-30T15:48:24.325-0700] {logging_mixin.py:190} INFO - [2024-10-30T15:48:24.325-0700] {utils.py:160} INFO - NumExpr defaulting to 8 threads.
[2024-10-30T15:48:24.508-0700] {logging_mixin.py:190} INFO - [2024-10-30T15:48:24.507-0700] {dag.py:3239} INFO - Sync 3 DAGs
[2024-10-30T15:48:24.514-0700] {logging_mixin.py:190} INFO - [2024-10-30T15:48:24.513-0700] {dag.py:4180} INFO - Setting next_dagrun for example_subdag_operator to 2022-01-01 00:00:00+00:00, run_after=2022-01-01 00:00:00+00:00
[2024-10-30T15:48:24.515-0700] {logging_mixin.py:190} INFO - [2024-10-30T15:48:24.515-0700] {dag.py:4180} INFO - Setting next_dagrun for example_subdag_operator.section-1 to None, run_after=None
[2024-10-30T15:48:24.515-0700] {logging_mixin.py:190} INFO - [2024-10-30T15:48:24.515-0700] {dag.py:4180} INFO - Setting next_dagrun for example_subdag_operator.section-2 to None, run_after=None
[2024-10-30T15:48:24.517-0700] {logging_mixin.py:190} INFO - [2024-10-30T15:48:24.517-0700] {dag.py:3239} INFO - Sync 2 DAGs
[2024-10-30T15:48:24.519-0700] {logging_mixin.py:190} INFO - [2024-10-30T15:48:24.519-0700] {dag.py:4180} INFO - Setting next_dagrun for example_subdag_operator.section-1 to None, run_after=None
[2024-10-30T15:48:24.519-0700] {logging_mixin.py:190} INFO - [2024-10-30T15:48:24.519-0700] {dag.py:4180} INFO - Setting next_dagrun for example_subdag_operator.section-2 to None, run_after=None
[2024-10-30T15:48:24.522-0700] {processor.py:208} INFO - Processing /opt/anaconda3/lib/python3.12/site-packages/airflow/example_dags/example_subdag_operator.py took 0.347 seconds
