[2024-10-30T13:42:03.590-0700] {processor.py:186} INFO - Started process (PID=6085) to work on /opt/anaconda3/lib/python3.12/site-packages/airflow/example_dags/example_kubernetes_executor.py
[2024-10-30T13:42:03.590-0700] {processor.py:914} INFO - Processing file /opt/anaconda3/lib/python3.12/site-packages/airflow/example_dags/example_kubernetes_executor.py for tasks to queue
[2024-10-30T13:42:03.591-0700] {logging_mixin.py:190} INFO - [2024-10-30T13:42:03.590-0700] {dagbag.py:588} INFO - Filling up the DagBag from /opt/anaconda3/lib/python3.12/site-packages/airflow/example_dags/example_kubernetes_executor.py
[2024-10-30T13:42:03.604-0700] {logging_mixin.py:190} INFO - [2024-10-30T13:42:03.604-0700] {example_kubernetes_executor.py:39} WARNING - The example_kubernetes_executor example DAG requires the kubernetes provider. Please install it with: pip install apache-airflow[cncf.kubernetes]
[2024-10-30T13:42:03.604-0700] {processor.py:927} WARNING - No viable dags retrieved from /opt/anaconda3/lib/python3.12/site-packages/airflow/example_dags/example_kubernetes_executor.py
[2024-10-30T13:42:03.630-0700] {processor.py:208} INFO - Processing /opt/anaconda3/lib/python3.12/site-packages/airflow/example_dags/example_kubernetes_executor.py took 0.042 seconds
[2024-10-30T13:43:48.211-0700] {processor.py:186} INFO - Started process (PID=6226) to work on /opt/anaconda3/lib/python3.12/site-packages/airflow/example_dags/example_kubernetes_executor.py
[2024-10-30T13:43:48.212-0700] {processor.py:914} INFO - Processing file /opt/anaconda3/lib/python3.12/site-packages/airflow/example_dags/example_kubernetes_executor.py for tasks to queue
[2024-10-30T13:43:48.212-0700] {logging_mixin.py:190} INFO - [2024-10-30T13:43:48.212-0700] {dagbag.py:588} INFO - Filling up the DagBag from /opt/anaconda3/lib/python3.12/site-packages/airflow/example_dags/example_kubernetes_executor.py
[2024-10-30T13:43:48.224-0700] {logging_mixin.py:190} INFO - [2024-10-30T13:43:48.224-0700] {example_kubernetes_executor.py:39} WARNING - The example_kubernetes_executor example DAG requires the kubernetes provider. Please install it with: pip install apache-airflow[cncf.kubernetes]
[2024-10-30T13:43:48.225-0700] {processor.py:927} WARNING - No viable dags retrieved from /opt/anaconda3/lib/python3.12/site-packages/airflow/example_dags/example_kubernetes_executor.py
[2024-10-30T13:43:48.250-0700] {processor.py:208} INFO - Processing /opt/anaconda3/lib/python3.12/site-packages/airflow/example_dags/example_kubernetes_executor.py took 0.041 seconds
[2024-10-30T13:46:16.348-0700] {processor.py:186} INFO - Started process (PID=6458) to work on /opt/anaconda3/lib/python3.12/site-packages/airflow/example_dags/example_kubernetes_executor.py
[2024-10-30T13:46:16.349-0700] {processor.py:914} INFO - Processing file /opt/anaconda3/lib/python3.12/site-packages/airflow/example_dags/example_kubernetes_executor.py for tasks to queue
[2024-10-30T13:46:16.349-0700] {logging_mixin.py:190} INFO - [2024-10-30T13:46:16.349-0700] {dagbag.py:588} INFO - Filling up the DagBag from /opt/anaconda3/lib/python3.12/site-packages/airflow/example_dags/example_kubernetes_executor.py
[2024-10-30T13:46:16.362-0700] {logging_mixin.py:190} INFO - [2024-10-30T13:46:16.362-0700] {example_kubernetes_executor.py:39} WARNING - The example_kubernetes_executor example DAG requires the kubernetes provider. Please install it with: pip install apache-airflow[cncf.kubernetes]
[2024-10-30T13:46:16.362-0700] {processor.py:927} WARNING - No viable dags retrieved from /opt/anaconda3/lib/python3.12/site-packages/airflow/example_dags/example_kubernetes_executor.py
[2024-10-30T13:46:16.388-0700] {processor.py:208} INFO - Processing /opt/anaconda3/lib/python3.12/site-packages/airflow/example_dags/example_kubernetes_executor.py took 0.041 seconds
[2024-10-30T15:05:42.733-0700] {processor.py:186} INFO - Started process (PID=6715) to work on /opt/anaconda3/lib/python3.12/site-packages/airflow/example_dags/example_kubernetes_executor.py
[2024-10-30T15:05:42.735-0700] {processor.py:914} INFO - Processing file /opt/anaconda3/lib/python3.12/site-packages/airflow/example_dags/example_kubernetes_executor.py for tasks to queue
[2024-10-30T15:05:42.735-0700] {logging_mixin.py:190} INFO - [2024-10-30T15:05:42.735-0700] {dagbag.py:588} INFO - Filling up the DagBag from /opt/anaconda3/lib/python3.12/site-packages/airflow/example_dags/example_kubernetes_executor.py
[2024-10-30T15:05:42.747-0700] {logging_mixin.py:190} INFO - [2024-10-30T15:05:42.747-0700] {example_kubernetes_executor.py:39} WARNING - The example_kubernetes_executor example DAG requires the kubernetes provider. Please install it with: pip install apache-airflow[cncf.kubernetes]
[2024-10-30T15:05:42.747-0700] {processor.py:927} WARNING - No viable dags retrieved from /opt/anaconda3/lib/python3.12/site-packages/airflow/example_dags/example_kubernetes_executor.py
[2024-10-30T15:05:42.774-0700] {processor.py:208} INFO - Processing /opt/anaconda3/lib/python3.12/site-packages/airflow/example_dags/example_kubernetes_executor.py took 0.042 seconds
