[2024-10-30T13:42:01.624-0700] {processor.py:186} INFO - Started process (PID=6081) to work on /opt/anaconda3/lib/python3.12/site-packages/airflow/example_dags/example_latest_only.py
[2024-10-30T13:42:01.624-0700] {processor.py:914} INFO - Processing file /opt/anaconda3/lib/python3.12/site-packages/airflow/example_dags/example_latest_only.py for tasks to queue
[2024-10-30T13:42:01.625-0700] {logging_mixin.py:190} INFO - [2024-10-30T13:42:01.624-0700] {dagbag.py:588} INFO - Filling up the DagBag from /opt/anaconda3/lib/python3.12/site-packages/airflow/example_dags/example_latest_only.py
[2024-10-30T13:42:01.627-0700] {processor.py:925} INFO - DAG(s) 'latest_only' retrieved from /opt/anaconda3/lib/python3.12/site-packages/airflow/example_dags/example_latest_only.py
[2024-10-30T13:42:01.685-0700] {logging_mixin.py:190} INFO - [2024-10-30T13:42:01.685-0700] {dag.py:3239} INFO - Sync 1 DAGs
[2024-10-30T13:42:01.691-0700] {logging_mixin.py:190} INFO - [2024-10-30T13:42:01.691-0700] {dag.py:4180} INFO - Setting next_dagrun for latest_only to 2024-10-30 16:00:00+00:00, run_after=2024-10-30 20:00:00+00:00
[2024-10-30T13:42:01.697-0700] {processor.py:208} INFO - Processing /opt/anaconda3/lib/python3.12/site-packages/airflow/example_dags/example_latest_only.py took 0.074 seconds
[2024-10-30T13:43:46.263-0700] {processor.py:186} INFO - Started process (PID=6224) to work on /opt/anaconda3/lib/python3.12/site-packages/airflow/example_dags/example_latest_only.py
[2024-10-30T13:43:46.264-0700] {processor.py:914} INFO - Processing file /opt/anaconda3/lib/python3.12/site-packages/airflow/example_dags/example_latest_only.py for tasks to queue
[2024-10-30T13:43:46.264-0700] {logging_mixin.py:190} INFO - [2024-10-30T13:43:46.264-0700] {dagbag.py:588} INFO - Filling up the DagBag from /opt/anaconda3/lib/python3.12/site-packages/airflow/example_dags/example_latest_only.py
[2024-10-30T13:43:46.267-0700] {processor.py:925} INFO - DAG(s) 'latest_only' retrieved from /opt/anaconda3/lib/python3.12/site-packages/airflow/example_dags/example_latest_only.py
[2024-10-30T13:43:46.298-0700] {logging_mixin.py:190} INFO - [2024-10-30T13:43:46.298-0700] {dag.py:3239} INFO - Sync 1 DAGs
[2024-10-30T13:43:46.303-0700] {logging_mixin.py:190} INFO - [2024-10-30T13:43:46.303-0700] {dag.py:4180} INFO - Setting next_dagrun for latest_only to 2024-10-30 16:00:00+00:00, run_after=2024-10-30 20:00:00+00:00
[2024-10-30T13:43:46.309-0700] {processor.py:208} INFO - Processing /opt/anaconda3/lib/python3.12/site-packages/airflow/example_dags/example_latest_only.py took 0.047 seconds
[2024-10-30T13:46:14.348-0700] {processor.py:186} INFO - Started process (PID=6456) to work on /opt/anaconda3/lib/python3.12/site-packages/airflow/example_dags/example_latest_only.py
[2024-10-30T13:46:14.350-0700] {processor.py:914} INFO - Processing file /opt/anaconda3/lib/python3.12/site-packages/airflow/example_dags/example_latest_only.py for tasks to queue
[2024-10-30T13:46:14.350-0700] {logging_mixin.py:190} INFO - [2024-10-30T13:46:14.350-0700] {dagbag.py:588} INFO - Filling up the DagBag from /opt/anaconda3/lib/python3.12/site-packages/airflow/example_dags/example_latest_only.py
[2024-10-30T13:46:14.353-0700] {processor.py:925} INFO - DAG(s) 'latest_only' retrieved from /opt/anaconda3/lib/python3.12/site-packages/airflow/example_dags/example_latest_only.py
[2024-10-30T13:46:14.382-0700] {logging_mixin.py:190} INFO - [2024-10-30T13:46:14.382-0700] {dag.py:3239} INFO - Sync 1 DAGs
[2024-10-30T13:46:14.388-0700] {logging_mixin.py:190} INFO - [2024-10-30T13:46:14.388-0700] {dag.py:4180} INFO - Setting next_dagrun for latest_only to 2024-10-30 16:00:00+00:00, run_after=2024-10-30 20:00:00+00:00
[2024-10-30T13:46:14.395-0700] {processor.py:208} INFO - Processing /opt/anaconda3/lib/python3.12/site-packages/airflow/example_dags/example_latest_only.py took 0.048 seconds
[2024-10-30T15:05:39.479-0700] {processor.py:186} INFO - Started process (PID=6713) to work on /opt/anaconda3/lib/python3.12/site-packages/airflow/example_dags/example_latest_only.py
[2024-10-30T15:05:39.479-0700] {processor.py:914} INFO - Processing file /opt/anaconda3/lib/python3.12/site-packages/airflow/example_dags/example_latest_only.py for tasks to queue
[2024-10-30T15:05:39.480-0700] {logging_mixin.py:190} INFO - [2024-10-30T15:05:39.480-0700] {dagbag.py:588} INFO - Filling up the DagBag from /opt/anaconda3/lib/python3.12/site-packages/airflow/example_dags/example_latest_only.py
[2024-10-30T15:05:39.482-0700] {processor.py:925} INFO - DAG(s) 'latest_only' retrieved from /opt/anaconda3/lib/python3.12/site-packages/airflow/example_dags/example_latest_only.py
[2024-10-30T15:05:39.511-0700] {logging_mixin.py:190} INFO - [2024-10-30T15:05:39.511-0700] {dag.py:3239} INFO - Sync 1 DAGs
[2024-10-30T15:05:39.517-0700] {logging_mixin.py:190} INFO - [2024-10-30T15:05:39.517-0700] {dag.py:4180} INFO - Setting next_dagrun for latest_only to 2024-10-30 16:00:00+00:00, run_after=2024-10-30 20:00:00+00:00
[2024-10-30T15:05:39.522-0700] {processor.py:208} INFO - Processing /opt/anaconda3/lib/python3.12/site-packages/airflow/example_dags/example_latest_only.py took 0.044 seconds
