[2024-10-30T13:41:42.242-0700] {processor.py:186} INFO - Started process (PID=6023) to work on /opt/anaconda3/lib/python3.12/site-packages/airflow/example_dags/example_sensor_decorator.py
[2024-10-30T13:41:42.242-0700] {processor.py:914} INFO - Processing file /opt/anaconda3/lib/python3.12/site-packages/airflow/example_dags/example_sensor_decorator.py for tasks to queue
[2024-10-30T13:41:42.243-0700] {logging_mixin.py:190} INFO - [2024-10-30T13:41:42.243-0700] {dagbag.py:588} INFO - Filling up the DagBag from /opt/anaconda3/lib/python3.12/site-packages/airflow/example_dags/example_sensor_decorator.py
[2024-10-30T13:41:42.256-0700] {processor.py:925} INFO - DAG(s) 'example_sensor_decorator' retrieved from /opt/anaconda3/lib/python3.12/site-packages/airflow/example_dags/example_sensor_decorator.py
[2024-10-30T13:41:42.401-0700] {logging_mixin.py:190} INFO - [2024-10-30T13:41:42.401-0700] {utils.py:160} INFO - NumExpr defaulting to 8 threads.
[2024-10-30T13:41:42.621-0700] {logging_mixin.py:190} INFO - [2024-10-30T13:41:42.620-0700] {dag.py:3239} INFO - Sync 1 DAGs
[2024-10-30T13:41:42.624-0700] {logging_mixin.py:190} INFO - [2024-10-30T13:41:42.624-0700] {dag.py:4180} INFO - Setting next_dagrun for example_sensor_decorator to None, run_after=None
[2024-10-30T13:41:42.630-0700] {processor.py:208} INFO - Processing /opt/anaconda3/lib/python3.12/site-packages/airflow/example_dags/example_sensor_decorator.py took 0.389 seconds
[2024-10-30T13:43:27.428-0700] {processor.py:186} INFO - Started process (PID=6204) to work on /opt/anaconda3/lib/python3.12/site-packages/airflow/example_dags/example_sensor_decorator.py
[2024-10-30T13:43:27.429-0700] {processor.py:914} INFO - Processing file /opt/anaconda3/lib/python3.12/site-packages/airflow/example_dags/example_sensor_decorator.py for tasks to queue
[2024-10-30T13:43:27.430-0700] {logging_mixin.py:190} INFO - [2024-10-30T13:43:27.429-0700] {dagbag.py:588} INFO - Filling up the DagBag from /opt/anaconda3/lib/python3.12/site-packages/airflow/example_dags/example_sensor_decorator.py
[2024-10-30T13:43:27.442-0700] {processor.py:925} INFO - DAG(s) 'example_sensor_decorator' retrieved from /opt/anaconda3/lib/python3.12/site-packages/airflow/example_dags/example_sensor_decorator.py
[2024-10-30T13:43:27.601-0700] {logging_mixin.py:190} INFO - [2024-10-30T13:43:27.601-0700] {utils.py:160} INFO - NumExpr defaulting to 8 threads.
[2024-10-30T13:43:27.800-0700] {logging_mixin.py:190} INFO - [2024-10-30T13:43:27.800-0700] {dag.py:3239} INFO - Sync 1 DAGs
[2024-10-30T13:43:27.804-0700] {logging_mixin.py:190} INFO - [2024-10-30T13:43:27.804-0700] {dag.py:4180} INFO - Setting next_dagrun for example_sensor_decorator to None, run_after=None
[2024-10-30T13:43:27.811-0700] {processor.py:208} INFO - Processing /opt/anaconda3/lib/python3.12/site-packages/airflow/example_dags/example_sensor_decorator.py took 0.384 seconds
[2024-10-30T13:45:55.341-0700] {processor.py:186} INFO - Started process (PID=6433) to work on /opt/anaconda3/lib/python3.12/site-packages/airflow/example_dags/example_sensor_decorator.py
[2024-10-30T13:45:55.342-0700] {processor.py:914} INFO - Processing file /opt/anaconda3/lib/python3.12/site-packages/airflow/example_dags/example_sensor_decorator.py for tasks to queue
[2024-10-30T13:45:55.343-0700] {logging_mixin.py:190} INFO - [2024-10-30T13:45:55.343-0700] {dagbag.py:588} INFO - Filling up the DagBag from /opt/anaconda3/lib/python3.12/site-packages/airflow/example_dags/example_sensor_decorator.py
[2024-10-30T13:45:55.355-0700] {processor.py:925} INFO - DAG(s) 'example_sensor_decorator' retrieved from /opt/anaconda3/lib/python3.12/site-packages/airflow/example_dags/example_sensor_decorator.py
[2024-10-30T13:45:55.490-0700] {logging_mixin.py:190} INFO - [2024-10-30T13:45:55.490-0700] {utils.py:160} INFO - NumExpr defaulting to 8 threads.
[2024-10-30T13:45:55.682-0700] {logging_mixin.py:190} INFO - [2024-10-30T13:45:55.681-0700] {dag.py:3239} INFO - Sync 1 DAGs
[2024-10-30T13:45:55.687-0700] {logging_mixin.py:190} INFO - [2024-10-30T13:45:55.687-0700] {dag.py:4180} INFO - Setting next_dagrun for example_sensor_decorator to None, run_after=None
[2024-10-30T13:45:55.695-0700] {processor.py:208} INFO - Processing /opt/anaconda3/lib/python3.12/site-packages/airflow/example_dags/example_sensor_decorator.py took 0.355 seconds
[2024-10-30T14:50:03.885-0700] {processor.py:186} INFO - Started process (PID=6692) to work on /opt/anaconda3/lib/python3.12/site-packages/airflow/example_dags/example_sensor_decorator.py
[2024-10-30T14:50:03.886-0700] {processor.py:914} INFO - Processing file /opt/anaconda3/lib/python3.12/site-packages/airflow/example_dags/example_sensor_decorator.py for tasks to queue
[2024-10-30T14:50:03.887-0700] {logging_mixin.py:190} INFO - [2024-10-30T14:50:03.886-0700] {dagbag.py:588} INFO - Filling up the DagBag from /opt/anaconda3/lib/python3.12/site-packages/airflow/example_dags/example_sensor_decorator.py
[2024-10-30T14:50:03.899-0700] {processor.py:925} INFO - DAG(s) 'example_sensor_decorator' retrieved from /opt/anaconda3/lib/python3.12/site-packages/airflow/example_dags/example_sensor_decorator.py
[2024-10-30T14:50:04.039-0700] {logging_mixin.py:190} INFO - [2024-10-30T14:50:04.038-0700] {utils.py:160} INFO - NumExpr defaulting to 8 threads.
[2024-10-30T14:50:04.217-0700] {logging_mixin.py:190} INFO - [2024-10-30T14:50:04.217-0700] {dag.py:3239} INFO - Sync 1 DAGs
[2024-10-30T14:50:04.222-0700] {logging_mixin.py:190} INFO - [2024-10-30T14:50:04.222-0700] {dag.py:4180} INFO - Setting next_dagrun for example_sensor_decorator to None, run_after=None
[2024-10-30T14:50:04.228-0700] {processor.py:208} INFO - Processing /opt/anaconda3/lib/python3.12/site-packages/airflow/example_dags/example_sensor_decorator.py took 0.344 seconds
[2024-10-30T15:48:39.574-0700] {processor.py:186} INFO - Started process (PID=6815) to work on /opt/anaconda3/lib/python3.12/site-packages/airflow/example_dags/example_sensor_decorator.py
[2024-10-30T15:48:39.575-0700] {processor.py:914} INFO - Processing file /opt/anaconda3/lib/python3.12/site-packages/airflow/example_dags/example_sensor_decorator.py for tasks to queue
[2024-10-30T15:48:39.576-0700] {logging_mixin.py:190} INFO - [2024-10-30T15:48:39.575-0700] {dagbag.py:588} INFO - Filling up the DagBag from /opt/anaconda3/lib/python3.12/site-packages/airflow/example_dags/example_sensor_decorator.py
[2024-10-30T15:48:39.590-0700] {processor.py:925} INFO - DAG(s) 'example_sensor_decorator' retrieved from /opt/anaconda3/lib/python3.12/site-packages/airflow/example_dags/example_sensor_decorator.py
[2024-10-30T15:48:39.732-0700] {logging_mixin.py:190} INFO - [2024-10-30T15:48:39.732-0700] {utils.py:160} INFO - NumExpr defaulting to 8 threads.
[2024-10-30T15:48:39.948-0700] {logging_mixin.py:190} INFO - [2024-10-30T15:48:39.948-0700] {dag.py:3239} INFO - Sync 1 DAGs
[2024-10-30T15:48:39.953-0700] {logging_mixin.py:190} INFO - [2024-10-30T15:48:39.953-0700] {dag.py:4180} INFO - Setting next_dagrun for example_sensor_decorator to None, run_after=None
[2024-10-30T15:48:39.960-0700] {processor.py:208} INFO - Processing /opt/anaconda3/lib/python3.12/site-packages/airflow/example_dags/example_sensor_decorator.py took 0.387 seconds
