[2024-10-30T13:42:17.367-0700] {processor.py:186} INFO - Started process (PID=6099) to work on /opt/anaconda3/lib/python3.12/site-packages/airflow/example_dags/example_dataset_alias_with_no_taskflow.py
[2024-10-30T13:42:17.367-0700] {processor.py:914} INFO - Processing file /opt/anaconda3/lib/python3.12/site-packages/airflow/example_dags/example_dataset_alias_with_no_taskflow.py for tasks to queue
[2024-10-30T13:42:17.368-0700] {logging_mixin.py:190} INFO - [2024-10-30T13:42:17.368-0700] {dagbag.py:588} INFO - Filling up the DagBag from /opt/anaconda3/lib/python3.12/site-packages/airflow/example_dags/example_dataset_alias_with_no_taskflow.py
[2024-10-30T13:42:17.424-0700] {processor.py:925} INFO - DAG(s) 'dataset_s3_bucket_producer_with_no_taskflow', 'dataset_s3_bucket_consumer_with_no_taskflow', 'dataset_alias_example_alias_consumer_with_no_taskflow', 'dataset_alias_example_alias_producer_with_no_taskflow' retrieved from /opt/anaconda3/lib/python3.12/site-packages/airflow/example_dags/example_dataset_alias_with_no_taskflow.py
[2024-10-30T13:42:17.477-0700] {logging_mixin.py:190} INFO - [2024-10-30T13:42:17.476-0700] {dag.py:3239} INFO - Sync 4 DAGs
[2024-10-30T13:42:17.483-0700] {logging_mixin.py:190} INFO - [2024-10-30T13:42:17.483-0700] {dag.py:4180} INFO - Setting next_dagrun for dataset_alias_example_alias_consumer_with_no_taskflow to None, run_after=None
[2024-10-30T13:42:17.483-0700] {logging_mixin.py:190} INFO - [2024-10-30T13:42:17.483-0700] {dag.py:4180} INFO - Setting next_dagrun for dataset_alias_example_alias_producer_with_no_taskflow to None, run_after=None
[2024-10-30T13:42:17.484-0700] {logging_mixin.py:190} INFO - [2024-10-30T13:42:17.484-0700] {dag.py:4180} INFO - Setting next_dagrun for dataset_s3_bucket_consumer_with_no_taskflow to None, run_after=None
[2024-10-30T13:42:17.484-0700] {logging_mixin.py:190} INFO - [2024-10-30T13:42:17.484-0700] {dag.py:4180} INFO - Setting next_dagrun for dataset_s3_bucket_producer_with_no_taskflow to None, run_after=None
[2024-10-30T13:42:17.490-0700] {processor.py:208} INFO - Processing /opt/anaconda3/lib/python3.12/site-packages/airflow/example_dags/example_dataset_alias_with_no_taskflow.py took 0.125 seconds
[2024-10-30T13:44:46.090-0700] {processor.py:186} INFO - Started process (PID=6338) to work on /opt/anaconda3/lib/python3.12/site-packages/airflow/example_dags/example_dataset_alias_with_no_taskflow.py
[2024-10-30T13:44:46.093-0700] {processor.py:914} INFO - Processing file /opt/anaconda3/lib/python3.12/site-packages/airflow/example_dags/example_dataset_alias_with_no_taskflow.py for tasks to queue
[2024-10-30T13:44:46.093-0700] {logging_mixin.py:190} INFO - [2024-10-30T13:44:46.093-0700] {dagbag.py:588} INFO - Filling up the DagBag from /opt/anaconda3/lib/python3.12/site-packages/airflow/example_dags/example_dataset_alias_with_no_taskflow.py
[2024-10-30T13:44:46.147-0700] {processor.py:925} INFO - DAG(s) 'dataset_s3_bucket_producer_with_no_taskflow', 'dataset_alias_example_alias_consumer_with_no_taskflow', 'dataset_alias_example_alias_producer_with_no_taskflow', 'dataset_s3_bucket_consumer_with_no_taskflow' retrieved from /opt/anaconda3/lib/python3.12/site-packages/airflow/example_dags/example_dataset_alias_with_no_taskflow.py
[2024-10-30T13:44:46.155-0700] {logging_mixin.py:190} INFO - [2024-10-30T13:44:46.154-0700] {dag.py:3239} INFO - Sync 4 DAGs
[2024-10-30T13:44:46.161-0700] {logging_mixin.py:190} INFO - [2024-10-30T13:44:46.161-0700] {dag.py:4180} INFO - Setting next_dagrun for dataset_alias_example_alias_consumer_with_no_taskflow to None, run_after=None
[2024-10-30T13:44:46.161-0700] {logging_mixin.py:190} INFO - [2024-10-30T13:44:46.161-0700] {dag.py:4180} INFO - Setting next_dagrun for dataset_alias_example_alias_producer_with_no_taskflow to None, run_after=None
[2024-10-30T13:44:46.162-0700] {logging_mixin.py:190} INFO - [2024-10-30T13:44:46.161-0700] {dag.py:4180} INFO - Setting next_dagrun for dataset_s3_bucket_consumer_with_no_taskflow to None, run_after=None
[2024-10-30T13:44:46.162-0700] {logging_mixin.py:190} INFO - [2024-10-30T13:44:46.162-0700] {dag.py:4180} INFO - Setting next_dagrun for dataset_s3_bucket_producer_with_no_taskflow to None, run_after=None
[2024-10-30T13:44:46.168-0700] {processor.py:208} INFO - Processing /opt/anaconda3/lib/python3.12/site-packages/airflow/example_dags/example_dataset_alias_with_no_taskflow.py took 0.079 seconds
[2024-10-30T13:47:08.803-0700] {processor.py:186} INFO - Started process (PID=6524) to work on /opt/anaconda3/lib/python3.12/site-packages/airflow/example_dags/example_dataset_alias_with_no_taskflow.py
[2024-10-30T13:47:08.803-0700] {processor.py:914} INFO - Processing file /opt/anaconda3/lib/python3.12/site-packages/airflow/example_dags/example_dataset_alias_with_no_taskflow.py for tasks to queue
[2024-10-30T13:47:08.804-0700] {logging_mixin.py:190} INFO - [2024-10-30T13:47:08.804-0700] {dagbag.py:588} INFO - Filling up the DagBag from /opt/anaconda3/lib/python3.12/site-packages/airflow/example_dags/example_dataset_alias_with_no_taskflow.py
[2024-10-30T13:47:08.871-0700] {processor.py:925} INFO - DAG(s) 'dataset_s3_bucket_producer_with_no_taskflow', 'dataset_alias_example_alias_producer_with_no_taskflow', 'dataset_s3_bucket_consumer_with_no_taskflow', 'dataset_alias_example_alias_consumer_with_no_taskflow' retrieved from /opt/anaconda3/lib/python3.12/site-packages/airflow/example_dags/example_dataset_alias_with_no_taskflow.py
[2024-10-30T13:47:08.880-0700] {logging_mixin.py:190} INFO - [2024-10-30T13:47:08.880-0700] {dag.py:3239} INFO - Sync 4 DAGs
[2024-10-30T13:47:08.889-0700] {logging_mixin.py:190} INFO - [2024-10-30T13:47:08.889-0700] {dag.py:4180} INFO - Setting next_dagrun for dataset_alias_example_alias_consumer_with_no_taskflow to None, run_after=None
[2024-10-30T13:47:08.890-0700] {logging_mixin.py:190} INFO - [2024-10-30T13:47:08.889-0700] {dag.py:4180} INFO - Setting next_dagrun for dataset_alias_example_alias_producer_with_no_taskflow to None, run_after=None
[2024-10-30T13:47:08.890-0700] {logging_mixin.py:190} INFO - [2024-10-30T13:47:08.890-0700] {dag.py:4180} INFO - Setting next_dagrun for dataset_s3_bucket_consumer_with_no_taskflow to None, run_after=None
[2024-10-30T13:47:08.890-0700] {logging_mixin.py:190} INFO - [2024-10-30T13:47:08.890-0700] {dag.py:4180} INFO - Setting next_dagrun for dataset_s3_bucket_producer_with_no_taskflow to None, run_after=None
[2024-10-30T13:47:08.898-0700] {processor.py:208} INFO - Processing /opt/anaconda3/lib/python3.12/site-packages/airflow/example_dags/example_dataset_alias_with_no_taskflow.py took 0.096 seconds
[2024-10-30T16:05:00.031-0700] {processor.py:186} INFO - Started process (PID=6844) to work on /opt/anaconda3/lib/python3.12/site-packages/airflow/example_dags/example_dataset_alias_with_no_taskflow.py
[2024-10-30T16:05:00.032-0700] {processor.py:914} INFO - Processing file /opt/anaconda3/lib/python3.12/site-packages/airflow/example_dags/example_dataset_alias_with_no_taskflow.py for tasks to queue
[2024-10-30T16:05:00.033-0700] {logging_mixin.py:190} INFO - [2024-10-30T16:05:00.032-0700] {dagbag.py:588} INFO - Filling up the DagBag from /opt/anaconda3/lib/python3.12/site-packages/airflow/example_dags/example_dataset_alias_with_no_taskflow.py
[2024-10-30T16:05:00.085-0700] {processor.py:925} INFO - DAG(s) 'dataset_s3_bucket_producer_with_no_taskflow', 'dataset_alias_example_alias_producer_with_no_taskflow', 'dataset_alias_example_alias_consumer_with_no_taskflow', 'dataset_s3_bucket_consumer_with_no_taskflow' retrieved from /opt/anaconda3/lib/python3.12/site-packages/airflow/example_dags/example_dataset_alias_with_no_taskflow.py
[2024-10-30T16:05:00.093-0700] {logging_mixin.py:190} INFO - [2024-10-30T16:05:00.093-0700] {dag.py:3239} INFO - Sync 4 DAGs
[2024-10-30T16:05:00.099-0700] {logging_mixin.py:190} INFO - [2024-10-30T16:05:00.099-0700] {dag.py:4180} INFO - Setting next_dagrun for dataset_alias_example_alias_consumer_with_no_taskflow to None, run_after=None
[2024-10-30T16:05:00.099-0700] {logging_mixin.py:190} INFO - [2024-10-30T16:05:00.099-0700] {dag.py:4180} INFO - Setting next_dagrun for dataset_alias_example_alias_producer_with_no_taskflow to None, run_after=None
[2024-10-30T16:05:00.099-0700] {logging_mixin.py:190} INFO - [2024-10-30T16:05:00.099-0700] {dag.py:4180} INFO - Setting next_dagrun for dataset_s3_bucket_consumer_with_no_taskflow to None, run_after=None
[2024-10-30T16:05:00.100-0700] {logging_mixin.py:190} INFO - [2024-10-30T16:05:00.100-0700] {dag.py:4180} INFO - Setting next_dagrun for dataset_s3_bucket_producer_with_no_taskflow to None, run_after=None
[2024-10-30T16:05:00.106-0700] {processor.py:208} INFO - Processing /opt/anaconda3/lib/python3.12/site-packages/airflow/example_dags/example_dataset_alias_with_no_taskflow.py took 0.076 seconds
