[2024-10-30T13:41:07.916-0700] {processor.py:186} INFO - Started process (PID=5937) to work on /opt/anaconda3/lib/python3.12/site-packages/airflow/example_dags/tutorial.py
[2024-10-30T13:41:07.916-0700] {processor.py:914} INFO - Processing file /opt/anaconda3/lib/python3.12/site-packages/airflow/example_dags/tutorial.py for tasks to queue
[2024-10-30T13:41:07.917-0700] {logging_mixin.py:190} INFO - [2024-10-30T13:41:07.917-0700] {dagbag.py:588} INFO - Filling up the DagBag from /opt/anaconda3/lib/python3.12/site-packages/airflow/example_dags/tutorial.py
[2024-10-30T13:41:07.919-0700] {processor.py:925} INFO - DAG(s) 'tutorial' retrieved from /opt/anaconda3/lib/python3.12/site-packages/airflow/example_dags/tutorial.py
[2024-10-30T13:41:07.978-0700] {logging_mixin.py:190} INFO - [2024-10-30T13:41:07.978-0700] {dag.py:3239} INFO - Sync 1 DAGs
[2024-10-30T13:41:07.984-0700] {logging_mixin.py:190} INFO - [2024-10-30T13:41:07.983-0700] {dag.py:4180} INFO - Setting next_dagrun for tutorial to 2024-10-29 00:00:00+00:00, run_after=2024-10-30 00:00:00+00:00
[2024-10-30T13:41:07.989-0700] {processor.py:208} INFO - Processing /opt/anaconda3/lib/python3.12/site-packages/airflow/example_dags/tutorial.py took 0.074 seconds
[2024-10-30T13:42:55.610-0700] {processor.py:186} INFO - Started process (PID=6164) to work on /opt/anaconda3/lib/python3.12/site-packages/airflow/example_dags/tutorial.py
[2024-10-30T13:42:55.612-0700] {processor.py:914} INFO - Processing file /opt/anaconda3/lib/python3.12/site-packages/airflow/example_dags/tutorial.py for tasks to queue
[2024-10-30T13:42:55.612-0700] {logging_mixin.py:190} INFO - [2024-10-30T13:42:55.612-0700] {dagbag.py:588} INFO - Filling up the DagBag from /opt/anaconda3/lib/python3.12/site-packages/airflow/example_dags/tutorial.py
[2024-10-30T13:42:55.615-0700] {processor.py:925} INFO - DAG(s) 'tutorial' retrieved from /opt/anaconda3/lib/python3.12/site-packages/airflow/example_dags/tutorial.py
[2024-10-30T13:42:55.645-0700] {logging_mixin.py:190} INFO - [2024-10-30T13:42:55.645-0700] {dag.py:3239} INFO - Sync 1 DAGs
[2024-10-30T13:42:55.651-0700] {logging_mixin.py:190} INFO - [2024-10-30T13:42:55.651-0700] {dag.py:4180} INFO - Setting next_dagrun for tutorial to 2024-10-29 00:00:00+00:00, run_after=2024-10-30 00:00:00+00:00
[2024-10-30T13:42:55.657-0700] {processor.py:208} INFO - Processing /opt/anaconda3/lib/python3.12/site-packages/airflow/example_dags/tutorial.py took 0.048 seconds
[2024-10-30T13:44:10.278-0700] {processor.py:186} INFO - Started process (PID=6274) to work on /opt/anaconda3/lib/python3.12/site-packages/airflow/example_dags/tutorial.py
[2024-10-30T13:44:10.279-0700] {processor.py:914} INFO - Processing file /opt/anaconda3/lib/python3.12/site-packages/airflow/example_dags/tutorial.py for tasks to queue
[2024-10-30T13:44:10.280-0700] {logging_mixin.py:190} INFO - [2024-10-30T13:44:10.280-0700] {dagbag.py:588} INFO - Filling up the DagBag from /opt/anaconda3/lib/python3.12/site-packages/airflow/example_dags/tutorial.py
[2024-10-30T13:44:10.282-0700] {processor.py:925} INFO - DAG(s) 'tutorial' retrieved from /opt/anaconda3/lib/python3.12/site-packages/airflow/example_dags/tutorial.py
[2024-10-30T13:44:10.312-0700] {logging_mixin.py:190} INFO - [2024-10-30T13:44:10.312-0700] {dag.py:3239} INFO - Sync 1 DAGs
[2024-10-30T13:44:10.318-0700] {logging_mixin.py:190} INFO - [2024-10-30T13:44:10.318-0700] {dag.py:4180} INFO - Setting next_dagrun for tutorial to 2024-10-29 00:00:00+00:00, run_after=2024-10-30 00:00:00+00:00
[2024-10-30T13:44:10.323-0700] {processor.py:208} INFO - Processing /opt/anaconda3/lib/python3.12/site-packages/airflow/example_dags/tutorial.py took 0.046 seconds
[2024-10-30T13:45:25.151-0700] {processor.py:186} INFO - Started process (PID=6394) to work on /opt/anaconda3/lib/python3.12/site-packages/airflow/example_dags/tutorial.py
[2024-10-30T13:45:25.152-0700] {processor.py:914} INFO - Processing file /opt/anaconda3/lib/python3.12/site-packages/airflow/example_dags/tutorial.py for tasks to queue
[2024-10-30T13:45:25.152-0700] {logging_mixin.py:190} INFO - [2024-10-30T13:45:25.152-0700] {dagbag.py:588} INFO - Filling up the DagBag from /opt/anaconda3/lib/python3.12/site-packages/airflow/example_dags/tutorial.py
[2024-10-30T13:45:25.155-0700] {processor.py:925} INFO - DAG(s) 'tutorial' retrieved from /opt/anaconda3/lib/python3.12/site-packages/airflow/example_dags/tutorial.py
[2024-10-30T13:45:25.189-0700] {logging_mixin.py:190} INFO - [2024-10-30T13:45:25.189-0700] {dag.py:3239} INFO - Sync 1 DAGs
[2024-10-30T13:45:25.195-0700] {logging_mixin.py:190} INFO - [2024-10-30T13:45:25.195-0700] {dag.py:4180} INFO - Setting next_dagrun for tutorial to 2024-10-29 00:00:00+00:00, run_after=2024-10-30 00:00:00+00:00
[2024-10-30T13:45:25.201-0700] {processor.py:208} INFO - Processing /opt/anaconda3/lib/python3.12/site-packages/airflow/example_dags/tutorial.py took 0.052 seconds
[2024-10-30T13:46:38.152-0700] {processor.py:186} INFO - Started process (PID=6485) to work on /opt/anaconda3/lib/python3.12/site-packages/airflow/example_dags/tutorial.py
[2024-10-30T13:46:38.153-0700] {processor.py:914} INFO - Processing file /opt/anaconda3/lib/python3.12/site-packages/airflow/example_dags/tutorial.py for tasks to queue
[2024-10-30T13:46:38.154-0700] {logging_mixin.py:190} INFO - [2024-10-30T13:46:38.154-0700] {dagbag.py:588} INFO - Filling up the DagBag from /opt/anaconda3/lib/python3.12/site-packages/airflow/example_dags/tutorial.py
[2024-10-30T13:46:38.157-0700] {processor.py:925} INFO - DAG(s) 'tutorial' retrieved from /opt/anaconda3/lib/python3.12/site-packages/airflow/example_dags/tutorial.py
[2024-10-30T13:46:38.187-0700] {logging_mixin.py:190} INFO - [2024-10-30T13:46:38.186-0700] {dag.py:3239} INFO - Sync 1 DAGs
[2024-10-30T13:46:38.192-0700] {logging_mixin.py:190} INFO - [2024-10-30T13:46:38.192-0700] {dag.py:4180} INFO - Setting next_dagrun for tutorial to 2024-10-29 00:00:00+00:00, run_after=2024-10-30 00:00:00+00:00
[2024-10-30T13:46:38.198-0700] {processor.py:208} INFO - Processing /opt/anaconda3/lib/python3.12/site-packages/airflow/example_dags/tutorial.py took 0.047 seconds
[2024-10-30T14:33:20.617-0700] {processor.py:186} INFO - Started process (PID=6632) to work on /opt/anaconda3/lib/python3.12/site-packages/airflow/example_dags/tutorial.py
[2024-10-30T14:33:20.618-0700] {processor.py:914} INFO - Processing file /opt/anaconda3/lib/python3.12/site-packages/airflow/example_dags/tutorial.py for tasks to queue
[2024-10-30T14:33:20.618-0700] {logging_mixin.py:190} INFO - [2024-10-30T14:33:20.618-0700] {dagbag.py:588} INFO - Filling up the DagBag from /opt/anaconda3/lib/python3.12/site-packages/airflow/example_dags/tutorial.py
[2024-10-30T14:33:20.621-0700] {processor.py:925} INFO - DAG(s) 'tutorial' retrieved from /opt/anaconda3/lib/python3.12/site-packages/airflow/example_dags/tutorial.py
[2024-10-30T14:33:20.650-0700] {logging_mixin.py:190} INFO - [2024-10-30T14:33:20.650-0700] {dag.py:3239} INFO - Sync 1 DAGs
[2024-10-30T14:33:20.656-0700] {logging_mixin.py:190} INFO - [2024-10-30T14:33:20.656-0700] {dag.py:4180} INFO - Setting next_dagrun for tutorial to 2024-10-29 00:00:00+00:00, run_after=2024-10-30 00:00:00+00:00
[2024-10-30T14:33:20.661-0700] {processor.py:208} INFO - Processing /opt/anaconda3/lib/python3.12/site-packages/airflow/example_dags/tutorial.py took 0.046 seconds
[2024-10-30T15:39:30.319-0700] {processor.py:186} INFO - Started process (PID=6747) to work on /opt/anaconda3/lib/python3.12/site-packages/airflow/example_dags/tutorial.py
[2024-10-30T15:39:30.320-0700] {processor.py:914} INFO - Processing file /opt/anaconda3/lib/python3.12/site-packages/airflow/example_dags/tutorial.py for tasks to queue
[2024-10-30T15:39:30.320-0700] {logging_mixin.py:190} INFO - [2024-10-30T15:39:30.320-0700] {dagbag.py:588} INFO - Filling up the DagBag from /opt/anaconda3/lib/python3.12/site-packages/airflow/example_dags/tutorial.py
[2024-10-30T15:39:30.323-0700] {processor.py:925} INFO - DAG(s) 'tutorial' retrieved from /opt/anaconda3/lib/python3.12/site-packages/airflow/example_dags/tutorial.py
[2024-10-30T15:39:30.358-0700] {logging_mixin.py:190} INFO - [2024-10-30T15:39:30.358-0700] {dag.py:3239} INFO - Sync 1 DAGs
[2024-10-30T15:39:30.364-0700] {logging_mixin.py:190} INFO - [2024-10-30T15:39:30.363-0700] {dag.py:4180} INFO - Setting next_dagrun for tutorial to 2024-10-29 00:00:00+00:00, run_after=2024-10-30 00:00:00+00:00
[2024-10-30T15:39:30.369-0700] {processor.py:208} INFO - Processing /opt/anaconda3/lib/python3.12/site-packages/airflow/example_dags/tutorial.py took 0.050 seconds
[2024-10-30T16:49:18.149-0700] {processor.py:186} INFO - Started process (PID=6899) to work on /opt/anaconda3/lib/python3.12/site-packages/airflow/example_dags/tutorial.py
[2024-10-30T16:49:18.150-0700] {processor.py:914} INFO - Processing file /opt/anaconda3/lib/python3.12/site-packages/airflow/example_dags/tutorial.py for tasks to queue
[2024-10-30T16:49:18.150-0700] {logging_mixin.py:190} INFO - [2024-10-30T16:49:18.150-0700] {dagbag.py:588} INFO - Filling up the DagBag from /opt/anaconda3/lib/python3.12/site-packages/airflow/example_dags/tutorial.py
[2024-10-30T16:49:18.152-0700] {processor.py:925} INFO - DAG(s) 'tutorial' retrieved from /opt/anaconda3/lib/python3.12/site-packages/airflow/example_dags/tutorial.py
[2024-10-30T16:49:18.185-0700] {logging_mixin.py:190} INFO - [2024-10-30T16:49:18.185-0700] {dag.py:3239} INFO - Sync 1 DAGs
[2024-10-30T16:49:18.192-0700] {logging_mixin.py:190} INFO - [2024-10-30T16:49:18.192-0700] {dag.py:4180} INFO - Setting next_dagrun for tutorial to 2024-10-29 00:00:00+00:00, run_after=2024-10-30 00:00:00+00:00
[2024-10-30T16:49:18.198-0700] {processor.py:208} INFO - Processing /opt/anaconda3/lib/python3.12/site-packages/airflow/example_dags/tutorial.py took 0.050 seconds
