[2024-10-30T17:39:28.613-0700] {processor.py:186} INFO - Started process (PID=6942) to work on /opt/anaconda3/lib/python3.12/site-packages/airflow/example_dags/example_short_circuit_operator.py
[2024-10-30T17:39:28.614-0700] {processor.py:914} INFO - Processing file /opt/anaconda3/lib/python3.12/site-packages/airflow/example_dags/example_short_circuit_operator.py for tasks to queue
[2024-10-30T17:39:28.614-0700] {logging_mixin.py:190} INFO - [2024-10-30T17:39:28.614-0700] {dagbag.py:588} INFO - Filling up the DagBag from /opt/anaconda3/lib/python3.12/site-packages/airflow/example_dags/example_short_circuit_operator.py
[2024-10-30T17:39:28.626-0700] {processor.py:925} INFO - DAG(s) 'example_short_circuit_operator' retrieved from /opt/anaconda3/lib/python3.12/site-packages/airflow/example_dags/example_short_circuit_operator.py
[2024-10-30T17:39:28.656-0700] {logging_mixin.py:190} INFO - [2024-10-30T17:39:28.656-0700] {dag.py:3239} INFO - Sync 1 DAGs
[2024-10-30T17:39:28.659-0700] {logging_mixin.py:190} INFO - [2024-10-30T17:39:28.659-0700] {dag.py:4180} INFO - Setting next_dagrun for example_short_circuit_operator to None, run_after=None
[2024-10-30T17:39:28.666-0700] {processor.py:208} INFO - Processing /opt/anaconda3/lib/python3.12/site-packages/airflow/example_dags/example_short_circuit_operator.py took 0.054 seconds
[2024-10-30T18:22:34.937-0700] {processor.py:186} INFO - Started process (PID=7103) to work on /opt/anaconda3/lib/python3.12/site-packages/airflow/example_dags/example_short_circuit_operator.py
[2024-10-30T18:22:34.937-0700] {processor.py:914} INFO - Processing file /opt/anaconda3/lib/python3.12/site-packages/airflow/example_dags/example_short_circuit_operator.py for tasks to queue
[2024-10-30T18:22:34.938-0700] {logging_mixin.py:190} INFO - [2024-10-30T18:22:34.937-0700] {dagbag.py:588} INFO - Filling up the DagBag from /opt/anaconda3/lib/python3.12/site-packages/airflow/example_dags/example_short_circuit_operator.py
[2024-10-30T18:22:34.947-0700] {processor.py:925} INFO - DAG(s) 'example_short_circuit_operator' retrieved from /opt/anaconda3/lib/python3.12/site-packages/airflow/example_dags/example_short_circuit_operator.py
[2024-10-30T18:22:34.978-0700] {logging_mixin.py:190} INFO - [2024-10-30T18:22:34.978-0700] {dag.py:3239} INFO - Sync 1 DAGs
[2024-10-30T18:22:34.981-0700] {logging_mixin.py:190} INFO - [2024-10-30T18:22:34.981-0700] {dag.py:4180} INFO - Setting next_dagrun for example_short_circuit_operator to None, run_after=None
[2024-10-30T18:22:34.988-0700] {processor.py:208} INFO - Processing /opt/anaconda3/lib/python3.12/site-packages/airflow/example_dags/example_short_circuit_operator.py took 0.052 seconds
[2024-10-30T19:50:01.722-0700] {processor.py:186} INFO - Started process (PID=7284) to work on /opt/anaconda3/lib/python3.12/site-packages/airflow/example_dags/example_short_circuit_operator.py
[2024-10-30T19:50:01.723-0700] {processor.py:914} INFO - Processing file /opt/anaconda3/lib/python3.12/site-packages/airflow/example_dags/example_short_circuit_operator.py for tasks to queue
[2024-10-30T19:50:01.723-0700] {logging_mixin.py:190} INFO - [2024-10-30T19:50:01.723-0700] {dagbag.py:588} INFO - Filling up the DagBag from /opt/anaconda3/lib/python3.12/site-packages/airflow/example_dags/example_short_circuit_operator.py
[2024-10-30T19:50:01.734-0700] {processor.py:925} INFO - DAG(s) 'example_short_circuit_operator' retrieved from /opt/anaconda3/lib/python3.12/site-packages/airflow/example_dags/example_short_circuit_operator.py
[2024-10-30T19:50:01.766-0700] {logging_mixin.py:190} INFO - [2024-10-30T19:50:01.766-0700] {dag.py:3239} INFO - Sync 1 DAGs
[2024-10-30T19:50:01.770-0700] {logging_mixin.py:190} INFO - [2024-10-30T19:50:01.769-0700] {dag.py:4180} INFO - Setting next_dagrun for example_short_circuit_operator to None, run_after=None
[2024-10-30T19:50:01.775-0700] {processor.py:208} INFO - Processing /opt/anaconda3/lib/python3.12/site-packages/airflow/example_dags/example_short_circuit_operator.py took 0.054 seconds
[2024-10-30T20:59:32.639-0700] {processor.py:186} INFO - Started process (PID=9498) to work on /Users/saiprasadreddykolan/Documents/E-commerce_project/venv/lib/python3.10/site-packages/airflow/example_dags/example_short_circuit_operator.py
[2024-10-30T20:59:32.641-0700] {processor.py:914} INFO - Processing file /Users/saiprasadreddykolan/Documents/E-commerce_project/venv/lib/python3.10/site-packages/airflow/example_dags/example_short_circuit_operator.py for tasks to queue
[2024-10-30T20:59:32.641-0700] {logging_mixin.py:190} INFO - [2024-10-30T20:59:32.641-0700] {dagbag.py:588} INFO - Filling up the DagBag from /Users/saiprasadreddykolan/Documents/E-commerce_project/venv/lib/python3.10/site-packages/airflow/example_dags/example_short_circuit_operator.py
[2024-10-30T20:59:32.654-0700] {processor.py:925} INFO - DAG(s) 'example_short_circuit_operator' retrieved from /Users/saiprasadreddykolan/Documents/E-commerce_project/venv/lib/python3.10/site-packages/airflow/example_dags/example_short_circuit_operator.py
[2024-10-30T20:59:32.719-0700] {logging_mixin.py:190} INFO - [2024-10-30T20:59:32.718-0700] {dag.py:3239} INFO - Sync 1 DAGs
[2024-10-30T20:59:32.723-0700] {logging_mixin.py:190} INFO - [2024-10-30T20:59:32.723-0700] {dag.py:4180} INFO - Setting next_dagrun for example_short_circuit_operator to None, run_after=None
[2024-10-30T20:59:32.730-0700] {processor.py:208} INFO - Processing /Users/saiprasadreddykolan/Documents/E-commerce_project/venv/lib/python3.10/site-packages/airflow/example_dags/example_short_circuit_operator.py took 0.093 seconds
[2024-10-30T21:01:12.140-0700] {processor.py:186} INFO - Started process (PID=9618) to work on /Users/saiprasadreddykolan/Documents/E-commerce_project/venv/lib/python3.10/site-packages/airflow/example_dags/example_short_circuit_operator.py
[2024-10-30T21:01:12.142-0700] {processor.py:914} INFO - Processing file /Users/saiprasadreddykolan/Documents/E-commerce_project/venv/lib/python3.10/site-packages/airflow/example_dags/example_short_circuit_operator.py for tasks to queue
[2024-10-30T21:01:12.143-0700] {logging_mixin.py:190} INFO - [2024-10-30T21:01:12.143-0700] {dagbag.py:588} INFO - Filling up the DagBag from /Users/saiprasadreddykolan/Documents/E-commerce_project/venv/lib/python3.10/site-packages/airflow/example_dags/example_short_circuit_operator.py
[2024-10-30T21:01:12.153-0700] {processor.py:925} INFO - DAG(s) 'example_short_circuit_operator' retrieved from /Users/saiprasadreddykolan/Documents/E-commerce_project/venv/lib/python3.10/site-packages/airflow/example_dags/example_short_circuit_operator.py
[2024-10-30T21:01:12.190-0700] {logging_mixin.py:190} INFO - [2024-10-30T21:01:12.190-0700] {dag.py:3239} INFO - Sync 1 DAGs
[2024-10-30T21:01:12.195-0700] {logging_mixin.py:190} INFO - [2024-10-30T21:01:12.195-0700] {dag.py:4180} INFO - Setting next_dagrun for example_short_circuit_operator to None, run_after=None
[2024-10-30T21:01:12.202-0700] {processor.py:208} INFO - Processing /Users/saiprasadreddykolan/Documents/E-commerce_project/venv/lib/python3.10/site-packages/airflow/example_dags/example_short_circuit_operator.py took 0.063 seconds
[2024-10-30T21:03:18.010-0700] {processor.py:186} INFO - Started process (PID=9828) to work on /Users/saiprasadreddykolan/Documents/E-commerce_project/venv/lib/python3.10/site-packages/airflow/example_dags/example_short_circuit_operator.py
[2024-10-30T21:03:18.012-0700] {processor.py:914} INFO - Processing file /Users/saiprasadreddykolan/Documents/E-commerce_project/venv/lib/python3.10/site-packages/airflow/example_dags/example_short_circuit_operator.py for tasks to queue
[2024-10-30T21:03:18.012-0700] {logging_mixin.py:190} INFO - [2024-10-30T21:03:18.012-0700] {dagbag.py:588} INFO - Filling up the DagBag from /Users/saiprasadreddykolan/Documents/E-commerce_project/venv/lib/python3.10/site-packages/airflow/example_dags/example_short_circuit_operator.py
[2024-10-30T21:03:18.021-0700] {processor.py:925} INFO - DAG(s) 'example_short_circuit_operator' retrieved from /Users/saiprasadreddykolan/Documents/E-commerce_project/venv/lib/python3.10/site-packages/airflow/example_dags/example_short_circuit_operator.py
[2024-10-30T21:03:18.057-0700] {logging_mixin.py:190} INFO - [2024-10-30T21:03:18.057-0700] {dag.py:3239} INFO - Sync 1 DAGs
[2024-10-30T21:03:18.061-0700] {logging_mixin.py:190} INFO - [2024-10-30T21:03:18.061-0700] {dag.py:4180} INFO - Setting next_dagrun for example_short_circuit_operator to None, run_after=None
[2024-10-30T21:03:18.068-0700] {processor.py:208} INFO - Processing /Users/saiprasadreddykolan/Documents/E-commerce_project/venv/lib/python3.10/site-packages/airflow/example_dags/example_short_circuit_operator.py took 0.060 seconds
[2024-10-30T21:04:24.764-0700] {processor.py:186} INFO - Started process (PID=9936) to work on /Users/saiprasadreddykolan/Documents/E-commerce_project/venv/lib/python3.10/site-packages/airflow/example_dags/example_short_circuit_operator.py
[2024-10-30T21:04:24.766-0700] {processor.py:914} INFO - Processing file /Users/saiprasadreddykolan/Documents/E-commerce_project/venv/lib/python3.10/site-packages/airflow/example_dags/example_short_circuit_operator.py for tasks to queue
[2024-10-30T21:04:24.767-0700] {logging_mixin.py:190} INFO - [2024-10-30T21:04:24.767-0700] {dagbag.py:588} INFO - Filling up the DagBag from /Users/saiprasadreddykolan/Documents/E-commerce_project/venv/lib/python3.10/site-packages/airflow/example_dags/example_short_circuit_operator.py
[2024-10-30T21:04:24.777-0700] {processor.py:925} INFO - DAG(s) 'example_short_circuit_operator' retrieved from /Users/saiprasadreddykolan/Documents/E-commerce_project/venv/lib/python3.10/site-packages/airflow/example_dags/example_short_circuit_operator.py
[2024-10-30T21:04:24.813-0700] {logging_mixin.py:190} INFO - [2024-10-30T21:04:24.813-0700] {dag.py:3239} INFO - Sync 1 DAGs
[2024-10-30T21:04:24.817-0700] {logging_mixin.py:190} INFO - [2024-10-30T21:04:24.817-0700] {dag.py:4180} INFO - Setting next_dagrun for example_short_circuit_operator to None, run_after=None
[2024-10-30T21:04:24.823-0700] {processor.py:208} INFO - Processing /Users/saiprasadreddykolan/Documents/E-commerce_project/venv/lib/python3.10/site-packages/airflow/example_dags/example_short_circuit_operator.py took 0.060 seconds
[2024-10-30T21:05:31.135-0700] {processor.py:186} INFO - Started process (PID=10025) to work on /Users/saiprasadreddykolan/Documents/E-commerce_project/venv/lib/python3.10/site-packages/airflow/example_dags/example_short_circuit_operator.py
[2024-10-30T21:05:31.137-0700] {processor.py:914} INFO - Processing file /Users/saiprasadreddykolan/Documents/E-commerce_project/venv/lib/python3.10/site-packages/airflow/example_dags/example_short_circuit_operator.py for tasks to queue
[2024-10-30T21:05:31.137-0700] {logging_mixin.py:190} INFO - [2024-10-30T21:05:31.137-0700] {dagbag.py:588} INFO - Filling up the DagBag from /Users/saiprasadreddykolan/Documents/E-commerce_project/venv/lib/python3.10/site-packages/airflow/example_dags/example_short_circuit_operator.py
[2024-10-30T21:05:31.146-0700] {processor.py:925} INFO - DAG(s) 'example_short_circuit_operator' retrieved from /Users/saiprasadreddykolan/Documents/E-commerce_project/venv/lib/python3.10/site-packages/airflow/example_dags/example_short_circuit_operator.py
[2024-10-30T21:05:31.184-0700] {logging_mixin.py:190} INFO - [2024-10-30T21:05:31.184-0700] {dag.py:3239} INFO - Sync 1 DAGs
[2024-10-30T21:05:31.188-0700] {logging_mixin.py:190} INFO - [2024-10-30T21:05:31.188-0700] {dag.py:4180} INFO - Setting next_dagrun for example_short_circuit_operator to None, run_after=None
[2024-10-30T21:05:31.194-0700] {processor.py:208} INFO - Processing /Users/saiprasadreddykolan/Documents/E-commerce_project/venv/lib/python3.10/site-packages/airflow/example_dags/example_short_circuit_operator.py took 0.060 seconds
[2024-10-30T21:06:38.217-0700] {processor.py:186} INFO - Started process (PID=10111) to work on /Users/saiprasadreddykolan/Documents/E-commerce_project/venv/lib/python3.10/site-packages/airflow/example_dags/example_short_circuit_operator.py
[2024-10-30T21:06:38.219-0700] {processor.py:914} INFO - Processing file /Users/saiprasadreddykolan/Documents/E-commerce_project/venv/lib/python3.10/site-packages/airflow/example_dags/example_short_circuit_operator.py for tasks to queue
[2024-10-30T21:06:38.219-0700] {logging_mixin.py:190} INFO - [2024-10-30T21:06:38.219-0700] {dagbag.py:588} INFO - Filling up the DagBag from /Users/saiprasadreddykolan/Documents/E-commerce_project/venv/lib/python3.10/site-packages/airflow/example_dags/example_short_circuit_operator.py
[2024-10-30T21:06:38.229-0700] {processor.py:925} INFO - DAG(s) 'example_short_circuit_operator' retrieved from /Users/saiprasadreddykolan/Documents/E-commerce_project/venv/lib/python3.10/site-packages/airflow/example_dags/example_short_circuit_operator.py
[2024-10-30T21:06:38.267-0700] {logging_mixin.py:190} INFO - [2024-10-30T21:06:38.267-0700] {dag.py:3239} INFO - Sync 1 DAGs
[2024-10-30T21:06:38.271-0700] {logging_mixin.py:190} INFO - [2024-10-30T21:06:38.270-0700] {dag.py:4180} INFO - Setting next_dagrun for example_short_circuit_operator to None, run_after=None
[2024-10-30T21:06:38.277-0700] {processor.py:208} INFO - Processing /Users/saiprasadreddykolan/Documents/E-commerce_project/venv/lib/python3.10/site-packages/airflow/example_dags/example_short_circuit_operator.py took 0.061 seconds
[2024-10-30T21:07:47.537-0700] {processor.py:186} INFO - Started process (PID=10193) to work on /Users/saiprasadreddykolan/Documents/E-commerce_project/venv/lib/python3.10/site-packages/airflow/example_dags/example_short_circuit_operator.py
[2024-10-30T21:07:47.539-0700] {processor.py:914} INFO - Processing file /Users/saiprasadreddykolan/Documents/E-commerce_project/venv/lib/python3.10/site-packages/airflow/example_dags/example_short_circuit_operator.py for tasks to queue
[2024-10-30T21:07:47.539-0700] {logging_mixin.py:190} INFO - [2024-10-30T21:07:47.539-0700] {dagbag.py:588} INFO - Filling up the DagBag from /Users/saiprasadreddykolan/Documents/E-commerce_project/venv/lib/python3.10/site-packages/airflow/example_dags/example_short_circuit_operator.py
[2024-10-30T21:07:47.550-0700] {processor.py:925} INFO - DAG(s) 'example_short_circuit_operator' retrieved from /Users/saiprasadreddykolan/Documents/E-commerce_project/venv/lib/python3.10/site-packages/airflow/example_dags/example_short_circuit_operator.py
[2024-10-30T21:07:47.588-0700] {logging_mixin.py:190} INFO - [2024-10-30T21:07:47.588-0700] {dag.py:3239} INFO - Sync 1 DAGs
[2024-10-30T21:07:47.591-0700] {logging_mixin.py:190} INFO - [2024-10-30T21:07:47.591-0700] {dag.py:4180} INFO - Setting next_dagrun for example_short_circuit_operator to None, run_after=None
[2024-10-30T21:07:47.598-0700] {processor.py:208} INFO - Processing /Users/saiprasadreddykolan/Documents/E-commerce_project/venv/lib/python3.10/site-packages/airflow/example_dags/example_short_circuit_operator.py took 0.063 seconds
[2024-10-30T21:08:54.846-0700] {processor.py:186} INFO - Started process (PID=10300) to work on /Users/saiprasadreddykolan/Documents/E-commerce_project/venv/lib/python3.10/site-packages/airflow/example_dags/example_short_circuit_operator.py
[2024-10-30T21:08:54.848-0700] {processor.py:914} INFO - Processing file /Users/saiprasadreddykolan/Documents/E-commerce_project/venv/lib/python3.10/site-packages/airflow/example_dags/example_short_circuit_operator.py for tasks to queue
[2024-10-30T21:08:54.848-0700] {logging_mixin.py:190} INFO - [2024-10-30T21:08:54.848-0700] {dagbag.py:588} INFO - Filling up the DagBag from /Users/saiprasadreddykolan/Documents/E-commerce_project/venv/lib/python3.10/site-packages/airflow/example_dags/example_short_circuit_operator.py
[2024-10-30T21:08:54.857-0700] {processor.py:925} INFO - DAG(s) 'example_short_circuit_operator' retrieved from /Users/saiprasadreddykolan/Documents/E-commerce_project/venv/lib/python3.10/site-packages/airflow/example_dags/example_short_circuit_operator.py
[2024-10-30T21:08:54.893-0700] {logging_mixin.py:190} INFO - [2024-10-30T21:08:54.893-0700] {dag.py:3239} INFO - Sync 1 DAGs
[2024-10-30T21:08:54.896-0700] {logging_mixin.py:190} INFO - [2024-10-30T21:08:54.896-0700] {dag.py:4180} INFO - Setting next_dagrun for example_short_circuit_operator to None, run_after=None
[2024-10-30T21:08:54.903-0700] {processor.py:208} INFO - Processing /Users/saiprasadreddykolan/Documents/E-commerce_project/venv/lib/python3.10/site-packages/airflow/example_dags/example_short_circuit_operator.py took 0.058 seconds
[2024-10-30T21:10:03.856-0700] {processor.py:186} INFO - Started process (PID=10383) to work on /Users/saiprasadreddykolan/Documents/E-commerce_project/venv/lib/python3.10/site-packages/airflow/example_dags/example_short_circuit_operator.py
[2024-10-30T21:10:03.857-0700] {processor.py:914} INFO - Processing file /Users/saiprasadreddykolan/Documents/E-commerce_project/venv/lib/python3.10/site-packages/airflow/example_dags/example_short_circuit_operator.py for tasks to queue
[2024-10-30T21:10:03.858-0700] {logging_mixin.py:190} INFO - [2024-10-30T21:10:03.858-0700] {dagbag.py:588} INFO - Filling up the DagBag from /Users/saiprasadreddykolan/Documents/E-commerce_project/venv/lib/python3.10/site-packages/airflow/example_dags/example_short_circuit_operator.py
[2024-10-30T21:10:03.869-0700] {processor.py:925} INFO - DAG(s) 'example_short_circuit_operator' retrieved from /Users/saiprasadreddykolan/Documents/E-commerce_project/venv/lib/python3.10/site-packages/airflow/example_dags/example_short_circuit_operator.py
[2024-10-30T21:10:03.908-0700] {logging_mixin.py:190} INFO - [2024-10-30T21:10:03.908-0700] {dag.py:3239} INFO - Sync 1 DAGs
[2024-10-30T21:10:03.912-0700] {logging_mixin.py:190} INFO - [2024-10-30T21:10:03.912-0700] {dag.py:4180} INFO - Setting next_dagrun for example_short_circuit_operator to None, run_after=None
[2024-10-30T21:10:03.919-0700] {processor.py:208} INFO - Processing /Users/saiprasadreddykolan/Documents/E-commerce_project/venv/lib/python3.10/site-packages/airflow/example_dags/example_short_circuit_operator.py took 0.065 seconds
[2024-10-30T21:12:14.352-0700] {processor.py:186} INFO - Started process (PID=10644) to work on /Users/saiprasadreddykolan/Documents/E-commerce_project/venv/lib/python3.10/site-packages/airflow/example_dags/example_short_circuit_operator.py
[2024-10-30T21:12:14.355-0700] {processor.py:914} INFO - Processing file /Users/saiprasadreddykolan/Documents/E-commerce_project/venv/lib/python3.10/site-packages/airflow/example_dags/example_short_circuit_operator.py for tasks to queue
[2024-10-30T21:12:14.355-0700] {logging_mixin.py:190} INFO - [2024-10-30T21:12:14.355-0700] {dagbag.py:588} INFO - Filling up the DagBag from /Users/saiprasadreddykolan/Documents/E-commerce_project/venv/lib/python3.10/site-packages/airflow/example_dags/example_short_circuit_operator.py
[2024-10-30T21:12:14.365-0700] {processor.py:925} INFO - DAG(s) 'example_short_circuit_operator' retrieved from /Users/saiprasadreddykolan/Documents/E-commerce_project/venv/lib/python3.10/site-packages/airflow/example_dags/example_short_circuit_operator.py
[2024-10-30T21:12:14.400-0700] {logging_mixin.py:190} INFO - [2024-10-30T21:12:14.399-0700] {dag.py:3239} INFO - Sync 1 DAGs
[2024-10-30T21:12:14.403-0700] {logging_mixin.py:190} INFO - [2024-10-30T21:12:14.403-0700] {dag.py:4180} INFO - Setting next_dagrun for example_short_circuit_operator to None, run_after=None
[2024-10-30T21:12:14.409-0700] {processor.py:208} INFO - Processing /Users/saiprasadreddykolan/Documents/E-commerce_project/venv/lib/python3.10/site-packages/airflow/example_dags/example_short_circuit_operator.py took 0.058 seconds
[2024-10-30T21:14:19.981-0700] {processor.py:186} INFO - Started process (PID=12377) to work on /Users/saiprasadreddykolan/Documents/E-commerce_project/venv/lib/python3.10/site-packages/airflow/example_dags/example_short_circuit_operator.py
[2024-10-30T21:14:19.983-0700] {processor.py:914} INFO - Processing file /Users/saiprasadreddykolan/Documents/E-commerce_project/venv/lib/python3.10/site-packages/airflow/example_dags/example_short_circuit_operator.py for tasks to queue
[2024-10-30T21:14:19.984-0700] {logging_mixin.py:190} INFO - [2024-10-30T21:14:19.984-0700] {dagbag.py:588} INFO - Filling up the DagBag from /Users/saiprasadreddykolan/Documents/E-commerce_project/venv/lib/python3.10/site-packages/airflow/example_dags/example_short_circuit_operator.py
[2024-10-30T21:14:19.993-0700] {processor.py:925} INFO - DAG(s) 'example_short_circuit_operator' retrieved from /Users/saiprasadreddykolan/Documents/E-commerce_project/venv/lib/python3.10/site-packages/airflow/example_dags/example_short_circuit_operator.py
[2024-10-30T21:14:20.028-0700] {logging_mixin.py:190} INFO - [2024-10-30T21:14:20.028-0700] {dag.py:3239} INFO - Sync 1 DAGs
[2024-10-30T21:14:20.031-0700] {logging_mixin.py:190} INFO - [2024-10-30T21:14:20.031-0700] {dag.py:4180} INFO - Setting next_dagrun for example_short_circuit_operator to None, run_after=None
[2024-10-30T21:14:20.038-0700] {processor.py:208} INFO - Processing /Users/saiprasadreddykolan/Documents/E-commerce_project/venv/lib/python3.10/site-packages/airflow/example_dags/example_short_circuit_operator.py took 0.058 seconds
[2024-10-30T21:15:30.620-0700] {processor.py:186} INFO - Started process (PID=23383) to work on /Users/saiprasadreddykolan/Documents/E-commerce_project/venv/lib/python3.10/site-packages/airflow/example_dags/example_short_circuit_operator.py
[2024-10-30T21:15:30.622-0700] {processor.py:914} INFO - Processing file /Users/saiprasadreddykolan/Documents/E-commerce_project/venv/lib/python3.10/site-packages/airflow/example_dags/example_short_circuit_operator.py for tasks to queue
[2024-10-30T21:15:30.623-0700] {logging_mixin.py:190} INFO - [2024-10-30T21:15:30.623-0700] {dagbag.py:588} INFO - Filling up the DagBag from /Users/saiprasadreddykolan/Documents/E-commerce_project/venv/lib/python3.10/site-packages/airflow/example_dags/example_short_circuit_operator.py
[2024-10-30T21:15:30.632-0700] {processor.py:925} INFO - DAG(s) 'example_short_circuit_operator' retrieved from /Users/saiprasadreddykolan/Documents/E-commerce_project/venv/lib/python3.10/site-packages/airflow/example_dags/example_short_circuit_operator.py
[2024-10-30T21:15:30.667-0700] {logging_mixin.py:190} INFO - [2024-10-30T21:15:30.666-0700] {dag.py:3239} INFO - Sync 1 DAGs
[2024-10-30T21:15:30.670-0700] {logging_mixin.py:190} INFO - [2024-10-30T21:15:30.670-0700] {dag.py:4180} INFO - Setting next_dagrun for example_short_circuit_operator to None, run_after=None
[2024-10-30T21:15:30.676-0700] {processor.py:208} INFO - Processing /Users/saiprasadreddykolan/Documents/E-commerce_project/venv/lib/python3.10/site-packages/airflow/example_dags/example_short_circuit_operator.py took 0.057 seconds
[2024-10-30T21:16:42.773-0700] {processor.py:186} INFO - Started process (PID=30225) to work on /Users/saiprasadreddykolan/Documents/E-commerce_project/venv/lib/python3.10/site-packages/airflow/example_dags/example_short_circuit_operator.py
[2024-10-30T21:16:42.775-0700] {processor.py:914} INFO - Processing file /Users/saiprasadreddykolan/Documents/E-commerce_project/venv/lib/python3.10/site-packages/airflow/example_dags/example_short_circuit_operator.py for tasks to queue
[2024-10-30T21:16:42.775-0700] {logging_mixin.py:190} INFO - [2024-10-30T21:16:42.775-0700] {dagbag.py:588} INFO - Filling up the DagBag from /Users/saiprasadreddykolan/Documents/E-commerce_project/venv/lib/python3.10/site-packages/airflow/example_dags/example_short_circuit_operator.py
[2024-10-30T21:16:42.786-0700] {processor.py:925} INFO - DAG(s) 'example_short_circuit_operator' retrieved from /Users/saiprasadreddykolan/Documents/E-commerce_project/venv/lib/python3.10/site-packages/airflow/example_dags/example_short_circuit_operator.py
[2024-10-30T21:16:42.825-0700] {logging_mixin.py:190} INFO - [2024-10-30T21:16:42.824-0700] {dag.py:3239} INFO - Sync 1 DAGs
[2024-10-30T21:16:42.828-0700] {logging_mixin.py:190} INFO - [2024-10-30T21:16:42.828-0700] {dag.py:4180} INFO - Setting next_dagrun for example_short_circuit_operator to None, run_after=None
[2024-10-30T21:16:42.835-0700] {processor.py:208} INFO - Processing /Users/saiprasadreddykolan/Documents/E-commerce_project/venv/lib/python3.10/site-packages/airflow/example_dags/example_short_circuit_operator.py took 0.064 seconds
[2024-10-30T21:17:50.685-0700] {processor.py:186} INFO - Started process (PID=33234) to work on /Users/saiprasadreddykolan/Documents/E-commerce_project/venv/lib/python3.10/site-packages/airflow/example_dags/example_short_circuit_operator.py
[2024-10-30T21:17:50.688-0700] {processor.py:914} INFO - Processing file /Users/saiprasadreddykolan/Documents/E-commerce_project/venv/lib/python3.10/site-packages/airflow/example_dags/example_short_circuit_operator.py for tasks to queue
[2024-10-30T21:17:50.688-0700] {logging_mixin.py:190} INFO - [2024-10-30T21:17:50.688-0700] {dagbag.py:588} INFO - Filling up the DagBag from /Users/saiprasadreddykolan/Documents/E-commerce_project/venv/lib/python3.10/site-packages/airflow/example_dags/example_short_circuit_operator.py
[2024-10-30T21:17:50.700-0700] {processor.py:925} INFO - DAG(s) 'example_short_circuit_operator' retrieved from /Users/saiprasadreddykolan/Documents/E-commerce_project/venv/lib/python3.10/site-packages/airflow/example_dags/example_short_circuit_operator.py
[2024-10-30T21:17:50.740-0700] {logging_mixin.py:190} INFO - [2024-10-30T21:17:50.740-0700] {dag.py:3239} INFO - Sync 1 DAGs
[2024-10-30T21:17:50.744-0700] {logging_mixin.py:190} INFO - [2024-10-30T21:17:50.744-0700] {dag.py:4180} INFO - Setting next_dagrun for example_short_circuit_operator to None, run_after=None
[2024-10-30T21:17:50.752-0700] {processor.py:208} INFO - Processing /Users/saiprasadreddykolan/Documents/E-commerce_project/venv/lib/python3.10/site-packages/airflow/example_dags/example_short_circuit_operator.py took 0.069 seconds
[2024-10-30T21:18:59.776-0700] {processor.py:186} INFO - Started process (PID=33321) to work on /Users/saiprasadreddykolan/Documents/E-commerce_project/venv/lib/python3.10/site-packages/airflow/example_dags/example_short_circuit_operator.py
[2024-10-30T21:18:59.779-0700] {processor.py:914} INFO - Processing file /Users/saiprasadreddykolan/Documents/E-commerce_project/venv/lib/python3.10/site-packages/airflow/example_dags/example_short_circuit_operator.py for tasks to queue
[2024-10-30T21:18:59.779-0700] {logging_mixin.py:190} INFO - [2024-10-30T21:18:59.779-0700] {dagbag.py:588} INFO - Filling up the DagBag from /Users/saiprasadreddykolan/Documents/E-commerce_project/venv/lib/python3.10/site-packages/airflow/example_dags/example_short_circuit_operator.py
[2024-10-30T21:18:59.788-0700] {processor.py:925} INFO - DAG(s) 'example_short_circuit_operator' retrieved from /Users/saiprasadreddykolan/Documents/E-commerce_project/venv/lib/python3.10/site-packages/airflow/example_dags/example_short_circuit_operator.py
[2024-10-30T21:18:59.823-0700] {logging_mixin.py:190} INFO - [2024-10-30T21:18:59.823-0700] {dag.py:3239} INFO - Sync 1 DAGs
[2024-10-30T21:18:59.827-0700] {logging_mixin.py:190} INFO - [2024-10-30T21:18:59.826-0700] {dag.py:4180} INFO - Setting next_dagrun for example_short_circuit_operator to None, run_after=None
[2024-10-30T21:18:59.833-0700] {processor.py:208} INFO - Processing /Users/saiprasadreddykolan/Documents/E-commerce_project/venv/lib/python3.10/site-packages/airflow/example_dags/example_short_circuit_operator.py took 0.058 seconds
[2024-10-30T21:21:07.822-0700] {processor.py:186} INFO - Started process (PID=33533) to work on /Users/saiprasadreddykolan/Documents/E-commerce_project/venv/lib/python3.10/site-packages/airflow/example_dags/example_short_circuit_operator.py
[2024-10-30T21:21:07.824-0700] {processor.py:914} INFO - Processing file /Users/saiprasadreddykolan/Documents/E-commerce_project/venv/lib/python3.10/site-packages/airflow/example_dags/example_short_circuit_operator.py for tasks to queue
[2024-10-30T21:21:07.824-0700] {logging_mixin.py:190} INFO - [2024-10-30T21:21:07.824-0700] {dagbag.py:588} INFO - Filling up the DagBag from /Users/saiprasadreddykolan/Documents/E-commerce_project/venv/lib/python3.10/site-packages/airflow/example_dags/example_short_circuit_operator.py
[2024-10-30T21:21:07.833-0700] {processor.py:925} INFO - DAG(s) 'example_short_circuit_operator' retrieved from /Users/saiprasadreddykolan/Documents/E-commerce_project/venv/lib/python3.10/site-packages/airflow/example_dags/example_short_circuit_operator.py
[2024-10-30T21:21:07.868-0700] {logging_mixin.py:190} INFO - [2024-10-30T21:21:07.868-0700] {dag.py:3239} INFO - Sync 1 DAGs
[2024-10-30T21:21:07.871-0700] {logging_mixin.py:190} INFO - [2024-10-30T21:21:07.871-0700] {dag.py:4180} INFO - Setting next_dagrun for example_short_circuit_operator to None, run_after=None
[2024-10-30T21:21:07.879-0700] {processor.py:208} INFO - Processing /Users/saiprasadreddykolan/Documents/E-commerce_project/venv/lib/python3.10/site-packages/airflow/example_dags/example_short_circuit_operator.py took 0.058 seconds
[2024-10-30T21:23:21.087-0700] {processor.py:186} INFO - Started process (PID=33759) to work on /Users/saiprasadreddykolan/Documents/E-commerce_project/venv/lib/python3.10/site-packages/airflow/example_dags/example_short_circuit_operator.py
[2024-10-30T21:23:21.089-0700] {processor.py:914} INFO - Processing file /Users/saiprasadreddykolan/Documents/E-commerce_project/venv/lib/python3.10/site-packages/airflow/example_dags/example_short_circuit_operator.py for tasks to queue
[2024-10-30T21:23:21.089-0700] {logging_mixin.py:190} INFO - [2024-10-30T21:23:21.089-0700] {dagbag.py:588} INFO - Filling up the DagBag from /Users/saiprasadreddykolan/Documents/E-commerce_project/venv/lib/python3.10/site-packages/airflow/example_dags/example_short_circuit_operator.py
[2024-10-30T21:23:21.099-0700] {processor.py:925} INFO - DAG(s) 'example_short_circuit_operator' retrieved from /Users/saiprasadreddykolan/Documents/E-commerce_project/venv/lib/python3.10/site-packages/airflow/example_dags/example_short_circuit_operator.py
[2024-10-30T21:23:21.134-0700] {logging_mixin.py:190} INFO - [2024-10-30T21:23:21.134-0700] {dag.py:3239} INFO - Sync 1 DAGs
[2024-10-30T21:23:21.138-0700] {logging_mixin.py:190} INFO - [2024-10-30T21:23:21.138-0700] {dag.py:4180} INFO - Setting next_dagrun for example_short_circuit_operator to None, run_after=None
[2024-10-30T21:23:21.144-0700] {processor.py:208} INFO - Processing /Users/saiprasadreddykolan/Documents/E-commerce_project/venv/lib/python3.10/site-packages/airflow/example_dags/example_short_circuit_operator.py took 0.058 seconds
[2024-10-30T21:24:28.708-0700] {processor.py:186} INFO - Started process (PID=34677) to work on /Users/saiprasadreddykolan/Documents/E-commerce_project/venv/lib/python3.10/site-packages/airflow/example_dags/example_short_circuit_operator.py
[2024-10-30T21:24:28.710-0700] {processor.py:914} INFO - Processing file /Users/saiprasadreddykolan/Documents/E-commerce_project/venv/lib/python3.10/site-packages/airflow/example_dags/example_short_circuit_operator.py for tasks to queue
[2024-10-30T21:24:28.710-0700] {logging_mixin.py:190} INFO - [2024-10-30T21:24:28.710-0700] {dagbag.py:588} INFO - Filling up the DagBag from /Users/saiprasadreddykolan/Documents/E-commerce_project/venv/lib/python3.10/site-packages/airflow/example_dags/example_short_circuit_operator.py
[2024-10-30T21:24:28.721-0700] {processor.py:925} INFO - DAG(s) 'example_short_circuit_operator' retrieved from /Users/saiprasadreddykolan/Documents/E-commerce_project/venv/lib/python3.10/site-packages/airflow/example_dags/example_short_circuit_operator.py
[2024-10-30T21:24:28.760-0700] {logging_mixin.py:190} INFO - [2024-10-30T21:24:28.760-0700] {dag.py:3239} INFO - Sync 1 DAGs
[2024-10-30T21:24:28.764-0700] {logging_mixin.py:190} INFO - [2024-10-30T21:24:28.764-0700] {dag.py:4180} INFO - Setting next_dagrun for example_short_circuit_operator to None, run_after=None
[2024-10-30T21:24:28.773-0700] {processor.py:208} INFO - Processing /Users/saiprasadreddykolan/Documents/E-commerce_project/venv/lib/python3.10/site-packages/airflow/example_dags/example_short_circuit_operator.py took 0.066 seconds
[2024-10-30T21:25:35.094-0700] {processor.py:186} INFO - Started process (PID=36120) to work on /Users/saiprasadreddykolan/Documents/E-commerce_project/venv/lib/python3.10/site-packages/airflow/example_dags/example_short_circuit_operator.py
[2024-10-30T21:25:35.096-0700] {processor.py:914} INFO - Processing file /Users/saiprasadreddykolan/Documents/E-commerce_project/venv/lib/python3.10/site-packages/airflow/example_dags/example_short_circuit_operator.py for tasks to queue
[2024-10-30T21:25:35.097-0700] {logging_mixin.py:190} INFO - [2024-10-30T21:25:35.096-0700] {dagbag.py:588} INFO - Filling up the DagBag from /Users/saiprasadreddykolan/Documents/E-commerce_project/venv/lib/python3.10/site-packages/airflow/example_dags/example_short_circuit_operator.py
[2024-10-30T21:25:35.116-0700] {processor.py:925} INFO - DAG(s) 'example_short_circuit_operator' retrieved from /Users/saiprasadreddykolan/Documents/E-commerce_project/venv/lib/python3.10/site-packages/airflow/example_dags/example_short_circuit_operator.py
[2024-10-30T21:25:35.152-0700] {logging_mixin.py:190} INFO - [2024-10-30T21:25:35.152-0700] {dag.py:3239} INFO - Sync 1 DAGs
[2024-10-30T21:25:35.156-0700] {logging_mixin.py:190} INFO - [2024-10-30T21:25:35.156-0700] {dag.py:4180} INFO - Setting next_dagrun for example_short_circuit_operator to None, run_after=None
[2024-10-30T21:25:35.162-0700] {processor.py:208} INFO - Processing /Users/saiprasadreddykolan/Documents/E-commerce_project/venv/lib/python3.10/site-packages/airflow/example_dags/example_short_circuit_operator.py took 0.069 seconds
[2024-10-30T21:26:42.884-0700] {processor.py:186} INFO - Started process (PID=36209) to work on /Users/saiprasadreddykolan/Documents/E-commerce_project/venv/lib/python3.10/site-packages/airflow/example_dags/example_short_circuit_operator.py
[2024-10-30T21:26:42.886-0700] {processor.py:914} INFO - Processing file /Users/saiprasadreddykolan/Documents/E-commerce_project/venv/lib/python3.10/site-packages/airflow/example_dags/example_short_circuit_operator.py for tasks to queue
[2024-10-30T21:26:42.886-0700] {logging_mixin.py:190} INFO - [2024-10-30T21:26:42.886-0700] {dagbag.py:588} INFO - Filling up the DagBag from /Users/saiprasadreddykolan/Documents/E-commerce_project/venv/lib/python3.10/site-packages/airflow/example_dags/example_short_circuit_operator.py
[2024-10-30T21:26:42.895-0700] {processor.py:925} INFO - DAG(s) 'example_short_circuit_operator' retrieved from /Users/saiprasadreddykolan/Documents/E-commerce_project/venv/lib/python3.10/site-packages/airflow/example_dags/example_short_circuit_operator.py
[2024-10-30T21:26:42.930-0700] {logging_mixin.py:190} INFO - [2024-10-30T21:26:42.930-0700] {dag.py:3239} INFO - Sync 1 DAGs
[2024-10-30T21:26:42.934-0700] {logging_mixin.py:190} INFO - [2024-10-30T21:26:42.934-0700] {dag.py:4180} INFO - Setting next_dagrun for example_short_circuit_operator to None, run_after=None
[2024-10-30T21:26:42.940-0700] {processor.py:208} INFO - Processing /Users/saiprasadreddykolan/Documents/E-commerce_project/venv/lib/python3.10/site-packages/airflow/example_dags/example_short_circuit_operator.py took 0.057 seconds
[2024-10-30T21:28:55.871-0700] {processor.py:186} INFO - Started process (PID=36446) to work on /Users/saiprasadreddykolan/Documents/E-commerce_project/venv/lib/python3.10/site-packages/airflow/example_dags/example_short_circuit_operator.py
[2024-10-30T21:28:55.873-0700] {processor.py:914} INFO - Processing file /Users/saiprasadreddykolan/Documents/E-commerce_project/venv/lib/python3.10/site-packages/airflow/example_dags/example_short_circuit_operator.py for tasks to queue
[2024-10-30T21:28:55.873-0700] {logging_mixin.py:190} INFO - [2024-10-30T21:28:55.873-0700] {dagbag.py:588} INFO - Filling up the DagBag from /Users/saiprasadreddykolan/Documents/E-commerce_project/venv/lib/python3.10/site-packages/airflow/example_dags/example_short_circuit_operator.py
[2024-10-30T21:28:55.883-0700] {processor.py:925} INFO - DAG(s) 'example_short_circuit_operator' retrieved from /Users/saiprasadreddykolan/Documents/E-commerce_project/venv/lib/python3.10/site-packages/airflow/example_dags/example_short_circuit_operator.py
[2024-10-30T21:28:55.918-0700] {logging_mixin.py:190} INFO - [2024-10-30T21:28:55.918-0700] {dag.py:3239} INFO - Sync 1 DAGs
[2024-10-30T21:28:55.923-0700] {logging_mixin.py:190} INFO - [2024-10-30T21:28:55.923-0700] {dag.py:4180} INFO - Setting next_dagrun for example_short_circuit_operator to None, run_after=None
[2024-10-30T21:28:55.930-0700] {processor.py:208} INFO - Processing /Users/saiprasadreddykolan/Documents/E-commerce_project/venv/lib/python3.10/site-packages/airflow/example_dags/example_short_circuit_operator.py took 0.061 seconds
[2024-10-30T21:31:02.344-0700] {processor.py:186} INFO - Started process (PID=36631) to work on /Users/saiprasadreddykolan/Documents/E-commerce_project/venv/lib/python3.10/site-packages/airflow/example_dags/example_short_circuit_operator.py
[2024-10-30T21:31:02.346-0700] {processor.py:914} INFO - Processing file /Users/saiprasadreddykolan/Documents/E-commerce_project/venv/lib/python3.10/site-packages/airflow/example_dags/example_short_circuit_operator.py for tasks to queue
[2024-10-30T21:31:02.346-0700] {logging_mixin.py:190} INFO - [2024-10-30T21:31:02.346-0700] {dagbag.py:588} INFO - Filling up the DagBag from /Users/saiprasadreddykolan/Documents/E-commerce_project/venv/lib/python3.10/site-packages/airflow/example_dags/example_short_circuit_operator.py
[2024-10-30T21:31:02.357-0700] {processor.py:925} INFO - DAG(s) 'example_short_circuit_operator' retrieved from /Users/saiprasadreddykolan/Documents/E-commerce_project/venv/lib/python3.10/site-packages/airflow/example_dags/example_short_circuit_operator.py
[2024-10-30T21:31:02.396-0700] {logging_mixin.py:190} INFO - [2024-10-30T21:31:02.396-0700] {dag.py:3239} INFO - Sync 1 DAGs
[2024-10-30T21:31:02.400-0700] {logging_mixin.py:190} INFO - [2024-10-30T21:31:02.400-0700] {dag.py:4180} INFO - Setting next_dagrun for example_short_circuit_operator to None, run_after=None
[2024-10-30T21:31:02.407-0700] {processor.py:208} INFO - Processing /Users/saiprasadreddykolan/Documents/E-commerce_project/venv/lib/python3.10/site-packages/airflow/example_dags/example_short_circuit_operator.py took 0.065 seconds
[2024-10-30T21:32:14.115-0700] {processor.py:186} INFO - Started process (PID=36727) to work on /Users/saiprasadreddykolan/Documents/E-commerce_project/venv/lib/python3.10/site-packages/airflow/example_dags/example_short_circuit_operator.py
[2024-10-30T21:32:14.117-0700] {processor.py:914} INFO - Processing file /Users/saiprasadreddykolan/Documents/E-commerce_project/venv/lib/python3.10/site-packages/airflow/example_dags/example_short_circuit_operator.py for tasks to queue
[2024-10-30T21:32:14.118-0700] {logging_mixin.py:190} INFO - [2024-10-30T21:32:14.118-0700] {dagbag.py:588} INFO - Filling up the DagBag from /Users/saiprasadreddykolan/Documents/E-commerce_project/venv/lib/python3.10/site-packages/airflow/example_dags/example_short_circuit_operator.py
[2024-10-30T21:32:14.128-0700] {processor.py:925} INFO - DAG(s) 'example_short_circuit_operator' retrieved from /Users/saiprasadreddykolan/Documents/E-commerce_project/venv/lib/python3.10/site-packages/airflow/example_dags/example_short_circuit_operator.py
[2024-10-30T21:32:14.164-0700] {logging_mixin.py:190} INFO - [2024-10-30T21:32:14.164-0700] {dag.py:3239} INFO - Sync 1 DAGs
[2024-10-30T21:32:14.167-0700] {logging_mixin.py:190} INFO - [2024-10-30T21:32:14.167-0700] {dag.py:4180} INFO - Setting next_dagrun for example_short_circuit_operator to None, run_after=None
[2024-10-30T21:32:14.173-0700] {processor.py:208} INFO - Processing /Users/saiprasadreddykolan/Documents/E-commerce_project/venv/lib/python3.10/site-packages/airflow/example_dags/example_short_circuit_operator.py took 0.059 seconds
[2024-10-30T21:33:22.674-0700] {processor.py:186} INFO - Started process (PID=36816) to work on /Users/saiprasadreddykolan/Documents/E-commerce_project/venv/lib/python3.10/site-packages/airflow/example_dags/example_short_circuit_operator.py
[2024-10-30T21:33:22.676-0700] {processor.py:914} INFO - Processing file /Users/saiprasadreddykolan/Documents/E-commerce_project/venv/lib/python3.10/site-packages/airflow/example_dags/example_short_circuit_operator.py for tasks to queue
[2024-10-30T21:33:22.677-0700] {logging_mixin.py:190} INFO - [2024-10-30T21:33:22.676-0700] {dagbag.py:588} INFO - Filling up the DagBag from /Users/saiprasadreddykolan/Documents/E-commerce_project/venv/lib/python3.10/site-packages/airflow/example_dags/example_short_circuit_operator.py
[2024-10-30T21:33:22.686-0700] {processor.py:925} INFO - DAG(s) 'example_short_circuit_operator' retrieved from /Users/saiprasadreddykolan/Documents/E-commerce_project/venv/lib/python3.10/site-packages/airflow/example_dags/example_short_circuit_operator.py
[2024-10-30T21:33:22.721-0700] {logging_mixin.py:190} INFO - [2024-10-30T21:33:22.720-0700] {dag.py:3239} INFO - Sync 1 DAGs
[2024-10-30T21:33:22.724-0700] {logging_mixin.py:190} INFO - [2024-10-30T21:33:22.724-0700] {dag.py:4180} INFO - Setting next_dagrun for example_short_circuit_operator to None, run_after=None
[2024-10-30T21:33:22.730-0700] {processor.py:208} INFO - Processing /Users/saiprasadreddykolan/Documents/E-commerce_project/venv/lib/python3.10/site-packages/airflow/example_dags/example_short_circuit_operator.py took 0.057 seconds
[2024-10-30T21:34:32.743-0700] {processor.py:186} INFO - Started process (PID=36899) to work on /Users/saiprasadreddykolan/Documents/E-commerce_project/venv/lib/python3.10/site-packages/airflow/example_dags/example_short_circuit_operator.py
[2024-10-30T21:34:32.746-0700] {processor.py:914} INFO - Processing file /Users/saiprasadreddykolan/Documents/E-commerce_project/venv/lib/python3.10/site-packages/airflow/example_dags/example_short_circuit_operator.py for tasks to queue
[2024-10-30T21:34:32.747-0700] {logging_mixin.py:190} INFO - [2024-10-30T21:34:32.747-0700] {dagbag.py:588} INFO - Filling up the DagBag from /Users/saiprasadreddykolan/Documents/E-commerce_project/venv/lib/python3.10/site-packages/airflow/example_dags/example_short_circuit_operator.py
[2024-10-30T21:34:32.756-0700] {processor.py:925} INFO - DAG(s) 'example_short_circuit_operator' retrieved from /Users/saiprasadreddykolan/Documents/E-commerce_project/venv/lib/python3.10/site-packages/airflow/example_dags/example_short_circuit_operator.py
[2024-10-30T21:34:32.790-0700] {logging_mixin.py:190} INFO - [2024-10-30T21:34:32.790-0700] {dag.py:3239} INFO - Sync 1 DAGs
[2024-10-30T21:34:32.794-0700] {logging_mixin.py:190} INFO - [2024-10-30T21:34:32.794-0700] {dag.py:4180} INFO - Setting next_dagrun for example_short_circuit_operator to None, run_after=None
[2024-10-30T21:34:32.800-0700] {processor.py:208} INFO - Processing /Users/saiprasadreddykolan/Documents/E-commerce_project/venv/lib/python3.10/site-packages/airflow/example_dags/example_short_circuit_operator.py took 0.058 seconds
[2024-10-30T21:35:40.151-0700] {processor.py:186} INFO - Started process (PID=36982) to work on /Users/saiprasadreddykolan/Documents/E-commerce_project/venv/lib/python3.10/site-packages/airflow/example_dags/example_short_circuit_operator.py
[2024-10-30T21:35:40.153-0700] {processor.py:914} INFO - Processing file /Users/saiprasadreddykolan/Documents/E-commerce_project/venv/lib/python3.10/site-packages/airflow/example_dags/example_short_circuit_operator.py for tasks to queue
[2024-10-30T21:35:40.154-0700] {logging_mixin.py:190} INFO - [2024-10-30T21:35:40.154-0700] {dagbag.py:588} INFO - Filling up the DagBag from /Users/saiprasadreddykolan/Documents/E-commerce_project/venv/lib/python3.10/site-packages/airflow/example_dags/example_short_circuit_operator.py
[2024-10-30T21:35:40.163-0700] {processor.py:925} INFO - DAG(s) 'example_short_circuit_operator' retrieved from /Users/saiprasadreddykolan/Documents/E-commerce_project/venv/lib/python3.10/site-packages/airflow/example_dags/example_short_circuit_operator.py
[2024-10-30T21:35:40.198-0700] {logging_mixin.py:190} INFO - [2024-10-30T21:35:40.197-0700] {dag.py:3239} INFO - Sync 1 DAGs
[2024-10-30T21:35:40.201-0700] {logging_mixin.py:190} INFO - [2024-10-30T21:35:40.201-0700] {dag.py:4180} INFO - Setting next_dagrun for example_short_circuit_operator to None, run_after=None
[2024-10-30T21:35:40.207-0700] {processor.py:208} INFO - Processing /Users/saiprasadreddykolan/Documents/E-commerce_project/venv/lib/python3.10/site-packages/airflow/example_dags/example_short_circuit_operator.py took 0.057 seconds
[2024-10-30T21:36:48.075-0700] {processor.py:186} INFO - Started process (PID=37065) to work on /Users/saiprasadreddykolan/Documents/E-commerce_project/venv/lib/python3.10/site-packages/airflow/example_dags/example_short_circuit_operator.py
[2024-10-30T21:36:48.078-0700] {processor.py:914} INFO - Processing file /Users/saiprasadreddykolan/Documents/E-commerce_project/venv/lib/python3.10/site-packages/airflow/example_dags/example_short_circuit_operator.py for tasks to queue
[2024-10-30T21:36:48.079-0700] {logging_mixin.py:190} INFO - [2024-10-30T21:36:48.079-0700] {dagbag.py:588} INFO - Filling up the DagBag from /Users/saiprasadreddykolan/Documents/E-commerce_project/venv/lib/python3.10/site-packages/airflow/example_dags/example_short_circuit_operator.py
[2024-10-30T21:36:48.088-0700] {processor.py:925} INFO - DAG(s) 'example_short_circuit_operator' retrieved from /Users/saiprasadreddykolan/Documents/E-commerce_project/venv/lib/python3.10/site-packages/airflow/example_dags/example_short_circuit_operator.py
[2024-10-30T21:36:48.122-0700] {logging_mixin.py:190} INFO - [2024-10-30T21:36:48.122-0700] {dag.py:3239} INFO - Sync 1 DAGs
[2024-10-30T21:36:48.125-0700] {logging_mixin.py:190} INFO - [2024-10-30T21:36:48.125-0700] {dag.py:4180} INFO - Setting next_dagrun for example_short_circuit_operator to None, run_after=None
[2024-10-30T21:36:48.131-0700] {processor.py:208} INFO - Processing /Users/saiprasadreddykolan/Documents/E-commerce_project/venv/lib/python3.10/site-packages/airflow/example_dags/example_short_circuit_operator.py took 0.057 seconds
[2024-10-30T21:38:57.586-0700] {processor.py:186} INFO - Started process (PID=37241) to work on /Users/saiprasadreddykolan/Documents/E-commerce_project/venv/lib/python3.10/site-packages/airflow/example_dags/example_short_circuit_operator.py
[2024-10-30T21:38:57.589-0700] {processor.py:914} INFO - Processing file /Users/saiprasadreddykolan/Documents/E-commerce_project/venv/lib/python3.10/site-packages/airflow/example_dags/example_short_circuit_operator.py for tasks to queue
[2024-10-30T21:38:57.590-0700] {logging_mixin.py:190} INFO - [2024-10-30T21:38:57.590-0700] {dagbag.py:588} INFO - Filling up the DagBag from /Users/saiprasadreddykolan/Documents/E-commerce_project/venv/lib/python3.10/site-packages/airflow/example_dags/example_short_circuit_operator.py
[2024-10-30T21:38:57.599-0700] {processor.py:925} INFO - DAG(s) 'example_short_circuit_operator' retrieved from /Users/saiprasadreddykolan/Documents/E-commerce_project/venv/lib/python3.10/site-packages/airflow/example_dags/example_short_circuit_operator.py
[2024-10-30T21:38:57.633-0700] {logging_mixin.py:190} INFO - [2024-10-30T21:38:57.633-0700] {dag.py:3239} INFO - Sync 1 DAGs
[2024-10-30T21:38:57.636-0700] {logging_mixin.py:190} INFO - [2024-10-30T21:38:57.636-0700] {dag.py:4180} INFO - Setting next_dagrun for example_short_circuit_operator to None, run_after=None
[2024-10-30T21:38:57.642-0700] {processor.py:208} INFO - Processing /Users/saiprasadreddykolan/Documents/E-commerce_project/venv/lib/python3.10/site-packages/airflow/example_dags/example_short_circuit_operator.py took 0.058 seconds
[2024-10-30T21:40:05.453-0700] {processor.py:186} INFO - Started process (PID=37336) to work on /Users/saiprasadreddykolan/Documents/E-commerce_project/venv/lib/python3.10/site-packages/airflow/example_dags/example_short_circuit_operator.py
[2024-10-30T21:40:05.456-0700] {processor.py:914} INFO - Processing file /Users/saiprasadreddykolan/Documents/E-commerce_project/venv/lib/python3.10/site-packages/airflow/example_dags/example_short_circuit_operator.py for tasks to queue
[2024-10-30T21:40:05.457-0700] {logging_mixin.py:190} INFO - [2024-10-30T21:40:05.457-0700] {dagbag.py:588} INFO - Filling up the DagBag from /Users/saiprasadreddykolan/Documents/E-commerce_project/venv/lib/python3.10/site-packages/airflow/example_dags/example_short_circuit_operator.py
[2024-10-30T21:40:05.466-0700] {processor.py:925} INFO - DAG(s) 'example_short_circuit_operator' retrieved from /Users/saiprasadreddykolan/Documents/E-commerce_project/venv/lib/python3.10/site-packages/airflow/example_dags/example_short_circuit_operator.py
[2024-10-30T21:40:05.500-0700] {logging_mixin.py:190} INFO - [2024-10-30T21:40:05.500-0700] {dag.py:3239} INFO - Sync 1 DAGs
[2024-10-30T21:40:05.504-0700] {logging_mixin.py:190} INFO - [2024-10-30T21:40:05.504-0700] {dag.py:4180} INFO - Setting next_dagrun for example_short_circuit_operator to None, run_after=None
[2024-10-30T21:40:05.510-0700] {processor.py:208} INFO - Processing /Users/saiprasadreddykolan/Documents/E-commerce_project/venv/lib/python3.10/site-packages/airflow/example_dags/example_short_circuit_operator.py took 0.058 seconds
[2024-10-30T21:42:16.409-0700] {processor.py:186} INFO - Started process (PID=37495) to work on /Users/saiprasadreddykolan/Documents/E-commerce_project/venv/lib/python3.10/site-packages/airflow/example_dags/example_short_circuit_operator.py
[2024-10-30T21:42:16.412-0700] {processor.py:914} INFO - Processing file /Users/saiprasadreddykolan/Documents/E-commerce_project/venv/lib/python3.10/site-packages/airflow/example_dags/example_short_circuit_operator.py for tasks to queue
[2024-10-30T21:42:16.412-0700] {logging_mixin.py:190} INFO - [2024-10-30T21:42:16.412-0700] {dagbag.py:588} INFO - Filling up the DagBag from /Users/saiprasadreddykolan/Documents/E-commerce_project/venv/lib/python3.10/site-packages/airflow/example_dags/example_short_circuit_operator.py
[2024-10-30T21:42:16.421-0700] {processor.py:925} INFO - DAG(s) 'example_short_circuit_operator' retrieved from /Users/saiprasadreddykolan/Documents/E-commerce_project/venv/lib/python3.10/site-packages/airflow/example_dags/example_short_circuit_operator.py
[2024-10-30T21:42:16.455-0700] {logging_mixin.py:190} INFO - [2024-10-30T21:42:16.455-0700] {dag.py:3239} INFO - Sync 1 DAGs
[2024-10-30T21:42:16.459-0700] {logging_mixin.py:190} INFO - [2024-10-30T21:42:16.459-0700] {dag.py:4180} INFO - Setting next_dagrun for example_short_circuit_operator to None, run_after=None
[2024-10-30T21:42:16.465-0700] {processor.py:208} INFO - Processing /Users/saiprasadreddykolan/Documents/E-commerce_project/venv/lib/python3.10/site-packages/airflow/example_dags/example_short_circuit_operator.py took 0.057 seconds
[2024-10-30T22:49:29.033-0700] {processor.py:186} INFO - Started process (PID=37711) to work on /Users/saiprasadreddykolan/Documents/E-commerce_project/venv/lib/python3.10/site-packages/airflow/example_dags/example_short_circuit_operator.py
[2024-10-30T22:49:29.036-0700] {processor.py:914} INFO - Processing file /Users/saiprasadreddykolan/Documents/E-commerce_project/venv/lib/python3.10/site-packages/airflow/example_dags/example_short_circuit_operator.py for tasks to queue
[2024-10-30T22:49:29.036-0700] {logging_mixin.py:190} INFO - [2024-10-30T22:49:29.036-0700] {dagbag.py:588} INFO - Filling up the DagBag from /Users/saiprasadreddykolan/Documents/E-commerce_project/venv/lib/python3.10/site-packages/airflow/example_dags/example_short_circuit_operator.py
[2024-10-30T22:49:29.045-0700] {processor.py:925} INFO - DAG(s) 'example_short_circuit_operator' retrieved from /Users/saiprasadreddykolan/Documents/E-commerce_project/venv/lib/python3.10/site-packages/airflow/example_dags/example_short_circuit_operator.py
[2024-10-30T22:49:29.079-0700] {logging_mixin.py:190} INFO - [2024-10-30T22:49:29.079-0700] {dag.py:3239} INFO - Sync 1 DAGs
[2024-10-30T22:49:29.083-0700] {logging_mixin.py:190} INFO - [2024-10-30T22:49:29.083-0700] {dag.py:4180} INFO - Setting next_dagrun for example_short_circuit_operator to None, run_after=None
[2024-10-30T22:49:29.088-0700] {processor.py:208} INFO - Processing /Users/saiprasadreddykolan/Documents/E-commerce_project/venv/lib/python3.10/site-packages/airflow/example_dags/example_short_circuit_operator.py took 0.056 seconds
[2024-10-30T23:44:09.434-0700] {processor.py:186} INFO - Started process (PID=37887) to work on /Users/saiprasadreddykolan/Documents/E-commerce_project/venv/lib/python3.10/site-packages/airflow/example_dags/example_short_circuit_operator.py
[2024-10-30T23:44:09.436-0700] {processor.py:914} INFO - Processing file /Users/saiprasadreddykolan/Documents/E-commerce_project/venv/lib/python3.10/site-packages/airflow/example_dags/example_short_circuit_operator.py for tasks to queue
[2024-10-30T23:44:09.437-0700] {logging_mixin.py:190} INFO - [2024-10-30T23:44:09.437-0700] {dagbag.py:588} INFO - Filling up the DagBag from /Users/saiprasadreddykolan/Documents/E-commerce_project/venv/lib/python3.10/site-packages/airflow/example_dags/example_short_circuit_operator.py
[2024-10-30T23:44:09.446-0700] {processor.py:925} INFO - DAG(s) 'example_short_circuit_operator' retrieved from /Users/saiprasadreddykolan/Documents/E-commerce_project/venv/lib/python3.10/site-packages/airflow/example_dags/example_short_circuit_operator.py
[2024-10-30T23:44:09.481-0700] {logging_mixin.py:190} INFO - [2024-10-30T23:44:09.481-0700] {dag.py:3239} INFO - Sync 1 DAGs
[2024-10-30T23:44:09.485-0700] {logging_mixin.py:190} INFO - [2024-10-30T23:44:09.485-0700] {dag.py:4180} INFO - Setting next_dagrun for example_short_circuit_operator to None, run_after=None
[2024-10-30T23:44:09.492-0700] {processor.py:208} INFO - Processing /Users/saiprasadreddykolan/Documents/E-commerce_project/venv/lib/python3.10/site-packages/airflow/example_dags/example_short_circuit_operator.py took 0.058 seconds
[2024-10-31T00:44:57.680-0700] {processor.py:186} INFO - Started process (PID=38067) to work on /Users/saiprasadreddykolan/Documents/E-commerce_project/venv/lib/python3.10/site-packages/airflow/example_dags/example_short_circuit_operator.py
[2024-10-31T00:44:57.682-0700] {processor.py:914} INFO - Processing file /Users/saiprasadreddykolan/Documents/E-commerce_project/venv/lib/python3.10/site-packages/airflow/example_dags/example_short_circuit_operator.py for tasks to queue
[2024-10-31T00:44:57.682-0700] {logging_mixin.py:190} INFO - [2024-10-31T00:44:57.682-0700] {dagbag.py:588} INFO - Filling up the DagBag from /Users/saiprasadreddykolan/Documents/E-commerce_project/venv/lib/python3.10/site-packages/airflow/example_dags/example_short_circuit_operator.py
[2024-10-31T00:44:57.692-0700] {processor.py:925} INFO - DAG(s) 'example_short_circuit_operator' retrieved from /Users/saiprasadreddykolan/Documents/E-commerce_project/venv/lib/python3.10/site-packages/airflow/example_dags/example_short_circuit_operator.py
[2024-10-31T00:44:57.726-0700] {logging_mixin.py:190} INFO - [2024-10-31T00:44:57.725-0700] {dag.py:3239} INFO - Sync 1 DAGs
[2024-10-31T00:44:57.729-0700] {logging_mixin.py:190} INFO - [2024-10-31T00:44:57.729-0700] {dag.py:4180} INFO - Setting next_dagrun for example_short_circuit_operator to None, run_after=None
[2024-10-31T00:44:57.735-0700] {processor.py:208} INFO - Processing /Users/saiprasadreddykolan/Documents/E-commerce_project/venv/lib/python3.10/site-packages/airflow/example_dags/example_short_circuit_operator.py took 0.056 seconds
[2024-10-31T01:51:14.785-0700] {processor.py:186} INFO - Started process (PID=38198) to work on /Users/saiprasadreddykolan/Documents/E-commerce_project/venv/lib/python3.10/site-packages/airflow/example_dags/example_short_circuit_operator.py
[2024-10-31T01:51:14.787-0700] {processor.py:914} INFO - Processing file /Users/saiprasadreddykolan/Documents/E-commerce_project/venv/lib/python3.10/site-packages/airflow/example_dags/example_short_circuit_operator.py for tasks to queue
[2024-10-31T01:51:14.788-0700] {logging_mixin.py:190} INFO - [2024-10-31T01:51:14.788-0700] {dagbag.py:588} INFO - Filling up the DagBag from /Users/saiprasadreddykolan/Documents/E-commerce_project/venv/lib/python3.10/site-packages/airflow/example_dags/example_short_circuit_operator.py
[2024-10-31T01:51:14.797-0700] {processor.py:925} INFO - DAG(s) 'example_short_circuit_operator' retrieved from /Users/saiprasadreddykolan/Documents/E-commerce_project/venv/lib/python3.10/site-packages/airflow/example_dags/example_short_circuit_operator.py
[2024-10-31T01:51:14.833-0700] {logging_mixin.py:190} INFO - [2024-10-31T01:51:14.833-0700] {dag.py:3239} INFO - Sync 1 DAGs
[2024-10-31T01:51:14.837-0700] {logging_mixin.py:190} INFO - [2024-10-31T01:51:14.836-0700] {dag.py:4180} INFO - Setting next_dagrun for example_short_circuit_operator to None, run_after=None
[2024-10-31T01:51:14.844-0700] {processor.py:208} INFO - Processing /Users/saiprasadreddykolan/Documents/E-commerce_project/venv/lib/python3.10/site-packages/airflow/example_dags/example_short_circuit_operator.py took 0.059 seconds
[2024-10-31T02:25:57.862-0700] {processor.py:186} INFO - Started process (PID=38328) to work on /Users/saiprasadreddykolan/Documents/E-commerce_project/venv/lib/python3.10/site-packages/airflow/example_dags/example_short_circuit_operator.py
[2024-10-31T02:25:57.863-0700] {processor.py:914} INFO - Processing file /Users/saiprasadreddykolan/Documents/E-commerce_project/venv/lib/python3.10/site-packages/airflow/example_dags/example_short_circuit_operator.py for tasks to queue
[2024-10-31T02:25:57.864-0700] {logging_mixin.py:190} INFO - [2024-10-31T02:25:57.864-0700] {dagbag.py:588} INFO - Filling up the DagBag from /Users/saiprasadreddykolan/Documents/E-commerce_project/venv/lib/python3.10/site-packages/airflow/example_dags/example_short_circuit_operator.py
[2024-10-31T02:25:57.874-0700] {processor.py:925} INFO - DAG(s) 'example_short_circuit_operator' retrieved from /Users/saiprasadreddykolan/Documents/E-commerce_project/venv/lib/python3.10/site-packages/airflow/example_dags/example_short_circuit_operator.py
[2024-10-31T02:25:57.910-0700] {logging_mixin.py:190} INFO - [2024-10-31T02:25:57.910-0700] {dag.py:3239} INFO - Sync 1 DAGs
[2024-10-31T02:25:57.913-0700] {logging_mixin.py:190} INFO - [2024-10-31T02:25:57.913-0700] {dag.py:4180} INFO - Setting next_dagrun for example_short_circuit_operator to None, run_after=None
[2024-10-31T02:25:57.919-0700] {processor.py:208} INFO - Processing /Users/saiprasadreddykolan/Documents/E-commerce_project/venv/lib/python3.10/site-packages/airflow/example_dags/example_short_circuit_operator.py took 0.059 seconds
[2024-10-31T04:41:40.917-0700] {processor.py:186} INFO - Started process (PID=38506) to work on /Users/saiprasadreddykolan/Documents/E-commerce_project/venv/lib/python3.10/site-packages/airflow/example_dags/example_short_circuit_operator.py
[2024-10-31T04:41:40.919-0700] {processor.py:914} INFO - Processing file /Users/saiprasadreddykolan/Documents/E-commerce_project/venv/lib/python3.10/site-packages/airflow/example_dags/example_short_circuit_operator.py for tasks to queue
[2024-10-31T04:41:40.920-0700] {logging_mixin.py:190} INFO - [2024-10-31T04:41:40.920-0700] {dagbag.py:588} INFO - Filling up the DagBag from /Users/saiprasadreddykolan/Documents/E-commerce_project/venv/lib/python3.10/site-packages/airflow/example_dags/example_short_circuit_operator.py
[2024-10-31T04:41:40.929-0700] {processor.py:925} INFO - DAG(s) 'example_short_circuit_operator' retrieved from /Users/saiprasadreddykolan/Documents/E-commerce_project/venv/lib/python3.10/site-packages/airflow/example_dags/example_short_circuit_operator.py
[2024-10-31T04:41:40.965-0700] {logging_mixin.py:190} INFO - [2024-10-31T04:41:40.965-0700] {dag.py:3239} INFO - Sync 1 DAGs
[2024-10-31T04:41:40.968-0700] {logging_mixin.py:190} INFO - [2024-10-31T04:41:40.968-0700] {dag.py:4180} INFO - Setting next_dagrun for example_short_circuit_operator to None, run_after=None
[2024-10-31T04:41:40.974-0700] {processor.py:208} INFO - Processing /Users/saiprasadreddykolan/Documents/E-commerce_project/venv/lib/python3.10/site-packages/airflow/example_dags/example_short_circuit_operator.py took 0.058 seconds
[2024-10-31T05:35:17.667-0700] {processor.py:186} INFO - Started process (PID=38762) to work on /Users/saiprasadreddykolan/Documents/E-commerce_project/venv/lib/python3.10/site-packages/airflow/example_dags/example_short_circuit_operator.py
[2024-10-31T05:35:17.669-0700] {processor.py:914} INFO - Processing file /Users/saiprasadreddykolan/Documents/E-commerce_project/venv/lib/python3.10/site-packages/airflow/example_dags/example_short_circuit_operator.py for tasks to queue
[2024-10-31T05:35:17.669-0700] {logging_mixin.py:190} INFO - [2024-10-31T05:35:17.669-0700] {dagbag.py:588} INFO - Filling up the DagBag from /Users/saiprasadreddykolan/Documents/E-commerce_project/venv/lib/python3.10/site-packages/airflow/example_dags/example_short_circuit_operator.py
[2024-10-31T05:35:17.678-0700] {processor.py:925} INFO - DAG(s) 'example_short_circuit_operator' retrieved from /Users/saiprasadreddykolan/Documents/E-commerce_project/venv/lib/python3.10/site-packages/airflow/example_dags/example_short_circuit_operator.py
[2024-10-31T05:35:17.712-0700] {logging_mixin.py:190} INFO - [2024-10-31T05:35:17.712-0700] {dag.py:3239} INFO - Sync 1 DAGs
[2024-10-31T05:35:17.715-0700] {logging_mixin.py:190} INFO - [2024-10-31T05:35:17.715-0700] {dag.py:4180} INFO - Setting next_dagrun for example_short_circuit_operator to None, run_after=None
[2024-10-31T05:35:17.721-0700] {processor.py:208} INFO - Processing /Users/saiprasadreddykolan/Documents/E-commerce_project/venv/lib/python3.10/site-packages/airflow/example_dags/example_short_circuit_operator.py took 0.055 seconds
[2024-10-31T06:59:26.238-0700] {processor.py:186} INFO - Started process (PID=38943) to work on /Users/saiprasadreddykolan/Documents/E-commerce_project/venv/lib/python3.10/site-packages/airflow/example_dags/example_short_circuit_operator.py
[2024-10-31T06:59:26.240-0700] {processor.py:914} INFO - Processing file /Users/saiprasadreddykolan/Documents/E-commerce_project/venv/lib/python3.10/site-packages/airflow/example_dags/example_short_circuit_operator.py for tasks to queue
[2024-10-31T06:59:26.240-0700] {logging_mixin.py:190} INFO - [2024-10-31T06:59:26.240-0700] {dagbag.py:588} INFO - Filling up the DagBag from /Users/saiprasadreddykolan/Documents/E-commerce_project/venv/lib/python3.10/site-packages/airflow/example_dags/example_short_circuit_operator.py
[2024-10-31T06:59:26.250-0700] {processor.py:925} INFO - DAG(s) 'example_short_circuit_operator' retrieved from /Users/saiprasadreddykolan/Documents/E-commerce_project/venv/lib/python3.10/site-packages/airflow/example_dags/example_short_circuit_operator.py
[2024-10-31T06:59:26.285-0700] {logging_mixin.py:190} INFO - [2024-10-31T06:59:26.285-0700] {dag.py:3239} INFO - Sync 1 DAGs
[2024-10-31T06:59:26.288-0700] {logging_mixin.py:190} INFO - [2024-10-31T06:59:26.288-0700] {dag.py:4180} INFO - Setting next_dagrun for example_short_circuit_operator to None, run_after=None
[2024-10-31T06:59:26.295-0700] {processor.py:208} INFO - Processing /Users/saiprasadreddykolan/Documents/E-commerce_project/venv/lib/python3.10/site-packages/airflow/example_dags/example_short_circuit_operator.py took 0.058 seconds
[2024-10-31T07:42:55.143-0700] {processor.py:186} INFO - Started process (PID=39164) to work on /Users/saiprasadreddykolan/Documents/E-commerce_project/venv/lib/python3.10/site-packages/airflow/example_dags/example_short_circuit_operator.py
[2024-10-31T07:42:55.146-0700] {processor.py:914} INFO - Processing file /Users/saiprasadreddykolan/Documents/E-commerce_project/venv/lib/python3.10/site-packages/airflow/example_dags/example_short_circuit_operator.py for tasks to queue
[2024-10-31T07:42:55.146-0700] {logging_mixin.py:190} INFO - [2024-10-31T07:42:55.146-0700] {dagbag.py:588} INFO - Filling up the DagBag from /Users/saiprasadreddykolan/Documents/E-commerce_project/venv/lib/python3.10/site-packages/airflow/example_dags/example_short_circuit_operator.py
[2024-10-31T07:42:55.156-0700] {processor.py:925} INFO - DAG(s) 'example_short_circuit_operator' retrieved from /Users/saiprasadreddykolan/Documents/E-commerce_project/venv/lib/python3.10/site-packages/airflow/example_dags/example_short_circuit_operator.py
[2024-10-31T07:42:55.190-0700] {logging_mixin.py:190} INFO - [2024-10-31T07:42:55.190-0700] {dag.py:3239} INFO - Sync 1 DAGs
[2024-10-31T07:42:55.193-0700] {logging_mixin.py:190} INFO - [2024-10-31T07:42:55.193-0700] {dag.py:4180} INFO - Setting next_dagrun for example_short_circuit_operator to None, run_after=None
[2024-10-31T07:42:55.200-0700] {processor.py:208} INFO - Processing /Users/saiprasadreddykolan/Documents/E-commerce_project/venv/lib/python3.10/site-packages/airflow/example_dags/example_short_circuit_operator.py took 0.057 seconds
[2024-10-31T07:59:34.112-0700] {processor.py:186} INFO - Started process (PID=39270) to work on /Users/saiprasadreddykolan/Documents/E-commerce_project/venv/lib/python3.10/site-packages/airflow/example_dags/example_short_circuit_operator.py
[2024-10-31T07:59:34.114-0700] {processor.py:914} INFO - Processing file /Users/saiprasadreddykolan/Documents/E-commerce_project/venv/lib/python3.10/site-packages/airflow/example_dags/example_short_circuit_operator.py for tasks to queue
[2024-10-31T07:59:34.115-0700] {logging_mixin.py:190} INFO - [2024-10-31T07:59:34.115-0700] {dagbag.py:588} INFO - Filling up the DagBag from /Users/saiprasadreddykolan/Documents/E-commerce_project/venv/lib/python3.10/site-packages/airflow/example_dags/example_short_circuit_operator.py
[2024-10-31T07:59:34.124-0700] {processor.py:925} INFO - DAG(s) 'example_short_circuit_operator' retrieved from /Users/saiprasadreddykolan/Documents/E-commerce_project/venv/lib/python3.10/site-packages/airflow/example_dags/example_short_circuit_operator.py
[2024-10-31T07:59:34.158-0700] {logging_mixin.py:190} INFO - [2024-10-31T07:59:34.158-0700] {dag.py:3239} INFO - Sync 1 DAGs
[2024-10-31T07:59:34.161-0700] {logging_mixin.py:190} INFO - [2024-10-31T07:59:34.161-0700] {dag.py:4180} INFO - Setting next_dagrun for example_short_circuit_operator to None, run_after=None
[2024-10-31T07:59:34.167-0700] {processor.py:208} INFO - Processing /Users/saiprasadreddykolan/Documents/E-commerce_project/venv/lib/python3.10/site-packages/airflow/example_dags/example_short_circuit_operator.py took 0.057 seconds
[2024-10-31T09:03:24.540-0700] {processor.py:186} INFO - Started process (PID=39427) to work on /Users/saiprasadreddykolan/Documents/E-commerce_project/venv/lib/python3.10/site-packages/airflow/example_dags/example_short_circuit_operator.py
[2024-10-31T09:03:24.542-0700] {processor.py:914} INFO - Processing file /Users/saiprasadreddykolan/Documents/E-commerce_project/venv/lib/python3.10/site-packages/airflow/example_dags/example_short_circuit_operator.py for tasks to queue
[2024-10-31T09:03:24.543-0700] {logging_mixin.py:190} INFO - [2024-10-31T09:03:24.543-0700] {dagbag.py:588} INFO - Filling up the DagBag from /Users/saiprasadreddykolan/Documents/E-commerce_project/venv/lib/python3.10/site-packages/airflow/example_dags/example_short_circuit_operator.py
[2024-10-31T09:03:24.552-0700] {processor.py:925} INFO - DAG(s) 'example_short_circuit_operator' retrieved from /Users/saiprasadreddykolan/Documents/E-commerce_project/venv/lib/python3.10/site-packages/airflow/example_dags/example_short_circuit_operator.py
[2024-10-31T09:03:24.586-0700] {logging_mixin.py:190} INFO - [2024-10-31T09:03:24.586-0700] {dag.py:3239} INFO - Sync 1 DAGs
[2024-10-31T09:03:24.589-0700] {logging_mixin.py:190} INFO - [2024-10-31T09:03:24.589-0700] {dag.py:4180} INFO - Setting next_dagrun for example_short_circuit_operator to None, run_after=None
[2024-10-31T09:03:24.595-0700] {processor.py:208} INFO - Processing /Users/saiprasadreddykolan/Documents/E-commerce_project/venv/lib/python3.10/site-packages/airflow/example_dags/example_short_circuit_operator.py took 0.056 seconds
[2024-10-31T09:21:58.912-0700] {processor.py:186} INFO - Started process (PID=39529) to work on /Users/saiprasadreddykolan/Documents/E-commerce_project/venv/lib/python3.10/site-packages/airflow/example_dags/example_short_circuit_operator.py
[2024-10-31T09:21:58.914-0700] {processor.py:914} INFO - Processing file /Users/saiprasadreddykolan/Documents/E-commerce_project/venv/lib/python3.10/site-packages/airflow/example_dags/example_short_circuit_operator.py for tasks to queue
[2024-10-31T09:21:58.915-0700] {logging_mixin.py:190} INFO - [2024-10-31T09:21:58.915-0700] {dagbag.py:588} INFO - Filling up the DagBag from /Users/saiprasadreddykolan/Documents/E-commerce_project/venv/lib/python3.10/site-packages/airflow/example_dags/example_short_circuit_operator.py
[2024-10-31T09:21:58.924-0700] {processor.py:925} INFO - DAG(s) 'example_short_circuit_operator' retrieved from /Users/saiprasadreddykolan/Documents/E-commerce_project/venv/lib/python3.10/site-packages/airflow/example_dags/example_short_circuit_operator.py
[2024-10-31T09:21:58.959-0700] {logging_mixin.py:190} INFO - [2024-10-31T09:21:58.959-0700] {dag.py:3239} INFO - Sync 1 DAGs
[2024-10-31T09:21:58.963-0700] {logging_mixin.py:190} INFO - [2024-10-31T09:21:58.963-0700] {dag.py:4180} INFO - Setting next_dagrun for example_short_circuit_operator to None, run_after=None
[2024-10-31T09:21:58.970-0700] {processor.py:208} INFO - Processing /Users/saiprasadreddykolan/Documents/E-commerce_project/venv/lib/python3.10/site-packages/airflow/example_dags/example_short_circuit_operator.py took 0.059 seconds
[2024-10-31T09:23:25.080-0700] {processor.py:186} INFO - Started process (PID=39615) to work on /Users/saiprasadreddykolan/Documents/E-commerce_project/venv/lib/python3.10/site-packages/airflow/example_dags/example_short_circuit_operator.py
[2024-10-31T09:23:25.083-0700] {processor.py:914} INFO - Processing file /Users/saiprasadreddykolan/Documents/E-commerce_project/venv/lib/python3.10/site-packages/airflow/example_dags/example_short_circuit_operator.py for tasks to queue
[2024-10-31T09:23:25.083-0700] {logging_mixin.py:190} INFO - [2024-10-31T09:23:25.083-0700] {dagbag.py:588} INFO - Filling up the DagBag from /Users/saiprasadreddykolan/Documents/E-commerce_project/venv/lib/python3.10/site-packages/airflow/example_dags/example_short_circuit_operator.py
[2024-10-31T09:23:25.100-0700] {processor.py:925} INFO - DAG(s) 'example_short_circuit_operator' retrieved from /Users/saiprasadreddykolan/Documents/E-commerce_project/venv/lib/python3.10/site-packages/airflow/example_dags/example_short_circuit_operator.py
[2024-10-31T09:23:25.135-0700] {logging_mixin.py:190} INFO - [2024-10-31T09:23:25.135-0700] {dag.py:3239} INFO - Sync 1 DAGs
[2024-10-31T09:23:25.139-0700] {logging_mixin.py:190} INFO - [2024-10-31T09:23:25.139-0700] {dag.py:4180} INFO - Setting next_dagrun for example_short_circuit_operator to None, run_after=None
[2024-10-31T09:23:25.145-0700] {processor.py:208} INFO - Processing /Users/saiprasadreddykolan/Documents/E-commerce_project/venv/lib/python3.10/site-packages/airflow/example_dags/example_short_circuit_operator.py took 0.065 seconds
