[2024-10-30T18:22:17.706-0700] {processor.py:186} INFO - Started process (PID=7082) to work on /opt/anaconda3/lib/python3.12/site-packages/airflow/example_dags/example_workday_timetable.py
[2024-10-30T18:22:17.707-0700] {processor.py:914} INFO - Processing file /opt/anaconda3/lib/python3.12/site-packages/airflow/example_dags/example_workday_timetable.py for tasks to queue
[2024-10-30T18:22:17.707-0700] {logging_mixin.py:190} INFO - [2024-10-30T18:22:17.707-0700] {dagbag.py:588} INFO - Filling up the DagBag from /opt/anaconda3/lib/python3.12/site-packages/airflow/example_dags/example_workday_timetable.py
[2024-10-30T18:22:17.832-0700] {logging_mixin.py:190} INFO - [2024-10-30T18:22:17.831-0700] {utils.py:160} INFO - NumExpr defaulting to 8 threads.
[2024-10-30T18:22:17.960-0700] {processor.py:925} INFO - DAG(s) 'example_workday_timetable' retrieved from /opt/anaconda3/lib/python3.12/site-packages/airflow/example_dags/example_workday_timetable.py
[2024-10-30T18:22:18.041-0700] {logging_mixin.py:190} INFO - [2024-10-30T18:22:18.041-0700] {dag.py:3239} INFO - Sync 1 DAGs
[2024-10-30T18:22:18.067-0700] {logging_mixin.py:190} INFO - [2024-10-30T18:22:18.067-0700] {dag.py:4180} INFO - Setting next_dagrun for example_workday_timetable to 2021-01-04 00:00:00+00:00, run_after=2021-01-05 00:00:00+00:00
[2024-10-30T18:22:18.073-0700] {processor.py:208} INFO - Processing /opt/anaconda3/lib/python3.12/site-packages/airflow/example_dags/example_workday_timetable.py took 0.368 seconds
[2024-10-30T19:25:32.406-0700] {processor.py:186} INFO - Started process (PID=7228) to work on /opt/anaconda3/lib/python3.12/site-packages/airflow/example_dags/example_workday_timetable.py
[2024-10-30T19:25:32.407-0700] {processor.py:914} INFO - Processing file /opt/anaconda3/lib/python3.12/site-packages/airflow/example_dags/example_workday_timetable.py for tasks to queue
[2024-10-30T19:25:32.407-0700] {logging_mixin.py:190} INFO - [2024-10-30T19:25:32.407-0700] {dagbag.py:588} INFO - Filling up the DagBag from /opt/anaconda3/lib/python3.12/site-packages/airflow/example_dags/example_workday_timetable.py
[2024-10-30T19:25:32.553-0700] {logging_mixin.py:190} INFO - [2024-10-30T19:25:32.553-0700] {utils.py:160} INFO - NumExpr defaulting to 8 threads.
[2024-10-30T19:25:32.687-0700] {processor.py:925} INFO - DAG(s) 'example_workday_timetable' retrieved from /opt/anaconda3/lib/python3.12/site-packages/airflow/example_dags/example_workday_timetable.py
[2024-10-30T19:25:32.762-0700] {logging_mixin.py:190} INFO - [2024-10-30T19:25:32.762-0700] {dag.py:3239} INFO - Sync 1 DAGs
[2024-10-30T19:25:32.790-0700] {logging_mixin.py:190} INFO - [2024-10-30T19:25:32.790-0700] {dag.py:4180} INFO - Setting next_dagrun for example_workday_timetable to 2021-01-04 00:00:00+00:00, run_after=2021-01-05 00:00:00+00:00
[2024-10-30T19:25:32.797-0700] {processor.py:208} INFO - Processing /opt/anaconda3/lib/python3.12/site-packages/airflow/example_dags/example_workday_timetable.py took 0.392 seconds
[2024-10-30T20:59:16.807-0700] {processor.py:186} INFO - Started process (PID=9480) to work on /Users/saiprasadreddykolan/Documents/E-commerce_project/venv/lib/python3.10/site-packages/airflow/example_dags/example_workday_timetable.py
[2024-10-30T20:59:16.809-0700] {processor.py:914} INFO - Processing file /Users/saiprasadreddykolan/Documents/E-commerce_project/venv/lib/python3.10/site-packages/airflow/example_dags/example_workday_timetable.py for tasks to queue
[2024-10-30T20:59:16.810-0700] {logging_mixin.py:190} INFO - [2024-10-30T20:59:16.810-0700] {dagbag.py:588} INFO - Filling up the DagBag from /Users/saiprasadreddykolan/Documents/E-commerce_project/venv/lib/python3.10/site-packages/airflow/example_dags/example_workday_timetable.py
[2024-10-30T20:59:17.018-0700] {processor.py:925} INFO - DAG(s) 'example_workday_timetable' retrieved from /Users/saiprasadreddykolan/Documents/E-commerce_project/venv/lib/python3.10/site-packages/airflow/example_dags/example_workday_timetable.py
[2024-10-30T20:59:17.092-0700] {logging_mixin.py:190} INFO - [2024-10-30T20:59:17.091-0700] {dag.py:3239} INFO - Sync 1 DAGs
[2024-10-30T20:59:17.118-0700] {logging_mixin.py:190} INFO - [2024-10-30T20:59:17.118-0700] {dag.py:4180} INFO - Setting next_dagrun for example_workday_timetable to 2021-01-04T00:00:00+00:00, run_after=2021-01-05T00:00:00+00:00
[2024-10-30T20:59:17.127-0700] {processor.py:208} INFO - Processing /Users/saiprasadreddykolan/Documents/E-commerce_project/venv/lib/python3.10/site-packages/airflow/example_dags/example_workday_timetable.py took 0.320 seconds
[2024-10-30T21:00:55.878-0700] {processor.py:186} INFO - Started process (PID=9599) to work on /Users/saiprasadreddykolan/Documents/E-commerce_project/venv/lib/python3.10/site-packages/airflow/example_dags/example_workday_timetable.py
[2024-10-30T21:00:55.880-0700] {processor.py:914} INFO - Processing file /Users/saiprasadreddykolan/Documents/E-commerce_project/venv/lib/python3.10/site-packages/airflow/example_dags/example_workday_timetable.py for tasks to queue
[2024-10-30T21:00:55.880-0700] {logging_mixin.py:190} INFO - [2024-10-30T21:00:55.880-0700] {dagbag.py:588} INFO - Filling up the DagBag from /Users/saiprasadreddykolan/Documents/E-commerce_project/venv/lib/python3.10/site-packages/airflow/example_dags/example_workday_timetable.py
[2024-10-30T21:00:56.130-0700] {processor.py:925} INFO - DAG(s) 'example_workday_timetable' retrieved from /Users/saiprasadreddykolan/Documents/E-commerce_project/venv/lib/python3.10/site-packages/airflow/example_dags/example_workday_timetable.py
[2024-10-30T21:00:56.171-0700] {logging_mixin.py:190} INFO - [2024-10-30T21:00:56.171-0700] {dag.py:3239} INFO - Sync 1 DAGs
[2024-10-30T21:00:56.187-0700] {logging_mixin.py:190} INFO - [2024-10-30T21:00:56.187-0700] {dag.py:4180} INFO - Setting next_dagrun for example_workday_timetable to 2021-01-04T00:00:00+00:00, run_after=2021-01-05T00:00:00+00:00
[2024-10-30T21:00:56.193-0700] {processor.py:208} INFO - Processing /Users/saiprasadreddykolan/Documents/E-commerce_project/venv/lib/python3.10/site-packages/airflow/example_dags/example_workday_timetable.py took 0.317 seconds
[2024-10-30T21:02:00.332-0700] {processor.py:186} INFO - Started process (PID=9683) to work on /Users/saiprasadreddykolan/Documents/E-commerce_project/venv/lib/python3.10/site-packages/airflow/example_dags/example_workday_timetable.py
[2024-10-30T21:02:00.334-0700] {processor.py:914} INFO - Processing file /Users/saiprasadreddykolan/Documents/E-commerce_project/venv/lib/python3.10/site-packages/airflow/example_dags/example_workday_timetable.py for tasks to queue
[2024-10-30T21:02:00.335-0700] {logging_mixin.py:190} INFO - [2024-10-30T21:02:00.334-0700] {dagbag.py:588} INFO - Filling up the DagBag from /Users/saiprasadreddykolan/Documents/E-commerce_project/venv/lib/python3.10/site-packages/airflow/example_dags/example_workday_timetable.py
[2024-10-30T21:02:00.623-0700] {processor.py:925} INFO - DAG(s) 'example_workday_timetable' retrieved from /Users/saiprasadreddykolan/Documents/E-commerce_project/venv/lib/python3.10/site-packages/airflow/example_dags/example_workday_timetable.py
[2024-10-30T21:02:00.665-0700] {logging_mixin.py:190} INFO - [2024-10-30T21:02:00.665-0700] {dag.py:3239} INFO - Sync 1 DAGs
[2024-10-30T21:02:00.681-0700] {logging_mixin.py:190} INFO - [2024-10-30T21:02:00.681-0700] {dag.py:4180} INFO - Setting next_dagrun for example_workday_timetable to 2021-01-04T00:00:00+00:00, run_after=2021-01-05T00:00:00+00:00
[2024-10-30T21:02:00.687-0700] {processor.py:208} INFO - Processing /Users/saiprasadreddykolan/Documents/E-commerce_project/venv/lib/python3.10/site-packages/airflow/example_dags/example_workday_timetable.py took 0.356 seconds
[2024-10-30T21:03:03.350-0700] {processor.py:186} INFO - Started process (PID=9812) to work on /Users/saiprasadreddykolan/Documents/E-commerce_project/venv/lib/python3.10/site-packages/airflow/example_dags/example_workday_timetable.py
[2024-10-30T21:03:03.351-0700] {processor.py:914} INFO - Processing file /Users/saiprasadreddykolan/Documents/E-commerce_project/venv/lib/python3.10/site-packages/airflow/example_dags/example_workday_timetable.py for tasks to queue
[2024-10-30T21:03:03.352-0700] {logging_mixin.py:190} INFO - [2024-10-30T21:03:03.352-0700] {dagbag.py:588} INFO - Filling up the DagBag from /Users/saiprasadreddykolan/Documents/E-commerce_project/venv/lib/python3.10/site-packages/airflow/example_dags/example_workday_timetable.py
[2024-10-30T21:03:03.606-0700] {processor.py:925} INFO - DAG(s) 'example_workday_timetable' retrieved from /Users/saiprasadreddykolan/Documents/E-commerce_project/venv/lib/python3.10/site-packages/airflow/example_dags/example_workday_timetable.py
[2024-10-30T21:03:03.646-0700] {logging_mixin.py:190} INFO - [2024-10-30T21:03:03.646-0700] {dag.py:3239} INFO - Sync 1 DAGs
[2024-10-30T21:03:03.670-0700] {logging_mixin.py:190} INFO - [2024-10-30T21:03:03.670-0700] {dag.py:4180} INFO - Setting next_dagrun for example_workday_timetable to 2021-01-04T00:00:00+00:00, run_after=2021-01-05T00:00:00+00:00
[2024-10-30T21:03:03.676-0700] {processor.py:208} INFO - Processing /Users/saiprasadreddykolan/Documents/E-commerce_project/venv/lib/python3.10/site-packages/airflow/example_dags/example_workday_timetable.py took 0.328 seconds
[2024-10-30T21:04:07.808-0700] {processor.py:186} INFO - Started process (PID=9918) to work on /Users/saiprasadreddykolan/Documents/E-commerce_project/venv/lib/python3.10/site-packages/airflow/example_dags/example_workday_timetable.py
[2024-10-30T21:04:07.811-0700] {processor.py:914} INFO - Processing file /Users/saiprasadreddykolan/Documents/E-commerce_project/venv/lib/python3.10/site-packages/airflow/example_dags/example_workday_timetable.py for tasks to queue
[2024-10-30T21:04:07.811-0700] {logging_mixin.py:190} INFO - [2024-10-30T21:04:07.811-0700] {dagbag.py:588} INFO - Filling up the DagBag from /Users/saiprasadreddykolan/Documents/E-commerce_project/venv/lib/python3.10/site-packages/airflow/example_dags/example_workday_timetable.py
[2024-10-30T21:04:08.072-0700] {processor.py:925} INFO - DAG(s) 'example_workday_timetable' retrieved from /Users/saiprasadreddykolan/Documents/E-commerce_project/venv/lib/python3.10/site-packages/airflow/example_dags/example_workday_timetable.py
[2024-10-30T21:04:08.113-0700] {logging_mixin.py:190} INFO - [2024-10-30T21:04:08.113-0700] {dag.py:3239} INFO - Sync 1 DAGs
[2024-10-30T21:04:08.129-0700] {logging_mixin.py:190} INFO - [2024-10-30T21:04:08.129-0700] {dag.py:4180} INFO - Setting next_dagrun for example_workday_timetable to 2021-01-04T00:00:00+00:00, run_after=2021-01-05T00:00:00+00:00
[2024-10-30T21:04:08.135-0700] {processor.py:208} INFO - Processing /Users/saiprasadreddykolan/Documents/E-commerce_project/venv/lib/python3.10/site-packages/airflow/example_dags/example_workday_timetable.py took 0.328 seconds
[2024-10-30T21:05:15.096-0700] {processor.py:186} INFO - Started process (PID=10002) to work on /Users/saiprasadreddykolan/Documents/E-commerce_project/venv/lib/python3.10/site-packages/airflow/example_dags/example_workday_timetable.py
[2024-10-30T21:05:15.098-0700] {processor.py:914} INFO - Processing file /Users/saiprasadreddykolan/Documents/E-commerce_project/venv/lib/python3.10/site-packages/airflow/example_dags/example_workday_timetable.py for tasks to queue
[2024-10-30T21:05:15.099-0700] {logging_mixin.py:190} INFO - [2024-10-30T21:05:15.098-0700] {dagbag.py:588} INFO - Filling up the DagBag from /Users/saiprasadreddykolan/Documents/E-commerce_project/venv/lib/python3.10/site-packages/airflow/example_dags/example_workday_timetable.py
[2024-10-30T21:05:15.351-0700] {processor.py:925} INFO - DAG(s) 'example_workday_timetable' retrieved from /Users/saiprasadreddykolan/Documents/E-commerce_project/venv/lib/python3.10/site-packages/airflow/example_dags/example_workday_timetable.py
[2024-10-30T21:05:15.392-0700] {logging_mixin.py:190} INFO - [2024-10-30T21:05:15.392-0700] {dag.py:3239} INFO - Sync 1 DAGs
[2024-10-30T21:05:15.409-0700] {logging_mixin.py:190} INFO - [2024-10-30T21:05:15.409-0700] {dag.py:4180} INFO - Setting next_dagrun for example_workday_timetable to 2021-01-04T00:00:00+00:00, run_after=2021-01-05T00:00:00+00:00
[2024-10-30T21:05:15.417-0700] {processor.py:208} INFO - Processing /Users/saiprasadreddykolan/Documents/E-commerce_project/venv/lib/python3.10/site-packages/airflow/example_dags/example_workday_timetable.py took 0.323 seconds
[2024-10-30T21:06:24.502-0700] {processor.py:186} INFO - Started process (PID=10091) to work on /Users/saiprasadreddykolan/Documents/E-commerce_project/venv/lib/python3.10/site-packages/airflow/example_dags/example_workday_timetable.py
[2024-10-30T21:06:24.505-0700] {processor.py:914} INFO - Processing file /Users/saiprasadreddykolan/Documents/E-commerce_project/venv/lib/python3.10/site-packages/airflow/example_dags/example_workday_timetable.py for tasks to queue
[2024-10-30T21:06:24.505-0700] {logging_mixin.py:190} INFO - [2024-10-30T21:06:24.505-0700] {dagbag.py:588} INFO - Filling up the DagBag from /Users/saiprasadreddykolan/Documents/E-commerce_project/venv/lib/python3.10/site-packages/airflow/example_dags/example_workday_timetable.py
[2024-10-30T21:06:24.764-0700] {processor.py:925} INFO - DAG(s) 'example_workday_timetable' retrieved from /Users/saiprasadreddykolan/Documents/E-commerce_project/venv/lib/python3.10/site-packages/airflow/example_dags/example_workday_timetable.py
[2024-10-30T21:06:24.806-0700] {logging_mixin.py:190} INFO - [2024-10-30T21:06:24.806-0700] {dag.py:3239} INFO - Sync 1 DAGs
[2024-10-30T21:06:24.825-0700] {logging_mixin.py:190} INFO - [2024-10-30T21:06:24.825-0700] {dag.py:4180} INFO - Setting next_dagrun for example_workday_timetable to 2021-01-04T00:00:00+00:00, run_after=2021-01-05T00:00:00+00:00
[2024-10-30T21:06:24.832-0700] {processor.py:208} INFO - Processing /Users/saiprasadreddykolan/Documents/E-commerce_project/venv/lib/python3.10/site-packages/airflow/example_dags/example_workday_timetable.py took 0.330 seconds
[2024-10-30T21:07:30.695-0700] {processor.py:186} INFO - Started process (PID=10173) to work on /Users/saiprasadreddykolan/Documents/E-commerce_project/venv/lib/python3.10/site-packages/airflow/example_dags/example_workday_timetable.py
[2024-10-30T21:07:30.697-0700] {processor.py:914} INFO - Processing file /Users/saiprasadreddykolan/Documents/E-commerce_project/venv/lib/python3.10/site-packages/airflow/example_dags/example_workday_timetable.py for tasks to queue
[2024-10-30T21:07:30.698-0700] {logging_mixin.py:190} INFO - [2024-10-30T21:07:30.697-0700] {dagbag.py:588} INFO - Filling up the DagBag from /Users/saiprasadreddykolan/Documents/E-commerce_project/venv/lib/python3.10/site-packages/airflow/example_dags/example_workday_timetable.py
[2024-10-30T21:07:30.949-0700] {processor.py:925} INFO - DAG(s) 'example_workday_timetable' retrieved from /Users/saiprasadreddykolan/Documents/E-commerce_project/venv/lib/python3.10/site-packages/airflow/example_dags/example_workday_timetable.py
[2024-10-30T21:07:30.994-0700] {logging_mixin.py:190} INFO - [2024-10-30T21:07:30.994-0700] {dag.py:3239} INFO - Sync 1 DAGs
[2024-10-30T21:07:31.012-0700] {logging_mixin.py:190} INFO - [2024-10-30T21:07:31.012-0700] {dag.py:4180} INFO - Setting next_dagrun for example_workday_timetable to 2021-01-04T00:00:00+00:00, run_after=2021-01-05T00:00:00+00:00
[2024-10-30T21:07:31.018-0700] {processor.py:208} INFO - Processing /Users/saiprasadreddykolan/Documents/E-commerce_project/venv/lib/python3.10/site-packages/airflow/example_dags/example_workday_timetable.py took 0.324 seconds
[2024-10-30T21:08:39.323-0700] {processor.py:186} INFO - Started process (PID=10277) to work on /Users/saiprasadreddykolan/Documents/E-commerce_project/venv/lib/python3.10/site-packages/airflow/example_dags/example_workday_timetable.py
[2024-10-30T21:08:39.325-0700] {processor.py:914} INFO - Processing file /Users/saiprasadreddykolan/Documents/E-commerce_project/venv/lib/python3.10/site-packages/airflow/example_dags/example_workday_timetable.py for tasks to queue
[2024-10-30T21:08:39.325-0700] {logging_mixin.py:190} INFO - [2024-10-30T21:08:39.325-0700] {dagbag.py:588} INFO - Filling up the DagBag from /Users/saiprasadreddykolan/Documents/E-commerce_project/venv/lib/python3.10/site-packages/airflow/example_dags/example_workday_timetable.py
[2024-10-30T21:08:39.576-0700] {processor.py:925} INFO - DAG(s) 'example_workday_timetable' retrieved from /Users/saiprasadreddykolan/Documents/E-commerce_project/venv/lib/python3.10/site-packages/airflow/example_dags/example_workday_timetable.py
[2024-10-30T21:08:39.617-0700] {logging_mixin.py:190} INFO - [2024-10-30T21:08:39.616-0700] {dag.py:3239} INFO - Sync 1 DAGs
[2024-10-30T21:08:39.633-0700] {logging_mixin.py:190} INFO - [2024-10-30T21:08:39.633-0700] {dag.py:4180} INFO - Setting next_dagrun for example_workday_timetable to 2021-01-04T00:00:00+00:00, run_after=2021-01-05T00:00:00+00:00
[2024-10-30T21:08:39.639-0700] {processor.py:208} INFO - Processing /Users/saiprasadreddykolan/Documents/E-commerce_project/venv/lib/python3.10/site-packages/airflow/example_dags/example_workday_timetable.py took 0.317 seconds
[2024-10-30T21:09:46.705-0700] {processor.py:186} INFO - Started process (PID=10363) to work on /Users/saiprasadreddykolan/Documents/E-commerce_project/venv/lib/python3.10/site-packages/airflow/example_dags/example_workday_timetable.py
[2024-10-30T21:09:46.707-0700] {processor.py:914} INFO - Processing file /Users/saiprasadreddykolan/Documents/E-commerce_project/venv/lib/python3.10/site-packages/airflow/example_dags/example_workday_timetable.py for tasks to queue
[2024-10-30T21:09:46.707-0700] {logging_mixin.py:190} INFO - [2024-10-30T21:09:46.707-0700] {dagbag.py:588} INFO - Filling up the DagBag from /Users/saiprasadreddykolan/Documents/E-commerce_project/venv/lib/python3.10/site-packages/airflow/example_dags/example_workday_timetable.py
[2024-10-30T21:09:46.961-0700] {processor.py:925} INFO - DAG(s) 'example_workday_timetable' retrieved from /Users/saiprasadreddykolan/Documents/E-commerce_project/venv/lib/python3.10/site-packages/airflow/example_dags/example_workday_timetable.py
[2024-10-30T21:09:47.001-0700] {logging_mixin.py:190} INFO - [2024-10-30T21:09:47.001-0700] {dag.py:3239} INFO - Sync 1 DAGs
[2024-10-30T21:09:47.017-0700] {logging_mixin.py:190} INFO - [2024-10-30T21:09:47.017-0700] {dag.py:4180} INFO - Setting next_dagrun for example_workday_timetable to 2021-01-04T00:00:00+00:00, run_after=2021-01-05T00:00:00+00:00
[2024-10-30T21:09:47.023-0700] {processor.py:208} INFO - Processing /Users/saiprasadreddykolan/Documents/E-commerce_project/venv/lib/python3.10/site-packages/airflow/example_dags/example_workday_timetable.py took 0.320 seconds
[2024-10-30T21:10:53.308-0700] {processor.py:186} INFO - Started process (PID=10458) to work on /Users/saiprasadreddykolan/Documents/E-commerce_project/venv/lib/python3.10/site-packages/airflow/example_dags/example_workday_timetable.py
[2024-10-30T21:10:53.310-0700] {processor.py:914} INFO - Processing file /Users/saiprasadreddykolan/Documents/E-commerce_project/venv/lib/python3.10/site-packages/airflow/example_dags/example_workday_timetable.py for tasks to queue
[2024-10-30T21:10:53.311-0700] {logging_mixin.py:190} INFO - [2024-10-30T21:10:53.310-0700] {dagbag.py:588} INFO - Filling up the DagBag from /Users/saiprasadreddykolan/Documents/E-commerce_project/venv/lib/python3.10/site-packages/airflow/example_dags/example_workday_timetable.py
[2024-10-30T21:10:53.567-0700] {processor.py:925} INFO - DAG(s) 'example_workday_timetable' retrieved from /Users/saiprasadreddykolan/Documents/E-commerce_project/venv/lib/python3.10/site-packages/airflow/example_dags/example_workday_timetable.py
[2024-10-30T21:10:53.609-0700] {logging_mixin.py:190} INFO - [2024-10-30T21:10:53.608-0700] {dag.py:3239} INFO - Sync 1 DAGs
[2024-10-30T21:10:53.625-0700] {logging_mixin.py:190} INFO - [2024-10-30T21:10:53.625-0700] {dag.py:4180} INFO - Setting next_dagrun for example_workday_timetable to 2021-01-04T00:00:00+00:00, run_after=2021-01-05T00:00:00+00:00
[2024-10-30T21:10:53.631-0700] {processor.py:208} INFO - Processing /Users/saiprasadreddykolan/Documents/E-commerce_project/venv/lib/python3.10/site-packages/airflow/example_dags/example_workday_timetable.py took 0.324 seconds
[2024-10-30T21:12:00.353-0700] {processor.py:186} INFO - Started process (PID=10618) to work on /Users/saiprasadreddykolan/Documents/E-commerce_project/venv/lib/python3.10/site-packages/airflow/example_dags/example_workday_timetable.py
[2024-10-30T21:12:00.355-0700] {processor.py:914} INFO - Processing file /Users/saiprasadreddykolan/Documents/E-commerce_project/venv/lib/python3.10/site-packages/airflow/example_dags/example_workday_timetable.py for tasks to queue
[2024-10-30T21:12:00.356-0700] {logging_mixin.py:190} INFO - [2024-10-30T21:12:00.356-0700] {dagbag.py:588} INFO - Filling up the DagBag from /Users/saiprasadreddykolan/Documents/E-commerce_project/venv/lib/python3.10/site-packages/airflow/example_dags/example_workday_timetable.py
[2024-10-30T21:12:00.607-0700] {processor.py:925} INFO - DAG(s) 'example_workday_timetable' retrieved from /Users/saiprasadreddykolan/Documents/E-commerce_project/venv/lib/python3.10/site-packages/airflow/example_dags/example_workday_timetable.py
[2024-10-30T21:12:00.649-0700] {logging_mixin.py:190} INFO - [2024-10-30T21:12:00.648-0700] {dag.py:3239} INFO - Sync 1 DAGs
[2024-10-30T21:12:00.673-0700] {logging_mixin.py:190} INFO - [2024-10-30T21:12:00.673-0700] {dag.py:4180} INFO - Setting next_dagrun for example_workday_timetable to 2021-01-04T00:00:00+00:00, run_after=2021-01-05T00:00:00+00:00
[2024-10-30T21:12:00.679-0700] {processor.py:208} INFO - Processing /Users/saiprasadreddykolan/Documents/E-commerce_project/venv/lib/python3.10/site-packages/airflow/example_dags/example_workday_timetable.py took 0.327 seconds
[2024-10-30T21:13:02.516-0700] {processor.py:186} INFO - Started process (PID=10713) to work on /Users/saiprasadreddykolan/Documents/E-commerce_project/venv/lib/python3.10/site-packages/airflow/example_dags/example_workday_timetable.py
[2024-10-30T21:13:02.518-0700] {processor.py:914} INFO - Processing file /Users/saiprasadreddykolan/Documents/E-commerce_project/venv/lib/python3.10/site-packages/airflow/example_dags/example_workday_timetable.py for tasks to queue
[2024-10-30T21:13:02.518-0700] {logging_mixin.py:190} INFO - [2024-10-30T21:13:02.518-0700] {dagbag.py:588} INFO - Filling up the DagBag from /Users/saiprasadreddykolan/Documents/E-commerce_project/venv/lib/python3.10/site-packages/airflow/example_dags/example_workday_timetable.py
[2024-10-30T21:13:02.770-0700] {processor.py:925} INFO - DAG(s) 'example_workday_timetable' retrieved from /Users/saiprasadreddykolan/Documents/E-commerce_project/venv/lib/python3.10/site-packages/airflow/example_dags/example_workday_timetable.py
[2024-10-30T21:13:02.811-0700] {logging_mixin.py:190} INFO - [2024-10-30T21:13:02.811-0700] {dag.py:3239} INFO - Sync 1 DAGs
[2024-10-30T21:13:02.828-0700] {logging_mixin.py:190} INFO - [2024-10-30T21:13:02.828-0700] {dag.py:4180} INFO - Setting next_dagrun for example_workday_timetable to 2021-01-04T00:00:00+00:00, run_after=2021-01-05T00:00:00+00:00
[2024-10-30T21:13:02.834-0700] {processor.py:208} INFO - Processing /Users/saiprasadreddykolan/Documents/E-commerce_project/venv/lib/python3.10/site-packages/airflow/example_dags/example_workday_timetable.py took 0.319 seconds
[2024-10-30T21:14:04.603-0700] {processor.py:186} INFO - Started process (PID=12359) to work on /Users/saiprasadreddykolan/Documents/E-commerce_project/venv/lib/python3.10/site-packages/airflow/example_dags/example_workday_timetable.py
[2024-10-30T21:14:04.605-0700] {processor.py:914} INFO - Processing file /Users/saiprasadreddykolan/Documents/E-commerce_project/venv/lib/python3.10/site-packages/airflow/example_dags/example_workday_timetable.py for tasks to queue
[2024-10-30T21:14:04.605-0700] {logging_mixin.py:190} INFO - [2024-10-30T21:14:04.605-0700] {dagbag.py:588} INFO - Filling up the DagBag from /Users/saiprasadreddykolan/Documents/E-commerce_project/venv/lib/python3.10/site-packages/airflow/example_dags/example_workday_timetable.py
[2024-10-30T21:14:04.855-0700] {processor.py:925} INFO - DAG(s) 'example_workday_timetable' retrieved from /Users/saiprasadreddykolan/Documents/E-commerce_project/venv/lib/python3.10/site-packages/airflow/example_dags/example_workday_timetable.py
[2024-10-30T21:14:04.937-0700] {logging_mixin.py:190} INFO - [2024-10-30T21:14:04.937-0700] {dag.py:3239} INFO - Sync 1 DAGs
[2024-10-30T21:14:04.971-0700] {logging_mixin.py:190} INFO - [2024-10-30T21:14:04.971-0700] {dag.py:4180} INFO - Setting next_dagrun for example_workday_timetable to 2021-01-04T00:00:00+00:00, run_after=2021-01-05T00:00:00+00:00
[2024-10-30T21:14:04.978-0700] {processor.py:208} INFO - Processing /Users/saiprasadreddykolan/Documents/E-commerce_project/venv/lib/python3.10/site-packages/airflow/example_dags/example_workday_timetable.py took 0.376 seconds
[2024-10-30T21:15:14.875-0700] {processor.py:186} INFO - Started process (PID=19505) to work on /Users/saiprasadreddykolan/Documents/E-commerce_project/venv/lib/python3.10/site-packages/airflow/example_dags/example_workday_timetable.py
[2024-10-30T21:15:14.877-0700] {processor.py:914} INFO - Processing file /Users/saiprasadreddykolan/Documents/E-commerce_project/venv/lib/python3.10/site-packages/airflow/example_dags/example_workday_timetable.py for tasks to queue
[2024-10-30T21:15:14.877-0700] {logging_mixin.py:190} INFO - [2024-10-30T21:15:14.877-0700] {dagbag.py:588} INFO - Filling up the DagBag from /Users/saiprasadreddykolan/Documents/E-commerce_project/venv/lib/python3.10/site-packages/airflow/example_dags/example_workday_timetable.py
[2024-10-30T21:15:15.154-0700] {processor.py:925} INFO - DAG(s) 'example_workday_timetable' retrieved from /Users/saiprasadreddykolan/Documents/E-commerce_project/venv/lib/python3.10/site-packages/airflow/example_dags/example_workday_timetable.py
[2024-10-30T21:15:15.197-0700] {logging_mixin.py:190} INFO - [2024-10-30T21:15:15.197-0700] {dag.py:3239} INFO - Sync 1 DAGs
[2024-10-30T21:15:15.214-0700] {logging_mixin.py:190} INFO - [2024-10-30T21:15:15.214-0700] {dag.py:4180} INFO - Setting next_dagrun for example_workday_timetable to 2021-01-04T00:00:00+00:00, run_after=2021-01-05T00:00:00+00:00
[2024-10-30T21:15:15.221-0700] {processor.py:208} INFO - Processing /Users/saiprasadreddykolan/Documents/E-commerce_project/venv/lib/python3.10/site-packages/airflow/example_dags/example_workday_timetable.py took 0.347 seconds
[2024-10-30T21:16:25.586-0700] {processor.py:186} INFO - Started process (PID=26730) to work on /Users/saiprasadreddykolan/Documents/E-commerce_project/venv/lib/python3.10/site-packages/airflow/example_dags/example_workday_timetable.py
[2024-10-30T21:16:25.588-0700] {processor.py:914} INFO - Processing file /Users/saiprasadreddykolan/Documents/E-commerce_project/venv/lib/python3.10/site-packages/airflow/example_dags/example_workday_timetable.py for tasks to queue
[2024-10-30T21:16:25.589-0700] {logging_mixin.py:190} INFO - [2024-10-30T21:16:25.589-0700] {dagbag.py:588} INFO - Filling up the DagBag from /Users/saiprasadreddykolan/Documents/E-commerce_project/venv/lib/python3.10/site-packages/airflow/example_dags/example_workday_timetable.py
[2024-10-30T21:16:25.844-0700] {processor.py:925} INFO - DAG(s) 'example_workday_timetable' retrieved from /Users/saiprasadreddykolan/Documents/E-commerce_project/venv/lib/python3.10/site-packages/airflow/example_dags/example_workday_timetable.py
[2024-10-30T21:16:25.888-0700] {logging_mixin.py:190} INFO - [2024-10-30T21:16:25.888-0700] {dag.py:3239} INFO - Sync 1 DAGs
[2024-10-30T21:16:25.907-0700] {logging_mixin.py:190} INFO - [2024-10-30T21:16:25.907-0700] {dag.py:4180} INFO - Setting next_dagrun for example_workday_timetable to 2021-01-04T00:00:00+00:00, run_after=2021-01-05T00:00:00+00:00
[2024-10-30T21:16:25.914-0700] {processor.py:208} INFO - Processing /Users/saiprasadreddykolan/Documents/E-commerce_project/venv/lib/python3.10/site-packages/airflow/example_dags/example_workday_timetable.py took 0.329 seconds
[2024-10-30T21:17:35.195-0700] {processor.py:186} INFO - Started process (PID=33215) to work on /Users/saiprasadreddykolan/Documents/E-commerce_project/venv/lib/python3.10/site-packages/airflow/example_dags/example_workday_timetable.py
[2024-10-30T21:17:35.197-0700] {processor.py:914} INFO - Processing file /Users/saiprasadreddykolan/Documents/E-commerce_project/venv/lib/python3.10/site-packages/airflow/example_dags/example_workday_timetable.py for tasks to queue
[2024-10-30T21:17:35.197-0700] {logging_mixin.py:190} INFO - [2024-10-30T21:17:35.197-0700] {dagbag.py:588} INFO - Filling up the DagBag from /Users/saiprasadreddykolan/Documents/E-commerce_project/venv/lib/python3.10/site-packages/airflow/example_dags/example_workday_timetable.py
[2024-10-30T21:17:35.457-0700] {processor.py:925} INFO - DAG(s) 'example_workday_timetable' retrieved from /Users/saiprasadreddykolan/Documents/E-commerce_project/venv/lib/python3.10/site-packages/airflow/example_dags/example_workday_timetable.py
[2024-10-30T21:17:35.497-0700] {logging_mixin.py:190} INFO - [2024-10-30T21:17:35.497-0700] {dag.py:3239} INFO - Sync 1 DAGs
[2024-10-30T21:17:35.514-0700] {logging_mixin.py:190} INFO - [2024-10-30T21:17:35.513-0700] {dag.py:4180} INFO - Setting next_dagrun for example_workday_timetable to 2021-01-04T00:00:00+00:00, run_after=2021-01-05T00:00:00+00:00
[2024-10-30T21:17:35.519-0700] {processor.py:208} INFO - Processing /Users/saiprasadreddykolan/Documents/E-commerce_project/venv/lib/python3.10/site-packages/airflow/example_dags/example_workday_timetable.py took 0.326 seconds
[2024-10-30T21:18:45.724-0700] {processor.py:186} INFO - Started process (PID=33302) to work on /Users/saiprasadreddykolan/Documents/E-commerce_project/venv/lib/python3.10/site-packages/airflow/example_dags/example_workday_timetable.py
[2024-10-30T21:18:45.726-0700] {processor.py:914} INFO - Processing file /Users/saiprasadreddykolan/Documents/E-commerce_project/venv/lib/python3.10/site-packages/airflow/example_dags/example_workday_timetable.py for tasks to queue
[2024-10-30T21:18:45.726-0700] {logging_mixin.py:190} INFO - [2024-10-30T21:18:45.726-0700] {dagbag.py:588} INFO - Filling up the DagBag from /Users/saiprasadreddykolan/Documents/E-commerce_project/venv/lib/python3.10/site-packages/airflow/example_dags/example_workday_timetable.py
[2024-10-30T21:18:45.995-0700] {processor.py:925} INFO - DAG(s) 'example_workday_timetable' retrieved from /Users/saiprasadreddykolan/Documents/E-commerce_project/venv/lib/python3.10/site-packages/airflow/example_dags/example_workday_timetable.py
[2024-10-30T21:18:46.036-0700] {logging_mixin.py:190} INFO - [2024-10-30T21:18:46.036-0700] {dag.py:3239} INFO - Sync 1 DAGs
[2024-10-30T21:18:46.052-0700] {logging_mixin.py:190} INFO - [2024-10-30T21:18:46.052-0700] {dag.py:4180} INFO - Setting next_dagrun for example_workday_timetable to 2021-01-04T00:00:00+00:00, run_after=2021-01-05T00:00:00+00:00
[2024-10-30T21:18:46.058-0700] {processor.py:208} INFO - Processing /Users/saiprasadreddykolan/Documents/E-commerce_project/venv/lib/python3.10/site-packages/airflow/example_dags/example_workday_timetable.py took 0.335 seconds
[2024-10-30T21:19:48.507-0700] {processor.py:186} INFO - Started process (PID=33396) to work on /Users/saiprasadreddykolan/Documents/E-commerce_project/venv/lib/python3.10/site-packages/airflow/example_dags/example_workday_timetable.py
[2024-10-30T21:19:48.510-0700] {processor.py:914} INFO - Processing file /Users/saiprasadreddykolan/Documents/E-commerce_project/venv/lib/python3.10/site-packages/airflow/example_dags/example_workday_timetable.py for tasks to queue
[2024-10-30T21:19:48.510-0700] {logging_mixin.py:190} INFO - [2024-10-30T21:19:48.510-0700] {dagbag.py:588} INFO - Filling up the DagBag from /Users/saiprasadreddykolan/Documents/E-commerce_project/venv/lib/python3.10/site-packages/airflow/example_dags/example_workday_timetable.py
[2024-10-30T21:19:48.756-0700] {processor.py:925} INFO - DAG(s) 'example_workday_timetable' retrieved from /Users/saiprasadreddykolan/Documents/E-commerce_project/venv/lib/python3.10/site-packages/airflow/example_dags/example_workday_timetable.py
[2024-10-30T21:19:48.798-0700] {logging_mixin.py:190} INFO - [2024-10-30T21:19:48.798-0700] {dag.py:3239} INFO - Sync 1 DAGs
[2024-10-30T21:19:48.815-0700] {logging_mixin.py:190} INFO - [2024-10-30T21:19:48.815-0700] {dag.py:4180} INFO - Setting next_dagrun for example_workday_timetable to 2021-01-04T00:00:00+00:00, run_after=2021-01-05T00:00:00+00:00
[2024-10-30T21:19:48.821-0700] {processor.py:208} INFO - Processing /Users/saiprasadreddykolan/Documents/E-commerce_project/venv/lib/python3.10/site-packages/airflow/example_dags/example_workday_timetable.py took 0.315 seconds
[2024-10-30T21:20:51.190-0700] {processor.py:186} INFO - Started process (PID=33512) to work on /Users/saiprasadreddykolan/Documents/E-commerce_project/venv/lib/python3.10/site-packages/airflow/example_dags/example_workday_timetable.py
[2024-10-30T21:20:51.192-0700] {processor.py:914} INFO - Processing file /Users/saiprasadreddykolan/Documents/E-commerce_project/venv/lib/python3.10/site-packages/airflow/example_dags/example_workday_timetable.py for tasks to queue
[2024-10-30T21:20:51.192-0700] {logging_mixin.py:190} INFO - [2024-10-30T21:20:51.192-0700] {dagbag.py:588} INFO - Filling up the DagBag from /Users/saiprasadreddykolan/Documents/E-commerce_project/venv/lib/python3.10/site-packages/airflow/example_dags/example_workday_timetable.py
[2024-10-30T21:20:51.450-0700] {processor.py:925} INFO - DAG(s) 'example_workday_timetable' retrieved from /Users/saiprasadreddykolan/Documents/E-commerce_project/venv/lib/python3.10/site-packages/airflow/example_dags/example_workday_timetable.py
[2024-10-30T21:20:51.491-0700] {logging_mixin.py:190} INFO - [2024-10-30T21:20:51.491-0700] {dag.py:3239} INFO - Sync 1 DAGs
[2024-10-30T21:20:51.508-0700] {logging_mixin.py:190} INFO - [2024-10-30T21:20:51.508-0700] {dag.py:4180} INFO - Setting next_dagrun for example_workday_timetable to 2021-01-04T00:00:00+00:00, run_after=2021-01-05T00:00:00+00:00
[2024-10-30T21:20:51.514-0700] {processor.py:208} INFO - Processing /Users/saiprasadreddykolan/Documents/E-commerce_project/venv/lib/python3.10/site-packages/airflow/example_dags/example_workday_timetable.py took 0.325 seconds
[2024-10-30T21:21:57.020-0700] {processor.py:186} INFO - Started process (PID=33607) to work on /Users/saiprasadreddykolan/Documents/E-commerce_project/venv/lib/python3.10/site-packages/airflow/example_dags/example_workday_timetable.py
[2024-10-30T21:21:57.023-0700] {processor.py:914} INFO - Processing file /Users/saiprasadreddykolan/Documents/E-commerce_project/venv/lib/python3.10/site-packages/airflow/example_dags/example_workday_timetable.py for tasks to queue
[2024-10-30T21:21:57.023-0700] {logging_mixin.py:190} INFO - [2024-10-30T21:21:57.023-0700] {dagbag.py:588} INFO - Filling up the DagBag from /Users/saiprasadreddykolan/Documents/E-commerce_project/venv/lib/python3.10/site-packages/airflow/example_dags/example_workday_timetable.py
[2024-10-30T21:21:57.279-0700] {processor.py:925} INFO - DAG(s) 'example_workday_timetable' retrieved from /Users/saiprasadreddykolan/Documents/E-commerce_project/venv/lib/python3.10/site-packages/airflow/example_dags/example_workday_timetable.py
[2024-10-30T21:21:57.320-0700] {logging_mixin.py:190} INFO - [2024-10-30T21:21:57.320-0700] {dag.py:3239} INFO - Sync 1 DAGs
[2024-10-30T21:21:57.336-0700] {logging_mixin.py:190} INFO - [2024-10-30T21:21:57.336-0700] {dag.py:4180} INFO - Setting next_dagrun for example_workday_timetable to 2021-01-04T00:00:00+00:00, run_after=2021-01-05T00:00:00+00:00
[2024-10-30T21:21:57.342-0700] {processor.py:208} INFO - Processing /Users/saiprasadreddykolan/Documents/E-commerce_project/venv/lib/python3.10/site-packages/airflow/example_dags/example_workday_timetable.py took 0.323 seconds
[2024-10-30T21:23:06.385-0700] {processor.py:186} INFO - Started process (PID=33714) to work on /Users/saiprasadreddykolan/Documents/E-commerce_project/venv/lib/python3.10/site-packages/airflow/example_dags/example_workday_timetable.py
[2024-10-30T21:23:06.386-0700] {processor.py:914} INFO - Processing file /Users/saiprasadreddykolan/Documents/E-commerce_project/venv/lib/python3.10/site-packages/airflow/example_dags/example_workday_timetable.py for tasks to queue
[2024-10-30T21:23:06.387-0700] {logging_mixin.py:190} INFO - [2024-10-30T21:23:06.387-0700] {dagbag.py:588} INFO - Filling up the DagBag from /Users/saiprasadreddykolan/Documents/E-commerce_project/venv/lib/python3.10/site-packages/airflow/example_dags/example_workday_timetable.py
[2024-10-30T21:23:06.643-0700] {processor.py:925} INFO - DAG(s) 'example_workday_timetable' retrieved from /Users/saiprasadreddykolan/Documents/E-commerce_project/venv/lib/python3.10/site-packages/airflow/example_dags/example_workday_timetable.py
[2024-10-30T21:23:06.684-0700] {logging_mixin.py:190} INFO - [2024-10-30T21:23:06.684-0700] {dag.py:3239} INFO - Sync 1 DAGs
[2024-10-30T21:23:06.700-0700] {logging_mixin.py:190} INFO - [2024-10-30T21:23:06.700-0700] {dag.py:4180} INFO - Setting next_dagrun for example_workday_timetable to 2021-01-04T00:00:00+00:00, run_after=2021-01-05T00:00:00+00:00
[2024-10-30T21:23:06.707-0700] {processor.py:208} INFO - Processing /Users/saiprasadreddykolan/Documents/E-commerce_project/venv/lib/python3.10/site-packages/airflow/example_dags/example_workday_timetable.py took 0.323 seconds
[2024-10-30T21:24:11.583-0700] {processor.py:186} INFO - Started process (PID=34297) to work on /Users/saiprasadreddykolan/Documents/E-commerce_project/venv/lib/python3.10/site-packages/airflow/example_dags/example_workday_timetable.py
[2024-10-30T21:24:11.585-0700] {processor.py:914} INFO - Processing file /Users/saiprasadreddykolan/Documents/E-commerce_project/venv/lib/python3.10/site-packages/airflow/example_dags/example_workday_timetable.py for tasks to queue
[2024-10-30T21:24:11.586-0700] {logging_mixin.py:190} INFO - [2024-10-30T21:24:11.586-0700] {dagbag.py:588} INFO - Filling up the DagBag from /Users/saiprasadreddykolan/Documents/E-commerce_project/venv/lib/python3.10/site-packages/airflow/example_dags/example_workday_timetable.py
[2024-10-30T21:24:11.864-0700] {processor.py:925} INFO - DAG(s) 'example_workday_timetable' retrieved from /Users/saiprasadreddykolan/Documents/E-commerce_project/venv/lib/python3.10/site-packages/airflow/example_dags/example_workday_timetable.py
[2024-10-30T21:24:11.910-0700] {logging_mixin.py:190} INFO - [2024-10-30T21:24:11.910-0700] {dag.py:3239} INFO - Sync 1 DAGs
[2024-10-30T21:24:11.927-0700] {logging_mixin.py:190} INFO - [2024-10-30T21:24:11.927-0700] {dag.py:4180} INFO - Setting next_dagrun for example_workday_timetable to 2021-01-04T00:00:00+00:00, run_after=2021-01-05T00:00:00+00:00
[2024-10-30T21:24:11.933-0700] {processor.py:208} INFO - Processing /Users/saiprasadreddykolan/Documents/E-commerce_project/venv/lib/python3.10/site-packages/airflow/example_dags/example_workday_timetable.py took 0.352 seconds
[2024-10-30T21:25:18.997-0700] {processor.py:186} INFO - Started process (PID=36102) to work on /Users/saiprasadreddykolan/Documents/E-commerce_project/venv/lib/python3.10/site-packages/airflow/example_dags/example_workday_timetable.py
[2024-10-30T21:25:18.999-0700] {processor.py:914} INFO - Processing file /Users/saiprasadreddykolan/Documents/E-commerce_project/venv/lib/python3.10/site-packages/airflow/example_dags/example_workday_timetable.py for tasks to queue
[2024-10-30T21:25:18.999-0700] {logging_mixin.py:190} INFO - [2024-10-30T21:25:18.999-0700] {dagbag.py:588} INFO - Filling up the DagBag from /Users/saiprasadreddykolan/Documents/E-commerce_project/venv/lib/python3.10/site-packages/airflow/example_dags/example_workday_timetable.py
[2024-10-30T21:25:19.251-0700] {processor.py:925} INFO - DAG(s) 'example_workday_timetable' retrieved from /Users/saiprasadreddykolan/Documents/E-commerce_project/venv/lib/python3.10/site-packages/airflow/example_dags/example_workday_timetable.py
[2024-10-30T21:25:19.295-0700] {logging_mixin.py:190} INFO - [2024-10-30T21:25:19.294-0700] {dag.py:3239} INFO - Sync 1 DAGs
[2024-10-30T21:25:19.311-0700] {logging_mixin.py:190} INFO - [2024-10-30T21:25:19.311-0700] {dag.py:4180} INFO - Setting next_dagrun for example_workday_timetable to 2021-01-04T00:00:00+00:00, run_after=2021-01-05T00:00:00+00:00
[2024-10-30T21:25:19.318-0700] {processor.py:208} INFO - Processing /Users/saiprasadreddykolan/Documents/E-commerce_project/venv/lib/python3.10/site-packages/airflow/example_dags/example_workday_timetable.py took 0.322 seconds
[2024-10-30T21:26:25.918-0700] {processor.py:186} INFO - Started process (PID=36190) to work on /Users/saiprasadreddykolan/Documents/E-commerce_project/venv/lib/python3.10/site-packages/airflow/example_dags/example_workday_timetable.py
[2024-10-30T21:26:25.920-0700] {processor.py:914} INFO - Processing file /Users/saiprasadreddykolan/Documents/E-commerce_project/venv/lib/python3.10/site-packages/airflow/example_dags/example_workday_timetable.py for tasks to queue
[2024-10-30T21:26:25.921-0700] {logging_mixin.py:190} INFO - [2024-10-30T21:26:25.921-0700] {dagbag.py:588} INFO - Filling up the DagBag from /Users/saiprasadreddykolan/Documents/E-commerce_project/venv/lib/python3.10/site-packages/airflow/example_dags/example_workday_timetable.py
[2024-10-30T21:26:26.223-0700] {processor.py:925} INFO - DAG(s) 'example_workday_timetable' retrieved from /Users/saiprasadreddykolan/Documents/E-commerce_project/venv/lib/python3.10/site-packages/airflow/example_dags/example_workday_timetable.py
[2024-10-30T21:26:26.264-0700] {logging_mixin.py:190} INFO - [2024-10-30T21:26:26.264-0700] {dag.py:3239} INFO - Sync 1 DAGs
[2024-10-30T21:26:26.280-0700] {logging_mixin.py:190} INFO - [2024-10-30T21:26:26.280-0700] {dag.py:4180} INFO - Setting next_dagrun for example_workday_timetable to 2021-01-04T00:00:00+00:00, run_after=2021-01-05T00:00:00+00:00
[2024-10-30T21:26:26.286-0700] {processor.py:208} INFO - Processing /Users/saiprasadreddykolan/Documents/E-commerce_project/venv/lib/python3.10/site-packages/airflow/example_dags/example_workday_timetable.py took 0.369 seconds
[2024-10-30T21:27:34.730-0700] {processor.py:186} INFO - Started process (PID=36270) to work on /Users/saiprasadreddykolan/Documents/E-commerce_project/venv/lib/python3.10/site-packages/airflow/example_dags/example_workday_timetable.py
[2024-10-30T21:27:34.733-0700] {processor.py:914} INFO - Processing file /Users/saiprasadreddykolan/Documents/E-commerce_project/venv/lib/python3.10/site-packages/airflow/example_dags/example_workday_timetable.py for tasks to queue
[2024-10-30T21:27:34.733-0700] {logging_mixin.py:190} INFO - [2024-10-30T21:27:34.733-0700] {dagbag.py:588} INFO - Filling up the DagBag from /Users/saiprasadreddykolan/Documents/E-commerce_project/venv/lib/python3.10/site-packages/airflow/example_dags/example_workday_timetable.py
[2024-10-30T21:27:35.011-0700] {processor.py:925} INFO - DAG(s) 'example_workday_timetable' retrieved from /Users/saiprasadreddykolan/Documents/E-commerce_project/venv/lib/python3.10/site-packages/airflow/example_dags/example_workday_timetable.py
[2024-10-30T21:27:35.052-0700] {logging_mixin.py:190} INFO - [2024-10-30T21:27:35.052-0700] {dag.py:3239} INFO - Sync 1 DAGs
[2024-10-30T21:27:35.068-0700] {logging_mixin.py:190} INFO - [2024-10-30T21:27:35.068-0700] {dag.py:4180} INFO - Setting next_dagrun for example_workday_timetable to 2021-01-04T00:00:00+00:00, run_after=2021-01-05T00:00:00+00:00
[2024-10-30T21:27:35.076-0700] {processor.py:208} INFO - Processing /Users/saiprasadreddykolan/Documents/E-commerce_project/venv/lib/python3.10/site-packages/airflow/example_dags/example_workday_timetable.py took 0.346 seconds
[2024-10-30T21:28:39.630-0700] {processor.py:186} INFO - Started process (PID=36393) to work on /Users/saiprasadreddykolan/Documents/E-commerce_project/venv/lib/python3.10/site-packages/airflow/example_dags/example_workday_timetable.py
[2024-10-30T21:28:39.632-0700] {processor.py:914} INFO - Processing file /Users/saiprasadreddykolan/Documents/E-commerce_project/venv/lib/python3.10/site-packages/airflow/example_dags/example_workday_timetable.py for tasks to queue
[2024-10-30T21:28:39.632-0700] {logging_mixin.py:190} INFO - [2024-10-30T21:28:39.632-0700] {dagbag.py:588} INFO - Filling up the DagBag from /Users/saiprasadreddykolan/Documents/E-commerce_project/venv/lib/python3.10/site-packages/airflow/example_dags/example_workday_timetable.py
[2024-10-30T21:28:39.900-0700] {processor.py:925} INFO - DAG(s) 'example_workday_timetable' retrieved from /Users/saiprasadreddykolan/Documents/E-commerce_project/venv/lib/python3.10/site-packages/airflow/example_dags/example_workday_timetable.py
[2024-10-30T21:28:39.943-0700] {logging_mixin.py:190} INFO - [2024-10-30T21:28:39.943-0700] {dag.py:3239} INFO - Sync 1 DAGs
[2024-10-30T21:28:39.963-0700] {logging_mixin.py:190} INFO - [2024-10-30T21:28:39.963-0700] {dag.py:4180} INFO - Setting next_dagrun for example_workday_timetable to 2021-01-04T00:00:00+00:00, run_after=2021-01-05T00:00:00+00:00
[2024-10-30T21:28:39.982-0700] {processor.py:208} INFO - Processing /Users/saiprasadreddykolan/Documents/E-commerce_project/venv/lib/python3.10/site-packages/airflow/example_dags/example_workday_timetable.py took 0.353 seconds
[2024-10-30T21:29:43.042-0700] {processor.py:186} INFO - Started process (PID=36520) to work on /Users/saiprasadreddykolan/Documents/E-commerce_project/venv/lib/python3.10/site-packages/airflow/example_dags/example_workday_timetable.py
[2024-10-30T21:29:43.044-0700] {processor.py:914} INFO - Processing file /Users/saiprasadreddykolan/Documents/E-commerce_project/venv/lib/python3.10/site-packages/airflow/example_dags/example_workday_timetable.py for tasks to queue
[2024-10-30T21:29:43.044-0700] {logging_mixin.py:190} INFO - [2024-10-30T21:29:43.044-0700] {dagbag.py:588} INFO - Filling up the DagBag from /Users/saiprasadreddykolan/Documents/E-commerce_project/venv/lib/python3.10/site-packages/airflow/example_dags/example_workday_timetable.py
[2024-10-30T21:29:43.304-0700] {processor.py:925} INFO - DAG(s) 'example_workday_timetable' retrieved from /Users/saiprasadreddykolan/Documents/E-commerce_project/venv/lib/python3.10/site-packages/airflow/example_dags/example_workday_timetable.py
[2024-10-30T21:29:43.346-0700] {logging_mixin.py:190} INFO - [2024-10-30T21:29:43.345-0700] {dag.py:3239} INFO - Sync 1 DAGs
[2024-10-30T21:29:43.362-0700] {logging_mixin.py:190} INFO - [2024-10-30T21:29:43.362-0700] {dag.py:4180} INFO - Setting next_dagrun for example_workday_timetable to 2021-01-04T00:00:00+00:00, run_after=2021-01-05T00:00:00+00:00
[2024-10-30T21:29:43.368-0700] {processor.py:208} INFO - Processing /Users/saiprasadreddykolan/Documents/E-commerce_project/venv/lib/python3.10/site-packages/airflow/example_dags/example_workday_timetable.py took 0.328 seconds
[2024-10-30T21:30:48.094-0700] {processor.py:186} INFO - Started process (PID=36610) to work on /Users/saiprasadreddykolan/Documents/E-commerce_project/venv/lib/python3.10/site-packages/airflow/example_dags/example_workday_timetable.py
[2024-10-30T21:30:48.096-0700] {processor.py:914} INFO - Processing file /Users/saiprasadreddykolan/Documents/E-commerce_project/venv/lib/python3.10/site-packages/airflow/example_dags/example_workday_timetable.py for tasks to queue
[2024-10-30T21:30:48.096-0700] {logging_mixin.py:190} INFO - [2024-10-30T21:30:48.096-0700] {dagbag.py:588} INFO - Filling up the DagBag from /Users/saiprasadreddykolan/Documents/E-commerce_project/venv/lib/python3.10/site-packages/airflow/example_dags/example_workday_timetable.py
[2024-10-30T21:30:48.347-0700] {processor.py:925} INFO - DAG(s) 'example_workday_timetable' retrieved from /Users/saiprasadreddykolan/Documents/E-commerce_project/venv/lib/python3.10/site-packages/airflow/example_dags/example_workday_timetable.py
[2024-10-30T21:30:48.390-0700] {logging_mixin.py:190} INFO - [2024-10-30T21:30:48.390-0700] {dag.py:3239} INFO - Sync 1 DAGs
[2024-10-30T21:30:48.407-0700] {logging_mixin.py:190} INFO - [2024-10-30T21:30:48.407-0700] {dag.py:4180} INFO - Setting next_dagrun for example_workday_timetable to 2021-01-04T00:00:00+00:00, run_after=2021-01-05T00:00:00+00:00
[2024-10-30T21:30:48.413-0700] {processor.py:208} INFO - Processing /Users/saiprasadreddykolan/Documents/E-commerce_project/venv/lib/python3.10/site-packages/airflow/example_dags/example_workday_timetable.py took 0.320 seconds
[2024-10-30T21:31:55.816-0700] {processor.py:186} INFO - Started process (PID=36708) to work on /Users/saiprasadreddykolan/Documents/E-commerce_project/venv/lib/python3.10/site-packages/airflow/example_dags/example_workday_timetable.py
[2024-10-30T21:31:55.818-0700] {processor.py:914} INFO - Processing file /Users/saiprasadreddykolan/Documents/E-commerce_project/venv/lib/python3.10/site-packages/airflow/example_dags/example_workday_timetable.py for tasks to queue
[2024-10-30T21:31:55.818-0700] {logging_mixin.py:190} INFO - [2024-10-30T21:31:55.818-0700] {dagbag.py:588} INFO - Filling up the DagBag from /Users/saiprasadreddykolan/Documents/E-commerce_project/venv/lib/python3.10/site-packages/airflow/example_dags/example_workday_timetable.py
[2024-10-30T21:31:56.070-0700] {processor.py:925} INFO - DAG(s) 'example_workday_timetable' retrieved from /Users/saiprasadreddykolan/Documents/E-commerce_project/venv/lib/python3.10/site-packages/airflow/example_dags/example_workday_timetable.py
[2024-10-30T21:31:56.112-0700] {logging_mixin.py:190} INFO - [2024-10-30T21:31:56.111-0700] {dag.py:3239} INFO - Sync 1 DAGs
[2024-10-30T21:31:56.130-0700] {logging_mixin.py:190} INFO - [2024-10-30T21:31:56.130-0700] {dag.py:4180} INFO - Setting next_dagrun for example_workday_timetable to 2021-01-04T00:00:00+00:00, run_after=2021-01-05T00:00:00+00:00
[2024-10-30T21:31:56.137-0700] {processor.py:208} INFO - Processing /Users/saiprasadreddykolan/Documents/E-commerce_project/venv/lib/python3.10/site-packages/airflow/example_dags/example_workday_timetable.py took 0.323 seconds
[2024-10-30T21:33:07.856-0700] {processor.py:186} INFO - Started process (PID=36796) to work on /Users/saiprasadreddykolan/Documents/E-commerce_project/venv/lib/python3.10/site-packages/airflow/example_dags/example_workday_timetable.py
[2024-10-30T21:33:07.858-0700] {processor.py:914} INFO - Processing file /Users/saiprasadreddykolan/Documents/E-commerce_project/venv/lib/python3.10/site-packages/airflow/example_dags/example_workday_timetable.py for tasks to queue
[2024-10-30T21:33:07.858-0700] {logging_mixin.py:190} INFO - [2024-10-30T21:33:07.858-0700] {dagbag.py:588} INFO - Filling up the DagBag from /Users/saiprasadreddykolan/Documents/E-commerce_project/venv/lib/python3.10/site-packages/airflow/example_dags/example_workday_timetable.py
[2024-10-30T21:33:08.121-0700] {processor.py:925} INFO - DAG(s) 'example_workday_timetable' retrieved from /Users/saiprasadreddykolan/Documents/E-commerce_project/venv/lib/python3.10/site-packages/airflow/example_dags/example_workday_timetable.py
[2024-10-30T21:33:08.162-0700] {logging_mixin.py:190} INFO - [2024-10-30T21:33:08.161-0700] {dag.py:3239} INFO - Sync 1 DAGs
[2024-10-30T21:33:08.179-0700] {logging_mixin.py:190} INFO - [2024-10-30T21:33:08.179-0700] {dag.py:4180} INFO - Setting next_dagrun for example_workday_timetable to 2021-01-04T00:00:00+00:00, run_after=2021-01-05T00:00:00+00:00
[2024-10-30T21:33:08.185-0700] {processor.py:208} INFO - Processing /Users/saiprasadreddykolan/Documents/E-commerce_project/venv/lib/python3.10/site-packages/airflow/example_dags/example_workday_timetable.py took 0.331 seconds
[2024-10-30T21:34:16.815-0700] {processor.py:186} INFO - Started process (PID=36879) to work on /Users/saiprasadreddykolan/Documents/E-commerce_project/venv/lib/python3.10/site-packages/airflow/example_dags/example_workday_timetable.py
[2024-10-30T21:34:16.817-0700] {processor.py:914} INFO - Processing file /Users/saiprasadreddykolan/Documents/E-commerce_project/venv/lib/python3.10/site-packages/airflow/example_dags/example_workday_timetable.py for tasks to queue
[2024-10-30T21:34:16.818-0700] {logging_mixin.py:190} INFO - [2024-10-30T21:34:16.818-0700] {dagbag.py:588} INFO - Filling up the DagBag from /Users/saiprasadreddykolan/Documents/E-commerce_project/venv/lib/python3.10/site-packages/airflow/example_dags/example_workday_timetable.py
[2024-10-30T21:34:17.070-0700] {processor.py:925} INFO - DAG(s) 'example_workday_timetable' retrieved from /Users/saiprasadreddykolan/Documents/E-commerce_project/venv/lib/python3.10/site-packages/airflow/example_dags/example_workday_timetable.py
[2024-10-30T21:34:17.111-0700] {logging_mixin.py:190} INFO - [2024-10-30T21:34:17.111-0700] {dag.py:3239} INFO - Sync 1 DAGs
[2024-10-30T21:34:17.127-0700] {logging_mixin.py:190} INFO - [2024-10-30T21:34:17.127-0700] {dag.py:4180} INFO - Setting next_dagrun for example_workday_timetable to 2021-01-04T00:00:00+00:00, run_after=2021-01-05T00:00:00+00:00
[2024-10-30T21:34:17.135-0700] {processor.py:208} INFO - Processing /Users/saiprasadreddykolan/Documents/E-commerce_project/venv/lib/python3.10/site-packages/airflow/example_dags/example_workday_timetable.py took 0.321 seconds
[2024-10-30T21:35:24.195-0700] {processor.py:186} INFO - Started process (PID=36963) to work on /Users/saiprasadreddykolan/Documents/E-commerce_project/venv/lib/python3.10/site-packages/airflow/example_dags/example_workday_timetable.py
[2024-10-30T21:35:24.197-0700] {processor.py:914} INFO - Processing file /Users/saiprasadreddykolan/Documents/E-commerce_project/venv/lib/python3.10/site-packages/airflow/example_dags/example_workday_timetable.py for tasks to queue
[2024-10-30T21:35:24.197-0700] {logging_mixin.py:190} INFO - [2024-10-30T21:35:24.197-0700] {dagbag.py:588} INFO - Filling up the DagBag from /Users/saiprasadreddykolan/Documents/E-commerce_project/venv/lib/python3.10/site-packages/airflow/example_dags/example_workday_timetable.py
[2024-10-30T21:35:24.458-0700] {processor.py:925} INFO - DAG(s) 'example_workday_timetable' retrieved from /Users/saiprasadreddykolan/Documents/E-commerce_project/venv/lib/python3.10/site-packages/airflow/example_dags/example_workday_timetable.py
[2024-10-30T21:35:24.499-0700] {logging_mixin.py:190} INFO - [2024-10-30T21:35:24.499-0700] {dag.py:3239} INFO - Sync 1 DAGs
[2024-10-30T21:35:24.516-0700] {logging_mixin.py:190} INFO - [2024-10-30T21:35:24.516-0700] {dag.py:4180} INFO - Setting next_dagrun for example_workday_timetable to 2021-01-04T00:00:00+00:00, run_after=2021-01-05T00:00:00+00:00
[2024-10-30T21:35:24.523-0700] {processor.py:208} INFO - Processing /Users/saiprasadreddykolan/Documents/E-commerce_project/venv/lib/python3.10/site-packages/airflow/example_dags/example_workday_timetable.py took 0.329 seconds
[2024-10-30T21:36:31.651-0700] {processor.py:186} INFO - Started process (PID=37046) to work on /Users/saiprasadreddykolan/Documents/E-commerce_project/venv/lib/python3.10/site-packages/airflow/example_dags/example_workday_timetable.py
[2024-10-30T21:36:31.653-0700] {processor.py:914} INFO - Processing file /Users/saiprasadreddykolan/Documents/E-commerce_project/venv/lib/python3.10/site-packages/airflow/example_dags/example_workday_timetable.py for tasks to queue
[2024-10-30T21:36:31.653-0700] {logging_mixin.py:190} INFO - [2024-10-30T21:36:31.653-0700] {dagbag.py:588} INFO - Filling up the DagBag from /Users/saiprasadreddykolan/Documents/E-commerce_project/venv/lib/python3.10/site-packages/airflow/example_dags/example_workday_timetable.py
[2024-10-30T21:36:31.900-0700] {processor.py:925} INFO - DAG(s) 'example_workday_timetable' retrieved from /Users/saiprasadreddykolan/Documents/E-commerce_project/venv/lib/python3.10/site-packages/airflow/example_dags/example_workday_timetable.py
[2024-10-30T21:36:31.941-0700] {logging_mixin.py:190} INFO - [2024-10-30T21:36:31.941-0700] {dag.py:3239} INFO - Sync 1 DAGs
[2024-10-30T21:36:31.957-0700] {logging_mixin.py:190} INFO - [2024-10-30T21:36:31.957-0700] {dag.py:4180} INFO - Setting next_dagrun for example_workday_timetable to 2021-01-04T00:00:00+00:00, run_after=2021-01-05T00:00:00+00:00
[2024-10-30T21:36:31.965-0700] {processor.py:208} INFO - Processing /Users/saiprasadreddykolan/Documents/E-commerce_project/venv/lib/python3.10/site-packages/airflow/example_dags/example_workday_timetable.py took 0.315 seconds
[2024-10-30T21:37:38.974-0700] {processor.py:186} INFO - Started process (PID=37127) to work on /Users/saiprasadreddykolan/Documents/E-commerce_project/venv/lib/python3.10/site-packages/airflow/example_dags/example_workday_timetable.py
[2024-10-30T21:37:38.976-0700] {processor.py:914} INFO - Processing file /Users/saiprasadreddykolan/Documents/E-commerce_project/venv/lib/python3.10/site-packages/airflow/example_dags/example_workday_timetable.py for tasks to queue
[2024-10-30T21:37:38.977-0700] {logging_mixin.py:190} INFO - [2024-10-30T21:37:38.977-0700] {dagbag.py:588} INFO - Filling up the DagBag from /Users/saiprasadreddykolan/Documents/E-commerce_project/venv/lib/python3.10/site-packages/airflow/example_dags/example_workday_timetable.py
[2024-10-30T21:37:39.258-0700] {processor.py:925} INFO - DAG(s) 'example_workday_timetable' retrieved from /Users/saiprasadreddykolan/Documents/E-commerce_project/venv/lib/python3.10/site-packages/airflow/example_dags/example_workday_timetable.py
[2024-10-30T21:37:39.299-0700] {logging_mixin.py:190} INFO - [2024-10-30T21:37:39.299-0700] {dag.py:3239} INFO - Sync 1 DAGs
[2024-10-30T21:37:39.315-0700] {logging_mixin.py:190} INFO - [2024-10-30T21:37:39.315-0700] {dag.py:4180} INFO - Setting next_dagrun for example_workday_timetable to 2021-01-04T00:00:00+00:00, run_after=2021-01-05T00:00:00+00:00
[2024-10-30T21:37:39.321-0700] {processor.py:208} INFO - Processing /Users/saiprasadreddykolan/Documents/E-commerce_project/venv/lib/python3.10/site-packages/airflow/example_dags/example_workday_timetable.py took 0.348 seconds
[2024-10-30T21:38:44.453-0700] {processor.py:186} INFO - Started process (PID=37224) to work on /Users/saiprasadreddykolan/Documents/E-commerce_project/venv/lib/python3.10/site-packages/airflow/example_dags/example_workday_timetable.py
[2024-10-30T21:38:44.454-0700] {processor.py:914} INFO - Processing file /Users/saiprasadreddykolan/Documents/E-commerce_project/venv/lib/python3.10/site-packages/airflow/example_dags/example_workday_timetable.py for tasks to queue
[2024-10-30T21:38:44.455-0700] {logging_mixin.py:190} INFO - [2024-10-30T21:38:44.455-0700] {dagbag.py:588} INFO - Filling up the DagBag from /Users/saiprasadreddykolan/Documents/E-commerce_project/venv/lib/python3.10/site-packages/airflow/example_dags/example_workday_timetable.py
[2024-10-30T21:38:44.704-0700] {processor.py:925} INFO - DAG(s) 'example_workday_timetable' retrieved from /Users/saiprasadreddykolan/Documents/E-commerce_project/venv/lib/python3.10/site-packages/airflow/example_dags/example_workday_timetable.py
[2024-10-30T21:38:44.744-0700] {logging_mixin.py:190} INFO - [2024-10-30T21:38:44.744-0700] {dag.py:3239} INFO - Sync 1 DAGs
[2024-10-30T21:38:44.761-0700] {logging_mixin.py:190} INFO - [2024-10-30T21:38:44.761-0700] {dag.py:4180} INFO - Setting next_dagrun for example_workday_timetable to 2021-01-04T00:00:00+00:00, run_after=2021-01-05T00:00:00+00:00
[2024-10-30T21:38:44.773-0700] {processor.py:208} INFO - Processing /Users/saiprasadreddykolan/Documents/E-commerce_project/venv/lib/python3.10/site-packages/airflow/example_dags/example_workday_timetable.py took 0.322 seconds
[2024-10-30T21:39:48.871-0700] {processor.py:186} INFO - Started process (PID=37316) to work on /Users/saiprasadreddykolan/Documents/E-commerce_project/venv/lib/python3.10/site-packages/airflow/example_dags/example_workday_timetable.py
[2024-10-30T21:39:48.873-0700] {processor.py:914} INFO - Processing file /Users/saiprasadreddykolan/Documents/E-commerce_project/venv/lib/python3.10/site-packages/airflow/example_dags/example_workday_timetable.py for tasks to queue
[2024-10-30T21:39:48.874-0700] {logging_mixin.py:190} INFO - [2024-10-30T21:39:48.874-0700] {dagbag.py:588} INFO - Filling up the DagBag from /Users/saiprasadreddykolan/Documents/E-commerce_project/venv/lib/python3.10/site-packages/airflow/example_dags/example_workday_timetable.py
[2024-10-30T21:39:49.138-0700] {processor.py:925} INFO - DAG(s) 'example_workday_timetable' retrieved from /Users/saiprasadreddykolan/Documents/E-commerce_project/venv/lib/python3.10/site-packages/airflow/example_dags/example_workday_timetable.py
[2024-10-30T21:39:49.178-0700] {logging_mixin.py:190} INFO - [2024-10-30T21:39:49.178-0700] {dag.py:3239} INFO - Sync 1 DAGs
[2024-10-30T21:39:49.194-0700] {logging_mixin.py:190} INFO - [2024-10-30T21:39:49.194-0700] {dag.py:4180} INFO - Setting next_dagrun for example_workday_timetable to 2021-01-04T00:00:00+00:00, run_after=2021-01-05T00:00:00+00:00
[2024-10-30T21:39:49.200-0700] {processor.py:208} INFO - Processing /Users/saiprasadreddykolan/Documents/E-commerce_project/venv/lib/python3.10/site-packages/airflow/example_dags/example_workday_timetable.py took 0.330 seconds
[2024-10-30T21:40:55.477-0700] {processor.py:186} INFO - Started process (PID=37398) to work on /Users/saiprasadreddykolan/Documents/E-commerce_project/venv/lib/python3.10/site-packages/airflow/example_dags/example_workday_timetable.py
[2024-10-30T21:40:55.479-0700] {processor.py:914} INFO - Processing file /Users/saiprasadreddykolan/Documents/E-commerce_project/venv/lib/python3.10/site-packages/airflow/example_dags/example_workday_timetable.py for tasks to queue
[2024-10-30T21:40:55.479-0700] {logging_mixin.py:190} INFO - [2024-10-30T21:40:55.479-0700] {dagbag.py:588} INFO - Filling up the DagBag from /Users/saiprasadreddykolan/Documents/E-commerce_project/venv/lib/python3.10/site-packages/airflow/example_dags/example_workday_timetable.py
[2024-10-30T21:40:55.726-0700] {processor.py:925} INFO - DAG(s) 'example_workday_timetable' retrieved from /Users/saiprasadreddykolan/Documents/E-commerce_project/venv/lib/python3.10/site-packages/airflow/example_dags/example_workday_timetable.py
[2024-10-30T21:40:55.770-0700] {logging_mixin.py:190} INFO - [2024-10-30T21:40:55.769-0700] {dag.py:3239} INFO - Sync 1 DAGs
[2024-10-30T21:40:55.786-0700] {logging_mixin.py:190} INFO - [2024-10-30T21:40:55.786-0700] {dag.py:4180} INFO - Setting next_dagrun for example_workday_timetable to 2021-01-04T00:00:00+00:00, run_after=2021-01-05T00:00:00+00:00
[2024-10-30T21:40:55.793-0700] {processor.py:208} INFO - Processing /Users/saiprasadreddykolan/Documents/E-commerce_project/venv/lib/python3.10/site-packages/airflow/example_dags/example_workday_timetable.py took 0.317 seconds
[2024-10-30T21:42:00.496-0700] {processor.py:186} INFO - Started process (PID=37476) to work on /Users/saiprasadreddykolan/Documents/E-commerce_project/venv/lib/python3.10/site-packages/airflow/example_dags/example_workday_timetable.py
[2024-10-30T21:42:00.498-0700] {processor.py:914} INFO - Processing file /Users/saiprasadreddykolan/Documents/E-commerce_project/venv/lib/python3.10/site-packages/airflow/example_dags/example_workday_timetable.py for tasks to queue
[2024-10-30T21:42:00.498-0700] {logging_mixin.py:190} INFO - [2024-10-30T21:42:00.498-0700] {dagbag.py:588} INFO - Filling up the DagBag from /Users/saiprasadreddykolan/Documents/E-commerce_project/venv/lib/python3.10/site-packages/airflow/example_dags/example_workday_timetable.py
[2024-10-30T21:42:00.759-0700] {processor.py:925} INFO - DAG(s) 'example_workday_timetable' retrieved from /Users/saiprasadreddykolan/Documents/E-commerce_project/venv/lib/python3.10/site-packages/airflow/example_dags/example_workday_timetable.py
[2024-10-30T21:42:00.800-0700] {logging_mixin.py:190} INFO - [2024-10-30T21:42:00.800-0700] {dag.py:3239} INFO - Sync 1 DAGs
[2024-10-30T21:42:00.817-0700] {logging_mixin.py:190} INFO - [2024-10-30T21:42:00.816-0700] {dag.py:4180} INFO - Setting next_dagrun for example_workday_timetable to 2021-01-04T00:00:00+00:00, run_after=2021-01-05T00:00:00+00:00
[2024-10-30T21:42:00.822-0700] {processor.py:208} INFO - Processing /Users/saiprasadreddykolan/Documents/E-commerce_project/venv/lib/python3.10/site-packages/airflow/example_dags/example_workday_timetable.py took 0.328 seconds
[2024-10-30T22:31:32.481-0700] {processor.py:186} INFO - Started process (PID=37681) to work on /Users/saiprasadreddykolan/Documents/E-commerce_project/venv/lib/python3.10/site-packages/airflow/example_dags/example_workday_timetable.py
[2024-10-30T22:31:32.483-0700] {processor.py:914} INFO - Processing file /Users/saiprasadreddykolan/Documents/E-commerce_project/venv/lib/python3.10/site-packages/airflow/example_dags/example_workday_timetable.py for tasks to queue
[2024-10-30T22:31:32.484-0700] {logging_mixin.py:190} INFO - [2024-10-30T22:31:32.484-0700] {dagbag.py:588} INFO - Filling up the DagBag from /Users/saiprasadreddykolan/Documents/E-commerce_project/venv/lib/python3.10/site-packages/airflow/example_dags/example_workday_timetable.py
[2024-10-30T22:31:32.737-0700] {processor.py:925} INFO - DAG(s) 'example_workday_timetable' retrieved from /Users/saiprasadreddykolan/Documents/E-commerce_project/venv/lib/python3.10/site-packages/airflow/example_dags/example_workday_timetable.py
[2024-10-30T22:31:32.778-0700] {logging_mixin.py:190} INFO - [2024-10-30T22:31:32.778-0700] {dag.py:3239} INFO - Sync 1 DAGs
[2024-10-30T22:31:32.801-0700] {logging_mixin.py:190} INFO - [2024-10-30T22:31:32.801-0700] {dag.py:4180} INFO - Setting next_dagrun for example_workday_timetable to 2021-01-04T00:00:00+00:00, run_after=2021-01-05T00:00:00+00:00
[2024-10-30T22:31:32.806-0700] {processor.py:208} INFO - Processing /Users/saiprasadreddykolan/Documents/E-commerce_project/venv/lib/python3.10/site-packages/airflow/example_dags/example_workday_timetable.py took 0.327 seconds
[2024-10-30T23:43:53.925-0700] {processor.py:186} INFO - Started process (PID=37863) to work on /Users/saiprasadreddykolan/Documents/E-commerce_project/venv/lib/python3.10/site-packages/airflow/example_dags/example_workday_timetable.py
[2024-10-30T23:43:53.927-0700] {processor.py:914} INFO - Processing file /Users/saiprasadreddykolan/Documents/E-commerce_project/venv/lib/python3.10/site-packages/airflow/example_dags/example_workday_timetable.py for tasks to queue
[2024-10-30T23:43:53.927-0700] {logging_mixin.py:190} INFO - [2024-10-30T23:43:53.927-0700] {dagbag.py:588} INFO - Filling up the DagBag from /Users/saiprasadreddykolan/Documents/E-commerce_project/venv/lib/python3.10/site-packages/airflow/example_dags/example_workday_timetable.py
[2024-10-30T23:43:54.216-0700] {processor.py:925} INFO - DAG(s) 'example_workday_timetable' retrieved from /Users/saiprasadreddykolan/Documents/E-commerce_project/venv/lib/python3.10/site-packages/airflow/example_dags/example_workday_timetable.py
[2024-10-30T23:43:54.260-0700] {logging_mixin.py:190} INFO - [2024-10-30T23:43:54.260-0700] {dag.py:3239} INFO - Sync 1 DAGs
[2024-10-30T23:43:54.278-0700] {logging_mixin.py:190} INFO - [2024-10-30T23:43:54.277-0700] {dag.py:4180} INFO - Setting next_dagrun for example_workday_timetable to 2021-01-04T00:00:00+00:00, run_after=2021-01-05T00:00:00+00:00
[2024-10-30T23:43:54.284-0700] {processor.py:208} INFO - Processing /Users/saiprasadreddykolan/Documents/E-commerce_project/venv/lib/python3.10/site-packages/airflow/example_dags/example_workday_timetable.py took 0.360 seconds
[2024-10-31T00:44:41.529-0700] {processor.py:186} INFO - Started process (PID=38049) to work on /Users/saiprasadreddykolan/Documents/E-commerce_project/venv/lib/python3.10/site-packages/airflow/example_dags/example_workday_timetable.py
[2024-10-31T00:44:41.531-0700] {processor.py:914} INFO - Processing file /Users/saiprasadreddykolan/Documents/E-commerce_project/venv/lib/python3.10/site-packages/airflow/example_dags/example_workday_timetable.py for tasks to queue
[2024-10-31T00:44:41.532-0700] {logging_mixin.py:190} INFO - [2024-10-31T00:44:41.532-0700] {dagbag.py:588} INFO - Filling up the DagBag from /Users/saiprasadreddykolan/Documents/E-commerce_project/venv/lib/python3.10/site-packages/airflow/example_dags/example_workday_timetable.py
[2024-10-31T00:44:41.798-0700] {processor.py:925} INFO - DAG(s) 'example_workday_timetable' retrieved from /Users/saiprasadreddykolan/Documents/E-commerce_project/venv/lib/python3.10/site-packages/airflow/example_dags/example_workday_timetable.py
[2024-10-31T00:44:41.839-0700] {logging_mixin.py:190} INFO - [2024-10-31T00:44:41.839-0700] {dag.py:3239} INFO - Sync 1 DAGs
[2024-10-31T00:44:41.855-0700] {logging_mixin.py:190} INFO - [2024-10-31T00:44:41.855-0700] {dag.py:4180} INFO - Setting next_dagrun for example_workday_timetable to 2021-01-04T00:00:00+00:00, run_after=2021-01-05T00:00:00+00:00
[2024-10-31T00:44:41.861-0700] {processor.py:208} INFO - Processing /Users/saiprasadreddykolan/Documents/E-commerce_project/venv/lib/python3.10/site-packages/airflow/example_dags/example_workday_timetable.py took 0.333 seconds
[2024-10-31T01:32:57.751-0700] {processor.py:186} INFO - Started process (PID=38172) to work on /Users/saiprasadreddykolan/Documents/E-commerce_project/venv/lib/python3.10/site-packages/airflow/example_dags/example_workday_timetable.py
[2024-10-31T01:32:57.754-0700] {processor.py:914} INFO - Processing file /Users/saiprasadreddykolan/Documents/E-commerce_project/venv/lib/python3.10/site-packages/airflow/example_dags/example_workday_timetable.py for tasks to queue
[2024-10-31T01:32:57.754-0700] {logging_mixin.py:190} INFO - [2024-10-31T01:32:57.754-0700] {dagbag.py:588} INFO - Filling up the DagBag from /Users/saiprasadreddykolan/Documents/E-commerce_project/venv/lib/python3.10/site-packages/airflow/example_dags/example_workday_timetable.py
[2024-10-31T01:32:58.006-0700] {processor.py:925} INFO - DAG(s) 'example_workday_timetable' retrieved from /Users/saiprasadreddykolan/Documents/E-commerce_project/venv/lib/python3.10/site-packages/airflow/example_dags/example_workday_timetable.py
[2024-10-31T01:32:58.049-0700] {logging_mixin.py:190} INFO - [2024-10-31T01:32:58.049-0700] {dag.py:3239} INFO - Sync 1 DAGs
[2024-10-31T01:32:58.066-0700] {logging_mixin.py:190} INFO - [2024-10-31T01:32:58.065-0700] {dag.py:4180} INFO - Setting next_dagrun for example_workday_timetable to 2021-01-04T00:00:00+00:00, run_after=2021-01-05T00:00:00+00:00
[2024-10-31T01:32:58.073-0700] {processor.py:208} INFO - Processing /Users/saiprasadreddykolan/Documents/E-commerce_project/venv/lib/python3.10/site-packages/airflow/example_dags/example_workday_timetable.py took 0.322 seconds
[2024-10-31T02:25:44.006-0700] {processor.py:186} INFO - Started process (PID=38303) to work on /Users/saiprasadreddykolan/Documents/E-commerce_project/venv/lib/python3.10/site-packages/airflow/example_dags/example_workday_timetable.py
[2024-10-31T02:25:44.008-0700] {processor.py:914} INFO - Processing file /Users/saiprasadreddykolan/Documents/E-commerce_project/venv/lib/python3.10/site-packages/airflow/example_dags/example_workday_timetable.py for tasks to queue
[2024-10-31T02:25:44.008-0700] {logging_mixin.py:190} INFO - [2024-10-31T02:25:44.008-0700] {dagbag.py:588} INFO - Filling up the DagBag from /Users/saiprasadreddykolan/Documents/E-commerce_project/venv/lib/python3.10/site-packages/airflow/example_dags/example_workday_timetable.py
[2024-10-31T02:25:44.264-0700] {processor.py:925} INFO - DAG(s) 'example_workday_timetable' retrieved from /Users/saiprasadreddykolan/Documents/E-commerce_project/venv/lib/python3.10/site-packages/airflow/example_dags/example_workday_timetable.py
[2024-10-31T02:25:44.306-0700] {logging_mixin.py:190} INFO - [2024-10-31T02:25:44.306-0700] {dag.py:3239} INFO - Sync 1 DAGs
[2024-10-31T02:25:44.323-0700] {logging_mixin.py:190} INFO - [2024-10-31T02:25:44.323-0700] {dag.py:4180} INFO - Setting next_dagrun for example_workday_timetable to 2021-01-04T00:00:00+00:00, run_after=2021-01-05T00:00:00+00:00
[2024-10-31T02:25:44.329-0700] {processor.py:208} INFO - Processing /Users/saiprasadreddykolan/Documents/E-commerce_project/venv/lib/python3.10/site-packages/airflow/example_dags/example_workday_timetable.py took 0.324 seconds
[2024-10-31T03:49:59.938-0700] {processor.py:186} INFO - Started process (PID=38458) to work on /Users/saiprasadreddykolan/Documents/E-commerce_project/venv/lib/python3.10/site-packages/airflow/example_dags/example_workday_timetable.py
[2024-10-31T03:49:59.940-0700] {processor.py:914} INFO - Processing file /Users/saiprasadreddykolan/Documents/E-commerce_project/venv/lib/python3.10/site-packages/airflow/example_dags/example_workday_timetable.py for tasks to queue
[2024-10-31T03:49:59.940-0700] {logging_mixin.py:190} INFO - [2024-10-31T03:49:59.940-0700] {dagbag.py:588} INFO - Filling up the DagBag from /Users/saiprasadreddykolan/Documents/E-commerce_project/venv/lib/python3.10/site-packages/airflow/example_dags/example_workday_timetable.py
[2024-10-31T04:05:39.112-0700] {processor.py:925} INFO - DAG(s) 'example_workday_timetable' retrieved from /Users/saiprasadreddykolan/Documents/E-commerce_project/venv/lib/python3.10/site-packages/airflow/example_dags/example_workday_timetable.py
[2024-10-31T04:05:39.165-0700] {logging_mixin.py:190} INFO - [2024-10-31T04:05:39.165-0700] {dag.py:3239} INFO - Sync 1 DAGs
[2024-10-31T04:05:39.186-0700] {logging_mixin.py:190} INFO - [2024-10-31T04:05:39.186-0700] {dag.py:4180} INFO - Setting next_dagrun for example_workday_timetable to 2021-01-04T00:00:00+00:00, run_after=2021-01-05T00:00:00+00:00
[2024-10-31T04:05:39.195-0700] {processor.py:208} INFO - Processing /Users/saiprasadreddykolan/Documents/E-commerce_project/venv/lib/python3.10/site-packages/airflow/example_dags/example_workday_timetable.py took 0.566 seconds
[2024-10-31T05:35:01.588-0700] {processor.py:186} INFO - Started process (PID=38741) to work on /Users/saiprasadreddykolan/Documents/E-commerce_project/venv/lib/python3.10/site-packages/airflow/example_dags/example_workday_timetable.py
[2024-10-31T05:35:01.590-0700] {processor.py:914} INFO - Processing file /Users/saiprasadreddykolan/Documents/E-commerce_project/venv/lib/python3.10/site-packages/airflow/example_dags/example_workday_timetable.py for tasks to queue
[2024-10-31T05:35:01.590-0700] {logging_mixin.py:190} INFO - [2024-10-31T05:35:01.590-0700] {dagbag.py:588} INFO - Filling up the DagBag from /Users/saiprasadreddykolan/Documents/E-commerce_project/venv/lib/python3.10/site-packages/airflow/example_dags/example_workday_timetable.py
[2024-10-31T05:35:01.846-0700] {processor.py:925} INFO - DAG(s) 'example_workday_timetable' retrieved from /Users/saiprasadreddykolan/Documents/E-commerce_project/venv/lib/python3.10/site-packages/airflow/example_dags/example_workday_timetable.py
[2024-10-31T05:35:01.888-0700] {logging_mixin.py:190} INFO - [2024-10-31T05:35:01.888-0700] {dag.py:3239} INFO - Sync 1 DAGs
[2024-10-31T05:35:01.913-0700] {logging_mixin.py:190} INFO - [2024-10-31T05:35:01.913-0700] {dag.py:4180} INFO - Setting next_dagrun for example_workday_timetable to 2021-01-04T00:00:00+00:00, run_after=2021-01-05T00:00:00+00:00
[2024-10-31T05:35:01.921-0700] {processor.py:208} INFO - Processing /Users/saiprasadreddykolan/Documents/E-commerce_project/venv/lib/python3.10/site-packages/airflow/example_dags/example_workday_timetable.py took 0.334 seconds
[2024-10-31T06:25:25.570-0700] {processor.py:186} INFO - Started process (PID=38901) to work on /Users/saiprasadreddykolan/Documents/E-commerce_project/venv/lib/python3.10/site-packages/airflow/example_dags/example_workday_timetable.py
[2024-10-31T06:25:25.571-0700] {processor.py:914} INFO - Processing file /Users/saiprasadreddykolan/Documents/E-commerce_project/venv/lib/python3.10/site-packages/airflow/example_dags/example_workday_timetable.py for tasks to queue
[2024-10-31T06:25:25.572-0700] {logging_mixin.py:190} INFO - [2024-10-31T06:25:25.572-0700] {dagbag.py:588} INFO - Filling up the DagBag from /Users/saiprasadreddykolan/Documents/E-commerce_project/venv/lib/python3.10/site-packages/airflow/example_dags/example_workday_timetable.py
[2024-10-31T06:25:25.822-0700] {processor.py:925} INFO - DAG(s) 'example_workday_timetable' retrieved from /Users/saiprasadreddykolan/Documents/E-commerce_project/venv/lib/python3.10/site-packages/airflow/example_dags/example_workday_timetable.py
[2024-10-31T06:25:25.863-0700] {logging_mixin.py:190} INFO - [2024-10-31T06:25:25.863-0700] {dag.py:3239} INFO - Sync 1 DAGs
[2024-10-31T06:25:25.880-0700] {logging_mixin.py:190} INFO - [2024-10-31T06:25:25.880-0700] {dag.py:4180} INFO - Setting next_dagrun for example_workday_timetable to 2021-01-04T00:00:00+00:00, run_after=2021-01-05T00:00:00+00:00
[2024-10-31T06:25:25.886-0700] {processor.py:208} INFO - Processing /Users/saiprasadreddykolan/Documents/E-commerce_project/venv/lib/python3.10/site-packages/airflow/example_dags/example_workday_timetable.py took 0.317 seconds
[2024-10-31T07:00:18.722-0700] {processor.py:186} INFO - Started process (PID=39029) to work on /Users/saiprasadreddykolan/Documents/E-commerce_project/venv/lib/python3.10/site-packages/airflow/example_dags/example_workday_timetable.py
[2024-10-31T07:00:18.724-0700] {processor.py:914} INFO - Processing file /Users/saiprasadreddykolan/Documents/E-commerce_project/venv/lib/python3.10/site-packages/airflow/example_dags/example_workday_timetable.py for tasks to queue
[2024-10-31T07:00:18.725-0700] {logging_mixin.py:190} INFO - [2024-10-31T07:00:18.725-0700] {dagbag.py:588} INFO - Filling up the DagBag from /Users/saiprasadreddykolan/Documents/E-commerce_project/venv/lib/python3.10/site-packages/airflow/example_dags/example_workday_timetable.py
[2024-10-31T07:00:18.980-0700] {processor.py:925} INFO - DAG(s) 'example_workday_timetable' retrieved from /Users/saiprasadreddykolan/Documents/E-commerce_project/venv/lib/python3.10/site-packages/airflow/example_dags/example_workday_timetable.py
[2024-10-31T07:00:19.020-0700] {logging_mixin.py:190} INFO - [2024-10-31T07:00:19.020-0700] {dag.py:3239} INFO - Sync 1 DAGs
[2024-10-31T07:00:19.037-0700] {logging_mixin.py:190} INFO - [2024-10-31T07:00:19.036-0700] {dag.py:4180} INFO - Setting next_dagrun for example_workday_timetable to 2021-01-04T00:00:00+00:00, run_after=2021-01-05T00:00:00+00:00
[2024-10-31T07:00:19.043-0700] {processor.py:208} INFO - Processing /Users/saiprasadreddykolan/Documents/E-commerce_project/venv/lib/python3.10/site-packages/airflow/example_dags/example_workday_timetable.py took 0.322 seconds
[2024-10-31T07:16:49.502-0700] {processor.py:186} INFO - Started process (PID=39130) to work on /Users/saiprasadreddykolan/Documents/E-commerce_project/venv/lib/python3.10/site-packages/airflow/example_dags/example_workday_timetable.py
[2024-10-31T07:16:49.505-0700] {processor.py:914} INFO - Processing file /Users/saiprasadreddykolan/Documents/E-commerce_project/venv/lib/python3.10/site-packages/airflow/example_dags/example_workday_timetable.py for tasks to queue
[2024-10-31T07:16:49.505-0700] {logging_mixin.py:190} INFO - [2024-10-31T07:16:49.505-0700] {dagbag.py:588} INFO - Filling up the DagBag from /Users/saiprasadreddykolan/Documents/E-commerce_project/venv/lib/python3.10/site-packages/airflow/example_dags/example_workday_timetable.py
[2024-10-31T07:16:49.758-0700] {processor.py:925} INFO - DAG(s) 'example_workday_timetable' retrieved from /Users/saiprasadreddykolan/Documents/E-commerce_project/venv/lib/python3.10/site-packages/airflow/example_dags/example_workday_timetable.py
[2024-10-31T07:16:49.800-0700] {logging_mixin.py:190} INFO - [2024-10-31T07:16:49.800-0700] {dag.py:3239} INFO - Sync 1 DAGs
[2024-10-31T07:16:49.817-0700] {logging_mixin.py:190} INFO - [2024-10-31T07:16:49.817-0700] {dag.py:4180} INFO - Setting next_dagrun for example_workday_timetable to 2021-01-04T00:00:00+00:00, run_after=2021-01-05T00:00:00+00:00
[2024-10-31T07:16:49.824-0700] {processor.py:208} INFO - Processing /Users/saiprasadreddykolan/Documents/E-commerce_project/venv/lib/python3.10/site-packages/airflow/example_dags/example_workday_timetable.py took 0.322 seconds
[2024-10-31T07:59:12.115-0700] {processor.py:186} INFO - Started process (PID=39251) to work on /Users/saiprasadreddykolan/Documents/E-commerce_project/venv/lib/python3.10/site-packages/airflow/example_dags/example_workday_timetable.py
[2024-10-31T07:59:12.117-0700] {processor.py:914} INFO - Processing file /Users/saiprasadreddykolan/Documents/E-commerce_project/venv/lib/python3.10/site-packages/airflow/example_dags/example_workday_timetable.py for tasks to queue
[2024-10-31T07:59:12.117-0700] {logging_mixin.py:190} INFO - [2024-10-31T07:59:12.117-0700] {dagbag.py:588} INFO - Filling up the DagBag from /Users/saiprasadreddykolan/Documents/E-commerce_project/venv/lib/python3.10/site-packages/airflow/example_dags/example_workday_timetable.py
[2024-10-31T07:59:12.382-0700] {processor.py:925} INFO - DAG(s) 'example_workday_timetable' retrieved from /Users/saiprasadreddykolan/Documents/E-commerce_project/venv/lib/python3.10/site-packages/airflow/example_dags/example_workday_timetable.py
[2024-10-31T07:59:12.423-0700] {logging_mixin.py:190} INFO - [2024-10-31T07:59:12.423-0700] {dag.py:3239} INFO - Sync 1 DAGs
[2024-10-31T07:59:12.439-0700] {logging_mixin.py:190} INFO - [2024-10-31T07:59:12.439-0700] {dag.py:4180} INFO - Setting next_dagrun for example_workday_timetable to 2021-01-04T00:00:00+00:00, run_after=2021-01-05T00:00:00+00:00
[2024-10-31T07:59:12.445-0700] {processor.py:208} INFO - Processing /Users/saiprasadreddykolan/Documents/E-commerce_project/venv/lib/python3.10/site-packages/airflow/example_dags/example_workday_timetable.py took 0.331 seconds
[2024-10-31T09:00:52.431-0700] {processor.py:186} INFO - Started process (PID=39402) to work on /Users/saiprasadreddykolan/Documents/E-commerce_project/venv/lib/python3.10/site-packages/airflow/example_dags/example_workday_timetable.py
[2024-10-31T09:00:52.433-0700] {processor.py:914} INFO - Processing file /Users/saiprasadreddykolan/Documents/E-commerce_project/venv/lib/python3.10/site-packages/airflow/example_dags/example_workday_timetable.py for tasks to queue
[2024-10-31T09:00:52.434-0700] {logging_mixin.py:190} INFO - [2024-10-31T09:00:52.434-0700] {dagbag.py:588} INFO - Filling up the DagBag from /Users/saiprasadreddykolan/Documents/E-commerce_project/venv/lib/python3.10/site-packages/airflow/example_dags/example_workday_timetable.py
[2024-10-31T09:00:52.700-0700] {processor.py:925} INFO - DAG(s) 'example_workday_timetable' retrieved from /Users/saiprasadreddykolan/Documents/E-commerce_project/venv/lib/python3.10/site-packages/airflow/example_dags/example_workday_timetable.py
[2024-10-31T09:00:52.740-0700] {logging_mixin.py:190} INFO - [2024-10-31T09:00:52.740-0700] {dag.py:3239} INFO - Sync 1 DAGs
[2024-10-31T09:00:52.756-0700] {logging_mixin.py:190} INFO - [2024-10-31T09:00:52.756-0700] {dag.py:4180} INFO - Setting next_dagrun for example_workday_timetable to 2021-01-04T00:00:00+00:00, run_after=2021-01-05T00:00:00+00:00
[2024-10-31T09:00:52.762-0700] {processor.py:208} INFO - Processing /Users/saiprasadreddykolan/Documents/E-commerce_project/venv/lib/python3.10/site-packages/airflow/example_dags/example_workday_timetable.py took 0.332 seconds
[2024-10-31T09:21:43.527-0700] {processor.py:186} INFO - Started process (PID=39508) to work on /Users/saiprasadreddykolan/Documents/E-commerce_project/venv/lib/python3.10/site-packages/airflow/example_dags/example_workday_timetable.py
[2024-10-31T09:21:43.530-0700] {processor.py:914} INFO - Processing file /Users/saiprasadreddykolan/Documents/E-commerce_project/venv/lib/python3.10/site-packages/airflow/example_dags/example_workday_timetable.py for tasks to queue
[2024-10-31T09:21:43.530-0700] {logging_mixin.py:190} INFO - [2024-10-31T09:21:43.530-0700] {dagbag.py:588} INFO - Filling up the DagBag from /Users/saiprasadreddykolan/Documents/E-commerce_project/venv/lib/python3.10/site-packages/airflow/example_dags/example_workday_timetable.py
[2024-10-31T09:21:43.781-0700] {processor.py:925} INFO - DAG(s) 'example_workday_timetable' retrieved from /Users/saiprasadreddykolan/Documents/E-commerce_project/venv/lib/python3.10/site-packages/airflow/example_dags/example_workday_timetable.py
[2024-10-31T09:21:43.824-0700] {logging_mixin.py:190} INFO - [2024-10-31T09:21:43.824-0700] {dag.py:3239} INFO - Sync 1 DAGs
[2024-10-31T09:21:43.842-0700] {logging_mixin.py:190} INFO - [2024-10-31T09:21:43.842-0700] {dag.py:4180} INFO - Setting next_dagrun for example_workday_timetable to 2021-01-04T00:00:00+00:00, run_after=2021-01-05T00:00:00+00:00
[2024-10-31T09:21:43.848-0700] {processor.py:208} INFO - Processing /Users/saiprasadreddykolan/Documents/E-commerce_project/venv/lib/python3.10/site-packages/airflow/example_dags/example_workday_timetable.py took 0.322 seconds
[2024-10-31T09:23:08.981-0700] {processor.py:186} INFO - Started process (PID=39596) to work on /Users/saiprasadreddykolan/Documents/E-commerce_project/venv/lib/python3.10/site-packages/airflow/example_dags/example_workday_timetable.py
[2024-10-31T09:23:08.984-0700] {processor.py:914} INFO - Processing file /Users/saiprasadreddykolan/Documents/E-commerce_project/venv/lib/python3.10/site-packages/airflow/example_dags/example_workday_timetable.py for tasks to queue
[2024-10-31T09:23:08.984-0700] {logging_mixin.py:190} INFO - [2024-10-31T09:23:08.984-0700] {dagbag.py:588} INFO - Filling up the DagBag from /Users/saiprasadreddykolan/Documents/E-commerce_project/venv/lib/python3.10/site-packages/airflow/example_dags/example_workday_timetable.py
[2024-10-31T09:23:09.248-0700] {processor.py:925} INFO - DAG(s) 'example_workday_timetable' retrieved from /Users/saiprasadreddykolan/Documents/E-commerce_project/venv/lib/python3.10/site-packages/airflow/example_dags/example_workday_timetable.py
[2024-10-31T09:23:09.288-0700] {logging_mixin.py:190} INFO - [2024-10-31T09:23:09.288-0700] {dag.py:3239} INFO - Sync 1 DAGs
[2024-10-31T09:23:09.305-0700] {logging_mixin.py:190} INFO - [2024-10-31T09:23:09.304-0700] {dag.py:4180} INFO - Setting next_dagrun for example_workday_timetable to 2021-01-04T00:00:00+00:00, run_after=2021-01-05T00:00:00+00:00
[2024-10-31T09:23:09.310-0700] {processor.py:208} INFO - Processing /Users/saiprasadreddykolan/Documents/E-commerce_project/venv/lib/python3.10/site-packages/airflow/example_dags/example_workday_timetable.py took 0.330 seconds
