[2024-10-30T17:05:45.768-0700] {processor.py:186} INFO - Started process (PID=6920) to work on /opt/anaconda3/lib/python3.12/site-packages/airflow/example_dags/example_task_group.py
[2024-10-30T17:05:45.768-0700] {processor.py:914} INFO - Processing file /opt/anaconda3/lib/python3.12/site-packages/airflow/example_dags/example_task_group.py for tasks to queue
[2024-10-30T17:05:45.769-0700] {logging_mixin.py:190} INFO - [2024-10-30T17:05:45.769-0700] {dagbag.py:588} INFO - Filling up the DagBag from /opt/anaconda3/lib/python3.12/site-packages/airflow/example_dags/example_task_group.py
[2024-10-30T17:05:45.772-0700] {processor.py:925} INFO - DAG(s) 'example_task_group' retrieved from /opt/anaconda3/lib/python3.12/site-packages/airflow/example_dags/example_task_group.py
[2024-10-30T17:05:45.802-0700] {logging_mixin.py:190} INFO - [2024-10-30T17:05:45.802-0700] {dag.py:3239} INFO - Sync 1 DAGs
[2024-10-30T17:05:45.805-0700] {logging_mixin.py:190} INFO - [2024-10-30T17:05:45.805-0700] {dag.py:4180} INFO - Setting next_dagrun for example_task_group to None, run_after=None
[2024-10-30T17:05:45.811-0700] {processor.py:208} INFO - Processing /opt/anaconda3/lib/python3.12/site-packages/airflow/example_dags/example_task_group.py took 0.044 seconds
[2024-10-30T18:22:27.659-0700] {processor.py:186} INFO - Started process (PID=7095) to work on /opt/anaconda3/lib/python3.12/site-packages/airflow/example_dags/example_task_group.py
[2024-10-30T18:22:27.660-0700] {processor.py:914} INFO - Processing file /opt/anaconda3/lib/python3.12/site-packages/airflow/example_dags/example_task_group.py for tasks to queue
[2024-10-30T18:22:27.660-0700] {logging_mixin.py:190} INFO - [2024-10-30T18:22:27.660-0700] {dagbag.py:588} INFO - Filling up the DagBag from /opt/anaconda3/lib/python3.12/site-packages/airflow/example_dags/example_task_group.py
[2024-10-30T18:22:27.663-0700] {processor.py:925} INFO - DAG(s) 'example_task_group' retrieved from /opt/anaconda3/lib/python3.12/site-packages/airflow/example_dags/example_task_group.py
[2024-10-30T18:22:27.693-0700] {logging_mixin.py:190} INFO - [2024-10-30T18:22:27.693-0700] {dag.py:3239} INFO - Sync 1 DAGs
[2024-10-30T18:22:27.697-0700] {logging_mixin.py:190} INFO - [2024-10-30T18:22:27.697-0700] {dag.py:4180} INFO - Setting next_dagrun for example_task_group to None, run_after=None
[2024-10-30T18:22:27.702-0700] {processor.py:208} INFO - Processing /opt/anaconda3/lib/python3.12/site-packages/airflow/example_dags/example_task_group.py took 0.044 seconds
[2024-10-30T19:49:53.797-0700] {processor.py:186} INFO - Started process (PID=7252) to work on /opt/anaconda3/lib/python3.12/site-packages/airflow/example_dags/example_task_group.py
[2024-10-30T19:49:53.797-0700] {processor.py:914} INFO - Processing file /opt/anaconda3/lib/python3.12/site-packages/airflow/example_dags/example_task_group.py for tasks to queue
[2024-10-30T19:49:53.797-0700] {logging_mixin.py:190} INFO - [2024-10-30T19:49:53.797-0700] {dagbag.py:588} INFO - Filling up the DagBag from /opt/anaconda3/lib/python3.12/site-packages/airflow/example_dags/example_task_group.py
[2024-10-30T19:49:53.801-0700] {processor.py:925} INFO - DAG(s) 'example_task_group' retrieved from /opt/anaconda3/lib/python3.12/site-packages/airflow/example_dags/example_task_group.py
[2024-10-30T19:49:53.834-0700] {logging_mixin.py:190} INFO - [2024-10-30T19:49:53.834-0700] {dag.py:3239} INFO - Sync 1 DAGs
[2024-10-30T19:49:53.838-0700] {logging_mixin.py:190} INFO - [2024-10-30T19:49:53.838-0700] {dag.py:4180} INFO - Setting next_dagrun for example_task_group to None, run_after=None
[2024-10-30T19:49:53.844-0700] {processor.py:208} INFO - Processing /opt/anaconda3/lib/python3.12/site-packages/airflow/example_dags/example_task_group.py took 0.049 seconds
[2024-10-30T20:59:25.497-0700] {processor.py:186} INFO - Started process (PID=9490) to work on /Users/saiprasadreddykolan/Documents/E-commerce_project/venv/lib/python3.10/site-packages/airflow/example_dags/example_task_group.py
[2024-10-30T20:59:25.499-0700] {processor.py:914} INFO - Processing file /Users/saiprasadreddykolan/Documents/E-commerce_project/venv/lib/python3.10/site-packages/airflow/example_dags/example_task_group.py for tasks to queue
[2024-10-30T20:59:25.500-0700] {logging_mixin.py:190} INFO - [2024-10-30T20:59:25.500-0700] {dagbag.py:588} INFO - Filling up the DagBag from /Users/saiprasadreddykolan/Documents/E-commerce_project/venv/lib/python3.10/site-packages/airflow/example_dags/example_task_group.py
[2024-10-30T20:59:25.507-0700] {processor.py:925} INFO - DAG(s) 'example_task_group' retrieved from /Users/saiprasadreddykolan/Documents/E-commerce_project/venv/lib/python3.10/site-packages/airflow/example_dags/example_task_group.py
[2024-10-30T20:59:25.571-0700] {logging_mixin.py:190} INFO - [2024-10-30T20:59:25.571-0700] {dag.py:3239} INFO - Sync 1 DAGs
[2024-10-30T20:59:25.575-0700] {logging_mixin.py:190} INFO - [2024-10-30T20:59:25.575-0700] {dag.py:4180} INFO - Setting next_dagrun for example_task_group to None, run_after=None
[2024-10-30T20:59:25.582-0700] {processor.py:208} INFO - Processing /Users/saiprasadreddykolan/Documents/E-commerce_project/venv/lib/python3.10/site-packages/airflow/example_dags/example_task_group.py took 0.086 seconds
[2024-10-30T21:01:05.065-0700] {processor.py:186} INFO - Started process (PID=9610) to work on /Users/saiprasadreddykolan/Documents/E-commerce_project/venv/lib/python3.10/site-packages/airflow/example_dags/example_task_group.py
[2024-10-30T21:01:05.067-0700] {processor.py:914} INFO - Processing file /Users/saiprasadreddykolan/Documents/E-commerce_project/venv/lib/python3.10/site-packages/airflow/example_dags/example_task_group.py for tasks to queue
[2024-10-30T21:01:05.067-0700] {logging_mixin.py:190} INFO - [2024-10-30T21:01:05.067-0700] {dagbag.py:588} INFO - Filling up the DagBag from /Users/saiprasadreddykolan/Documents/E-commerce_project/venv/lib/python3.10/site-packages/airflow/example_dags/example_task_group.py
[2024-10-30T21:01:05.072-0700] {processor.py:925} INFO - DAG(s) 'example_task_group' retrieved from /Users/saiprasadreddykolan/Documents/E-commerce_project/venv/lib/python3.10/site-packages/airflow/example_dags/example_task_group.py
[2024-10-30T21:01:05.115-0700] {logging_mixin.py:190} INFO - [2024-10-30T21:01:05.115-0700] {dag.py:3239} INFO - Sync 1 DAGs
[2024-10-30T21:01:05.119-0700] {logging_mixin.py:190} INFO - [2024-10-30T21:01:05.119-0700] {dag.py:4180} INFO - Setting next_dagrun for example_task_group to None, run_after=None
[2024-10-30T21:01:05.126-0700] {processor.py:208} INFO - Processing /Users/saiprasadreddykolan/Documents/E-commerce_project/venv/lib/python3.10/site-packages/airflow/example_dags/example_task_group.py took 0.062 seconds
[2024-10-30T21:02:10.482-0700] {processor.py:186} INFO - Started process (PID=9724) to work on /Users/saiprasadreddykolan/Documents/E-commerce_project/venv/lib/python3.10/site-packages/airflow/example_dags/example_task_group.py
[2024-10-30T21:02:10.483-0700] {processor.py:914} INFO - Processing file /Users/saiprasadreddykolan/Documents/E-commerce_project/venv/lib/python3.10/site-packages/airflow/example_dags/example_task_group.py for tasks to queue
[2024-10-30T21:02:10.484-0700] {logging_mixin.py:190} INFO - [2024-10-30T21:02:10.484-0700] {dagbag.py:588} INFO - Filling up the DagBag from /Users/saiprasadreddykolan/Documents/E-commerce_project/venv/lib/python3.10/site-packages/airflow/example_dags/example_task_group.py
[2024-10-30T21:02:10.488-0700] {processor.py:925} INFO - DAG(s) 'example_task_group' retrieved from /Users/saiprasadreddykolan/Documents/E-commerce_project/venv/lib/python3.10/site-packages/airflow/example_dags/example_task_group.py
[2024-10-30T21:02:10.523-0700] {logging_mixin.py:190} INFO - [2024-10-30T21:02:10.523-0700] {dag.py:3239} INFO - Sync 1 DAGs
[2024-10-30T21:02:10.527-0700] {logging_mixin.py:190} INFO - [2024-10-30T21:02:10.527-0700] {dag.py:4180} INFO - Setting next_dagrun for example_task_group to None, run_after=None
[2024-10-30T21:02:10.533-0700] {processor.py:208} INFO - Processing /Users/saiprasadreddykolan/Documents/E-commerce_project/venv/lib/python3.10/site-packages/airflow/example_dags/example_task_group.py took 0.052 seconds
[2024-10-30T21:03:12.337-0700] {processor.py:186} INFO - Started process (PID=9822) to work on /Users/saiprasadreddykolan/Documents/E-commerce_project/venv/lib/python3.10/site-packages/airflow/example_dags/example_task_group.py
[2024-10-30T21:03:12.339-0700] {processor.py:914} INFO - Processing file /Users/saiprasadreddykolan/Documents/E-commerce_project/venv/lib/python3.10/site-packages/airflow/example_dags/example_task_group.py for tasks to queue
[2024-10-30T21:03:12.339-0700] {logging_mixin.py:190} INFO - [2024-10-30T21:03:12.339-0700] {dagbag.py:588} INFO - Filling up the DagBag from /Users/saiprasadreddykolan/Documents/E-commerce_project/venv/lib/python3.10/site-packages/airflow/example_dags/example_task_group.py
[2024-10-30T21:03:12.343-0700] {processor.py:925} INFO - DAG(s) 'example_task_group' retrieved from /Users/saiprasadreddykolan/Documents/E-commerce_project/venv/lib/python3.10/site-packages/airflow/example_dags/example_task_group.py
[2024-10-30T21:03:12.378-0700] {logging_mixin.py:190} INFO - [2024-10-30T21:03:12.378-0700] {dag.py:3239} INFO - Sync 1 DAGs
[2024-10-30T21:03:12.381-0700] {logging_mixin.py:190} INFO - [2024-10-30T21:03:12.381-0700] {dag.py:4180} INFO - Setting next_dagrun for example_task_group to None, run_after=None
[2024-10-30T21:03:12.387-0700] {processor.py:208} INFO - Processing /Users/saiprasadreddykolan/Documents/E-commerce_project/venv/lib/python3.10/site-packages/airflow/example_dags/example_task_group.py took 0.051 seconds
[2024-10-30T21:04:17.426-0700] {processor.py:186} INFO - Started process (PID=9928) to work on /Users/saiprasadreddykolan/Documents/E-commerce_project/venv/lib/python3.10/site-packages/airflow/example_dags/example_task_group.py
[2024-10-30T21:04:17.429-0700] {processor.py:914} INFO - Processing file /Users/saiprasadreddykolan/Documents/E-commerce_project/venv/lib/python3.10/site-packages/airflow/example_dags/example_task_group.py for tasks to queue
[2024-10-30T21:04:17.429-0700] {logging_mixin.py:190} INFO - [2024-10-30T21:04:17.429-0700] {dagbag.py:588} INFO - Filling up the DagBag from /Users/saiprasadreddykolan/Documents/E-commerce_project/venv/lib/python3.10/site-packages/airflow/example_dags/example_task_group.py
[2024-10-30T21:04:17.434-0700] {processor.py:925} INFO - DAG(s) 'example_task_group' retrieved from /Users/saiprasadreddykolan/Documents/E-commerce_project/venv/lib/python3.10/site-packages/airflow/example_dags/example_task_group.py
[2024-10-30T21:04:17.469-0700] {logging_mixin.py:190} INFO - [2024-10-30T21:04:17.469-0700] {dag.py:3239} INFO - Sync 1 DAGs
[2024-10-30T21:04:17.472-0700] {logging_mixin.py:190} INFO - [2024-10-30T21:04:17.472-0700] {dag.py:4180} INFO - Setting next_dagrun for example_task_group to None, run_after=None
[2024-10-30T21:04:17.478-0700] {processor.py:208} INFO - Processing /Users/saiprasadreddykolan/Documents/E-commerce_project/venv/lib/python3.10/site-packages/airflow/example_dags/example_task_group.py took 0.053 seconds
[2024-10-30T21:05:24.403-0700] {processor.py:186} INFO - Started process (PID=10012) to work on /Users/saiprasadreddykolan/Documents/E-commerce_project/venv/lib/python3.10/site-packages/airflow/example_dags/example_task_group.py
[2024-10-30T21:05:24.405-0700] {processor.py:914} INFO - Processing file /Users/saiprasadreddykolan/Documents/E-commerce_project/venv/lib/python3.10/site-packages/airflow/example_dags/example_task_group.py for tasks to queue
[2024-10-30T21:05:24.405-0700] {logging_mixin.py:190} INFO - [2024-10-30T21:05:24.405-0700] {dagbag.py:588} INFO - Filling up the DagBag from /Users/saiprasadreddykolan/Documents/E-commerce_project/venv/lib/python3.10/site-packages/airflow/example_dags/example_task_group.py
[2024-10-30T21:05:24.409-0700] {processor.py:925} INFO - DAG(s) 'example_task_group' retrieved from /Users/saiprasadreddykolan/Documents/E-commerce_project/venv/lib/python3.10/site-packages/airflow/example_dags/example_task_group.py
[2024-10-30T21:05:24.445-0700] {logging_mixin.py:190} INFO - [2024-10-30T21:05:24.445-0700] {dag.py:3239} INFO - Sync 1 DAGs
[2024-10-30T21:05:24.449-0700] {logging_mixin.py:190} INFO - [2024-10-30T21:05:24.449-0700] {dag.py:4180} INFO - Setting next_dagrun for example_task_group to None, run_after=None
[2024-10-30T21:05:24.455-0700] {processor.py:208} INFO - Processing /Users/saiprasadreddykolan/Documents/E-commerce_project/venv/lib/python3.10/site-packages/airflow/example_dags/example_task_group.py took 0.053 seconds
[2024-10-30T21:06:32.451-0700] {processor.py:186} INFO - Started process (PID=10103) to work on /Users/saiprasadreddykolan/Documents/E-commerce_project/venv/lib/python3.10/site-packages/airflow/example_dags/example_task_group.py
[2024-10-30T21:06:32.453-0700] {processor.py:914} INFO - Processing file /Users/saiprasadreddykolan/Documents/E-commerce_project/venv/lib/python3.10/site-packages/airflow/example_dags/example_task_group.py for tasks to queue
[2024-10-30T21:06:32.454-0700] {logging_mixin.py:190} INFO - [2024-10-30T21:06:32.454-0700] {dagbag.py:588} INFO - Filling up the DagBag from /Users/saiprasadreddykolan/Documents/E-commerce_project/venv/lib/python3.10/site-packages/airflow/example_dags/example_task_group.py
[2024-10-30T21:06:32.457-0700] {processor.py:925} INFO - DAG(s) 'example_task_group' retrieved from /Users/saiprasadreddykolan/Documents/E-commerce_project/venv/lib/python3.10/site-packages/airflow/example_dags/example_task_group.py
[2024-10-30T21:06:32.493-0700] {logging_mixin.py:190} INFO - [2024-10-30T21:06:32.493-0700] {dag.py:3239} INFO - Sync 1 DAGs
[2024-10-30T21:06:32.497-0700] {logging_mixin.py:190} INFO - [2024-10-30T21:06:32.497-0700] {dag.py:4180} INFO - Setting next_dagrun for example_task_group to None, run_after=None
[2024-10-30T21:06:32.503-0700] {processor.py:208} INFO - Processing /Users/saiprasadreddykolan/Documents/E-commerce_project/venv/lib/python3.10/site-packages/airflow/example_dags/example_task_group.py took 0.052 seconds
[2024-10-30T21:07:39.754-0700] {processor.py:186} INFO - Started process (PID=10184) to work on /Users/saiprasadreddykolan/Documents/E-commerce_project/venv/lib/python3.10/site-packages/airflow/example_dags/example_task_group.py
[2024-10-30T21:07:39.756-0700] {processor.py:914} INFO - Processing file /Users/saiprasadreddykolan/Documents/E-commerce_project/venv/lib/python3.10/site-packages/airflow/example_dags/example_task_group.py for tasks to queue
[2024-10-30T21:07:39.757-0700] {logging_mixin.py:190} INFO - [2024-10-30T21:07:39.757-0700] {dagbag.py:588} INFO - Filling up the DagBag from /Users/saiprasadreddykolan/Documents/E-commerce_project/venv/lib/python3.10/site-packages/airflow/example_dags/example_task_group.py
[2024-10-30T21:07:39.762-0700] {processor.py:925} INFO - DAG(s) 'example_task_group' retrieved from /Users/saiprasadreddykolan/Documents/E-commerce_project/venv/lib/python3.10/site-packages/airflow/example_dags/example_task_group.py
[2024-10-30T21:07:39.801-0700] {logging_mixin.py:190} INFO - [2024-10-30T21:07:39.801-0700] {dag.py:3239} INFO - Sync 1 DAGs
[2024-10-30T21:07:39.805-0700] {logging_mixin.py:190} INFO - [2024-10-30T21:07:39.805-0700] {dag.py:4180} INFO - Setting next_dagrun for example_task_group to None, run_after=None
[2024-10-30T21:07:39.812-0700] {processor.py:208} INFO - Processing /Users/saiprasadreddykolan/Documents/E-commerce_project/venv/lib/python3.10/site-packages/airflow/example_dags/example_task_group.py took 0.059 seconds
[2024-10-30T21:08:47.456-0700] {processor.py:186} INFO - Started process (PID=10291) to work on /Users/saiprasadreddykolan/Documents/E-commerce_project/venv/lib/python3.10/site-packages/airflow/example_dags/example_task_group.py
[2024-10-30T21:08:47.458-0700] {processor.py:914} INFO - Processing file /Users/saiprasadreddykolan/Documents/E-commerce_project/venv/lib/python3.10/site-packages/airflow/example_dags/example_task_group.py for tasks to queue
[2024-10-30T21:08:47.459-0700] {logging_mixin.py:190} INFO - [2024-10-30T21:08:47.459-0700] {dagbag.py:588} INFO - Filling up the DagBag from /Users/saiprasadreddykolan/Documents/E-commerce_project/venv/lib/python3.10/site-packages/airflow/example_dags/example_task_group.py
[2024-10-30T21:08:47.463-0700] {processor.py:925} INFO - DAG(s) 'example_task_group' retrieved from /Users/saiprasadreddykolan/Documents/E-commerce_project/venv/lib/python3.10/site-packages/airflow/example_dags/example_task_group.py
[2024-10-30T21:08:47.500-0700] {logging_mixin.py:190} INFO - [2024-10-30T21:08:47.499-0700] {dag.py:3239} INFO - Sync 1 DAGs
[2024-10-30T21:08:47.503-0700] {logging_mixin.py:190} INFO - [2024-10-30T21:08:47.503-0700] {dag.py:4180} INFO - Setting next_dagrun for example_task_group to None, run_after=None
[2024-10-30T21:08:47.509-0700] {processor.py:208} INFO - Processing /Users/saiprasadreddykolan/Documents/E-commerce_project/venv/lib/python3.10/site-packages/airflow/example_dags/example_task_group.py took 0.054 seconds
[2024-10-30T21:09:56.505-0700] {processor.py:186} INFO - Started process (PID=10374) to work on /Users/saiprasadreddykolan/Documents/E-commerce_project/venv/lib/python3.10/site-packages/airflow/example_dags/example_task_group.py
[2024-10-30T21:09:56.507-0700] {processor.py:914} INFO - Processing file /Users/saiprasadreddykolan/Documents/E-commerce_project/venv/lib/python3.10/site-packages/airflow/example_dags/example_task_group.py for tasks to queue
[2024-10-30T21:09:56.507-0700] {logging_mixin.py:190} INFO - [2024-10-30T21:09:56.507-0700] {dagbag.py:588} INFO - Filling up the DagBag from /Users/saiprasadreddykolan/Documents/E-commerce_project/venv/lib/python3.10/site-packages/airflow/example_dags/example_task_group.py
[2024-10-30T21:09:56.512-0700] {processor.py:925} INFO - DAG(s) 'example_task_group' retrieved from /Users/saiprasadreddykolan/Documents/E-commerce_project/venv/lib/python3.10/site-packages/airflow/example_dags/example_task_group.py
[2024-10-30T21:09:56.547-0700] {logging_mixin.py:190} INFO - [2024-10-30T21:09:56.547-0700] {dag.py:3239} INFO - Sync 1 DAGs
[2024-10-30T21:09:56.551-0700] {logging_mixin.py:190} INFO - [2024-10-30T21:09:56.551-0700] {dag.py:4180} INFO - Setting next_dagrun for example_task_group to None, run_after=None
[2024-10-30T21:09:56.558-0700] {processor.py:208} INFO - Processing /Users/saiprasadreddykolan/Documents/E-commerce_project/venv/lib/python3.10/site-packages/airflow/example_dags/example_task_group.py took 0.054 seconds
[2024-10-30T21:11:02.288-0700] {processor.py:186} INFO - Started process (PID=10469) to work on /Users/saiprasadreddykolan/Documents/E-commerce_project/venv/lib/python3.10/site-packages/airflow/example_dags/example_task_group.py
[2024-10-30T21:11:02.289-0700] {processor.py:914} INFO - Processing file /Users/saiprasadreddykolan/Documents/E-commerce_project/venv/lib/python3.10/site-packages/airflow/example_dags/example_task_group.py for tasks to queue
[2024-10-30T21:11:02.290-0700] {logging_mixin.py:190} INFO - [2024-10-30T21:11:02.290-0700] {dagbag.py:588} INFO - Filling up the DagBag from /Users/saiprasadreddykolan/Documents/E-commerce_project/venv/lib/python3.10/site-packages/airflow/example_dags/example_task_group.py
[2024-10-30T21:11:02.294-0700] {processor.py:925} INFO - DAG(s) 'example_task_group' retrieved from /Users/saiprasadreddykolan/Documents/E-commerce_project/venv/lib/python3.10/site-packages/airflow/example_dags/example_task_group.py
[2024-10-30T21:11:02.332-0700] {logging_mixin.py:190} INFO - [2024-10-30T21:11:02.331-0700] {dag.py:3239} INFO - Sync 1 DAGs
[2024-10-30T21:11:02.337-0700] {logging_mixin.py:190} INFO - [2024-10-30T21:11:02.337-0700] {dag.py:4180} INFO - Setting next_dagrun for example_task_group to None, run_after=None
[2024-10-30T21:11:02.344-0700] {processor.py:208} INFO - Processing /Users/saiprasadreddykolan/Documents/E-commerce_project/venv/lib/python3.10/site-packages/airflow/example_dags/example_task_group.py took 0.057 seconds
[2024-10-30T21:12:07.730-0700] {processor.py:186} INFO - Started process (PID=10629) to work on /Users/saiprasadreddykolan/Documents/E-commerce_project/venv/lib/python3.10/site-packages/airflow/example_dags/example_task_group.py
[2024-10-30T21:12:07.732-0700] {processor.py:914} INFO - Processing file /Users/saiprasadreddykolan/Documents/E-commerce_project/venv/lib/python3.10/site-packages/airflow/example_dags/example_task_group.py for tasks to queue
[2024-10-30T21:12:07.732-0700] {logging_mixin.py:190} INFO - [2024-10-30T21:12:07.732-0700] {dagbag.py:588} INFO - Filling up the DagBag from /Users/saiprasadreddykolan/Documents/E-commerce_project/venv/lib/python3.10/site-packages/airflow/example_dags/example_task_group.py
[2024-10-30T21:12:07.736-0700] {processor.py:925} INFO - DAG(s) 'example_task_group' retrieved from /Users/saiprasadreddykolan/Documents/E-commerce_project/venv/lib/python3.10/site-packages/airflow/example_dags/example_task_group.py
[2024-10-30T21:12:07.772-0700] {logging_mixin.py:190} INFO - [2024-10-30T21:12:07.772-0700] {dag.py:3239} INFO - Sync 1 DAGs
[2024-10-30T21:12:07.776-0700] {logging_mixin.py:190} INFO - [2024-10-30T21:12:07.776-0700] {dag.py:4180} INFO - Setting next_dagrun for example_task_group to None, run_after=None
[2024-10-30T21:12:07.781-0700] {processor.py:208} INFO - Processing /Users/saiprasadreddykolan/Documents/E-commerce_project/venv/lib/python3.10/site-packages/airflow/example_dags/example_task_group.py took 0.052 seconds
[2024-10-30T21:13:11.982-0700] {processor.py:186} INFO - Started process (PID=10723) to work on /Users/saiprasadreddykolan/Documents/E-commerce_project/venv/lib/python3.10/site-packages/airflow/example_dags/example_task_group.py
[2024-10-30T21:13:11.984-0700] {processor.py:914} INFO - Processing file /Users/saiprasadreddykolan/Documents/E-commerce_project/venv/lib/python3.10/site-packages/airflow/example_dags/example_task_group.py for tasks to queue
[2024-10-30T21:13:11.985-0700] {logging_mixin.py:190} INFO - [2024-10-30T21:13:11.985-0700] {dagbag.py:588} INFO - Filling up the DagBag from /Users/saiprasadreddykolan/Documents/E-commerce_project/venv/lib/python3.10/site-packages/airflow/example_dags/example_task_group.py
[2024-10-30T21:13:11.988-0700] {processor.py:925} INFO - DAG(s) 'example_task_group' retrieved from /Users/saiprasadreddykolan/Documents/E-commerce_project/venv/lib/python3.10/site-packages/airflow/example_dags/example_task_group.py
[2024-10-30T21:13:12.023-0700] {logging_mixin.py:190} INFO - [2024-10-30T21:13:12.023-0700] {dag.py:3239} INFO - Sync 1 DAGs
[2024-10-30T21:13:12.027-0700] {logging_mixin.py:190} INFO - [2024-10-30T21:13:12.027-0700] {dag.py:4180} INFO - Setting next_dagrun for example_task_group to None, run_after=None
[2024-10-30T21:13:12.034-0700] {processor.py:208} INFO - Processing /Users/saiprasadreddykolan/Documents/E-commerce_project/venv/lib/python3.10/site-packages/airflow/example_dags/example_task_group.py took 0.053 seconds
[2024-10-30T21:14:14.324-0700] {processor.py:186} INFO - Started process (PID=12371) to work on /Users/saiprasadreddykolan/Documents/E-commerce_project/venv/lib/python3.10/site-packages/airflow/example_dags/example_task_group.py
[2024-10-30T21:14:14.326-0700] {processor.py:914} INFO - Processing file /Users/saiprasadreddykolan/Documents/E-commerce_project/venv/lib/python3.10/site-packages/airflow/example_dags/example_task_group.py for tasks to queue
[2024-10-30T21:14:14.326-0700] {logging_mixin.py:190} INFO - [2024-10-30T21:14:14.326-0700] {dagbag.py:588} INFO - Filling up the DagBag from /Users/saiprasadreddykolan/Documents/E-commerce_project/venv/lib/python3.10/site-packages/airflow/example_dags/example_task_group.py
[2024-10-30T21:14:14.330-0700] {processor.py:925} INFO - DAG(s) 'example_task_group' retrieved from /Users/saiprasadreddykolan/Documents/E-commerce_project/venv/lib/python3.10/site-packages/airflow/example_dags/example_task_group.py
[2024-10-30T21:14:14.366-0700] {logging_mixin.py:190} INFO - [2024-10-30T21:14:14.366-0700] {dag.py:3239} INFO - Sync 1 DAGs
[2024-10-30T21:14:14.370-0700] {logging_mixin.py:190} INFO - [2024-10-30T21:14:14.370-0700] {dag.py:4180} INFO - Setting next_dagrun for example_task_group to None, run_after=None
[2024-10-30T21:14:14.376-0700] {processor.py:208} INFO - Processing /Users/saiprasadreddykolan/Documents/E-commerce_project/venv/lib/python3.10/site-packages/airflow/example_dags/example_task_group.py took 0.053 seconds
[2024-10-30T21:15:23.164-0700] {processor.py:186} INFO - Started process (PID=22280) to work on /Users/saiprasadreddykolan/Documents/E-commerce_project/venv/lib/python3.10/site-packages/airflow/example_dags/example_task_group.py
[2024-10-30T21:15:23.166-0700] {processor.py:914} INFO - Processing file /Users/saiprasadreddykolan/Documents/E-commerce_project/venv/lib/python3.10/site-packages/airflow/example_dags/example_task_group.py for tasks to queue
[2024-10-30T21:15:23.166-0700] {logging_mixin.py:190} INFO - [2024-10-30T21:15:23.166-0700] {dagbag.py:588} INFO - Filling up the DagBag from /Users/saiprasadreddykolan/Documents/E-commerce_project/venv/lib/python3.10/site-packages/airflow/example_dags/example_task_group.py
[2024-10-30T21:15:23.171-0700] {processor.py:925} INFO - DAG(s) 'example_task_group' retrieved from /Users/saiprasadreddykolan/Documents/E-commerce_project/venv/lib/python3.10/site-packages/airflow/example_dags/example_task_group.py
[2024-10-30T21:15:23.209-0700] {logging_mixin.py:190} INFO - [2024-10-30T21:15:23.209-0700] {dag.py:3239} INFO - Sync 1 DAGs
[2024-10-30T21:15:23.213-0700] {logging_mixin.py:190} INFO - [2024-10-30T21:15:23.213-0700] {dag.py:4180} INFO - Setting next_dagrun for example_task_group to None, run_after=None
[2024-10-30T21:15:23.220-0700] {processor.py:208} INFO - Processing /Users/saiprasadreddykolan/Documents/E-commerce_project/venv/lib/python3.10/site-packages/airflow/example_dags/example_task_group.py took 0.057 seconds
[2024-10-30T21:16:35.695-0700] {processor.py:186} INFO - Started process (PID=29294) to work on /Users/saiprasadreddykolan/Documents/E-commerce_project/venv/lib/python3.10/site-packages/airflow/example_dags/example_task_group.py
[2024-10-30T21:16:35.697-0700] {processor.py:914} INFO - Processing file /Users/saiprasadreddykolan/Documents/E-commerce_project/venv/lib/python3.10/site-packages/airflow/example_dags/example_task_group.py for tasks to queue
[2024-10-30T21:16:35.698-0700] {logging_mixin.py:190} INFO - [2024-10-30T21:16:35.698-0700] {dagbag.py:588} INFO - Filling up the DagBag from /Users/saiprasadreddykolan/Documents/E-commerce_project/venv/lib/python3.10/site-packages/airflow/example_dags/example_task_group.py
[2024-10-30T21:16:35.702-0700] {processor.py:925} INFO - DAG(s) 'example_task_group' retrieved from /Users/saiprasadreddykolan/Documents/E-commerce_project/venv/lib/python3.10/site-packages/airflow/example_dags/example_task_group.py
[2024-10-30T21:16:35.740-0700] {logging_mixin.py:190} INFO - [2024-10-30T21:16:35.740-0700] {dag.py:3239} INFO - Sync 1 DAGs
[2024-10-30T21:16:35.744-0700] {logging_mixin.py:190} INFO - [2024-10-30T21:16:35.744-0700] {dag.py:4180} INFO - Setting next_dagrun for example_task_group to None, run_after=None
[2024-10-30T21:16:35.751-0700] {processor.py:208} INFO - Processing /Users/saiprasadreddykolan/Documents/E-commerce_project/venv/lib/python3.10/site-packages/airflow/example_dags/example_task_group.py took 0.057 seconds
[2024-10-30T21:17:43.020-0700] {processor.py:186} INFO - Started process (PID=33226) to work on /Users/saiprasadreddykolan/Documents/E-commerce_project/venv/lib/python3.10/site-packages/airflow/example_dags/example_task_group.py
[2024-10-30T21:17:43.022-0700] {processor.py:914} INFO - Processing file /Users/saiprasadreddykolan/Documents/E-commerce_project/venv/lib/python3.10/site-packages/airflow/example_dags/example_task_group.py for tasks to queue
[2024-10-30T21:17:43.023-0700] {logging_mixin.py:190} INFO - [2024-10-30T21:17:43.023-0700] {dagbag.py:588} INFO - Filling up the DagBag from /Users/saiprasadreddykolan/Documents/E-commerce_project/venv/lib/python3.10/site-packages/airflow/example_dags/example_task_group.py
[2024-10-30T21:17:43.027-0700] {processor.py:925} INFO - DAG(s) 'example_task_group' retrieved from /Users/saiprasadreddykolan/Documents/E-commerce_project/venv/lib/python3.10/site-packages/airflow/example_dags/example_task_group.py
[2024-10-30T21:17:43.062-0700] {logging_mixin.py:190} INFO - [2024-10-30T21:17:43.062-0700] {dag.py:3239} INFO - Sync 1 DAGs
[2024-10-30T21:17:43.065-0700] {logging_mixin.py:190} INFO - [2024-10-30T21:17:43.065-0700] {dag.py:4180} INFO - Setting next_dagrun for example_task_group to None, run_after=None
[2024-10-30T21:17:43.071-0700] {processor.py:208} INFO - Processing /Users/saiprasadreddykolan/Documents/E-commerce_project/venv/lib/python3.10/site-packages/airflow/example_dags/example_task_group.py took 0.052 seconds
[2024-10-30T21:18:54.998-0700] {processor.py:186} INFO - Started process (PID=33312) to work on /Users/saiprasadreddykolan/Documents/E-commerce_project/venv/lib/python3.10/site-packages/airflow/example_dags/example_task_group.py
[2024-10-30T21:18:55.000-0700] {processor.py:914} INFO - Processing file /Users/saiprasadreddykolan/Documents/E-commerce_project/venv/lib/python3.10/site-packages/airflow/example_dags/example_task_group.py for tasks to queue
[2024-10-30T21:18:55.000-0700] {logging_mixin.py:190} INFO - [2024-10-30T21:18:55.000-0700] {dagbag.py:588} INFO - Filling up the DagBag from /Users/saiprasadreddykolan/Documents/E-commerce_project/venv/lib/python3.10/site-packages/airflow/example_dags/example_task_group.py
[2024-10-30T21:18:55.004-0700] {processor.py:925} INFO - DAG(s) 'example_task_group' retrieved from /Users/saiprasadreddykolan/Documents/E-commerce_project/venv/lib/python3.10/site-packages/airflow/example_dags/example_task_group.py
[2024-10-30T21:18:55.040-0700] {logging_mixin.py:190} INFO - [2024-10-30T21:18:55.040-0700] {dag.py:3239} INFO - Sync 1 DAGs
[2024-10-30T21:18:55.044-0700] {logging_mixin.py:190} INFO - [2024-10-30T21:18:55.044-0700] {dag.py:4180} INFO - Setting next_dagrun for example_task_group to None, run_after=None
[2024-10-30T21:18:55.049-0700] {processor.py:208} INFO - Processing /Users/saiprasadreddykolan/Documents/E-commerce_project/venv/lib/python3.10/site-packages/airflow/example_dags/example_task_group.py took 0.053 seconds
[2024-10-30T21:19:55.643-0700] {processor.py:186} INFO - Started process (PID=33406) to work on /Users/saiprasadreddykolan/Documents/E-commerce_project/venv/lib/python3.10/site-packages/airflow/example_dags/example_task_group.py
[2024-10-30T21:19:55.645-0700] {processor.py:914} INFO - Processing file /Users/saiprasadreddykolan/Documents/E-commerce_project/venv/lib/python3.10/site-packages/airflow/example_dags/example_task_group.py for tasks to queue
[2024-10-30T21:19:55.646-0700] {logging_mixin.py:190} INFO - [2024-10-30T21:19:55.646-0700] {dagbag.py:588} INFO - Filling up the DagBag from /Users/saiprasadreddykolan/Documents/E-commerce_project/venv/lib/python3.10/site-packages/airflow/example_dags/example_task_group.py
[2024-10-30T21:19:55.649-0700] {processor.py:925} INFO - DAG(s) 'example_task_group' retrieved from /Users/saiprasadreddykolan/Documents/E-commerce_project/venv/lib/python3.10/site-packages/airflow/example_dags/example_task_group.py
[2024-10-30T21:19:55.684-0700] {logging_mixin.py:190} INFO - [2024-10-30T21:19:55.684-0700] {dag.py:3239} INFO - Sync 1 DAGs
[2024-10-30T21:19:55.688-0700] {logging_mixin.py:190} INFO - [2024-10-30T21:19:55.688-0700] {dag.py:4180} INFO - Setting next_dagrun for example_task_group to None, run_after=None
[2024-10-30T21:19:55.694-0700] {processor.py:208} INFO - Processing /Users/saiprasadreddykolan/Documents/E-commerce_project/venv/lib/python3.10/site-packages/airflow/example_dags/example_task_group.py took 0.052 seconds
[2024-10-30T21:21:00.193-0700] {processor.py:186} INFO - Started process (PID=33523) to work on /Users/saiprasadreddykolan/Documents/E-commerce_project/venv/lib/python3.10/site-packages/airflow/example_dags/example_task_group.py
[2024-10-30T21:21:00.195-0700] {processor.py:914} INFO - Processing file /Users/saiprasadreddykolan/Documents/E-commerce_project/venv/lib/python3.10/site-packages/airflow/example_dags/example_task_group.py for tasks to queue
[2024-10-30T21:21:00.195-0700] {logging_mixin.py:190} INFO - [2024-10-30T21:21:00.195-0700] {dagbag.py:588} INFO - Filling up the DagBag from /Users/saiprasadreddykolan/Documents/E-commerce_project/venv/lib/python3.10/site-packages/airflow/example_dags/example_task_group.py
[2024-10-30T21:21:00.199-0700] {processor.py:925} INFO - DAG(s) 'example_task_group' retrieved from /Users/saiprasadreddykolan/Documents/E-commerce_project/venv/lib/python3.10/site-packages/airflow/example_dags/example_task_group.py
[2024-10-30T21:21:00.234-0700] {logging_mixin.py:190} INFO - [2024-10-30T21:21:00.234-0700] {dag.py:3239} INFO - Sync 1 DAGs
[2024-10-30T21:21:00.238-0700] {logging_mixin.py:190} INFO - [2024-10-30T21:21:00.237-0700] {dag.py:4180} INFO - Setting next_dagrun for example_task_group to None, run_after=None
[2024-10-30T21:21:00.243-0700] {processor.py:208} INFO - Processing /Users/saiprasadreddykolan/Documents/E-commerce_project/venv/lib/python3.10/site-packages/airflow/example_dags/example_task_group.py took 0.052 seconds
[2024-10-30T21:22:06.736-0700] {processor.py:186} INFO - Started process (PID=33619) to work on /Users/saiprasadreddykolan/Documents/E-commerce_project/venv/lib/python3.10/site-packages/airflow/example_dags/example_task_group.py
[2024-10-30T21:22:06.738-0700] {processor.py:914} INFO - Processing file /Users/saiprasadreddykolan/Documents/E-commerce_project/venv/lib/python3.10/site-packages/airflow/example_dags/example_task_group.py for tasks to queue
[2024-10-30T21:22:06.738-0700] {logging_mixin.py:190} INFO - [2024-10-30T21:22:06.738-0700] {dagbag.py:588} INFO - Filling up the DagBag from /Users/saiprasadreddykolan/Documents/E-commerce_project/venv/lib/python3.10/site-packages/airflow/example_dags/example_task_group.py
[2024-10-30T21:22:06.741-0700] {processor.py:925} INFO - DAG(s) 'example_task_group' retrieved from /Users/saiprasadreddykolan/Documents/E-commerce_project/venv/lib/python3.10/site-packages/airflow/example_dags/example_task_group.py
[2024-10-30T21:22:06.778-0700] {logging_mixin.py:190} INFO - [2024-10-30T21:22:06.778-0700] {dag.py:3239} INFO - Sync 1 DAGs
[2024-10-30T21:22:06.782-0700] {logging_mixin.py:190} INFO - [2024-10-30T21:22:06.782-0700] {dag.py:4180} INFO - Setting next_dagrun for example_task_group to None, run_after=None
[2024-10-30T21:22:06.788-0700] {processor.py:208} INFO - Processing /Users/saiprasadreddykolan/Documents/E-commerce_project/venv/lib/python3.10/site-packages/airflow/example_dags/example_task_group.py took 0.054 seconds
[2024-10-30T21:23:14.246-0700] {processor.py:186} INFO - Started process (PID=33744) to work on /Users/saiprasadreddykolan/Documents/E-commerce_project/venv/lib/python3.10/site-packages/airflow/example_dags/example_task_group.py
[2024-10-30T21:23:14.248-0700] {processor.py:914} INFO - Processing file /Users/saiprasadreddykolan/Documents/E-commerce_project/venv/lib/python3.10/site-packages/airflow/example_dags/example_task_group.py for tasks to queue
[2024-10-30T21:23:14.248-0700] {logging_mixin.py:190} INFO - [2024-10-30T21:23:14.248-0700] {dagbag.py:588} INFO - Filling up the DagBag from /Users/saiprasadreddykolan/Documents/E-commerce_project/venv/lib/python3.10/site-packages/airflow/example_dags/example_task_group.py
[2024-10-30T21:23:14.252-0700] {processor.py:925} INFO - DAG(s) 'example_task_group' retrieved from /Users/saiprasadreddykolan/Documents/E-commerce_project/venv/lib/python3.10/site-packages/airflow/example_dags/example_task_group.py
[2024-10-30T21:23:14.291-0700] {logging_mixin.py:190} INFO - [2024-10-30T21:23:14.290-0700] {dag.py:3239} INFO - Sync 1 DAGs
[2024-10-30T21:23:14.294-0700] {logging_mixin.py:190} INFO - [2024-10-30T21:23:14.294-0700] {dag.py:4180} INFO - Setting next_dagrun for example_task_group to None, run_after=None
[2024-10-30T21:23:14.302-0700] {processor.py:208} INFO - Processing /Users/saiprasadreddykolan/Documents/E-commerce_project/venv/lib/python3.10/site-packages/airflow/example_dags/example_task_group.py took 0.057 seconds
[2024-10-30T21:24:21.304-0700] {processor.py:186} INFO - Started process (PID=34386) to work on /Users/saiprasadreddykolan/Documents/E-commerce_project/venv/lib/python3.10/site-packages/airflow/example_dags/example_task_group.py
[2024-10-30T21:24:21.306-0700] {processor.py:914} INFO - Processing file /Users/saiprasadreddykolan/Documents/E-commerce_project/venv/lib/python3.10/site-packages/airflow/example_dags/example_task_group.py for tasks to queue
[2024-10-30T21:24:21.306-0700] {logging_mixin.py:190} INFO - [2024-10-30T21:24:21.306-0700] {dagbag.py:588} INFO - Filling up the DagBag from /Users/saiprasadreddykolan/Documents/E-commerce_project/venv/lib/python3.10/site-packages/airflow/example_dags/example_task_group.py
[2024-10-30T21:24:21.310-0700] {processor.py:925} INFO - DAG(s) 'example_task_group' retrieved from /Users/saiprasadreddykolan/Documents/E-commerce_project/venv/lib/python3.10/site-packages/airflow/example_dags/example_task_group.py
[2024-10-30T21:24:21.345-0700] {logging_mixin.py:190} INFO - [2024-10-30T21:24:21.345-0700] {dag.py:3239} INFO - Sync 1 DAGs
[2024-10-30T21:24:21.348-0700] {logging_mixin.py:190} INFO - [2024-10-30T21:24:21.348-0700] {dag.py:4180} INFO - Setting next_dagrun for example_task_group to None, run_after=None
[2024-10-30T21:24:21.354-0700] {processor.py:208} INFO - Processing /Users/saiprasadreddykolan/Documents/E-commerce_project/venv/lib/python3.10/site-packages/airflow/example_dags/example_task_group.py took 0.051 seconds
[2024-10-30T21:25:28.051-0700] {processor.py:186} INFO - Started process (PID=36112) to work on /Users/saiprasadreddykolan/Documents/E-commerce_project/venv/lib/python3.10/site-packages/airflow/example_dags/example_task_group.py
[2024-10-30T21:25:28.054-0700] {processor.py:914} INFO - Processing file /Users/saiprasadreddykolan/Documents/E-commerce_project/venv/lib/python3.10/site-packages/airflow/example_dags/example_task_group.py for tasks to queue
[2024-10-30T21:25:28.055-0700] {logging_mixin.py:190} INFO - [2024-10-30T21:25:28.054-0700] {dagbag.py:588} INFO - Filling up the DagBag from /Users/saiprasadreddykolan/Documents/E-commerce_project/venv/lib/python3.10/site-packages/airflow/example_dags/example_task_group.py
[2024-10-30T21:25:28.060-0700] {processor.py:925} INFO - DAG(s) 'example_task_group' retrieved from /Users/saiprasadreddykolan/Documents/E-commerce_project/venv/lib/python3.10/site-packages/airflow/example_dags/example_task_group.py
[2024-10-30T21:25:28.111-0700] {logging_mixin.py:190} INFO - [2024-10-30T21:25:28.111-0700] {dag.py:3239} INFO - Sync 1 DAGs
[2024-10-30T21:25:28.116-0700] {logging_mixin.py:190} INFO - [2024-10-30T21:25:28.116-0700] {dag.py:4180} INFO - Setting next_dagrun for example_task_group to None, run_after=None
[2024-10-30T21:25:28.126-0700] {processor.py:208} INFO - Processing /Users/saiprasadreddykolan/Documents/E-commerce_project/venv/lib/python3.10/site-packages/airflow/example_dags/example_task_group.py took 0.076 seconds
[2024-10-30T21:26:35.698-0700] {processor.py:186} INFO - Started process (PID=36200) to work on /Users/saiprasadreddykolan/Documents/E-commerce_project/venv/lib/python3.10/site-packages/airflow/example_dags/example_task_group.py
[2024-10-30T21:26:35.701-0700] {processor.py:914} INFO - Processing file /Users/saiprasadreddykolan/Documents/E-commerce_project/venv/lib/python3.10/site-packages/airflow/example_dags/example_task_group.py for tasks to queue
[2024-10-30T21:26:35.701-0700] {logging_mixin.py:190} INFO - [2024-10-30T21:26:35.701-0700] {dagbag.py:588} INFO - Filling up the DagBag from /Users/saiprasadreddykolan/Documents/E-commerce_project/venv/lib/python3.10/site-packages/airflow/example_dags/example_task_group.py
[2024-10-30T21:26:35.707-0700] {processor.py:925} INFO - DAG(s) 'example_task_group' retrieved from /Users/saiprasadreddykolan/Documents/E-commerce_project/venv/lib/python3.10/site-packages/airflow/example_dags/example_task_group.py
[2024-10-30T21:26:35.744-0700] {logging_mixin.py:190} INFO - [2024-10-30T21:26:35.744-0700] {dag.py:3239} INFO - Sync 1 DAGs
[2024-10-30T21:26:35.748-0700] {logging_mixin.py:190} INFO - [2024-10-30T21:26:35.748-0700] {dag.py:4180} INFO - Setting next_dagrun for example_task_group to None, run_after=None
[2024-10-30T21:26:35.754-0700] {processor.py:208} INFO - Processing /Users/saiprasadreddykolan/Documents/E-commerce_project/venv/lib/python3.10/site-packages/airflow/example_dags/example_task_group.py took 0.057 seconds
[2024-10-30T21:27:42.922-0700] {processor.py:186} INFO - Started process (PID=36290) to work on /Users/saiprasadreddykolan/Documents/E-commerce_project/venv/lib/python3.10/site-packages/airflow/example_dags/example_task_group.py
[2024-10-30T21:27:42.925-0700] {processor.py:914} INFO - Processing file /Users/saiprasadreddykolan/Documents/E-commerce_project/venv/lib/python3.10/site-packages/airflow/example_dags/example_task_group.py for tasks to queue
[2024-10-30T21:27:42.925-0700] {logging_mixin.py:190} INFO - [2024-10-30T21:27:42.925-0700] {dagbag.py:588} INFO - Filling up the DagBag from /Users/saiprasadreddykolan/Documents/E-commerce_project/venv/lib/python3.10/site-packages/airflow/example_dags/example_task_group.py
[2024-10-30T21:27:42.930-0700] {processor.py:925} INFO - DAG(s) 'example_task_group' retrieved from /Users/saiprasadreddykolan/Documents/E-commerce_project/venv/lib/python3.10/site-packages/airflow/example_dags/example_task_group.py
[2024-10-30T21:27:42.968-0700] {logging_mixin.py:190} INFO - [2024-10-30T21:27:42.968-0700] {dag.py:3239} INFO - Sync 1 DAGs
[2024-10-30T21:27:42.972-0700] {logging_mixin.py:190} INFO - [2024-10-30T21:27:42.972-0700] {dag.py:4180} INFO - Setting next_dagrun for example_task_group to None, run_after=None
[2024-10-30T21:27:42.977-0700] {processor.py:208} INFO - Processing /Users/saiprasadreddykolan/Documents/E-commerce_project/venv/lib/python3.10/site-packages/airflow/example_dags/example_task_group.py took 0.056 seconds
[2024-10-30T21:28:48.881-0700] {processor.py:186} INFO - Started process (PID=36433) to work on /Users/saiprasadreddykolan/Documents/E-commerce_project/venv/lib/python3.10/site-packages/airflow/example_dags/example_task_group.py
[2024-10-30T21:28:48.883-0700] {processor.py:914} INFO - Processing file /Users/saiprasadreddykolan/Documents/E-commerce_project/venv/lib/python3.10/site-packages/airflow/example_dags/example_task_group.py for tasks to queue
[2024-10-30T21:28:48.884-0700] {logging_mixin.py:190} INFO - [2024-10-30T21:28:48.884-0700] {dagbag.py:588} INFO - Filling up the DagBag from /Users/saiprasadreddykolan/Documents/E-commerce_project/venv/lib/python3.10/site-packages/airflow/example_dags/example_task_group.py
[2024-10-30T21:28:48.887-0700] {processor.py:925} INFO - DAG(s) 'example_task_group' retrieved from /Users/saiprasadreddykolan/Documents/E-commerce_project/venv/lib/python3.10/site-packages/airflow/example_dags/example_task_group.py
[2024-10-30T21:28:48.923-0700] {logging_mixin.py:190} INFO - [2024-10-30T21:28:48.923-0700] {dag.py:3239} INFO - Sync 1 DAGs
[2024-10-30T21:28:48.926-0700] {logging_mixin.py:190} INFO - [2024-10-30T21:28:48.926-0700] {dag.py:4180} INFO - Setting next_dagrun for example_task_group to None, run_after=None
[2024-10-30T21:28:48.932-0700] {processor.py:208} INFO - Processing /Users/saiprasadreddykolan/Documents/E-commerce_project/venv/lib/python3.10/site-packages/airflow/example_dags/example_task_group.py took 0.052 seconds
[2024-10-30T21:29:52.010-0700] {processor.py:186} INFO - Started process (PID=36530) to work on /Users/saiprasadreddykolan/Documents/E-commerce_project/venv/lib/python3.10/site-packages/airflow/example_dags/example_task_group.py
[2024-10-30T21:29:52.012-0700] {processor.py:914} INFO - Processing file /Users/saiprasadreddykolan/Documents/E-commerce_project/venv/lib/python3.10/site-packages/airflow/example_dags/example_task_group.py for tasks to queue
[2024-10-30T21:29:52.013-0700] {logging_mixin.py:190} INFO - [2024-10-30T21:29:52.013-0700] {dagbag.py:588} INFO - Filling up the DagBag from /Users/saiprasadreddykolan/Documents/E-commerce_project/venv/lib/python3.10/site-packages/airflow/example_dags/example_task_group.py
[2024-10-30T21:29:52.017-0700] {processor.py:925} INFO - DAG(s) 'example_task_group' retrieved from /Users/saiprasadreddykolan/Documents/E-commerce_project/venv/lib/python3.10/site-packages/airflow/example_dags/example_task_group.py
[2024-10-30T21:29:52.051-0700] {logging_mixin.py:190} INFO - [2024-10-30T21:29:52.051-0700] {dag.py:3239} INFO - Sync 1 DAGs
[2024-10-30T21:29:52.055-0700] {logging_mixin.py:190} INFO - [2024-10-30T21:29:52.055-0700] {dag.py:4180} INFO - Setting next_dagrun for example_task_group to None, run_after=None
[2024-10-30T21:29:52.060-0700] {processor.py:208} INFO - Processing /Users/saiprasadreddykolan/Documents/E-commerce_project/venv/lib/python3.10/site-packages/airflow/example_dags/example_task_group.py took 0.052 seconds
[2024-10-30T21:30:57.143-0700] {processor.py:186} INFO - Started process (PID=36621) to work on /Users/saiprasadreddykolan/Documents/E-commerce_project/venv/lib/python3.10/site-packages/airflow/example_dags/example_task_group.py
[2024-10-30T21:30:57.146-0700] {processor.py:914} INFO - Processing file /Users/saiprasadreddykolan/Documents/E-commerce_project/venv/lib/python3.10/site-packages/airflow/example_dags/example_task_group.py for tasks to queue
[2024-10-30T21:30:57.147-0700] {logging_mixin.py:190} INFO - [2024-10-30T21:30:57.147-0700] {dagbag.py:588} INFO - Filling up the DagBag from /Users/saiprasadreddykolan/Documents/E-commerce_project/venv/lib/python3.10/site-packages/airflow/example_dags/example_task_group.py
[2024-10-30T21:30:57.151-0700] {processor.py:925} INFO - DAG(s) 'example_task_group' retrieved from /Users/saiprasadreddykolan/Documents/E-commerce_project/venv/lib/python3.10/site-packages/airflow/example_dags/example_task_group.py
[2024-10-30T21:30:57.186-0700] {logging_mixin.py:190} INFO - [2024-10-30T21:30:57.186-0700] {dag.py:3239} INFO - Sync 1 DAGs
[2024-10-30T21:30:57.189-0700] {logging_mixin.py:190} INFO - [2024-10-30T21:30:57.189-0700] {dag.py:4180} INFO - Setting next_dagrun for example_task_group to None, run_after=None
[2024-10-30T21:30:57.195-0700] {processor.py:208} INFO - Processing /Users/saiprasadreddykolan/Documents/E-commerce_project/venv/lib/python3.10/site-packages/airflow/example_dags/example_task_group.py took 0.053 seconds
[2024-10-30T21:32:06.048-0700] {processor.py:186} INFO - Started process (PID=36719) to work on /Users/saiprasadreddykolan/Documents/E-commerce_project/venv/lib/python3.10/site-packages/airflow/example_dags/example_task_group.py
[2024-10-30T21:32:06.050-0700] {processor.py:914} INFO - Processing file /Users/saiprasadreddykolan/Documents/E-commerce_project/venv/lib/python3.10/site-packages/airflow/example_dags/example_task_group.py for tasks to queue
[2024-10-30T21:32:06.050-0700] {logging_mixin.py:190} INFO - [2024-10-30T21:32:06.050-0700] {dagbag.py:588} INFO - Filling up the DagBag from /Users/saiprasadreddykolan/Documents/E-commerce_project/venv/lib/python3.10/site-packages/airflow/example_dags/example_task_group.py
[2024-10-30T21:32:06.054-0700] {processor.py:925} INFO - DAG(s) 'example_task_group' retrieved from /Users/saiprasadreddykolan/Documents/E-commerce_project/venv/lib/python3.10/site-packages/airflow/example_dags/example_task_group.py
[2024-10-30T21:32:06.092-0700] {logging_mixin.py:190} INFO - [2024-10-30T21:32:06.092-0700] {dag.py:3239} INFO - Sync 1 DAGs
[2024-10-30T21:32:06.096-0700] {logging_mixin.py:190} INFO - [2024-10-30T21:32:06.096-0700] {dag.py:4180} INFO - Setting next_dagrun for example_task_group to None, run_after=None
[2024-10-30T21:32:06.102-0700] {processor.py:208} INFO - Processing /Users/saiprasadreddykolan/Documents/E-commerce_project/venv/lib/python3.10/site-packages/airflow/example_dags/example_task_group.py took 0.055 seconds
[2024-10-30T21:33:15.740-0700] {processor.py:186} INFO - Started process (PID=36806) to work on /Users/saiprasadreddykolan/Documents/E-commerce_project/venv/lib/python3.10/site-packages/airflow/example_dags/example_task_group.py
[2024-10-30T21:33:15.743-0700] {processor.py:914} INFO - Processing file /Users/saiprasadreddykolan/Documents/E-commerce_project/venv/lib/python3.10/site-packages/airflow/example_dags/example_task_group.py for tasks to queue
[2024-10-30T21:33:15.743-0700] {logging_mixin.py:190} INFO - [2024-10-30T21:33:15.743-0700] {dagbag.py:588} INFO - Filling up the DagBag from /Users/saiprasadreddykolan/Documents/E-commerce_project/venv/lib/python3.10/site-packages/airflow/example_dags/example_task_group.py
[2024-10-30T21:33:15.747-0700] {processor.py:925} INFO - DAG(s) 'example_task_group' retrieved from /Users/saiprasadreddykolan/Documents/E-commerce_project/venv/lib/python3.10/site-packages/airflow/example_dags/example_task_group.py
[2024-10-30T21:33:15.782-0700] {logging_mixin.py:190} INFO - [2024-10-30T21:33:15.782-0700] {dag.py:3239} INFO - Sync 1 DAGs
[2024-10-30T21:33:15.785-0700] {logging_mixin.py:190} INFO - [2024-10-30T21:33:15.785-0700] {dag.py:4180} INFO - Setting next_dagrun for example_task_group to None, run_after=None
[2024-10-30T21:33:15.791-0700] {processor.py:208} INFO - Processing /Users/saiprasadreddykolan/Documents/E-commerce_project/venv/lib/python3.10/site-packages/airflow/example_dags/example_task_group.py took 0.052 seconds
[2024-10-30T21:34:25.810-0700] {processor.py:186} INFO - Started process (PID=36891) to work on /Users/saiprasadreddykolan/Documents/E-commerce_project/venv/lib/python3.10/site-packages/airflow/example_dags/example_task_group.py
[2024-10-30T21:34:25.812-0700] {processor.py:914} INFO - Processing file /Users/saiprasadreddykolan/Documents/E-commerce_project/venv/lib/python3.10/site-packages/airflow/example_dags/example_task_group.py for tasks to queue
[2024-10-30T21:34:25.813-0700] {logging_mixin.py:190} INFO - [2024-10-30T21:34:25.813-0700] {dagbag.py:588} INFO - Filling up the DagBag from /Users/saiprasadreddykolan/Documents/E-commerce_project/venv/lib/python3.10/site-packages/airflow/example_dags/example_task_group.py
[2024-10-30T21:34:25.816-0700] {processor.py:925} INFO - DAG(s) 'example_task_group' retrieved from /Users/saiprasadreddykolan/Documents/E-commerce_project/venv/lib/python3.10/site-packages/airflow/example_dags/example_task_group.py
[2024-10-30T21:34:25.851-0700] {logging_mixin.py:190} INFO - [2024-10-30T21:34:25.850-0700] {dag.py:3239} INFO - Sync 1 DAGs
[2024-10-30T21:34:25.854-0700] {logging_mixin.py:190} INFO - [2024-10-30T21:34:25.854-0700] {dag.py:4180} INFO - Setting next_dagrun for example_task_group to None, run_after=None
[2024-10-30T21:34:25.860-0700] {processor.py:208} INFO - Processing /Users/saiprasadreddykolan/Documents/E-commerce_project/venv/lib/python3.10/site-packages/airflow/example_dags/example_task_group.py took 0.051 seconds
[2024-10-30T21:35:32.736-0700] {processor.py:186} INFO - Started process (PID=36974) to work on /Users/saiprasadreddykolan/Documents/E-commerce_project/venv/lib/python3.10/site-packages/airflow/example_dags/example_task_group.py
[2024-10-30T21:35:32.737-0700] {processor.py:914} INFO - Processing file /Users/saiprasadreddykolan/Documents/E-commerce_project/venv/lib/python3.10/site-packages/airflow/example_dags/example_task_group.py for tasks to queue
[2024-10-30T21:35:32.738-0700] {logging_mixin.py:190} INFO - [2024-10-30T21:35:32.738-0700] {dagbag.py:588} INFO - Filling up the DagBag from /Users/saiprasadreddykolan/Documents/E-commerce_project/venv/lib/python3.10/site-packages/airflow/example_dags/example_task_group.py
[2024-10-30T21:35:32.742-0700] {processor.py:925} INFO - DAG(s) 'example_task_group' retrieved from /Users/saiprasadreddykolan/Documents/E-commerce_project/venv/lib/python3.10/site-packages/airflow/example_dags/example_task_group.py
[2024-10-30T21:35:32.779-0700] {logging_mixin.py:190} INFO - [2024-10-30T21:35:32.779-0700] {dag.py:3239} INFO - Sync 1 DAGs
[2024-10-30T21:35:32.783-0700] {logging_mixin.py:190} INFO - [2024-10-30T21:35:32.783-0700] {dag.py:4180} INFO - Setting next_dagrun for example_task_group to None, run_after=None
[2024-10-30T21:35:32.790-0700] {processor.py:208} INFO - Processing /Users/saiprasadreddykolan/Documents/E-commerce_project/venv/lib/python3.10/site-packages/airflow/example_dags/example_task_group.py took 0.055 seconds
[2024-10-30T21:36:40.682-0700] {processor.py:186} INFO - Started process (PID=37057) to work on /Users/saiprasadreddykolan/Documents/E-commerce_project/venv/lib/python3.10/site-packages/airflow/example_dags/example_task_group.py
[2024-10-30T21:36:40.684-0700] {processor.py:914} INFO - Processing file /Users/saiprasadreddykolan/Documents/E-commerce_project/venv/lib/python3.10/site-packages/airflow/example_dags/example_task_group.py for tasks to queue
[2024-10-30T21:36:40.685-0700] {logging_mixin.py:190} INFO - [2024-10-30T21:36:40.685-0700] {dagbag.py:588} INFO - Filling up the DagBag from /Users/saiprasadreddykolan/Documents/E-commerce_project/venv/lib/python3.10/site-packages/airflow/example_dags/example_task_group.py
[2024-10-30T21:36:40.688-0700] {processor.py:925} INFO - DAG(s) 'example_task_group' retrieved from /Users/saiprasadreddykolan/Documents/E-commerce_project/venv/lib/python3.10/site-packages/airflow/example_dags/example_task_group.py
[2024-10-30T21:36:40.723-0700] {logging_mixin.py:190} INFO - [2024-10-30T21:36:40.723-0700] {dag.py:3239} INFO - Sync 1 DAGs
[2024-10-30T21:36:40.726-0700] {logging_mixin.py:190} INFO - [2024-10-30T21:36:40.726-0700] {dag.py:4180} INFO - Setting next_dagrun for example_task_group to None, run_after=None
[2024-10-30T21:36:40.732-0700] {processor.py:208} INFO - Processing /Users/saiprasadreddykolan/Documents/E-commerce_project/venv/lib/python3.10/site-packages/airflow/example_dags/example_task_group.py took 0.051 seconds
[2024-10-30T21:37:48.656-0700] {processor.py:186} INFO - Started process (PID=37137) to work on /Users/saiprasadreddykolan/Documents/E-commerce_project/venv/lib/python3.10/site-packages/airflow/example_dags/example_task_group.py
[2024-10-30T21:37:48.658-0700] {processor.py:914} INFO - Processing file /Users/saiprasadreddykolan/Documents/E-commerce_project/venv/lib/python3.10/site-packages/airflow/example_dags/example_task_group.py for tasks to queue
[2024-10-30T21:37:48.659-0700] {logging_mixin.py:190} INFO - [2024-10-30T21:37:48.659-0700] {dagbag.py:588} INFO - Filling up the DagBag from /Users/saiprasadreddykolan/Documents/E-commerce_project/venv/lib/python3.10/site-packages/airflow/example_dags/example_task_group.py
[2024-10-30T21:37:48.662-0700] {processor.py:925} INFO - DAG(s) 'example_task_group' retrieved from /Users/saiprasadreddykolan/Documents/E-commerce_project/venv/lib/python3.10/site-packages/airflow/example_dags/example_task_group.py
[2024-10-30T21:37:48.697-0700] {logging_mixin.py:190} INFO - [2024-10-30T21:37:48.697-0700] {dag.py:3239} INFO - Sync 1 DAGs
[2024-10-30T21:37:48.700-0700] {logging_mixin.py:190} INFO - [2024-10-30T21:37:48.700-0700] {dag.py:4180} INFO - Setting next_dagrun for example_task_group to None, run_after=None
[2024-10-30T21:37:48.706-0700] {processor.py:208} INFO - Processing /Users/saiprasadreddykolan/Documents/E-commerce_project/venv/lib/python3.10/site-packages/airflow/example_dags/example_task_group.py took 0.051 seconds
[2024-10-30T21:38:52.318-0700] {processor.py:186} INFO - Started process (PID=37234) to work on /Users/saiprasadreddykolan/Documents/E-commerce_project/venv/lib/python3.10/site-packages/airflow/example_dags/example_task_group.py
[2024-10-30T21:38:52.320-0700] {processor.py:914} INFO - Processing file /Users/saiprasadreddykolan/Documents/E-commerce_project/venv/lib/python3.10/site-packages/airflow/example_dags/example_task_group.py for tasks to queue
[2024-10-30T21:38:52.321-0700] {logging_mixin.py:190} INFO - [2024-10-30T21:38:52.320-0700] {dagbag.py:588} INFO - Filling up the DagBag from /Users/saiprasadreddykolan/Documents/E-commerce_project/venv/lib/python3.10/site-packages/airflow/example_dags/example_task_group.py
[2024-10-30T21:38:52.324-0700] {processor.py:925} INFO - DAG(s) 'example_task_group' retrieved from /Users/saiprasadreddykolan/Documents/E-commerce_project/venv/lib/python3.10/site-packages/airflow/example_dags/example_task_group.py
[2024-10-30T21:38:52.359-0700] {logging_mixin.py:190} INFO - [2024-10-30T21:38:52.359-0700] {dag.py:3239} INFO - Sync 1 DAGs
[2024-10-30T21:38:52.362-0700] {logging_mixin.py:190} INFO - [2024-10-30T21:38:52.362-0700] {dag.py:4180} INFO - Setting next_dagrun for example_task_group to None, run_after=None
[2024-10-30T21:38:52.368-0700] {processor.py:208} INFO - Processing /Users/saiprasadreddykolan/Documents/E-commerce_project/venv/lib/python3.10/site-packages/airflow/example_dags/example_task_group.py took 0.051 seconds
[2024-10-30T21:39:58.315-0700] {processor.py:186} INFO - Started process (PID=37326) to work on /Users/saiprasadreddykolan/Documents/E-commerce_project/venv/lib/python3.10/site-packages/airflow/example_dags/example_task_group.py
[2024-10-30T21:39:58.317-0700] {processor.py:914} INFO - Processing file /Users/saiprasadreddykolan/Documents/E-commerce_project/venv/lib/python3.10/site-packages/airflow/example_dags/example_task_group.py for tasks to queue
[2024-10-30T21:39:58.317-0700] {logging_mixin.py:190} INFO - [2024-10-30T21:39:58.317-0700] {dagbag.py:588} INFO - Filling up the DagBag from /Users/saiprasadreddykolan/Documents/E-commerce_project/venv/lib/python3.10/site-packages/airflow/example_dags/example_task_group.py
[2024-10-30T21:39:58.321-0700] {processor.py:925} INFO - DAG(s) 'example_task_group' retrieved from /Users/saiprasadreddykolan/Documents/E-commerce_project/venv/lib/python3.10/site-packages/airflow/example_dags/example_task_group.py
[2024-10-30T21:39:58.355-0700] {logging_mixin.py:190} INFO - [2024-10-30T21:39:58.355-0700] {dag.py:3239} INFO - Sync 1 DAGs
[2024-10-30T21:39:58.359-0700] {logging_mixin.py:190} INFO - [2024-10-30T21:39:58.359-0700] {dag.py:4180} INFO - Setting next_dagrun for example_task_group to None, run_after=None
[2024-10-30T21:39:58.364-0700] {processor.py:208} INFO - Processing /Users/saiprasadreddykolan/Documents/E-commerce_project/venv/lib/python3.10/site-packages/airflow/example_dags/example_task_group.py took 0.051 seconds
[2024-10-30T21:41:05.057-0700] {processor.py:186} INFO - Started process (PID=37409) to work on /Users/saiprasadreddykolan/Documents/E-commerce_project/venv/lib/python3.10/site-packages/airflow/example_dags/example_task_group.py
[2024-10-30T21:41:05.059-0700] {processor.py:914} INFO - Processing file /Users/saiprasadreddykolan/Documents/E-commerce_project/venv/lib/python3.10/site-packages/airflow/example_dags/example_task_group.py for tasks to queue
[2024-10-30T21:41:05.059-0700] {logging_mixin.py:190} INFO - [2024-10-30T21:41:05.059-0700] {dagbag.py:588} INFO - Filling up the DagBag from /Users/saiprasadreddykolan/Documents/E-commerce_project/venv/lib/python3.10/site-packages/airflow/example_dags/example_task_group.py
[2024-10-30T21:41:05.063-0700] {processor.py:925} INFO - DAG(s) 'example_task_group' retrieved from /Users/saiprasadreddykolan/Documents/E-commerce_project/venv/lib/python3.10/site-packages/airflow/example_dags/example_task_group.py
[2024-10-30T21:41:05.101-0700] {logging_mixin.py:190} INFO - [2024-10-30T21:41:05.101-0700] {dag.py:3239} INFO - Sync 1 DAGs
[2024-10-30T21:41:05.105-0700] {logging_mixin.py:190} INFO - [2024-10-30T21:41:05.105-0700] {dag.py:4180} INFO - Setting next_dagrun for example_task_group to None, run_after=None
[2024-10-30T21:41:05.111-0700] {processor.py:208} INFO - Processing /Users/saiprasadreddykolan/Documents/E-commerce_project/venv/lib/python3.10/site-packages/airflow/example_dags/example_task_group.py took 0.056 seconds
[2024-10-30T21:42:09.064-0700] {processor.py:186} INFO - Started process (PID=37487) to work on /Users/saiprasadreddykolan/Documents/E-commerce_project/venv/lib/python3.10/site-packages/airflow/example_dags/example_task_group.py
[2024-10-30T21:42:09.067-0700] {processor.py:914} INFO - Processing file /Users/saiprasadreddykolan/Documents/E-commerce_project/venv/lib/python3.10/site-packages/airflow/example_dags/example_task_group.py for tasks to queue
[2024-10-30T21:42:09.067-0700] {logging_mixin.py:190} INFO - [2024-10-30T21:42:09.067-0700] {dagbag.py:588} INFO - Filling up the DagBag from /Users/saiprasadreddykolan/Documents/E-commerce_project/venv/lib/python3.10/site-packages/airflow/example_dags/example_task_group.py
[2024-10-30T21:42:09.071-0700] {processor.py:925} INFO - DAG(s) 'example_task_group' retrieved from /Users/saiprasadreddykolan/Documents/E-commerce_project/venv/lib/python3.10/site-packages/airflow/example_dags/example_task_group.py
[2024-10-30T21:42:09.105-0700] {logging_mixin.py:190} INFO - [2024-10-30T21:42:09.105-0700] {dag.py:3239} INFO - Sync 1 DAGs
[2024-10-30T21:42:09.109-0700] {logging_mixin.py:190} INFO - [2024-10-30T21:42:09.109-0700] {dag.py:4180} INFO - Setting next_dagrun for example_task_group to None, run_after=None
[2024-10-30T21:42:09.114-0700] {processor.py:208} INFO - Processing /Users/saiprasadreddykolan/Documents/E-commerce_project/venv/lib/python3.10/site-packages/airflow/example_dags/example_task_group.py took 0.051 seconds
[2024-10-30T22:49:23.531-0700] {processor.py:186} INFO - Started process (PID=37701) to work on /Users/saiprasadreddykolan/Documents/E-commerce_project/venv/lib/python3.10/site-packages/airflow/example_dags/example_task_group.py
[2024-10-30T22:49:23.534-0700] {processor.py:914} INFO - Processing file /Users/saiprasadreddykolan/Documents/E-commerce_project/venv/lib/python3.10/site-packages/airflow/example_dags/example_task_group.py for tasks to queue
[2024-10-30T22:49:23.534-0700] {logging_mixin.py:190} INFO - [2024-10-30T22:49:23.534-0700] {dagbag.py:588} INFO - Filling up the DagBag from /Users/saiprasadreddykolan/Documents/E-commerce_project/venv/lib/python3.10/site-packages/airflow/example_dags/example_task_group.py
[2024-10-30T22:49:23.540-0700] {processor.py:925} INFO - DAG(s) 'example_task_group' retrieved from /Users/saiprasadreddykolan/Documents/E-commerce_project/venv/lib/python3.10/site-packages/airflow/example_dags/example_task_group.py
[2024-10-30T22:49:23.581-0700] {logging_mixin.py:190} INFO - [2024-10-30T22:49:23.581-0700] {dag.py:3239} INFO - Sync 1 DAGs
[2024-10-30T22:49:23.585-0700] {logging_mixin.py:190} INFO - [2024-10-30T22:49:23.585-0700] {dag.py:4180} INFO - Setting next_dagrun for example_task_group to None, run_after=None
[2024-10-30T22:49:23.591-0700] {processor.py:208} INFO - Processing /Users/saiprasadreddykolan/Documents/E-commerce_project/venv/lib/python3.10/site-packages/airflow/example_dags/example_task_group.py took 0.062 seconds
[2024-10-30T23:44:01.977-0700] {processor.py:186} INFO - Started process (PID=37875) to work on /Users/saiprasadreddykolan/Documents/E-commerce_project/venv/lib/python3.10/site-packages/airflow/example_dags/example_task_group.py
[2024-10-30T23:44:01.980-0700] {processor.py:914} INFO - Processing file /Users/saiprasadreddykolan/Documents/E-commerce_project/venv/lib/python3.10/site-packages/airflow/example_dags/example_task_group.py for tasks to queue
[2024-10-30T23:44:01.980-0700] {logging_mixin.py:190} INFO - [2024-10-30T23:44:01.980-0700] {dagbag.py:588} INFO - Filling up the DagBag from /Users/saiprasadreddykolan/Documents/E-commerce_project/venv/lib/python3.10/site-packages/airflow/example_dags/example_task_group.py
[2024-10-30T23:44:01.984-0700] {processor.py:925} INFO - DAG(s) 'example_task_group' retrieved from /Users/saiprasadreddykolan/Documents/E-commerce_project/venv/lib/python3.10/site-packages/airflow/example_dags/example_task_group.py
[2024-10-30T23:44:02.018-0700] {logging_mixin.py:190} INFO - [2024-10-30T23:44:02.018-0700] {dag.py:3239} INFO - Sync 1 DAGs
[2024-10-30T23:44:02.021-0700] {logging_mixin.py:190} INFO - [2024-10-30T23:44:02.021-0700] {dag.py:4180} INFO - Setting next_dagrun for example_task_group to None, run_after=None
[2024-10-30T23:44:02.027-0700] {processor.py:208} INFO - Processing /Users/saiprasadreddykolan/Documents/E-commerce_project/venv/lib/python3.10/site-packages/airflow/example_dags/example_task_group.py took 0.051 seconds
[2024-10-31T00:44:50.485-0700] {processor.py:186} INFO - Started process (PID=38059) to work on /Users/saiprasadreddykolan/Documents/E-commerce_project/venv/lib/python3.10/site-packages/airflow/example_dags/example_task_group.py
[2024-10-31T00:44:50.488-0700] {processor.py:914} INFO - Processing file /Users/saiprasadreddykolan/Documents/E-commerce_project/venv/lib/python3.10/site-packages/airflow/example_dags/example_task_group.py for tasks to queue
[2024-10-31T00:44:50.489-0700] {logging_mixin.py:190} INFO - [2024-10-31T00:44:50.489-0700] {dagbag.py:588} INFO - Filling up the DagBag from /Users/saiprasadreddykolan/Documents/E-commerce_project/venv/lib/python3.10/site-packages/airflow/example_dags/example_task_group.py
[2024-10-31T00:44:50.492-0700] {processor.py:925} INFO - DAG(s) 'example_task_group' retrieved from /Users/saiprasadreddykolan/Documents/E-commerce_project/venv/lib/python3.10/site-packages/airflow/example_dags/example_task_group.py
[2024-10-31T00:44:50.526-0700] {logging_mixin.py:190} INFO - [2024-10-31T00:44:50.526-0700] {dag.py:3239} INFO - Sync 1 DAGs
[2024-10-31T00:44:50.530-0700] {logging_mixin.py:190} INFO - [2024-10-31T00:44:50.530-0700] {dag.py:4180} INFO - Setting next_dagrun for example_task_group to None, run_after=None
[2024-10-31T00:44:50.535-0700] {processor.py:208} INFO - Processing /Users/saiprasadreddykolan/Documents/E-commerce_project/venv/lib/python3.10/site-packages/airflow/example_dags/example_task_group.py took 0.051 seconds
[2024-10-31T01:33:05.535-0700] {processor.py:186} INFO - Started process (PID=38184) to work on /Users/saiprasadreddykolan/Documents/E-commerce_project/venv/lib/python3.10/site-packages/airflow/example_dags/example_task_group.py
[2024-10-31T01:33:05.537-0700] {processor.py:914} INFO - Processing file /Users/saiprasadreddykolan/Documents/E-commerce_project/venv/lib/python3.10/site-packages/airflow/example_dags/example_task_group.py for tasks to queue
[2024-10-31T01:33:05.538-0700] {logging_mixin.py:190} INFO - [2024-10-31T01:33:05.538-0700] {dagbag.py:588} INFO - Filling up the DagBag from /Users/saiprasadreddykolan/Documents/E-commerce_project/venv/lib/python3.10/site-packages/airflow/example_dags/example_task_group.py
[2024-10-31T01:33:05.541-0700] {processor.py:925} INFO - DAG(s) 'example_task_group' retrieved from /Users/saiprasadreddykolan/Documents/E-commerce_project/venv/lib/python3.10/site-packages/airflow/example_dags/example_task_group.py
[2024-10-31T01:33:05.575-0700] {logging_mixin.py:190} INFO - [2024-10-31T01:33:05.575-0700] {dag.py:3239} INFO - Sync 1 DAGs
[2024-10-31T01:33:05.578-0700] {logging_mixin.py:190} INFO - [2024-10-31T01:33:05.578-0700] {dag.py:4180} INFO - Setting next_dagrun for example_task_group to None, run_after=None
[2024-10-31T01:33:05.584-0700] {processor.py:208} INFO - Processing /Users/saiprasadreddykolan/Documents/E-commerce_project/venv/lib/python3.10/site-packages/airflow/example_dags/example_task_group.py took 0.050 seconds
[2024-10-31T02:25:52.090-0700] {processor.py:186} INFO - Started process (PID=38318) to work on /Users/saiprasadreddykolan/Documents/E-commerce_project/venv/lib/python3.10/site-packages/airflow/example_dags/example_task_group.py
[2024-10-31T02:25:52.093-0700] {processor.py:914} INFO - Processing file /Users/saiprasadreddykolan/Documents/E-commerce_project/venv/lib/python3.10/site-packages/airflow/example_dags/example_task_group.py for tasks to queue
[2024-10-31T02:25:52.093-0700] {logging_mixin.py:190} INFO - [2024-10-31T02:25:52.093-0700] {dagbag.py:588} INFO - Filling up the DagBag from /Users/saiprasadreddykolan/Documents/E-commerce_project/venv/lib/python3.10/site-packages/airflow/example_dags/example_task_group.py
[2024-10-31T02:25:52.097-0700] {processor.py:925} INFO - DAG(s) 'example_task_group' retrieved from /Users/saiprasadreddykolan/Documents/E-commerce_project/venv/lib/python3.10/site-packages/airflow/example_dags/example_task_group.py
[2024-10-31T02:25:52.130-0700] {logging_mixin.py:190} INFO - [2024-10-31T02:25:52.130-0700] {dag.py:3239} INFO - Sync 1 DAGs
[2024-10-31T02:25:52.134-0700] {logging_mixin.py:190} INFO - [2024-10-31T02:25:52.134-0700] {dag.py:4180} INFO - Setting next_dagrun for example_task_group to None, run_after=None
[2024-10-31T02:25:52.139-0700] {processor.py:208} INFO - Processing /Users/saiprasadreddykolan/Documents/E-commerce_project/venv/lib/python3.10/site-packages/airflow/example_dags/example_task_group.py took 0.050 seconds
[2024-10-31T04:22:39.132-0700] {processor.py:186} INFO - Started process (PID=38490) to work on /Users/saiprasadreddykolan/Documents/E-commerce_project/venv/lib/python3.10/site-packages/airflow/example_dags/example_task_group.py
[2024-10-31T04:22:39.134-0700] {processor.py:914} INFO - Processing file /Users/saiprasadreddykolan/Documents/E-commerce_project/venv/lib/python3.10/site-packages/airflow/example_dags/example_task_group.py for tasks to queue
[2024-10-31T04:22:39.135-0700] {logging_mixin.py:190} INFO - [2024-10-31T04:22:39.135-0700] {dagbag.py:588} INFO - Filling up the DagBag from /Users/saiprasadreddykolan/Documents/E-commerce_project/venv/lib/python3.10/site-packages/airflow/example_dags/example_task_group.py
[2024-10-31T04:22:39.138-0700] {processor.py:925} INFO - DAG(s) 'example_task_group' retrieved from /Users/saiprasadreddykolan/Documents/E-commerce_project/venv/lib/python3.10/site-packages/airflow/example_dags/example_task_group.py
[2024-10-31T04:22:39.174-0700] {logging_mixin.py:190} INFO - [2024-10-31T04:22:39.174-0700] {dag.py:3239} INFO - Sync 1 DAGs
[2024-10-31T04:22:39.178-0700] {logging_mixin.py:190} INFO - [2024-10-31T04:22:39.178-0700] {dag.py:4180} INFO - Setting next_dagrun for example_task_group to None, run_after=None
[2024-10-31T04:22:39.183-0700] {processor.py:208} INFO - Processing /Users/saiprasadreddykolan/Documents/E-commerce_project/venv/lib/python3.10/site-packages/airflow/example_dags/example_task_group.py took 0.053 seconds
[2024-10-31T05:35:10.226-0700] {processor.py:186} INFO - Started process (PID=38752) to work on /Users/saiprasadreddykolan/Documents/E-commerce_project/venv/lib/python3.10/site-packages/airflow/example_dags/example_task_group.py
[2024-10-31T05:35:10.228-0700] {processor.py:914} INFO - Processing file /Users/saiprasadreddykolan/Documents/E-commerce_project/venv/lib/python3.10/site-packages/airflow/example_dags/example_task_group.py for tasks to queue
[2024-10-31T05:35:10.229-0700] {logging_mixin.py:190} INFO - [2024-10-31T05:35:10.229-0700] {dagbag.py:588} INFO - Filling up the DagBag from /Users/saiprasadreddykolan/Documents/E-commerce_project/venv/lib/python3.10/site-packages/airflow/example_dags/example_task_group.py
[2024-10-31T05:35:10.232-0700] {processor.py:925} INFO - DAG(s) 'example_task_group' retrieved from /Users/saiprasadreddykolan/Documents/E-commerce_project/venv/lib/python3.10/site-packages/airflow/example_dags/example_task_group.py
[2024-10-31T05:35:10.266-0700] {logging_mixin.py:190} INFO - [2024-10-31T05:35:10.266-0700] {dag.py:3239} INFO - Sync 1 DAGs
[2024-10-31T05:35:10.269-0700] {logging_mixin.py:190} INFO - [2024-10-31T05:35:10.269-0700] {dag.py:4180} INFO - Setting next_dagrun for example_task_group to None, run_after=None
[2024-10-31T05:35:10.275-0700] {processor.py:208} INFO - Processing /Users/saiprasadreddykolan/Documents/E-commerce_project/venv/lib/python3.10/site-packages/airflow/example_dags/example_task_group.py took 0.050 seconds
[2024-10-31T06:59:15.356-0700] {processor.py:186} INFO - Started process (PID=38918) to work on /Users/saiprasadreddykolan/Documents/E-commerce_project/venv/lib/python3.10/site-packages/airflow/example_dags/example_task_group.py
[2024-10-31T06:59:15.358-0700] {processor.py:914} INFO - Processing file /Users/saiprasadreddykolan/Documents/E-commerce_project/venv/lib/python3.10/site-packages/airflow/example_dags/example_task_group.py for tasks to queue
[2024-10-31T06:59:15.358-0700] {logging_mixin.py:190} INFO - [2024-10-31T06:59:15.358-0700] {dagbag.py:588} INFO - Filling up the DagBag from /Users/saiprasadreddykolan/Documents/E-commerce_project/venv/lib/python3.10/site-packages/airflow/example_dags/example_task_group.py
[2024-10-31T06:59:15.362-0700] {processor.py:925} INFO - DAG(s) 'example_task_group' retrieved from /Users/saiprasadreddykolan/Documents/E-commerce_project/venv/lib/python3.10/site-packages/airflow/example_dags/example_task_group.py
[2024-10-31T06:59:15.396-0700] {logging_mixin.py:190} INFO - [2024-10-31T06:59:15.396-0700] {dag.py:3239} INFO - Sync 1 DAGs
[2024-10-31T06:59:15.400-0700] {logging_mixin.py:190} INFO - [2024-10-31T06:59:15.400-0700] {dag.py:4180} INFO - Setting next_dagrun for example_task_group to None, run_after=None
[2024-10-31T06:59:15.405-0700] {processor.py:208} INFO - Processing /Users/saiprasadreddykolan/Documents/E-commerce_project/venv/lib/python3.10/site-packages/airflow/example_dags/example_task_group.py took 0.051 seconds
[2024-10-31T07:00:27.189-0700] {processor.py:186} INFO - Started process (PID=39040) to work on /Users/saiprasadreddykolan/Documents/E-commerce_project/venv/lib/python3.10/site-packages/airflow/example_dags/example_task_group.py
[2024-10-31T07:00:27.191-0700] {processor.py:914} INFO - Processing file /Users/saiprasadreddykolan/Documents/E-commerce_project/venv/lib/python3.10/site-packages/airflow/example_dags/example_task_group.py for tasks to queue
[2024-10-31T07:00:27.191-0700] {logging_mixin.py:190} INFO - [2024-10-31T07:00:27.191-0700] {dagbag.py:588} INFO - Filling up the DagBag from /Users/saiprasadreddykolan/Documents/E-commerce_project/venv/lib/python3.10/site-packages/airflow/example_dags/example_task_group.py
[2024-10-31T07:00:27.195-0700] {processor.py:925} INFO - DAG(s) 'example_task_group' retrieved from /Users/saiprasadreddykolan/Documents/E-commerce_project/venv/lib/python3.10/site-packages/airflow/example_dags/example_task_group.py
[2024-10-31T07:00:27.229-0700] {logging_mixin.py:190} INFO - [2024-10-31T07:00:27.228-0700] {dag.py:3239} INFO - Sync 1 DAGs
[2024-10-31T07:00:27.232-0700] {logging_mixin.py:190} INFO - [2024-10-31T07:00:27.232-0700] {dag.py:4180} INFO - Setting next_dagrun for example_task_group to None, run_after=None
[2024-10-31T07:00:27.237-0700] {processor.py:208} INFO - Processing /Users/saiprasadreddykolan/Documents/E-commerce_project/venv/lib/python3.10/site-packages/airflow/example_dags/example_task_group.py took 0.050 seconds
[2024-10-31T07:42:48.462-0700] {processor.py:186} INFO - Started process (PID=39150) to work on /Users/saiprasadreddykolan/Documents/E-commerce_project/venv/lib/python3.10/site-packages/airflow/example_dags/example_task_group.py
[2024-10-31T07:42:48.464-0700] {processor.py:914} INFO - Processing file /Users/saiprasadreddykolan/Documents/E-commerce_project/venv/lib/python3.10/site-packages/airflow/example_dags/example_task_group.py for tasks to queue
[2024-10-31T07:42:48.465-0700] {logging_mixin.py:190} INFO - [2024-10-31T07:42:48.465-0700] {dagbag.py:588} INFO - Filling up the DagBag from /Users/saiprasadreddykolan/Documents/E-commerce_project/venv/lib/python3.10/site-packages/airflow/example_dags/example_task_group.py
[2024-10-31T07:42:48.471-0700] {processor.py:925} INFO - DAG(s) 'example_task_group' retrieved from /Users/saiprasadreddykolan/Documents/E-commerce_project/venv/lib/python3.10/site-packages/airflow/example_dags/example_task_group.py
[2024-10-31T07:42:48.521-0700] {logging_mixin.py:190} INFO - [2024-10-31T07:42:48.521-0700] {dag.py:3239} INFO - Sync 1 DAGs
[2024-10-31T07:42:48.526-0700] {logging_mixin.py:190} INFO - [2024-10-31T07:42:48.526-0700] {dag.py:4180} INFO - Setting next_dagrun for example_task_group to None, run_after=None
[2024-10-31T07:42:48.534-0700] {processor.py:208} INFO - Processing /Users/saiprasadreddykolan/Documents/E-commerce_project/venv/lib/python3.10/site-packages/airflow/example_dags/example_task_group.py took 0.073 seconds
[2024-10-31T07:59:20.015-0700] {processor.py:186} INFO - Started process (PID=39262) to work on /Users/saiprasadreddykolan/Documents/E-commerce_project/venv/lib/python3.10/site-packages/airflow/example_dags/example_task_group.py
[2024-10-31T07:59:20.017-0700] {processor.py:914} INFO - Processing file /Users/saiprasadreddykolan/Documents/E-commerce_project/venv/lib/python3.10/site-packages/airflow/example_dags/example_task_group.py for tasks to queue
[2024-10-31T07:59:20.018-0700] {logging_mixin.py:190} INFO - [2024-10-31T07:59:20.017-0700] {dagbag.py:588} INFO - Filling up the DagBag from /Users/saiprasadreddykolan/Documents/E-commerce_project/venv/lib/python3.10/site-packages/airflow/example_dags/example_task_group.py
[2024-10-31T07:59:20.021-0700] {processor.py:925} INFO - DAG(s) 'example_task_group' retrieved from /Users/saiprasadreddykolan/Documents/E-commerce_project/venv/lib/python3.10/site-packages/airflow/example_dags/example_task_group.py
[2024-10-31T07:59:20.056-0700] {logging_mixin.py:190} INFO - [2024-10-31T07:59:20.056-0700] {dag.py:3239} INFO - Sync 1 DAGs
[2024-10-31T07:59:20.060-0700] {logging_mixin.py:190} INFO - [2024-10-31T07:59:20.060-0700] {dag.py:4180} INFO - Setting next_dagrun for example_task_group to None, run_after=None
[2024-10-31T07:59:20.067-0700] {processor.py:208} INFO - Processing /Users/saiprasadreddykolan/Documents/E-commerce_project/venv/lib/python3.10/site-packages/airflow/example_dags/example_task_group.py took 0.052 seconds
[2024-10-31T09:01:01.697-0700] {processor.py:186} INFO - Started process (PID=39413) to work on /Users/saiprasadreddykolan/Documents/E-commerce_project/venv/lib/python3.10/site-packages/airflow/example_dags/example_task_group.py
[2024-10-31T09:01:01.699-0700] {processor.py:914} INFO - Processing file /Users/saiprasadreddykolan/Documents/E-commerce_project/venv/lib/python3.10/site-packages/airflow/example_dags/example_task_group.py for tasks to queue
[2024-10-31T09:01:01.699-0700] {logging_mixin.py:190} INFO - [2024-10-31T09:01:01.699-0700] {dagbag.py:588} INFO - Filling up the DagBag from /Users/saiprasadreddykolan/Documents/E-commerce_project/venv/lib/python3.10/site-packages/airflow/example_dags/example_task_group.py
[2024-10-31T09:01:01.703-0700] {processor.py:925} INFO - DAG(s) 'example_task_group' retrieved from /Users/saiprasadreddykolan/Documents/E-commerce_project/venv/lib/python3.10/site-packages/airflow/example_dags/example_task_group.py
[2024-10-31T09:01:01.737-0700] {logging_mixin.py:190} INFO - [2024-10-31T09:01:01.737-0700] {dag.py:3239} INFO - Sync 1 DAGs
[2024-10-31T09:01:01.740-0700] {logging_mixin.py:190} INFO - [2024-10-31T09:01:01.740-0700] {dag.py:4180} INFO - Setting next_dagrun for example_task_group to None, run_after=None
[2024-10-31T09:01:01.746-0700] {processor.py:208} INFO - Processing /Users/saiprasadreddykolan/Documents/E-commerce_project/venv/lib/python3.10/site-packages/airflow/example_dags/example_task_group.py took 0.050 seconds
[2024-10-31T09:21:51.453-0700] {processor.py:186} INFO - Started process (PID=39521) to work on /Users/saiprasadreddykolan/Documents/E-commerce_project/venv/lib/python3.10/site-packages/airflow/example_dags/example_task_group.py
[2024-10-31T09:21:51.455-0700] {processor.py:914} INFO - Processing file /Users/saiprasadreddykolan/Documents/E-commerce_project/venv/lib/python3.10/site-packages/airflow/example_dags/example_task_group.py for tasks to queue
[2024-10-31T09:21:51.455-0700] {logging_mixin.py:190} INFO - [2024-10-31T09:21:51.455-0700] {dagbag.py:588} INFO - Filling up the DagBag from /Users/saiprasadreddykolan/Documents/E-commerce_project/venv/lib/python3.10/site-packages/airflow/example_dags/example_task_group.py
[2024-10-31T09:21:51.459-0700] {processor.py:925} INFO - DAG(s) 'example_task_group' retrieved from /Users/saiprasadreddykolan/Documents/E-commerce_project/venv/lib/python3.10/site-packages/airflow/example_dags/example_task_group.py
[2024-10-31T09:21:51.493-0700] {logging_mixin.py:190} INFO - [2024-10-31T09:21:51.493-0700] {dag.py:3239} INFO - Sync 1 DAGs
[2024-10-31T09:21:51.496-0700] {logging_mixin.py:190} INFO - [2024-10-31T09:21:51.496-0700] {dag.py:4180} INFO - Setting next_dagrun for example_task_group to None, run_after=None
[2024-10-31T09:21:51.502-0700] {processor.py:208} INFO - Processing /Users/saiprasadreddykolan/Documents/E-commerce_project/venv/lib/python3.10/site-packages/airflow/example_dags/example_task_group.py took 0.050 seconds
[2024-10-31T09:23:18.529-0700] {processor.py:186} INFO - Started process (PID=39606) to work on /Users/saiprasadreddykolan/Documents/E-commerce_project/venv/lib/python3.10/site-packages/airflow/example_dags/example_task_group.py
[2024-10-31T09:23:18.532-0700] {processor.py:914} INFO - Processing file /Users/saiprasadreddykolan/Documents/E-commerce_project/venv/lib/python3.10/site-packages/airflow/example_dags/example_task_group.py for tasks to queue
[2024-10-31T09:23:18.532-0700] {logging_mixin.py:190} INFO - [2024-10-31T09:23:18.532-0700] {dagbag.py:588} INFO - Filling up the DagBag from /Users/saiprasadreddykolan/Documents/E-commerce_project/venv/lib/python3.10/site-packages/airflow/example_dags/example_task_group.py
[2024-10-31T09:23:18.536-0700] {processor.py:925} INFO - DAG(s) 'example_task_group' retrieved from /Users/saiprasadreddykolan/Documents/E-commerce_project/venv/lib/python3.10/site-packages/airflow/example_dags/example_task_group.py
[2024-10-31T09:23:18.570-0700] {logging_mixin.py:190} INFO - [2024-10-31T09:23:18.570-0700] {dag.py:3239} INFO - Sync 1 DAGs
[2024-10-31T09:23:18.573-0700] {logging_mixin.py:190} INFO - [2024-10-31T09:23:18.573-0700] {dag.py:4180} INFO - Setting next_dagrun for example_task_group to None, run_after=None
[2024-10-31T09:23:18.578-0700] {processor.py:208} INFO - Processing /Users/saiprasadreddykolan/Documents/E-commerce_project/venv/lib/python3.10/site-packages/airflow/example_dags/example_task_group.py took 0.050 seconds
