[2024-10-30T17:23:36.945-0700] {processor.py:186} INFO - Started process (PID=6932) to work on /opt/anaconda3/lib/python3.12/site-packages/airflow/example_dags/example_sla_dag.py
[2024-10-30T17:23:36.945-0700] {processor.py:914} INFO - Processing file /opt/anaconda3/lib/python3.12/site-packages/airflow/example_dags/example_sla_dag.py for tasks to queue
[2024-10-30T17:23:36.946-0700] {logging_mixin.py:190} INFO - [2024-10-30T17:23:36.946-0700] {dagbag.py:588} INFO - Filling up the DagBag from /opt/anaconda3/lib/python3.12/site-packages/airflow/example_dags/example_sla_dag.py
[2024-10-30T17:23:36.959-0700] {processor.py:925} INFO - DAG(s) 'example_sla_dag' retrieved from /opt/anaconda3/lib/python3.12/site-packages/airflow/example_dags/example_sla_dag.py
[2024-10-30T17:23:36.988-0700] {logging_mixin.py:190} INFO - [2024-10-30T17:23:36.987-0700] {dag.py:3239} INFO - Sync 1 DAGs
[2024-10-30T17:23:36.994-0700] {logging_mixin.py:190} INFO - [2024-10-30T17:23:36.993-0700] {dag.py:4180} INFO - Setting next_dagrun for example_sla_dag to 2024-10-31 00:20:00+00:00, run_after=2024-10-31 00:22:00+00:00
[2024-10-30T17:23:36.999-0700] {processor.py:208} INFO - Processing /opt/anaconda3/lib/python3.12/site-packages/airflow/example_dags/example_sla_dag.py took 0.055 seconds
[2024-10-30T18:22:31.176-0700] {processor.py:186} INFO - Started process (PID=7099) to work on /opt/anaconda3/lib/python3.12/site-packages/airflow/example_dags/example_sla_dag.py
[2024-10-30T18:22:31.177-0700] {processor.py:914} INFO - Processing file /opt/anaconda3/lib/python3.12/site-packages/airflow/example_dags/example_sla_dag.py for tasks to queue
[2024-10-30T18:22:31.177-0700] {logging_mixin.py:190} INFO - [2024-10-30T18:22:31.177-0700] {dagbag.py:588} INFO - Filling up the DagBag from /opt/anaconda3/lib/python3.12/site-packages/airflow/example_dags/example_sla_dag.py
[2024-10-30T18:22:31.190-0700] {processor.py:925} INFO - DAG(s) 'example_sla_dag' retrieved from /opt/anaconda3/lib/python3.12/site-packages/airflow/example_dags/example_sla_dag.py
[2024-10-30T18:22:31.218-0700] {logging_mixin.py:190} INFO - [2024-10-30T18:22:31.218-0700] {dag.py:3239} INFO - Sync 1 DAGs
[2024-10-30T18:22:31.225-0700] {logging_mixin.py:190} INFO - [2024-10-30T18:22:31.224-0700] {dag.py:4180} INFO - Setting next_dagrun for example_sla_dag to 2024-10-31 01:20:00+00:00, run_after=2024-10-31 01:22:00+00:00
[2024-10-30T18:22:31.230-0700] {processor.py:208} INFO - Processing /opt/anaconda3/lib/python3.12/site-packages/airflow/example_dags/example_sla_dag.py took 0.055 seconds
[2024-10-30T19:49:57.931-0700] {processor.py:186} INFO - Started process (PID=7275) to work on /opt/anaconda3/lib/python3.12/site-packages/airflow/example_dags/example_sla_dag.py
[2024-10-30T19:49:57.932-0700] {processor.py:914} INFO - Processing file /opt/anaconda3/lib/python3.12/site-packages/airflow/example_dags/example_sla_dag.py for tasks to queue
[2024-10-30T19:49:57.932-0700] {logging_mixin.py:190} INFO - [2024-10-30T19:49:57.932-0700] {dagbag.py:588} INFO - Filling up the DagBag from /opt/anaconda3/lib/python3.12/site-packages/airflow/example_dags/example_sla_dag.py
[2024-10-30T19:49:57.952-0700] {processor.py:925} INFO - DAG(s) 'example_sla_dag' retrieved from /opt/anaconda3/lib/python3.12/site-packages/airflow/example_dags/example_sla_dag.py
[2024-10-30T19:49:57.980-0700] {logging_mixin.py:190} INFO - [2024-10-30T19:49:57.980-0700] {dag.py:3239} INFO - Sync 1 DAGs
[2024-10-30T19:49:57.989-0700] {logging_mixin.py:190} INFO - [2024-10-30T19:49:57.989-0700] {dag.py:4180} INFO - Setting next_dagrun for example_sla_dag to 2024-10-31 02:46:00+00:00, run_after=2024-10-31 02:48:00+00:00
[2024-10-30T19:49:57.994-0700] {processor.py:208} INFO - Processing /opt/anaconda3/lib/python3.12/site-packages/airflow/example_dags/example_sla_dag.py took 0.064 seconds
[2024-10-30T20:59:28.797-0700] {processor.py:186} INFO - Started process (PID=9494) to work on /Users/saiprasadreddykolan/Documents/E-commerce_project/venv/lib/python3.10/site-packages/airflow/example_dags/example_sla_dag.py
[2024-10-30T20:59:28.799-0700] {processor.py:914} INFO - Processing file /Users/saiprasadreddykolan/Documents/E-commerce_project/venv/lib/python3.10/site-packages/airflow/example_dags/example_sla_dag.py for tasks to queue
[2024-10-30T20:59:28.800-0700] {logging_mixin.py:190} INFO - [2024-10-30T20:59:28.800-0700] {dagbag.py:588} INFO - Filling up the DagBag from /Users/saiprasadreddykolan/Documents/E-commerce_project/venv/lib/python3.10/site-packages/airflow/example_dags/example_sla_dag.py
[2024-10-30T20:59:28.815-0700] {processor.py:925} INFO - DAG(s) 'example_sla_dag' retrieved from /Users/saiprasadreddykolan/Documents/E-commerce_project/venv/lib/python3.10/site-packages/airflow/example_dags/example_sla_dag.py
[2024-10-30T20:59:28.877-0700] {logging_mixin.py:190} INFO - [2024-10-30T20:59:28.877-0700] {dag.py:3239} INFO - Sync 1 DAGs
[2024-10-30T20:59:28.883-0700] {logging_mixin.py:190} INFO - [2024-10-30T20:59:28.883-0700] {dag.py:4180} INFO - Setting next_dagrun for example_sla_dag to 2024-10-31T03:56:00+00:00, run_after=2024-10-31T03:58:00+00:00
[2024-10-30T20:59:28.892-0700] {processor.py:208} INFO - Processing /Users/saiprasadreddykolan/Documents/E-commerce_project/venv/lib/python3.10/site-packages/airflow/example_dags/example_sla_dag.py took 0.096 seconds
[2024-10-30T21:01:09.012-0700] {processor.py:186} INFO - Started process (PID=9614) to work on /Users/saiprasadreddykolan/Documents/E-commerce_project/venv/lib/python3.10/site-packages/airflow/example_dags/example_sla_dag.py
[2024-10-30T21:01:09.015-0700] {processor.py:914} INFO - Processing file /Users/saiprasadreddykolan/Documents/E-commerce_project/venv/lib/python3.10/site-packages/airflow/example_dags/example_sla_dag.py for tasks to queue
[2024-10-30T21:01:09.015-0700] {logging_mixin.py:190} INFO - [2024-10-30T21:01:09.015-0700] {dagbag.py:588} INFO - Filling up the DagBag from /Users/saiprasadreddykolan/Documents/E-commerce_project/venv/lib/python3.10/site-packages/airflow/example_dags/example_sla_dag.py
[2024-10-30T21:01:09.029-0700] {processor.py:925} INFO - DAG(s) 'example_sla_dag' retrieved from /Users/saiprasadreddykolan/Documents/E-commerce_project/venv/lib/python3.10/site-packages/airflow/example_dags/example_sla_dag.py
[2024-10-30T21:01:09.063-0700] {logging_mixin.py:190} INFO - [2024-10-30T21:01:09.063-0700] {dag.py:3239} INFO - Sync 1 DAGs
[2024-10-30T21:01:09.071-0700] {logging_mixin.py:190} INFO - [2024-10-30T21:01:09.071-0700] {dag.py:4180} INFO - Setting next_dagrun for example_sla_dag to 2024-10-31T03:58:00+00:00, run_after=2024-10-31T04:00:00+00:00
[2024-10-30T21:01:09.076-0700] {processor.py:208} INFO - Processing /Users/saiprasadreddykolan/Documents/E-commerce_project/venv/lib/python3.10/site-packages/airflow/example_dags/example_sla_dag.py took 0.066 seconds
[2024-10-30T21:02:14.485-0700] {processor.py:186} INFO - Started process (PID=9728) to work on /Users/saiprasadreddykolan/Documents/E-commerce_project/venv/lib/python3.10/site-packages/airflow/example_dags/example_sla_dag.py
[2024-10-30T21:02:14.488-0700] {processor.py:914} INFO - Processing file /Users/saiprasadreddykolan/Documents/E-commerce_project/venv/lib/python3.10/site-packages/airflow/example_dags/example_sla_dag.py for tasks to queue
[2024-10-30T21:02:14.488-0700] {logging_mixin.py:190} INFO - [2024-10-30T21:02:14.488-0700] {dagbag.py:588} INFO - Filling up the DagBag from /Users/saiprasadreddykolan/Documents/E-commerce_project/venv/lib/python3.10/site-packages/airflow/example_dags/example_sla_dag.py
[2024-10-30T21:02:14.517-0700] {processor.py:925} INFO - DAG(s) 'example_sla_dag' retrieved from /Users/saiprasadreddykolan/Documents/E-commerce_project/venv/lib/python3.10/site-packages/airflow/example_dags/example_sla_dag.py
[2024-10-30T21:02:14.581-0700] {logging_mixin.py:190} INFO - [2024-10-30T21:02:14.581-0700] {dag.py:3239} INFO - Sync 1 DAGs
[2024-10-30T21:02:14.593-0700] {logging_mixin.py:190} INFO - [2024-10-30T21:02:14.593-0700] {dag.py:4180} INFO - Setting next_dagrun for example_sla_dag to 2024-10-31T04:00:00+00:00, run_after=2024-10-31T04:02:00+00:00
[2024-10-30T21:02:14.601-0700] {processor.py:208} INFO - Processing /Users/saiprasadreddykolan/Documents/E-commerce_project/venv/lib/python3.10/site-packages/airflow/example_dags/example_sla_dag.py took 0.119 seconds
[2024-10-30T21:04:21.402-0700] {processor.py:186} INFO - Started process (PID=9932) to work on /Users/saiprasadreddykolan/Documents/E-commerce_project/venv/lib/python3.10/site-packages/airflow/example_dags/example_sla_dag.py
[2024-10-30T21:04:21.405-0700] {processor.py:914} INFO - Processing file /Users/saiprasadreddykolan/Documents/E-commerce_project/venv/lib/python3.10/site-packages/airflow/example_dags/example_sla_dag.py for tasks to queue
[2024-10-30T21:04:21.405-0700] {logging_mixin.py:190} INFO - [2024-10-30T21:04:21.405-0700] {dagbag.py:588} INFO - Filling up the DagBag from /Users/saiprasadreddykolan/Documents/E-commerce_project/venv/lib/python3.10/site-packages/airflow/example_dags/example_sla_dag.py
[2024-10-30T21:04:21.421-0700] {processor.py:925} INFO - DAG(s) 'example_sla_dag' retrieved from /Users/saiprasadreddykolan/Documents/E-commerce_project/venv/lib/python3.10/site-packages/airflow/example_dags/example_sla_dag.py
[2024-10-30T21:04:21.455-0700] {logging_mixin.py:190} INFO - [2024-10-30T21:04:21.455-0700] {dag.py:3239} INFO - Sync 1 DAGs
[2024-10-30T21:04:21.462-0700] {logging_mixin.py:190} INFO - [2024-10-30T21:04:21.462-0700] {dag.py:4180} INFO - Setting next_dagrun for example_sla_dag to 2024-10-31T04:02:00+00:00, run_after=2024-10-31T04:04:00+00:00
[2024-10-30T21:04:21.468-0700] {processor.py:208} INFO - Processing /Users/saiprasadreddykolan/Documents/E-commerce_project/venv/lib/python3.10/site-packages/airflow/example_dags/example_sla_dag.py took 0.067 seconds
[2024-10-30T21:05:28.255-0700] {processor.py:186} INFO - Started process (PID=10016) to work on /Users/saiprasadreddykolan/Documents/E-commerce_project/venv/lib/python3.10/site-packages/airflow/example_dags/example_sla_dag.py
[2024-10-30T21:05:28.257-0700] {processor.py:914} INFO - Processing file /Users/saiprasadreddykolan/Documents/E-commerce_project/venv/lib/python3.10/site-packages/airflow/example_dags/example_sla_dag.py for tasks to queue
[2024-10-30T21:05:28.258-0700] {logging_mixin.py:190} INFO - [2024-10-30T21:05:28.258-0700] {dagbag.py:588} INFO - Filling up the DagBag from /Users/saiprasadreddykolan/Documents/E-commerce_project/venv/lib/python3.10/site-packages/airflow/example_dags/example_sla_dag.py
[2024-10-30T21:05:28.272-0700] {processor.py:925} INFO - DAG(s) 'example_sla_dag' retrieved from /Users/saiprasadreddykolan/Documents/E-commerce_project/venv/lib/python3.10/site-packages/airflow/example_dags/example_sla_dag.py
[2024-10-30T21:05:28.310-0700] {logging_mixin.py:190} INFO - [2024-10-30T21:05:28.310-0700] {dag.py:3239} INFO - Sync 1 DAGs
[2024-10-30T21:05:28.318-0700] {logging_mixin.py:190} INFO - [2024-10-30T21:05:28.318-0700] {dag.py:4180} INFO - Setting next_dagrun for example_sla_dag to 2024-10-31T04:02:00+00:00, run_after=2024-10-31T04:04:00+00:00
[2024-10-30T21:05:28.324-0700] {processor.py:208} INFO - Processing /Users/saiprasadreddykolan/Documents/E-commerce_project/venv/lib/python3.10/site-packages/airflow/example_dags/example_sla_dag.py took 0.070 seconds
[2024-10-30T21:06:35.557-0700] {processor.py:186} INFO - Started process (PID=10107) to work on /Users/saiprasadreddykolan/Documents/E-commerce_project/venv/lib/python3.10/site-packages/airflow/example_dags/example_sla_dag.py
[2024-10-30T21:06:35.559-0700] {processor.py:914} INFO - Processing file /Users/saiprasadreddykolan/Documents/E-commerce_project/venv/lib/python3.10/site-packages/airflow/example_dags/example_sla_dag.py for tasks to queue
[2024-10-30T21:06:35.559-0700] {logging_mixin.py:190} INFO - [2024-10-30T21:06:35.559-0700] {dagbag.py:588} INFO - Filling up the DagBag from /Users/saiprasadreddykolan/Documents/E-commerce_project/venv/lib/python3.10/site-packages/airflow/example_dags/example_sla_dag.py
[2024-10-30T21:06:35.572-0700] {processor.py:925} INFO - DAG(s) 'example_sla_dag' retrieved from /Users/saiprasadreddykolan/Documents/E-commerce_project/venv/lib/python3.10/site-packages/airflow/example_dags/example_sla_dag.py
[2024-10-30T21:06:35.605-0700] {logging_mixin.py:190} INFO - [2024-10-30T21:06:35.605-0700] {dag.py:3239} INFO - Sync 1 DAGs
[2024-10-30T21:06:35.612-0700] {logging_mixin.py:190} INFO - [2024-10-30T21:06:35.612-0700] {dag.py:4180} INFO - Setting next_dagrun for example_sla_dag to 2024-10-31T04:04:00+00:00, run_after=2024-10-31T04:06:00+00:00
[2024-10-30T21:06:35.618-0700] {processor.py:208} INFO - Processing /Users/saiprasadreddykolan/Documents/E-commerce_project/venv/lib/python3.10/site-packages/airflow/example_dags/example_sla_dag.py took 0.062 seconds
[2024-10-30T21:07:43.763-0700] {processor.py:186} INFO - Started process (PID=10189) to work on /Users/saiprasadreddykolan/Documents/E-commerce_project/venv/lib/python3.10/site-packages/airflow/example_dags/example_sla_dag.py
[2024-10-30T21:07:43.766-0700] {processor.py:914} INFO - Processing file /Users/saiprasadreddykolan/Documents/E-commerce_project/venv/lib/python3.10/site-packages/airflow/example_dags/example_sla_dag.py for tasks to queue
[2024-10-30T21:07:43.766-0700] {logging_mixin.py:190} INFO - [2024-10-30T21:07:43.766-0700] {dagbag.py:588} INFO - Filling up the DagBag from /Users/saiprasadreddykolan/Documents/E-commerce_project/venv/lib/python3.10/site-packages/airflow/example_dags/example_sla_dag.py
[2024-10-30T21:07:43.779-0700] {processor.py:925} INFO - DAG(s) 'example_sla_dag' retrieved from /Users/saiprasadreddykolan/Documents/E-commerce_project/venv/lib/python3.10/site-packages/airflow/example_dags/example_sla_dag.py
[2024-10-30T21:07:43.814-0700] {logging_mixin.py:190} INFO - [2024-10-30T21:07:43.814-0700] {dag.py:3239} INFO - Sync 1 DAGs
[2024-10-30T21:07:43.821-0700] {logging_mixin.py:190} INFO - [2024-10-30T21:07:43.821-0700] {dag.py:4180} INFO - Setting next_dagrun for example_sla_dag to 2024-10-31T04:04:00+00:00, run_after=2024-10-31T04:06:00+00:00
[2024-10-30T21:07:43.827-0700] {processor.py:208} INFO - Processing /Users/saiprasadreddykolan/Documents/E-commerce_project/venv/lib/python3.10/site-packages/airflow/example_dags/example_sla_dag.py took 0.065 seconds
[2024-10-30T21:08:51.415-0700] {processor.py:186} INFO - Started process (PID=10296) to work on /Users/saiprasadreddykolan/Documents/E-commerce_project/venv/lib/python3.10/site-packages/airflow/example_dags/example_sla_dag.py
[2024-10-30T21:08:51.417-0700] {processor.py:914} INFO - Processing file /Users/saiprasadreddykolan/Documents/E-commerce_project/venv/lib/python3.10/site-packages/airflow/example_dags/example_sla_dag.py for tasks to queue
[2024-10-30T21:08:51.417-0700] {logging_mixin.py:190} INFO - [2024-10-30T21:08:51.417-0700] {dagbag.py:588} INFO - Filling up the DagBag from /Users/saiprasadreddykolan/Documents/E-commerce_project/venv/lib/python3.10/site-packages/airflow/example_dags/example_sla_dag.py
[2024-10-30T21:08:51.431-0700] {processor.py:925} INFO - DAG(s) 'example_sla_dag' retrieved from /Users/saiprasadreddykolan/Documents/E-commerce_project/venv/lib/python3.10/site-packages/airflow/example_dags/example_sla_dag.py
[2024-10-30T21:08:51.468-0700] {logging_mixin.py:190} INFO - [2024-10-30T21:08:51.468-0700] {dag.py:3239} INFO - Sync 1 DAGs
[2024-10-30T21:08:51.475-0700] {logging_mixin.py:190} INFO - [2024-10-30T21:08:51.475-0700] {dag.py:4180} INFO - Setting next_dagrun for example_sla_dag to 2024-10-31T04:06:00+00:00, run_after=2024-10-31T04:08:00+00:00
[2024-10-30T21:08:51.482-0700] {processor.py:208} INFO - Processing /Users/saiprasadreddykolan/Documents/E-commerce_project/venv/lib/python3.10/site-packages/airflow/example_dags/example_sla_dag.py took 0.068 seconds
[2024-10-30T21:10:00.026-0700] {processor.py:186} INFO - Started process (PID=10379) to work on /Users/saiprasadreddykolan/Documents/E-commerce_project/venv/lib/python3.10/site-packages/airflow/example_dags/example_sla_dag.py
[2024-10-30T21:10:00.030-0700] {processor.py:914} INFO - Processing file /Users/saiprasadreddykolan/Documents/E-commerce_project/venv/lib/python3.10/site-packages/airflow/example_dags/example_sla_dag.py for tasks to queue
[2024-10-30T21:10:00.031-0700] {logging_mixin.py:190} INFO - [2024-10-30T21:10:00.031-0700] {dagbag.py:588} INFO - Filling up the DagBag from /Users/saiprasadreddykolan/Documents/E-commerce_project/venv/lib/python3.10/site-packages/airflow/example_dags/example_sla_dag.py
[2024-10-30T21:10:00.052-0700] {processor.py:925} INFO - DAG(s) 'example_sla_dag' retrieved from /Users/saiprasadreddykolan/Documents/E-commerce_project/venv/lib/python3.10/site-packages/airflow/example_dags/example_sla_dag.py
[2024-10-30T21:10:00.088-0700] {logging_mixin.py:190} INFO - [2024-10-30T21:10:00.088-0700] {dag.py:3239} INFO - Sync 1 DAGs
[2024-10-30T21:10:00.096-0700] {logging_mixin.py:190} INFO - [2024-10-30T21:10:00.095-0700] {dag.py:4180} INFO - Setting next_dagrun for example_sla_dag to 2024-10-31T04:08:00+00:00, run_after=2024-10-31T04:10:00+00:00
[2024-10-30T21:10:00.104-0700] {processor.py:208} INFO - Processing /Users/saiprasadreddykolan/Documents/E-commerce_project/venv/lib/python3.10/site-packages/airflow/example_dags/example_sla_dag.py took 0.079 seconds
[2024-10-30T21:11:06.265-0700] {processor.py:186} INFO - Started process (PID=10473) to work on /Users/saiprasadreddykolan/Documents/E-commerce_project/venv/lib/python3.10/site-packages/airflow/example_dags/example_sla_dag.py
[2024-10-30T21:11:06.267-0700] {processor.py:914} INFO - Processing file /Users/saiprasadreddykolan/Documents/E-commerce_project/venv/lib/python3.10/site-packages/airflow/example_dags/example_sla_dag.py for tasks to queue
[2024-10-30T21:11:06.267-0700] {logging_mixin.py:190} INFO - [2024-10-30T21:11:06.267-0700] {dagbag.py:588} INFO - Filling up the DagBag from /Users/saiprasadreddykolan/Documents/E-commerce_project/venv/lib/python3.10/site-packages/airflow/example_dags/example_sla_dag.py
[2024-10-30T21:11:06.282-0700] {processor.py:925} INFO - DAG(s) 'example_sla_dag' retrieved from /Users/saiprasadreddykolan/Documents/E-commerce_project/venv/lib/python3.10/site-packages/airflow/example_dags/example_sla_dag.py
[2024-10-30T21:11:06.320-0700] {logging_mixin.py:190} INFO - [2024-10-30T21:11:06.320-0700] {dag.py:3239} INFO - Sync 1 DAGs
[2024-10-30T21:11:06.329-0700] {logging_mixin.py:190} INFO - [2024-10-30T21:11:06.329-0700] {dag.py:4180} INFO - Setting next_dagrun for example_sla_dag to 2024-10-31T04:08:00+00:00, run_after=2024-10-31T04:10:00+00:00
[2024-10-30T21:11:06.335-0700] {processor.py:208} INFO - Processing /Users/saiprasadreddykolan/Documents/E-commerce_project/venv/lib/python3.10/site-packages/airflow/example_dags/example_sla_dag.py took 0.072 seconds
[2024-10-30T21:12:11.663-0700] {processor.py:186} INFO - Started process (PID=10638) to work on /Users/saiprasadreddykolan/Documents/E-commerce_project/venv/lib/python3.10/site-packages/airflow/example_dags/example_sla_dag.py
[2024-10-30T21:12:11.665-0700] {processor.py:914} INFO - Processing file /Users/saiprasadreddykolan/Documents/E-commerce_project/venv/lib/python3.10/site-packages/airflow/example_dags/example_sla_dag.py for tasks to queue
[2024-10-30T21:12:11.666-0700] {logging_mixin.py:190} INFO - [2024-10-30T21:12:11.666-0700] {dagbag.py:588} INFO - Filling up the DagBag from /Users/saiprasadreddykolan/Documents/E-commerce_project/venv/lib/python3.10/site-packages/airflow/example_dags/example_sla_dag.py
[2024-10-30T21:12:11.679-0700] {processor.py:925} INFO - DAG(s) 'example_sla_dag' retrieved from /Users/saiprasadreddykolan/Documents/E-commerce_project/venv/lib/python3.10/site-packages/airflow/example_dags/example_sla_dag.py
[2024-10-30T21:12:11.712-0700] {logging_mixin.py:190} INFO - [2024-10-30T21:12:11.712-0700] {dag.py:3239} INFO - Sync 1 DAGs
[2024-10-30T21:12:11.719-0700] {logging_mixin.py:190} INFO - [2024-10-30T21:12:11.719-0700] {dag.py:4180} INFO - Setting next_dagrun for example_sla_dag to 2024-10-31T04:10:00+00:00, run_after=2024-10-31T04:12:00+00:00
[2024-10-30T21:12:11.726-0700] {processor.py:208} INFO - Processing /Users/saiprasadreddykolan/Documents/E-commerce_project/venv/lib/python3.10/site-packages/airflow/example_dags/example_sla_dag.py took 0.063 seconds
[2024-10-30T21:13:15.913-0700] {processor.py:186} INFO - Started process (PID=10727) to work on /Users/saiprasadreddykolan/Documents/E-commerce_project/venv/lib/python3.10/site-packages/airflow/example_dags/example_sla_dag.py
[2024-10-30T21:13:15.916-0700] {processor.py:914} INFO - Processing file /Users/saiprasadreddykolan/Documents/E-commerce_project/venv/lib/python3.10/site-packages/airflow/example_dags/example_sla_dag.py for tasks to queue
[2024-10-30T21:13:15.916-0700] {logging_mixin.py:190} INFO - [2024-10-30T21:13:15.916-0700] {dagbag.py:588} INFO - Filling up the DagBag from /Users/saiprasadreddykolan/Documents/E-commerce_project/venv/lib/python3.10/site-packages/airflow/example_dags/example_sla_dag.py
[2024-10-30T21:13:15.931-0700] {processor.py:925} INFO - DAG(s) 'example_sla_dag' retrieved from /Users/saiprasadreddykolan/Documents/E-commerce_project/venv/lib/python3.10/site-packages/airflow/example_dags/example_sla_dag.py
[2024-10-30T21:13:15.967-0700] {logging_mixin.py:190} INFO - [2024-10-30T21:13:15.967-0700] {dag.py:3239} INFO - Sync 1 DAGs
[2024-10-30T21:13:15.975-0700] {logging_mixin.py:190} INFO - [2024-10-30T21:13:15.975-0700] {dag.py:4180} INFO - Setting next_dagrun for example_sla_dag to 2024-10-31T04:10:00+00:00, run_after=2024-10-31T04:12:00+00:00
[2024-10-30T21:13:15.981-0700] {processor.py:208} INFO - Processing /Users/saiprasadreddykolan/Documents/E-commerce_project/venv/lib/python3.10/site-packages/airflow/example_dags/example_sla_dag.py took 0.069 seconds
[2024-10-30T21:15:27.040-0700] {processor.py:186} INFO - Started process (PID=23379) to work on /Users/saiprasadreddykolan/Documents/E-commerce_project/venv/lib/python3.10/site-packages/airflow/example_dags/example_sla_dag.py
[2024-10-30T21:15:27.043-0700] {processor.py:914} INFO - Processing file /Users/saiprasadreddykolan/Documents/E-commerce_project/venv/lib/python3.10/site-packages/airflow/example_dags/example_sla_dag.py for tasks to queue
[2024-10-30T21:15:27.043-0700] {logging_mixin.py:190} INFO - [2024-10-30T21:15:27.043-0700] {dagbag.py:588} INFO - Filling up the DagBag from /Users/saiprasadreddykolan/Documents/E-commerce_project/venv/lib/python3.10/site-packages/airflow/example_dags/example_sla_dag.py
[2024-10-30T21:15:27.057-0700] {processor.py:925} INFO - DAG(s) 'example_sla_dag' retrieved from /Users/saiprasadreddykolan/Documents/E-commerce_project/venv/lib/python3.10/site-packages/airflow/example_dags/example_sla_dag.py
[2024-10-30T21:15:27.090-0700] {logging_mixin.py:190} INFO - [2024-10-30T21:15:27.090-0700] {dag.py:3239} INFO - Sync 1 DAGs
[2024-10-30T21:15:27.097-0700] {logging_mixin.py:190} INFO - [2024-10-30T21:15:27.097-0700] {dag.py:4180} INFO - Setting next_dagrun for example_sla_dag to 2024-10-31T04:12:00+00:00, run_after=2024-10-31T04:14:00+00:00
[2024-10-30T21:15:27.102-0700] {processor.py:208} INFO - Processing /Users/saiprasadreddykolan/Documents/E-commerce_project/venv/lib/python3.10/site-packages/airflow/example_dags/example_sla_dag.py took 0.063 seconds
[2024-10-30T21:16:39.796-0700] {processor.py:186} INFO - Started process (PID=29930) to work on /Users/saiprasadreddykolan/Documents/E-commerce_project/venv/lib/python3.10/site-packages/airflow/example_dags/example_sla_dag.py
[2024-10-30T21:16:39.798-0700] {processor.py:914} INFO - Processing file /Users/saiprasadreddykolan/Documents/E-commerce_project/venv/lib/python3.10/site-packages/airflow/example_dags/example_sla_dag.py for tasks to queue
[2024-10-30T21:16:39.799-0700] {logging_mixin.py:190} INFO - [2024-10-30T21:16:39.799-0700] {dagbag.py:588} INFO - Filling up the DagBag from /Users/saiprasadreddykolan/Documents/E-commerce_project/venv/lib/python3.10/site-packages/airflow/example_dags/example_sla_dag.py
[2024-10-30T21:16:39.814-0700] {processor.py:925} INFO - DAG(s) 'example_sla_dag' retrieved from /Users/saiprasadreddykolan/Documents/E-commerce_project/venv/lib/python3.10/site-packages/airflow/example_dags/example_sla_dag.py
[2024-10-30T21:16:39.851-0700] {logging_mixin.py:190} INFO - [2024-10-30T21:16:39.851-0700] {dag.py:3239} INFO - Sync 1 DAGs
[2024-10-30T21:16:39.858-0700] {logging_mixin.py:190} INFO - [2024-10-30T21:16:39.858-0700] {dag.py:4180} INFO - Setting next_dagrun for example_sla_dag to 2024-10-31T04:14:00+00:00, run_after=2024-10-31T04:16:00+00:00
[2024-10-30T21:16:39.864-0700] {processor.py:208} INFO - Processing /Users/saiprasadreddykolan/Documents/E-commerce_project/venv/lib/python3.10/site-packages/airflow/example_dags/example_sla_dag.py took 0.069 seconds
[2024-10-30T21:17:46.884-0700] {processor.py:186} INFO - Started process (PID=33230) to work on /Users/saiprasadreddykolan/Documents/E-commerce_project/venv/lib/python3.10/site-packages/airflow/example_dags/example_sla_dag.py
[2024-10-30T21:17:46.885-0700] {processor.py:914} INFO - Processing file /Users/saiprasadreddykolan/Documents/E-commerce_project/venv/lib/python3.10/site-packages/airflow/example_dags/example_sla_dag.py for tasks to queue
[2024-10-30T21:17:46.886-0700] {logging_mixin.py:190} INFO - [2024-10-30T21:17:46.886-0700] {dagbag.py:588} INFO - Filling up the DagBag from /Users/saiprasadreddykolan/Documents/E-commerce_project/venv/lib/python3.10/site-packages/airflow/example_dags/example_sla_dag.py
[2024-10-30T21:17:46.900-0700] {processor.py:925} INFO - DAG(s) 'example_sla_dag' retrieved from /Users/saiprasadreddykolan/Documents/E-commerce_project/venv/lib/python3.10/site-packages/airflow/example_dags/example_sla_dag.py
[2024-10-30T21:17:46.937-0700] {logging_mixin.py:190} INFO - [2024-10-30T21:17:46.937-0700] {dag.py:3239} INFO - Sync 1 DAGs
[2024-10-30T21:17:46.945-0700] {logging_mixin.py:190} INFO - [2024-10-30T21:17:46.945-0700] {dag.py:4180} INFO - Setting next_dagrun for example_sla_dag to 2024-10-31T04:14:00+00:00, run_after=2024-10-31T04:16:00+00:00
[2024-10-30T21:17:46.953-0700] {processor.py:208} INFO - Processing /Users/saiprasadreddykolan/Documents/E-commerce_project/venv/lib/python3.10/site-packages/airflow/example_dags/example_sla_dag.py took 0.070 seconds
[2024-10-30T21:18:58.054-0700] {processor.py:186} INFO - Started process (PID=33316) to work on /Users/saiprasadreddykolan/Documents/E-commerce_project/venv/lib/python3.10/site-packages/airflow/example_dags/example_sla_dag.py
[2024-10-30T21:18:58.056-0700] {processor.py:914} INFO - Processing file /Users/saiprasadreddykolan/Documents/E-commerce_project/venv/lib/python3.10/site-packages/airflow/example_dags/example_sla_dag.py for tasks to queue
[2024-10-30T21:18:58.056-0700] {logging_mixin.py:190} INFO - [2024-10-30T21:18:58.056-0700] {dagbag.py:588} INFO - Filling up the DagBag from /Users/saiprasadreddykolan/Documents/E-commerce_project/venv/lib/python3.10/site-packages/airflow/example_dags/example_sla_dag.py
[2024-10-30T21:18:58.071-0700] {processor.py:925} INFO - DAG(s) 'example_sla_dag' retrieved from /Users/saiprasadreddykolan/Documents/E-commerce_project/venv/lib/python3.10/site-packages/airflow/example_dags/example_sla_dag.py
[2024-10-30T21:18:58.107-0700] {logging_mixin.py:190} INFO - [2024-10-30T21:18:58.107-0700] {dag.py:3239} INFO - Sync 1 DAGs
[2024-10-30T21:18:58.114-0700] {logging_mixin.py:190} INFO - [2024-10-30T21:18:58.114-0700] {dag.py:4180} INFO - Setting next_dagrun for example_sla_dag to 2024-10-31T04:16:00+00:00, run_after=2024-10-31T04:18:00+00:00
[2024-10-30T21:18:58.120-0700] {processor.py:208} INFO - Processing /Users/saiprasadreddykolan/Documents/E-commerce_project/venv/lib/python3.10/site-packages/airflow/example_dags/example_sla_dag.py took 0.067 seconds
[2024-10-30T21:21:04.089-0700] {processor.py:186} INFO - Started process (PID=33528) to work on /Users/saiprasadreddykolan/Documents/E-commerce_project/venv/lib/python3.10/site-packages/airflow/example_dags/example_sla_dag.py
[2024-10-30T21:21:04.092-0700] {processor.py:914} INFO - Processing file /Users/saiprasadreddykolan/Documents/E-commerce_project/venv/lib/python3.10/site-packages/airflow/example_dags/example_sla_dag.py for tasks to queue
[2024-10-30T21:21:04.092-0700] {logging_mixin.py:190} INFO - [2024-10-30T21:21:04.092-0700] {dagbag.py:588} INFO - Filling up the DagBag from /Users/saiprasadreddykolan/Documents/E-commerce_project/venv/lib/python3.10/site-packages/airflow/example_dags/example_sla_dag.py
[2024-10-30T21:21:04.105-0700] {processor.py:925} INFO - DAG(s) 'example_sla_dag' retrieved from /Users/saiprasadreddykolan/Documents/E-commerce_project/venv/lib/python3.10/site-packages/airflow/example_dags/example_sla_dag.py
[2024-10-30T21:21:04.138-0700] {logging_mixin.py:190} INFO - [2024-10-30T21:21:04.138-0700] {dag.py:3239} INFO - Sync 1 DAGs
[2024-10-30T21:21:04.145-0700] {logging_mixin.py:190} INFO - [2024-10-30T21:21:04.145-0700] {dag.py:4180} INFO - Setting next_dagrun for example_sla_dag to 2024-10-31T04:18:00+00:00, run_after=2024-10-31T04:20:00+00:00
[2024-10-30T21:21:04.151-0700] {processor.py:208} INFO - Processing /Users/saiprasadreddykolan/Documents/E-commerce_project/venv/lib/python3.10/site-packages/airflow/example_dags/example_sla_dag.py took 0.063 seconds
[2024-10-30T21:22:10.642-0700] {processor.py:186} INFO - Started process (PID=33623) to work on /Users/saiprasadreddykolan/Documents/E-commerce_project/venv/lib/python3.10/site-packages/airflow/example_dags/example_sla_dag.py
[2024-10-30T21:22:10.645-0700] {processor.py:914} INFO - Processing file /Users/saiprasadreddykolan/Documents/E-commerce_project/venv/lib/python3.10/site-packages/airflow/example_dags/example_sla_dag.py for tasks to queue
[2024-10-30T21:22:10.645-0700] {logging_mixin.py:190} INFO - [2024-10-30T21:22:10.645-0700] {dagbag.py:588} INFO - Filling up the DagBag from /Users/saiprasadreddykolan/Documents/E-commerce_project/venv/lib/python3.10/site-packages/airflow/example_dags/example_sla_dag.py
[2024-10-30T21:22:10.658-0700] {processor.py:925} INFO - DAG(s) 'example_sla_dag' retrieved from /Users/saiprasadreddykolan/Documents/E-commerce_project/venv/lib/python3.10/site-packages/airflow/example_dags/example_sla_dag.py
[2024-10-30T21:22:10.691-0700] {logging_mixin.py:190} INFO - [2024-10-30T21:22:10.691-0700] {dag.py:3239} INFO - Sync 1 DAGs
[2024-10-30T21:22:10.698-0700] {logging_mixin.py:190} INFO - [2024-10-30T21:22:10.698-0700] {dag.py:4180} INFO - Setting next_dagrun for example_sla_dag to 2024-10-31T04:20:00+00:00, run_after=2024-10-31T04:22:00+00:00
[2024-10-30T21:22:10.704-0700] {processor.py:208} INFO - Processing /Users/saiprasadreddykolan/Documents/E-commerce_project/venv/lib/python3.10/site-packages/airflow/example_dags/example_sla_dag.py took 0.063 seconds
[2024-10-30T21:23:17.505-0700] {processor.py:186} INFO - Started process (PID=33755) to work on /Users/saiprasadreddykolan/Documents/E-commerce_project/venv/lib/python3.10/site-packages/airflow/example_dags/example_sla_dag.py
[2024-10-30T21:23:17.507-0700] {processor.py:914} INFO - Processing file /Users/saiprasadreddykolan/Documents/E-commerce_project/venv/lib/python3.10/site-packages/airflow/example_dags/example_sla_dag.py for tasks to queue
[2024-10-30T21:23:17.508-0700] {logging_mixin.py:190} INFO - [2024-10-30T21:23:17.508-0700] {dagbag.py:588} INFO - Filling up the DagBag from /Users/saiprasadreddykolan/Documents/E-commerce_project/venv/lib/python3.10/site-packages/airflow/example_dags/example_sla_dag.py
[2024-10-30T21:23:17.521-0700] {processor.py:925} INFO - DAG(s) 'example_sla_dag' retrieved from /Users/saiprasadreddykolan/Documents/E-commerce_project/venv/lib/python3.10/site-packages/airflow/example_dags/example_sla_dag.py
[2024-10-30T21:23:17.555-0700] {logging_mixin.py:190} INFO - [2024-10-30T21:23:17.555-0700] {dag.py:3239} INFO - Sync 1 DAGs
[2024-10-30T21:23:17.562-0700] {logging_mixin.py:190} INFO - [2024-10-30T21:23:17.562-0700] {dag.py:4180} INFO - Setting next_dagrun for example_sla_dag to 2024-10-31T04:20:00+00:00, run_after=2024-10-31T04:22:00+00:00
[2024-10-30T21:23:17.567-0700] {processor.py:208} INFO - Processing /Users/saiprasadreddykolan/Documents/E-commerce_project/venv/lib/python3.10/site-packages/airflow/example_dags/example_sla_dag.py took 0.064 seconds
[2024-10-30T21:24:24.972-0700] {processor.py:186} INFO - Started process (PID=34390) to work on /Users/saiprasadreddykolan/Documents/E-commerce_project/venv/lib/python3.10/site-packages/airflow/example_dags/example_sla_dag.py
[2024-10-30T21:24:24.973-0700] {processor.py:914} INFO - Processing file /Users/saiprasadreddykolan/Documents/E-commerce_project/venv/lib/python3.10/site-packages/airflow/example_dags/example_sla_dag.py for tasks to queue
[2024-10-30T21:24:24.974-0700] {logging_mixin.py:190} INFO - [2024-10-30T21:24:24.974-0700] {dagbag.py:588} INFO - Filling up the DagBag from /Users/saiprasadreddykolan/Documents/E-commerce_project/venv/lib/python3.10/site-packages/airflow/example_dags/example_sla_dag.py
[2024-10-30T21:24:24.987-0700] {processor.py:925} INFO - DAG(s) 'example_sla_dag' retrieved from /Users/saiprasadreddykolan/Documents/E-commerce_project/venv/lib/python3.10/site-packages/airflow/example_dags/example_sla_dag.py
[2024-10-30T21:24:25.022-0700] {logging_mixin.py:190} INFO - [2024-10-30T21:24:25.022-0700] {dag.py:3239} INFO - Sync 1 DAGs
[2024-10-30T21:24:25.030-0700] {logging_mixin.py:190} INFO - [2024-10-30T21:24:25.030-0700] {dag.py:4180} INFO - Setting next_dagrun for example_sla_dag to 2024-10-31T04:22:00+00:00, run_after=2024-10-31T04:24:00+00:00
[2024-10-30T21:24:25.036-0700] {processor.py:208} INFO - Processing /Users/saiprasadreddykolan/Documents/E-commerce_project/venv/lib/python3.10/site-packages/airflow/example_dags/example_sla_dag.py took 0.066 seconds
[2024-10-30T21:25:32.040-0700] {processor.py:186} INFO - Started process (PID=36116) to work on /Users/saiprasadreddykolan/Documents/E-commerce_project/venv/lib/python3.10/site-packages/airflow/example_dags/example_sla_dag.py
[2024-10-30T21:25:32.042-0700] {processor.py:914} INFO - Processing file /Users/saiprasadreddykolan/Documents/E-commerce_project/venv/lib/python3.10/site-packages/airflow/example_dags/example_sla_dag.py for tasks to queue
[2024-10-30T21:25:32.043-0700] {logging_mixin.py:190} INFO - [2024-10-30T21:25:32.043-0700] {dagbag.py:588} INFO - Filling up the DagBag from /Users/saiprasadreddykolan/Documents/E-commerce_project/venv/lib/python3.10/site-packages/airflow/example_dags/example_sla_dag.py
[2024-10-30T21:25:32.057-0700] {processor.py:925} INFO - DAG(s) 'example_sla_dag' retrieved from /Users/saiprasadreddykolan/Documents/E-commerce_project/venv/lib/python3.10/site-packages/airflow/example_dags/example_sla_dag.py
[2024-10-30T21:25:32.092-0700] {logging_mixin.py:190} INFO - [2024-10-30T21:25:32.092-0700] {dag.py:3239} INFO - Sync 1 DAGs
[2024-10-30T21:25:32.099-0700] {logging_mixin.py:190} INFO - [2024-10-30T21:25:32.099-0700] {dag.py:4180} INFO - Setting next_dagrun for example_sla_dag to 2024-10-31T04:22:00+00:00, run_after=2024-10-31T04:24:00+00:00
[2024-10-30T21:25:32.105-0700] {processor.py:208} INFO - Processing /Users/saiprasadreddykolan/Documents/E-commerce_project/venv/lib/python3.10/site-packages/airflow/example_dags/example_sla_dag.py took 0.066 seconds
[2024-10-30T21:26:39.611-0700] {processor.py:186} INFO - Started process (PID=36204) to work on /Users/saiprasadreddykolan/Documents/E-commerce_project/venv/lib/python3.10/site-packages/airflow/example_dags/example_sla_dag.py
[2024-10-30T21:26:39.614-0700] {processor.py:914} INFO - Processing file /Users/saiprasadreddykolan/Documents/E-commerce_project/venv/lib/python3.10/site-packages/airflow/example_dags/example_sla_dag.py for tasks to queue
[2024-10-30T21:26:39.614-0700] {logging_mixin.py:190} INFO - [2024-10-30T21:26:39.614-0700] {dagbag.py:588} INFO - Filling up the DagBag from /Users/saiprasadreddykolan/Documents/E-commerce_project/venv/lib/python3.10/site-packages/airflow/example_dags/example_sla_dag.py
[2024-10-30T21:26:39.627-0700] {processor.py:925} INFO - DAG(s) 'example_sla_dag' retrieved from /Users/saiprasadreddykolan/Documents/E-commerce_project/venv/lib/python3.10/site-packages/airflow/example_dags/example_sla_dag.py
[2024-10-30T21:26:39.660-0700] {logging_mixin.py:190} INFO - [2024-10-30T21:26:39.660-0700] {dag.py:3239} INFO - Sync 1 DAGs
[2024-10-30T21:26:39.667-0700] {logging_mixin.py:190} INFO - [2024-10-30T21:26:39.667-0700] {dag.py:4180} INFO - Setting next_dagrun for example_sla_dag to 2024-10-31T04:24:00+00:00, run_after=2024-10-31T04:26:00+00:00
[2024-10-30T21:26:39.672-0700] {processor.py:208} INFO - Processing /Users/saiprasadreddykolan/Documents/E-commerce_project/venv/lib/python3.10/site-packages/airflow/example_dags/example_sla_dag.py took 0.062 seconds
[2024-10-30T21:27:46.867-0700] {processor.py:186} INFO - Started process (PID=36295) to work on /Users/saiprasadreddykolan/Documents/E-commerce_project/venv/lib/python3.10/site-packages/airflow/example_dags/example_sla_dag.py
[2024-10-30T21:27:46.869-0700] {processor.py:914} INFO - Processing file /Users/saiprasadreddykolan/Documents/E-commerce_project/venv/lib/python3.10/site-packages/airflow/example_dags/example_sla_dag.py for tasks to queue
[2024-10-30T21:27:46.869-0700] {logging_mixin.py:190} INFO - [2024-10-30T21:27:46.869-0700] {dagbag.py:588} INFO - Filling up the DagBag from /Users/saiprasadreddykolan/Documents/E-commerce_project/venv/lib/python3.10/site-packages/airflow/example_dags/example_sla_dag.py
[2024-10-30T21:27:46.883-0700] {processor.py:925} INFO - DAG(s) 'example_sla_dag' retrieved from /Users/saiprasadreddykolan/Documents/E-commerce_project/venv/lib/python3.10/site-packages/airflow/example_dags/example_sla_dag.py
[2024-10-30T21:27:46.917-0700] {logging_mixin.py:190} INFO - [2024-10-30T21:27:46.917-0700] {dag.py:3239} INFO - Sync 1 DAGs
[2024-10-30T21:27:46.924-0700] {logging_mixin.py:190} INFO - [2024-10-30T21:27:46.924-0700] {dag.py:4180} INFO - Setting next_dagrun for example_sla_dag to 2024-10-31T04:24:00+00:00, run_after=2024-10-31T04:26:00+00:00
[2024-10-30T21:27:46.930-0700] {processor.py:208} INFO - Processing /Users/saiprasadreddykolan/Documents/E-commerce_project/venv/lib/python3.10/site-packages/airflow/example_dags/example_sla_dag.py took 0.064 seconds
[2024-10-30T21:28:52.311-0700] {processor.py:186} INFO - Started process (PID=36442) to work on /Users/saiprasadreddykolan/Documents/E-commerce_project/venv/lib/python3.10/site-packages/airflow/example_dags/example_sla_dag.py
[2024-10-30T21:28:52.314-0700] {processor.py:914} INFO - Processing file /Users/saiprasadreddykolan/Documents/E-commerce_project/venv/lib/python3.10/site-packages/airflow/example_dags/example_sla_dag.py for tasks to queue
[2024-10-30T21:28:52.314-0700] {logging_mixin.py:190} INFO - [2024-10-30T21:28:52.314-0700] {dagbag.py:588} INFO - Filling up the DagBag from /Users/saiprasadreddykolan/Documents/E-commerce_project/venv/lib/python3.10/site-packages/airflow/example_dags/example_sla_dag.py
[2024-10-30T21:28:52.327-0700] {processor.py:925} INFO - DAG(s) 'example_sla_dag' retrieved from /Users/saiprasadreddykolan/Documents/E-commerce_project/venv/lib/python3.10/site-packages/airflow/example_dags/example_sla_dag.py
[2024-10-30T21:28:52.360-0700] {logging_mixin.py:190} INFO - [2024-10-30T21:28:52.360-0700] {dag.py:3239} INFO - Sync 1 DAGs
[2024-10-30T21:28:52.367-0700] {logging_mixin.py:190} INFO - [2024-10-30T21:28:52.367-0700] {dag.py:4180} INFO - Setting next_dagrun for example_sla_dag to 2024-10-31T04:26:00+00:00, run_after=2024-10-31T04:28:00+00:00
[2024-10-30T21:28:52.373-0700] {processor.py:208} INFO - Processing /Users/saiprasadreddykolan/Documents/E-commerce_project/venv/lib/python3.10/site-packages/airflow/example_dags/example_sla_dag.py took 0.063 seconds
[2024-10-30T21:29:55.825-0700] {processor.py:186} INFO - Started process (PID=36534) to work on /Users/saiprasadreddykolan/Documents/E-commerce_project/venv/lib/python3.10/site-packages/airflow/example_dags/example_sla_dag.py
[2024-10-30T21:29:55.827-0700] {processor.py:914} INFO - Processing file /Users/saiprasadreddykolan/Documents/E-commerce_project/venv/lib/python3.10/site-packages/airflow/example_dags/example_sla_dag.py for tasks to queue
[2024-10-30T21:29:55.828-0700] {logging_mixin.py:190} INFO - [2024-10-30T21:29:55.828-0700] {dagbag.py:588} INFO - Filling up the DagBag from /Users/saiprasadreddykolan/Documents/E-commerce_project/venv/lib/python3.10/site-packages/airflow/example_dags/example_sla_dag.py
[2024-10-30T21:29:55.841-0700] {processor.py:925} INFO - DAG(s) 'example_sla_dag' retrieved from /Users/saiprasadreddykolan/Documents/E-commerce_project/venv/lib/python3.10/site-packages/airflow/example_dags/example_sla_dag.py
[2024-10-30T21:29:55.875-0700] {logging_mixin.py:190} INFO - [2024-10-30T21:29:55.875-0700] {dag.py:3239} INFO - Sync 1 DAGs
[2024-10-30T21:29:55.882-0700] {logging_mixin.py:190} INFO - [2024-10-30T21:29:55.882-0700] {dag.py:4180} INFO - Setting next_dagrun for example_sla_dag to 2024-10-31T04:26:00+00:00, run_after=2024-10-31T04:28:00+00:00
[2024-10-30T21:29:55.888-0700] {processor.py:208} INFO - Processing /Users/saiprasadreddykolan/Documents/E-commerce_project/venv/lib/python3.10/site-packages/airflow/example_dags/example_sla_dag.py took 0.064 seconds
[2024-10-30T21:32:10.237-0700] {processor.py:186} INFO - Started process (PID=36723) to work on /Users/saiprasadreddykolan/Documents/E-commerce_project/venv/lib/python3.10/site-packages/airflow/example_dags/example_sla_dag.py
[2024-10-30T21:32:10.240-0700] {processor.py:914} INFO - Processing file /Users/saiprasadreddykolan/Documents/E-commerce_project/venv/lib/python3.10/site-packages/airflow/example_dags/example_sla_dag.py for tasks to queue
[2024-10-30T21:32:10.241-0700] {logging_mixin.py:190} INFO - [2024-10-30T21:32:10.241-0700] {dagbag.py:588} INFO - Filling up the DagBag from /Users/saiprasadreddykolan/Documents/E-commerce_project/venv/lib/python3.10/site-packages/airflow/example_dags/example_sla_dag.py
[2024-10-30T21:32:10.257-0700] {processor.py:925} INFO - DAG(s) 'example_sla_dag' retrieved from /Users/saiprasadreddykolan/Documents/E-commerce_project/venv/lib/python3.10/site-packages/airflow/example_dags/example_sla_dag.py
[2024-10-30T21:32:10.293-0700] {logging_mixin.py:190} INFO - [2024-10-30T21:32:10.292-0700] {dag.py:3239} INFO - Sync 1 DAGs
[2024-10-30T21:32:10.301-0700] {logging_mixin.py:190} INFO - [2024-10-30T21:32:10.301-0700] {dag.py:4180} INFO - Setting next_dagrun for example_sla_dag to 2024-10-31T04:30:00+00:00, run_after=2024-10-31T04:32:00+00:00
[2024-10-30T21:32:10.307-0700] {processor.py:208} INFO - Processing /Users/saiprasadreddykolan/Documents/E-commerce_project/venv/lib/python3.10/site-packages/airflow/example_dags/example_sla_dag.py took 0.072 seconds
[2024-10-30T21:33:18.975-0700] {processor.py:186} INFO - Started process (PID=36811) to work on /Users/saiprasadreddykolan/Documents/E-commerce_project/venv/lib/python3.10/site-packages/airflow/example_dags/example_sla_dag.py
[2024-10-30T21:33:18.976-0700] {processor.py:914} INFO - Processing file /Users/saiprasadreddykolan/Documents/E-commerce_project/venv/lib/python3.10/site-packages/airflow/example_dags/example_sla_dag.py for tasks to queue
[2024-10-30T21:33:18.977-0700] {logging_mixin.py:190} INFO - [2024-10-30T21:33:18.977-0700] {dagbag.py:588} INFO - Filling up the DagBag from /Users/saiprasadreddykolan/Documents/E-commerce_project/venv/lib/python3.10/site-packages/airflow/example_dags/example_sla_dag.py
[2024-10-30T21:33:18.990-0700] {processor.py:925} INFO - DAG(s) 'example_sla_dag' retrieved from /Users/saiprasadreddykolan/Documents/E-commerce_project/venv/lib/python3.10/site-packages/airflow/example_dags/example_sla_dag.py
[2024-10-30T21:33:19.025-0700] {logging_mixin.py:190} INFO - [2024-10-30T21:33:19.025-0700] {dag.py:3239} INFO - Sync 1 DAGs
[2024-10-30T21:33:19.036-0700] {logging_mixin.py:190} INFO - [2024-10-30T21:33:19.036-0700] {dag.py:4180} INFO - Setting next_dagrun for example_sla_dag to 2024-10-31T04:30:00+00:00, run_after=2024-10-31T04:32:00+00:00
[2024-10-30T21:33:19.043-0700] {processor.py:208} INFO - Processing /Users/saiprasadreddykolan/Documents/E-commerce_project/venv/lib/python3.10/site-packages/airflow/example_dags/example_sla_dag.py took 0.070 seconds
[2024-10-30T21:34:28.989-0700] {processor.py:186} INFO - Started process (PID=36895) to work on /Users/saiprasadreddykolan/Documents/E-commerce_project/venv/lib/python3.10/site-packages/airflow/example_dags/example_sla_dag.py
[2024-10-30T21:34:28.991-0700] {processor.py:914} INFO - Processing file /Users/saiprasadreddykolan/Documents/E-commerce_project/venv/lib/python3.10/site-packages/airflow/example_dags/example_sla_dag.py for tasks to queue
[2024-10-30T21:34:28.991-0700] {logging_mixin.py:190} INFO - [2024-10-30T21:34:28.991-0700] {dagbag.py:588} INFO - Filling up the DagBag from /Users/saiprasadreddykolan/Documents/E-commerce_project/venv/lib/python3.10/site-packages/airflow/example_dags/example_sla_dag.py
[2024-10-30T21:34:29.005-0700] {processor.py:925} INFO - DAG(s) 'example_sla_dag' retrieved from /Users/saiprasadreddykolan/Documents/E-commerce_project/venv/lib/python3.10/site-packages/airflow/example_dags/example_sla_dag.py
[2024-10-30T21:34:29.042-0700] {logging_mixin.py:190} INFO - [2024-10-30T21:34:29.042-0700] {dag.py:3239} INFO - Sync 1 DAGs
[2024-10-30T21:34:29.054-0700] {logging_mixin.py:190} INFO - [2024-10-30T21:34:29.054-0700] {dag.py:4180} INFO - Setting next_dagrun for example_sla_dag to 2024-10-31T04:32:00+00:00, run_after=2024-10-31T04:34:00+00:00
[2024-10-30T21:34:29.063-0700] {processor.py:208} INFO - Processing /Users/saiprasadreddykolan/Documents/E-commerce_project/venv/lib/python3.10/site-packages/airflow/example_dags/example_sla_dag.py took 0.075 seconds
[2024-10-30T21:35:36.579-0700] {processor.py:186} INFO - Started process (PID=36978) to work on /Users/saiprasadreddykolan/Documents/E-commerce_project/venv/lib/python3.10/site-packages/airflow/example_dags/example_sla_dag.py
[2024-10-30T21:35:36.581-0700] {processor.py:914} INFO - Processing file /Users/saiprasadreddykolan/Documents/E-commerce_project/venv/lib/python3.10/site-packages/airflow/example_dags/example_sla_dag.py for tasks to queue
[2024-10-30T21:35:36.581-0700] {logging_mixin.py:190} INFO - [2024-10-30T21:35:36.581-0700] {dagbag.py:588} INFO - Filling up the DagBag from /Users/saiprasadreddykolan/Documents/E-commerce_project/venv/lib/python3.10/site-packages/airflow/example_dags/example_sla_dag.py
[2024-10-30T21:35:36.594-0700] {processor.py:925} INFO - DAG(s) 'example_sla_dag' retrieved from /Users/saiprasadreddykolan/Documents/E-commerce_project/venv/lib/python3.10/site-packages/airflow/example_dags/example_sla_dag.py
[2024-10-30T21:35:36.627-0700] {logging_mixin.py:190} INFO - [2024-10-30T21:35:36.627-0700] {dag.py:3239} INFO - Sync 1 DAGs
[2024-10-30T21:35:36.634-0700] {logging_mixin.py:190} INFO - [2024-10-30T21:35:36.634-0700] {dag.py:4180} INFO - Setting next_dagrun for example_sla_dag to 2024-10-31T04:32:00+00:00, run_after=2024-10-31T04:34:00+00:00
[2024-10-30T21:35:36.639-0700] {processor.py:208} INFO - Processing /Users/saiprasadreddykolan/Documents/E-commerce_project/venv/lib/python3.10/site-packages/airflow/example_dags/example_sla_dag.py took 0.061 seconds
[2024-10-30T21:36:44.503-0700] {processor.py:186} INFO - Started process (PID=37061) to work on /Users/saiprasadreddykolan/Documents/E-commerce_project/venv/lib/python3.10/site-packages/airflow/example_dags/example_sla_dag.py
[2024-10-30T21:36:44.505-0700] {processor.py:914} INFO - Processing file /Users/saiprasadreddykolan/Documents/E-commerce_project/venv/lib/python3.10/site-packages/airflow/example_dags/example_sla_dag.py for tasks to queue
[2024-10-30T21:36:44.505-0700] {logging_mixin.py:190} INFO - [2024-10-30T21:36:44.505-0700] {dagbag.py:588} INFO - Filling up the DagBag from /Users/saiprasadreddykolan/Documents/E-commerce_project/venv/lib/python3.10/site-packages/airflow/example_dags/example_sla_dag.py
[2024-10-30T21:36:44.518-0700] {processor.py:925} INFO - DAG(s) 'example_sla_dag' retrieved from /Users/saiprasadreddykolan/Documents/E-commerce_project/venv/lib/python3.10/site-packages/airflow/example_dags/example_sla_dag.py
[2024-10-30T21:36:44.551-0700] {logging_mixin.py:190} INFO - [2024-10-30T21:36:44.551-0700] {dag.py:3239} INFO - Sync 1 DAGs
[2024-10-30T21:36:44.558-0700] {logging_mixin.py:190} INFO - [2024-10-30T21:36:44.558-0700] {dag.py:4180} INFO - Setting next_dagrun for example_sla_dag to 2024-10-31T04:34:00+00:00, run_after=2024-10-31T04:36:00+00:00
[2024-10-30T21:36:44.565-0700] {processor.py:208} INFO - Processing /Users/saiprasadreddykolan/Documents/E-commerce_project/venv/lib/python3.10/site-packages/airflow/example_dags/example_sla_dag.py took 0.063 seconds
[2024-10-30T21:37:52.577-0700] {processor.py:186} INFO - Started process (PID=37141) to work on /Users/saiprasadreddykolan/Documents/E-commerce_project/venv/lib/python3.10/site-packages/airflow/example_dags/example_sla_dag.py
[2024-10-30T21:37:52.580-0700] {processor.py:914} INFO - Processing file /Users/saiprasadreddykolan/Documents/E-commerce_project/venv/lib/python3.10/site-packages/airflow/example_dags/example_sla_dag.py for tasks to queue
[2024-10-30T21:37:52.580-0700] {logging_mixin.py:190} INFO - [2024-10-30T21:37:52.580-0700] {dagbag.py:588} INFO - Filling up the DagBag from /Users/saiprasadreddykolan/Documents/E-commerce_project/venv/lib/python3.10/site-packages/airflow/example_dags/example_sla_dag.py
[2024-10-30T21:37:52.600-0700] {processor.py:925} INFO - DAG(s) 'example_sla_dag' retrieved from /Users/saiprasadreddykolan/Documents/E-commerce_project/venv/lib/python3.10/site-packages/airflow/example_dags/example_sla_dag.py
[2024-10-30T21:37:52.635-0700] {logging_mixin.py:190} INFO - [2024-10-30T21:37:52.635-0700] {dag.py:3239} INFO - Sync 1 DAGs
[2024-10-30T21:37:52.643-0700] {logging_mixin.py:190} INFO - [2024-10-30T21:37:52.643-0700] {dag.py:4180} INFO - Setting next_dagrun for example_sla_dag to 2024-10-31T04:34:00+00:00, run_after=2024-10-31T04:36:00+00:00
[2024-10-30T21:37:52.648-0700] {processor.py:208} INFO - Processing /Users/saiprasadreddykolan/Documents/E-commerce_project/venv/lib/python3.10/site-packages/airflow/example_dags/example_sla_dag.py took 0.072 seconds
[2024-10-30T21:38:55.793-0700] {processor.py:186} INFO - Started process (PID=37239) to work on /Users/saiprasadreddykolan/Documents/E-commerce_project/venv/lib/python3.10/site-packages/airflow/example_dags/example_sla_dag.py
[2024-10-30T21:38:55.795-0700] {processor.py:914} INFO - Processing file /Users/saiprasadreddykolan/Documents/E-commerce_project/venv/lib/python3.10/site-packages/airflow/example_dags/example_sla_dag.py for tasks to queue
[2024-10-30T21:38:55.795-0700] {logging_mixin.py:190} INFO - [2024-10-30T21:38:55.795-0700] {dagbag.py:588} INFO - Filling up the DagBag from /Users/saiprasadreddykolan/Documents/E-commerce_project/venv/lib/python3.10/site-packages/airflow/example_dags/example_sla_dag.py
[2024-10-30T21:38:55.808-0700] {processor.py:925} INFO - DAG(s) 'example_sla_dag' retrieved from /Users/saiprasadreddykolan/Documents/E-commerce_project/venv/lib/python3.10/site-packages/airflow/example_dags/example_sla_dag.py
[2024-10-30T21:38:55.841-0700] {logging_mixin.py:190} INFO - [2024-10-30T21:38:55.840-0700] {dag.py:3239} INFO - Sync 1 DAGs
[2024-10-30T21:38:55.847-0700] {logging_mixin.py:190} INFO - [2024-10-30T21:38:55.847-0700] {dag.py:4180} INFO - Setting next_dagrun for example_sla_dag to 2024-10-31T04:36:00+00:00, run_after=2024-10-31T04:38:00+00:00
[2024-10-30T21:38:55.853-0700] {processor.py:208} INFO - Processing /Users/saiprasadreddykolan/Documents/E-commerce_project/venv/lib/python3.10/site-packages/airflow/example_dags/example_sla_dag.py took 0.062 seconds
[2024-10-30T21:40:02.209-0700] {processor.py:186} INFO - Started process (PID=37331) to work on /Users/saiprasadreddykolan/Documents/E-commerce_project/venv/lib/python3.10/site-packages/airflow/example_dags/example_sla_dag.py
[2024-10-30T21:40:02.212-0700] {processor.py:914} INFO - Processing file /Users/saiprasadreddykolan/Documents/E-commerce_project/venv/lib/python3.10/site-packages/airflow/example_dags/example_sla_dag.py for tasks to queue
[2024-10-30T21:40:02.212-0700] {logging_mixin.py:190} INFO - [2024-10-30T21:40:02.212-0700] {dagbag.py:588} INFO - Filling up the DagBag from /Users/saiprasadreddykolan/Documents/E-commerce_project/venv/lib/python3.10/site-packages/airflow/example_dags/example_sla_dag.py
[2024-10-30T21:40:02.225-0700] {processor.py:925} INFO - DAG(s) 'example_sla_dag' retrieved from /Users/saiprasadreddykolan/Documents/E-commerce_project/venv/lib/python3.10/site-packages/airflow/example_dags/example_sla_dag.py
[2024-10-30T21:40:02.258-0700] {logging_mixin.py:190} INFO - [2024-10-30T21:40:02.258-0700] {dag.py:3239} INFO - Sync 1 DAGs
[2024-10-30T21:40:02.265-0700] {logging_mixin.py:190} INFO - [2024-10-30T21:40:02.265-0700] {dag.py:4180} INFO - Setting next_dagrun for example_sla_dag to 2024-10-31T04:38:00+00:00, run_after=2024-10-31T04:40:00+00:00
[2024-10-30T21:40:02.271-0700] {processor.py:208} INFO - Processing /Users/saiprasadreddykolan/Documents/E-commerce_project/venv/lib/python3.10/site-packages/airflow/example_dags/example_sla_dag.py took 0.063 seconds
[2024-10-30T21:41:07.922-0700] {processor.py:186} INFO - Started process (PID=37413) to work on /Users/saiprasadreddykolan/Documents/E-commerce_project/venv/lib/python3.10/site-packages/airflow/example_dags/example_sla_dag.py
[2024-10-30T21:41:07.924-0700] {processor.py:914} INFO - Processing file /Users/saiprasadreddykolan/Documents/E-commerce_project/venv/lib/python3.10/site-packages/airflow/example_dags/example_sla_dag.py for tasks to queue
[2024-10-30T21:41:07.925-0700] {logging_mixin.py:190} INFO - [2024-10-30T21:41:07.924-0700] {dagbag.py:588} INFO - Filling up the DagBag from /Users/saiprasadreddykolan/Documents/E-commerce_project/venv/lib/python3.10/site-packages/airflow/example_dags/example_sla_dag.py
[2024-10-30T21:41:07.938-0700] {processor.py:925} INFO - DAG(s) 'example_sla_dag' retrieved from /Users/saiprasadreddykolan/Documents/E-commerce_project/venv/lib/python3.10/site-packages/airflow/example_dags/example_sla_dag.py
[2024-10-30T21:41:07.971-0700] {logging_mixin.py:190} INFO - [2024-10-30T21:41:07.971-0700] {dag.py:3239} INFO - Sync 1 DAGs
[2024-10-30T21:41:07.978-0700] {logging_mixin.py:190} INFO - [2024-10-30T21:41:07.978-0700] {dag.py:4180} INFO - Setting next_dagrun for example_sla_dag to 2024-10-31T04:38:00+00:00, run_after=2024-10-31T04:40:00+00:00
[2024-10-30T21:41:07.983-0700] {processor.py:208} INFO - Processing /Users/saiprasadreddykolan/Documents/E-commerce_project/venv/lib/python3.10/site-packages/airflow/example_dags/example_sla_dag.py took 0.063 seconds
[2024-10-30T21:42:12.858-0700] {processor.py:186} INFO - Started process (PID=37491) to work on /Users/saiprasadreddykolan/Documents/E-commerce_project/venv/lib/python3.10/site-packages/airflow/example_dags/example_sla_dag.py
[2024-10-30T21:42:12.860-0700] {processor.py:914} INFO - Processing file /Users/saiprasadreddykolan/Documents/E-commerce_project/venv/lib/python3.10/site-packages/airflow/example_dags/example_sla_dag.py for tasks to queue
[2024-10-30T21:42:12.861-0700] {logging_mixin.py:190} INFO - [2024-10-30T21:42:12.861-0700] {dagbag.py:588} INFO - Filling up the DagBag from /Users/saiprasadreddykolan/Documents/E-commerce_project/venv/lib/python3.10/site-packages/airflow/example_dags/example_sla_dag.py
[2024-10-30T21:42:12.873-0700] {processor.py:925} INFO - DAG(s) 'example_sla_dag' retrieved from /Users/saiprasadreddykolan/Documents/E-commerce_project/venv/lib/python3.10/site-packages/airflow/example_dags/example_sla_dag.py
[2024-10-30T21:42:12.906-0700] {logging_mixin.py:190} INFO - [2024-10-30T21:42:12.906-0700] {dag.py:3239} INFO - Sync 1 DAGs
[2024-10-30T21:42:12.913-0700] {logging_mixin.py:190} INFO - [2024-10-30T21:42:12.913-0700] {dag.py:4180} INFO - Setting next_dagrun for example_sla_dag to 2024-10-31T04:40:00+00:00, run_after=2024-10-31T04:42:00+00:00
[2024-10-30T21:42:12.919-0700] {processor.py:208} INFO - Processing /Users/saiprasadreddykolan/Documents/E-commerce_project/venv/lib/python3.10/site-packages/airflow/example_dags/example_sla_dag.py took 0.062 seconds
[2024-10-30T22:49:26.392-0700] {processor.py:186} INFO - Started process (PID=37707) to work on /Users/saiprasadreddykolan/Documents/E-commerce_project/venv/lib/python3.10/site-packages/airflow/example_dags/example_sla_dag.py
[2024-10-30T22:49:26.394-0700] {processor.py:914} INFO - Processing file /Users/saiprasadreddykolan/Documents/E-commerce_project/venv/lib/python3.10/site-packages/airflow/example_dags/example_sla_dag.py for tasks to queue
[2024-10-30T22:49:26.394-0700] {logging_mixin.py:190} INFO - [2024-10-30T22:49:26.394-0700] {dagbag.py:588} INFO - Filling up the DagBag from /Users/saiprasadreddykolan/Documents/E-commerce_project/venv/lib/python3.10/site-packages/airflow/example_dags/example_sla_dag.py
[2024-10-30T22:49:26.407-0700] {processor.py:925} INFO - DAG(s) 'example_sla_dag' retrieved from /Users/saiprasadreddykolan/Documents/E-commerce_project/venv/lib/python3.10/site-packages/airflow/example_dags/example_sla_dag.py
[2024-10-30T22:49:26.441-0700] {logging_mixin.py:190} INFO - [2024-10-30T22:49:26.441-0700] {dag.py:3239} INFO - Sync 1 DAGs
[2024-10-30T22:49:26.448-0700] {logging_mixin.py:190} INFO - [2024-10-30T22:49:26.448-0700] {dag.py:4180} INFO - Setting next_dagrun for example_sla_dag to 2024-10-31T05:46:00+00:00, run_after=2024-10-31T05:48:00+00:00
[2024-10-30T22:49:26.453-0700] {processor.py:208} INFO - Processing /Users/saiprasadreddykolan/Documents/E-commerce_project/venv/lib/python3.10/site-packages/airflow/example_dags/example_sla_dag.py took 0.062 seconds
[2024-10-30T23:44:05.823-0700] {processor.py:186} INFO - Started process (PID=37879) to work on /Users/saiprasadreddykolan/Documents/E-commerce_project/venv/lib/python3.10/site-packages/airflow/example_dags/example_sla_dag.py
[2024-10-30T23:44:05.825-0700] {processor.py:914} INFO - Processing file /Users/saiprasadreddykolan/Documents/E-commerce_project/venv/lib/python3.10/site-packages/airflow/example_dags/example_sla_dag.py for tasks to queue
[2024-10-30T23:44:05.825-0700] {logging_mixin.py:190} INFO - [2024-10-30T23:44:05.825-0700] {dagbag.py:588} INFO - Filling up the DagBag from /Users/saiprasadreddykolan/Documents/E-commerce_project/venv/lib/python3.10/site-packages/airflow/example_dags/example_sla_dag.py
[2024-10-30T23:44:05.838-0700] {processor.py:925} INFO - DAG(s) 'example_sla_dag' retrieved from /Users/saiprasadreddykolan/Documents/E-commerce_project/venv/lib/python3.10/site-packages/airflow/example_dags/example_sla_dag.py
[2024-10-30T23:44:05.871-0700] {logging_mixin.py:190} INFO - [2024-10-30T23:44:05.871-0700] {dag.py:3239} INFO - Sync 1 DAGs
[2024-10-30T23:44:05.878-0700] {logging_mixin.py:190} INFO - [2024-10-30T23:44:05.877-0700] {dag.py:4180} INFO - Setting next_dagrun for example_sla_dag to 2024-10-31T06:42:00+00:00, run_after=2024-10-31T06:44:00+00:00
[2024-10-30T23:44:05.883-0700] {processor.py:208} INFO - Processing /Users/saiprasadreddykolan/Documents/E-commerce_project/venv/lib/python3.10/site-packages/airflow/example_dags/example_sla_dag.py took 0.062 seconds
[2024-10-31T00:44:54.071-0700] {processor.py:186} INFO - Started process (PID=38063) to work on /Users/saiprasadreddykolan/Documents/E-commerce_project/venv/lib/python3.10/site-packages/airflow/example_dags/example_sla_dag.py
[2024-10-31T00:44:54.072-0700] {processor.py:914} INFO - Processing file /Users/saiprasadreddykolan/Documents/E-commerce_project/venv/lib/python3.10/site-packages/airflow/example_dags/example_sla_dag.py for tasks to queue
[2024-10-31T00:44:54.073-0700] {logging_mixin.py:190} INFO - [2024-10-31T00:44:54.073-0700] {dagbag.py:588} INFO - Filling up the DagBag from /Users/saiprasadreddykolan/Documents/E-commerce_project/venv/lib/python3.10/site-packages/airflow/example_dags/example_sla_dag.py
[2024-10-31T00:44:54.085-0700] {processor.py:925} INFO - DAG(s) 'example_sla_dag' retrieved from /Users/saiprasadreddykolan/Documents/E-commerce_project/venv/lib/python3.10/site-packages/airflow/example_dags/example_sla_dag.py
[2024-10-31T00:44:54.118-0700] {logging_mixin.py:190} INFO - [2024-10-31T00:44:54.117-0700] {dag.py:3239} INFO - Sync 1 DAGs
[2024-10-31T00:44:54.124-0700] {logging_mixin.py:190} INFO - [2024-10-31T00:44:54.124-0700] {dag.py:4180} INFO - Setting next_dagrun for example_sla_dag to 2024-10-31T07:42:00+00:00, run_after=2024-10-31T07:44:00+00:00
[2024-10-31T00:44:54.130-0700] {processor.py:208} INFO - Processing /Users/saiprasadreddykolan/Documents/E-commerce_project/venv/lib/python3.10/site-packages/airflow/example_dags/example_sla_dag.py took 0.060 seconds
[2024-10-31T01:51:06.896-0700] {processor.py:186} INFO - Started process (PID=38192) to work on /Users/saiprasadreddykolan/Documents/E-commerce_project/venv/lib/python3.10/site-packages/airflow/example_dags/example_sla_dag.py
[2024-10-31T01:51:06.898-0700] {processor.py:914} INFO - Processing file /Users/saiprasadreddykolan/Documents/E-commerce_project/venv/lib/python3.10/site-packages/airflow/example_dags/example_sla_dag.py for tasks to queue
[2024-10-31T01:51:06.898-0700] {logging_mixin.py:190} INFO - [2024-10-31T01:51:06.898-0700] {dagbag.py:588} INFO - Filling up the DagBag from /Users/saiprasadreddykolan/Documents/E-commerce_project/venv/lib/python3.10/site-packages/airflow/example_dags/example_sla_dag.py
[2024-10-31T01:51:06.912-0700] {processor.py:925} INFO - DAG(s) 'example_sla_dag' retrieved from /Users/saiprasadreddykolan/Documents/E-commerce_project/venv/lib/python3.10/site-packages/airflow/example_dags/example_sla_dag.py
[2024-10-31T01:51:06.944-0700] {logging_mixin.py:190} INFO - [2024-10-31T01:51:06.944-0700] {dag.py:3239} INFO - Sync 1 DAGs
[2024-10-31T01:51:06.950-0700] {logging_mixin.py:190} INFO - [2024-10-31T01:51:06.950-0700] {dag.py:4180} INFO - Setting next_dagrun for example_sla_dag to 2024-10-31T08:48:00+00:00, run_after=2024-10-31T08:50:00+00:00
[2024-10-31T01:51:06.956-0700] {processor.py:208} INFO - Processing /Users/saiprasadreddykolan/Documents/E-commerce_project/venv/lib/python3.10/site-packages/airflow/example_dags/example_sla_dag.py took 0.061 seconds
[2024-10-31T02:25:55.126-0700] {processor.py:186} INFO - Started process (PID=38323) to work on /Users/saiprasadreddykolan/Documents/E-commerce_project/venv/lib/python3.10/site-packages/airflow/example_dags/example_sla_dag.py
[2024-10-31T02:25:55.128-0700] {processor.py:914} INFO - Processing file /Users/saiprasadreddykolan/Documents/E-commerce_project/venv/lib/python3.10/site-packages/airflow/example_dags/example_sla_dag.py for tasks to queue
[2024-10-31T02:25:55.129-0700] {logging_mixin.py:190} INFO - [2024-10-31T02:25:55.129-0700] {dagbag.py:588} INFO - Filling up the DagBag from /Users/saiprasadreddykolan/Documents/E-commerce_project/venv/lib/python3.10/site-packages/airflow/example_dags/example_sla_dag.py
[2024-10-31T02:25:55.142-0700] {processor.py:925} INFO - DAG(s) 'example_sla_dag' retrieved from /Users/saiprasadreddykolan/Documents/E-commerce_project/venv/lib/python3.10/site-packages/airflow/example_dags/example_sla_dag.py
[2024-10-31T02:25:55.174-0700] {logging_mixin.py:190} INFO - [2024-10-31T02:25:55.174-0700] {dag.py:3239} INFO - Sync 1 DAGs
[2024-10-31T02:25:55.181-0700] {logging_mixin.py:190} INFO - [2024-10-31T02:25:55.181-0700] {dag.py:4180} INFO - Setting next_dagrun for example_sla_dag to 2024-10-31T09:22:00+00:00, run_after=2024-10-31T09:24:00+00:00
[2024-10-31T02:25:55.187-0700] {processor.py:208} INFO - Processing /Users/saiprasadreddykolan/Documents/E-commerce_project/venv/lib/python3.10/site-packages/airflow/example_dags/example_sla_dag.py took 0.061 seconds
[2024-10-31T04:37:45.096-0700] {processor.py:186} INFO - Started process (PID=38501) to work on /Users/saiprasadreddykolan/Documents/E-commerce_project/venv/lib/python3.10/site-packages/airflow/example_dags/example_sla_dag.py
[2024-10-31T04:37:45.099-0700] {processor.py:914} INFO - Processing file /Users/saiprasadreddykolan/Documents/E-commerce_project/venv/lib/python3.10/site-packages/airflow/example_dags/example_sla_dag.py for tasks to queue
[2024-10-31T04:37:45.099-0700] {logging_mixin.py:190} INFO - [2024-10-31T04:37:45.099-0700] {dagbag.py:588} INFO - Filling up the DagBag from /Users/saiprasadreddykolan/Documents/E-commerce_project/venv/lib/python3.10/site-packages/airflow/example_dags/example_sla_dag.py
[2024-10-31T04:37:45.113-0700] {processor.py:925} INFO - DAG(s) 'example_sla_dag' retrieved from /Users/saiprasadreddykolan/Documents/E-commerce_project/venv/lib/python3.10/site-packages/airflow/example_dags/example_sla_dag.py
[2024-10-31T04:37:45.147-0700] {logging_mixin.py:190} INFO - [2024-10-31T04:37:45.147-0700] {dag.py:3239} INFO - Sync 1 DAGs
[2024-10-31T04:37:45.153-0700] {logging_mixin.py:190} INFO - [2024-10-31T04:37:45.153-0700] {dag.py:4180} INFO - Setting next_dagrun for example_sla_dag to 2024-10-31T11:34:00+00:00, run_after=2024-10-31T11:36:00+00:00
[2024-10-31T04:37:45.159-0700] {processor.py:208} INFO - Processing /Users/saiprasadreddykolan/Documents/E-commerce_project/venv/lib/python3.10/site-packages/airflow/example_dags/example_sla_dag.py took 0.064 seconds
[2024-10-31T05:35:14.080-0700] {processor.py:186} INFO - Started process (PID=38757) to work on /Users/saiprasadreddykolan/Documents/E-commerce_project/venv/lib/python3.10/site-packages/airflow/example_dags/example_sla_dag.py
[2024-10-31T05:35:14.083-0700] {processor.py:914} INFO - Processing file /Users/saiprasadreddykolan/Documents/E-commerce_project/venv/lib/python3.10/site-packages/airflow/example_dags/example_sla_dag.py for tasks to queue
[2024-10-31T05:35:14.083-0700] {logging_mixin.py:190} INFO - [2024-10-31T05:35:14.083-0700] {dagbag.py:588} INFO - Filling up the DagBag from /Users/saiprasadreddykolan/Documents/E-commerce_project/venv/lib/python3.10/site-packages/airflow/example_dags/example_sla_dag.py
[2024-10-31T05:35:14.096-0700] {processor.py:925} INFO - DAG(s) 'example_sla_dag' retrieved from /Users/saiprasadreddykolan/Documents/E-commerce_project/venv/lib/python3.10/site-packages/airflow/example_dags/example_sla_dag.py
[2024-10-31T05:35:14.129-0700] {logging_mixin.py:190} INFO - [2024-10-31T05:35:14.129-0700] {dag.py:3239} INFO - Sync 1 DAGs
[2024-10-31T05:35:14.135-0700] {logging_mixin.py:190} INFO - [2024-10-31T05:35:14.135-0700] {dag.py:4180} INFO - Setting next_dagrun for example_sla_dag to 2024-10-31T12:32:00+00:00, run_after=2024-10-31T12:34:00+00:00
[2024-10-31T05:35:14.141-0700] {processor.py:208} INFO - Processing /Users/saiprasadreddykolan/Documents/E-commerce_project/venv/lib/python3.10/site-packages/airflow/example_dags/example_sla_dag.py took 0.061 seconds
[2024-10-31T06:59:23.511-0700] {processor.py:186} INFO - Started process (PID=38927) to work on /Users/saiprasadreddykolan/Documents/E-commerce_project/venv/lib/python3.10/site-packages/airflow/example_dags/example_sla_dag.py
[2024-10-31T06:59:23.513-0700] {processor.py:914} INFO - Processing file /Users/saiprasadreddykolan/Documents/E-commerce_project/venv/lib/python3.10/site-packages/airflow/example_dags/example_sla_dag.py for tasks to queue
[2024-10-31T06:59:23.514-0700] {logging_mixin.py:190} INFO - [2024-10-31T06:59:23.514-0700] {dagbag.py:588} INFO - Filling up the DagBag from /Users/saiprasadreddykolan/Documents/E-commerce_project/venv/lib/python3.10/site-packages/airflow/example_dags/example_sla_dag.py
[2024-10-31T06:59:23.527-0700] {processor.py:925} INFO - DAG(s) 'example_sla_dag' retrieved from /Users/saiprasadreddykolan/Documents/E-commerce_project/venv/lib/python3.10/site-packages/airflow/example_dags/example_sla_dag.py
[2024-10-31T06:59:23.560-0700] {logging_mixin.py:190} INFO - [2024-10-31T06:59:23.560-0700] {dag.py:3239} INFO - Sync 1 DAGs
[2024-10-31T06:59:23.567-0700] {logging_mixin.py:190} INFO - [2024-10-31T06:59:23.567-0700] {dag.py:4180} INFO - Setting next_dagrun for example_sla_dag to 2024-10-31T13:56:00+00:00, run_after=2024-10-31T13:58:00+00:00
[2024-10-31T06:59:23.572-0700] {processor.py:208} INFO - Processing /Users/saiprasadreddykolan/Documents/E-commerce_project/venv/lib/python3.10/site-packages/airflow/example_dags/example_sla_dag.py took 0.062 seconds
[2024-10-31T07:42:51.665-0700] {processor.py:186} INFO - Started process (PID=39159) to work on /Users/saiprasadreddykolan/Documents/E-commerce_project/venv/lib/python3.10/site-packages/airflow/example_dags/example_sla_dag.py
[2024-10-31T07:42:51.667-0700] {processor.py:914} INFO - Processing file /Users/saiprasadreddykolan/Documents/E-commerce_project/venv/lib/python3.10/site-packages/airflow/example_dags/example_sla_dag.py for tasks to queue
[2024-10-31T07:42:51.668-0700] {logging_mixin.py:190} INFO - [2024-10-31T07:42:51.667-0700] {dagbag.py:588} INFO - Filling up the DagBag from /Users/saiprasadreddykolan/Documents/E-commerce_project/venv/lib/python3.10/site-packages/airflow/example_dags/example_sla_dag.py
[2024-10-31T07:42:51.680-0700] {processor.py:925} INFO - DAG(s) 'example_sla_dag' retrieved from /Users/saiprasadreddykolan/Documents/E-commerce_project/venv/lib/python3.10/site-packages/airflow/example_dags/example_sla_dag.py
[2024-10-31T07:42:51.713-0700] {logging_mixin.py:190} INFO - [2024-10-31T07:42:51.713-0700] {dag.py:3239} INFO - Sync 1 DAGs
[2024-10-31T07:42:51.719-0700] {logging_mixin.py:190} INFO - [2024-10-31T07:42:51.719-0700] {dag.py:4180} INFO - Setting next_dagrun for example_sla_dag to 2024-10-31T14:40:00+00:00, run_after=2024-10-31T14:42:00+00:00
[2024-10-31T07:42:51.725-0700] {processor.py:208} INFO - Processing /Users/saiprasadreddykolan/Documents/E-commerce_project/venv/lib/python3.10/site-packages/airflow/example_dags/example_sla_dag.py took 0.061 seconds
[2024-10-31T07:59:30.442-0700] {processor.py:186} INFO - Started process (PID=39266) to work on /Users/saiprasadreddykolan/Documents/E-commerce_project/venv/lib/python3.10/site-packages/airflow/example_dags/example_sla_dag.py
[2024-10-31T07:59:30.444-0700] {processor.py:914} INFO - Processing file /Users/saiprasadreddykolan/Documents/E-commerce_project/venv/lib/python3.10/site-packages/airflow/example_dags/example_sla_dag.py for tasks to queue
[2024-10-31T07:59:30.445-0700] {logging_mixin.py:190} INFO - [2024-10-31T07:59:30.445-0700] {dagbag.py:588} INFO - Filling up the DagBag from /Users/saiprasadreddykolan/Documents/E-commerce_project/venv/lib/python3.10/site-packages/airflow/example_dags/example_sla_dag.py
[2024-10-31T07:59:30.458-0700] {processor.py:925} INFO - DAG(s) 'example_sla_dag' retrieved from /Users/saiprasadreddykolan/Documents/E-commerce_project/venv/lib/python3.10/site-packages/airflow/example_dags/example_sla_dag.py
[2024-10-31T07:59:30.491-0700] {logging_mixin.py:190} INFO - [2024-10-31T07:59:30.491-0700] {dag.py:3239} INFO - Sync 1 DAGs
[2024-10-31T07:59:30.498-0700] {logging_mixin.py:190} INFO - [2024-10-31T07:59:30.498-0700] {dag.py:4180} INFO - Setting next_dagrun for example_sla_dag to 2024-10-31T14:56:00+00:00, run_after=2024-10-31T14:58:00+00:00
[2024-10-31T07:59:30.503-0700] {processor.py:208} INFO - Processing /Users/saiprasadreddykolan/Documents/E-commerce_project/venv/lib/python3.10/site-packages/airflow/example_dags/example_sla_dag.py took 0.062 seconds
[2024-10-31T09:01:04.362-0700] {processor.py:186} INFO - Started process (PID=39417) to work on /Users/saiprasadreddykolan/Documents/E-commerce_project/venv/lib/python3.10/site-packages/airflow/example_dags/example_sla_dag.py
[2024-10-31T09:01:04.364-0700] {processor.py:914} INFO - Processing file /Users/saiprasadreddykolan/Documents/E-commerce_project/venv/lib/python3.10/site-packages/airflow/example_dags/example_sla_dag.py for tasks to queue
[2024-10-31T09:01:04.364-0700] {logging_mixin.py:190} INFO - [2024-10-31T09:01:04.364-0700] {dagbag.py:588} INFO - Filling up the DagBag from /Users/saiprasadreddykolan/Documents/E-commerce_project/venv/lib/python3.10/site-packages/airflow/example_dags/example_sla_dag.py
[2024-10-31T09:01:04.377-0700] {processor.py:925} INFO - DAG(s) 'example_sla_dag' retrieved from /Users/saiprasadreddykolan/Documents/E-commerce_project/venv/lib/python3.10/site-packages/airflow/example_dags/example_sla_dag.py
[2024-10-31T09:01:04.409-0700] {logging_mixin.py:190} INFO - [2024-10-31T09:01:04.409-0700] {dag.py:3239} INFO - Sync 1 DAGs
[2024-10-31T09:01:04.416-0700] {logging_mixin.py:190} INFO - [2024-10-31T09:01:04.416-0700] {dag.py:4180} INFO - Setting next_dagrun for example_sla_dag to 2024-10-31T15:58:00+00:00, run_after=2024-10-31T16:00:00+00:00
[2024-10-31T09:01:04.421-0700] {processor.py:208} INFO - Processing /Users/saiprasadreddykolan/Documents/E-commerce_project/venv/lib/python3.10/site-packages/airflow/example_dags/example_sla_dag.py took 0.060 seconds
[2024-10-31T09:21:55.298-0700] {processor.py:186} INFO - Started process (PID=39525) to work on /Users/saiprasadreddykolan/Documents/E-commerce_project/venv/lib/python3.10/site-packages/airflow/example_dags/example_sla_dag.py
[2024-10-31T09:21:55.301-0700] {processor.py:914} INFO - Processing file /Users/saiprasadreddykolan/Documents/E-commerce_project/venv/lib/python3.10/site-packages/airflow/example_dags/example_sla_dag.py for tasks to queue
[2024-10-31T09:21:55.301-0700] {logging_mixin.py:190} INFO - [2024-10-31T09:21:55.301-0700] {dagbag.py:588} INFO - Filling up the DagBag from /Users/saiprasadreddykolan/Documents/E-commerce_project/venv/lib/python3.10/site-packages/airflow/example_dags/example_sla_dag.py
[2024-10-31T09:21:55.314-0700] {processor.py:925} INFO - DAG(s) 'example_sla_dag' retrieved from /Users/saiprasadreddykolan/Documents/E-commerce_project/venv/lib/python3.10/site-packages/airflow/example_dags/example_sla_dag.py
[2024-10-31T09:21:55.346-0700] {logging_mixin.py:190} INFO - [2024-10-31T09:21:55.346-0700] {dag.py:3239} INFO - Sync 1 DAGs
[2024-10-31T09:21:55.353-0700] {logging_mixin.py:190} INFO - [2024-10-31T09:21:55.352-0700] {dag.py:4180} INFO - Setting next_dagrun for example_sla_dag to 2024-10-31T16:18:00+00:00, run_after=2024-10-31T16:20:00+00:00
[2024-10-31T09:21:55.358-0700] {processor.py:208} INFO - Processing /Users/saiprasadreddykolan/Documents/E-commerce_project/venv/lib/python3.10/site-packages/airflow/example_dags/example_sla_dag.py took 0.061 seconds
[2024-10-31T09:23:22.105-0700] {processor.py:186} INFO - Started process (PID=39611) to work on /Users/saiprasadreddykolan/Documents/E-commerce_project/venv/lib/python3.10/site-packages/airflow/example_dags/example_sla_dag.py
[2024-10-31T09:23:22.114-0700] {processor.py:914} INFO - Processing file /Users/saiprasadreddykolan/Documents/E-commerce_project/venv/lib/python3.10/site-packages/airflow/example_dags/example_sla_dag.py for tasks to queue
[2024-10-31T09:23:22.122-0700] {logging_mixin.py:190} INFO - [2024-10-31T09:23:22.121-0700] {dagbag.py:588} INFO - Filling up the DagBag from /Users/saiprasadreddykolan/Documents/E-commerce_project/venv/lib/python3.10/site-packages/airflow/example_dags/example_sla_dag.py
[2024-10-31T09:23:22.179-0700] {processor.py:925} INFO - DAG(s) 'example_sla_dag' retrieved from /Users/saiprasadreddykolan/Documents/E-commerce_project/venv/lib/python3.10/site-packages/airflow/example_dags/example_sla_dag.py
[2024-10-31T09:23:22.223-0700] {logging_mixin.py:190} INFO - [2024-10-31T09:23:22.222-0700] {dag.py:3239} INFO - Sync 1 DAGs
[2024-10-31T09:23:22.230-0700] {logging_mixin.py:190} INFO - [2024-10-31T09:23:22.230-0700] {dag.py:4180} INFO - Setting next_dagrun for example_sla_dag to 2024-10-31T16:20:00+00:00, run_after=2024-10-31T16:22:00+00:00
[2024-10-31T09:23:22.236-0700] {processor.py:208} INFO - Processing /Users/saiprasadreddykolan/Documents/E-commerce_project/venv/lib/python3.10/site-packages/airflow/example_dags/example_sla_dag.py took 0.133 seconds
