[2024-10-30T18:22:15.770-0700] {processor.py:186} INFO - Started process (PID=7080) to work on /opt/anaconda3/lib/python3.12/site-packages/airflow/example_dags/example_xcom.py
[2024-10-30T18:22:15.771-0700] {processor.py:914} INFO - Processing file /opt/anaconda3/lib/python3.12/site-packages/airflow/example_dags/example_xcom.py for tasks to queue
[2024-10-30T18:22:15.771-0700] {logging_mixin.py:190} INFO - [2024-10-30T18:22:15.771-0700] {dagbag.py:588} INFO - Filling up the DagBag from /opt/anaconda3/lib/python3.12/site-packages/airflow/example_dags/example_xcom.py
[2024-10-30T18:22:15.788-0700] {processor.py:925} INFO - DAG(s) 'example_xcom' retrieved from /opt/anaconda3/lib/python3.12/site-packages/airflow/example_dags/example_xcom.py
[2024-10-30T18:22:15.820-0700] {logging_mixin.py:190} INFO - [2024-10-30T18:22:15.820-0700] {dag.py:3239} INFO - Sync 1 DAGs
[2024-10-30T18:22:15.827-0700] {logging_mixin.py:190} INFO - [2024-10-30T18:22:15.826-0700] {dag.py:4180} INFO - Setting next_dagrun for example_xcom to 2021-01-01 00:00:00+00:00, run_after=2021-01-01 00:00:00+00:00
[2024-10-30T18:22:15.833-0700] {processor.py:208} INFO - Processing /opt/anaconda3/lib/python3.12/site-packages/airflow/example_dags/example_xcom.py took 0.064 seconds
[2024-10-30T19:25:30.509-0700] {processor.py:186} INFO - Started process (PID=7226) to work on /opt/anaconda3/lib/python3.12/site-packages/airflow/example_dags/example_xcom.py
[2024-10-30T19:25:30.510-0700] {processor.py:914} INFO - Processing file /opt/anaconda3/lib/python3.12/site-packages/airflow/example_dags/example_xcom.py for tasks to queue
[2024-10-30T19:25:30.510-0700] {logging_mixin.py:190} INFO - [2024-10-30T19:25:30.510-0700] {dagbag.py:588} INFO - Filling up the DagBag from /opt/anaconda3/lib/python3.12/site-packages/airflow/example_dags/example_xcom.py
[2024-10-30T19:25:30.523-0700] {processor.py:925} INFO - DAG(s) 'example_xcom' retrieved from /opt/anaconda3/lib/python3.12/site-packages/airflow/example_dags/example_xcom.py
[2024-10-30T19:25:30.551-0700] {logging_mixin.py:190} INFO - [2024-10-30T19:25:30.551-0700] {dag.py:3239} INFO - Sync 1 DAGs
[2024-10-30T19:25:30.556-0700] {logging_mixin.py:190} INFO - [2024-10-30T19:25:30.556-0700] {dag.py:4180} INFO - Setting next_dagrun for example_xcom to 2021-01-01 00:00:00+00:00, run_after=2021-01-01 00:00:00+00:00
[2024-10-30T19:25:30.562-0700] {processor.py:208} INFO - Processing /opt/anaconda3/lib/python3.12/site-packages/airflow/example_dags/example_xcom.py took 0.055 seconds
[2024-10-30T20:59:14.650-0700] {processor.py:186} INFO - Started process (PID=9478) to work on /Users/saiprasadreddykolan/Documents/E-commerce_project/venv/lib/python3.10/site-packages/airflow/example_dags/example_xcom.py
[2024-10-30T20:59:14.652-0700] {processor.py:914} INFO - Processing file /Users/saiprasadreddykolan/Documents/E-commerce_project/venv/lib/python3.10/site-packages/airflow/example_dags/example_xcom.py for tasks to queue
[2024-10-30T20:59:14.652-0700] {logging_mixin.py:190} INFO - [2024-10-30T20:59:14.652-0700] {dagbag.py:588} INFO - Filling up the DagBag from /Users/saiprasadreddykolan/Documents/E-commerce_project/venv/lib/python3.10/site-packages/airflow/example_dags/example_xcom.py
[2024-10-30T20:59:14.665-0700] {processor.py:925} INFO - DAG(s) 'example_xcom' retrieved from /Users/saiprasadreddykolan/Documents/E-commerce_project/venv/lib/python3.10/site-packages/airflow/example_dags/example_xcom.py
[2024-10-30T20:59:14.735-0700] {logging_mixin.py:190} INFO - [2024-10-30T20:59:14.735-0700] {dag.py:3239} INFO - Sync 1 DAGs
[2024-10-30T20:59:14.741-0700] {logging_mixin.py:190} INFO - [2024-10-30T20:59:14.741-0700] {dag.py:4180} INFO - Setting next_dagrun for example_xcom to 2021-01-01T00:00:00+00:00, run_after=2021-01-01T00:00:00+00:00
[2024-10-30T20:59:14.748-0700] {processor.py:208} INFO - Processing /Users/saiprasadreddykolan/Documents/E-commerce_project/venv/lib/python3.10/site-packages/airflow/example_dags/example_xcom.py took 0.099 seconds
[2024-10-30T21:00:54.057-0700] {processor.py:186} INFO - Started process (PID=9597) to work on /Users/saiprasadreddykolan/Documents/E-commerce_project/venv/lib/python3.10/site-packages/airflow/example_dags/example_xcom.py
[2024-10-30T21:00:54.060-0700] {processor.py:914} INFO - Processing file /Users/saiprasadreddykolan/Documents/E-commerce_project/venv/lib/python3.10/site-packages/airflow/example_dags/example_xcom.py for tasks to queue
[2024-10-30T21:00:54.060-0700] {logging_mixin.py:190} INFO - [2024-10-30T21:00:54.060-0700] {dagbag.py:588} INFO - Filling up the DagBag from /Users/saiprasadreddykolan/Documents/E-commerce_project/venv/lib/python3.10/site-packages/airflow/example_dags/example_xcom.py
[2024-10-30T21:00:54.072-0700] {processor.py:925} INFO - DAG(s) 'example_xcom' retrieved from /Users/saiprasadreddykolan/Documents/E-commerce_project/venv/lib/python3.10/site-packages/airflow/example_dags/example_xcom.py
[2024-10-30T21:00:54.106-0700] {logging_mixin.py:190} INFO - [2024-10-30T21:00:54.106-0700] {dag.py:3239} INFO - Sync 1 DAGs
[2024-10-30T21:00:54.112-0700] {logging_mixin.py:190} INFO - [2024-10-30T21:00:54.112-0700] {dag.py:4180} INFO - Setting next_dagrun for example_xcom to 2021-01-01T00:00:00+00:00, run_after=2021-01-01T00:00:00+00:00
[2024-10-30T21:00:54.118-0700] {processor.py:208} INFO - Processing /Users/saiprasadreddykolan/Documents/E-commerce_project/venv/lib/python3.10/site-packages/airflow/example_dags/example_xcom.py took 0.061 seconds
[2024-10-30T21:01:59.128-0700] {processor.py:186} INFO - Started process (PID=9681) to work on /Users/saiprasadreddykolan/Documents/E-commerce_project/venv/lib/python3.10/site-packages/airflow/example_dags/example_xcom.py
[2024-10-30T21:01:59.130-0700] {processor.py:914} INFO - Processing file /Users/saiprasadreddykolan/Documents/E-commerce_project/venv/lib/python3.10/site-packages/airflow/example_dags/example_xcom.py for tasks to queue
[2024-10-30T21:01:59.131-0700] {logging_mixin.py:190} INFO - [2024-10-30T21:01:59.131-0700] {dagbag.py:588} INFO - Filling up the DagBag from /Users/saiprasadreddykolan/Documents/E-commerce_project/venv/lib/python3.10/site-packages/airflow/example_dags/example_xcom.py
[2024-10-30T21:01:59.144-0700] {processor.py:925} INFO - DAG(s) 'example_xcom' retrieved from /Users/saiprasadreddykolan/Documents/E-commerce_project/venv/lib/python3.10/site-packages/airflow/example_dags/example_xcom.py
[2024-10-30T21:01:59.180-0700] {logging_mixin.py:190} INFO - [2024-10-30T21:01:59.180-0700] {dag.py:3239} INFO - Sync 1 DAGs
[2024-10-30T21:01:59.186-0700] {logging_mixin.py:190} INFO - [2024-10-30T21:01:59.186-0700] {dag.py:4180} INFO - Setting next_dagrun for example_xcom to 2021-01-01T00:00:00+00:00, run_after=2021-01-01T00:00:00+00:00
[2024-10-30T21:01:59.192-0700] {processor.py:208} INFO - Processing /Users/saiprasadreddykolan/Documents/E-commerce_project/venv/lib/python3.10/site-packages/airflow/example_dags/example_xcom.py took 0.065 seconds
[2024-10-30T21:03:01.513-0700] {processor.py:186} INFO - Started process (PID=9810) to work on /Users/saiprasadreddykolan/Documents/E-commerce_project/venv/lib/python3.10/site-packages/airflow/example_dags/example_xcom.py
[2024-10-30T21:03:01.514-0700] {processor.py:914} INFO - Processing file /Users/saiprasadreddykolan/Documents/E-commerce_project/venv/lib/python3.10/site-packages/airflow/example_dags/example_xcom.py for tasks to queue
[2024-10-30T21:03:01.515-0700] {logging_mixin.py:190} INFO - [2024-10-30T21:03:01.515-0700] {dagbag.py:588} INFO - Filling up the DagBag from /Users/saiprasadreddykolan/Documents/E-commerce_project/venv/lib/python3.10/site-packages/airflow/example_dags/example_xcom.py
[2024-10-30T21:03:01.528-0700] {processor.py:925} INFO - DAG(s) 'example_xcom' retrieved from /Users/saiprasadreddykolan/Documents/E-commerce_project/venv/lib/python3.10/site-packages/airflow/example_dags/example_xcom.py
[2024-10-30T21:03:01.562-0700] {logging_mixin.py:190} INFO - [2024-10-30T21:03:01.562-0700] {dag.py:3239} INFO - Sync 1 DAGs
[2024-10-30T21:03:01.568-0700] {logging_mixin.py:190} INFO - [2024-10-30T21:03:01.568-0700] {dag.py:4180} INFO - Setting next_dagrun for example_xcom to 2021-01-01T00:00:00+00:00, run_after=2021-01-01T00:00:00+00:00
[2024-10-30T21:03:01.573-0700] {processor.py:208} INFO - Processing /Users/saiprasadreddykolan/Documents/E-commerce_project/venv/lib/python3.10/site-packages/airflow/example_dags/example_xcom.py took 0.062 seconds
[2024-10-30T21:04:06.022-0700] {processor.py:186} INFO - Started process (PID=9916) to work on /Users/saiprasadreddykolan/Documents/E-commerce_project/venv/lib/python3.10/site-packages/airflow/example_dags/example_xcom.py
[2024-10-30T21:04:06.023-0700] {processor.py:914} INFO - Processing file /Users/saiprasadreddykolan/Documents/E-commerce_project/venv/lib/python3.10/site-packages/airflow/example_dags/example_xcom.py for tasks to queue
[2024-10-30T21:04:06.024-0700] {logging_mixin.py:190} INFO - [2024-10-30T21:04:06.024-0700] {dagbag.py:588} INFO - Filling up the DagBag from /Users/saiprasadreddykolan/Documents/E-commerce_project/venv/lib/python3.10/site-packages/airflow/example_dags/example_xcom.py
[2024-10-30T21:04:06.036-0700] {processor.py:925} INFO - DAG(s) 'example_xcom' retrieved from /Users/saiprasadreddykolan/Documents/E-commerce_project/venv/lib/python3.10/site-packages/airflow/example_dags/example_xcom.py
[2024-10-30T21:04:06.070-0700] {logging_mixin.py:190} INFO - [2024-10-30T21:04:06.070-0700] {dag.py:3239} INFO - Sync 1 DAGs
[2024-10-30T21:04:06.076-0700] {logging_mixin.py:190} INFO - [2024-10-30T21:04:06.076-0700] {dag.py:4180} INFO - Setting next_dagrun for example_xcom to 2021-01-01T00:00:00+00:00, run_after=2021-01-01T00:00:00+00:00
[2024-10-30T21:04:06.082-0700] {processor.py:208} INFO - Processing /Users/saiprasadreddykolan/Documents/E-commerce_project/venv/lib/python3.10/site-packages/airflow/example_dags/example_xcom.py took 0.061 seconds
[2024-10-30T21:05:13.285-0700] {processor.py:186} INFO - Started process (PID=10000) to work on /Users/saiprasadreddykolan/Documents/E-commerce_project/venv/lib/python3.10/site-packages/airflow/example_dags/example_xcom.py
[2024-10-30T21:05:13.286-0700] {processor.py:914} INFO - Processing file /Users/saiprasadreddykolan/Documents/E-commerce_project/venv/lib/python3.10/site-packages/airflow/example_dags/example_xcom.py for tasks to queue
[2024-10-30T21:05:13.287-0700] {logging_mixin.py:190} INFO - [2024-10-30T21:05:13.287-0700] {dagbag.py:588} INFO - Filling up the DagBag from /Users/saiprasadreddykolan/Documents/E-commerce_project/venv/lib/python3.10/site-packages/airflow/example_dags/example_xcom.py
[2024-10-30T21:05:13.299-0700] {processor.py:925} INFO - DAG(s) 'example_xcom' retrieved from /Users/saiprasadreddykolan/Documents/E-commerce_project/venv/lib/python3.10/site-packages/airflow/example_dags/example_xcom.py
[2024-10-30T21:05:13.334-0700] {logging_mixin.py:190} INFO - [2024-10-30T21:05:13.334-0700] {dag.py:3239} INFO - Sync 1 DAGs
[2024-10-30T21:05:13.340-0700] {logging_mixin.py:190} INFO - [2024-10-30T21:05:13.340-0700] {dag.py:4180} INFO - Setting next_dagrun for example_xcom to 2021-01-01T00:00:00+00:00, run_after=2021-01-01T00:00:00+00:00
[2024-10-30T21:05:13.345-0700] {processor.py:208} INFO - Processing /Users/saiprasadreddykolan/Documents/E-commerce_project/venv/lib/python3.10/site-packages/airflow/example_dags/example_xcom.py took 0.062 seconds
[2024-10-30T21:06:22.690-0700] {processor.py:186} INFO - Started process (PID=10089) to work on /Users/saiprasadreddykolan/Documents/E-commerce_project/venv/lib/python3.10/site-packages/airflow/example_dags/example_xcom.py
[2024-10-30T21:06:22.692-0700] {processor.py:914} INFO - Processing file /Users/saiprasadreddykolan/Documents/E-commerce_project/venv/lib/python3.10/site-packages/airflow/example_dags/example_xcom.py for tasks to queue
[2024-10-30T21:06:22.692-0700] {logging_mixin.py:190} INFO - [2024-10-30T21:06:22.692-0700] {dagbag.py:588} INFO - Filling up the DagBag from /Users/saiprasadreddykolan/Documents/E-commerce_project/venv/lib/python3.10/site-packages/airflow/example_dags/example_xcom.py
[2024-10-30T21:06:22.705-0700] {processor.py:925} INFO - DAG(s) 'example_xcom' retrieved from /Users/saiprasadreddykolan/Documents/E-commerce_project/venv/lib/python3.10/site-packages/airflow/example_dags/example_xcom.py
[2024-10-30T21:06:22.739-0700] {logging_mixin.py:190} INFO - [2024-10-30T21:06:22.739-0700] {dag.py:3239} INFO - Sync 1 DAGs
[2024-10-30T21:06:22.745-0700] {logging_mixin.py:190} INFO - [2024-10-30T21:06:22.745-0700] {dag.py:4180} INFO - Setting next_dagrun for example_xcom to 2021-01-01T00:00:00+00:00, run_after=2021-01-01T00:00:00+00:00
[2024-10-30T21:06:22.750-0700] {processor.py:208} INFO - Processing /Users/saiprasadreddykolan/Documents/E-commerce_project/venv/lib/python3.10/site-packages/airflow/example_dags/example_xcom.py took 0.061 seconds
[2024-10-30T21:07:28.883-0700] {processor.py:186} INFO - Started process (PID=10171) to work on /Users/saiprasadreddykolan/Documents/E-commerce_project/venv/lib/python3.10/site-packages/airflow/example_dags/example_xcom.py
[2024-10-30T21:07:28.885-0700] {processor.py:914} INFO - Processing file /Users/saiprasadreddykolan/Documents/E-commerce_project/venv/lib/python3.10/site-packages/airflow/example_dags/example_xcom.py for tasks to queue
[2024-10-30T21:07:28.885-0700] {logging_mixin.py:190} INFO - [2024-10-30T21:07:28.885-0700] {dagbag.py:588} INFO - Filling up the DagBag from /Users/saiprasadreddykolan/Documents/E-commerce_project/venv/lib/python3.10/site-packages/airflow/example_dags/example_xcom.py
[2024-10-30T21:07:28.898-0700] {processor.py:925} INFO - DAG(s) 'example_xcom' retrieved from /Users/saiprasadreddykolan/Documents/E-commerce_project/venv/lib/python3.10/site-packages/airflow/example_dags/example_xcom.py
[2024-10-30T21:07:28.932-0700] {logging_mixin.py:190} INFO - [2024-10-30T21:07:28.931-0700] {dag.py:3239} INFO - Sync 1 DAGs
[2024-10-30T21:07:28.937-0700] {logging_mixin.py:190} INFO - [2024-10-30T21:07:28.937-0700] {dag.py:4180} INFO - Setting next_dagrun for example_xcom to 2021-01-01T00:00:00+00:00, run_after=2021-01-01T00:00:00+00:00
[2024-10-30T21:07:28.943-0700] {processor.py:208} INFO - Processing /Users/saiprasadreddykolan/Documents/E-commerce_project/venv/lib/python3.10/site-packages/airflow/example_dags/example_xcom.py took 0.061 seconds
[2024-10-30T21:08:37.438-0700] {processor.py:186} INFO - Started process (PID=10275) to work on /Users/saiprasadreddykolan/Documents/E-commerce_project/venv/lib/python3.10/site-packages/airflow/example_dags/example_xcom.py
[2024-10-30T21:08:37.440-0700] {processor.py:914} INFO - Processing file /Users/saiprasadreddykolan/Documents/E-commerce_project/venv/lib/python3.10/site-packages/airflow/example_dags/example_xcom.py for tasks to queue
[2024-10-30T21:08:37.441-0700] {logging_mixin.py:190} INFO - [2024-10-30T21:08:37.440-0700] {dagbag.py:588} INFO - Filling up the DagBag from /Users/saiprasadreddykolan/Documents/E-commerce_project/venv/lib/python3.10/site-packages/airflow/example_dags/example_xcom.py
[2024-10-30T21:08:37.453-0700] {processor.py:925} INFO - DAG(s) 'example_xcom' retrieved from /Users/saiprasadreddykolan/Documents/E-commerce_project/venv/lib/python3.10/site-packages/airflow/example_dags/example_xcom.py
[2024-10-30T21:08:37.487-0700] {logging_mixin.py:190} INFO - [2024-10-30T21:08:37.487-0700] {dag.py:3239} INFO - Sync 1 DAGs
[2024-10-30T21:08:37.493-0700] {logging_mixin.py:190} INFO - [2024-10-30T21:08:37.493-0700] {dag.py:4180} INFO - Setting next_dagrun for example_xcom to 2021-01-01T00:00:00+00:00, run_after=2021-01-01T00:00:00+00:00
[2024-10-30T21:08:37.498-0700] {processor.py:208} INFO - Processing /Users/saiprasadreddykolan/Documents/E-commerce_project/venv/lib/python3.10/site-packages/airflow/example_dags/example_xcom.py took 0.062 seconds
[2024-10-30T21:09:45.637-0700] {processor.py:186} INFO - Started process (PID=10361) to work on /Users/saiprasadreddykolan/Documents/E-commerce_project/venv/lib/python3.10/site-packages/airflow/example_dags/example_xcom.py
[2024-10-30T21:09:45.639-0700] {processor.py:914} INFO - Processing file /Users/saiprasadreddykolan/Documents/E-commerce_project/venv/lib/python3.10/site-packages/airflow/example_dags/example_xcom.py for tasks to queue
[2024-10-30T21:09:45.640-0700] {logging_mixin.py:190} INFO - [2024-10-30T21:09:45.640-0700] {dagbag.py:588} INFO - Filling up the DagBag from /Users/saiprasadreddykolan/Documents/E-commerce_project/venv/lib/python3.10/site-packages/airflow/example_dags/example_xcom.py
[2024-10-30T21:09:45.652-0700] {processor.py:925} INFO - DAG(s) 'example_xcom' retrieved from /Users/saiprasadreddykolan/Documents/E-commerce_project/venv/lib/python3.10/site-packages/airflow/example_dags/example_xcom.py
[2024-10-30T21:09:45.686-0700] {logging_mixin.py:190} INFO - [2024-10-30T21:09:45.686-0700] {dag.py:3239} INFO - Sync 1 DAGs
[2024-10-30T21:09:45.692-0700] {logging_mixin.py:190} INFO - [2024-10-30T21:09:45.692-0700] {dag.py:4180} INFO - Setting next_dagrun for example_xcom to 2021-01-01T00:00:00+00:00, run_after=2021-01-01T00:00:00+00:00
[2024-10-30T21:09:45.702-0700] {processor.py:208} INFO - Processing /Users/saiprasadreddykolan/Documents/E-commerce_project/venv/lib/python3.10/site-packages/airflow/example_dags/example_xcom.py took 0.066 seconds
[2024-10-30T21:10:51.468-0700] {processor.py:186} INFO - Started process (PID=10456) to work on /Users/saiprasadreddykolan/Documents/E-commerce_project/venv/lib/python3.10/site-packages/airflow/example_dags/example_xcom.py
[2024-10-30T21:10:51.470-0700] {processor.py:914} INFO - Processing file /Users/saiprasadreddykolan/Documents/E-commerce_project/venv/lib/python3.10/site-packages/airflow/example_dags/example_xcom.py for tasks to queue
[2024-10-30T21:10:51.471-0700] {logging_mixin.py:190} INFO - [2024-10-30T21:10:51.471-0700] {dagbag.py:588} INFO - Filling up the DagBag from /Users/saiprasadreddykolan/Documents/E-commerce_project/venv/lib/python3.10/site-packages/airflow/example_dags/example_xcom.py
[2024-10-30T21:10:51.483-0700] {processor.py:925} INFO - DAG(s) 'example_xcom' retrieved from /Users/saiprasadreddykolan/Documents/E-commerce_project/venv/lib/python3.10/site-packages/airflow/example_dags/example_xcom.py
[2024-10-30T21:10:51.517-0700] {logging_mixin.py:190} INFO - [2024-10-30T21:10:51.517-0700] {dag.py:3239} INFO - Sync 1 DAGs
[2024-10-30T21:10:51.523-0700] {logging_mixin.py:190} INFO - [2024-10-30T21:10:51.523-0700] {dag.py:4180} INFO - Setting next_dagrun for example_xcom to 2021-01-01T00:00:00+00:00, run_after=2021-01-01T00:00:00+00:00
[2024-10-30T21:10:51.528-0700] {processor.py:208} INFO - Processing /Users/saiprasadreddykolan/Documents/E-commerce_project/venv/lib/python3.10/site-packages/airflow/example_dags/example_xcom.py took 0.061 seconds
[2024-10-30T21:11:58.567-0700] {processor.py:186} INFO - Started process (PID=10615) to work on /Users/saiprasadreddykolan/Documents/E-commerce_project/venv/lib/python3.10/site-packages/airflow/example_dags/example_xcom.py
[2024-10-30T21:11:58.569-0700] {processor.py:914} INFO - Processing file /Users/saiprasadreddykolan/Documents/E-commerce_project/venv/lib/python3.10/site-packages/airflow/example_dags/example_xcom.py for tasks to queue
[2024-10-30T21:11:58.570-0700] {logging_mixin.py:190} INFO - [2024-10-30T21:11:58.570-0700] {dagbag.py:588} INFO - Filling up the DagBag from /Users/saiprasadreddykolan/Documents/E-commerce_project/venv/lib/python3.10/site-packages/airflow/example_dags/example_xcom.py
[2024-10-30T21:11:58.582-0700] {processor.py:925} INFO - DAG(s) 'example_xcom' retrieved from /Users/saiprasadreddykolan/Documents/E-commerce_project/venv/lib/python3.10/site-packages/airflow/example_dags/example_xcom.py
[2024-10-30T21:11:58.616-0700] {logging_mixin.py:190} INFO - [2024-10-30T21:11:58.616-0700] {dag.py:3239} INFO - Sync 1 DAGs
[2024-10-30T21:11:58.622-0700] {logging_mixin.py:190} INFO - [2024-10-30T21:11:58.622-0700] {dag.py:4180} INFO - Setting next_dagrun for example_xcom to 2021-01-01T00:00:00+00:00, run_after=2021-01-01T00:00:00+00:00
[2024-10-30T21:11:58.627-0700] {processor.py:208} INFO - Processing /Users/saiprasadreddykolan/Documents/E-commerce_project/venv/lib/python3.10/site-packages/airflow/example_dags/example_xcom.py took 0.062 seconds
[2024-10-30T21:13:01.094-0700] {processor.py:186} INFO - Started process (PID=10711) to work on /Users/saiprasadreddykolan/Documents/E-commerce_project/venv/lib/python3.10/site-packages/airflow/example_dags/example_xcom.py
[2024-10-30T21:13:01.096-0700] {processor.py:914} INFO - Processing file /Users/saiprasadreddykolan/Documents/E-commerce_project/venv/lib/python3.10/site-packages/airflow/example_dags/example_xcom.py for tasks to queue
[2024-10-30T21:13:01.096-0700] {logging_mixin.py:190} INFO - [2024-10-30T21:13:01.096-0700] {dagbag.py:588} INFO - Filling up the DagBag from /Users/saiprasadreddykolan/Documents/E-commerce_project/venv/lib/python3.10/site-packages/airflow/example_dags/example_xcom.py
[2024-10-30T21:13:01.109-0700] {processor.py:925} INFO - DAG(s) 'example_xcom' retrieved from /Users/saiprasadreddykolan/Documents/E-commerce_project/venv/lib/python3.10/site-packages/airflow/example_dags/example_xcom.py
[2024-10-30T21:13:01.143-0700] {logging_mixin.py:190} INFO - [2024-10-30T21:13:01.143-0700] {dag.py:3239} INFO - Sync 1 DAGs
[2024-10-30T21:13:01.149-0700] {logging_mixin.py:190} INFO - [2024-10-30T21:13:01.149-0700] {dag.py:4180} INFO - Setting next_dagrun for example_xcom to 2021-01-01T00:00:00+00:00, run_after=2021-01-01T00:00:00+00:00
[2024-10-30T21:13:01.156-0700] {processor.py:208} INFO - Processing /Users/saiprasadreddykolan/Documents/E-commerce_project/venv/lib/python3.10/site-packages/airflow/example_dags/example_xcom.py took 0.063 seconds
[2024-10-30T21:14:03.603-0700] {processor.py:186} INFO - Started process (PID=12357) to work on /Users/saiprasadreddykolan/Documents/E-commerce_project/venv/lib/python3.10/site-packages/airflow/example_dags/example_xcom.py
[2024-10-30T21:14:03.606-0700] {processor.py:914} INFO - Processing file /Users/saiprasadreddykolan/Documents/E-commerce_project/venv/lib/python3.10/site-packages/airflow/example_dags/example_xcom.py for tasks to queue
[2024-10-30T21:14:03.606-0700] {logging_mixin.py:190} INFO - [2024-10-30T21:14:03.606-0700] {dagbag.py:588} INFO - Filling up the DagBag from /Users/saiprasadreddykolan/Documents/E-commerce_project/venv/lib/python3.10/site-packages/airflow/example_dags/example_xcom.py
[2024-10-30T21:14:03.618-0700] {processor.py:925} INFO - DAG(s) 'example_xcom' retrieved from /Users/saiprasadreddykolan/Documents/E-commerce_project/venv/lib/python3.10/site-packages/airflow/example_dags/example_xcom.py
[2024-10-30T21:14:03.652-0700] {logging_mixin.py:190} INFO - [2024-10-30T21:14:03.652-0700] {dag.py:3239} INFO - Sync 1 DAGs
[2024-10-30T21:14:03.658-0700] {logging_mixin.py:190} INFO - [2024-10-30T21:14:03.658-0700] {dag.py:4180} INFO - Setting next_dagrun for example_xcom to 2021-01-01T00:00:00+00:00, run_after=2021-01-01T00:00:00+00:00
[2024-10-30T21:14:03.663-0700] {processor.py:208} INFO - Processing /Users/saiprasadreddykolan/Documents/E-commerce_project/venv/lib/python3.10/site-packages/airflow/example_dags/example_xcom.py took 0.061 seconds
[2024-10-30T21:15:12.962-0700] {processor.py:186} INFO - Started process (PID=19284) to work on /Users/saiprasadreddykolan/Documents/E-commerce_project/venv/lib/python3.10/site-packages/airflow/example_dags/example_xcom.py
[2024-10-30T21:15:12.964-0700] {processor.py:914} INFO - Processing file /Users/saiprasadreddykolan/Documents/E-commerce_project/venv/lib/python3.10/site-packages/airflow/example_dags/example_xcom.py for tasks to queue
[2024-10-30T21:15:12.965-0700] {logging_mixin.py:190} INFO - [2024-10-30T21:15:12.965-0700] {dagbag.py:588} INFO - Filling up the DagBag from /Users/saiprasadreddykolan/Documents/E-commerce_project/venv/lib/python3.10/site-packages/airflow/example_dags/example_xcom.py
[2024-10-30T21:15:12.979-0700] {processor.py:925} INFO - DAG(s) 'example_xcom' retrieved from /Users/saiprasadreddykolan/Documents/E-commerce_project/venv/lib/python3.10/site-packages/airflow/example_dags/example_xcom.py
[2024-10-30T21:15:13.017-0700] {logging_mixin.py:190} INFO - [2024-10-30T21:15:13.017-0700] {dag.py:3239} INFO - Sync 1 DAGs
[2024-10-30T21:15:13.023-0700] {logging_mixin.py:190} INFO - [2024-10-30T21:15:13.023-0700] {dag.py:4180} INFO - Setting next_dagrun for example_xcom to 2021-01-01T00:00:00+00:00, run_after=2021-01-01T00:00:00+00:00
[2024-10-30T21:15:13.029-0700] {processor.py:208} INFO - Processing /Users/saiprasadreddykolan/Documents/E-commerce_project/venv/lib/python3.10/site-packages/airflow/example_dags/example_xcom.py took 0.069 seconds
[2024-10-30T21:16:23.670-0700] {processor.py:186} INFO - Started process (PID=26377) to work on /Users/saiprasadreddykolan/Documents/E-commerce_project/venv/lib/python3.10/site-packages/airflow/example_dags/example_xcom.py
[2024-10-30T21:16:23.673-0700] {processor.py:914} INFO - Processing file /Users/saiprasadreddykolan/Documents/E-commerce_project/venv/lib/python3.10/site-packages/airflow/example_dags/example_xcom.py for tasks to queue
[2024-10-30T21:16:23.673-0700] {logging_mixin.py:190} INFO - [2024-10-30T21:16:23.673-0700] {dagbag.py:588} INFO - Filling up the DagBag from /Users/saiprasadreddykolan/Documents/E-commerce_project/venv/lib/python3.10/site-packages/airflow/example_dags/example_xcom.py
[2024-10-30T21:16:23.688-0700] {processor.py:925} INFO - DAG(s) 'example_xcom' retrieved from /Users/saiprasadreddykolan/Documents/E-commerce_project/venv/lib/python3.10/site-packages/airflow/example_dags/example_xcom.py
[2024-10-30T21:16:23.725-0700] {logging_mixin.py:190} INFO - [2024-10-30T21:16:23.725-0700] {dag.py:3239} INFO - Sync 1 DAGs
[2024-10-30T21:16:23.731-0700] {logging_mixin.py:190} INFO - [2024-10-30T21:16:23.731-0700] {dag.py:4180} INFO - Setting next_dagrun for example_xcom to 2021-01-01T00:00:00+00:00, run_after=2021-01-01T00:00:00+00:00
[2024-10-30T21:16:23.737-0700] {processor.py:208} INFO - Processing /Users/saiprasadreddykolan/Documents/E-commerce_project/venv/lib/python3.10/site-packages/airflow/example_dags/example_xcom.py took 0.069 seconds
[2024-10-30T21:17:33.372-0700] {processor.py:186} INFO - Started process (PID=33213) to work on /Users/saiprasadreddykolan/Documents/E-commerce_project/venv/lib/python3.10/site-packages/airflow/example_dags/example_xcom.py
[2024-10-30T21:17:33.375-0700] {processor.py:914} INFO - Processing file /Users/saiprasadreddykolan/Documents/E-commerce_project/venv/lib/python3.10/site-packages/airflow/example_dags/example_xcom.py for tasks to queue
[2024-10-30T21:17:33.375-0700] {logging_mixin.py:190} INFO - [2024-10-30T21:17:33.375-0700] {dagbag.py:588} INFO - Filling up the DagBag from /Users/saiprasadreddykolan/Documents/E-commerce_project/venv/lib/python3.10/site-packages/airflow/example_dags/example_xcom.py
[2024-10-30T21:17:33.388-0700] {processor.py:925} INFO - DAG(s) 'example_xcom' retrieved from /Users/saiprasadreddykolan/Documents/E-commerce_project/venv/lib/python3.10/site-packages/airflow/example_dags/example_xcom.py
[2024-10-30T21:17:33.422-0700] {logging_mixin.py:190} INFO - [2024-10-30T21:17:33.422-0700] {dag.py:3239} INFO - Sync 1 DAGs
[2024-10-30T21:17:33.428-0700] {logging_mixin.py:190} INFO - [2024-10-30T21:17:33.428-0700] {dag.py:4180} INFO - Setting next_dagrun for example_xcom to 2021-01-01T00:00:00+00:00, run_after=2021-01-01T00:00:00+00:00
[2024-10-30T21:17:33.433-0700] {processor.py:208} INFO - Processing /Users/saiprasadreddykolan/Documents/E-commerce_project/venv/lib/python3.10/site-packages/airflow/example_dags/example_xcom.py took 0.062 seconds
[2024-10-30T21:18:43.880-0700] {processor.py:186} INFO - Started process (PID=33300) to work on /Users/saiprasadreddykolan/Documents/E-commerce_project/venv/lib/python3.10/site-packages/airflow/example_dags/example_xcom.py
[2024-10-30T21:18:43.882-0700] {processor.py:914} INFO - Processing file /Users/saiprasadreddykolan/Documents/E-commerce_project/venv/lib/python3.10/site-packages/airflow/example_dags/example_xcom.py for tasks to queue
[2024-10-30T21:18:43.882-0700] {logging_mixin.py:190} INFO - [2024-10-30T21:18:43.882-0700] {dagbag.py:588} INFO - Filling up the DagBag from /Users/saiprasadreddykolan/Documents/E-commerce_project/venv/lib/python3.10/site-packages/airflow/example_dags/example_xcom.py
[2024-10-30T21:18:43.896-0700] {processor.py:925} INFO - DAG(s) 'example_xcom' retrieved from /Users/saiprasadreddykolan/Documents/E-commerce_project/venv/lib/python3.10/site-packages/airflow/example_dags/example_xcom.py
[2024-10-30T21:18:43.932-0700] {logging_mixin.py:190} INFO - [2024-10-30T21:18:43.932-0700] {dag.py:3239} INFO - Sync 1 DAGs
[2024-10-30T21:18:43.939-0700] {logging_mixin.py:190} INFO - [2024-10-30T21:18:43.939-0700] {dag.py:4180} INFO - Setting next_dagrun for example_xcom to 2021-01-01T00:00:00+00:00, run_after=2021-01-01T00:00:00+00:00
[2024-10-30T21:18:43.945-0700] {processor.py:208} INFO - Processing /Users/saiprasadreddykolan/Documents/E-commerce_project/venv/lib/python3.10/site-packages/airflow/example_dags/example_xcom.py took 0.066 seconds
[2024-10-30T21:19:46.671-0700] {processor.py:186} INFO - Started process (PID=33393) to work on /Users/saiprasadreddykolan/Documents/E-commerce_project/venv/lib/python3.10/site-packages/airflow/example_dags/example_xcom.py
[2024-10-30T21:19:46.673-0700] {processor.py:914} INFO - Processing file /Users/saiprasadreddykolan/Documents/E-commerce_project/venv/lib/python3.10/site-packages/airflow/example_dags/example_xcom.py for tasks to queue
[2024-10-30T21:19:46.674-0700] {logging_mixin.py:190} INFO - [2024-10-30T21:19:46.674-0700] {dagbag.py:588} INFO - Filling up the DagBag from /Users/saiprasadreddykolan/Documents/E-commerce_project/venv/lib/python3.10/site-packages/airflow/example_dags/example_xcom.py
[2024-10-30T21:19:46.688-0700] {processor.py:925} INFO - DAG(s) 'example_xcom' retrieved from /Users/saiprasadreddykolan/Documents/E-commerce_project/venv/lib/python3.10/site-packages/airflow/example_dags/example_xcom.py
[2024-10-30T21:19:46.724-0700] {logging_mixin.py:190} INFO - [2024-10-30T21:19:46.723-0700] {dag.py:3239} INFO - Sync 1 DAGs
[2024-10-30T21:19:46.730-0700] {logging_mixin.py:190} INFO - [2024-10-30T21:19:46.730-0700] {dag.py:4180} INFO - Setting next_dagrun for example_xcom to 2021-01-01T00:00:00+00:00, run_after=2021-01-01T00:00:00+00:00
[2024-10-30T21:19:46.736-0700] {processor.py:208} INFO - Processing /Users/saiprasadreddykolan/Documents/E-commerce_project/venv/lib/python3.10/site-packages/airflow/example_dags/example_xcom.py took 0.066 seconds
[2024-10-30T21:20:49.357-0700] {processor.py:186} INFO - Started process (PID=33510) to work on /Users/saiprasadreddykolan/Documents/E-commerce_project/venv/lib/python3.10/site-packages/airflow/example_dags/example_xcom.py
[2024-10-30T21:20:49.360-0700] {processor.py:914} INFO - Processing file /Users/saiprasadreddykolan/Documents/E-commerce_project/venv/lib/python3.10/site-packages/airflow/example_dags/example_xcom.py for tasks to queue
[2024-10-30T21:20:49.361-0700] {logging_mixin.py:190} INFO - [2024-10-30T21:20:49.361-0700] {dagbag.py:588} INFO - Filling up the DagBag from /Users/saiprasadreddykolan/Documents/E-commerce_project/venv/lib/python3.10/site-packages/airflow/example_dags/example_xcom.py
[2024-10-30T21:20:49.373-0700] {processor.py:925} INFO - DAG(s) 'example_xcom' retrieved from /Users/saiprasadreddykolan/Documents/E-commerce_project/venv/lib/python3.10/site-packages/airflow/example_dags/example_xcom.py
[2024-10-30T21:20:49.407-0700] {logging_mixin.py:190} INFO - [2024-10-30T21:20:49.407-0700] {dag.py:3239} INFO - Sync 1 DAGs
[2024-10-30T21:20:49.413-0700] {logging_mixin.py:190} INFO - [2024-10-30T21:20:49.413-0700] {dag.py:4180} INFO - Setting next_dagrun for example_xcom to 2021-01-01T00:00:00+00:00, run_after=2021-01-01T00:00:00+00:00
[2024-10-30T21:20:49.419-0700] {processor.py:208} INFO - Processing /Users/saiprasadreddykolan/Documents/E-commerce_project/venv/lib/python3.10/site-packages/airflow/example_dags/example_xcom.py took 0.063 seconds
[2024-10-30T21:21:55.676-0700] {processor.py:186} INFO - Started process (PID=33605) to work on /Users/saiprasadreddykolan/Documents/E-commerce_project/venv/lib/python3.10/site-packages/airflow/example_dags/example_xcom.py
[2024-10-30T21:21:55.678-0700] {processor.py:914} INFO - Processing file /Users/saiprasadreddykolan/Documents/E-commerce_project/venv/lib/python3.10/site-packages/airflow/example_dags/example_xcom.py for tasks to queue
[2024-10-30T21:21:55.679-0700] {logging_mixin.py:190} INFO - [2024-10-30T21:21:55.679-0700] {dagbag.py:588} INFO - Filling up the DagBag from /Users/saiprasadreddykolan/Documents/E-commerce_project/venv/lib/python3.10/site-packages/airflow/example_dags/example_xcom.py
[2024-10-30T21:21:55.692-0700] {processor.py:925} INFO - DAG(s) 'example_xcom' retrieved from /Users/saiprasadreddykolan/Documents/E-commerce_project/venv/lib/python3.10/site-packages/airflow/example_dags/example_xcom.py
[2024-10-30T21:21:55.726-0700] {logging_mixin.py:190} INFO - [2024-10-30T21:21:55.726-0700] {dag.py:3239} INFO - Sync 1 DAGs
[2024-10-30T21:21:55.732-0700] {logging_mixin.py:190} INFO - [2024-10-30T21:21:55.732-0700] {dag.py:4180} INFO - Setting next_dagrun for example_xcom to 2021-01-01T00:00:00+00:00, run_after=2021-01-01T00:00:00+00:00
[2024-10-30T21:21:55.737-0700] {processor.py:208} INFO - Processing /Users/saiprasadreddykolan/Documents/E-commerce_project/venv/lib/python3.10/site-packages/airflow/example_dags/example_xcom.py took 0.062 seconds
[2024-10-30T21:23:04.563-0700] {processor.py:186} INFO - Started process (PID=33704) to work on /Users/saiprasadreddykolan/Documents/E-commerce_project/venv/lib/python3.10/site-packages/airflow/example_dags/example_xcom.py
[2024-10-30T21:23:04.565-0700] {processor.py:914} INFO - Processing file /Users/saiprasadreddykolan/Documents/E-commerce_project/venv/lib/python3.10/site-packages/airflow/example_dags/example_xcom.py for tasks to queue
[2024-10-30T21:23:04.566-0700] {logging_mixin.py:190} INFO - [2024-10-30T21:23:04.565-0700] {dagbag.py:588} INFO - Filling up the DagBag from /Users/saiprasadreddykolan/Documents/E-commerce_project/venv/lib/python3.10/site-packages/airflow/example_dags/example_xcom.py
[2024-10-30T21:23:04.578-0700] {processor.py:925} INFO - DAG(s) 'example_xcom' retrieved from /Users/saiprasadreddykolan/Documents/E-commerce_project/venv/lib/python3.10/site-packages/airflow/example_dags/example_xcom.py
[2024-10-30T21:23:04.612-0700] {logging_mixin.py:190} INFO - [2024-10-30T21:23:04.612-0700] {dag.py:3239} INFO - Sync 1 DAGs
[2024-10-30T21:23:04.618-0700] {logging_mixin.py:190} INFO - [2024-10-30T21:23:04.618-0700] {dag.py:4180} INFO - Setting next_dagrun for example_xcom to 2021-01-01T00:00:00+00:00, run_after=2021-01-01T00:00:00+00:00
[2024-10-30T21:23:04.623-0700] {processor.py:208} INFO - Processing /Users/saiprasadreddykolan/Documents/E-commerce_project/venv/lib/python3.10/site-packages/airflow/example_dags/example_xcom.py took 0.062 seconds
[2024-10-30T21:24:10.250-0700] {processor.py:186} INFO - Started process (PID=34149) to work on /Users/saiprasadreddykolan/Documents/E-commerce_project/venv/lib/python3.10/site-packages/airflow/example_dags/example_xcom.py
[2024-10-30T21:24:10.251-0700] {processor.py:914} INFO - Processing file /Users/saiprasadreddykolan/Documents/E-commerce_project/venv/lib/python3.10/site-packages/airflow/example_dags/example_xcom.py for tasks to queue
[2024-10-30T21:24:10.252-0700] {logging_mixin.py:190} INFO - [2024-10-30T21:24:10.252-0700] {dagbag.py:588} INFO - Filling up the DagBag from /Users/saiprasadreddykolan/Documents/E-commerce_project/venv/lib/python3.10/site-packages/airflow/example_dags/example_xcom.py
[2024-10-30T21:24:10.266-0700] {processor.py:925} INFO - DAG(s) 'example_xcom' retrieved from /Users/saiprasadreddykolan/Documents/E-commerce_project/venv/lib/python3.10/site-packages/airflow/example_dags/example_xcom.py
[2024-10-30T21:24:10.302-0700] {logging_mixin.py:190} INFO - [2024-10-30T21:24:10.302-0700] {dag.py:3239} INFO - Sync 1 DAGs
[2024-10-30T21:24:10.309-0700] {logging_mixin.py:190} INFO - [2024-10-30T21:24:10.309-0700] {dag.py:4180} INFO - Setting next_dagrun for example_xcom to 2021-01-01T00:00:00+00:00, run_after=2021-01-01T00:00:00+00:00
[2024-10-30T21:24:10.314-0700] {processor.py:208} INFO - Processing /Users/saiprasadreddykolan/Documents/E-commerce_project/venv/lib/python3.10/site-packages/airflow/example_dags/example_xcom.py took 0.066 seconds
[2024-10-30T21:25:17.154-0700] {processor.py:186} INFO - Started process (PID=36098) to work on /Users/saiprasadreddykolan/Documents/E-commerce_project/venv/lib/python3.10/site-packages/airflow/example_dags/example_xcom.py
[2024-10-30T21:25:17.156-0700] {processor.py:914} INFO - Processing file /Users/saiprasadreddykolan/Documents/E-commerce_project/venv/lib/python3.10/site-packages/airflow/example_dags/example_xcom.py for tasks to queue
[2024-10-30T21:25:17.157-0700] {logging_mixin.py:190} INFO - [2024-10-30T21:25:17.157-0700] {dagbag.py:588} INFO - Filling up the DagBag from /Users/saiprasadreddykolan/Documents/E-commerce_project/venv/lib/python3.10/site-packages/airflow/example_dags/example_xcom.py
[2024-10-30T21:25:17.169-0700] {processor.py:925} INFO - DAG(s) 'example_xcom' retrieved from /Users/saiprasadreddykolan/Documents/E-commerce_project/venv/lib/python3.10/site-packages/airflow/example_dags/example_xcom.py
[2024-10-30T21:25:17.203-0700] {logging_mixin.py:190} INFO - [2024-10-30T21:25:17.203-0700] {dag.py:3239} INFO - Sync 1 DAGs
[2024-10-30T21:25:17.209-0700] {logging_mixin.py:190} INFO - [2024-10-30T21:25:17.209-0700] {dag.py:4180} INFO - Setting next_dagrun for example_xcom to 2021-01-01T00:00:00+00:00, run_after=2021-01-01T00:00:00+00:00
[2024-10-30T21:25:17.215-0700] {processor.py:208} INFO - Processing /Users/saiprasadreddykolan/Documents/E-commerce_project/venv/lib/python3.10/site-packages/airflow/example_dags/example_xcom.py took 0.061 seconds
[2024-10-30T21:26:24.016-0700] {processor.py:186} INFO - Started process (PID=36188) to work on /Users/saiprasadreddykolan/Documents/E-commerce_project/venv/lib/python3.10/site-packages/airflow/example_dags/example_xcom.py
[2024-10-30T21:26:24.018-0700] {processor.py:914} INFO - Processing file /Users/saiprasadreddykolan/Documents/E-commerce_project/venv/lib/python3.10/site-packages/airflow/example_dags/example_xcom.py for tasks to queue
[2024-10-30T21:26:24.018-0700] {logging_mixin.py:190} INFO - [2024-10-30T21:26:24.018-0700] {dagbag.py:588} INFO - Filling up the DagBag from /Users/saiprasadreddykolan/Documents/E-commerce_project/venv/lib/python3.10/site-packages/airflow/example_dags/example_xcom.py
[2024-10-30T21:26:24.033-0700] {processor.py:925} INFO - DAG(s) 'example_xcom' retrieved from /Users/saiprasadreddykolan/Documents/E-commerce_project/venv/lib/python3.10/site-packages/airflow/example_dags/example_xcom.py
[2024-10-30T21:26:24.069-0700] {logging_mixin.py:190} INFO - [2024-10-30T21:26:24.069-0700] {dag.py:3239} INFO - Sync 1 DAGs
[2024-10-30T21:26:24.075-0700] {logging_mixin.py:190} INFO - [2024-10-30T21:26:24.075-0700] {dag.py:4180} INFO - Setting next_dagrun for example_xcom to 2021-01-01T00:00:00+00:00, run_after=2021-01-01T00:00:00+00:00
[2024-10-30T21:26:24.082-0700] {processor.py:208} INFO - Processing /Users/saiprasadreddykolan/Documents/E-commerce_project/venv/lib/python3.10/site-packages/airflow/example_dags/example_xcom.py took 0.068 seconds
[2024-10-30T21:27:32.716-0700] {processor.py:186} INFO - Started process (PID=36268) to work on /Users/saiprasadreddykolan/Documents/E-commerce_project/venv/lib/python3.10/site-packages/airflow/example_dags/example_xcom.py
[2024-10-30T21:27:32.718-0700] {processor.py:914} INFO - Processing file /Users/saiprasadreddykolan/Documents/E-commerce_project/venv/lib/python3.10/site-packages/airflow/example_dags/example_xcom.py for tasks to queue
[2024-10-30T21:27:32.718-0700] {logging_mixin.py:190} INFO - [2024-10-30T21:27:32.718-0700] {dagbag.py:588} INFO - Filling up the DagBag from /Users/saiprasadreddykolan/Documents/E-commerce_project/venv/lib/python3.10/site-packages/airflow/example_dags/example_xcom.py
[2024-10-30T21:27:32.735-0700] {processor.py:925} INFO - DAG(s) 'example_xcom' retrieved from /Users/saiprasadreddykolan/Documents/E-commerce_project/venv/lib/python3.10/site-packages/airflow/example_dags/example_xcom.py
[2024-10-30T21:27:32.773-0700] {logging_mixin.py:190} INFO - [2024-10-30T21:27:32.773-0700] {dag.py:3239} INFO - Sync 1 DAGs
[2024-10-30T21:27:32.780-0700] {logging_mixin.py:190} INFO - [2024-10-30T21:27:32.780-0700] {dag.py:4180} INFO - Setting next_dagrun for example_xcom to 2021-01-01T00:00:00+00:00, run_after=2021-01-01T00:00:00+00:00
[2024-10-30T21:27:32.787-0700] {processor.py:208} INFO - Processing /Users/saiprasadreddykolan/Documents/E-commerce_project/venv/lib/python3.10/site-packages/airflow/example_dags/example_xcom.py took 0.072 seconds
[2024-10-30T21:28:37.747-0700] {processor.py:186} INFO - Started process (PID=36389) to work on /Users/saiprasadreddykolan/Documents/E-commerce_project/venv/lib/python3.10/site-packages/airflow/example_dags/example_xcom.py
[2024-10-30T21:28:37.749-0700] {processor.py:914} INFO - Processing file /Users/saiprasadreddykolan/Documents/E-commerce_project/venv/lib/python3.10/site-packages/airflow/example_dags/example_xcom.py for tasks to queue
[2024-10-30T21:28:37.749-0700] {logging_mixin.py:190} INFO - [2024-10-30T21:28:37.749-0700] {dagbag.py:588} INFO - Filling up the DagBag from /Users/saiprasadreddykolan/Documents/E-commerce_project/venv/lib/python3.10/site-packages/airflow/example_dags/example_xcom.py
[2024-10-30T21:28:37.762-0700] {processor.py:925} INFO - DAG(s) 'example_xcom' retrieved from /Users/saiprasadreddykolan/Documents/E-commerce_project/venv/lib/python3.10/site-packages/airflow/example_dags/example_xcom.py
[2024-10-30T21:28:37.796-0700] {logging_mixin.py:190} INFO - [2024-10-30T21:28:37.796-0700] {dag.py:3239} INFO - Sync 1 DAGs
[2024-10-30T21:28:37.802-0700] {logging_mixin.py:190} INFO - [2024-10-30T21:28:37.802-0700] {dag.py:4180} INFO - Setting next_dagrun for example_xcom to 2021-01-01T00:00:00+00:00, run_after=2021-01-01T00:00:00+00:00
[2024-10-30T21:28:37.808-0700] {processor.py:208} INFO - Processing /Users/saiprasadreddykolan/Documents/E-commerce_project/venv/lib/python3.10/site-packages/airflow/example_dags/example_xcom.py took 0.062 seconds
[2024-10-30T21:29:41.216-0700] {processor.py:186} INFO - Started process (PID=36518) to work on /Users/saiprasadreddykolan/Documents/E-commerce_project/venv/lib/python3.10/site-packages/airflow/example_dags/example_xcom.py
[2024-10-30T21:29:41.218-0700] {processor.py:914} INFO - Processing file /Users/saiprasadreddykolan/Documents/E-commerce_project/venv/lib/python3.10/site-packages/airflow/example_dags/example_xcom.py for tasks to queue
[2024-10-30T21:29:41.218-0700] {logging_mixin.py:190} INFO - [2024-10-30T21:29:41.218-0700] {dagbag.py:588} INFO - Filling up the DagBag from /Users/saiprasadreddykolan/Documents/E-commerce_project/venv/lib/python3.10/site-packages/airflow/example_dags/example_xcom.py
[2024-10-30T21:29:41.232-0700] {processor.py:925} INFO - DAG(s) 'example_xcom' retrieved from /Users/saiprasadreddykolan/Documents/E-commerce_project/venv/lib/python3.10/site-packages/airflow/example_dags/example_xcom.py
[2024-10-30T21:29:41.268-0700] {logging_mixin.py:190} INFO - [2024-10-30T21:29:41.268-0700] {dag.py:3239} INFO - Sync 1 DAGs
[2024-10-30T21:29:41.274-0700] {logging_mixin.py:190} INFO - [2024-10-30T21:29:41.274-0700] {dag.py:4180} INFO - Setting next_dagrun for example_xcom to 2021-01-01T00:00:00+00:00, run_after=2021-01-01T00:00:00+00:00
[2024-10-30T21:29:41.280-0700] {processor.py:208} INFO - Processing /Users/saiprasadreddykolan/Documents/E-commerce_project/venv/lib/python3.10/site-packages/airflow/example_dags/example_xcom.py took 0.065 seconds
[2024-10-30T21:30:46.269-0700] {processor.py:186} INFO - Started process (PID=36608) to work on /Users/saiprasadreddykolan/Documents/E-commerce_project/venv/lib/python3.10/site-packages/airflow/example_dags/example_xcom.py
[2024-10-30T21:30:46.272-0700] {processor.py:914} INFO - Processing file /Users/saiprasadreddykolan/Documents/E-commerce_project/venv/lib/python3.10/site-packages/airflow/example_dags/example_xcom.py for tasks to queue
[2024-10-30T21:30:46.272-0700] {logging_mixin.py:190} INFO - [2024-10-30T21:30:46.272-0700] {dagbag.py:588} INFO - Filling up the DagBag from /Users/saiprasadreddykolan/Documents/E-commerce_project/venv/lib/python3.10/site-packages/airflow/example_dags/example_xcom.py
[2024-10-30T21:30:46.285-0700] {processor.py:925} INFO - DAG(s) 'example_xcom' retrieved from /Users/saiprasadreddykolan/Documents/E-commerce_project/venv/lib/python3.10/site-packages/airflow/example_dags/example_xcom.py
[2024-10-30T21:30:46.319-0700] {logging_mixin.py:190} INFO - [2024-10-30T21:30:46.319-0700] {dag.py:3239} INFO - Sync 1 DAGs
[2024-10-30T21:30:46.325-0700] {logging_mixin.py:190} INFO - [2024-10-30T21:30:46.325-0700] {dag.py:4180} INFO - Setting next_dagrun for example_xcom to 2021-01-01T00:00:00+00:00, run_after=2021-01-01T00:00:00+00:00
[2024-10-30T21:30:46.330-0700] {processor.py:208} INFO - Processing /Users/saiprasadreddykolan/Documents/E-commerce_project/venv/lib/python3.10/site-packages/airflow/example_dags/example_xcom.py took 0.062 seconds
[2024-10-30T21:31:53.913-0700] {processor.py:186} INFO - Started process (PID=36706) to work on /Users/saiprasadreddykolan/Documents/E-commerce_project/venv/lib/python3.10/site-packages/airflow/example_dags/example_xcom.py
[2024-10-30T21:31:53.914-0700] {processor.py:914} INFO - Processing file /Users/saiprasadreddykolan/Documents/E-commerce_project/venv/lib/python3.10/site-packages/airflow/example_dags/example_xcom.py for tasks to queue
[2024-10-30T21:31:53.915-0700] {logging_mixin.py:190} INFO - [2024-10-30T21:31:53.915-0700] {dagbag.py:588} INFO - Filling up the DagBag from /Users/saiprasadreddykolan/Documents/E-commerce_project/venv/lib/python3.10/site-packages/airflow/example_dags/example_xcom.py
[2024-10-30T21:31:53.929-0700] {processor.py:925} INFO - DAG(s) 'example_xcom' retrieved from /Users/saiprasadreddykolan/Documents/E-commerce_project/venv/lib/python3.10/site-packages/airflow/example_dags/example_xcom.py
[2024-10-30T21:31:53.964-0700] {logging_mixin.py:190} INFO - [2024-10-30T21:31:53.964-0700] {dag.py:3239} INFO - Sync 1 DAGs
[2024-10-30T21:31:53.970-0700] {logging_mixin.py:190} INFO - [2024-10-30T21:31:53.970-0700] {dag.py:4180} INFO - Setting next_dagrun for example_xcom to 2021-01-01T00:00:00+00:00, run_after=2021-01-01T00:00:00+00:00
[2024-10-30T21:31:53.976-0700] {processor.py:208} INFO - Processing /Users/saiprasadreddykolan/Documents/E-commerce_project/venv/lib/python3.10/site-packages/airflow/example_dags/example_xcom.py took 0.064 seconds
[2024-10-30T21:33:06.020-0700] {processor.py:186} INFO - Started process (PID=36794) to work on /Users/saiprasadreddykolan/Documents/E-commerce_project/venv/lib/python3.10/site-packages/airflow/example_dags/example_xcom.py
[2024-10-30T21:33:06.023-0700] {processor.py:914} INFO - Processing file /Users/saiprasadreddykolan/Documents/E-commerce_project/venv/lib/python3.10/site-packages/airflow/example_dags/example_xcom.py for tasks to queue
[2024-10-30T21:33:06.023-0700] {logging_mixin.py:190} INFO - [2024-10-30T21:33:06.023-0700] {dagbag.py:588} INFO - Filling up the DagBag from /Users/saiprasadreddykolan/Documents/E-commerce_project/venv/lib/python3.10/site-packages/airflow/example_dags/example_xcom.py
[2024-10-30T21:33:06.036-0700] {processor.py:925} INFO - DAG(s) 'example_xcom' retrieved from /Users/saiprasadreddykolan/Documents/E-commerce_project/venv/lib/python3.10/site-packages/airflow/example_dags/example_xcom.py
[2024-10-30T21:33:06.071-0700] {logging_mixin.py:190} INFO - [2024-10-30T21:33:06.071-0700] {dag.py:3239} INFO - Sync 1 DAGs
[2024-10-30T21:33:06.077-0700] {logging_mixin.py:190} INFO - [2024-10-30T21:33:06.077-0700] {dag.py:4180} INFO - Setting next_dagrun for example_xcom to 2021-01-01T00:00:00+00:00, run_after=2021-01-01T00:00:00+00:00
[2024-10-30T21:33:06.083-0700] {processor.py:208} INFO - Processing /Users/saiprasadreddykolan/Documents/E-commerce_project/venv/lib/python3.10/site-packages/airflow/example_dags/example_xcom.py took 0.064 seconds
[2024-10-30T21:34:14.980-0700] {processor.py:186} INFO - Started process (PID=36877) to work on /Users/saiprasadreddykolan/Documents/E-commerce_project/venv/lib/python3.10/site-packages/airflow/example_dags/example_xcom.py
[2024-10-30T21:34:14.984-0700] {processor.py:914} INFO - Processing file /Users/saiprasadreddykolan/Documents/E-commerce_project/venv/lib/python3.10/site-packages/airflow/example_dags/example_xcom.py for tasks to queue
[2024-10-30T21:34:14.984-0700] {logging_mixin.py:190} INFO - [2024-10-30T21:34:14.984-0700] {dagbag.py:588} INFO - Filling up the DagBag from /Users/saiprasadreddykolan/Documents/E-commerce_project/venv/lib/python3.10/site-packages/airflow/example_dags/example_xcom.py
[2024-10-30T21:34:14.999-0700] {processor.py:925} INFO - DAG(s) 'example_xcom' retrieved from /Users/saiprasadreddykolan/Documents/E-commerce_project/venv/lib/python3.10/site-packages/airflow/example_dags/example_xcom.py
[2024-10-30T21:34:15.033-0700] {logging_mixin.py:190} INFO - [2024-10-30T21:34:15.033-0700] {dag.py:3239} INFO - Sync 1 DAGs
[2024-10-30T21:34:15.039-0700] {logging_mixin.py:190} INFO - [2024-10-30T21:34:15.039-0700] {dag.py:4180} INFO - Setting next_dagrun for example_xcom to 2021-01-01T00:00:00+00:00, run_after=2021-01-01T00:00:00+00:00
[2024-10-30T21:34:15.045-0700] {processor.py:208} INFO - Processing /Users/saiprasadreddykolan/Documents/E-commerce_project/venv/lib/python3.10/site-packages/airflow/example_dags/example_xcom.py took 0.066 seconds
[2024-10-30T21:35:22.375-0700] {processor.py:186} INFO - Started process (PID=36961) to work on /Users/saiprasadreddykolan/Documents/E-commerce_project/venv/lib/python3.10/site-packages/airflow/example_dags/example_xcom.py
[2024-10-30T21:35:22.377-0700] {processor.py:914} INFO - Processing file /Users/saiprasadreddykolan/Documents/E-commerce_project/venv/lib/python3.10/site-packages/airflow/example_dags/example_xcom.py for tasks to queue
[2024-10-30T21:35:22.378-0700] {logging_mixin.py:190} INFO - [2024-10-30T21:35:22.378-0700] {dagbag.py:588} INFO - Filling up the DagBag from /Users/saiprasadreddykolan/Documents/E-commerce_project/venv/lib/python3.10/site-packages/airflow/example_dags/example_xcom.py
[2024-10-30T21:35:22.391-0700] {processor.py:925} INFO - DAG(s) 'example_xcom' retrieved from /Users/saiprasadreddykolan/Documents/E-commerce_project/venv/lib/python3.10/site-packages/airflow/example_dags/example_xcom.py
[2024-10-30T21:35:22.425-0700] {logging_mixin.py:190} INFO - [2024-10-30T21:35:22.425-0700] {dag.py:3239} INFO - Sync 1 DAGs
[2024-10-30T21:35:22.431-0700] {logging_mixin.py:190} INFO - [2024-10-30T21:35:22.431-0700] {dag.py:4180} INFO - Setting next_dagrun for example_xcom to 2021-01-01T00:00:00+00:00, run_after=2021-01-01T00:00:00+00:00
[2024-10-30T21:35:22.436-0700] {processor.py:208} INFO - Processing /Users/saiprasadreddykolan/Documents/E-commerce_project/venv/lib/python3.10/site-packages/airflow/example_dags/example_xcom.py took 0.062 seconds
[2024-10-30T21:36:29.865-0700] {processor.py:186} INFO - Started process (PID=37044) to work on /Users/saiprasadreddykolan/Documents/E-commerce_project/venv/lib/python3.10/site-packages/airflow/example_dags/example_xcom.py
[2024-10-30T21:36:29.867-0700] {processor.py:914} INFO - Processing file /Users/saiprasadreddykolan/Documents/E-commerce_project/venv/lib/python3.10/site-packages/airflow/example_dags/example_xcom.py for tasks to queue
[2024-10-30T21:36:29.868-0700] {logging_mixin.py:190} INFO - [2024-10-30T21:36:29.868-0700] {dagbag.py:588} INFO - Filling up the DagBag from /Users/saiprasadreddykolan/Documents/E-commerce_project/venv/lib/python3.10/site-packages/airflow/example_dags/example_xcom.py
[2024-10-30T21:36:29.880-0700] {processor.py:925} INFO - DAG(s) 'example_xcom' retrieved from /Users/saiprasadreddykolan/Documents/E-commerce_project/venv/lib/python3.10/site-packages/airflow/example_dags/example_xcom.py
[2024-10-30T21:36:29.914-0700] {logging_mixin.py:190} INFO - [2024-10-30T21:36:29.914-0700] {dag.py:3239} INFO - Sync 1 DAGs
[2024-10-30T21:36:29.920-0700] {logging_mixin.py:190} INFO - [2024-10-30T21:36:29.920-0700] {dag.py:4180} INFO - Setting next_dagrun for example_xcom to 2021-01-01T00:00:00+00:00, run_after=2021-01-01T00:00:00+00:00
[2024-10-30T21:36:29.926-0700] {processor.py:208} INFO - Processing /Users/saiprasadreddykolan/Documents/E-commerce_project/venv/lib/python3.10/site-packages/airflow/example_dags/example_xcom.py took 0.062 seconds
[2024-10-30T21:37:37.148-0700] {processor.py:186} INFO - Started process (PID=37125) to work on /Users/saiprasadreddykolan/Documents/E-commerce_project/venv/lib/python3.10/site-packages/airflow/example_dags/example_xcom.py
[2024-10-30T21:37:37.150-0700] {processor.py:914} INFO - Processing file /Users/saiprasadreddykolan/Documents/E-commerce_project/venv/lib/python3.10/site-packages/airflow/example_dags/example_xcom.py for tasks to queue
[2024-10-30T21:37:37.150-0700] {logging_mixin.py:190} INFO - [2024-10-30T21:37:37.150-0700] {dagbag.py:588} INFO - Filling up the DagBag from /Users/saiprasadreddykolan/Documents/E-commerce_project/venv/lib/python3.10/site-packages/airflow/example_dags/example_xcom.py
[2024-10-30T21:37:37.163-0700] {processor.py:925} INFO - DAG(s) 'example_xcom' retrieved from /Users/saiprasadreddykolan/Documents/E-commerce_project/venv/lib/python3.10/site-packages/airflow/example_dags/example_xcom.py
[2024-10-30T21:37:37.197-0700] {logging_mixin.py:190} INFO - [2024-10-30T21:37:37.197-0700] {dag.py:3239} INFO - Sync 1 DAGs
[2024-10-30T21:37:37.203-0700] {logging_mixin.py:190} INFO - [2024-10-30T21:37:37.203-0700] {dag.py:4180} INFO - Setting next_dagrun for example_xcom to 2021-01-01T00:00:00+00:00, run_after=2021-01-01T00:00:00+00:00
[2024-10-30T21:37:37.209-0700] {processor.py:208} INFO - Processing /Users/saiprasadreddykolan/Documents/E-commerce_project/venv/lib/python3.10/site-packages/airflow/example_dags/example_xcom.py took 0.062 seconds
[2024-10-30T21:38:43.569-0700] {processor.py:186} INFO - Started process (PID=37222) to work on /Users/saiprasadreddykolan/Documents/E-commerce_project/venv/lib/python3.10/site-packages/airflow/example_dags/example_xcom.py
[2024-10-30T21:38:43.571-0700] {processor.py:914} INFO - Processing file /Users/saiprasadreddykolan/Documents/E-commerce_project/venv/lib/python3.10/site-packages/airflow/example_dags/example_xcom.py for tasks to queue
[2024-10-30T21:38:43.572-0700] {logging_mixin.py:190} INFO - [2024-10-30T21:38:43.571-0700] {dagbag.py:588} INFO - Filling up the DagBag from /Users/saiprasadreddykolan/Documents/E-commerce_project/venv/lib/python3.10/site-packages/airflow/example_dags/example_xcom.py
[2024-10-30T21:38:43.584-0700] {processor.py:925} INFO - DAG(s) 'example_xcom' retrieved from /Users/saiprasadreddykolan/Documents/E-commerce_project/venv/lib/python3.10/site-packages/airflow/example_dags/example_xcom.py
[2024-10-30T21:38:43.619-0700] {logging_mixin.py:190} INFO - [2024-10-30T21:38:43.619-0700] {dag.py:3239} INFO - Sync 1 DAGs
[2024-10-30T21:38:43.625-0700] {logging_mixin.py:190} INFO - [2024-10-30T21:38:43.625-0700] {dag.py:4180} INFO - Setting next_dagrun for example_xcom to 2021-01-01T00:00:00+00:00, run_after=2021-01-01T00:00:00+00:00
[2024-10-30T21:38:43.633-0700] {processor.py:208} INFO - Processing /Users/saiprasadreddykolan/Documents/E-commerce_project/venv/lib/python3.10/site-packages/airflow/example_dags/example_xcom.py took 0.064 seconds
[2024-10-30T21:39:47.058-0700] {processor.py:186} INFO - Started process (PID=37314) to work on /Users/saiprasadreddykolan/Documents/E-commerce_project/venv/lib/python3.10/site-packages/airflow/example_dags/example_xcom.py
[2024-10-30T21:39:47.059-0700] {processor.py:914} INFO - Processing file /Users/saiprasadreddykolan/Documents/E-commerce_project/venv/lib/python3.10/site-packages/airflow/example_dags/example_xcom.py for tasks to queue
[2024-10-30T21:39:47.060-0700] {logging_mixin.py:190} INFO - [2024-10-30T21:39:47.060-0700] {dagbag.py:588} INFO - Filling up the DagBag from /Users/saiprasadreddykolan/Documents/E-commerce_project/venv/lib/python3.10/site-packages/airflow/example_dags/example_xcom.py
[2024-10-30T21:39:47.073-0700] {processor.py:925} INFO - DAG(s) 'example_xcom' retrieved from /Users/saiprasadreddykolan/Documents/E-commerce_project/venv/lib/python3.10/site-packages/airflow/example_dags/example_xcom.py
[2024-10-30T21:39:47.107-0700] {logging_mixin.py:190} INFO - [2024-10-30T21:39:47.107-0700] {dag.py:3239} INFO - Sync 1 DAGs
[2024-10-30T21:39:47.113-0700] {logging_mixin.py:190} INFO - [2024-10-30T21:39:47.113-0700] {dag.py:4180} INFO - Setting next_dagrun for example_xcom to 2021-01-01T00:00:00+00:00, run_after=2021-01-01T00:00:00+00:00
[2024-10-30T21:39:47.119-0700] {processor.py:208} INFO - Processing /Users/saiprasadreddykolan/Documents/E-commerce_project/venv/lib/python3.10/site-packages/airflow/example_dags/example_xcom.py took 0.063 seconds
[2024-10-30T21:40:53.646-0700] {processor.py:186} INFO - Started process (PID=37396) to work on /Users/saiprasadreddykolan/Documents/E-commerce_project/venv/lib/python3.10/site-packages/airflow/example_dags/example_xcom.py
[2024-10-30T21:40:53.648-0700] {processor.py:914} INFO - Processing file /Users/saiprasadreddykolan/Documents/E-commerce_project/venv/lib/python3.10/site-packages/airflow/example_dags/example_xcom.py for tasks to queue
[2024-10-30T21:40:53.649-0700] {logging_mixin.py:190} INFO - [2024-10-30T21:40:53.649-0700] {dagbag.py:588} INFO - Filling up the DagBag from /Users/saiprasadreddykolan/Documents/E-commerce_project/venv/lib/python3.10/site-packages/airflow/example_dags/example_xcom.py
[2024-10-30T21:40:53.661-0700] {processor.py:925} INFO - DAG(s) 'example_xcom' retrieved from /Users/saiprasadreddykolan/Documents/E-commerce_project/venv/lib/python3.10/site-packages/airflow/example_dags/example_xcom.py
[2024-10-30T21:40:53.694-0700] {logging_mixin.py:190} INFO - [2024-10-30T21:40:53.694-0700] {dag.py:3239} INFO - Sync 1 DAGs
[2024-10-30T21:40:53.700-0700] {logging_mixin.py:190} INFO - [2024-10-30T21:40:53.700-0700] {dag.py:4180} INFO - Setting next_dagrun for example_xcom to 2021-01-01T00:00:00+00:00, run_after=2021-01-01T00:00:00+00:00
[2024-10-30T21:40:53.706-0700] {processor.py:208} INFO - Processing /Users/saiprasadreddykolan/Documents/E-commerce_project/venv/lib/python3.10/site-packages/airflow/example_dags/example_xcom.py took 0.061 seconds
[2024-10-30T21:41:59.470-0700] {processor.py:186} INFO - Started process (PID=37474) to work on /Users/saiprasadreddykolan/Documents/E-commerce_project/venv/lib/python3.10/site-packages/airflow/example_dags/example_xcom.py
[2024-10-30T21:41:59.472-0700] {processor.py:914} INFO - Processing file /Users/saiprasadreddykolan/Documents/E-commerce_project/venv/lib/python3.10/site-packages/airflow/example_dags/example_xcom.py for tasks to queue
[2024-10-30T21:41:59.473-0700] {logging_mixin.py:190} INFO - [2024-10-30T21:41:59.473-0700] {dagbag.py:588} INFO - Filling up the DagBag from /Users/saiprasadreddykolan/Documents/E-commerce_project/venv/lib/python3.10/site-packages/airflow/example_dags/example_xcom.py
[2024-10-30T21:41:59.485-0700] {processor.py:925} INFO - DAG(s) 'example_xcom' retrieved from /Users/saiprasadreddykolan/Documents/E-commerce_project/venv/lib/python3.10/site-packages/airflow/example_dags/example_xcom.py
[2024-10-30T21:41:59.519-0700] {logging_mixin.py:190} INFO - [2024-10-30T21:41:59.519-0700] {dag.py:3239} INFO - Sync 1 DAGs
[2024-10-30T21:41:59.525-0700] {logging_mixin.py:190} INFO - [2024-10-30T21:41:59.525-0700] {dag.py:4180} INFO - Setting next_dagrun for example_xcom to 2021-01-01T00:00:00+00:00, run_after=2021-01-01T00:00:00+00:00
[2024-10-30T21:41:59.531-0700] {processor.py:208} INFO - Processing /Users/saiprasadreddykolan/Documents/E-commerce_project/venv/lib/python3.10/site-packages/airflow/example_dags/example_xcom.py took 0.062 seconds
[2024-10-30T22:31:30.865-0700] {processor.py:186} INFO - Started process (PID=37673) to work on /Users/saiprasadreddykolan/Documents/E-commerce_project/venv/lib/python3.10/site-packages/airflow/example_dags/example_xcom.py
[2024-10-30T22:31:30.867-0700] {processor.py:914} INFO - Processing file /Users/saiprasadreddykolan/Documents/E-commerce_project/venv/lib/python3.10/site-packages/airflow/example_dags/example_xcom.py for tasks to queue
[2024-10-30T22:31:30.867-0700] {logging_mixin.py:190} INFO - [2024-10-30T22:31:30.867-0700] {dagbag.py:588} INFO - Filling up the DagBag from /Users/saiprasadreddykolan/Documents/E-commerce_project/venv/lib/python3.10/site-packages/airflow/example_dags/example_xcom.py
[2024-10-30T22:31:30.882-0700] {processor.py:925} INFO - DAG(s) 'example_xcom' retrieved from /Users/saiprasadreddykolan/Documents/E-commerce_project/venv/lib/python3.10/site-packages/airflow/example_dags/example_xcom.py
[2024-10-30T22:31:30.920-0700] {logging_mixin.py:190} INFO - [2024-10-30T22:31:30.920-0700] {dag.py:3239} INFO - Sync 1 DAGs
[2024-10-30T22:31:30.927-0700] {logging_mixin.py:190} INFO - [2024-10-30T22:31:30.927-0700] {dag.py:4180} INFO - Setting next_dagrun for example_xcom to 2021-01-01T00:00:00+00:00, run_after=2021-01-01T00:00:00+00:00
[2024-10-30T22:31:30.933-0700] {processor.py:208} INFO - Processing /Users/saiprasadreddykolan/Documents/E-commerce_project/venv/lib/python3.10/site-packages/airflow/example_dags/example_xcom.py took 0.069 seconds
[2024-10-30T23:43:52.126-0700] {processor.py:186} INFO - Started process (PID=37861) to work on /Users/saiprasadreddykolan/Documents/E-commerce_project/venv/lib/python3.10/site-packages/airflow/example_dags/example_xcom.py
[2024-10-30T23:43:52.130-0700] {processor.py:914} INFO - Processing file /Users/saiprasadreddykolan/Documents/E-commerce_project/venv/lib/python3.10/site-packages/airflow/example_dags/example_xcom.py for tasks to queue
[2024-10-30T23:43:52.130-0700] {logging_mixin.py:190} INFO - [2024-10-30T23:43:52.130-0700] {dagbag.py:588} INFO - Filling up the DagBag from /Users/saiprasadreddykolan/Documents/E-commerce_project/venv/lib/python3.10/site-packages/airflow/example_dags/example_xcom.py
[2024-10-30T23:43:52.142-0700] {processor.py:925} INFO - DAG(s) 'example_xcom' retrieved from /Users/saiprasadreddykolan/Documents/E-commerce_project/venv/lib/python3.10/site-packages/airflow/example_dags/example_xcom.py
[2024-10-30T23:43:52.175-0700] {logging_mixin.py:190} INFO - [2024-10-30T23:43:52.175-0700] {dag.py:3239} INFO - Sync 1 DAGs
[2024-10-30T23:43:52.181-0700] {logging_mixin.py:190} INFO - [2024-10-30T23:43:52.181-0700] {dag.py:4180} INFO - Setting next_dagrun for example_xcom to 2021-01-01T00:00:00+00:00, run_after=2021-01-01T00:00:00+00:00
[2024-10-30T23:43:52.186-0700] {processor.py:208} INFO - Processing /Users/saiprasadreddykolan/Documents/E-commerce_project/venv/lib/python3.10/site-packages/airflow/example_dags/example_xcom.py took 0.061 seconds
[2024-10-31T00:44:39.684-0700] {processor.py:186} INFO - Started process (PID=38047) to work on /Users/saiprasadreddykolan/Documents/E-commerce_project/venv/lib/python3.10/site-packages/airflow/example_dags/example_xcom.py
[2024-10-31T00:44:39.687-0700] {processor.py:914} INFO - Processing file /Users/saiprasadreddykolan/Documents/E-commerce_project/venv/lib/python3.10/site-packages/airflow/example_dags/example_xcom.py for tasks to queue
[2024-10-31T00:44:39.687-0700] {logging_mixin.py:190} INFO - [2024-10-31T00:44:39.687-0700] {dagbag.py:588} INFO - Filling up the DagBag from /Users/saiprasadreddykolan/Documents/E-commerce_project/venv/lib/python3.10/site-packages/airflow/example_dags/example_xcom.py
[2024-10-31T00:44:39.708-0700] {processor.py:925} INFO - DAG(s) 'example_xcom' retrieved from /Users/saiprasadreddykolan/Documents/E-commerce_project/venv/lib/python3.10/site-packages/airflow/example_dags/example_xcom.py
[2024-10-31T00:44:39.741-0700] {logging_mixin.py:190} INFO - [2024-10-31T00:44:39.741-0700] {dag.py:3239} INFO - Sync 1 DAGs
[2024-10-31T00:44:39.747-0700] {logging_mixin.py:190} INFO - [2024-10-31T00:44:39.747-0700] {dag.py:4180} INFO - Setting next_dagrun for example_xcom to 2021-01-01T00:00:00+00:00, run_after=2021-01-01T00:00:00+00:00
[2024-10-31T00:44:39.752-0700] {processor.py:208} INFO - Processing /Users/saiprasadreddykolan/Documents/E-commerce_project/venv/lib/python3.10/site-packages/airflow/example_dags/example_xcom.py took 0.069 seconds
[2024-10-31T01:32:55.952-0700] {processor.py:186} INFO - Started process (PID=38170) to work on /Users/saiprasadreddykolan/Documents/E-commerce_project/venv/lib/python3.10/site-packages/airflow/example_dags/example_xcom.py
[2024-10-31T01:32:55.954-0700] {processor.py:914} INFO - Processing file /Users/saiprasadreddykolan/Documents/E-commerce_project/venv/lib/python3.10/site-packages/airflow/example_dags/example_xcom.py for tasks to queue
[2024-10-31T01:32:55.955-0700] {logging_mixin.py:190} INFO - [2024-10-31T01:32:55.955-0700] {dagbag.py:588} INFO - Filling up the DagBag from /Users/saiprasadreddykolan/Documents/E-commerce_project/venv/lib/python3.10/site-packages/airflow/example_dags/example_xcom.py
[2024-10-31T01:32:55.967-0700] {processor.py:925} INFO - DAG(s) 'example_xcom' retrieved from /Users/saiprasadreddykolan/Documents/E-commerce_project/venv/lib/python3.10/site-packages/airflow/example_dags/example_xcom.py
[2024-10-31T01:32:56.000-0700] {logging_mixin.py:190} INFO - [2024-10-31T01:32:56.000-0700] {dag.py:3239} INFO - Sync 1 DAGs
[2024-10-31T01:32:56.006-0700] {logging_mixin.py:190} INFO - [2024-10-31T01:32:56.006-0700] {dag.py:4180} INFO - Setting next_dagrun for example_xcom to 2021-01-01T00:00:00+00:00, run_after=2021-01-01T00:00:00+00:00
[2024-10-31T01:32:56.011-0700] {processor.py:208} INFO - Processing /Users/saiprasadreddykolan/Documents/E-commerce_project/venv/lib/python3.10/site-packages/airflow/example_dags/example_xcom.py took 0.061 seconds
[2024-10-31T02:25:42.445-0700] {processor.py:186} INFO - Started process (PID=38301) to work on /Users/saiprasadreddykolan/Documents/E-commerce_project/venv/lib/python3.10/site-packages/airflow/example_dags/example_xcom.py
[2024-10-31T02:25:42.449-0700] {processor.py:914} INFO - Processing file /Users/saiprasadreddykolan/Documents/E-commerce_project/venv/lib/python3.10/site-packages/airflow/example_dags/example_xcom.py for tasks to queue
[2024-10-31T02:25:42.449-0700] {logging_mixin.py:190} INFO - [2024-10-31T02:25:42.449-0700] {dagbag.py:588} INFO - Filling up the DagBag from /Users/saiprasadreddykolan/Documents/E-commerce_project/venv/lib/python3.10/site-packages/airflow/example_dags/example_xcom.py
[2024-10-31T02:25:42.461-0700] {processor.py:925} INFO - DAG(s) 'example_xcom' retrieved from /Users/saiprasadreddykolan/Documents/E-commerce_project/venv/lib/python3.10/site-packages/airflow/example_dags/example_xcom.py
[2024-10-31T02:25:42.495-0700] {logging_mixin.py:190} INFO - [2024-10-31T02:25:42.494-0700] {dag.py:3239} INFO - Sync 1 DAGs
[2024-10-31T02:25:42.500-0700] {logging_mixin.py:190} INFO - [2024-10-31T02:25:42.500-0700] {dag.py:4180} INFO - Setting next_dagrun for example_xcom to 2021-01-01T00:00:00+00:00, run_after=2021-01-01T00:00:00+00:00
[2024-10-31T02:25:42.506-0700] {processor.py:208} INFO - Processing /Users/saiprasadreddykolan/Documents/E-commerce_project/venv/lib/python3.10/site-packages/airflow/example_dags/example_xcom.py took 0.062 seconds
[2024-10-31T03:49:58.102-0700] {processor.py:186} INFO - Started process (PID=38456) to work on /Users/saiprasadreddykolan/Documents/E-commerce_project/venv/lib/python3.10/site-packages/airflow/example_dags/example_xcom.py
[2024-10-31T03:49:58.104-0700] {processor.py:914} INFO - Processing file /Users/saiprasadreddykolan/Documents/E-commerce_project/venv/lib/python3.10/site-packages/airflow/example_dags/example_xcom.py for tasks to queue
[2024-10-31T03:49:58.104-0700] {logging_mixin.py:190} INFO - [2024-10-31T03:49:58.104-0700] {dagbag.py:588} INFO - Filling up the DagBag from /Users/saiprasadreddykolan/Documents/E-commerce_project/venv/lib/python3.10/site-packages/airflow/example_dags/example_xcom.py
[2024-10-31T03:49:58.116-0700] {processor.py:925} INFO - DAG(s) 'example_xcom' retrieved from /Users/saiprasadreddykolan/Documents/E-commerce_project/venv/lib/python3.10/site-packages/airflow/example_dags/example_xcom.py
[2024-10-31T03:49:58.149-0700] {logging_mixin.py:190} INFO - [2024-10-31T03:49:58.149-0700] {dag.py:3239} INFO - Sync 1 DAGs
[2024-10-31T03:49:58.155-0700] {logging_mixin.py:190} INFO - [2024-10-31T03:49:58.155-0700] {dag.py:4180} INFO - Setting next_dagrun for example_xcom to 2021-01-01T00:00:00+00:00, run_after=2021-01-01T00:00:00+00:00
[2024-10-31T03:49:58.160-0700] {processor.py:208} INFO - Processing /Users/saiprasadreddykolan/Documents/E-commerce_project/venv/lib/python3.10/site-packages/airflow/example_dags/example_xcom.py took 0.059 seconds
[2024-10-31T05:34:59.728-0700] {processor.py:186} INFO - Started process (PID=38735) to work on /Users/saiprasadreddykolan/Documents/E-commerce_project/venv/lib/python3.10/site-packages/airflow/example_dags/example_xcom.py
[2024-10-31T05:34:59.730-0700] {processor.py:914} INFO - Processing file /Users/saiprasadreddykolan/Documents/E-commerce_project/venv/lib/python3.10/site-packages/airflow/example_dags/example_xcom.py for tasks to queue
[2024-10-31T05:34:59.730-0700] {logging_mixin.py:190} INFO - [2024-10-31T05:34:59.730-0700] {dagbag.py:588} INFO - Filling up the DagBag from /Users/saiprasadreddykolan/Documents/E-commerce_project/venv/lib/python3.10/site-packages/airflow/example_dags/example_xcom.py
[2024-10-31T05:34:59.743-0700] {processor.py:925} INFO - DAG(s) 'example_xcom' retrieved from /Users/saiprasadreddykolan/Documents/E-commerce_project/venv/lib/python3.10/site-packages/airflow/example_dags/example_xcom.py
[2024-10-31T05:34:59.777-0700] {logging_mixin.py:190} INFO - [2024-10-31T05:34:59.776-0700] {dag.py:3239} INFO - Sync 1 DAGs
[2024-10-31T05:34:59.782-0700] {logging_mixin.py:190} INFO - [2024-10-31T05:34:59.782-0700] {dag.py:4180} INFO - Setting next_dagrun for example_xcom to 2021-01-01T00:00:00+00:00, run_after=2021-01-01T00:00:00+00:00
[2024-10-31T05:34:59.787-0700] {processor.py:208} INFO - Processing /Users/saiprasadreddykolan/Documents/E-commerce_project/venv/lib/python3.10/site-packages/airflow/example_dags/example_xcom.py took 0.061 seconds
[2024-10-31T06:25:23.551-0700] {processor.py:186} INFO - Started process (PID=38886) to work on /Users/saiprasadreddykolan/Documents/E-commerce_project/venv/lib/python3.10/site-packages/airflow/example_dags/example_xcom.py
[2024-10-31T06:25:23.553-0700] {processor.py:914} INFO - Processing file /Users/saiprasadreddykolan/Documents/E-commerce_project/venv/lib/python3.10/site-packages/airflow/example_dags/example_xcom.py for tasks to queue
[2024-10-31T06:25:23.554-0700] {logging_mixin.py:190} INFO - [2024-10-31T06:25:23.554-0700] {dagbag.py:588} INFO - Filling up the DagBag from /Users/saiprasadreddykolan/Documents/E-commerce_project/venv/lib/python3.10/site-packages/airflow/example_dags/example_xcom.py
[2024-10-31T06:25:23.576-0700] {processor.py:925} INFO - DAG(s) 'example_xcom' retrieved from /Users/saiprasadreddykolan/Documents/E-commerce_project/venv/lib/python3.10/site-packages/airflow/example_dags/example_xcom.py
[2024-10-31T06:25:23.620-0700] {logging_mixin.py:190} INFO - [2024-10-31T06:25:23.620-0700] {dag.py:3239} INFO - Sync 1 DAGs
[2024-10-31T06:25:23.629-0700] {logging_mixin.py:190} INFO - [2024-10-31T06:25:23.629-0700] {dag.py:4180} INFO - Setting next_dagrun for example_xcom to 2021-01-01T00:00:00+00:00, run_after=2021-01-01T00:00:00+00:00
[2024-10-31T06:25:23.637-0700] {processor.py:208} INFO - Processing /Users/saiprasadreddykolan/Documents/E-commerce_project/venv/lib/python3.10/site-packages/airflow/example_dags/example_xcom.py took 0.088 seconds
[2024-10-31T07:00:16.894-0700] {processor.py:186} INFO - Started process (PID=39024) to work on /Users/saiprasadreddykolan/Documents/E-commerce_project/venv/lib/python3.10/site-packages/airflow/example_dags/example_xcom.py
[2024-10-31T07:00:16.896-0700] {processor.py:914} INFO - Processing file /Users/saiprasadreddykolan/Documents/E-commerce_project/venv/lib/python3.10/site-packages/airflow/example_dags/example_xcom.py for tasks to queue
[2024-10-31T07:00:16.897-0700] {logging_mixin.py:190} INFO - [2024-10-31T07:00:16.897-0700] {dagbag.py:588} INFO - Filling up the DagBag from /Users/saiprasadreddykolan/Documents/E-commerce_project/venv/lib/python3.10/site-packages/airflow/example_dags/example_xcom.py
[2024-10-31T07:00:16.915-0700] {processor.py:925} INFO - DAG(s) 'example_xcom' retrieved from /Users/saiprasadreddykolan/Documents/E-commerce_project/venv/lib/python3.10/site-packages/airflow/example_dags/example_xcom.py
[2024-10-31T07:00:16.948-0700] {logging_mixin.py:190} INFO - [2024-10-31T07:00:16.948-0700] {dag.py:3239} INFO - Sync 1 DAGs
[2024-10-31T07:00:16.954-0700] {logging_mixin.py:190} INFO - [2024-10-31T07:00:16.954-0700] {dag.py:4180} INFO - Setting next_dagrun for example_xcom to 2021-01-01T00:00:00+00:00, run_after=2021-01-01T00:00:00+00:00
[2024-10-31T07:00:16.959-0700] {processor.py:208} INFO - Processing /Users/saiprasadreddykolan/Documents/E-commerce_project/venv/lib/python3.10/site-packages/airflow/example_dags/example_xcom.py took 0.066 seconds
[2024-10-31T07:16:47.678-0700] {processor.py:186} INFO - Started process (PID=39127) to work on /Users/saiprasadreddykolan/Documents/E-commerce_project/venv/lib/python3.10/site-packages/airflow/example_dags/example_xcom.py
[2024-10-31T07:16:47.681-0700] {processor.py:914} INFO - Processing file /Users/saiprasadreddykolan/Documents/E-commerce_project/venv/lib/python3.10/site-packages/airflow/example_dags/example_xcom.py for tasks to queue
[2024-10-31T07:16:47.681-0700] {logging_mixin.py:190} INFO - [2024-10-31T07:16:47.681-0700] {dagbag.py:588} INFO - Filling up the DagBag from /Users/saiprasadreddykolan/Documents/E-commerce_project/venv/lib/python3.10/site-packages/airflow/example_dags/example_xcom.py
[2024-10-31T07:16:47.693-0700] {processor.py:925} INFO - DAG(s) 'example_xcom' retrieved from /Users/saiprasadreddykolan/Documents/E-commerce_project/venv/lib/python3.10/site-packages/airflow/example_dags/example_xcom.py
[2024-10-31T07:16:47.726-0700] {logging_mixin.py:190} INFO - [2024-10-31T07:16:47.726-0700] {dag.py:3239} INFO - Sync 1 DAGs
[2024-10-31T07:16:47.732-0700] {logging_mixin.py:190} INFO - [2024-10-31T07:16:47.732-0700] {dag.py:4180} INFO - Setting next_dagrun for example_xcom to 2021-01-01T00:00:00+00:00, run_after=2021-01-01T00:00:00+00:00
[2024-10-31T07:16:47.737-0700] {processor.py:208} INFO - Processing /Users/saiprasadreddykolan/Documents/E-commerce_project/venv/lib/python3.10/site-packages/airflow/example_dags/example_xcom.py took 0.060 seconds
[2024-10-31T07:59:10.302-0700] {processor.py:186} INFO - Started process (PID=39249) to work on /Users/saiprasadreddykolan/Documents/E-commerce_project/venv/lib/python3.10/site-packages/airflow/example_dags/example_xcom.py
[2024-10-31T07:59:10.304-0700] {processor.py:914} INFO - Processing file /Users/saiprasadreddykolan/Documents/E-commerce_project/venv/lib/python3.10/site-packages/airflow/example_dags/example_xcom.py for tasks to queue
[2024-10-31T07:59:10.304-0700] {logging_mixin.py:190} INFO - [2024-10-31T07:59:10.304-0700] {dagbag.py:588} INFO - Filling up the DagBag from /Users/saiprasadreddykolan/Documents/E-commerce_project/venv/lib/python3.10/site-packages/airflow/example_dags/example_xcom.py
[2024-10-31T07:59:10.323-0700] {processor.py:925} INFO - DAG(s) 'example_xcom' retrieved from /Users/saiprasadreddykolan/Documents/E-commerce_project/venv/lib/python3.10/site-packages/airflow/example_dags/example_xcom.py
[2024-10-31T07:59:10.356-0700] {logging_mixin.py:190} INFO - [2024-10-31T07:59:10.356-0700] {dag.py:3239} INFO - Sync 1 DAGs
[2024-10-31T07:59:10.362-0700] {logging_mixin.py:190} INFO - [2024-10-31T07:59:10.362-0700] {dag.py:4180} INFO - Setting next_dagrun for example_xcom to 2021-01-01T00:00:00+00:00, run_after=2021-01-01T00:00:00+00:00
[2024-10-31T07:59:10.368-0700] {processor.py:208} INFO - Processing /Users/saiprasadreddykolan/Documents/E-commerce_project/venv/lib/python3.10/site-packages/airflow/example_dags/example_xcom.py took 0.068 seconds
[2024-10-31T09:00:45.746-0700] {processor.py:186} INFO - Started process (PID=39400) to work on /Users/saiprasadreddykolan/Documents/E-commerce_project/venv/lib/python3.10/site-packages/airflow/example_dags/example_xcom.py
[2024-10-31T09:00:45.748-0700] {processor.py:914} INFO - Processing file /Users/saiprasadreddykolan/Documents/E-commerce_project/venv/lib/python3.10/site-packages/airflow/example_dags/example_xcom.py for tasks to queue
[2024-10-31T09:00:45.749-0700] {logging_mixin.py:190} INFO - [2024-10-31T09:00:45.749-0700] {dagbag.py:588} INFO - Filling up the DagBag from /Users/saiprasadreddykolan/Documents/E-commerce_project/venv/lib/python3.10/site-packages/airflow/example_dags/example_xcom.py
[2024-10-31T09:00:45.762-0700] {processor.py:925} INFO - DAG(s) 'example_xcom' retrieved from /Users/saiprasadreddykolan/Documents/E-commerce_project/venv/lib/python3.10/site-packages/airflow/example_dags/example_xcom.py
[2024-10-31T09:00:45.795-0700] {logging_mixin.py:190} INFO - [2024-10-31T09:00:45.795-0700] {dag.py:3239} INFO - Sync 1 DAGs
[2024-10-31T09:00:45.801-0700] {logging_mixin.py:190} INFO - [2024-10-31T09:00:45.801-0700] {dag.py:4180} INFO - Setting next_dagrun for example_xcom to 2021-01-01T00:00:00+00:00, run_after=2021-01-01T00:00:00+00:00
[2024-10-31T09:00:45.806-0700] {processor.py:208} INFO - Processing /Users/saiprasadreddykolan/Documents/E-commerce_project/venv/lib/python3.10/site-packages/airflow/example_dags/example_xcom.py took 0.061 seconds
[2024-10-31T09:21:41.709-0700] {processor.py:186} INFO - Started process (PID=39506) to work on /Users/saiprasadreddykolan/Documents/E-commerce_project/venv/lib/python3.10/site-packages/airflow/example_dags/example_xcom.py
[2024-10-31T09:21:41.712-0700] {processor.py:914} INFO - Processing file /Users/saiprasadreddykolan/Documents/E-commerce_project/venv/lib/python3.10/site-packages/airflow/example_dags/example_xcom.py for tasks to queue
[2024-10-31T09:21:41.712-0700] {logging_mixin.py:190} INFO - [2024-10-31T09:21:41.712-0700] {dagbag.py:588} INFO - Filling up the DagBag from /Users/saiprasadreddykolan/Documents/E-commerce_project/venv/lib/python3.10/site-packages/airflow/example_dags/example_xcom.py
[2024-10-31T09:21:41.726-0700] {processor.py:925} INFO - DAG(s) 'example_xcom' retrieved from /Users/saiprasadreddykolan/Documents/E-commerce_project/venv/lib/python3.10/site-packages/airflow/example_dags/example_xcom.py
[2024-10-31T09:21:41.760-0700] {logging_mixin.py:190} INFO - [2024-10-31T09:21:41.760-0700] {dag.py:3239} INFO - Sync 1 DAGs
[2024-10-31T09:21:41.765-0700] {logging_mixin.py:190} INFO - [2024-10-31T09:21:41.765-0700] {dag.py:4180} INFO - Setting next_dagrun for example_xcom to 2021-01-01T00:00:00+00:00, run_after=2021-01-01T00:00:00+00:00
[2024-10-31T09:21:41.771-0700] {processor.py:208} INFO - Processing /Users/saiprasadreddykolan/Documents/E-commerce_project/venv/lib/python3.10/site-packages/airflow/example_dags/example_xcom.py took 0.063 seconds
[2024-10-31T09:23:07.346-0700] {processor.py:186} INFO - Started process (PID=39592) to work on /Users/saiprasadreddykolan/Documents/E-commerce_project/venv/lib/python3.10/site-packages/airflow/example_dags/example_xcom.py
[2024-10-31T09:23:07.348-0700] {processor.py:914} INFO - Processing file /Users/saiprasadreddykolan/Documents/E-commerce_project/venv/lib/python3.10/site-packages/airflow/example_dags/example_xcom.py for tasks to queue
[2024-10-31T09:23:07.348-0700] {logging_mixin.py:190} INFO - [2024-10-31T09:23:07.348-0700] {dagbag.py:588} INFO - Filling up the DagBag from /Users/saiprasadreddykolan/Documents/E-commerce_project/venv/lib/python3.10/site-packages/airflow/example_dags/example_xcom.py
[2024-10-31T09:23:07.360-0700] {processor.py:925} INFO - DAG(s) 'example_xcom' retrieved from /Users/saiprasadreddykolan/Documents/E-commerce_project/venv/lib/python3.10/site-packages/airflow/example_dags/example_xcom.py
[2024-10-31T09:23:07.393-0700] {logging_mixin.py:190} INFO - [2024-10-31T09:23:07.393-0700] {dag.py:3239} INFO - Sync 1 DAGs
[2024-10-31T09:23:07.399-0700] {logging_mixin.py:190} INFO - [2024-10-31T09:23:07.399-0700] {dag.py:4180} INFO - Setting next_dagrun for example_xcom to 2021-01-01T00:00:00+00:00, run_after=2021-01-01T00:00:00+00:00
[2024-10-31T09:23:07.405-0700] {processor.py:208} INFO - Processing /Users/saiprasadreddykolan/Documents/E-commerce_project/venv/lib/python3.10/site-packages/airflow/example_dags/example_xcom.py took 0.060 seconds
