[2024-10-30T17:05:43.818-0700] {processor.py:186} INFO - Started process (PID=6913) to work on /opt/anaconda3/lib/python3.12/site-packages/airflow/example_dags/example_task_group_decorator.py
[2024-10-30T17:05:43.819-0700] {processor.py:914} INFO - Processing file /opt/anaconda3/lib/python3.12/site-packages/airflow/example_dags/example_task_group_decorator.py for tasks to queue
[2024-10-30T17:05:43.819-0700] {logging_mixin.py:190} INFO - [2024-10-30T17:05:43.819-0700] {dagbag.py:588} INFO - Filling up the DagBag from /opt/anaconda3/lib/python3.12/site-packages/airflow/example_dags/example_task_group_decorator.py
[2024-10-30T17:05:43.836-0700] {processor.py:925} INFO - DAG(s) 'example_task_group_decorator' retrieved from /opt/anaconda3/lib/python3.12/site-packages/airflow/example_dags/example_task_group_decorator.py
[2024-10-30T17:05:43.867-0700] {logging_mixin.py:190} INFO - [2024-10-30T17:05:43.867-0700] {dag.py:3239} INFO - Sync 1 DAGs
[2024-10-30T17:05:43.870-0700] {logging_mixin.py:190} INFO - [2024-10-30T17:05:43.870-0700] {dag.py:4180} INFO - Setting next_dagrun for example_task_group_decorator to None, run_after=None
[2024-10-30T17:05:43.876-0700] {processor.py:208} INFO - Processing /opt/anaconda3/lib/python3.12/site-packages/airflow/example_dags/example_task_group_decorator.py took 0.058 seconds
[2024-10-30T18:22:25.991-0700] {processor.py:186} INFO - Started process (PID=7093) to work on /opt/anaconda3/lib/python3.12/site-packages/airflow/example_dags/example_task_group_decorator.py
[2024-10-30T18:22:25.992-0700] {processor.py:914} INFO - Processing file /opt/anaconda3/lib/python3.12/site-packages/airflow/example_dags/example_task_group_decorator.py for tasks to queue
[2024-10-30T18:22:25.993-0700] {logging_mixin.py:190} INFO - [2024-10-30T18:22:25.993-0700] {dagbag.py:588} INFO - Filling up the DagBag from /opt/anaconda3/lib/python3.12/site-packages/airflow/example_dags/example_task_group_decorator.py
[2024-10-30T18:22:26.007-0700] {processor.py:925} INFO - DAG(s) 'example_task_group_decorator' retrieved from /opt/anaconda3/lib/python3.12/site-packages/airflow/example_dags/example_task_group_decorator.py
[2024-10-30T18:22:26.038-0700] {logging_mixin.py:190} INFO - [2024-10-30T18:22:26.037-0700] {dag.py:3239} INFO - Sync 1 DAGs
[2024-10-30T18:22:26.041-0700] {logging_mixin.py:190} INFO - [2024-10-30T18:22:26.041-0700] {dag.py:4180} INFO - Setting next_dagrun for example_task_group_decorator to None, run_after=None
[2024-10-30T18:22:26.046-0700] {processor.py:208} INFO - Processing /opt/anaconda3/lib/python3.12/site-packages/airflow/example_dags/example_task_group_decorator.py took 0.056 seconds
[2024-10-30T19:49:51.744-0700] {processor.py:186} INFO - Started process (PID=7240) to work on /opt/anaconda3/lib/python3.12/site-packages/airflow/example_dags/example_task_group_decorator.py
[2024-10-30T19:49:51.745-0700] {processor.py:914} INFO - Processing file /opt/anaconda3/lib/python3.12/site-packages/airflow/example_dags/example_task_group_decorator.py for tasks to queue
[2024-10-30T19:49:51.745-0700] {logging_mixin.py:190} INFO - [2024-10-30T19:49:51.745-0700] {dagbag.py:588} INFO - Filling up the DagBag from /opt/anaconda3/lib/python3.12/site-packages/airflow/example_dags/example_task_group_decorator.py
[2024-10-30T19:49:51.766-0700] {processor.py:925} INFO - DAG(s) 'example_task_group_decorator' retrieved from /opt/anaconda3/lib/python3.12/site-packages/airflow/example_dags/example_task_group_decorator.py
[2024-10-30T19:49:51.803-0700] {logging_mixin.py:190} INFO - [2024-10-30T19:49:51.802-0700] {dag.py:3239} INFO - Sync 1 DAGs
[2024-10-30T19:49:51.806-0700] {logging_mixin.py:190} INFO - [2024-10-30T19:49:51.806-0700] {dag.py:4180} INFO - Setting next_dagrun for example_task_group_decorator to None, run_after=None
[2024-10-30T19:49:51.814-0700] {processor.py:208} INFO - Processing /opt/anaconda3/lib/python3.12/site-packages/airflow/example_dags/example_task_group_decorator.py took 0.071 seconds
[2024-10-30T20:59:24.648-0700] {processor.py:186} INFO - Started process (PID=9488) to work on /Users/saiprasadreddykolan/Documents/E-commerce_project/venv/lib/python3.10/site-packages/airflow/example_dags/example_task_group_decorator.py
[2024-10-30T20:59:24.650-0700] {processor.py:914} INFO - Processing file /Users/saiprasadreddykolan/Documents/E-commerce_project/venv/lib/python3.10/site-packages/airflow/example_dags/example_task_group_decorator.py for tasks to queue
[2024-10-30T20:59:24.651-0700] {logging_mixin.py:190} INFO - [2024-10-30T20:59:24.651-0700] {dagbag.py:588} INFO - Filling up the DagBag from /Users/saiprasadreddykolan/Documents/E-commerce_project/venv/lib/python3.10/site-packages/airflow/example_dags/example_task_group_decorator.py
[2024-10-30T20:59:24.666-0700] {processor.py:925} INFO - DAG(s) 'example_task_group_decorator' retrieved from /Users/saiprasadreddykolan/Documents/E-commerce_project/venv/lib/python3.10/site-packages/airflow/example_dags/example_task_group_decorator.py
[2024-10-30T20:59:24.733-0700] {logging_mixin.py:190} INFO - [2024-10-30T20:59:24.733-0700] {dag.py:3239} INFO - Sync 1 DAGs
[2024-10-30T20:59:24.737-0700] {logging_mixin.py:190} INFO - [2024-10-30T20:59:24.737-0700] {dag.py:4180} INFO - Setting next_dagrun for example_task_group_decorator to None, run_after=None
[2024-10-30T20:59:24.744-0700] {processor.py:208} INFO - Processing /Users/saiprasadreddykolan/Documents/E-commerce_project/venv/lib/python3.10/site-packages/airflow/example_dags/example_task_group_decorator.py took 0.097 seconds
[2024-10-30T21:01:03.124-0700] {processor.py:186} INFO - Started process (PID=9608) to work on /Users/saiprasadreddykolan/Documents/E-commerce_project/venv/lib/python3.10/site-packages/airflow/example_dags/example_task_group_decorator.py
[2024-10-30T21:01:03.126-0700] {processor.py:914} INFO - Processing file /Users/saiprasadreddykolan/Documents/E-commerce_project/venv/lib/python3.10/site-packages/airflow/example_dags/example_task_group_decorator.py for tasks to queue
[2024-10-30T21:01:03.127-0700] {logging_mixin.py:190} INFO - [2024-10-30T21:01:03.127-0700] {dagbag.py:588} INFO - Filling up the DagBag from /Users/saiprasadreddykolan/Documents/E-commerce_project/venv/lib/python3.10/site-packages/airflow/example_dags/example_task_group_decorator.py
[2024-10-30T21:01:03.143-0700] {processor.py:925} INFO - DAG(s) 'example_task_group_decorator' retrieved from /Users/saiprasadreddykolan/Documents/E-commerce_project/venv/lib/python3.10/site-packages/airflow/example_dags/example_task_group_decorator.py
[2024-10-30T21:01:03.180-0700] {logging_mixin.py:190} INFO - [2024-10-30T21:01:03.180-0700] {dag.py:3239} INFO - Sync 1 DAGs
[2024-10-30T21:01:03.184-0700] {logging_mixin.py:190} INFO - [2024-10-30T21:01:03.184-0700] {dag.py:4180} INFO - Setting next_dagrun for example_task_group_decorator to None, run_after=None
[2024-10-30T21:01:03.190-0700] {processor.py:208} INFO - Processing /Users/saiprasadreddykolan/Documents/E-commerce_project/venv/lib/python3.10/site-packages/airflow/example_dags/example_task_group_decorator.py took 0.067 seconds
[2024-10-30T21:02:08.581-0700] {processor.py:186} INFO - Started process (PID=9722) to work on /Users/saiprasadreddykolan/Documents/E-commerce_project/venv/lib/python3.10/site-packages/airflow/example_dags/example_task_group_decorator.py
[2024-10-30T21:02:08.583-0700] {processor.py:914} INFO - Processing file /Users/saiprasadreddykolan/Documents/E-commerce_project/venv/lib/python3.10/site-packages/airflow/example_dags/example_task_group_decorator.py for tasks to queue
[2024-10-30T21:02:08.584-0700] {logging_mixin.py:190} INFO - [2024-10-30T21:02:08.584-0700] {dagbag.py:588} INFO - Filling up the DagBag from /Users/saiprasadreddykolan/Documents/E-commerce_project/venv/lib/python3.10/site-packages/airflow/example_dags/example_task_group_decorator.py
[2024-10-30T21:02:08.600-0700] {processor.py:925} INFO - DAG(s) 'example_task_group_decorator' retrieved from /Users/saiprasadreddykolan/Documents/E-commerce_project/venv/lib/python3.10/site-packages/airflow/example_dags/example_task_group_decorator.py
[2024-10-30T21:02:08.637-0700] {logging_mixin.py:190} INFO - [2024-10-30T21:02:08.637-0700] {dag.py:3239} INFO - Sync 1 DAGs
[2024-10-30T21:02:08.641-0700] {logging_mixin.py:190} INFO - [2024-10-30T21:02:08.641-0700] {dag.py:4180} INFO - Setting next_dagrun for example_task_group_decorator to None, run_after=None
[2024-10-30T21:02:08.647-0700] {processor.py:208} INFO - Processing /Users/saiprasadreddykolan/Documents/E-commerce_project/venv/lib/python3.10/site-packages/airflow/example_dags/example_task_group_decorator.py took 0.067 seconds
[2024-10-30T21:03:10.513-0700] {processor.py:186} INFO - Started process (PID=9820) to work on /Users/saiprasadreddykolan/Documents/E-commerce_project/venv/lib/python3.10/site-packages/airflow/example_dags/example_task_group_decorator.py
[2024-10-30T21:03:10.515-0700] {processor.py:914} INFO - Processing file /Users/saiprasadreddykolan/Documents/E-commerce_project/venv/lib/python3.10/site-packages/airflow/example_dags/example_task_group_decorator.py for tasks to queue
[2024-10-30T21:03:10.515-0700] {logging_mixin.py:190} INFO - [2024-10-30T21:03:10.515-0700] {dagbag.py:588} INFO - Filling up the DagBag from /Users/saiprasadreddykolan/Documents/E-commerce_project/venv/lib/python3.10/site-packages/airflow/example_dags/example_task_group_decorator.py
[2024-10-30T21:03:10.529-0700] {processor.py:925} INFO - DAG(s) 'example_task_group_decorator' retrieved from /Users/saiprasadreddykolan/Documents/E-commerce_project/venv/lib/python3.10/site-packages/airflow/example_dags/example_task_group_decorator.py
[2024-10-30T21:03:10.566-0700] {logging_mixin.py:190} INFO - [2024-10-30T21:03:10.565-0700] {dag.py:3239} INFO - Sync 1 DAGs
[2024-10-30T21:03:10.569-0700] {logging_mixin.py:190} INFO - [2024-10-30T21:03:10.569-0700] {dag.py:4180} INFO - Setting next_dagrun for example_task_group_decorator to None, run_after=None
[2024-10-30T21:03:10.575-0700] {processor.py:208} INFO - Processing /Users/saiprasadreddykolan/Documents/E-commerce_project/venv/lib/python3.10/site-packages/airflow/example_dags/example_task_group_decorator.py took 0.063 seconds
[2024-10-30T21:04:15.576-0700] {processor.py:186} INFO - Started process (PID=9926) to work on /Users/saiprasadreddykolan/Documents/E-commerce_project/venv/lib/python3.10/site-packages/airflow/example_dags/example_task_group_decorator.py
[2024-10-30T21:04:15.578-0700] {processor.py:914} INFO - Processing file /Users/saiprasadreddykolan/Documents/E-commerce_project/venv/lib/python3.10/site-packages/airflow/example_dags/example_task_group_decorator.py for tasks to queue
[2024-10-30T21:04:15.579-0700] {logging_mixin.py:190} INFO - [2024-10-30T21:04:15.579-0700] {dagbag.py:588} INFO - Filling up the DagBag from /Users/saiprasadreddykolan/Documents/E-commerce_project/venv/lib/python3.10/site-packages/airflow/example_dags/example_task_group_decorator.py
[2024-10-30T21:04:15.593-0700] {processor.py:925} INFO - DAG(s) 'example_task_group_decorator' retrieved from /Users/saiprasadreddykolan/Documents/E-commerce_project/venv/lib/python3.10/site-packages/airflow/example_dags/example_task_group_decorator.py
[2024-10-30T21:04:15.629-0700] {logging_mixin.py:190} INFO - [2024-10-30T21:04:15.629-0700] {dag.py:3239} INFO - Sync 1 DAGs
[2024-10-30T21:04:15.633-0700] {logging_mixin.py:190} INFO - [2024-10-30T21:04:15.633-0700] {dag.py:4180} INFO - Setting next_dagrun for example_task_group_decorator to None, run_after=None
[2024-10-30T21:04:15.639-0700] {processor.py:208} INFO - Processing /Users/saiprasadreddykolan/Documents/E-commerce_project/venv/lib/python3.10/site-packages/airflow/example_dags/example_task_group_decorator.py took 0.064 seconds
[2024-10-30T21:05:22.451-0700] {processor.py:186} INFO - Started process (PID=10010) to work on /Users/saiprasadreddykolan/Documents/E-commerce_project/venv/lib/python3.10/site-packages/airflow/example_dags/example_task_group_decorator.py
[2024-10-30T21:05:22.453-0700] {processor.py:914} INFO - Processing file /Users/saiprasadreddykolan/Documents/E-commerce_project/venv/lib/python3.10/site-packages/airflow/example_dags/example_task_group_decorator.py for tasks to queue
[2024-10-30T21:05:22.454-0700] {logging_mixin.py:190} INFO - [2024-10-30T21:05:22.454-0700] {dagbag.py:588} INFO - Filling up the DagBag from /Users/saiprasadreddykolan/Documents/E-commerce_project/venv/lib/python3.10/site-packages/airflow/example_dags/example_task_group_decorator.py
[2024-10-30T21:05:22.472-0700] {processor.py:925} INFO - DAG(s) 'example_task_group_decorator' retrieved from /Users/saiprasadreddykolan/Documents/E-commerce_project/venv/lib/python3.10/site-packages/airflow/example_dags/example_task_group_decorator.py
[2024-10-30T21:05:22.508-0700] {logging_mixin.py:190} INFO - [2024-10-30T21:05:22.508-0700] {dag.py:3239} INFO - Sync 1 DAGs
[2024-10-30T21:05:22.512-0700] {logging_mixin.py:190} INFO - [2024-10-30T21:05:22.512-0700] {dag.py:4180} INFO - Setting next_dagrun for example_task_group_decorator to None, run_after=None
[2024-10-30T21:05:22.517-0700] {processor.py:208} INFO - Processing /Users/saiprasadreddykolan/Documents/E-commerce_project/venv/lib/python3.10/site-packages/airflow/example_dags/example_task_group_decorator.py took 0.067 seconds
[2024-10-30T21:06:30.623-0700] {processor.py:186} INFO - Started process (PID=10101) to work on /Users/saiprasadreddykolan/Documents/E-commerce_project/venv/lib/python3.10/site-packages/airflow/example_dags/example_task_group_decorator.py
[2024-10-30T21:06:30.626-0700] {processor.py:914} INFO - Processing file /Users/saiprasadreddykolan/Documents/E-commerce_project/venv/lib/python3.10/site-packages/airflow/example_dags/example_task_group_decorator.py for tasks to queue
[2024-10-30T21:06:30.626-0700] {logging_mixin.py:190} INFO - [2024-10-30T21:06:30.626-0700] {dagbag.py:588} INFO - Filling up the DagBag from /Users/saiprasadreddykolan/Documents/E-commerce_project/venv/lib/python3.10/site-packages/airflow/example_dags/example_task_group_decorator.py
[2024-10-30T21:06:30.641-0700] {processor.py:925} INFO - DAG(s) 'example_task_group_decorator' retrieved from /Users/saiprasadreddykolan/Documents/E-commerce_project/venv/lib/python3.10/site-packages/airflow/example_dags/example_task_group_decorator.py
[2024-10-30T21:06:30.677-0700] {logging_mixin.py:190} INFO - [2024-10-30T21:06:30.677-0700] {dag.py:3239} INFO - Sync 1 DAGs
[2024-10-30T21:06:30.681-0700] {logging_mixin.py:190} INFO - [2024-10-30T21:06:30.681-0700] {dag.py:4180} INFO - Setting next_dagrun for example_task_group_decorator to None, run_after=None
[2024-10-30T21:06:30.686-0700] {processor.py:208} INFO - Processing /Users/saiprasadreddykolan/Documents/E-commerce_project/venv/lib/python3.10/site-packages/airflow/example_dags/example_task_group_decorator.py took 0.064 seconds
[2024-10-30T21:07:37.876-0700] {processor.py:186} INFO - Started process (PID=10182) to work on /Users/saiprasadreddykolan/Documents/E-commerce_project/venv/lib/python3.10/site-packages/airflow/example_dags/example_task_group_decorator.py
[2024-10-30T21:07:37.878-0700] {processor.py:914} INFO - Processing file /Users/saiprasadreddykolan/Documents/E-commerce_project/venv/lib/python3.10/site-packages/airflow/example_dags/example_task_group_decorator.py for tasks to queue
[2024-10-30T21:07:37.879-0700] {logging_mixin.py:190} INFO - [2024-10-30T21:07:37.879-0700] {dagbag.py:588} INFO - Filling up the DagBag from /Users/saiprasadreddykolan/Documents/E-commerce_project/venv/lib/python3.10/site-packages/airflow/example_dags/example_task_group_decorator.py
[2024-10-30T21:07:37.895-0700] {processor.py:925} INFO - DAG(s) 'example_task_group_decorator' retrieved from /Users/saiprasadreddykolan/Documents/E-commerce_project/venv/lib/python3.10/site-packages/airflow/example_dags/example_task_group_decorator.py
[2024-10-30T21:07:37.933-0700] {logging_mixin.py:190} INFO - [2024-10-30T21:07:37.933-0700] {dag.py:3239} INFO - Sync 1 DAGs
[2024-10-30T21:07:37.937-0700] {logging_mixin.py:190} INFO - [2024-10-30T21:07:37.937-0700] {dag.py:4180} INFO - Setting next_dagrun for example_task_group_decorator to None, run_after=None
[2024-10-30T21:07:37.945-0700] {processor.py:208} INFO - Processing /Users/saiprasadreddykolan/Documents/E-commerce_project/venv/lib/python3.10/site-packages/airflow/example_dags/example_task_group_decorator.py took 0.070 seconds
[2024-10-30T21:08:45.370-0700] {processor.py:186} INFO - Started process (PID=10288) to work on /Users/saiprasadreddykolan/Documents/E-commerce_project/venv/lib/python3.10/site-packages/airflow/example_dags/example_task_group_decorator.py
[2024-10-30T21:08:45.372-0700] {processor.py:914} INFO - Processing file /Users/saiprasadreddykolan/Documents/E-commerce_project/venv/lib/python3.10/site-packages/airflow/example_dags/example_task_group_decorator.py for tasks to queue
[2024-10-30T21:08:45.373-0700] {logging_mixin.py:190} INFO - [2024-10-30T21:08:45.373-0700] {dagbag.py:588} INFO - Filling up the DagBag from /Users/saiprasadreddykolan/Documents/E-commerce_project/venv/lib/python3.10/site-packages/airflow/example_dags/example_task_group_decorator.py
[2024-10-30T21:08:45.388-0700] {processor.py:925} INFO - DAG(s) 'example_task_group_decorator' retrieved from /Users/saiprasadreddykolan/Documents/E-commerce_project/venv/lib/python3.10/site-packages/airflow/example_dags/example_task_group_decorator.py
[2024-10-30T21:08:45.424-0700] {logging_mixin.py:190} INFO - [2024-10-30T21:08:45.424-0700] {dag.py:3239} INFO - Sync 1 DAGs
[2024-10-30T21:08:45.428-0700] {logging_mixin.py:190} INFO - [2024-10-30T21:08:45.428-0700] {dag.py:4180} INFO - Setting next_dagrun for example_task_group_decorator to None, run_after=None
[2024-10-30T21:08:45.434-0700] {processor.py:208} INFO - Processing /Users/saiprasadreddykolan/Documents/E-commerce_project/venv/lib/python3.10/site-packages/airflow/example_dags/example_task_group_decorator.py took 0.065 seconds
[2024-10-30T21:09:54.653-0700] {processor.py:186} INFO - Started process (PID=10372) to work on /Users/saiprasadreddykolan/Documents/E-commerce_project/venv/lib/python3.10/site-packages/airflow/example_dags/example_task_group_decorator.py
[2024-10-30T21:09:54.657-0700] {processor.py:914} INFO - Processing file /Users/saiprasadreddykolan/Documents/E-commerce_project/venv/lib/python3.10/site-packages/airflow/example_dags/example_task_group_decorator.py for tasks to queue
[2024-10-30T21:09:54.657-0700] {logging_mixin.py:190} INFO - [2024-10-30T21:09:54.657-0700] {dagbag.py:588} INFO - Filling up the DagBag from /Users/saiprasadreddykolan/Documents/E-commerce_project/venv/lib/python3.10/site-packages/airflow/example_dags/example_task_group_decorator.py
[2024-10-30T21:09:54.674-0700] {processor.py:925} INFO - DAG(s) 'example_task_group_decorator' retrieved from /Users/saiprasadreddykolan/Documents/E-commerce_project/venv/lib/python3.10/site-packages/airflow/example_dags/example_task_group_decorator.py
[2024-10-30T21:09:54.711-0700] {logging_mixin.py:190} INFO - [2024-10-30T21:09:54.711-0700] {dag.py:3239} INFO - Sync 1 DAGs
[2024-10-30T21:09:54.715-0700] {logging_mixin.py:190} INFO - [2024-10-30T21:09:54.715-0700] {dag.py:4180} INFO - Setting next_dagrun for example_task_group_decorator to None, run_after=None
[2024-10-30T21:09:54.720-0700] {processor.py:208} INFO - Processing /Users/saiprasadreddykolan/Documents/E-commerce_project/venv/lib/python3.10/site-packages/airflow/example_dags/example_task_group_decorator.py took 0.069 seconds
[2024-10-30T21:11:00.918-0700] {processor.py:186} INFO - Started process (PID=10467) to work on /Users/saiprasadreddykolan/Documents/E-commerce_project/venv/lib/python3.10/site-packages/airflow/example_dags/example_task_group_decorator.py
[2024-10-30T21:11:00.920-0700] {processor.py:914} INFO - Processing file /Users/saiprasadreddykolan/Documents/E-commerce_project/venv/lib/python3.10/site-packages/airflow/example_dags/example_task_group_decorator.py for tasks to queue
[2024-10-30T21:11:00.921-0700] {logging_mixin.py:190} INFO - [2024-10-30T21:11:00.921-0700] {dagbag.py:588} INFO - Filling up the DagBag from /Users/saiprasadreddykolan/Documents/E-commerce_project/venv/lib/python3.10/site-packages/airflow/example_dags/example_task_group_decorator.py
[2024-10-30T21:11:00.936-0700] {processor.py:925} INFO - DAG(s) 'example_task_group_decorator' retrieved from /Users/saiprasadreddykolan/Documents/E-commerce_project/venv/lib/python3.10/site-packages/airflow/example_dags/example_task_group_decorator.py
[2024-10-30T21:11:00.972-0700] {logging_mixin.py:190} INFO - [2024-10-30T21:11:00.972-0700] {dag.py:3239} INFO - Sync 1 DAGs
[2024-10-30T21:11:00.976-0700] {logging_mixin.py:190} INFO - [2024-10-30T21:11:00.976-0700] {dag.py:4180} INFO - Setting next_dagrun for example_task_group_decorator to None, run_after=None
[2024-10-30T21:11:00.983-0700] {processor.py:208} INFO - Processing /Users/saiprasadreddykolan/Documents/E-commerce_project/venv/lib/python3.10/site-packages/airflow/example_dags/example_task_group_decorator.py took 0.066 seconds
[2024-10-30T21:12:05.828-0700] {processor.py:186} INFO - Started process (PID=10627) to work on /Users/saiprasadreddykolan/Documents/E-commerce_project/venv/lib/python3.10/site-packages/airflow/example_dags/example_task_group_decorator.py
[2024-10-30T21:12:05.830-0700] {processor.py:914} INFO - Processing file /Users/saiprasadreddykolan/Documents/E-commerce_project/venv/lib/python3.10/site-packages/airflow/example_dags/example_task_group_decorator.py for tasks to queue
[2024-10-30T21:12:05.830-0700] {logging_mixin.py:190} INFO - [2024-10-30T21:12:05.830-0700] {dagbag.py:588} INFO - Filling up the DagBag from /Users/saiprasadreddykolan/Documents/E-commerce_project/venv/lib/python3.10/site-packages/airflow/example_dags/example_task_group_decorator.py
[2024-10-30T21:12:05.849-0700] {processor.py:925} INFO - DAG(s) 'example_task_group_decorator' retrieved from /Users/saiprasadreddykolan/Documents/E-commerce_project/venv/lib/python3.10/site-packages/airflow/example_dags/example_task_group_decorator.py
[2024-10-30T21:12:05.887-0700] {logging_mixin.py:190} INFO - [2024-10-30T21:12:05.887-0700] {dag.py:3239} INFO - Sync 1 DAGs
[2024-10-30T21:12:05.892-0700] {logging_mixin.py:190} INFO - [2024-10-30T21:12:05.891-0700] {dag.py:4180} INFO - Setting next_dagrun for example_task_group_decorator to None, run_after=None
[2024-10-30T21:12:05.898-0700] {processor.py:208} INFO - Processing /Users/saiprasadreddykolan/Documents/E-commerce_project/venv/lib/python3.10/site-packages/airflow/example_dags/example_task_group_decorator.py took 0.071 seconds
[2024-10-30T21:13:10.120-0700] {processor.py:186} INFO - Started process (PID=10721) to work on /Users/saiprasadreddykolan/Documents/E-commerce_project/venv/lib/python3.10/site-packages/airflow/example_dags/example_task_group_decorator.py
[2024-10-30T21:13:10.122-0700] {processor.py:914} INFO - Processing file /Users/saiprasadreddykolan/Documents/E-commerce_project/venv/lib/python3.10/site-packages/airflow/example_dags/example_task_group_decorator.py for tasks to queue
[2024-10-30T21:13:10.123-0700] {logging_mixin.py:190} INFO - [2024-10-30T21:13:10.123-0700] {dagbag.py:588} INFO - Filling up the DagBag from /Users/saiprasadreddykolan/Documents/E-commerce_project/venv/lib/python3.10/site-packages/airflow/example_dags/example_task_group_decorator.py
[2024-10-30T21:13:10.148-0700] {processor.py:925} INFO - DAG(s) 'example_task_group_decorator' retrieved from /Users/saiprasadreddykolan/Documents/E-commerce_project/venv/lib/python3.10/site-packages/airflow/example_dags/example_task_group_decorator.py
[2024-10-30T21:13:10.194-0700] {logging_mixin.py:190} INFO - [2024-10-30T21:13:10.193-0700] {dag.py:3239} INFO - Sync 1 DAGs
[2024-10-30T21:13:10.198-0700] {logging_mixin.py:190} INFO - [2024-10-30T21:13:10.198-0700] {dag.py:4180} INFO - Setting next_dagrun for example_task_group_decorator to None, run_after=None
[2024-10-30T21:13:10.204-0700] {processor.py:208} INFO - Processing /Users/saiprasadreddykolan/Documents/E-commerce_project/venv/lib/python3.10/site-packages/airflow/example_dags/example_task_group_decorator.py took 0.084 seconds
[2024-10-30T21:14:12.509-0700] {processor.py:186} INFO - Started process (PID=12369) to work on /Users/saiprasadreddykolan/Documents/E-commerce_project/venv/lib/python3.10/site-packages/airflow/example_dags/example_task_group_decorator.py
[2024-10-30T21:14:12.511-0700] {processor.py:914} INFO - Processing file /Users/saiprasadreddykolan/Documents/E-commerce_project/venv/lib/python3.10/site-packages/airflow/example_dags/example_task_group_decorator.py for tasks to queue
[2024-10-30T21:14:12.512-0700] {logging_mixin.py:190} INFO - [2024-10-30T21:14:12.512-0700] {dagbag.py:588} INFO - Filling up the DagBag from /Users/saiprasadreddykolan/Documents/E-commerce_project/venv/lib/python3.10/site-packages/airflow/example_dags/example_task_group_decorator.py
[2024-10-30T21:14:12.527-0700] {processor.py:925} INFO - DAG(s) 'example_task_group_decorator' retrieved from /Users/saiprasadreddykolan/Documents/E-commerce_project/venv/lib/python3.10/site-packages/airflow/example_dags/example_task_group_decorator.py
[2024-10-30T21:14:12.563-0700] {logging_mixin.py:190} INFO - [2024-10-30T21:14:12.563-0700] {dag.py:3239} INFO - Sync 1 DAGs
[2024-10-30T21:14:12.567-0700] {logging_mixin.py:190} INFO - [2024-10-30T21:14:12.567-0700] {dag.py:4180} INFO - Setting next_dagrun for example_task_group_decorator to None, run_after=None
[2024-10-30T21:14:12.572-0700] {processor.py:208} INFO - Processing /Users/saiprasadreddykolan/Documents/E-commerce_project/venv/lib/python3.10/site-packages/airflow/example_dags/example_task_group_decorator.py took 0.065 seconds
[2024-10-30T21:15:22.176-0700] {processor.py:186} INFO - Started process (PID=21090) to work on /Users/saiprasadreddykolan/Documents/E-commerce_project/venv/lib/python3.10/site-packages/airflow/example_dags/example_task_group_decorator.py
[2024-10-30T21:15:22.179-0700] {processor.py:914} INFO - Processing file /Users/saiprasadreddykolan/Documents/E-commerce_project/venv/lib/python3.10/site-packages/airflow/example_dags/example_task_group_decorator.py for tasks to queue
[2024-10-30T21:15:22.179-0700] {logging_mixin.py:190} INFO - [2024-10-30T21:15:22.179-0700] {dagbag.py:588} INFO - Filling up the DagBag from /Users/saiprasadreddykolan/Documents/E-commerce_project/venv/lib/python3.10/site-packages/airflow/example_dags/example_task_group_decorator.py
[2024-10-30T21:15:22.196-0700] {processor.py:925} INFO - DAG(s) 'example_task_group_decorator' retrieved from /Users/saiprasadreddykolan/Documents/E-commerce_project/venv/lib/python3.10/site-packages/airflow/example_dags/example_task_group_decorator.py
[2024-10-30T21:15:22.236-0700] {logging_mixin.py:190} INFO - [2024-10-30T21:15:22.236-0700] {dag.py:3239} INFO - Sync 1 DAGs
[2024-10-30T21:15:22.241-0700] {logging_mixin.py:190} INFO - [2024-10-30T21:15:22.241-0700] {dag.py:4180} INFO - Setting next_dagrun for example_task_group_decorator to None, run_after=None
[2024-10-30T21:15:22.247-0700] {processor.py:208} INFO - Processing /Users/saiprasadreddykolan/Documents/E-commerce_project/venv/lib/python3.10/site-packages/airflow/example_dags/example_task_group_decorator.py took 0.072 seconds
[2024-10-30T21:16:33.783-0700] {processor.py:186} INFO - Started process (PID=28920) to work on /Users/saiprasadreddykolan/Documents/E-commerce_project/venv/lib/python3.10/site-packages/airflow/example_dags/example_task_group_decorator.py
[2024-10-30T21:16:33.784-0700] {processor.py:914} INFO - Processing file /Users/saiprasadreddykolan/Documents/E-commerce_project/venv/lib/python3.10/site-packages/airflow/example_dags/example_task_group_decorator.py for tasks to queue
[2024-10-30T21:16:33.785-0700] {logging_mixin.py:190} INFO - [2024-10-30T21:16:33.785-0700] {dagbag.py:588} INFO - Filling up the DagBag from /Users/saiprasadreddykolan/Documents/E-commerce_project/venv/lib/python3.10/site-packages/airflow/example_dags/example_task_group_decorator.py
[2024-10-30T21:16:33.802-0700] {processor.py:925} INFO - DAG(s) 'example_task_group_decorator' retrieved from /Users/saiprasadreddykolan/Documents/E-commerce_project/venv/lib/python3.10/site-packages/airflow/example_dags/example_task_group_decorator.py
[2024-10-30T21:16:33.842-0700] {logging_mixin.py:190} INFO - [2024-10-30T21:16:33.841-0700] {dag.py:3239} INFO - Sync 1 DAGs
[2024-10-30T21:16:33.846-0700] {logging_mixin.py:190} INFO - [2024-10-30T21:16:33.846-0700] {dag.py:4180} INFO - Setting next_dagrun for example_task_group_decorator to None, run_after=None
[2024-10-30T21:16:33.852-0700] {processor.py:208} INFO - Processing /Users/saiprasadreddykolan/Documents/E-commerce_project/venv/lib/python3.10/site-packages/airflow/example_dags/example_task_group_decorator.py took 0.071 seconds
[2024-10-30T21:17:41.208-0700] {processor.py:186} INFO - Started process (PID=33224) to work on /Users/saiprasadreddykolan/Documents/E-commerce_project/venv/lib/python3.10/site-packages/airflow/example_dags/example_task_group_decorator.py
[2024-10-30T21:17:41.210-0700] {processor.py:914} INFO - Processing file /Users/saiprasadreddykolan/Documents/E-commerce_project/venv/lib/python3.10/site-packages/airflow/example_dags/example_task_group_decorator.py for tasks to queue
[2024-10-30T21:17:41.211-0700] {logging_mixin.py:190} INFO - [2024-10-30T21:17:41.211-0700] {dagbag.py:588} INFO - Filling up the DagBag from /Users/saiprasadreddykolan/Documents/E-commerce_project/venv/lib/python3.10/site-packages/airflow/example_dags/example_task_group_decorator.py
[2024-10-30T21:17:41.226-0700] {processor.py:925} INFO - DAG(s) 'example_task_group_decorator' retrieved from /Users/saiprasadreddykolan/Documents/E-commerce_project/venv/lib/python3.10/site-packages/airflow/example_dags/example_task_group_decorator.py
[2024-10-30T21:17:41.262-0700] {logging_mixin.py:190} INFO - [2024-10-30T21:17:41.262-0700] {dag.py:3239} INFO - Sync 1 DAGs
[2024-10-30T21:17:41.266-0700] {logging_mixin.py:190} INFO - [2024-10-30T21:17:41.266-0700] {dag.py:4180} INFO - Setting next_dagrun for example_task_group_decorator to None, run_after=None
[2024-10-30T21:17:41.272-0700] {processor.py:208} INFO - Processing /Users/saiprasadreddykolan/Documents/E-commerce_project/venv/lib/python3.10/site-packages/airflow/example_dags/example_task_group_decorator.py took 0.065 seconds
[2024-10-30T21:18:53.144-0700] {processor.py:186} INFO - Started process (PID=33310) to work on /Users/saiprasadreddykolan/Documents/E-commerce_project/venv/lib/python3.10/site-packages/airflow/example_dags/example_task_group_decorator.py
[2024-10-30T21:18:53.146-0700] {processor.py:914} INFO - Processing file /Users/saiprasadreddykolan/Documents/E-commerce_project/venv/lib/python3.10/site-packages/airflow/example_dags/example_task_group_decorator.py for tasks to queue
[2024-10-30T21:18:53.146-0700] {logging_mixin.py:190} INFO - [2024-10-30T21:18:53.146-0700] {dagbag.py:588} INFO - Filling up the DagBag from /Users/saiprasadreddykolan/Documents/E-commerce_project/venv/lib/python3.10/site-packages/airflow/example_dags/example_task_group_decorator.py
[2024-10-30T21:18:53.161-0700] {processor.py:925} INFO - DAG(s) 'example_task_group_decorator' retrieved from /Users/saiprasadreddykolan/Documents/E-commerce_project/venv/lib/python3.10/site-packages/airflow/example_dags/example_task_group_decorator.py
[2024-10-30T21:18:53.201-0700] {logging_mixin.py:190} INFO - [2024-10-30T21:18:53.200-0700] {dag.py:3239} INFO - Sync 1 DAGs
[2024-10-30T21:18:53.206-0700] {logging_mixin.py:190} INFO - [2024-10-30T21:18:53.206-0700] {dag.py:4180} INFO - Setting next_dagrun for example_task_group_decorator to None, run_after=None
[2024-10-30T21:18:53.213-0700] {processor.py:208} INFO - Processing /Users/saiprasadreddykolan/Documents/E-commerce_project/venv/lib/python3.10/site-packages/airflow/example_dags/example_task_group_decorator.py took 0.070 seconds
[2024-10-30T21:19:54.726-0700] {processor.py:186} INFO - Started process (PID=33404) to work on /Users/saiprasadreddykolan/Documents/E-commerce_project/venv/lib/python3.10/site-packages/airflow/example_dags/example_task_group_decorator.py
[2024-10-30T21:19:54.728-0700] {processor.py:914} INFO - Processing file /Users/saiprasadreddykolan/Documents/E-commerce_project/venv/lib/python3.10/site-packages/airflow/example_dags/example_task_group_decorator.py for tasks to queue
[2024-10-30T21:19:54.729-0700] {logging_mixin.py:190} INFO - [2024-10-30T21:19:54.729-0700] {dagbag.py:588} INFO - Filling up the DagBag from /Users/saiprasadreddykolan/Documents/E-commerce_project/venv/lib/python3.10/site-packages/airflow/example_dags/example_task_group_decorator.py
[2024-10-30T21:19:54.743-0700] {processor.py:925} INFO - DAG(s) 'example_task_group_decorator' retrieved from /Users/saiprasadreddykolan/Documents/E-commerce_project/venv/lib/python3.10/site-packages/airflow/example_dags/example_task_group_decorator.py
[2024-10-30T21:19:54.779-0700] {logging_mixin.py:190} INFO - [2024-10-30T21:19:54.779-0700] {dag.py:3239} INFO - Sync 1 DAGs
[2024-10-30T21:19:54.783-0700] {logging_mixin.py:190} INFO - [2024-10-30T21:19:54.783-0700] {dag.py:4180} INFO - Setting next_dagrun for example_task_group_decorator to None, run_after=None
[2024-10-30T21:19:54.789-0700] {processor.py:208} INFO - Processing /Users/saiprasadreddykolan/Documents/E-commerce_project/venv/lib/python3.10/site-packages/airflow/example_dags/example_task_group_decorator.py took 0.063 seconds
[2024-10-30T21:20:58.484-0700] {processor.py:186} INFO - Started process (PID=33521) to work on /Users/saiprasadreddykolan/Documents/E-commerce_project/venv/lib/python3.10/site-packages/airflow/example_dags/example_task_group_decorator.py
[2024-10-30T21:20:58.486-0700] {processor.py:914} INFO - Processing file /Users/saiprasadreddykolan/Documents/E-commerce_project/venv/lib/python3.10/site-packages/airflow/example_dags/example_task_group_decorator.py for tasks to queue
[2024-10-30T21:20:58.487-0700] {logging_mixin.py:190} INFO - [2024-10-30T21:20:58.486-0700] {dagbag.py:588} INFO - Filling up the DagBag from /Users/saiprasadreddykolan/Documents/E-commerce_project/venv/lib/python3.10/site-packages/airflow/example_dags/example_task_group_decorator.py
[2024-10-30T21:20:58.501-0700] {processor.py:925} INFO - DAG(s) 'example_task_group_decorator' retrieved from /Users/saiprasadreddykolan/Documents/E-commerce_project/venv/lib/python3.10/site-packages/airflow/example_dags/example_task_group_decorator.py
[2024-10-30T21:20:58.537-0700] {logging_mixin.py:190} INFO - [2024-10-30T21:20:58.537-0700] {dag.py:3239} INFO - Sync 1 DAGs
[2024-10-30T21:20:58.542-0700] {logging_mixin.py:190} INFO - [2024-10-30T21:20:58.541-0700] {dag.py:4180} INFO - Setting next_dagrun for example_task_group_decorator to None, run_after=None
[2024-10-30T21:20:58.547-0700] {processor.py:208} INFO - Processing /Users/saiprasadreddykolan/Documents/E-commerce_project/venv/lib/python3.10/site-packages/airflow/example_dags/example_task_group_decorator.py took 0.064 seconds
[2024-10-30T21:22:04.860-0700] {processor.py:186} INFO - Started process (PID=33617) to work on /Users/saiprasadreddykolan/Documents/E-commerce_project/venv/lib/python3.10/site-packages/airflow/example_dags/example_task_group_decorator.py
[2024-10-30T21:22:04.863-0700] {processor.py:914} INFO - Processing file /Users/saiprasadreddykolan/Documents/E-commerce_project/venv/lib/python3.10/site-packages/airflow/example_dags/example_task_group_decorator.py for tasks to queue
[2024-10-30T21:22:04.864-0700] {logging_mixin.py:190} INFO - [2024-10-30T21:22:04.864-0700] {dagbag.py:588} INFO - Filling up the DagBag from /Users/saiprasadreddykolan/Documents/E-commerce_project/venv/lib/python3.10/site-packages/airflow/example_dags/example_task_group_decorator.py
[2024-10-30T21:22:04.883-0700] {processor.py:925} INFO - DAG(s) 'example_task_group_decorator' retrieved from /Users/saiprasadreddykolan/Documents/E-commerce_project/venv/lib/python3.10/site-packages/airflow/example_dags/example_task_group_decorator.py
[2024-10-30T21:22:04.919-0700] {logging_mixin.py:190} INFO - [2024-10-30T21:22:04.919-0700] {dag.py:3239} INFO - Sync 1 DAGs
[2024-10-30T21:22:04.923-0700] {logging_mixin.py:190} INFO - [2024-10-30T21:22:04.923-0700] {dag.py:4180} INFO - Setting next_dagrun for example_task_group_decorator to None, run_after=None
[2024-10-30T21:22:04.929-0700] {processor.py:208} INFO - Processing /Users/saiprasadreddykolan/Documents/E-commerce_project/venv/lib/python3.10/site-packages/airflow/example_dags/example_task_group_decorator.py took 0.070 seconds
[2024-10-30T21:23:12.453-0700] {processor.py:186} INFO - Started process (PID=33741) to work on /Users/saiprasadreddykolan/Documents/E-commerce_project/venv/lib/python3.10/site-packages/airflow/example_dags/example_task_group_decorator.py
[2024-10-30T21:23:12.456-0700] {processor.py:914} INFO - Processing file /Users/saiprasadreddykolan/Documents/E-commerce_project/venv/lib/python3.10/site-packages/airflow/example_dags/example_task_group_decorator.py for tasks to queue
[2024-10-30T21:23:12.456-0700] {logging_mixin.py:190} INFO - [2024-10-30T21:23:12.456-0700] {dagbag.py:588} INFO - Filling up the DagBag from /Users/saiprasadreddykolan/Documents/E-commerce_project/venv/lib/python3.10/site-packages/airflow/example_dags/example_task_group_decorator.py
[2024-10-30T21:23:12.470-0700] {processor.py:925} INFO - DAG(s) 'example_task_group_decorator' retrieved from /Users/saiprasadreddykolan/Documents/E-commerce_project/venv/lib/python3.10/site-packages/airflow/example_dags/example_task_group_decorator.py
[2024-10-30T21:23:12.506-0700] {logging_mixin.py:190} INFO - [2024-10-30T21:23:12.506-0700] {dag.py:3239} INFO - Sync 1 DAGs
[2024-10-30T21:23:12.510-0700] {logging_mixin.py:190} INFO - [2024-10-30T21:23:12.510-0700] {dag.py:4180} INFO - Setting next_dagrun for example_task_group_decorator to None, run_after=None
[2024-10-30T21:23:12.516-0700] {processor.py:208} INFO - Processing /Users/saiprasadreddykolan/Documents/E-commerce_project/venv/lib/python3.10/site-packages/airflow/example_dags/example_task_group_decorator.py took 0.063 seconds
[2024-10-30T21:24:19.489-0700] {processor.py:186} INFO - Started process (PID=34383) to work on /Users/saiprasadreddykolan/Documents/E-commerce_project/venv/lib/python3.10/site-packages/airflow/example_dags/example_task_group_decorator.py
[2024-10-30T21:24:19.492-0700] {processor.py:914} INFO - Processing file /Users/saiprasadreddykolan/Documents/E-commerce_project/venv/lib/python3.10/site-packages/airflow/example_dags/example_task_group_decorator.py for tasks to queue
[2024-10-30T21:24:19.492-0700] {logging_mixin.py:190} INFO - [2024-10-30T21:24:19.492-0700] {dagbag.py:588} INFO - Filling up the DagBag from /Users/saiprasadreddykolan/Documents/E-commerce_project/venv/lib/python3.10/site-packages/airflow/example_dags/example_task_group_decorator.py
[2024-10-30T21:24:19.508-0700] {processor.py:925} INFO - DAG(s) 'example_task_group_decorator' retrieved from /Users/saiprasadreddykolan/Documents/E-commerce_project/venv/lib/python3.10/site-packages/airflow/example_dags/example_task_group_decorator.py
[2024-10-30T21:24:19.545-0700] {logging_mixin.py:190} INFO - [2024-10-30T21:24:19.545-0700] {dag.py:3239} INFO - Sync 1 DAGs
[2024-10-30T21:24:19.549-0700] {logging_mixin.py:190} INFO - [2024-10-30T21:24:19.549-0700] {dag.py:4180} INFO - Setting next_dagrun for example_task_group_decorator to None, run_after=None
[2024-10-30T21:24:19.555-0700] {processor.py:208} INFO - Processing /Users/saiprasadreddykolan/Documents/E-commerce_project/venv/lib/python3.10/site-packages/airflow/example_dags/example_task_group_decorator.py took 0.067 seconds
[2024-10-30T21:25:26.229-0700] {processor.py:186} INFO - Started process (PID=36110) to work on /Users/saiprasadreddykolan/Documents/E-commerce_project/venv/lib/python3.10/site-packages/airflow/example_dags/example_task_group_decorator.py
[2024-10-30T21:25:26.231-0700] {processor.py:914} INFO - Processing file /Users/saiprasadreddykolan/Documents/E-commerce_project/venv/lib/python3.10/site-packages/airflow/example_dags/example_task_group_decorator.py for tasks to queue
[2024-10-30T21:25:26.232-0700] {logging_mixin.py:190} INFO - [2024-10-30T21:25:26.232-0700] {dagbag.py:588} INFO - Filling up the DagBag from /Users/saiprasadreddykolan/Documents/E-commerce_project/venv/lib/python3.10/site-packages/airflow/example_dags/example_task_group_decorator.py
[2024-10-30T21:25:26.252-0700] {processor.py:925} INFO - DAG(s) 'example_task_group_decorator' retrieved from /Users/saiprasadreddykolan/Documents/E-commerce_project/venv/lib/python3.10/site-packages/airflow/example_dags/example_task_group_decorator.py
[2024-10-30T21:25:26.292-0700] {logging_mixin.py:190} INFO - [2024-10-30T21:25:26.291-0700] {dag.py:3239} INFO - Sync 1 DAGs
[2024-10-30T21:25:26.296-0700] {logging_mixin.py:190} INFO - [2024-10-30T21:25:26.296-0700] {dag.py:4180} INFO - Setting next_dagrun for example_task_group_decorator to None, run_after=None
[2024-10-30T21:25:26.302-0700] {processor.py:208} INFO - Processing /Users/saiprasadreddykolan/Documents/E-commerce_project/venv/lib/python3.10/site-packages/airflow/example_dags/example_task_group_decorator.py took 0.076 seconds
[2024-10-30T21:26:33.872-0700] {processor.py:186} INFO - Started process (PID=36198) to work on /Users/saiprasadreddykolan/Documents/E-commerce_project/venv/lib/python3.10/site-packages/airflow/example_dags/example_task_group_decorator.py
[2024-10-30T21:26:33.875-0700] {processor.py:914} INFO - Processing file /Users/saiprasadreddykolan/Documents/E-commerce_project/venv/lib/python3.10/site-packages/airflow/example_dags/example_task_group_decorator.py for tasks to queue
[2024-10-30T21:26:33.876-0700] {logging_mixin.py:190} INFO - [2024-10-30T21:26:33.876-0700] {dagbag.py:588} INFO - Filling up the DagBag from /Users/saiprasadreddykolan/Documents/E-commerce_project/venv/lib/python3.10/site-packages/airflow/example_dags/example_task_group_decorator.py
[2024-10-30T21:26:33.892-0700] {processor.py:925} INFO - DAG(s) 'example_task_group_decorator' retrieved from /Users/saiprasadreddykolan/Documents/E-commerce_project/venv/lib/python3.10/site-packages/airflow/example_dags/example_task_group_decorator.py
[2024-10-30T21:26:33.930-0700] {logging_mixin.py:190} INFO - [2024-10-30T21:26:33.930-0700] {dag.py:3239} INFO - Sync 1 DAGs
[2024-10-30T21:26:33.935-0700] {logging_mixin.py:190} INFO - [2024-10-30T21:26:33.935-0700] {dag.py:4180} INFO - Setting next_dagrun for example_task_group_decorator to None, run_after=None
[2024-10-30T21:26:33.944-0700] {processor.py:208} INFO - Processing /Users/saiprasadreddykolan/Documents/E-commerce_project/venv/lib/python3.10/site-packages/airflow/example_dags/example_task_group_decorator.py took 0.074 seconds
[2024-10-30T21:27:41.090-0700] {processor.py:186} INFO - Started process (PID=36284) to work on /Users/saiprasadreddykolan/Documents/E-commerce_project/venv/lib/python3.10/site-packages/airflow/example_dags/example_task_group_decorator.py
[2024-10-30T21:27:41.091-0700] {processor.py:914} INFO - Processing file /Users/saiprasadreddykolan/Documents/E-commerce_project/venv/lib/python3.10/site-packages/airflow/example_dags/example_task_group_decorator.py for tasks to queue
[2024-10-30T21:27:41.092-0700] {logging_mixin.py:190} INFO - [2024-10-30T21:27:41.092-0700] {dagbag.py:588} INFO - Filling up the DagBag from /Users/saiprasadreddykolan/Documents/E-commerce_project/venv/lib/python3.10/site-packages/airflow/example_dags/example_task_group_decorator.py
[2024-10-30T21:27:41.107-0700] {processor.py:925} INFO - DAG(s) 'example_task_group_decorator' retrieved from /Users/saiprasadreddykolan/Documents/E-commerce_project/venv/lib/python3.10/site-packages/airflow/example_dags/example_task_group_decorator.py
[2024-10-30T21:27:41.144-0700] {logging_mixin.py:190} INFO - [2024-10-30T21:27:41.144-0700] {dag.py:3239} INFO - Sync 1 DAGs
[2024-10-30T21:27:41.148-0700] {logging_mixin.py:190} INFO - [2024-10-30T21:27:41.148-0700] {dag.py:4180} INFO - Setting next_dagrun for example_task_group_decorator to None, run_after=None
[2024-10-30T21:27:41.155-0700] {processor.py:208} INFO - Processing /Users/saiprasadreddykolan/Documents/E-commerce_project/venv/lib/python3.10/site-packages/airflow/example_dags/example_task_group_decorator.py took 0.067 seconds
[2024-10-30T21:28:47.076-0700] {processor.py:186} INFO - Started process (PID=36425) to work on /Users/saiprasadreddykolan/Documents/E-commerce_project/venv/lib/python3.10/site-packages/airflow/example_dags/example_task_group_decorator.py
[2024-10-30T21:28:47.078-0700] {processor.py:914} INFO - Processing file /Users/saiprasadreddykolan/Documents/E-commerce_project/venv/lib/python3.10/site-packages/airflow/example_dags/example_task_group_decorator.py for tasks to queue
[2024-10-30T21:28:47.079-0700] {logging_mixin.py:190} INFO - [2024-10-30T21:28:47.079-0700] {dagbag.py:588} INFO - Filling up the DagBag from /Users/saiprasadreddykolan/Documents/E-commerce_project/venv/lib/python3.10/site-packages/airflow/example_dags/example_task_group_decorator.py
[2024-10-30T21:28:47.094-0700] {processor.py:925} INFO - DAG(s) 'example_task_group_decorator' retrieved from /Users/saiprasadreddykolan/Documents/E-commerce_project/venv/lib/python3.10/site-packages/airflow/example_dags/example_task_group_decorator.py
[2024-10-30T21:28:47.130-0700] {logging_mixin.py:190} INFO - [2024-10-30T21:28:47.130-0700] {dag.py:3239} INFO - Sync 1 DAGs
[2024-10-30T21:28:47.135-0700] {logging_mixin.py:190} INFO - [2024-10-30T21:28:47.135-0700] {dag.py:4180} INFO - Setting next_dagrun for example_task_group_decorator to None, run_after=None
[2024-10-30T21:28:47.142-0700] {processor.py:208} INFO - Processing /Users/saiprasadreddykolan/Documents/E-commerce_project/venv/lib/python3.10/site-packages/airflow/example_dags/example_task_group_decorator.py took 0.067 seconds
[2024-10-30T21:29:50.217-0700] {processor.py:186} INFO - Started process (PID=36528) to work on /Users/saiprasadreddykolan/Documents/E-commerce_project/venv/lib/python3.10/site-packages/airflow/example_dags/example_task_group_decorator.py
[2024-10-30T21:29:50.219-0700] {processor.py:914} INFO - Processing file /Users/saiprasadreddykolan/Documents/E-commerce_project/venv/lib/python3.10/site-packages/airflow/example_dags/example_task_group_decorator.py for tasks to queue
[2024-10-30T21:29:50.220-0700] {logging_mixin.py:190} INFO - [2024-10-30T21:29:50.220-0700] {dagbag.py:588} INFO - Filling up the DagBag from /Users/saiprasadreddykolan/Documents/E-commerce_project/venv/lib/python3.10/site-packages/airflow/example_dags/example_task_group_decorator.py
[2024-10-30T21:29:50.234-0700] {processor.py:925} INFO - DAG(s) 'example_task_group_decorator' retrieved from /Users/saiprasadreddykolan/Documents/E-commerce_project/venv/lib/python3.10/site-packages/airflow/example_dags/example_task_group_decorator.py
[2024-10-30T21:29:50.270-0700] {logging_mixin.py:190} INFO - [2024-10-30T21:29:50.270-0700] {dag.py:3239} INFO - Sync 1 DAGs
[2024-10-30T21:29:50.274-0700] {logging_mixin.py:190} INFO - [2024-10-30T21:29:50.274-0700] {dag.py:4180} INFO - Setting next_dagrun for example_task_group_decorator to None, run_after=None
[2024-10-30T21:29:50.279-0700] {processor.py:208} INFO - Processing /Users/saiprasadreddykolan/Documents/E-commerce_project/venv/lib/python3.10/site-packages/airflow/example_dags/example_task_group_decorator.py took 0.063 seconds
[2024-10-30T21:30:55.315-0700] {processor.py:186} INFO - Started process (PID=36619) to work on /Users/saiprasadreddykolan/Documents/E-commerce_project/venv/lib/python3.10/site-packages/airflow/example_dags/example_task_group_decorator.py
[2024-10-30T21:30:55.317-0700] {processor.py:914} INFO - Processing file /Users/saiprasadreddykolan/Documents/E-commerce_project/venv/lib/python3.10/site-packages/airflow/example_dags/example_task_group_decorator.py for tasks to queue
[2024-10-30T21:30:55.317-0700] {logging_mixin.py:190} INFO - [2024-10-30T21:30:55.317-0700] {dagbag.py:588} INFO - Filling up the DagBag from /Users/saiprasadreddykolan/Documents/E-commerce_project/venv/lib/python3.10/site-packages/airflow/example_dags/example_task_group_decorator.py
[2024-10-30T21:30:55.332-0700] {processor.py:925} INFO - DAG(s) 'example_task_group_decorator' retrieved from /Users/saiprasadreddykolan/Documents/E-commerce_project/venv/lib/python3.10/site-packages/airflow/example_dags/example_task_group_decorator.py
[2024-10-30T21:30:55.369-0700] {logging_mixin.py:190} INFO - [2024-10-30T21:30:55.368-0700] {dag.py:3239} INFO - Sync 1 DAGs
[2024-10-30T21:30:55.373-0700] {logging_mixin.py:190} INFO - [2024-10-30T21:30:55.373-0700] {dag.py:4180} INFO - Setting next_dagrun for example_task_group_decorator to None, run_after=None
[2024-10-30T21:30:55.379-0700] {processor.py:208} INFO - Processing /Users/saiprasadreddykolan/Documents/E-commerce_project/venv/lib/python3.10/site-packages/airflow/example_dags/example_task_group_decorator.py took 0.065 seconds
[2024-10-30T21:32:03.991-0700] {processor.py:186} INFO - Started process (PID=36717) to work on /Users/saiprasadreddykolan/Documents/E-commerce_project/venv/lib/python3.10/site-packages/airflow/example_dags/example_task_group_decorator.py
[2024-10-30T21:32:03.994-0700] {processor.py:914} INFO - Processing file /Users/saiprasadreddykolan/Documents/E-commerce_project/venv/lib/python3.10/site-packages/airflow/example_dags/example_task_group_decorator.py for tasks to queue
[2024-10-30T21:32:03.994-0700] {logging_mixin.py:190} INFO - [2024-10-30T21:32:03.994-0700] {dagbag.py:588} INFO - Filling up the DagBag from /Users/saiprasadreddykolan/Documents/E-commerce_project/venv/lib/python3.10/site-packages/airflow/example_dags/example_task_group_decorator.py
[2024-10-30T21:32:04.010-0700] {processor.py:925} INFO - DAG(s) 'example_task_group_decorator' retrieved from /Users/saiprasadreddykolan/Documents/E-commerce_project/venv/lib/python3.10/site-packages/airflow/example_dags/example_task_group_decorator.py
[2024-10-30T21:32:04.049-0700] {logging_mixin.py:190} INFO - [2024-10-30T21:32:04.048-0700] {dag.py:3239} INFO - Sync 1 DAGs
[2024-10-30T21:32:04.053-0700] {logging_mixin.py:190} INFO - [2024-10-30T21:32:04.053-0700] {dag.py:4180} INFO - Setting next_dagrun for example_task_group_decorator to None, run_after=None
[2024-10-30T21:32:04.059-0700] {processor.py:208} INFO - Processing /Users/saiprasadreddykolan/Documents/E-commerce_project/venv/lib/python3.10/site-packages/airflow/example_dags/example_task_group_decorator.py took 0.069 seconds
[2024-10-30T21:33:14.924-0700] {processor.py:186} INFO - Started process (PID=36804) to work on /Users/saiprasadreddykolan/Documents/E-commerce_project/venv/lib/python3.10/site-packages/airflow/example_dags/example_task_group_decorator.py
[2024-10-30T21:33:14.926-0700] {processor.py:914} INFO - Processing file /Users/saiprasadreddykolan/Documents/E-commerce_project/venv/lib/python3.10/site-packages/airflow/example_dags/example_task_group_decorator.py for tasks to queue
[2024-10-30T21:33:14.927-0700] {logging_mixin.py:190} INFO - [2024-10-30T21:33:14.927-0700] {dagbag.py:588} INFO - Filling up the DagBag from /Users/saiprasadreddykolan/Documents/E-commerce_project/venv/lib/python3.10/site-packages/airflow/example_dags/example_task_group_decorator.py
[2024-10-30T21:33:14.941-0700] {processor.py:925} INFO - DAG(s) 'example_task_group_decorator' retrieved from /Users/saiprasadreddykolan/Documents/E-commerce_project/venv/lib/python3.10/site-packages/airflow/example_dags/example_task_group_decorator.py
[2024-10-30T21:33:14.978-0700] {logging_mixin.py:190} INFO - [2024-10-30T21:33:14.978-0700] {dag.py:3239} INFO - Sync 1 DAGs
[2024-10-30T21:33:14.982-0700] {logging_mixin.py:190} INFO - [2024-10-30T21:33:14.982-0700] {dag.py:4180} INFO - Setting next_dagrun for example_task_group_decorator to None, run_after=None
[2024-10-30T21:33:14.988-0700] {processor.py:208} INFO - Processing /Users/saiprasadreddykolan/Documents/E-commerce_project/venv/lib/python3.10/site-packages/airflow/example_dags/example_task_group_decorator.py took 0.065 seconds
[2024-10-30T21:34:23.991-0700] {processor.py:186} INFO - Started process (PID=36888) to work on /Users/saiprasadreddykolan/Documents/E-commerce_project/venv/lib/python3.10/site-packages/airflow/example_dags/example_task_group_decorator.py
[2024-10-30T21:34:23.993-0700] {processor.py:914} INFO - Processing file /Users/saiprasadreddykolan/Documents/E-commerce_project/venv/lib/python3.10/site-packages/airflow/example_dags/example_task_group_decorator.py for tasks to queue
[2024-10-30T21:34:23.994-0700] {logging_mixin.py:190} INFO - [2024-10-30T21:34:23.994-0700] {dagbag.py:588} INFO - Filling up the DagBag from /Users/saiprasadreddykolan/Documents/E-commerce_project/venv/lib/python3.10/site-packages/airflow/example_dags/example_task_group_decorator.py
[2024-10-30T21:34:24.008-0700] {processor.py:925} INFO - DAG(s) 'example_task_group_decorator' retrieved from /Users/saiprasadreddykolan/Documents/E-commerce_project/venv/lib/python3.10/site-packages/airflow/example_dags/example_task_group_decorator.py
[2024-10-30T21:34:24.044-0700] {logging_mixin.py:190} INFO - [2024-10-30T21:34:24.044-0700] {dag.py:3239} INFO - Sync 1 DAGs
[2024-10-30T21:34:24.048-0700] {logging_mixin.py:190} INFO - [2024-10-30T21:34:24.048-0700] {dag.py:4180} INFO - Setting next_dagrun for example_task_group_decorator to None, run_after=None
[2024-10-30T21:34:24.053-0700] {processor.py:208} INFO - Processing /Users/saiprasadreddykolan/Documents/E-commerce_project/venv/lib/python3.10/site-packages/airflow/example_dags/example_task_group_decorator.py took 0.063 seconds
[2024-10-30T21:35:30.945-0700] {processor.py:186} INFO - Started process (PID=36971) to work on /Users/saiprasadreddykolan/Documents/E-commerce_project/venv/lib/python3.10/site-packages/airflow/example_dags/example_task_group_decorator.py
[2024-10-30T21:35:30.947-0700] {processor.py:914} INFO - Processing file /Users/saiprasadreddykolan/Documents/E-commerce_project/venv/lib/python3.10/site-packages/airflow/example_dags/example_task_group_decorator.py for tasks to queue
[2024-10-30T21:35:30.947-0700] {logging_mixin.py:190} INFO - [2024-10-30T21:35:30.947-0700] {dagbag.py:588} INFO - Filling up the DagBag from /Users/saiprasadreddykolan/Documents/E-commerce_project/venv/lib/python3.10/site-packages/airflow/example_dags/example_task_group_decorator.py
[2024-10-30T21:35:30.962-0700] {processor.py:925} INFO - DAG(s) 'example_task_group_decorator' retrieved from /Users/saiprasadreddykolan/Documents/E-commerce_project/venv/lib/python3.10/site-packages/airflow/example_dags/example_task_group_decorator.py
[2024-10-30T21:35:30.998-0700] {logging_mixin.py:190} INFO - [2024-10-30T21:35:30.997-0700] {dag.py:3239} INFO - Sync 1 DAGs
[2024-10-30T21:35:31.001-0700] {logging_mixin.py:190} INFO - [2024-10-30T21:35:31.001-0700] {dag.py:4180} INFO - Setting next_dagrun for example_task_group_decorator to None, run_after=None
[2024-10-30T21:35:31.007-0700] {processor.py:208} INFO - Processing /Users/saiprasadreddykolan/Documents/E-commerce_project/venv/lib/python3.10/site-packages/airflow/example_dags/example_task_group_decorator.py took 0.063 seconds
[2024-10-30T21:36:39.308-0700] {processor.py:186} INFO - Started process (PID=37055) to work on /Users/saiprasadreddykolan/Documents/E-commerce_project/venv/lib/python3.10/site-packages/airflow/example_dags/example_task_group_decorator.py
[2024-10-30T21:36:39.310-0700] {processor.py:914} INFO - Processing file /Users/saiprasadreddykolan/Documents/E-commerce_project/venv/lib/python3.10/site-packages/airflow/example_dags/example_task_group_decorator.py for tasks to queue
[2024-10-30T21:36:39.310-0700] {logging_mixin.py:190} INFO - [2024-10-30T21:36:39.310-0700] {dagbag.py:588} INFO - Filling up the DagBag from /Users/saiprasadreddykolan/Documents/E-commerce_project/venv/lib/python3.10/site-packages/airflow/example_dags/example_task_group_decorator.py
[2024-10-30T21:36:39.326-0700] {processor.py:925} INFO - DAG(s) 'example_task_group_decorator' retrieved from /Users/saiprasadreddykolan/Documents/E-commerce_project/venv/lib/python3.10/site-packages/airflow/example_dags/example_task_group_decorator.py
[2024-10-30T21:36:39.368-0700] {logging_mixin.py:190} INFO - [2024-10-30T21:36:39.368-0700] {dag.py:3239} INFO - Sync 1 DAGs
[2024-10-30T21:36:39.372-0700] {logging_mixin.py:190} INFO - [2024-10-30T21:36:39.372-0700] {dag.py:4180} INFO - Setting next_dagrun for example_task_group_decorator to None, run_after=None
[2024-10-30T21:36:39.378-0700] {processor.py:208} INFO - Processing /Users/saiprasadreddykolan/Documents/E-commerce_project/venv/lib/python3.10/site-packages/airflow/example_dags/example_task_group_decorator.py took 0.071 seconds
[2024-10-30T21:37:46.803-0700] {processor.py:186} INFO - Started process (PID=37135) to work on /Users/saiprasadreddykolan/Documents/E-commerce_project/venv/lib/python3.10/site-packages/airflow/example_dags/example_task_group_decorator.py
[2024-10-30T21:37:46.805-0700] {processor.py:914} INFO - Processing file /Users/saiprasadreddykolan/Documents/E-commerce_project/venv/lib/python3.10/site-packages/airflow/example_dags/example_task_group_decorator.py for tasks to queue
[2024-10-30T21:37:46.806-0700] {logging_mixin.py:190} INFO - [2024-10-30T21:37:46.806-0700] {dagbag.py:588} INFO - Filling up the DagBag from /Users/saiprasadreddykolan/Documents/E-commerce_project/venv/lib/python3.10/site-packages/airflow/example_dags/example_task_group_decorator.py
[2024-10-30T21:37:46.820-0700] {processor.py:925} INFO - DAG(s) 'example_task_group_decorator' retrieved from /Users/saiprasadreddykolan/Documents/E-commerce_project/venv/lib/python3.10/site-packages/airflow/example_dags/example_task_group_decorator.py
[2024-10-30T21:37:46.856-0700] {logging_mixin.py:190} INFO - [2024-10-30T21:37:46.856-0700] {dag.py:3239} INFO - Sync 1 DAGs
[2024-10-30T21:37:46.861-0700] {logging_mixin.py:190} INFO - [2024-10-30T21:37:46.860-0700] {dag.py:4180} INFO - Setting next_dagrun for example_task_group_decorator to None, run_after=None
[2024-10-30T21:37:46.866-0700] {processor.py:208} INFO - Processing /Users/saiprasadreddykolan/Documents/E-commerce_project/venv/lib/python3.10/site-packages/airflow/example_dags/example_task_group_decorator.py took 0.065 seconds
[2024-10-30T21:38:50.523-0700] {processor.py:186} INFO - Started process (PID=37232) to work on /Users/saiprasadreddykolan/Documents/E-commerce_project/venv/lib/python3.10/site-packages/airflow/example_dags/example_task_group_decorator.py
[2024-10-30T21:38:50.524-0700] {processor.py:914} INFO - Processing file /Users/saiprasadreddykolan/Documents/E-commerce_project/venv/lib/python3.10/site-packages/airflow/example_dags/example_task_group_decorator.py for tasks to queue
[2024-10-30T21:38:50.525-0700] {logging_mixin.py:190} INFO - [2024-10-30T21:38:50.525-0700] {dagbag.py:588} INFO - Filling up the DagBag from /Users/saiprasadreddykolan/Documents/E-commerce_project/venv/lib/python3.10/site-packages/airflow/example_dags/example_task_group_decorator.py
[2024-10-30T21:38:50.539-0700] {processor.py:925} INFO - DAG(s) 'example_task_group_decorator' retrieved from /Users/saiprasadreddykolan/Documents/E-commerce_project/venv/lib/python3.10/site-packages/airflow/example_dags/example_task_group_decorator.py
[2024-10-30T21:38:50.575-0700] {logging_mixin.py:190} INFO - [2024-10-30T21:38:50.575-0700] {dag.py:3239} INFO - Sync 1 DAGs
[2024-10-30T21:38:50.579-0700] {logging_mixin.py:190} INFO - [2024-10-30T21:38:50.579-0700] {dag.py:4180} INFO - Setting next_dagrun for example_task_group_decorator to None, run_after=None
[2024-10-30T21:38:50.584-0700] {processor.py:208} INFO - Processing /Users/saiprasadreddykolan/Documents/E-commerce_project/venv/lib/python3.10/site-packages/airflow/example_dags/example_task_group_decorator.py took 0.063 seconds
[2024-10-30T21:39:56.660-0700] {processor.py:186} INFO - Started process (PID=37324) to work on /Users/saiprasadreddykolan/Documents/E-commerce_project/venv/lib/python3.10/site-packages/airflow/example_dags/example_task_group_decorator.py
[2024-10-30T21:39:56.661-0700] {processor.py:914} INFO - Processing file /Users/saiprasadreddykolan/Documents/E-commerce_project/venv/lib/python3.10/site-packages/airflow/example_dags/example_task_group_decorator.py for tasks to queue
[2024-10-30T21:39:56.662-0700] {logging_mixin.py:190} INFO - [2024-10-30T21:39:56.662-0700] {dagbag.py:588} INFO - Filling up the DagBag from /Users/saiprasadreddykolan/Documents/E-commerce_project/venv/lib/python3.10/site-packages/airflow/example_dags/example_task_group_decorator.py
[2024-10-30T21:39:56.676-0700] {processor.py:925} INFO - DAG(s) 'example_task_group_decorator' retrieved from /Users/saiprasadreddykolan/Documents/E-commerce_project/venv/lib/python3.10/site-packages/airflow/example_dags/example_task_group_decorator.py
[2024-10-30T21:39:56.712-0700] {logging_mixin.py:190} INFO - [2024-10-30T21:39:56.712-0700] {dag.py:3239} INFO - Sync 1 DAGs
[2024-10-30T21:39:56.716-0700] {logging_mixin.py:190} INFO - [2024-10-30T21:39:56.716-0700] {dag.py:4180} INFO - Setting next_dagrun for example_task_group_decorator to None, run_after=None
[2024-10-30T21:39:56.722-0700] {processor.py:208} INFO - Processing /Users/saiprasadreddykolan/Documents/E-commerce_project/venv/lib/python3.10/site-packages/airflow/example_dags/example_task_group_decorator.py took 0.063 seconds
[2024-10-30T21:41:03.185-0700] {processor.py:186} INFO - Started process (PID=37407) to work on /Users/saiprasadreddykolan/Documents/E-commerce_project/venv/lib/python3.10/site-packages/airflow/example_dags/example_task_group_decorator.py
[2024-10-30T21:41:03.187-0700] {processor.py:914} INFO - Processing file /Users/saiprasadreddykolan/Documents/E-commerce_project/venv/lib/python3.10/site-packages/airflow/example_dags/example_task_group_decorator.py for tasks to queue
[2024-10-30T21:41:03.187-0700] {logging_mixin.py:190} INFO - [2024-10-30T21:41:03.187-0700] {dagbag.py:588} INFO - Filling up the DagBag from /Users/saiprasadreddykolan/Documents/E-commerce_project/venv/lib/python3.10/site-packages/airflow/example_dags/example_task_group_decorator.py
[2024-10-30T21:41:03.202-0700] {processor.py:925} INFO - DAG(s) 'example_task_group_decorator' retrieved from /Users/saiprasadreddykolan/Documents/E-commerce_project/venv/lib/python3.10/site-packages/airflow/example_dags/example_task_group_decorator.py
[2024-10-30T21:41:03.238-0700] {logging_mixin.py:190} INFO - [2024-10-30T21:41:03.238-0700] {dag.py:3239} INFO - Sync 1 DAGs
[2024-10-30T21:41:03.242-0700] {logging_mixin.py:190} INFO - [2024-10-30T21:41:03.242-0700] {dag.py:4180} INFO - Setting next_dagrun for example_task_group_decorator to None, run_after=None
[2024-10-30T21:41:03.247-0700] {processor.py:208} INFO - Processing /Users/saiprasadreddykolan/Documents/E-commerce_project/venv/lib/python3.10/site-packages/airflow/example_dags/example_task_group_decorator.py took 0.063 seconds
[2024-10-30T21:42:07.285-0700] {processor.py:186} INFO - Started process (PID=37485) to work on /Users/saiprasadreddykolan/Documents/E-commerce_project/venv/lib/python3.10/site-packages/airflow/example_dags/example_task_group_decorator.py
[2024-10-30T21:42:07.287-0700] {processor.py:914} INFO - Processing file /Users/saiprasadreddykolan/Documents/E-commerce_project/venv/lib/python3.10/site-packages/airflow/example_dags/example_task_group_decorator.py for tasks to queue
[2024-10-30T21:42:07.288-0700] {logging_mixin.py:190} INFO - [2024-10-30T21:42:07.288-0700] {dagbag.py:588} INFO - Filling up the DagBag from /Users/saiprasadreddykolan/Documents/E-commerce_project/venv/lib/python3.10/site-packages/airflow/example_dags/example_task_group_decorator.py
[2024-10-30T21:42:07.302-0700] {processor.py:925} INFO - DAG(s) 'example_task_group_decorator' retrieved from /Users/saiprasadreddykolan/Documents/E-commerce_project/venv/lib/python3.10/site-packages/airflow/example_dags/example_task_group_decorator.py
[2024-10-30T21:42:07.337-0700] {logging_mixin.py:190} INFO - [2024-10-30T21:42:07.337-0700] {dag.py:3239} INFO - Sync 1 DAGs
[2024-10-30T21:42:07.341-0700] {logging_mixin.py:190} INFO - [2024-10-30T21:42:07.341-0700] {dag.py:4180} INFO - Setting next_dagrun for example_task_group_decorator to None, run_after=None
[2024-10-30T21:42:07.347-0700] {processor.py:208} INFO - Processing /Users/saiprasadreddykolan/Documents/E-commerce_project/venv/lib/python3.10/site-packages/airflow/example_dags/example_task_group_decorator.py took 0.063 seconds
[2024-10-30T22:49:17.195-0700] {processor.py:186} INFO - Started process (PID=37698) to work on /Users/saiprasadreddykolan/Documents/E-commerce_project/venv/lib/python3.10/site-packages/airflow/example_dags/example_task_group_decorator.py
[2024-10-30T22:49:17.197-0700] {processor.py:914} INFO - Processing file /Users/saiprasadreddykolan/Documents/E-commerce_project/venv/lib/python3.10/site-packages/airflow/example_dags/example_task_group_decorator.py for tasks to queue
[2024-10-30T22:49:17.198-0700] {logging_mixin.py:190} INFO - [2024-10-30T22:49:17.198-0700] {dagbag.py:588} INFO - Filling up the DagBag from /Users/saiprasadreddykolan/Documents/E-commerce_project/venv/lib/python3.10/site-packages/airflow/example_dags/example_task_group_decorator.py
[2024-10-30T22:49:17.212-0700] {processor.py:925} INFO - DAG(s) 'example_task_group_decorator' retrieved from /Users/saiprasadreddykolan/Documents/E-commerce_project/venv/lib/python3.10/site-packages/airflow/example_dags/example_task_group_decorator.py
[2024-10-30T22:49:17.247-0700] {logging_mixin.py:190} INFO - [2024-10-30T22:49:17.247-0700] {dag.py:3239} INFO - Sync 1 DAGs
[2024-10-30T22:49:17.251-0700] {logging_mixin.py:190} INFO - [2024-10-30T22:49:17.251-0700] {dag.py:4180} INFO - Setting next_dagrun for example_task_group_decorator to None, run_after=None
[2024-10-30T22:49:17.256-0700] {processor.py:208} INFO - Processing /Users/saiprasadreddykolan/Documents/E-commerce_project/venv/lib/python3.10/site-packages/airflow/example_dags/example_task_group_decorator.py took 0.062 seconds
[2024-10-30T23:44:00.908-0700] {processor.py:186} INFO - Started process (PID=37873) to work on /Users/saiprasadreddykolan/Documents/E-commerce_project/venv/lib/python3.10/site-packages/airflow/example_dags/example_task_group_decorator.py
[2024-10-30T23:44:00.910-0700] {processor.py:914} INFO - Processing file /Users/saiprasadreddykolan/Documents/E-commerce_project/venv/lib/python3.10/site-packages/airflow/example_dags/example_task_group_decorator.py for tasks to queue
[2024-10-30T23:44:00.911-0700] {logging_mixin.py:190} INFO - [2024-10-30T23:44:00.911-0700] {dagbag.py:588} INFO - Filling up the DagBag from /Users/saiprasadreddykolan/Documents/E-commerce_project/venv/lib/python3.10/site-packages/airflow/example_dags/example_task_group_decorator.py
[2024-10-30T23:44:00.925-0700] {processor.py:925} INFO - DAG(s) 'example_task_group_decorator' retrieved from /Users/saiprasadreddykolan/Documents/E-commerce_project/venv/lib/python3.10/site-packages/airflow/example_dags/example_task_group_decorator.py
[2024-10-30T23:44:00.959-0700] {logging_mixin.py:190} INFO - [2024-10-30T23:44:00.959-0700] {dag.py:3239} INFO - Sync 1 DAGs
[2024-10-30T23:44:00.963-0700] {logging_mixin.py:190} INFO - [2024-10-30T23:44:00.963-0700] {dag.py:4180} INFO - Setting next_dagrun for example_task_group_decorator to None, run_after=None
[2024-10-30T23:44:00.969-0700] {processor.py:208} INFO - Processing /Users/saiprasadreddykolan/Documents/E-commerce_project/venv/lib/python3.10/site-packages/airflow/example_dags/example_task_group_decorator.py took 0.062 seconds
[2024-10-31T00:44:48.673-0700] {processor.py:186} INFO - Started process (PID=38057) to work on /Users/saiprasadreddykolan/Documents/E-commerce_project/venv/lib/python3.10/site-packages/airflow/example_dags/example_task_group_decorator.py
[2024-10-31T00:44:48.675-0700] {processor.py:914} INFO - Processing file /Users/saiprasadreddykolan/Documents/E-commerce_project/venv/lib/python3.10/site-packages/airflow/example_dags/example_task_group_decorator.py for tasks to queue
[2024-10-31T00:44:48.675-0700] {logging_mixin.py:190} INFO - [2024-10-31T00:44:48.675-0700] {dagbag.py:588} INFO - Filling up the DagBag from /Users/saiprasadreddykolan/Documents/E-commerce_project/venv/lib/python3.10/site-packages/airflow/example_dags/example_task_group_decorator.py
[2024-10-31T00:44:48.690-0700] {processor.py:925} INFO - DAG(s) 'example_task_group_decorator' retrieved from /Users/saiprasadreddykolan/Documents/E-commerce_project/venv/lib/python3.10/site-packages/airflow/example_dags/example_task_group_decorator.py
[2024-10-31T00:44:48.725-0700] {logging_mixin.py:190} INFO - [2024-10-31T00:44:48.725-0700] {dag.py:3239} INFO - Sync 1 DAGs
[2024-10-31T00:44:48.729-0700] {logging_mixin.py:190} INFO - [2024-10-31T00:44:48.729-0700] {dag.py:4180} INFO - Setting next_dagrun for example_task_group_decorator to None, run_after=None
[2024-10-31T00:44:48.734-0700] {processor.py:208} INFO - Processing /Users/saiprasadreddykolan/Documents/E-commerce_project/venv/lib/python3.10/site-packages/airflow/example_dags/example_task_group_decorator.py took 0.062 seconds
[2024-10-31T01:33:03.737-0700] {processor.py:186} INFO - Started process (PID=38182) to work on /Users/saiprasadreddykolan/Documents/E-commerce_project/venv/lib/python3.10/site-packages/airflow/example_dags/example_task_group_decorator.py
[2024-10-31T01:33:03.739-0700] {processor.py:914} INFO - Processing file /Users/saiprasadreddykolan/Documents/E-commerce_project/venv/lib/python3.10/site-packages/airflow/example_dags/example_task_group_decorator.py for tasks to queue
[2024-10-31T01:33:03.739-0700] {logging_mixin.py:190} INFO - [2024-10-31T01:33:03.739-0700] {dagbag.py:588} INFO - Filling up the DagBag from /Users/saiprasadreddykolan/Documents/E-commerce_project/venv/lib/python3.10/site-packages/airflow/example_dags/example_task_group_decorator.py
[2024-10-31T01:33:03.754-0700] {processor.py:925} INFO - DAG(s) 'example_task_group_decorator' retrieved from /Users/saiprasadreddykolan/Documents/E-commerce_project/venv/lib/python3.10/site-packages/airflow/example_dags/example_task_group_decorator.py
[2024-10-31T01:33:03.789-0700] {logging_mixin.py:190} INFO - [2024-10-31T01:33:03.788-0700] {dag.py:3239} INFO - Sync 1 DAGs
[2024-10-31T01:33:03.792-0700] {logging_mixin.py:190} INFO - [2024-10-31T01:33:03.792-0700] {dag.py:4180} INFO - Setting next_dagrun for example_task_group_decorator to None, run_after=None
[2024-10-31T01:33:03.798-0700] {processor.py:208} INFO - Processing /Users/saiprasadreddykolan/Documents/E-commerce_project/venv/lib/python3.10/site-packages/airflow/example_dags/example_task_group_decorator.py took 0.062 seconds
[2024-10-31T02:25:50.291-0700] {processor.py:186} INFO - Started process (PID=38316) to work on /Users/saiprasadreddykolan/Documents/E-commerce_project/venv/lib/python3.10/site-packages/airflow/example_dags/example_task_group_decorator.py
[2024-10-31T02:25:50.294-0700] {processor.py:914} INFO - Processing file /Users/saiprasadreddykolan/Documents/E-commerce_project/venv/lib/python3.10/site-packages/airflow/example_dags/example_task_group_decorator.py for tasks to queue
[2024-10-31T02:25:50.294-0700] {logging_mixin.py:190} INFO - [2024-10-31T02:25:50.294-0700] {dagbag.py:588} INFO - Filling up the DagBag from /Users/saiprasadreddykolan/Documents/E-commerce_project/venv/lib/python3.10/site-packages/airflow/example_dags/example_task_group_decorator.py
[2024-10-31T02:25:50.308-0700] {processor.py:925} INFO - DAG(s) 'example_task_group_decorator' retrieved from /Users/saiprasadreddykolan/Documents/E-commerce_project/venv/lib/python3.10/site-packages/airflow/example_dags/example_task_group_decorator.py
[2024-10-31T02:25:50.343-0700] {logging_mixin.py:190} INFO - [2024-10-31T02:25:50.343-0700] {dag.py:3239} INFO - Sync 1 DAGs
[2024-10-31T02:25:50.347-0700] {logging_mixin.py:190} INFO - [2024-10-31T02:25:50.347-0700] {dag.py:4180} INFO - Setting next_dagrun for example_task_group_decorator to None, run_after=None
[2024-10-31T02:25:50.353-0700] {processor.py:208} INFO - Processing /Users/saiprasadreddykolan/Documents/E-commerce_project/venv/lib/python3.10/site-packages/airflow/example_dags/example_task_group_decorator.py took 0.062 seconds
[2024-10-31T04:22:37.627-0700] {processor.py:186} INFO - Started process (PID=38488) to work on /Users/saiprasadreddykolan/Documents/E-commerce_project/venv/lib/python3.10/site-packages/airflow/example_dags/example_task_group_decorator.py
[2024-10-31T04:22:37.629-0700] {processor.py:914} INFO - Processing file /Users/saiprasadreddykolan/Documents/E-commerce_project/venv/lib/python3.10/site-packages/airflow/example_dags/example_task_group_decorator.py for tasks to queue
[2024-10-31T04:22:37.629-0700] {logging_mixin.py:190} INFO - [2024-10-31T04:22:37.629-0700] {dagbag.py:588} INFO - Filling up the DagBag from /Users/saiprasadreddykolan/Documents/E-commerce_project/venv/lib/python3.10/site-packages/airflow/example_dags/example_task_group_decorator.py
[2024-10-31T04:22:37.644-0700] {processor.py:925} INFO - DAG(s) 'example_task_group_decorator' retrieved from /Users/saiprasadreddykolan/Documents/E-commerce_project/venv/lib/python3.10/site-packages/airflow/example_dags/example_task_group_decorator.py
[2024-10-31T04:22:37.679-0700] {logging_mixin.py:190} INFO - [2024-10-31T04:22:37.679-0700] {dag.py:3239} INFO - Sync 1 DAGs
[2024-10-31T04:22:37.683-0700] {logging_mixin.py:190} INFO - [2024-10-31T04:22:37.683-0700] {dag.py:4180} INFO - Setting next_dagrun for example_task_group_decorator to None, run_after=None
[2024-10-31T04:22:37.689-0700] {processor.py:208} INFO - Processing /Users/saiprasadreddykolan/Documents/E-commerce_project/venv/lib/python3.10/site-packages/airflow/example_dags/example_task_group_decorator.py took 0.063 seconds
[2024-10-31T05:35:08.721-0700] {processor.py:186} INFO - Started process (PID=38750) to work on /Users/saiprasadreddykolan/Documents/E-commerce_project/venv/lib/python3.10/site-packages/airflow/example_dags/example_task_group_decorator.py
[2024-10-31T05:35:08.722-0700] {processor.py:914} INFO - Processing file /Users/saiprasadreddykolan/Documents/E-commerce_project/venv/lib/python3.10/site-packages/airflow/example_dags/example_task_group_decorator.py for tasks to queue
[2024-10-31T05:35:08.723-0700] {logging_mixin.py:190} INFO - [2024-10-31T05:35:08.723-0700] {dagbag.py:588} INFO - Filling up the DagBag from /Users/saiprasadreddykolan/Documents/E-commerce_project/venv/lib/python3.10/site-packages/airflow/example_dags/example_task_group_decorator.py
[2024-10-31T05:35:08.737-0700] {processor.py:925} INFO - DAG(s) 'example_task_group_decorator' retrieved from /Users/saiprasadreddykolan/Documents/E-commerce_project/venv/lib/python3.10/site-packages/airflow/example_dags/example_task_group_decorator.py
[2024-10-31T05:35:08.772-0700] {logging_mixin.py:190} INFO - [2024-10-31T05:35:08.772-0700] {dag.py:3239} INFO - Sync 1 DAGs
[2024-10-31T05:35:08.776-0700] {logging_mixin.py:190} INFO - [2024-10-31T05:35:08.776-0700] {dag.py:4180} INFO - Setting next_dagrun for example_task_group_decorator to None, run_after=None
[2024-10-31T05:35:08.782-0700] {processor.py:208} INFO - Processing /Users/saiprasadreddykolan/Documents/E-commerce_project/venv/lib/python3.10/site-packages/airflow/example_dags/example_task_group_decorator.py took 0.062 seconds
[2024-10-31T06:41:52.618-0700] {processor.py:186} INFO - Started process (PID=38915) to work on /Users/saiprasadreddykolan/Documents/E-commerce_project/venv/lib/python3.10/site-packages/airflow/example_dags/example_task_group_decorator.py
[2024-10-31T06:41:52.620-0700] {processor.py:914} INFO - Processing file /Users/saiprasadreddykolan/Documents/E-commerce_project/venv/lib/python3.10/site-packages/airflow/example_dags/example_task_group_decorator.py for tasks to queue
[2024-10-31T06:41:52.621-0700] {logging_mixin.py:190} INFO - [2024-10-31T06:41:52.621-0700] {dagbag.py:588} INFO - Filling up the DagBag from /Users/saiprasadreddykolan/Documents/E-commerce_project/venv/lib/python3.10/site-packages/airflow/example_dags/example_task_group_decorator.py
[2024-10-31T06:41:52.636-0700] {processor.py:925} INFO - DAG(s) 'example_task_group_decorator' retrieved from /Users/saiprasadreddykolan/Documents/E-commerce_project/venv/lib/python3.10/site-packages/airflow/example_dags/example_task_group_decorator.py
[2024-10-31T06:41:52.673-0700] {logging_mixin.py:190} INFO - [2024-10-31T06:41:52.672-0700] {dag.py:3239} INFO - Sync 1 DAGs
[2024-10-31T06:41:52.677-0700] {logging_mixin.py:190} INFO - [2024-10-31T06:41:52.677-0700] {dag.py:4180} INFO - Setting next_dagrun for example_task_group_decorator to None, run_after=None
[2024-10-31T06:41:52.683-0700] {processor.py:208} INFO - Processing /Users/saiprasadreddykolan/Documents/E-commerce_project/venv/lib/python3.10/site-packages/airflow/example_dags/example_task_group_decorator.py took 0.066 seconds
[2024-10-31T07:00:25.394-0700] {processor.py:186} INFO - Started process (PID=39038) to work on /Users/saiprasadreddykolan/Documents/E-commerce_project/venv/lib/python3.10/site-packages/airflow/example_dags/example_task_group_decorator.py
[2024-10-31T07:00:25.396-0700] {processor.py:914} INFO - Processing file /Users/saiprasadreddykolan/Documents/E-commerce_project/venv/lib/python3.10/site-packages/airflow/example_dags/example_task_group_decorator.py for tasks to queue
[2024-10-31T07:00:25.396-0700] {logging_mixin.py:190} INFO - [2024-10-31T07:00:25.396-0700] {dagbag.py:588} INFO - Filling up the DagBag from /Users/saiprasadreddykolan/Documents/E-commerce_project/venv/lib/python3.10/site-packages/airflow/example_dags/example_task_group_decorator.py
[2024-10-31T07:00:25.410-0700] {processor.py:925} INFO - DAG(s) 'example_task_group_decorator' retrieved from /Users/saiprasadreddykolan/Documents/E-commerce_project/venv/lib/python3.10/site-packages/airflow/example_dags/example_task_group_decorator.py
[2024-10-31T07:00:25.445-0700] {logging_mixin.py:190} INFO - [2024-10-31T07:00:25.445-0700] {dag.py:3239} INFO - Sync 1 DAGs
[2024-10-31T07:00:25.448-0700] {logging_mixin.py:190} INFO - [2024-10-31T07:00:25.448-0700] {dag.py:4180} INFO - Setting next_dagrun for example_task_group_decorator to None, run_after=None
[2024-10-31T07:00:25.454-0700] {processor.py:208} INFO - Processing /Users/saiprasadreddykolan/Documents/E-commerce_project/venv/lib/python3.10/site-packages/airflow/example_dags/example_task_group_decorator.py took 0.061 seconds
[2024-10-31T07:33:42.440-0700] {processor.py:186} INFO - Started process (PID=39146) to work on /Users/saiprasadreddykolan/Documents/E-commerce_project/venv/lib/python3.10/site-packages/airflow/example_dags/example_task_group_decorator.py
[2024-10-31T07:33:42.442-0700] {processor.py:914} INFO - Processing file /Users/saiprasadreddykolan/Documents/E-commerce_project/venv/lib/python3.10/site-packages/airflow/example_dags/example_task_group_decorator.py for tasks to queue
[2024-10-31T07:33:42.443-0700] {logging_mixin.py:190} INFO - [2024-10-31T07:33:42.442-0700] {dagbag.py:588} INFO - Filling up the DagBag from /Users/saiprasadreddykolan/Documents/E-commerce_project/venv/lib/python3.10/site-packages/airflow/example_dags/example_task_group_decorator.py
[2024-10-31T07:33:42.458-0700] {processor.py:925} INFO - DAG(s) 'example_task_group_decorator' retrieved from /Users/saiprasadreddykolan/Documents/E-commerce_project/venv/lib/python3.10/site-packages/airflow/example_dags/example_task_group_decorator.py
[2024-10-31T07:33:42.493-0700] {logging_mixin.py:190} INFO - [2024-10-31T07:33:42.493-0700] {dag.py:3239} INFO - Sync 1 DAGs
[2024-10-31T07:33:42.497-0700] {logging_mixin.py:190} INFO - [2024-10-31T07:33:42.497-0700] {dag.py:4180} INFO - Setting next_dagrun for example_task_group_decorator to None, run_after=None
[2024-10-31T07:33:42.502-0700] {processor.py:208} INFO - Processing /Users/saiprasadreddykolan/Documents/E-commerce_project/venv/lib/python3.10/site-packages/airflow/example_dags/example_task_group_decorator.py took 0.063 seconds
[2024-10-31T07:59:19.124-0700] {processor.py:186} INFO - Started process (PID=39260) to work on /Users/saiprasadreddykolan/Documents/E-commerce_project/venv/lib/python3.10/site-packages/airflow/example_dags/example_task_group_decorator.py
[2024-10-31T07:59:19.127-0700] {processor.py:914} INFO - Processing file /Users/saiprasadreddykolan/Documents/E-commerce_project/venv/lib/python3.10/site-packages/airflow/example_dags/example_task_group_decorator.py for tasks to queue
[2024-10-31T07:59:19.127-0700] {logging_mixin.py:190} INFO - [2024-10-31T07:59:19.127-0700] {dagbag.py:588} INFO - Filling up the DagBag from /Users/saiprasadreddykolan/Documents/E-commerce_project/venv/lib/python3.10/site-packages/airflow/example_dags/example_task_group_decorator.py
[2024-10-31T07:59:19.141-0700] {processor.py:925} INFO - DAG(s) 'example_task_group_decorator' retrieved from /Users/saiprasadreddykolan/Documents/E-commerce_project/venv/lib/python3.10/site-packages/airflow/example_dags/example_task_group_decorator.py
[2024-10-31T07:59:19.177-0700] {logging_mixin.py:190} INFO - [2024-10-31T07:59:19.176-0700] {dag.py:3239} INFO - Sync 1 DAGs
[2024-10-31T07:59:19.180-0700] {logging_mixin.py:190} INFO - [2024-10-31T07:59:19.180-0700] {dag.py:4180} INFO - Setting next_dagrun for example_task_group_decorator to None, run_after=None
[2024-10-31T07:59:19.186-0700] {processor.py:208} INFO - Processing /Users/saiprasadreddykolan/Documents/E-commerce_project/venv/lib/python3.10/site-packages/airflow/example_dags/example_task_group_decorator.py took 0.062 seconds
[2024-10-31T09:01:00.412-0700] {processor.py:186} INFO - Started process (PID=39411) to work on /Users/saiprasadreddykolan/Documents/E-commerce_project/venv/lib/python3.10/site-packages/airflow/example_dags/example_task_group_decorator.py
[2024-10-31T09:01:00.414-0700] {processor.py:914} INFO - Processing file /Users/saiprasadreddykolan/Documents/E-commerce_project/venv/lib/python3.10/site-packages/airflow/example_dags/example_task_group_decorator.py for tasks to queue
[2024-10-31T09:01:00.414-0700] {logging_mixin.py:190} INFO - [2024-10-31T09:01:00.414-0700] {dagbag.py:588} INFO - Filling up the DagBag from /Users/saiprasadreddykolan/Documents/E-commerce_project/venv/lib/python3.10/site-packages/airflow/example_dags/example_task_group_decorator.py
[2024-10-31T09:01:00.433-0700] {processor.py:925} INFO - DAG(s) 'example_task_group_decorator' retrieved from /Users/saiprasadreddykolan/Documents/E-commerce_project/venv/lib/python3.10/site-packages/airflow/example_dags/example_task_group_decorator.py
[2024-10-31T09:01:00.469-0700] {logging_mixin.py:190} INFO - [2024-10-31T09:01:00.468-0700] {dag.py:3239} INFO - Sync 1 DAGs
[2024-10-31T09:01:00.472-0700] {logging_mixin.py:190} INFO - [2024-10-31T09:01:00.472-0700] {dag.py:4180} INFO - Setting next_dagrun for example_task_group_decorator to None, run_after=None
[2024-10-31T09:01:00.478-0700] {processor.py:208} INFO - Processing /Users/saiprasadreddykolan/Documents/E-commerce_project/venv/lib/python3.10/site-packages/airflow/example_dags/example_task_group_decorator.py took 0.067 seconds
[2024-10-31T09:21:49.948-0700] {processor.py:186} INFO - Started process (PID=39517) to work on /Users/saiprasadreddykolan/Documents/E-commerce_project/venv/lib/python3.10/site-packages/airflow/example_dags/example_task_group_decorator.py
[2024-10-31T09:21:49.950-0700] {processor.py:914} INFO - Processing file /Users/saiprasadreddykolan/Documents/E-commerce_project/venv/lib/python3.10/site-packages/airflow/example_dags/example_task_group_decorator.py for tasks to queue
[2024-10-31T09:21:49.951-0700] {logging_mixin.py:190} INFO - [2024-10-31T09:21:49.951-0700] {dagbag.py:588} INFO - Filling up the DagBag from /Users/saiprasadreddykolan/Documents/E-commerce_project/venv/lib/python3.10/site-packages/airflow/example_dags/example_task_group_decorator.py
[2024-10-31T09:21:49.965-0700] {processor.py:925} INFO - DAG(s) 'example_task_group_decorator' retrieved from /Users/saiprasadreddykolan/Documents/E-commerce_project/venv/lib/python3.10/site-packages/airflow/example_dags/example_task_group_decorator.py
[2024-10-31T09:21:49.999-0700] {logging_mixin.py:190} INFO - [2024-10-31T09:21:49.999-0700] {dag.py:3239} INFO - Sync 1 DAGs
[2024-10-31T09:21:50.003-0700] {logging_mixin.py:190} INFO - [2024-10-31T09:21:50.003-0700] {dag.py:4180} INFO - Setting next_dagrun for example_task_group_decorator to None, run_after=None
[2024-10-31T09:21:50.009-0700] {processor.py:208} INFO - Processing /Users/saiprasadreddykolan/Documents/E-commerce_project/venv/lib/python3.10/site-packages/airflow/example_dags/example_task_group_decorator.py took 0.063 seconds
[2024-10-31T09:23:16.717-0700] {processor.py:186} INFO - Started process (PID=39604) to work on /Users/saiprasadreddykolan/Documents/E-commerce_project/venv/lib/python3.10/site-packages/airflow/example_dags/example_task_group_decorator.py
[2024-10-31T09:23:16.718-0700] {processor.py:914} INFO - Processing file /Users/saiprasadreddykolan/Documents/E-commerce_project/venv/lib/python3.10/site-packages/airflow/example_dags/example_task_group_decorator.py for tasks to queue
[2024-10-31T09:23:16.719-0700] {logging_mixin.py:190} INFO - [2024-10-31T09:23:16.719-0700] {dagbag.py:588} INFO - Filling up the DagBag from /Users/saiprasadreddykolan/Documents/E-commerce_project/venv/lib/python3.10/site-packages/airflow/example_dags/example_task_group_decorator.py
[2024-10-31T09:23:16.733-0700] {processor.py:925} INFO - DAG(s) 'example_task_group_decorator' retrieved from /Users/saiprasadreddykolan/Documents/E-commerce_project/venv/lib/python3.10/site-packages/airflow/example_dags/example_task_group_decorator.py
[2024-10-31T09:23:16.768-0700] {logging_mixin.py:190} INFO - [2024-10-31T09:23:16.768-0700] {dag.py:3239} INFO - Sync 1 DAGs
[2024-10-31T09:23:16.772-0700] {logging_mixin.py:190} INFO - [2024-10-31T09:23:16.772-0700] {dag.py:4180} INFO - Setting next_dagrun for example_task_group_decorator to None, run_after=None
[2024-10-31T09:23:16.777-0700] {processor.py:208} INFO - Processing /Users/saiprasadreddykolan/Documents/E-commerce_project/venv/lib/python3.10/site-packages/airflow/example_dags/example_task_group_decorator.py took 0.062 seconds
