[2024-10-30T19:25:05.373-0700] {processor.py:186} INFO - Started process (PID=7193) to work on /opt/anaconda3/lib/python3.12/site-packages/airflow/example_dags/example_branch_datetime_operator.py
[2024-10-30T19:25:05.373-0700] {processor.py:914} INFO - Processing file /opt/anaconda3/lib/python3.12/site-packages/airflow/example_dags/example_branch_datetime_operator.py for tasks to queue
[2024-10-30T19:25:05.374-0700] {logging_mixin.py:190} INFO - [2024-10-30T19:25:05.373-0700] {dagbag.py:588} INFO - Filling up the DagBag from /opt/anaconda3/lib/python3.12/site-packages/airflow/example_dags/example_branch_datetime_operator.py
[2024-10-30T19:25:05.378-0700] {processor.py:925} INFO - DAG(s) 'example_branch_datetime_operator', 'example_branch_datetime_operator_2', 'example_branch_datetime_operator_3' retrieved from /opt/anaconda3/lib/python3.12/site-packages/airflow/example_dags/example_branch_datetime_operator.py
[2024-10-30T19:25:05.409-0700] {logging_mixin.py:190} INFO - [2024-10-30T19:25:05.409-0700] {dag.py:3239} INFO - Sync 3 DAGs
[2024-10-30T19:25:05.415-0700] {logging_mixin.py:190} INFO - [2024-10-30T19:25:05.415-0700] {dag.py:4180} INFO - Setting next_dagrun for example_branch_datetime_operator to 2024-10-30 00:00:00+00:00, run_after=2024-10-31 00:00:00+00:00
[2024-10-30T19:25:05.416-0700] {logging_mixin.py:190} INFO - [2024-10-30T19:25:05.416-0700] {dag.py:4180} INFO - Setting next_dagrun for example_branch_datetime_operator_2 to 2024-10-30 00:00:00+00:00, run_after=2024-10-31 00:00:00+00:00
[2024-10-30T19:25:05.417-0700] {logging_mixin.py:190} INFO - [2024-10-30T19:25:05.417-0700] {dag.py:4180} INFO - Setting next_dagrun for example_branch_datetime_operator_3 to 2024-10-30 00:00:00+00:00, run_after=2024-10-31 00:00:00+00:00
[2024-10-30T19:25:05.421-0700] {processor.py:208} INFO - Processing /opt/anaconda3/lib/python3.12/site-packages/airflow/example_dags/example_branch_datetime_operator.py took 0.050 seconds
[2024-10-30T21:00:29.414-0700] {processor.py:186} INFO - Started process (PID=9568) to work on /Users/saiprasadreddykolan/Documents/E-commerce_project/venv/lib/python3.10/site-packages/airflow/example_dags/example_branch_datetime_operator.py
[2024-10-30T21:00:29.416-0700] {processor.py:914} INFO - Processing file /Users/saiprasadreddykolan/Documents/E-commerce_project/venv/lib/python3.10/site-packages/airflow/example_dags/example_branch_datetime_operator.py for tasks to queue
[2024-10-30T21:00:29.416-0700] {logging_mixin.py:190} INFO - [2024-10-30T21:00:29.416-0700] {dagbag.py:588} INFO - Filling up the DagBag from /Users/saiprasadreddykolan/Documents/E-commerce_project/venv/lib/python3.10/site-packages/airflow/example_dags/example_branch_datetime_operator.py
[2024-10-30T21:00:29.421-0700] {processor.py:925} INFO - DAG(s) 'example_branch_datetime_operator', 'example_branch_datetime_operator_3', 'example_branch_datetime_operator_2' retrieved from /Users/saiprasadreddykolan/Documents/E-commerce_project/venv/lib/python3.10/site-packages/airflow/example_dags/example_branch_datetime_operator.py
[2024-10-30T21:00:29.493-0700] {logging_mixin.py:190} INFO - [2024-10-30T21:00:29.493-0700] {dag.py:3239} INFO - Sync 3 DAGs
[2024-10-30T21:00:29.500-0700] {logging_mixin.py:190} INFO - [2024-10-30T21:00:29.500-0700] {dag.py:4180} INFO - Setting next_dagrun for example_branch_datetime_operator to 2024-10-30T00:00:00+00:00, run_after=2024-10-31T00:00:00+00:00
[2024-10-30T21:00:29.501-0700] {logging_mixin.py:190} INFO - [2024-10-30T21:00:29.501-0700] {dag.py:4180} INFO - Setting next_dagrun for example_branch_datetime_operator_2 to 2024-10-30T00:00:00+00:00, run_after=2024-10-31T00:00:00+00:00
[2024-10-30T21:00:29.501-0700] {logging_mixin.py:190} INFO - [2024-10-30T21:00:29.501-0700] {dag.py:4180} INFO - Setting next_dagrun for example_branch_datetime_operator_3 to 2024-10-30T00:00:00+00:00, run_after=2024-10-31T00:00:00+00:00
[2024-10-30T21:00:29.508-0700] {processor.py:208} INFO - Processing /Users/saiprasadreddykolan/Documents/E-commerce_project/venv/lib/python3.10/site-packages/airflow/example_dags/example_branch_datetime_operator.py took 0.095 seconds
[2024-10-30T21:02:38.383-0700] {processor.py:186} INFO - Started process (PID=9759) to work on /Users/saiprasadreddykolan/Documents/E-commerce_project/venv/lib/python3.10/site-packages/airflow/example_dags/example_branch_datetime_operator.py
[2024-10-30T21:02:38.385-0700] {processor.py:914} INFO - Processing file /Users/saiprasadreddykolan/Documents/E-commerce_project/venv/lib/python3.10/site-packages/airflow/example_dags/example_branch_datetime_operator.py for tasks to queue
[2024-10-30T21:02:38.386-0700] {logging_mixin.py:190} INFO - [2024-10-30T21:02:38.386-0700] {dagbag.py:588} INFO - Filling up the DagBag from /Users/saiprasadreddykolan/Documents/E-commerce_project/venv/lib/python3.10/site-packages/airflow/example_dags/example_branch_datetime_operator.py
[2024-10-30T21:02:38.390-0700] {processor.py:925} INFO - DAG(s) 'example_branch_datetime_operator', 'example_branch_datetime_operator_3', 'example_branch_datetime_operator_2' retrieved from /Users/saiprasadreddykolan/Documents/E-commerce_project/venv/lib/python3.10/site-packages/airflow/example_dags/example_branch_datetime_operator.py
[2024-10-30T21:02:38.429-0700] {logging_mixin.py:190} INFO - [2024-10-30T21:02:38.428-0700] {dag.py:3239} INFO - Sync 3 DAGs
[2024-10-30T21:02:38.435-0700] {logging_mixin.py:190} INFO - [2024-10-30T21:02:38.435-0700] {dag.py:4180} INFO - Setting next_dagrun for example_branch_datetime_operator to 2024-10-30T00:00:00+00:00, run_after=2024-10-31T00:00:00+00:00
[2024-10-30T21:02:38.436-0700] {logging_mixin.py:190} INFO - [2024-10-30T21:02:38.436-0700] {dag.py:4180} INFO - Setting next_dagrun for example_branch_datetime_operator_2 to 2024-10-30T00:00:00+00:00, run_after=2024-10-31T00:00:00+00:00
[2024-10-30T21:02:38.437-0700] {logging_mixin.py:190} INFO - [2024-10-30T21:02:38.437-0700] {dag.py:4180} INFO - Setting next_dagrun for example_branch_datetime_operator_3 to 2024-10-30T00:00:00+00:00, run_after=2024-10-31T00:00:00+00:00
[2024-10-30T21:02:38.442-0700] {processor.py:208} INFO - Processing /Users/saiprasadreddykolan/Documents/E-commerce_project/venv/lib/python3.10/site-packages/airflow/example_dags/example_branch_datetime_operator.py took 0.060 seconds
[2024-10-30T21:04:51.274-0700] {processor.py:186} INFO - Started process (PID=9969) to work on /Users/saiprasadreddykolan/Documents/E-commerce_project/venv/lib/python3.10/site-packages/airflow/example_dags/example_branch_datetime_operator.py
[2024-10-30T21:04:51.276-0700] {processor.py:914} INFO - Processing file /Users/saiprasadreddykolan/Documents/E-commerce_project/venv/lib/python3.10/site-packages/airflow/example_dags/example_branch_datetime_operator.py for tasks to queue
[2024-10-30T21:04:51.277-0700] {logging_mixin.py:190} INFO - [2024-10-30T21:04:51.277-0700] {dagbag.py:588} INFO - Filling up the DagBag from /Users/saiprasadreddykolan/Documents/E-commerce_project/venv/lib/python3.10/site-packages/airflow/example_dags/example_branch_datetime_operator.py
[2024-10-30T21:04:51.281-0700] {processor.py:925} INFO - DAG(s) 'example_branch_datetime_operator_3', 'example_branch_datetime_operator_2', 'example_branch_datetime_operator' retrieved from /Users/saiprasadreddykolan/Documents/E-commerce_project/venv/lib/python3.10/site-packages/airflow/example_dags/example_branch_datetime_operator.py
[2024-10-30T21:04:51.319-0700] {logging_mixin.py:190} INFO - [2024-10-30T21:04:51.318-0700] {dag.py:3239} INFO - Sync 3 DAGs
[2024-10-30T21:04:51.325-0700] {logging_mixin.py:190} INFO - [2024-10-30T21:04:51.325-0700] {dag.py:4180} INFO - Setting next_dagrun for example_branch_datetime_operator to 2024-10-30T00:00:00+00:00, run_after=2024-10-31T00:00:00+00:00
[2024-10-30T21:04:51.326-0700] {logging_mixin.py:190} INFO - [2024-10-30T21:04:51.326-0700] {dag.py:4180} INFO - Setting next_dagrun for example_branch_datetime_operator_2 to 2024-10-30T00:00:00+00:00, run_after=2024-10-31T00:00:00+00:00
[2024-10-30T21:04:51.327-0700] {logging_mixin.py:190} INFO - [2024-10-30T21:04:51.327-0700] {dag.py:4180} INFO - Setting next_dagrun for example_branch_datetime_operator_3 to 2024-10-30T00:00:00+00:00, run_after=2024-10-31T00:00:00+00:00
[2024-10-30T21:04:51.332-0700] {processor.py:208} INFO - Processing /Users/saiprasadreddykolan/Documents/E-commerce_project/venv/lib/python3.10/site-packages/airflow/example_dags/example_branch_datetime_operator.py took 0.059 seconds
[2024-10-30T21:07:03.982-0700] {processor.py:186} INFO - Started process (PID=10143) to work on /Users/saiprasadreddykolan/Documents/E-commerce_project/venv/lib/python3.10/site-packages/airflow/example_dags/example_branch_datetime_operator.py
[2024-10-30T21:07:03.984-0700] {processor.py:914} INFO - Processing file /Users/saiprasadreddykolan/Documents/E-commerce_project/venv/lib/python3.10/site-packages/airflow/example_dags/example_branch_datetime_operator.py for tasks to queue
[2024-10-30T21:07:03.985-0700] {logging_mixin.py:190} INFO - [2024-10-30T21:07:03.985-0700] {dagbag.py:588} INFO - Filling up the DagBag from /Users/saiprasadreddykolan/Documents/E-commerce_project/venv/lib/python3.10/site-packages/airflow/example_dags/example_branch_datetime_operator.py
[2024-10-30T21:07:03.989-0700] {processor.py:925} INFO - DAG(s) 'example_branch_datetime_operator', 'example_branch_datetime_operator_2', 'example_branch_datetime_operator_3' retrieved from /Users/saiprasadreddykolan/Documents/E-commerce_project/venv/lib/python3.10/site-packages/airflow/example_dags/example_branch_datetime_operator.py
[2024-10-30T21:07:04.026-0700] {logging_mixin.py:190} INFO - [2024-10-30T21:07:04.026-0700] {dag.py:3239} INFO - Sync 3 DAGs
[2024-10-30T21:07:04.032-0700] {logging_mixin.py:190} INFO - [2024-10-30T21:07:04.032-0700] {dag.py:4180} INFO - Setting next_dagrun for example_branch_datetime_operator to 2024-10-30T00:00:00+00:00, run_after=2024-10-31T00:00:00+00:00
[2024-10-30T21:07:04.034-0700] {logging_mixin.py:190} INFO - [2024-10-30T21:07:04.034-0700] {dag.py:4180} INFO - Setting next_dagrun for example_branch_datetime_operator_2 to 2024-10-30T00:00:00+00:00, run_after=2024-10-31T00:00:00+00:00
[2024-10-30T21:07:04.034-0700] {logging_mixin.py:190} INFO - [2024-10-30T21:07:04.034-0700] {dag.py:4180} INFO - Setting next_dagrun for example_branch_datetime_operator_3 to 2024-10-30T00:00:00+00:00, run_after=2024-10-31T00:00:00+00:00
[2024-10-30T21:07:04.039-0700] {processor.py:208} INFO - Processing /Users/saiprasadreddykolan/Documents/E-commerce_project/venv/lib/python3.10/site-packages/airflow/example_dags/example_branch_datetime_operator.py took 0.058 seconds
[2024-10-30T21:09:21.296-0700] {processor.py:186} INFO - Started process (PID=10333) to work on /Users/saiprasadreddykolan/Documents/E-commerce_project/venv/lib/python3.10/site-packages/airflow/example_dags/example_branch_datetime_operator.py
[2024-10-30T21:09:21.299-0700] {processor.py:914} INFO - Processing file /Users/saiprasadreddykolan/Documents/E-commerce_project/venv/lib/python3.10/site-packages/airflow/example_dags/example_branch_datetime_operator.py for tasks to queue
[2024-10-30T21:09:21.299-0700] {logging_mixin.py:190} INFO - [2024-10-30T21:09:21.299-0700] {dagbag.py:588} INFO - Filling up the DagBag from /Users/saiprasadreddykolan/Documents/E-commerce_project/venv/lib/python3.10/site-packages/airflow/example_dags/example_branch_datetime_operator.py
[2024-10-30T21:09:21.304-0700] {processor.py:925} INFO - DAG(s) 'example_branch_datetime_operator_2', 'example_branch_datetime_operator_3', 'example_branch_datetime_operator' retrieved from /Users/saiprasadreddykolan/Documents/E-commerce_project/venv/lib/python3.10/site-packages/airflow/example_dags/example_branch_datetime_operator.py
[2024-10-30T21:09:21.341-0700] {logging_mixin.py:190} INFO - [2024-10-30T21:09:21.341-0700] {dag.py:3239} INFO - Sync 3 DAGs
[2024-10-30T21:09:21.347-0700] {logging_mixin.py:190} INFO - [2024-10-30T21:09:21.347-0700] {dag.py:4180} INFO - Setting next_dagrun for example_branch_datetime_operator to 2024-10-30T00:00:00+00:00, run_after=2024-10-31T00:00:00+00:00
[2024-10-30T21:09:21.348-0700] {logging_mixin.py:190} INFO - [2024-10-30T21:09:21.348-0700] {dag.py:4180} INFO - Setting next_dagrun for example_branch_datetime_operator_2 to 2024-10-30T00:00:00+00:00, run_after=2024-10-31T00:00:00+00:00
[2024-10-30T21:09:21.349-0700] {logging_mixin.py:190} INFO - [2024-10-30T21:09:21.349-0700] {dag.py:4180} INFO - Setting next_dagrun for example_branch_datetime_operator_3 to 2024-10-30T00:00:00+00:00, run_after=2024-10-31T00:00:00+00:00
[2024-10-30T21:09:21.354-0700] {processor.py:208} INFO - Processing /Users/saiprasadreddykolan/Documents/E-commerce_project/venv/lib/python3.10/site-packages/airflow/example_dags/example_branch_datetime_operator.py took 0.059 seconds
[2024-10-30T21:11:34.293-0700] {processor.py:186} INFO - Started process (PID=10564) to work on /Users/saiprasadreddykolan/Documents/E-commerce_project/venv/lib/python3.10/site-packages/airflow/example_dags/example_branch_datetime_operator.py
[2024-10-30T21:11:34.294-0700] {processor.py:914} INFO - Processing file /Users/saiprasadreddykolan/Documents/E-commerce_project/venv/lib/python3.10/site-packages/airflow/example_dags/example_branch_datetime_operator.py for tasks to queue
[2024-10-30T21:11:34.295-0700] {logging_mixin.py:190} INFO - [2024-10-30T21:11:34.295-0700] {dagbag.py:588} INFO - Filling up the DagBag from /Users/saiprasadreddykolan/Documents/E-commerce_project/venv/lib/python3.10/site-packages/airflow/example_dags/example_branch_datetime_operator.py
[2024-10-30T21:11:34.300-0700] {processor.py:925} INFO - DAG(s) 'example_branch_datetime_operator', 'example_branch_datetime_operator_2', 'example_branch_datetime_operator_3' retrieved from /Users/saiprasadreddykolan/Documents/E-commerce_project/venv/lib/python3.10/site-packages/airflow/example_dags/example_branch_datetime_operator.py
[2024-10-30T21:11:34.338-0700] {logging_mixin.py:190} INFO - [2024-10-30T21:11:34.338-0700] {dag.py:3239} INFO - Sync 3 DAGs
[2024-10-30T21:11:34.345-0700] {logging_mixin.py:190} INFO - [2024-10-30T21:11:34.345-0700] {dag.py:4180} INFO - Setting next_dagrun for example_branch_datetime_operator to 2024-10-30T00:00:00+00:00, run_after=2024-10-31T00:00:00+00:00
[2024-10-30T21:11:34.346-0700] {logging_mixin.py:190} INFO - [2024-10-30T21:11:34.346-0700] {dag.py:4180} INFO - Setting next_dagrun for example_branch_datetime_operator_2 to 2024-10-30T00:00:00+00:00, run_after=2024-10-31T00:00:00+00:00
[2024-10-30T21:11:34.347-0700] {logging_mixin.py:190} INFO - [2024-10-30T21:11:34.347-0700] {dag.py:4180} INFO - Setting next_dagrun for example_branch_datetime_operator_3 to 2024-10-30T00:00:00+00:00, run_after=2024-10-31T00:00:00+00:00
[2024-10-30T21:11:34.352-0700] {processor.py:208} INFO - Processing /Users/saiprasadreddykolan/Documents/E-commerce_project/venv/lib/python3.10/site-packages/airflow/example_dags/example_branch_datetime_operator.py took 0.060 seconds
[2024-10-30T21:13:41.506-0700] {processor.py:186} INFO - Started process (PID=12326) to work on /Users/saiprasadreddykolan/Documents/E-commerce_project/venv/lib/python3.10/site-packages/airflow/example_dags/example_branch_datetime_operator.py
[2024-10-30T21:13:41.508-0700] {processor.py:914} INFO - Processing file /Users/saiprasadreddykolan/Documents/E-commerce_project/venv/lib/python3.10/site-packages/airflow/example_dags/example_branch_datetime_operator.py for tasks to queue
[2024-10-30T21:13:41.508-0700] {logging_mixin.py:190} INFO - [2024-10-30T21:13:41.508-0700] {dagbag.py:588} INFO - Filling up the DagBag from /Users/saiprasadreddykolan/Documents/E-commerce_project/venv/lib/python3.10/site-packages/airflow/example_dags/example_branch_datetime_operator.py
[2024-10-30T21:13:41.513-0700] {processor.py:925} INFO - DAG(s) 'example_branch_datetime_operator', 'example_branch_datetime_operator_3', 'example_branch_datetime_operator_2' retrieved from /Users/saiprasadreddykolan/Documents/E-commerce_project/venv/lib/python3.10/site-packages/airflow/example_dags/example_branch_datetime_operator.py
[2024-10-30T21:13:41.559-0700] {logging_mixin.py:190} INFO - [2024-10-30T21:13:41.559-0700] {dag.py:3239} INFO - Sync 3 DAGs
[2024-10-30T21:13:41.566-0700] {logging_mixin.py:190} INFO - [2024-10-30T21:13:41.566-0700] {dag.py:4180} INFO - Setting next_dagrun for example_branch_datetime_operator to 2024-10-30T00:00:00+00:00, run_after=2024-10-31T00:00:00+00:00
[2024-10-30T21:13:41.568-0700] {logging_mixin.py:190} INFO - [2024-10-30T21:13:41.568-0700] {dag.py:4180} INFO - Setting next_dagrun for example_branch_datetime_operator_2 to 2024-10-30T00:00:00+00:00, run_after=2024-10-31T00:00:00+00:00
[2024-10-30T21:13:41.569-0700] {logging_mixin.py:190} INFO - [2024-10-30T21:13:41.569-0700] {dag.py:4180} INFO - Setting next_dagrun for example_branch_datetime_operator_3 to 2024-10-30T00:00:00+00:00, run_after=2024-10-31T00:00:00+00:00
[2024-10-30T21:13:41.575-0700] {processor.py:208} INFO - Processing /Users/saiprasadreddykolan/Documents/E-commerce_project/venv/lib/python3.10/site-packages/airflow/example_dags/example_branch_datetime_operator.py took 0.069 seconds
[2024-10-30T21:15:58.679-0700] {processor.py:186} INFO - Started process (PID=23417) to work on /Users/saiprasadreddykolan/Documents/E-commerce_project/venv/lib/python3.10/site-packages/airflow/example_dags/example_branch_datetime_operator.py
[2024-10-30T21:15:58.682-0700] {processor.py:914} INFO - Processing file /Users/saiprasadreddykolan/Documents/E-commerce_project/venv/lib/python3.10/site-packages/airflow/example_dags/example_branch_datetime_operator.py for tasks to queue
[2024-10-30T21:15:58.682-0700] {logging_mixin.py:190} INFO - [2024-10-30T21:15:58.682-0700] {dagbag.py:588} INFO - Filling up the DagBag from /Users/saiprasadreddykolan/Documents/E-commerce_project/venv/lib/python3.10/site-packages/airflow/example_dags/example_branch_datetime_operator.py
[2024-10-30T21:15:58.687-0700] {processor.py:925} INFO - DAG(s) 'example_branch_datetime_operator', 'example_branch_datetime_operator_3', 'example_branch_datetime_operator_2' retrieved from /Users/saiprasadreddykolan/Documents/E-commerce_project/venv/lib/python3.10/site-packages/airflow/example_dags/example_branch_datetime_operator.py
[2024-10-30T21:15:58.727-0700] {logging_mixin.py:190} INFO - [2024-10-30T21:15:58.726-0700] {dag.py:3239} INFO - Sync 3 DAGs
[2024-10-30T21:15:58.733-0700] {logging_mixin.py:190} INFO - [2024-10-30T21:15:58.733-0700] {dag.py:4180} INFO - Setting next_dagrun for example_branch_datetime_operator to 2024-10-30T00:00:00+00:00, run_after=2024-10-31T00:00:00+00:00
[2024-10-30T21:15:58.735-0700] {logging_mixin.py:190} INFO - [2024-10-30T21:15:58.735-0700] {dag.py:4180} INFO - Setting next_dagrun for example_branch_datetime_operator_2 to 2024-10-30T00:00:00+00:00, run_after=2024-10-31T00:00:00+00:00
[2024-10-30T21:15:58.735-0700] {logging_mixin.py:190} INFO - [2024-10-30T21:15:58.735-0700] {dag.py:4180} INFO - Setting next_dagrun for example_branch_datetime_operator_3 to 2024-10-30T00:00:00+00:00, run_after=2024-10-31T00:00:00+00:00
[2024-10-30T21:15:58.741-0700] {processor.py:208} INFO - Processing /Users/saiprasadreddykolan/Documents/E-commerce_project/venv/lib/python3.10/site-packages/airflow/example_dags/example_branch_datetime_operator.py took 0.063 seconds
[2024-10-30T21:18:18.679-0700] {processor.py:186} INFO - Started process (PID=33270) to work on /Users/saiprasadreddykolan/Documents/E-commerce_project/venv/lib/python3.10/site-packages/airflow/example_dags/example_branch_datetime_operator.py
[2024-10-30T21:18:18.681-0700] {processor.py:914} INFO - Processing file /Users/saiprasadreddykolan/Documents/E-commerce_project/venv/lib/python3.10/site-packages/airflow/example_dags/example_branch_datetime_operator.py for tasks to queue
[2024-10-30T21:18:18.681-0700] {logging_mixin.py:190} INFO - [2024-10-30T21:18:18.681-0700] {dagbag.py:588} INFO - Filling up the DagBag from /Users/saiprasadreddykolan/Documents/E-commerce_project/venv/lib/python3.10/site-packages/airflow/example_dags/example_branch_datetime_operator.py
[2024-10-30T21:18:18.686-0700] {processor.py:925} INFO - DAG(s) 'example_branch_datetime_operator_2', 'example_branch_datetime_operator', 'example_branch_datetime_operator_3' retrieved from /Users/saiprasadreddykolan/Documents/E-commerce_project/venv/lib/python3.10/site-packages/airflow/example_dags/example_branch_datetime_operator.py
[2024-10-30T21:18:18.723-0700] {logging_mixin.py:190} INFO - [2024-10-30T21:18:18.723-0700] {dag.py:3239} INFO - Sync 3 DAGs
[2024-10-30T21:18:18.729-0700] {logging_mixin.py:190} INFO - [2024-10-30T21:18:18.729-0700] {dag.py:4180} INFO - Setting next_dagrun for example_branch_datetime_operator to 2024-10-30T00:00:00+00:00, run_after=2024-10-31T00:00:00+00:00
[2024-10-30T21:18:18.730-0700] {logging_mixin.py:190} INFO - [2024-10-30T21:18:18.730-0700] {dag.py:4180} INFO - Setting next_dagrun for example_branch_datetime_operator_2 to 2024-10-30T00:00:00+00:00, run_after=2024-10-31T00:00:00+00:00
[2024-10-30T21:18:18.731-0700] {logging_mixin.py:190} INFO - [2024-10-30T21:18:18.731-0700] {dag.py:4180} INFO - Setting next_dagrun for example_branch_datetime_operator_3 to 2024-10-30T00:00:00+00:00, run_after=2024-10-31T00:00:00+00:00
[2024-10-30T21:18:18.736-0700] {processor.py:208} INFO - Processing /Users/saiprasadreddykolan/Documents/E-commerce_project/venv/lib/python3.10/site-packages/airflow/example_dags/example_branch_datetime_operator.py took 0.058 seconds
[2024-10-30T21:20:24.436-0700] {processor.py:186} INFO - Started process (PID=33477) to work on /Users/saiprasadreddykolan/Documents/E-commerce_project/venv/lib/python3.10/site-packages/airflow/example_dags/example_branch_datetime_operator.py
[2024-10-30T21:20:24.439-0700] {processor.py:914} INFO - Processing file /Users/saiprasadreddykolan/Documents/E-commerce_project/venv/lib/python3.10/site-packages/airflow/example_dags/example_branch_datetime_operator.py for tasks to queue
[2024-10-30T21:20:24.439-0700] {logging_mixin.py:190} INFO - [2024-10-30T21:20:24.439-0700] {dagbag.py:588} INFO - Filling up the DagBag from /Users/saiprasadreddykolan/Documents/E-commerce_project/venv/lib/python3.10/site-packages/airflow/example_dags/example_branch_datetime_operator.py
[2024-10-30T21:20:24.444-0700] {processor.py:925} INFO - DAG(s) 'example_branch_datetime_operator_2', 'example_branch_datetime_operator_3', 'example_branch_datetime_operator' retrieved from /Users/saiprasadreddykolan/Documents/E-commerce_project/venv/lib/python3.10/site-packages/airflow/example_dags/example_branch_datetime_operator.py
[2024-10-30T21:20:24.482-0700] {logging_mixin.py:190} INFO - [2024-10-30T21:20:24.482-0700] {dag.py:3239} INFO - Sync 3 DAGs
[2024-10-30T21:20:24.489-0700] {logging_mixin.py:190} INFO - [2024-10-30T21:20:24.489-0700] {dag.py:4180} INFO - Setting next_dagrun for example_branch_datetime_operator to 2024-10-30T00:00:00+00:00, run_after=2024-10-31T00:00:00+00:00
[2024-10-30T21:20:24.490-0700] {logging_mixin.py:190} INFO - [2024-10-30T21:20:24.490-0700] {dag.py:4180} INFO - Setting next_dagrun for example_branch_datetime_operator_2 to 2024-10-30T00:00:00+00:00, run_after=2024-10-31T00:00:00+00:00
[2024-10-30T21:20:24.491-0700] {logging_mixin.py:190} INFO - [2024-10-30T21:20:24.491-0700] {dag.py:4180} INFO - Setting next_dagrun for example_branch_datetime_operator_3 to 2024-10-30T00:00:00+00:00, run_after=2024-10-31T00:00:00+00:00
[2024-10-30T21:20:24.496-0700] {processor.py:208} INFO - Processing /Users/saiprasadreddykolan/Documents/E-commerce_project/venv/lib/python3.10/site-packages/airflow/example_dags/example_branch_datetime_operator.py took 0.060 seconds
[2024-10-30T21:22:40.165-0700] {processor.py:186} INFO - Started process (PID=33666) to work on /Users/saiprasadreddykolan/Documents/E-commerce_project/venv/lib/python3.10/site-packages/airflow/example_dags/example_branch_datetime_operator.py
[2024-10-30T21:22:40.166-0700] {processor.py:914} INFO - Processing file /Users/saiprasadreddykolan/Documents/E-commerce_project/venv/lib/python3.10/site-packages/airflow/example_dags/example_branch_datetime_operator.py for tasks to queue
[2024-10-30T21:22:40.167-0700] {logging_mixin.py:190} INFO - [2024-10-30T21:22:40.167-0700] {dagbag.py:588} INFO - Filling up the DagBag from /Users/saiprasadreddykolan/Documents/E-commerce_project/venv/lib/python3.10/site-packages/airflow/example_dags/example_branch_datetime_operator.py
[2024-10-30T21:22:40.171-0700] {processor.py:925} INFO - DAG(s) 'example_branch_datetime_operator', 'example_branch_datetime_operator_2', 'example_branch_datetime_operator_3' retrieved from /Users/saiprasadreddykolan/Documents/E-commerce_project/venv/lib/python3.10/site-packages/airflow/example_dags/example_branch_datetime_operator.py
[2024-10-30T21:22:40.208-0700] {logging_mixin.py:190} INFO - [2024-10-30T21:22:40.208-0700] {dag.py:3239} INFO - Sync 3 DAGs
[2024-10-30T21:22:40.214-0700] {logging_mixin.py:190} INFO - [2024-10-30T21:22:40.214-0700] {dag.py:4180} INFO - Setting next_dagrun for example_branch_datetime_operator to 2024-10-30T00:00:00+00:00, run_after=2024-10-31T00:00:00+00:00
[2024-10-30T21:22:40.216-0700] {logging_mixin.py:190} INFO - [2024-10-30T21:22:40.216-0700] {dag.py:4180} INFO - Setting next_dagrun for example_branch_datetime_operator_2 to 2024-10-30T00:00:00+00:00, run_after=2024-10-31T00:00:00+00:00
[2024-10-30T21:22:40.216-0700] {logging_mixin.py:190} INFO - [2024-10-30T21:22:40.216-0700] {dag.py:4180} INFO - Setting next_dagrun for example_branch_datetime_operator_3 to 2024-10-30T00:00:00+00:00, run_after=2024-10-31T00:00:00+00:00
[2024-10-30T21:22:40.221-0700] {processor.py:208} INFO - Processing /Users/saiprasadreddykolan/Documents/E-commerce_project/venv/lib/python3.10/site-packages/airflow/example_dags/example_branch_datetime_operator.py took 0.058 seconds
[2024-10-30T21:24:55.579-0700] {processor.py:186} INFO - Started process (PID=36060) to work on /Users/saiprasadreddykolan/Documents/E-commerce_project/venv/lib/python3.10/site-packages/airflow/example_dags/example_branch_datetime_operator.py
[2024-10-30T21:24:55.582-0700] {processor.py:914} INFO - Processing file /Users/saiprasadreddykolan/Documents/E-commerce_project/venv/lib/python3.10/site-packages/airflow/example_dags/example_branch_datetime_operator.py for tasks to queue
[2024-10-30T21:24:55.583-0700] {logging_mixin.py:190} INFO - [2024-10-30T21:24:55.583-0700] {dagbag.py:588} INFO - Filling up the DagBag from /Users/saiprasadreddykolan/Documents/E-commerce_project/venv/lib/python3.10/site-packages/airflow/example_dags/example_branch_datetime_operator.py
[2024-10-30T21:24:55.587-0700] {processor.py:925} INFO - DAG(s) 'example_branch_datetime_operator_3', 'example_branch_datetime_operator_2', 'example_branch_datetime_operator' retrieved from /Users/saiprasadreddykolan/Documents/E-commerce_project/venv/lib/python3.10/site-packages/airflow/example_dags/example_branch_datetime_operator.py
[2024-10-30T21:24:55.624-0700] {logging_mixin.py:190} INFO - [2024-10-30T21:24:55.624-0700] {dag.py:3239} INFO - Sync 3 DAGs
[2024-10-30T21:24:55.631-0700] {logging_mixin.py:190} INFO - [2024-10-30T21:24:55.631-0700] {dag.py:4180} INFO - Setting next_dagrun for example_branch_datetime_operator to 2024-10-30T00:00:00+00:00, run_after=2024-10-31T00:00:00+00:00
[2024-10-30T21:24:55.632-0700] {logging_mixin.py:190} INFO - [2024-10-30T21:24:55.632-0700] {dag.py:4180} INFO - Setting next_dagrun for example_branch_datetime_operator_2 to 2024-10-30T00:00:00+00:00, run_after=2024-10-31T00:00:00+00:00
[2024-10-30T21:24:55.633-0700] {logging_mixin.py:190} INFO - [2024-10-30T21:24:55.633-0700] {dag.py:4180} INFO - Setting next_dagrun for example_branch_datetime_operator_3 to 2024-10-30T00:00:00+00:00, run_after=2024-10-31T00:00:00+00:00
[2024-10-30T21:24:55.638-0700] {processor.py:208} INFO - Processing /Users/saiprasadreddykolan/Documents/E-commerce_project/venv/lib/python3.10/site-packages/airflow/example_dags/example_branch_datetime_operator.py took 0.059 seconds
[2024-10-30T21:27:08.082-0700] {processor.py:186} INFO - Started process (PID=36240) to work on /Users/saiprasadreddykolan/Documents/E-commerce_project/venv/lib/python3.10/site-packages/airflow/example_dags/example_branch_datetime_operator.py
[2024-10-30T21:27:08.084-0700] {processor.py:914} INFO - Processing file /Users/saiprasadreddykolan/Documents/E-commerce_project/venv/lib/python3.10/site-packages/airflow/example_dags/example_branch_datetime_operator.py for tasks to queue
[2024-10-30T21:27:08.085-0700] {logging_mixin.py:190} INFO - [2024-10-30T21:27:08.085-0700] {dagbag.py:588} INFO - Filling up the DagBag from /Users/saiprasadreddykolan/Documents/E-commerce_project/venv/lib/python3.10/site-packages/airflow/example_dags/example_branch_datetime_operator.py
[2024-10-30T21:27:08.089-0700] {processor.py:925} INFO - DAG(s) 'example_branch_datetime_operator_2', 'example_branch_datetime_operator', 'example_branch_datetime_operator_3' retrieved from /Users/saiprasadreddykolan/Documents/E-commerce_project/venv/lib/python3.10/site-packages/airflow/example_dags/example_branch_datetime_operator.py
[2024-10-30T21:27:08.131-0700] {logging_mixin.py:190} INFO - [2024-10-30T21:27:08.131-0700] {dag.py:3239} INFO - Sync 3 DAGs
[2024-10-30T21:27:08.138-0700] {logging_mixin.py:190} INFO - [2024-10-30T21:27:08.138-0700] {dag.py:4180} INFO - Setting next_dagrun for example_branch_datetime_operator to 2024-10-30T00:00:00+00:00, run_after=2024-10-31T00:00:00+00:00
[2024-10-30T21:27:08.139-0700] {logging_mixin.py:190} INFO - [2024-10-30T21:27:08.139-0700] {dag.py:4180} INFO - Setting next_dagrun for example_branch_datetime_operator_2 to 2024-10-30T00:00:00+00:00, run_after=2024-10-31T00:00:00+00:00
[2024-10-30T21:27:08.140-0700] {logging_mixin.py:190} INFO - [2024-10-30T21:27:08.140-0700] {dag.py:4180} INFO - Setting next_dagrun for example_branch_datetime_operator_3 to 2024-10-30T00:00:00+00:00, run_after=2024-10-31T00:00:00+00:00
[2024-10-30T21:27:08.145-0700] {processor.py:208} INFO - Processing /Users/saiprasadreddykolan/Documents/E-commerce_project/venv/lib/python3.10/site-packages/airflow/example_dags/example_branch_datetime_operator.py took 0.063 seconds
[2024-10-30T21:29:18.393-0700] {processor.py:186} INFO - Started process (PID=36481) to work on /Users/saiprasadreddykolan/Documents/E-commerce_project/venv/lib/python3.10/site-packages/airflow/example_dags/example_branch_datetime_operator.py
[2024-10-30T21:29:18.395-0700] {processor.py:914} INFO - Processing file /Users/saiprasadreddykolan/Documents/E-commerce_project/venv/lib/python3.10/site-packages/airflow/example_dags/example_branch_datetime_operator.py for tasks to queue
[2024-10-30T21:29:18.396-0700] {logging_mixin.py:190} INFO - [2024-10-30T21:29:18.396-0700] {dagbag.py:588} INFO - Filling up the DagBag from /Users/saiprasadreddykolan/Documents/E-commerce_project/venv/lib/python3.10/site-packages/airflow/example_dags/example_branch_datetime_operator.py
[2024-10-30T21:29:18.400-0700] {processor.py:925} INFO - DAG(s) 'example_branch_datetime_operator_2', 'example_branch_datetime_operator', 'example_branch_datetime_operator_3' retrieved from /Users/saiprasadreddykolan/Documents/E-commerce_project/venv/lib/python3.10/site-packages/airflow/example_dags/example_branch_datetime_operator.py
[2024-10-30T21:29:18.438-0700] {logging_mixin.py:190} INFO - [2024-10-30T21:29:18.437-0700] {dag.py:3239} INFO - Sync 3 DAGs
[2024-10-30T21:29:18.444-0700] {logging_mixin.py:190} INFO - [2024-10-30T21:29:18.444-0700] {dag.py:4180} INFO - Setting next_dagrun for example_branch_datetime_operator to 2024-10-30T00:00:00+00:00, run_after=2024-10-31T00:00:00+00:00
[2024-10-30T21:29:18.445-0700] {logging_mixin.py:190} INFO - [2024-10-30T21:29:18.445-0700] {dag.py:4180} INFO - Setting next_dagrun for example_branch_datetime_operator_2 to 2024-10-30T00:00:00+00:00, run_after=2024-10-31T00:00:00+00:00
[2024-10-30T21:29:18.446-0700] {logging_mixin.py:190} INFO - [2024-10-30T21:29:18.446-0700] {dag.py:4180} INFO - Setting next_dagrun for example_branch_datetime_operator_3 to 2024-10-30T00:00:00+00:00, run_after=2024-10-31T00:00:00+00:00
[2024-10-30T21:29:18.451-0700] {processor.py:208} INFO - Processing /Users/saiprasadreddykolan/Documents/E-commerce_project/venv/lib/python3.10/site-packages/airflow/example_dags/example_branch_datetime_operator.py took 0.059 seconds
[2024-10-30T21:31:28.647-0700] {processor.py:186} INFO - Started process (PID=36667) to work on /Users/saiprasadreddykolan/Documents/E-commerce_project/venv/lib/python3.10/site-packages/airflow/example_dags/example_branch_datetime_operator.py
[2024-10-30T21:31:28.649-0700] {processor.py:914} INFO - Processing file /Users/saiprasadreddykolan/Documents/E-commerce_project/venv/lib/python3.10/site-packages/airflow/example_dags/example_branch_datetime_operator.py for tasks to queue
[2024-10-30T21:31:28.650-0700] {logging_mixin.py:190} INFO - [2024-10-30T21:31:28.649-0700] {dagbag.py:588} INFO - Filling up the DagBag from /Users/saiprasadreddykolan/Documents/E-commerce_project/venv/lib/python3.10/site-packages/airflow/example_dags/example_branch_datetime_operator.py
[2024-10-30T21:31:28.655-0700] {processor.py:925} INFO - DAG(s) 'example_branch_datetime_operator_2', 'example_branch_datetime_operator', 'example_branch_datetime_operator_3' retrieved from /Users/saiprasadreddykolan/Documents/E-commerce_project/venv/lib/python3.10/site-packages/airflow/example_dags/example_branch_datetime_operator.py
[2024-10-30T21:31:28.694-0700] {logging_mixin.py:190} INFO - [2024-10-30T21:31:28.693-0700] {dag.py:3239} INFO - Sync 3 DAGs
[2024-10-30T21:31:28.700-0700] {logging_mixin.py:190} INFO - [2024-10-30T21:31:28.700-0700] {dag.py:4180} INFO - Setting next_dagrun for example_branch_datetime_operator to 2024-10-30T00:00:00+00:00, run_after=2024-10-31T00:00:00+00:00
[2024-10-30T21:31:28.701-0700] {logging_mixin.py:190} INFO - [2024-10-30T21:31:28.701-0700] {dag.py:4180} INFO - Setting next_dagrun for example_branch_datetime_operator_2 to 2024-10-30T00:00:00+00:00, run_after=2024-10-31T00:00:00+00:00
[2024-10-30T21:31:28.702-0700] {logging_mixin.py:190} INFO - [2024-10-30T21:31:28.702-0700] {dag.py:4180} INFO - Setting next_dagrun for example_branch_datetime_operator_3 to 2024-10-30T00:00:00+00:00, run_after=2024-10-31T00:00:00+00:00
[2024-10-30T21:31:28.707-0700] {processor.py:208} INFO - Processing /Users/saiprasadreddykolan/Documents/E-commerce_project/venv/lib/python3.10/site-packages/airflow/example_dags/example_branch_datetime_operator.py took 0.062 seconds
[2024-10-30T21:33:49.578-0700] {processor.py:186} INFO - Started process (PID=36847) to work on /Users/saiprasadreddykolan/Documents/E-commerce_project/venv/lib/python3.10/site-packages/airflow/example_dags/example_branch_datetime_operator.py
[2024-10-30T21:33:49.580-0700] {processor.py:914} INFO - Processing file /Users/saiprasadreddykolan/Documents/E-commerce_project/venv/lib/python3.10/site-packages/airflow/example_dags/example_branch_datetime_operator.py for tasks to queue
[2024-10-30T21:33:49.580-0700] {logging_mixin.py:190} INFO - [2024-10-30T21:33:49.580-0700] {dagbag.py:588} INFO - Filling up the DagBag from /Users/saiprasadreddykolan/Documents/E-commerce_project/venv/lib/python3.10/site-packages/airflow/example_dags/example_branch_datetime_operator.py
[2024-10-30T21:33:49.585-0700] {processor.py:925} INFO - DAG(s) 'example_branch_datetime_operator', 'example_branch_datetime_operator_3', 'example_branch_datetime_operator_2' retrieved from /Users/saiprasadreddykolan/Documents/E-commerce_project/venv/lib/python3.10/site-packages/airflow/example_dags/example_branch_datetime_operator.py
[2024-10-30T21:33:49.622-0700] {logging_mixin.py:190} INFO - [2024-10-30T21:33:49.622-0700] {dag.py:3239} INFO - Sync 3 DAGs
[2024-10-30T21:33:49.628-0700] {logging_mixin.py:190} INFO - [2024-10-30T21:33:49.628-0700] {dag.py:4180} INFO - Setting next_dagrun for example_branch_datetime_operator to 2024-10-30T00:00:00+00:00, run_after=2024-10-31T00:00:00+00:00
[2024-10-30T21:33:49.630-0700] {logging_mixin.py:190} INFO - [2024-10-30T21:33:49.630-0700] {dag.py:4180} INFO - Setting next_dagrun for example_branch_datetime_operator_2 to 2024-10-30T00:00:00+00:00, run_after=2024-10-31T00:00:00+00:00
[2024-10-30T21:33:49.630-0700] {logging_mixin.py:190} INFO - [2024-10-30T21:33:49.630-0700] {dag.py:4180} INFO - Setting next_dagrun for example_branch_datetime_operator_3 to 2024-10-30T00:00:00+00:00, run_after=2024-10-31T00:00:00+00:00
[2024-10-30T21:33:49.635-0700] {processor.py:208} INFO - Processing /Users/saiprasadreddykolan/Documents/E-commerce_project/venv/lib/python3.10/site-packages/airflow/example_dags/example_branch_datetime_operator.py took 0.058 seconds
[2024-10-30T21:36:05.935-0700] {processor.py:186} INFO - Started process (PID=37015) to work on /Users/saiprasadreddykolan/Documents/E-commerce_project/venv/lib/python3.10/site-packages/airflow/example_dags/example_branch_datetime_operator.py
[2024-10-30T21:36:05.937-0700] {processor.py:914} INFO - Processing file /Users/saiprasadreddykolan/Documents/E-commerce_project/venv/lib/python3.10/site-packages/airflow/example_dags/example_branch_datetime_operator.py for tasks to queue
[2024-10-30T21:36:05.938-0700] {logging_mixin.py:190} INFO - [2024-10-30T21:36:05.937-0700] {dagbag.py:588} INFO - Filling up the DagBag from /Users/saiprasadreddykolan/Documents/E-commerce_project/venv/lib/python3.10/site-packages/airflow/example_dags/example_branch_datetime_operator.py
[2024-10-30T21:36:05.942-0700] {processor.py:925} INFO - DAG(s) 'example_branch_datetime_operator', 'example_branch_datetime_operator_2', 'example_branch_datetime_operator_3' retrieved from /Users/saiprasadreddykolan/Documents/E-commerce_project/venv/lib/python3.10/site-packages/airflow/example_dags/example_branch_datetime_operator.py
[2024-10-30T21:36:05.987-0700] {logging_mixin.py:190} INFO - [2024-10-30T21:36:05.987-0700] {dag.py:3239} INFO - Sync 3 DAGs
[2024-10-30T21:36:05.994-0700] {logging_mixin.py:190} INFO - [2024-10-30T21:36:05.994-0700] {dag.py:4180} INFO - Setting next_dagrun for example_branch_datetime_operator to 2024-10-30T00:00:00+00:00, run_after=2024-10-31T00:00:00+00:00
[2024-10-30T21:36:05.996-0700] {logging_mixin.py:190} INFO - [2024-10-30T21:36:05.996-0700] {dag.py:4180} INFO - Setting next_dagrun for example_branch_datetime_operator_2 to 2024-10-30T00:00:00+00:00, run_after=2024-10-31T00:00:00+00:00
[2024-10-30T21:36:05.997-0700] {logging_mixin.py:190} INFO - [2024-10-30T21:36:05.997-0700] {dag.py:4180} INFO - Setting next_dagrun for example_branch_datetime_operator_3 to 2024-10-30T00:00:00+00:00, run_after=2024-10-31T00:00:00+00:00
[2024-10-30T21:36:06.003-0700] {processor.py:208} INFO - Processing /Users/saiprasadreddykolan/Documents/E-commerce_project/venv/lib/python3.10/site-packages/airflow/example_dags/example_branch_datetime_operator.py took 0.069 seconds
[2024-10-30T21:38:19.376-0700] {processor.py:186} INFO - Started process (PID=37187) to work on /Users/saiprasadreddykolan/Documents/E-commerce_project/venv/lib/python3.10/site-packages/airflow/example_dags/example_branch_datetime_operator.py
[2024-10-30T21:38:19.378-0700] {processor.py:914} INFO - Processing file /Users/saiprasadreddykolan/Documents/E-commerce_project/venv/lib/python3.10/site-packages/airflow/example_dags/example_branch_datetime_operator.py for tasks to queue
[2024-10-30T21:38:19.379-0700] {logging_mixin.py:190} INFO - [2024-10-30T21:38:19.379-0700] {dagbag.py:588} INFO - Filling up the DagBag from /Users/saiprasadreddykolan/Documents/E-commerce_project/venv/lib/python3.10/site-packages/airflow/example_dags/example_branch_datetime_operator.py
[2024-10-30T21:38:19.383-0700] {processor.py:925} INFO - DAG(s) 'example_branch_datetime_operator_2', 'example_branch_datetime_operator', 'example_branch_datetime_operator_3' retrieved from /Users/saiprasadreddykolan/Documents/E-commerce_project/venv/lib/python3.10/site-packages/airflow/example_dags/example_branch_datetime_operator.py
[2024-10-30T21:38:19.420-0700] {logging_mixin.py:190} INFO - [2024-10-30T21:38:19.420-0700] {dag.py:3239} INFO - Sync 3 DAGs
[2024-10-30T21:38:19.427-0700] {logging_mixin.py:190} INFO - [2024-10-30T21:38:19.427-0700] {dag.py:4180} INFO - Setting next_dagrun for example_branch_datetime_operator to 2024-10-30T00:00:00+00:00, run_after=2024-10-31T00:00:00+00:00
[2024-10-30T21:38:19.428-0700] {logging_mixin.py:190} INFO - [2024-10-30T21:38:19.428-0700] {dag.py:4180} INFO - Setting next_dagrun for example_branch_datetime_operator_2 to 2024-10-30T00:00:00+00:00, run_after=2024-10-31T00:00:00+00:00
[2024-10-30T21:38:19.429-0700] {logging_mixin.py:190} INFO - [2024-10-30T21:38:19.429-0700] {dag.py:4180} INFO - Setting next_dagrun for example_branch_datetime_operator_3 to 2024-10-30T00:00:00+00:00, run_after=2024-10-31T00:00:00+00:00
[2024-10-30T21:38:19.436-0700] {processor.py:208} INFO - Processing /Users/saiprasadreddykolan/Documents/E-commerce_project/venv/lib/python3.10/site-packages/airflow/example_dags/example_branch_datetime_operator.py took 0.061 seconds
[2024-10-30T21:40:29.843-0700] {processor.py:186} INFO - Started process (PID=37368) to work on /Users/saiprasadreddykolan/Documents/E-commerce_project/venv/lib/python3.10/site-packages/airflow/example_dags/example_branch_datetime_operator.py
[2024-10-30T21:40:29.845-0700] {processor.py:914} INFO - Processing file /Users/saiprasadreddykolan/Documents/E-commerce_project/venv/lib/python3.10/site-packages/airflow/example_dags/example_branch_datetime_operator.py for tasks to queue
[2024-10-30T21:40:29.846-0700] {logging_mixin.py:190} INFO - [2024-10-30T21:40:29.846-0700] {dagbag.py:588} INFO - Filling up the DagBag from /Users/saiprasadreddykolan/Documents/E-commerce_project/venv/lib/python3.10/site-packages/airflow/example_dags/example_branch_datetime_operator.py
[2024-10-30T21:40:29.850-0700] {processor.py:925} INFO - DAG(s) 'example_branch_datetime_operator_3', 'example_branch_datetime_operator_2', 'example_branch_datetime_operator' retrieved from /Users/saiprasadreddykolan/Documents/E-commerce_project/venv/lib/python3.10/site-packages/airflow/example_dags/example_branch_datetime_operator.py
[2024-10-30T21:40:29.887-0700] {logging_mixin.py:190} INFO - [2024-10-30T21:40:29.887-0700] {dag.py:3239} INFO - Sync 3 DAGs
[2024-10-30T21:40:29.893-0700] {logging_mixin.py:190} INFO - [2024-10-30T21:40:29.893-0700] {dag.py:4180} INFO - Setting next_dagrun for example_branch_datetime_operator to 2024-10-30T00:00:00+00:00, run_after=2024-10-31T00:00:00+00:00
[2024-10-30T21:40:29.894-0700] {logging_mixin.py:190} INFO - [2024-10-30T21:40:29.894-0700] {dag.py:4180} INFO - Setting next_dagrun for example_branch_datetime_operator_2 to 2024-10-30T00:00:00+00:00, run_after=2024-10-31T00:00:00+00:00
[2024-10-30T21:40:29.895-0700] {logging_mixin.py:190} INFO - [2024-10-30T21:40:29.895-0700] {dag.py:4180} INFO - Setting next_dagrun for example_branch_datetime_operator_3 to 2024-10-30T00:00:00+00:00, run_after=2024-10-31T00:00:00+00:00
[2024-10-30T21:40:29.900-0700] {processor.py:208} INFO - Processing /Users/saiprasadreddykolan/Documents/E-commerce_project/venv/lib/python3.10/site-packages/airflow/example_dags/example_branch_datetime_operator.py took 0.058 seconds
[2024-10-30T22:15:21.030-0700] {processor.py:186} INFO - Started process (PID=37624) to work on /Users/saiprasadreddykolan/Documents/E-commerce_project/venv/lib/python3.10/site-packages/airflow/example_dags/example_branch_datetime_operator.py
[2024-10-30T22:15:21.032-0700] {processor.py:914} INFO - Processing file /Users/saiprasadreddykolan/Documents/E-commerce_project/venv/lib/python3.10/site-packages/airflow/example_dags/example_branch_datetime_operator.py for tasks to queue
[2024-10-30T22:15:21.032-0700] {logging_mixin.py:190} INFO - [2024-10-30T22:15:21.032-0700] {dagbag.py:588} INFO - Filling up the DagBag from /Users/saiprasadreddykolan/Documents/E-commerce_project/venv/lib/python3.10/site-packages/airflow/example_dags/example_branch_datetime_operator.py
[2024-10-30T22:15:21.037-0700] {processor.py:925} INFO - DAG(s) 'example_branch_datetime_operator_3', 'example_branch_datetime_operator_2', 'example_branch_datetime_operator' retrieved from /Users/saiprasadreddykolan/Documents/E-commerce_project/venv/lib/python3.10/site-packages/airflow/example_dags/example_branch_datetime_operator.py
[2024-10-30T22:15:21.076-0700] {logging_mixin.py:190} INFO - [2024-10-30T22:15:21.076-0700] {dag.py:3239} INFO - Sync 3 DAGs
[2024-10-30T22:15:21.083-0700] {logging_mixin.py:190} INFO - [2024-10-30T22:15:21.083-0700] {dag.py:4180} INFO - Setting next_dagrun for example_branch_datetime_operator to 2024-10-30T00:00:00+00:00, run_after=2024-10-31T00:00:00+00:00
[2024-10-30T22:15:21.085-0700] {logging_mixin.py:190} INFO - [2024-10-30T22:15:21.084-0700] {dag.py:4180} INFO - Setting next_dagrun for example_branch_datetime_operator_2 to 2024-10-30T00:00:00+00:00, run_after=2024-10-31T00:00:00+00:00
[2024-10-30T22:15:21.085-0700] {logging_mixin.py:190} INFO - [2024-10-30T22:15:21.085-0700] {dag.py:4180} INFO - Setting next_dagrun for example_branch_datetime_operator_3 to 2024-10-30T00:00:00+00:00, run_after=2024-10-31T00:00:00+00:00
[2024-10-30T22:15:21.091-0700] {processor.py:208} INFO - Processing /Users/saiprasadreddykolan/Documents/E-commerce_project/venv/lib/python3.10/site-packages/airflow/example_dags/example_branch_datetime_operator.py took 0.062 seconds
[2024-10-31T00:37:12.448-0700] {processor.py:186} INFO - Started process (PID=38012) to work on /Users/saiprasadreddykolan/Documents/E-commerce_project/venv/lib/python3.10/site-packages/airflow/example_dags/example_branch_datetime_operator.py
[2024-10-31T00:37:12.450-0700] {processor.py:914} INFO - Processing file /Users/saiprasadreddykolan/Documents/E-commerce_project/venv/lib/python3.10/site-packages/airflow/example_dags/example_branch_datetime_operator.py for tasks to queue
[2024-10-31T00:37:12.450-0700] {logging_mixin.py:190} INFO - [2024-10-31T00:37:12.450-0700] {dagbag.py:588} INFO - Filling up the DagBag from /Users/saiprasadreddykolan/Documents/E-commerce_project/venv/lib/python3.10/site-packages/airflow/example_dags/example_branch_datetime_operator.py
[2024-10-31T00:37:12.454-0700] {processor.py:925} INFO - DAG(s) 'example_branch_datetime_operator_2', 'example_branch_datetime_operator_3', 'example_branch_datetime_operator' retrieved from /Users/saiprasadreddykolan/Documents/E-commerce_project/venv/lib/python3.10/site-packages/airflow/example_dags/example_branch_datetime_operator.py
[2024-10-31T00:37:12.490-0700] {logging_mixin.py:190} INFO - [2024-10-31T00:37:12.490-0700] {dag.py:3239} INFO - Sync 3 DAGs
[2024-10-31T00:37:12.497-0700] {logging_mixin.py:190} INFO - [2024-10-31T00:37:12.497-0700] {dag.py:4180} INFO - Setting next_dagrun for example_branch_datetime_operator to 2024-10-30T00:00:00+00:00, run_after=2024-10-31T00:00:00+00:00
[2024-10-31T00:37:12.498-0700] {logging_mixin.py:190} INFO - [2024-10-31T00:37:12.498-0700] {dag.py:4180} INFO - Setting next_dagrun for example_branch_datetime_operator_2 to 2024-10-30T00:00:00+00:00, run_after=2024-10-31T00:00:00+00:00
[2024-10-31T00:37:12.499-0700] {logging_mixin.py:190} INFO - [2024-10-31T00:37:12.498-0700] {dag.py:4180} INFO - Setting next_dagrun for example_branch_datetime_operator_3 to 2024-10-30T00:00:00+00:00, run_after=2024-10-31T00:00:00+00:00
[2024-10-31T00:37:12.503-0700] {processor.py:208} INFO - Processing /Users/saiprasadreddykolan/Documents/E-commerce_project/venv/lib/python3.10/site-packages/airflow/example_dags/example_branch_datetime_operator.py took 0.057 seconds
[2024-10-31T01:51:52.934-0700] {processor.py:186} INFO - Started process (PID=38258) to work on /Users/saiprasadreddykolan/Documents/E-commerce_project/venv/lib/python3.10/site-packages/airflow/example_dags/example_branch_datetime_operator.py
[2024-10-31T01:51:52.936-0700] {processor.py:914} INFO - Processing file /Users/saiprasadreddykolan/Documents/E-commerce_project/venv/lib/python3.10/site-packages/airflow/example_dags/example_branch_datetime_operator.py for tasks to queue
[2024-10-31T01:51:52.937-0700] {logging_mixin.py:190} INFO - [2024-10-31T01:51:52.937-0700] {dagbag.py:588} INFO - Filling up the DagBag from /Users/saiprasadreddykolan/Documents/E-commerce_project/venv/lib/python3.10/site-packages/airflow/example_dags/example_branch_datetime_operator.py
[2024-10-31T01:51:52.943-0700] {processor.py:925} INFO - DAG(s) 'example_branch_datetime_operator_3', 'example_branch_datetime_operator', 'example_branch_datetime_operator_2' retrieved from /Users/saiprasadreddykolan/Documents/E-commerce_project/venv/lib/python3.10/site-packages/airflow/example_dags/example_branch_datetime_operator.py
[2024-10-31T01:51:52.980-0700] {logging_mixin.py:190} INFO - [2024-10-31T01:51:52.980-0700] {dag.py:3239} INFO - Sync 3 DAGs
[2024-10-31T01:51:52.987-0700] {logging_mixin.py:190} INFO - [2024-10-31T01:51:52.986-0700] {dag.py:4180} INFO - Setting next_dagrun for example_branch_datetime_operator to 2024-10-30T00:00:00+00:00, run_after=2024-10-31T00:00:00+00:00
[2024-10-31T01:51:52.988-0700] {logging_mixin.py:190} INFO - [2024-10-31T01:51:52.988-0700] {dag.py:4180} INFO - Setting next_dagrun for example_branch_datetime_operator_2 to 2024-10-30T00:00:00+00:00, run_after=2024-10-31T00:00:00+00:00
[2024-10-31T01:51:52.988-0700] {logging_mixin.py:190} INFO - [2024-10-31T01:51:52.988-0700] {dag.py:4180} INFO - Setting next_dagrun for example_branch_datetime_operator_3 to 2024-10-30T00:00:00+00:00, run_after=2024-10-31T00:00:00+00:00
[2024-10-31T01:51:52.993-0700] {processor.py:208} INFO - Processing /Users/saiprasadreddykolan/Documents/E-commerce_project/venv/lib/python3.10/site-packages/airflow/example_dags/example_branch_datetime_operator.py took 0.061 seconds
[2024-10-31T05:13:21.230-0700] {processor.py:186} INFO - Started process (PID=38612) to work on /Users/saiprasadreddykolan/Documents/E-commerce_project/venv/lib/python3.10/site-packages/airflow/example_dags/example_branch_datetime_operator.py
[2024-10-31T05:13:21.231-0700] {processor.py:914} INFO - Processing file /Users/saiprasadreddykolan/Documents/E-commerce_project/venv/lib/python3.10/site-packages/airflow/example_dags/example_branch_datetime_operator.py for tasks to queue
[2024-10-31T05:13:21.232-0700] {logging_mixin.py:190} INFO - [2024-10-31T05:13:21.232-0700] {dagbag.py:588} INFO - Filling up the DagBag from /Users/saiprasadreddykolan/Documents/E-commerce_project/venv/lib/python3.10/site-packages/airflow/example_dags/example_branch_datetime_operator.py
[2024-10-31T05:13:21.237-0700] {processor.py:925} INFO - DAG(s) 'example_branch_datetime_operator_3', 'example_branch_datetime_operator_2', 'example_branch_datetime_operator' retrieved from /Users/saiprasadreddykolan/Documents/E-commerce_project/venv/lib/python3.10/site-packages/airflow/example_dags/example_branch_datetime_operator.py
[2024-10-31T05:13:21.277-0700] {logging_mixin.py:190} INFO - [2024-10-31T05:13:21.277-0700] {dag.py:3239} INFO - Sync 3 DAGs
[2024-10-31T05:13:21.285-0700] {logging_mixin.py:190} INFO - [2024-10-31T05:13:21.284-0700] {dag.py:4180} INFO - Setting next_dagrun for example_branch_datetime_operator to 2024-10-30T00:00:00+00:00, run_after=2024-10-31T00:00:00+00:00
[2024-10-31T05:13:21.286-0700] {logging_mixin.py:190} INFO - [2024-10-31T05:13:21.286-0700] {dag.py:4180} INFO - Setting next_dagrun for example_branch_datetime_operator_2 to 2024-10-30T00:00:00+00:00, run_after=2024-10-31T00:00:00+00:00
[2024-10-31T05:13:21.286-0700] {logging_mixin.py:190} INFO - [2024-10-31T05:13:21.286-0700] {dag.py:4180} INFO - Setting next_dagrun for example_branch_datetime_operator_3 to 2024-10-30T00:00:00+00:00, run_after=2024-10-31T00:00:00+00:00
[2024-10-31T05:13:21.291-0700] {processor.py:208} INFO - Processing /Users/saiprasadreddykolan/Documents/E-commerce_project/venv/lib/python3.10/site-packages/airflow/example_dags/example_branch_datetime_operator.py took 0.063 seconds
[2024-10-31T06:59:47.151-0700] {processor.py:186} INFO - Started process (PID=38989) to work on /Users/saiprasadreddykolan/Documents/E-commerce_project/venv/lib/python3.10/site-packages/airflow/example_dags/example_branch_datetime_operator.py
[2024-10-31T06:59:47.154-0700] {processor.py:914} INFO - Processing file /Users/saiprasadreddykolan/Documents/E-commerce_project/venv/lib/python3.10/site-packages/airflow/example_dags/example_branch_datetime_operator.py for tasks to queue
[2024-10-31T06:59:47.154-0700] {logging_mixin.py:190} INFO - [2024-10-31T06:59:47.154-0700] {dagbag.py:588} INFO - Filling up the DagBag from /Users/saiprasadreddykolan/Documents/E-commerce_project/venv/lib/python3.10/site-packages/airflow/example_dags/example_branch_datetime_operator.py
[2024-10-31T06:59:47.159-0700] {processor.py:925} INFO - DAG(s) 'example_branch_datetime_operator_2', 'example_branch_datetime_operator_3', 'example_branch_datetime_operator' retrieved from /Users/saiprasadreddykolan/Documents/E-commerce_project/venv/lib/python3.10/site-packages/airflow/example_dags/example_branch_datetime_operator.py
[2024-10-31T06:59:47.195-0700] {logging_mixin.py:190} INFO - [2024-10-31T06:59:47.195-0700] {dag.py:3239} INFO - Sync 3 DAGs
[2024-10-31T06:59:47.201-0700] {logging_mixin.py:190} INFO - [2024-10-31T06:59:47.201-0700] {dag.py:4180} INFO - Setting next_dagrun for example_branch_datetime_operator to 2024-10-30T00:00:00+00:00, run_after=2024-10-31T00:00:00+00:00
[2024-10-31T06:59:47.202-0700] {logging_mixin.py:190} INFO - [2024-10-31T06:59:47.202-0700] {dag.py:4180} INFO - Setting next_dagrun for example_branch_datetime_operator_2 to 2024-10-30T00:00:00+00:00, run_after=2024-10-31T00:00:00+00:00
[2024-10-31T06:59:47.203-0700] {logging_mixin.py:190} INFO - [2024-10-31T06:59:47.203-0700] {dag.py:4180} INFO - Setting next_dagrun for example_branch_datetime_operator_3 to 2024-10-30T00:00:00+00:00, run_after=2024-10-31T00:00:00+00:00
[2024-10-31T06:59:47.208-0700] {processor.py:208} INFO - Processing /Users/saiprasadreddykolan/Documents/E-commerce_project/venv/lib/python3.10/site-packages/airflow/example_dags/example_branch_datetime_operator.py took 0.057 seconds
[2024-10-31T07:58:46.079-0700] {processor.py:186} INFO - Started process (PID=39209) to work on /Users/saiprasadreddykolan/Documents/E-commerce_project/venv/lib/python3.10/site-packages/airflow/example_dags/example_branch_datetime_operator.py
[2024-10-31T07:58:46.081-0700] {processor.py:914} INFO - Processing file /Users/saiprasadreddykolan/Documents/E-commerce_project/venv/lib/python3.10/site-packages/airflow/example_dags/example_branch_datetime_operator.py for tasks to queue
[2024-10-31T07:58:46.082-0700] {logging_mixin.py:190} INFO - [2024-10-31T07:58:46.082-0700] {dagbag.py:588} INFO - Filling up the DagBag from /Users/saiprasadreddykolan/Documents/E-commerce_project/venv/lib/python3.10/site-packages/airflow/example_dags/example_branch_datetime_operator.py
[2024-10-31T07:58:46.087-0700] {processor.py:925} INFO - DAG(s) 'example_branch_datetime_operator_3', 'example_branch_datetime_operator', 'example_branch_datetime_operator_2' retrieved from /Users/saiprasadreddykolan/Documents/E-commerce_project/venv/lib/python3.10/site-packages/airflow/example_dags/example_branch_datetime_operator.py
[2024-10-31T07:58:46.124-0700] {logging_mixin.py:190} INFO - [2024-10-31T07:58:46.124-0700] {dag.py:3239} INFO - Sync 3 DAGs
[2024-10-31T07:58:46.130-0700] {logging_mixin.py:190} INFO - [2024-10-31T07:58:46.130-0700] {dag.py:4180} INFO - Setting next_dagrun for example_branch_datetime_operator to 2024-10-30T00:00:00+00:00, run_after=2024-10-31T00:00:00+00:00
[2024-10-31T07:58:46.131-0700] {logging_mixin.py:190} INFO - [2024-10-31T07:58:46.131-0700] {dag.py:4180} INFO - Setting next_dagrun for example_branch_datetime_operator_2 to 2024-10-30T00:00:00+00:00, run_after=2024-10-31T00:00:00+00:00
[2024-10-31T07:58:46.132-0700] {logging_mixin.py:190} INFO - [2024-10-31T07:58:46.132-0700] {dag.py:4180} INFO - Setting next_dagrun for example_branch_datetime_operator_3 to 2024-10-30T00:00:00+00:00, run_after=2024-10-31T00:00:00+00:00
[2024-10-31T07:58:46.137-0700] {processor.py:208} INFO - Processing /Users/saiprasadreddykolan/Documents/E-commerce_project/venv/lib/python3.10/site-packages/airflow/example_dags/example_branch_datetime_operator.py took 0.059 seconds
[2024-10-31T09:03:51.380-0700] {processor.py:186} INFO - Started process (PID=39470) to work on /Users/saiprasadreddykolan/Documents/E-commerce_project/venv/lib/python3.10/site-packages/airflow/example_dags/example_branch_datetime_operator.py
[2024-10-31T09:03:51.383-0700] {processor.py:914} INFO - Processing file /Users/saiprasadreddykolan/Documents/E-commerce_project/venv/lib/python3.10/site-packages/airflow/example_dags/example_branch_datetime_operator.py for tasks to queue
[2024-10-31T09:03:51.383-0700] {logging_mixin.py:190} INFO - [2024-10-31T09:03:51.383-0700] {dagbag.py:588} INFO - Filling up the DagBag from /Users/saiprasadreddykolan/Documents/E-commerce_project/venv/lib/python3.10/site-packages/airflow/example_dags/example_branch_datetime_operator.py
[2024-10-31T09:03:51.388-0700] {processor.py:925} INFO - DAG(s) 'example_branch_datetime_operator', 'example_branch_datetime_operator_3', 'example_branch_datetime_operator_2' retrieved from /Users/saiprasadreddykolan/Documents/E-commerce_project/venv/lib/python3.10/site-packages/airflow/example_dags/example_branch_datetime_operator.py
[2024-10-31T09:03:51.426-0700] {logging_mixin.py:190} INFO - [2024-10-31T09:03:51.426-0700] {dag.py:3239} INFO - Sync 3 DAGs
[2024-10-31T09:03:51.432-0700] {logging_mixin.py:190} INFO - [2024-10-31T09:03:51.432-0700] {dag.py:4180} INFO - Setting next_dagrun for example_branch_datetime_operator to 2024-10-30T00:00:00+00:00, run_after=2024-10-31T00:00:00+00:00
[2024-10-31T09:03:51.434-0700] {logging_mixin.py:190} INFO - [2024-10-31T09:03:51.434-0700] {dag.py:4180} INFO - Setting next_dagrun for example_branch_datetime_operator_2 to 2024-10-30T00:00:00+00:00, run_after=2024-10-31T00:00:00+00:00
[2024-10-31T09:03:51.434-0700] {logging_mixin.py:190} INFO - [2024-10-31T09:03:51.434-0700] {dag.py:4180} INFO - Setting next_dagrun for example_branch_datetime_operator_3 to 2024-10-30T00:00:00+00:00, run_after=2024-10-31T00:00:00+00:00
[2024-10-31T09:03:51.439-0700] {processor.py:208} INFO - Processing /Users/saiprasadreddykolan/Documents/E-commerce_project/venv/lib/python3.10/site-packages/airflow/example_dags/example_branch_datetime_operator.py took 0.060 seconds
