[2024-10-30T17:50:16.689-0700] {processor.py:186} INFO - Started process (PID=7032) to work on /opt/anaconda3/lib/python3.12/site-packages/airflow/example_dags/example_branch_operator_decorator.py
[2024-10-30T17:50:16.691-0700] {processor.py:914} INFO - Processing file /opt/anaconda3/lib/python3.12/site-packages/airflow/example_dags/example_branch_operator_decorator.py for tasks to queue
[2024-10-30T17:50:16.691-0700] {logging_mixin.py:190} INFO - [2024-10-30T17:50:16.691-0700] {dagbag.py:588} INFO - Filling up the DagBag from /opt/anaconda3/lib/python3.12/site-packages/airflow/example_dags/example_branch_operator_decorator.py
[2024-10-30T17:50:16.698-0700] {processor.py:927} WARNING - No viable dags retrieved from /opt/anaconda3/lib/python3.12/site-packages/airflow/example_dags/example_branch_operator_decorator.py
[2024-10-30T17:50:16.723-0700] {processor.py:208} INFO - Processing /opt/anaconda3/lib/python3.12/site-packages/airflow/example_dags/example_branch_operator_decorator.py took 0.035 seconds
[2024-10-30T19:24:54.744-0700] {processor.py:186} INFO - Started process (PID=7187) to work on /opt/anaconda3/lib/python3.12/site-packages/airflow/example_dags/example_branch_operator_decorator.py
[2024-10-30T19:24:54.745-0700] {processor.py:914} INFO - Processing file /opt/anaconda3/lib/python3.12/site-packages/airflow/example_dags/example_branch_operator_decorator.py for tasks to queue
[2024-10-30T19:24:54.745-0700] {logging_mixin.py:190} INFO - [2024-10-30T19:24:54.745-0700] {dagbag.py:588} INFO - Filling up the DagBag from /opt/anaconda3/lib/python3.12/site-packages/airflow/example_dags/example_branch_operator_decorator.py
[2024-10-30T19:24:54.753-0700] {processor.py:927} WARNING - No viable dags retrieved from /opt/anaconda3/lib/python3.12/site-packages/airflow/example_dags/example_branch_operator_decorator.py
[2024-10-30T19:24:54.778-0700] {processor.py:208} INFO - Processing /opt/anaconda3/lib/python3.12/site-packages/airflow/example_dags/example_branch_operator_decorator.py took 0.035 seconds
[2024-10-30T21:00:22.742-0700] {processor.py:186} INFO - Started process (PID=9560) to work on /Users/saiprasadreddykolan/Documents/E-commerce_project/venv/lib/python3.10/site-packages/airflow/example_dags/example_branch_operator_decorator.py
[2024-10-30T21:00:22.744-0700] {processor.py:914} INFO - Processing file /Users/saiprasadreddykolan/Documents/E-commerce_project/venv/lib/python3.10/site-packages/airflow/example_dags/example_branch_operator_decorator.py for tasks to queue
[2024-10-30T21:00:22.744-0700] {logging_mixin.py:190} INFO - [2024-10-30T21:00:22.744-0700] {dagbag.py:588} INFO - Filling up the DagBag from /Users/saiprasadreddykolan/Documents/E-commerce_project/venv/lib/python3.10/site-packages/airflow/example_dags/example_branch_operator_decorator.py
[2024-10-30T21:00:22.753-0700] {processor.py:927} WARNING - No viable dags retrieved from /Users/saiprasadreddykolan/Documents/E-commerce_project/venv/lib/python3.10/site-packages/airflow/example_dags/example_branch_operator_decorator.py
[2024-10-30T21:00:22.787-0700] {processor.py:208} INFO - Processing /Users/saiprasadreddykolan/Documents/E-commerce_project/venv/lib/python3.10/site-packages/airflow/example_dags/example_branch_operator_decorator.py took 0.046 seconds
[2024-10-30T21:02:33.077-0700] {processor.py:186} INFO - Started process (PID=9750) to work on /Users/saiprasadreddykolan/Documents/E-commerce_project/venv/lib/python3.10/site-packages/airflow/example_dags/example_branch_operator_decorator.py
[2024-10-30T21:02:33.079-0700] {processor.py:914} INFO - Processing file /Users/saiprasadreddykolan/Documents/E-commerce_project/venv/lib/python3.10/site-packages/airflow/example_dags/example_branch_operator_decorator.py for tasks to queue
[2024-10-30T21:02:33.079-0700] {logging_mixin.py:190} INFO - [2024-10-30T21:02:33.079-0700] {dagbag.py:588} INFO - Filling up the DagBag from /Users/saiprasadreddykolan/Documents/E-commerce_project/venv/lib/python3.10/site-packages/airflow/example_dags/example_branch_operator_decorator.py
[2024-10-30T21:02:33.086-0700] {processor.py:927} WARNING - No viable dags retrieved from /Users/saiprasadreddykolan/Documents/E-commerce_project/venv/lib/python3.10/site-packages/airflow/example_dags/example_branch_operator_decorator.py
[2024-10-30T21:02:33.117-0700] {processor.py:208} INFO - Processing /Users/saiprasadreddykolan/Documents/E-commerce_project/venv/lib/python3.10/site-packages/airflow/example_dags/example_branch_operator_decorator.py took 0.042 seconds
[2024-10-30T21:04:44.000-0700] {processor.py:186} INFO - Started process (PID=9960) to work on /Users/saiprasadreddykolan/Documents/E-commerce_project/venv/lib/python3.10/site-packages/airflow/example_dags/example_branch_operator_decorator.py
[2024-10-30T21:04:44.002-0700] {processor.py:914} INFO - Processing file /Users/saiprasadreddykolan/Documents/E-commerce_project/venv/lib/python3.10/site-packages/airflow/example_dags/example_branch_operator_decorator.py for tasks to queue
[2024-10-30T21:04:44.003-0700] {logging_mixin.py:190} INFO - [2024-10-30T21:04:44.003-0700] {dagbag.py:588} INFO - Filling up the DagBag from /Users/saiprasadreddykolan/Documents/E-commerce_project/venv/lib/python3.10/site-packages/airflow/example_dags/example_branch_operator_decorator.py
[2024-10-30T21:04:44.011-0700] {processor.py:927} WARNING - No viable dags retrieved from /Users/saiprasadreddykolan/Documents/E-commerce_project/venv/lib/python3.10/site-packages/airflow/example_dags/example_branch_operator_decorator.py
[2024-10-30T21:04:44.043-0700] {processor.py:208} INFO - Processing /Users/saiprasadreddykolan/Documents/E-commerce_project/venv/lib/python3.10/site-packages/airflow/example_dags/example_branch_operator_decorator.py took 0.044 seconds
[2024-10-30T21:06:58.205-0700] {processor.py:186} INFO - Started process (PID=10134) to work on /Users/saiprasadreddykolan/Documents/E-commerce_project/venv/lib/python3.10/site-packages/airflow/example_dags/example_branch_operator_decorator.py
[2024-10-30T21:06:58.207-0700] {processor.py:914} INFO - Processing file /Users/saiprasadreddykolan/Documents/E-commerce_project/venv/lib/python3.10/site-packages/airflow/example_dags/example_branch_operator_decorator.py for tasks to queue
[2024-10-30T21:06:58.207-0700] {logging_mixin.py:190} INFO - [2024-10-30T21:06:58.207-0700] {dagbag.py:588} INFO - Filling up the DagBag from /Users/saiprasadreddykolan/Documents/E-commerce_project/venv/lib/python3.10/site-packages/airflow/example_dags/example_branch_operator_decorator.py
[2024-10-30T21:06:58.215-0700] {processor.py:927} WARNING - No viable dags retrieved from /Users/saiprasadreddykolan/Documents/E-commerce_project/venv/lib/python3.10/site-packages/airflow/example_dags/example_branch_operator_decorator.py
[2024-10-30T21:06:58.245-0700] {processor.py:208} INFO - Processing /Users/saiprasadreddykolan/Documents/E-commerce_project/venv/lib/python3.10/site-packages/airflow/example_dags/example_branch_operator_decorator.py took 0.042 seconds
[2024-10-30T21:09:14.457-0700] {processor.py:186} INFO - Started process (PID=10325) to work on /Users/saiprasadreddykolan/Documents/E-commerce_project/venv/lib/python3.10/site-packages/airflow/example_dags/example_branch_operator_decorator.py
[2024-10-30T21:09:14.459-0700] {processor.py:914} INFO - Processing file /Users/saiprasadreddykolan/Documents/E-commerce_project/venv/lib/python3.10/site-packages/airflow/example_dags/example_branch_operator_decorator.py for tasks to queue
[2024-10-30T21:09:14.460-0700] {logging_mixin.py:190} INFO - [2024-10-30T21:09:14.460-0700] {dagbag.py:588} INFO - Filling up the DagBag from /Users/saiprasadreddykolan/Documents/E-commerce_project/venv/lib/python3.10/site-packages/airflow/example_dags/example_branch_operator_decorator.py
[2024-10-30T21:09:14.467-0700] {processor.py:927} WARNING - No viable dags retrieved from /Users/saiprasadreddykolan/Documents/E-commerce_project/venv/lib/python3.10/site-packages/airflow/example_dags/example_branch_operator_decorator.py
[2024-10-30T21:09:14.499-0700] {processor.py:208} INFO - Processing /Users/saiprasadreddykolan/Documents/E-commerce_project/venv/lib/python3.10/site-packages/airflow/example_dags/example_branch_operator_decorator.py took 0.043 seconds
[2024-10-30T21:11:27.093-0700] {processor.py:186} INFO - Started process (PID=10556) to work on /Users/saiprasadreddykolan/Documents/E-commerce_project/venv/lib/python3.10/site-packages/airflow/example_dags/example_branch_operator_decorator.py
[2024-10-30T21:11:27.095-0700] {processor.py:914} INFO - Processing file /Users/saiprasadreddykolan/Documents/E-commerce_project/venv/lib/python3.10/site-packages/airflow/example_dags/example_branch_operator_decorator.py for tasks to queue
[2024-10-30T21:11:27.095-0700] {logging_mixin.py:190} INFO - [2024-10-30T21:11:27.095-0700] {dagbag.py:588} INFO - Filling up the DagBag from /Users/saiprasadreddykolan/Documents/E-commerce_project/venv/lib/python3.10/site-packages/airflow/example_dags/example_branch_operator_decorator.py
[2024-10-30T21:11:27.102-0700] {processor.py:927} WARNING - No viable dags retrieved from /Users/saiprasadreddykolan/Documents/E-commerce_project/venv/lib/python3.10/site-packages/airflow/example_dags/example_branch_operator_decorator.py
[2024-10-30T21:11:27.133-0700] {processor.py:208} INFO - Processing /Users/saiprasadreddykolan/Documents/E-commerce_project/venv/lib/python3.10/site-packages/airflow/example_dags/example_branch_operator_decorator.py took 0.041 seconds
[2024-10-30T21:13:34.342-0700] {processor.py:186} INFO - Started process (PID=12311) to work on /Users/saiprasadreddykolan/Documents/E-commerce_project/venv/lib/python3.10/site-packages/airflow/example_dags/example_branch_operator_decorator.py
[2024-10-30T21:13:34.343-0700] {processor.py:914} INFO - Processing file /Users/saiprasadreddykolan/Documents/E-commerce_project/venv/lib/python3.10/site-packages/airflow/example_dags/example_branch_operator_decorator.py for tasks to queue
[2024-10-30T21:13:34.344-0700] {logging_mixin.py:190} INFO - [2024-10-30T21:13:34.344-0700] {dagbag.py:588} INFO - Filling up the DagBag from /Users/saiprasadreddykolan/Documents/E-commerce_project/venv/lib/python3.10/site-packages/airflow/example_dags/example_branch_operator_decorator.py
[2024-10-30T21:13:34.351-0700] {processor.py:927} WARNING - No viable dags retrieved from /Users/saiprasadreddykolan/Documents/E-commerce_project/venv/lib/python3.10/site-packages/airflow/example_dags/example_branch_operator_decorator.py
[2024-10-30T21:13:34.381-0700] {processor.py:208} INFO - Processing /Users/saiprasadreddykolan/Documents/E-commerce_project/venv/lib/python3.10/site-packages/airflow/example_dags/example_branch_operator_decorator.py took 0.041 seconds
[2024-10-30T21:15:51.337-0700] {processor.py:186} INFO - Started process (PID=23409) to work on /Users/saiprasadreddykolan/Documents/E-commerce_project/venv/lib/python3.10/site-packages/airflow/example_dags/example_branch_operator_decorator.py
[2024-10-30T21:15:51.339-0700] {processor.py:914} INFO - Processing file /Users/saiprasadreddykolan/Documents/E-commerce_project/venv/lib/python3.10/site-packages/airflow/example_dags/example_branch_operator_decorator.py for tasks to queue
[2024-10-30T21:15:51.340-0700] {logging_mixin.py:190} INFO - [2024-10-30T21:15:51.340-0700] {dagbag.py:588} INFO - Filling up the DagBag from /Users/saiprasadreddykolan/Documents/E-commerce_project/venv/lib/python3.10/site-packages/airflow/example_dags/example_branch_operator_decorator.py
[2024-10-30T21:15:51.347-0700] {processor.py:927} WARNING - No viable dags retrieved from /Users/saiprasadreddykolan/Documents/E-commerce_project/venv/lib/python3.10/site-packages/airflow/example_dags/example_branch_operator_decorator.py
[2024-10-30T21:15:51.377-0700] {processor.py:208} INFO - Processing /Users/saiprasadreddykolan/Documents/E-commerce_project/venv/lib/python3.10/site-packages/airflow/example_dags/example_branch_operator_decorator.py took 0.041 seconds
[2024-10-30T21:18:11.930-0700] {processor.py:186} INFO - Started process (PID=33261) to work on /Users/saiprasadreddykolan/Documents/E-commerce_project/venv/lib/python3.10/site-packages/airflow/example_dags/example_branch_operator_decorator.py
[2024-10-30T21:18:11.932-0700] {processor.py:914} INFO - Processing file /Users/saiprasadreddykolan/Documents/E-commerce_project/venv/lib/python3.10/site-packages/airflow/example_dags/example_branch_operator_decorator.py for tasks to queue
[2024-10-30T21:18:11.932-0700] {logging_mixin.py:190} INFO - [2024-10-30T21:18:11.932-0700] {dagbag.py:588} INFO - Filling up the DagBag from /Users/saiprasadreddykolan/Documents/E-commerce_project/venv/lib/python3.10/site-packages/airflow/example_dags/example_branch_operator_decorator.py
[2024-10-30T21:18:11.947-0700] {processor.py:927} WARNING - No viable dags retrieved from /Users/saiprasadreddykolan/Documents/E-commerce_project/venv/lib/python3.10/site-packages/airflow/example_dags/example_branch_operator_decorator.py
[2024-10-30T21:18:11.982-0700] {processor.py:208} INFO - Processing /Users/saiprasadreddykolan/Documents/E-commerce_project/venv/lib/python3.10/site-packages/airflow/example_dags/example_branch_operator_decorator.py took 0.053 seconds
[2024-10-30T21:20:18.685-0700] {processor.py:186} INFO - Started process (PID=33465) to work on /Users/saiprasadreddykolan/Documents/E-commerce_project/venv/lib/python3.10/site-packages/airflow/example_dags/example_branch_operator_decorator.py
[2024-10-30T21:20:18.686-0700] {processor.py:914} INFO - Processing file /Users/saiprasadreddykolan/Documents/E-commerce_project/venv/lib/python3.10/site-packages/airflow/example_dags/example_branch_operator_decorator.py for tasks to queue
[2024-10-30T21:20:18.687-0700] {logging_mixin.py:190} INFO - [2024-10-30T21:20:18.687-0700] {dagbag.py:588} INFO - Filling up the DagBag from /Users/saiprasadreddykolan/Documents/E-commerce_project/venv/lib/python3.10/site-packages/airflow/example_dags/example_branch_operator_decorator.py
[2024-10-30T21:20:18.694-0700] {processor.py:927} WARNING - No viable dags retrieved from /Users/saiprasadreddykolan/Documents/E-commerce_project/venv/lib/python3.10/site-packages/airflow/example_dags/example_branch_operator_decorator.py
[2024-10-30T21:20:18.725-0700] {processor.py:208} INFO - Processing /Users/saiprasadreddykolan/Documents/E-commerce_project/venv/lib/python3.10/site-packages/airflow/example_dags/example_branch_operator_decorator.py took 0.041 seconds
[2024-10-30T21:22:32.875-0700] {processor.py:186} INFO - Started process (PID=33651) to work on /Users/saiprasadreddykolan/Documents/E-commerce_project/venv/lib/python3.10/site-packages/airflow/example_dags/example_branch_operator_decorator.py
[2024-10-30T21:22:32.877-0700] {processor.py:914} INFO - Processing file /Users/saiprasadreddykolan/Documents/E-commerce_project/venv/lib/python3.10/site-packages/airflow/example_dags/example_branch_operator_decorator.py for tasks to queue
[2024-10-30T21:22:32.877-0700] {logging_mixin.py:190} INFO - [2024-10-30T21:22:32.877-0700] {dagbag.py:588} INFO - Filling up the DagBag from /Users/saiprasadreddykolan/Documents/E-commerce_project/venv/lib/python3.10/site-packages/airflow/example_dags/example_branch_operator_decorator.py
[2024-10-30T21:22:32.884-0700] {processor.py:927} WARNING - No viable dags retrieved from /Users/saiprasadreddykolan/Documents/E-commerce_project/venv/lib/python3.10/site-packages/airflow/example_dags/example_branch_operator_decorator.py
[2024-10-30T21:22:32.916-0700] {processor.py:208} INFO - Processing /Users/saiprasadreddykolan/Documents/E-commerce_project/venv/lib/python3.10/site-packages/airflow/example_dags/example_branch_operator_decorator.py took 0.042 seconds
[2024-10-30T21:24:48.375-0700] {processor.py:186} INFO - Started process (PID=36052) to work on /Users/saiprasadreddykolan/Documents/E-commerce_project/venv/lib/python3.10/site-packages/airflow/example_dags/example_branch_operator_decorator.py
[2024-10-30T21:24:48.377-0700] {processor.py:914} INFO - Processing file /Users/saiprasadreddykolan/Documents/E-commerce_project/venv/lib/python3.10/site-packages/airflow/example_dags/example_branch_operator_decorator.py for tasks to queue
[2024-10-30T21:24:48.377-0700] {logging_mixin.py:190} INFO - [2024-10-30T21:24:48.377-0700] {dagbag.py:588} INFO - Filling up the DagBag from /Users/saiprasadreddykolan/Documents/E-commerce_project/venv/lib/python3.10/site-packages/airflow/example_dags/example_branch_operator_decorator.py
[2024-10-30T21:24:48.385-0700] {processor.py:927} WARNING - No viable dags retrieved from /Users/saiprasadreddykolan/Documents/E-commerce_project/venv/lib/python3.10/site-packages/airflow/example_dags/example_branch_operator_decorator.py
[2024-10-30T21:24:48.417-0700] {processor.py:208} INFO - Processing /Users/saiprasadreddykolan/Documents/E-commerce_project/venv/lib/python3.10/site-packages/airflow/example_dags/example_branch_operator_decorator.py took 0.043 seconds
[2024-10-30T21:27:01.794-0700] {processor.py:186} INFO - Started process (PID=36232) to work on /Users/saiprasadreddykolan/Documents/E-commerce_project/venv/lib/python3.10/site-packages/airflow/example_dags/example_branch_operator_decorator.py
[2024-10-30T21:27:01.796-0700] {processor.py:914} INFO - Processing file /Users/saiprasadreddykolan/Documents/E-commerce_project/venv/lib/python3.10/site-packages/airflow/example_dags/example_branch_operator_decorator.py for tasks to queue
[2024-10-30T21:27:01.796-0700] {logging_mixin.py:190} INFO - [2024-10-30T21:27:01.796-0700] {dagbag.py:588} INFO - Filling up the DagBag from /Users/saiprasadreddykolan/Documents/E-commerce_project/venv/lib/python3.10/site-packages/airflow/example_dags/example_branch_operator_decorator.py
[2024-10-30T21:27:01.803-0700] {processor.py:927} WARNING - No viable dags retrieved from /Users/saiprasadreddykolan/Documents/E-commerce_project/venv/lib/python3.10/site-packages/airflow/example_dags/example_branch_operator_decorator.py
[2024-10-30T21:27:01.835-0700] {processor.py:208} INFO - Processing /Users/saiprasadreddykolan/Documents/E-commerce_project/venv/lib/python3.10/site-packages/airflow/example_dags/example_branch_operator_decorator.py took 0.042 seconds
[2024-10-30T21:29:12.410-0700] {processor.py:186} INFO - Started process (PID=36470) to work on /Users/saiprasadreddykolan/Documents/E-commerce_project/venv/lib/python3.10/site-packages/airflow/example_dags/example_branch_operator_decorator.py
[2024-10-30T21:29:12.412-0700] {processor.py:914} INFO - Processing file /Users/saiprasadreddykolan/Documents/E-commerce_project/venv/lib/python3.10/site-packages/airflow/example_dags/example_branch_operator_decorator.py for tasks to queue
[2024-10-30T21:29:12.412-0700] {logging_mixin.py:190} INFO - [2024-10-30T21:29:12.412-0700] {dagbag.py:588} INFO - Filling up the DagBag from /Users/saiprasadreddykolan/Documents/E-commerce_project/venv/lib/python3.10/site-packages/airflow/example_dags/example_branch_operator_decorator.py
[2024-10-30T21:29:12.419-0700] {processor.py:927} WARNING - No viable dags retrieved from /Users/saiprasadreddykolan/Documents/E-commerce_project/venv/lib/python3.10/site-packages/airflow/example_dags/example_branch_operator_decorator.py
[2024-10-30T21:29:12.450-0700] {processor.py:208} INFO - Processing /Users/saiprasadreddykolan/Documents/E-commerce_project/venv/lib/python3.10/site-packages/airflow/example_dags/example_branch_operator_decorator.py took 0.041 seconds
[2024-10-30T21:31:22.179-0700] {processor.py:186} INFO - Started process (PID=36658) to work on /Users/saiprasadreddykolan/Documents/E-commerce_project/venv/lib/python3.10/site-packages/airflow/example_dags/example_branch_operator_decorator.py
[2024-10-30T21:31:22.181-0700] {processor.py:914} INFO - Processing file /Users/saiprasadreddykolan/Documents/E-commerce_project/venv/lib/python3.10/site-packages/airflow/example_dags/example_branch_operator_decorator.py for tasks to queue
[2024-10-30T21:31:22.181-0700] {logging_mixin.py:190} INFO - [2024-10-30T21:31:22.181-0700] {dagbag.py:588} INFO - Filling up the DagBag from /Users/saiprasadreddykolan/Documents/E-commerce_project/venv/lib/python3.10/site-packages/airflow/example_dags/example_branch_operator_decorator.py
[2024-10-30T21:31:22.188-0700] {processor.py:927} WARNING - No viable dags retrieved from /Users/saiprasadreddykolan/Documents/E-commerce_project/venv/lib/python3.10/site-packages/airflow/example_dags/example_branch_operator_decorator.py
[2024-10-30T21:31:22.219-0700] {processor.py:208} INFO - Processing /Users/saiprasadreddykolan/Documents/E-commerce_project/venv/lib/python3.10/site-packages/airflow/example_dags/example_branch_operator_decorator.py took 0.042 seconds
[2024-10-30T21:33:42.352-0700] {processor.py:186} INFO - Started process (PID=36839) to work on /Users/saiprasadreddykolan/Documents/E-commerce_project/venv/lib/python3.10/site-packages/airflow/example_dags/example_branch_operator_decorator.py
[2024-10-30T21:33:42.354-0700] {processor.py:914} INFO - Processing file /Users/saiprasadreddykolan/Documents/E-commerce_project/venv/lib/python3.10/site-packages/airflow/example_dags/example_branch_operator_decorator.py for tasks to queue
[2024-10-30T21:33:42.354-0700] {logging_mixin.py:190} INFO - [2024-10-30T21:33:42.354-0700] {dagbag.py:588} INFO - Filling up the DagBag from /Users/saiprasadreddykolan/Documents/E-commerce_project/venv/lib/python3.10/site-packages/airflow/example_dags/example_branch_operator_decorator.py
[2024-10-30T21:33:42.362-0700] {processor.py:927} WARNING - No viable dags retrieved from /Users/saiprasadreddykolan/Documents/E-commerce_project/venv/lib/python3.10/site-packages/airflow/example_dags/example_branch_operator_decorator.py
[2024-10-30T21:33:42.392-0700] {processor.py:208} INFO - Processing /Users/saiprasadreddykolan/Documents/E-commerce_project/venv/lib/python3.10/site-packages/airflow/example_dags/example_branch_operator_decorator.py took 0.041 seconds
[2024-10-30T21:35:58.761-0700] {processor.py:186} INFO - Started process (PID=37005) to work on /Users/saiprasadreddykolan/Documents/E-commerce_project/venv/lib/python3.10/site-packages/airflow/example_dags/example_branch_operator_decorator.py
[2024-10-30T21:35:58.763-0700] {processor.py:914} INFO - Processing file /Users/saiprasadreddykolan/Documents/E-commerce_project/venv/lib/python3.10/site-packages/airflow/example_dags/example_branch_operator_decorator.py for tasks to queue
[2024-10-30T21:35:58.763-0700] {logging_mixin.py:190} INFO - [2024-10-30T21:35:58.763-0700] {dagbag.py:588} INFO - Filling up the DagBag from /Users/saiprasadreddykolan/Documents/E-commerce_project/venv/lib/python3.10/site-packages/airflow/example_dags/example_branch_operator_decorator.py
[2024-10-30T21:35:58.770-0700] {processor.py:927} WARNING - No viable dags retrieved from /Users/saiprasadreddykolan/Documents/E-commerce_project/venv/lib/python3.10/site-packages/airflow/example_dags/example_branch_operator_decorator.py
[2024-10-30T21:35:58.801-0700] {processor.py:208} INFO - Processing /Users/saiprasadreddykolan/Documents/E-commerce_project/venv/lib/python3.10/site-packages/airflow/example_dags/example_branch_operator_decorator.py took 0.041 seconds
[2024-10-30T21:38:13.812-0700] {processor.py:186} INFO - Started process (PID=37179) to work on /Users/saiprasadreddykolan/Documents/E-commerce_project/venv/lib/python3.10/site-packages/airflow/example_dags/example_branch_operator_decorator.py
[2024-10-30T21:38:13.814-0700] {processor.py:914} INFO - Processing file /Users/saiprasadreddykolan/Documents/E-commerce_project/venv/lib/python3.10/site-packages/airflow/example_dags/example_branch_operator_decorator.py for tasks to queue
[2024-10-30T21:38:13.815-0700] {logging_mixin.py:190} INFO - [2024-10-30T21:38:13.814-0700] {dagbag.py:588} INFO - Filling up the DagBag from /Users/saiprasadreddykolan/Documents/E-commerce_project/venv/lib/python3.10/site-packages/airflow/example_dags/example_branch_operator_decorator.py
[2024-10-30T21:38:13.822-0700] {processor.py:927} WARNING - No viable dags retrieved from /Users/saiprasadreddykolan/Documents/E-commerce_project/venv/lib/python3.10/site-packages/airflow/example_dags/example_branch_operator_decorator.py
[2024-10-30T21:38:13.854-0700] {processor.py:208} INFO - Processing /Users/saiprasadreddykolan/Documents/E-commerce_project/venv/lib/python3.10/site-packages/airflow/example_dags/example_branch_operator_decorator.py took 0.042 seconds
[2024-10-30T21:40:24.081-0700] {processor.py:186} INFO - Started process (PID=37360) to work on /Users/saiprasadreddykolan/Documents/E-commerce_project/venv/lib/python3.10/site-packages/airflow/example_dags/example_branch_operator_decorator.py
[2024-10-30T21:40:24.083-0700] {processor.py:914} INFO - Processing file /Users/saiprasadreddykolan/Documents/E-commerce_project/venv/lib/python3.10/site-packages/airflow/example_dags/example_branch_operator_decorator.py for tasks to queue
[2024-10-30T21:40:24.084-0700] {logging_mixin.py:190} INFO - [2024-10-30T21:40:24.084-0700] {dagbag.py:588} INFO - Filling up the DagBag from /Users/saiprasadreddykolan/Documents/E-commerce_project/venv/lib/python3.10/site-packages/airflow/example_dags/example_branch_operator_decorator.py
[2024-10-30T21:40:24.090-0700] {processor.py:927} WARNING - No viable dags retrieved from /Users/saiprasadreddykolan/Documents/E-commerce_project/venv/lib/python3.10/site-packages/airflow/example_dags/example_branch_operator_decorator.py
[2024-10-30T21:40:24.120-0700] {processor.py:208} INFO - Processing /Users/saiprasadreddykolan/Documents/E-commerce_project/venv/lib/python3.10/site-packages/airflow/example_dags/example_branch_operator_decorator.py took 0.041 seconds
[2024-10-30T21:57:36.065-0700] {processor.py:186} INFO - Started process (PID=37583) to work on /Users/saiprasadreddykolan/Documents/E-commerce_project/venv/lib/python3.10/site-packages/airflow/example_dags/example_branch_operator_decorator.py
[2024-10-30T21:57:36.067-0700] {processor.py:914} INFO - Processing file /Users/saiprasadreddykolan/Documents/E-commerce_project/venv/lib/python3.10/site-packages/airflow/example_dags/example_branch_operator_decorator.py for tasks to queue
[2024-10-30T21:57:36.068-0700] {logging_mixin.py:190} INFO - [2024-10-30T21:57:36.068-0700] {dagbag.py:588} INFO - Filling up the DagBag from /Users/saiprasadreddykolan/Documents/E-commerce_project/venv/lib/python3.10/site-packages/airflow/example_dags/example_branch_operator_decorator.py
[2024-10-30T21:57:36.074-0700] {processor.py:927} WARNING - No viable dags retrieved from /Users/saiprasadreddykolan/Documents/E-commerce_project/venv/lib/python3.10/site-packages/airflow/example_dags/example_branch_operator_decorator.py
[2024-10-30T21:57:36.105-0700] {processor.py:208} INFO - Processing /Users/saiprasadreddykolan/Documents/E-commerce_project/venv/lib/python3.10/site-packages/airflow/example_dags/example_branch_operator_decorator.py took 0.041 seconds
[2024-10-30T23:43:31.008-0700] {processor.py:186} INFO - Started process (PID=37828) to work on /Users/saiprasadreddykolan/Documents/E-commerce_project/venv/lib/python3.10/site-packages/airflow/example_dags/example_branch_operator_decorator.py
[2024-10-30T23:43:31.010-0700] {processor.py:914} INFO - Processing file /Users/saiprasadreddykolan/Documents/E-commerce_project/venv/lib/python3.10/site-packages/airflow/example_dags/example_branch_operator_decorator.py for tasks to queue
[2024-10-30T23:43:31.011-0700] {logging_mixin.py:190} INFO - [2024-10-30T23:43:31.011-0700] {dagbag.py:588} INFO - Filling up the DagBag from /Users/saiprasadreddykolan/Documents/E-commerce_project/venv/lib/python3.10/site-packages/airflow/example_dags/example_branch_operator_decorator.py
[2024-10-30T23:43:31.018-0700] {processor.py:927} WARNING - No viable dags retrieved from /Users/saiprasadreddykolan/Documents/E-commerce_project/venv/lib/python3.10/site-packages/airflow/example_dags/example_branch_operator_decorator.py
[2024-10-30T23:43:31.050-0700] {processor.py:208} INFO - Processing /Users/saiprasadreddykolan/Documents/E-commerce_project/venv/lib/python3.10/site-packages/airflow/example_dags/example_branch_operator_decorator.py took 0.042 seconds
[2024-10-31T01:32:37.084-0700] {processor.py:186} INFO - Started process (PID=38142) to work on /Users/saiprasadreddykolan/Documents/E-commerce_project/venv/lib/python3.10/site-packages/airflow/example_dags/example_branch_operator_decorator.py
[2024-10-31T01:32:37.087-0700] {processor.py:914} INFO - Processing file /Users/saiprasadreddykolan/Documents/E-commerce_project/venv/lib/python3.10/site-packages/airflow/example_dags/example_branch_operator_decorator.py for tasks to queue
[2024-10-31T01:32:37.087-0700] {logging_mixin.py:190} INFO - [2024-10-31T01:32:37.087-0700] {dagbag.py:588} INFO - Filling up the DagBag from /Users/saiprasadreddykolan/Documents/E-commerce_project/venv/lib/python3.10/site-packages/airflow/example_dags/example_branch_operator_decorator.py
[2024-10-31T01:32:37.098-0700] {processor.py:927} WARNING - No viable dags retrieved from /Users/saiprasadreddykolan/Documents/E-commerce_project/venv/lib/python3.10/site-packages/airflow/example_dags/example_branch_operator_decorator.py
[2024-10-31T01:32:37.130-0700] {processor.py:208} INFO - Processing /Users/saiprasadreddykolan/Documents/E-commerce_project/venv/lib/python3.10/site-packages/airflow/example_dags/example_branch_operator_decorator.py took 0.047 seconds
[2024-10-31T02:43:11.054-0700] {processor.py:186} INFO - Started process (PID=38371) to work on /Users/saiprasadreddykolan/Documents/E-commerce_project/venv/lib/python3.10/site-packages/airflow/example_dags/example_branch_operator_decorator.py
[2024-10-31T02:43:11.056-0700] {processor.py:914} INFO - Processing file /Users/saiprasadreddykolan/Documents/E-commerce_project/venv/lib/python3.10/site-packages/airflow/example_dags/example_branch_operator_decorator.py for tasks to queue
[2024-10-31T02:43:11.056-0700] {logging_mixin.py:190} INFO - [2024-10-31T02:43:11.056-0700] {dagbag.py:588} INFO - Filling up the DagBag from /Users/saiprasadreddykolan/Documents/E-commerce_project/venv/lib/python3.10/site-packages/airflow/example_dags/example_branch_operator_decorator.py
[2024-10-31T02:43:11.063-0700] {processor.py:927} WARNING - No viable dags retrieved from /Users/saiprasadreddykolan/Documents/E-commerce_project/venv/lib/python3.10/site-packages/airflow/example_dags/example_branch_operator_decorator.py
[2024-10-31T02:43:11.093-0700] {processor.py:208} INFO - Processing /Users/saiprasadreddykolan/Documents/E-commerce_project/venv/lib/python3.10/site-packages/airflow/example_dags/example_branch_operator_decorator.py took 0.040 seconds
[2024-10-31T05:52:39.722-0700] {processor.py:186} INFO - Started process (PID=38848) to work on /Users/saiprasadreddykolan/Documents/E-commerce_project/venv/lib/python3.10/site-packages/airflow/example_dags/example_branch_operator_decorator.py
[2024-10-31T05:52:39.725-0700] {processor.py:914} INFO - Processing file /Users/saiprasadreddykolan/Documents/E-commerce_project/venv/lib/python3.10/site-packages/airflow/example_dags/example_branch_operator_decorator.py for tasks to queue
[2024-10-31T05:52:39.725-0700] {logging_mixin.py:190} INFO - [2024-10-31T05:52:39.725-0700] {dagbag.py:588} INFO - Filling up the DagBag from /Users/saiprasadreddykolan/Documents/E-commerce_project/venv/lib/python3.10/site-packages/airflow/example_dags/example_branch_operator_decorator.py
[2024-10-31T05:52:39.736-0700] {processor.py:927} WARNING - No viable dags retrieved from /Users/saiprasadreddykolan/Documents/E-commerce_project/venv/lib/python3.10/site-packages/airflow/example_dags/example_branch_operator_decorator.py
[2024-10-31T05:52:39.767-0700] {processor.py:208} INFO - Processing /Users/saiprasadreddykolan/Documents/E-commerce_project/venv/lib/python3.10/site-packages/airflow/example_dags/example_branch_operator_decorator.py took 0.046 seconds
[2024-10-31T07:16:23.176-0700] {processor.py:186} INFO - Started process (PID=39083) to work on /Users/saiprasadreddykolan/Documents/E-commerce_project/venv/lib/python3.10/site-packages/airflow/example_dags/example_branch_operator_decorator.py
[2024-10-31T07:16:23.179-0700] {processor.py:914} INFO - Processing file /Users/saiprasadreddykolan/Documents/E-commerce_project/venv/lib/python3.10/site-packages/airflow/example_dags/example_branch_operator_decorator.py for tasks to queue
[2024-10-31T07:16:23.179-0700] {logging_mixin.py:190} INFO - [2024-10-31T07:16:23.179-0700] {dagbag.py:588} INFO - Filling up the DagBag from /Users/saiprasadreddykolan/Documents/E-commerce_project/venv/lib/python3.10/site-packages/airflow/example_dags/example_branch_operator_decorator.py
[2024-10-31T07:16:23.187-0700] {processor.py:927} WARNING - No viable dags retrieved from /Users/saiprasadreddykolan/Documents/E-commerce_project/venv/lib/python3.10/site-packages/airflow/example_dags/example_branch_operator_decorator.py
[2024-10-31T07:16:23.216-0700] {processor.py:208} INFO - Processing /Users/saiprasadreddykolan/Documents/E-commerce_project/venv/lib/python3.10/site-packages/airflow/example_dags/example_branch_operator_decorator.py took 0.041 seconds
[2024-10-31T08:44:15.601-0700] {processor.py:186} INFO - Started process (PID=39352) to work on /Users/saiprasadreddykolan/Documents/E-commerce_project/venv/lib/python3.10/site-packages/airflow/example_dags/example_branch_operator_decorator.py
[2024-10-31T08:44:15.603-0700] {processor.py:914} INFO - Processing file /Users/saiprasadreddykolan/Documents/E-commerce_project/venv/lib/python3.10/site-packages/airflow/example_dags/example_branch_operator_decorator.py for tasks to queue
[2024-10-31T08:44:15.604-0700] {logging_mixin.py:190} INFO - [2024-10-31T08:44:15.604-0700] {dagbag.py:588} INFO - Filling up the DagBag from /Users/saiprasadreddykolan/Documents/E-commerce_project/venv/lib/python3.10/site-packages/airflow/example_dags/example_branch_operator_decorator.py
[2024-10-31T08:44:15.621-0700] {processor.py:927} WARNING - No viable dags retrieved from /Users/saiprasadreddykolan/Documents/E-commerce_project/venv/lib/python3.10/site-packages/airflow/example_dags/example_branch_operator_decorator.py
[2024-10-31T08:44:15.653-0700] {processor.py:208} INFO - Processing /Users/saiprasadreddykolan/Documents/E-commerce_project/venv/lib/python3.10/site-packages/airflow/example_dags/example_branch_operator_decorator.py took 0.053 seconds
[2024-10-31T09:22:23.435-0700] {processor.py:186} INFO - Started process (PID=39560) to work on /Users/saiprasadreddykolan/Documents/E-commerce_project/venv/lib/python3.10/site-packages/airflow/example_dags/example_branch_operator_decorator.py
[2024-10-31T09:22:23.438-0700] {processor.py:914} INFO - Processing file /Users/saiprasadreddykolan/Documents/E-commerce_project/venv/lib/python3.10/site-packages/airflow/example_dags/example_branch_operator_decorator.py for tasks to queue
[2024-10-31T09:22:23.438-0700] {logging_mixin.py:190} INFO - [2024-10-31T09:22:23.438-0700] {dagbag.py:588} INFO - Filling up the DagBag from /Users/saiprasadreddykolan/Documents/E-commerce_project/venv/lib/python3.10/site-packages/airflow/example_dags/example_branch_operator_decorator.py
[2024-10-31T09:22:23.445-0700] {processor.py:927} WARNING - No viable dags retrieved from /Users/saiprasadreddykolan/Documents/E-commerce_project/venv/lib/python3.10/site-packages/airflow/example_dags/example_branch_operator_decorator.py
[2024-10-31T09:22:23.481-0700] {processor.py:208} INFO - Processing /Users/saiprasadreddykolan/Documents/E-commerce_project/venv/lib/python3.10/site-packages/airflow/example_dags/example_branch_operator_decorator.py took 0.047 seconds
