[2024-10-30T17:39:53.180-0700] {processor.py:186} INFO - Started process (PID=6990) to work on /opt/anaconda3/lib/python3.12/site-packages/airflow/example_dags/example_outlet_event_extra.py
[2024-10-30T17:39:53.180-0700] {processor.py:914} INFO - Processing file /opt/anaconda3/lib/python3.12/site-packages/airflow/example_dags/example_outlet_event_extra.py for tasks to queue
[2024-10-30T17:39:53.180-0700] {logging_mixin.py:190} INFO - [2024-10-30T17:39:53.180-0700] {dagbag.py:588} INFO - Filling up the DagBag from /opt/anaconda3/lib/python3.12/site-packages/airflow/example_dags/example_outlet_event_extra.py
[2024-10-30T17:39:53.232-0700] {processor.py:925} INFO - DAG(s) 'dataset_with_extra_by_context', 'dataset_with_extra_from_classic_operator', 'dataset_with_extra_by_yield' retrieved from /opt/anaconda3/lib/python3.12/site-packages/airflow/example_dags/example_outlet_event_extra.py
[2024-10-30T17:39:53.262-0700] {logging_mixin.py:190} INFO - [2024-10-30T17:39:53.262-0700] {dag.py:3239} INFO - Sync 3 DAGs
[2024-10-30T17:39:53.270-0700] {logging_mixin.py:190} INFO - [2024-10-30T17:39:53.270-0700] {dag.py:4180} INFO - Setting next_dagrun for dataset_with_extra_by_context to 2024-10-30 00:00:00+00:00, run_after=2024-10-31 00:00:00+00:00
[2024-10-30T17:39:53.271-0700] {logging_mixin.py:190} INFO - [2024-10-30T17:39:53.271-0700] {dag.py:4180} INFO - Setting next_dagrun for dataset_with_extra_by_yield to 2024-10-30 00:00:00+00:00, run_after=2024-10-31 00:00:00+00:00
[2024-10-30T17:39:53.272-0700] {logging_mixin.py:190} INFO - [2024-10-30T17:39:53.272-0700] {dag.py:4180} INFO - Setting next_dagrun for dataset_with_extra_from_classic_operator to 2024-10-30 00:00:00+00:00, run_after=2024-10-31 00:00:00+00:00
[2024-10-30T17:39:53.278-0700] {processor.py:208} INFO - Processing /opt/anaconda3/lib/python3.12/site-packages/airflow/example_dags/example_outlet_event_extra.py took 0.099 seconds
[2024-10-30T18:51:23.148-0700] {processor.py:186} INFO - Started process (PID=7136) to work on /opt/anaconda3/lib/python3.12/site-packages/airflow/example_dags/example_outlet_event_extra.py
[2024-10-30T18:51:23.149-0700] {processor.py:914} INFO - Processing file /opt/anaconda3/lib/python3.12/site-packages/airflow/example_dags/example_outlet_event_extra.py for tasks to queue
[2024-10-30T18:51:23.149-0700] {logging_mixin.py:190} INFO - [2024-10-30T18:51:23.149-0700] {dagbag.py:588} INFO - Filling up the DagBag from /opt/anaconda3/lib/python3.12/site-packages/airflow/example_dags/example_outlet_event_extra.py
[2024-10-30T18:51:23.200-0700] {processor.py:925} INFO - DAG(s) 'dataset_with_extra_by_yield', 'dataset_with_extra_from_classic_operator', 'dataset_with_extra_by_context' retrieved from /opt/anaconda3/lib/python3.12/site-packages/airflow/example_dags/example_outlet_event_extra.py
[2024-10-30T18:51:23.230-0700] {logging_mixin.py:190} INFO - [2024-10-30T18:51:23.230-0700] {dag.py:3239} INFO - Sync 3 DAGs
[2024-10-30T18:51:23.236-0700] {logging_mixin.py:190} INFO - [2024-10-30T18:51:23.236-0700] {dag.py:4180} INFO - Setting next_dagrun for dataset_with_extra_by_context to 2024-10-30 00:00:00+00:00, run_after=2024-10-31 00:00:00+00:00
[2024-10-30T18:51:23.237-0700] {logging_mixin.py:190} INFO - [2024-10-30T18:51:23.237-0700] {dag.py:4180} INFO - Setting next_dagrun for dataset_with_extra_by_yield to 2024-10-30 00:00:00+00:00, run_after=2024-10-31 00:00:00+00:00
[2024-10-30T18:51:23.238-0700] {logging_mixin.py:190} INFO - [2024-10-30T18:51:23.238-0700] {dag.py:4180} INFO - Setting next_dagrun for dataset_with_extra_from_classic_operator to 2024-10-30 00:00:00+00:00, run_after=2024-10-31 00:00:00+00:00
[2024-10-30T18:51:23.244-0700] {processor.py:208} INFO - Processing /opt/anaconda3/lib/python3.12/site-packages/airflow/example_dags/example_outlet_event_extra.py took 0.096 seconds
[2024-10-30T20:59:52.000-0700] {processor.py:186} INFO - Started process (PID=9522) to work on /Users/saiprasadreddykolan/Documents/E-commerce_project/venv/lib/python3.10/site-packages/airflow/example_dags/example_outlet_event_extra.py
[2024-10-30T20:59:52.002-0700] {processor.py:914} INFO - Processing file /Users/saiprasadreddykolan/Documents/E-commerce_project/venv/lib/python3.10/site-packages/airflow/example_dags/example_outlet_event_extra.py for tasks to queue
[2024-10-30T20:59:52.002-0700] {logging_mixin.py:190} INFO - [2024-10-30T20:59:52.002-0700] {dagbag.py:588} INFO - Filling up the DagBag from /Users/saiprasadreddykolan/Documents/E-commerce_project/venv/lib/python3.10/site-packages/airflow/example_dags/example_outlet_event_extra.py
[2024-10-30T20:59:52.038-0700] {processor.py:925} INFO - DAG(s) 'dataset_with_extra_by_context', 'dataset_with_extra_by_yield', 'dataset_with_extra_from_classic_operator' retrieved from /Users/saiprasadreddykolan/Documents/E-commerce_project/venv/lib/python3.10/site-packages/airflow/example_dags/example_outlet_event_extra.py
[2024-10-30T20:59:52.107-0700] {logging_mixin.py:190} INFO - [2024-10-30T20:59:52.107-0700] {dag.py:3239} INFO - Sync 3 DAGs
[2024-10-30T20:59:52.115-0700] {logging_mixin.py:190} INFO - [2024-10-30T20:59:52.115-0700] {dag.py:4180} INFO - Setting next_dagrun for dataset_with_extra_by_context to 2024-10-30T00:00:00+00:00, run_after=2024-10-31T00:00:00+00:00
[2024-10-30T20:59:52.117-0700] {logging_mixin.py:190} INFO - [2024-10-30T20:59:52.117-0700] {dag.py:4180} INFO - Setting next_dagrun for dataset_with_extra_by_yield to 2024-10-30T00:00:00+00:00, run_after=2024-10-31T00:00:00+00:00
[2024-10-30T20:59:52.118-0700] {logging_mixin.py:190} INFO - [2024-10-30T20:59:52.118-0700] {dag.py:4180} INFO - Setting next_dagrun for dataset_with_extra_from_classic_operator to 2024-10-30T00:00:00+00:00, run_after=2024-10-31T00:00:00+00:00
[2024-10-30T20:59:52.131-0700] {processor.py:208} INFO - Processing /Users/saiprasadreddykolan/Documents/E-commerce_project/venv/lib/python3.10/site-packages/airflow/example_dags/example_outlet_event_extra.py took 0.133 seconds
[2024-10-30T21:01:29.982-0700] {processor.py:186} INFO - Started process (PID=9642) to work on /Users/saiprasadreddykolan/Documents/E-commerce_project/venv/lib/python3.10/site-packages/airflow/example_dags/example_outlet_event_extra.py
[2024-10-30T21:01:29.984-0700] {processor.py:914} INFO - Processing file /Users/saiprasadreddykolan/Documents/E-commerce_project/venv/lib/python3.10/site-packages/airflow/example_dags/example_outlet_event_extra.py for tasks to queue
[2024-10-30T21:01:29.985-0700] {logging_mixin.py:190} INFO - [2024-10-30T21:01:29.985-0700] {dagbag.py:588} INFO - Filling up the DagBag from /Users/saiprasadreddykolan/Documents/E-commerce_project/venv/lib/python3.10/site-packages/airflow/example_dags/example_outlet_event_extra.py
[2024-10-30T21:01:30.021-0700] {processor.py:925} INFO - DAG(s) 'dataset_with_extra_by_context', 'dataset_with_extra_by_yield', 'dataset_with_extra_from_classic_operator' retrieved from /Users/saiprasadreddykolan/Documents/E-commerce_project/venv/lib/python3.10/site-packages/airflow/example_dags/example_outlet_event_extra.py
[2024-10-30T21:01:30.056-0700] {logging_mixin.py:190} INFO - [2024-10-30T21:01:30.055-0700] {dag.py:3239} INFO - Sync 3 DAGs
[2024-10-30T21:01:30.062-0700] {logging_mixin.py:190} INFO - [2024-10-30T21:01:30.062-0700] {dag.py:4180} INFO - Setting next_dagrun for dataset_with_extra_by_context to 2024-10-30T00:00:00+00:00, run_after=2024-10-31T00:00:00+00:00
[2024-10-30T21:01:30.064-0700] {logging_mixin.py:190} INFO - [2024-10-30T21:01:30.064-0700] {dag.py:4180} INFO - Setting next_dagrun for dataset_with_extra_by_yield to 2024-10-30T00:00:00+00:00, run_after=2024-10-31T00:00:00+00:00
[2024-10-30T21:01:30.065-0700] {logging_mixin.py:190} INFO - [2024-10-30T21:01:30.065-0700] {dag.py:4180} INFO - Setting next_dagrun for dataset_with_extra_from_classic_operator to 2024-10-30T00:00:00+00:00, run_after=2024-10-31T00:00:00+00:00
[2024-10-30T21:01:30.073-0700] {processor.py:208} INFO - Processing /Users/saiprasadreddykolan/Documents/E-commerce_project/venv/lib/python3.10/site-packages/airflow/example_dags/example_outlet_event_extra.py took 0.092 seconds
[2024-10-30T21:03:36.822-0700] {processor.py:186} INFO - Started process (PID=9853) to work on /Users/saiprasadreddykolan/Documents/E-commerce_project/venv/lib/python3.10/site-packages/airflow/example_dags/example_outlet_event_extra.py
[2024-10-30T21:03:36.825-0700] {processor.py:914} INFO - Processing file /Users/saiprasadreddykolan/Documents/E-commerce_project/venv/lib/python3.10/site-packages/airflow/example_dags/example_outlet_event_extra.py for tasks to queue
[2024-10-30T21:03:36.825-0700] {logging_mixin.py:190} INFO - [2024-10-30T21:03:36.825-0700] {dagbag.py:588} INFO - Filling up the DagBag from /Users/saiprasadreddykolan/Documents/E-commerce_project/venv/lib/python3.10/site-packages/airflow/example_dags/example_outlet_event_extra.py
[2024-10-30T21:03:36.862-0700] {processor.py:925} INFO - DAG(s) 'dataset_with_extra_from_classic_operator', 'dataset_with_extra_by_yield', 'dataset_with_extra_by_context' retrieved from /Users/saiprasadreddykolan/Documents/E-commerce_project/venv/lib/python3.10/site-packages/airflow/example_dags/example_outlet_event_extra.py
[2024-10-30T21:03:36.898-0700] {logging_mixin.py:190} INFO - [2024-10-30T21:03:36.898-0700] {dag.py:3239} INFO - Sync 3 DAGs
[2024-10-30T21:03:36.906-0700] {logging_mixin.py:190} INFO - [2024-10-30T21:03:36.906-0700] {dag.py:4180} INFO - Setting next_dagrun for dataset_with_extra_by_context to 2024-10-30T00:00:00+00:00, run_after=2024-10-31T00:00:00+00:00
[2024-10-30T21:03:36.908-0700] {logging_mixin.py:190} INFO - [2024-10-30T21:03:36.908-0700] {dag.py:4180} INFO - Setting next_dagrun for dataset_with_extra_by_yield to 2024-10-30T00:00:00+00:00, run_after=2024-10-31T00:00:00+00:00
[2024-10-30T21:03:36.908-0700] {logging_mixin.py:190} INFO - [2024-10-30T21:03:36.908-0700] {dag.py:4180} INFO - Setting next_dagrun for dataset_with_extra_from_classic_operator to 2024-10-30T00:00:00+00:00, run_after=2024-10-31T00:00:00+00:00
[2024-10-30T21:03:36.916-0700] {processor.py:208} INFO - Processing /Users/saiprasadreddykolan/Documents/E-commerce_project/venv/lib/python3.10/site-packages/airflow/example_dags/example_outlet_event_extra.py took 0.095 seconds
[2024-10-30T21:05:50.998-0700] {processor.py:186} INFO - Started process (PID=10050) to work on /Users/saiprasadreddykolan/Documents/E-commerce_project/venv/lib/python3.10/site-packages/airflow/example_dags/example_outlet_event_extra.py
[2024-10-30T21:05:50.999-0700] {processor.py:914} INFO - Processing file /Users/saiprasadreddykolan/Documents/E-commerce_project/venv/lib/python3.10/site-packages/airflow/example_dags/example_outlet_event_extra.py for tasks to queue
[2024-10-30T21:05:51.000-0700] {logging_mixin.py:190} INFO - [2024-10-30T21:05:51.000-0700] {dagbag.py:588} INFO - Filling up the DagBag from /Users/saiprasadreddykolan/Documents/E-commerce_project/venv/lib/python3.10/site-packages/airflow/example_dags/example_outlet_event_extra.py
[2024-10-30T21:05:51.036-0700] {processor.py:925} INFO - DAG(s) 'dataset_with_extra_by_context', 'dataset_with_extra_from_classic_operator', 'dataset_with_extra_by_yield' retrieved from /Users/saiprasadreddykolan/Documents/E-commerce_project/venv/lib/python3.10/site-packages/airflow/example_dags/example_outlet_event_extra.py
[2024-10-30T21:05:51.072-0700] {logging_mixin.py:190} INFO - [2024-10-30T21:05:51.072-0700] {dag.py:3239} INFO - Sync 3 DAGs
[2024-10-30T21:05:51.078-0700] {logging_mixin.py:190} INFO - [2024-10-30T21:05:51.078-0700] {dag.py:4180} INFO - Setting next_dagrun for dataset_with_extra_by_context to 2024-10-30T00:00:00+00:00, run_after=2024-10-31T00:00:00+00:00
[2024-10-30T21:05:51.080-0700] {logging_mixin.py:190} INFO - [2024-10-30T21:05:51.080-0700] {dag.py:4180} INFO - Setting next_dagrun for dataset_with_extra_by_yield to 2024-10-30T00:00:00+00:00, run_after=2024-10-31T00:00:00+00:00
[2024-10-30T21:05:51.080-0700] {logging_mixin.py:190} INFO - [2024-10-30T21:05:51.080-0700] {dag.py:4180} INFO - Setting next_dagrun for dataset_with_extra_from_classic_operator to 2024-10-30T00:00:00+00:00, run_after=2024-10-31T00:00:00+00:00
[2024-10-30T21:05:51.086-0700] {processor.py:208} INFO - Processing /Users/saiprasadreddykolan/Documents/E-commerce_project/venv/lib/python3.10/site-packages/airflow/example_dags/example_outlet_event_extra.py took 0.090 seconds
[2024-10-30T21:08:06.458-0700] {processor.py:186} INFO - Started process (PID=10228) to work on /Users/saiprasadreddykolan/Documents/E-commerce_project/venv/lib/python3.10/site-packages/airflow/example_dags/example_outlet_event_extra.py
[2024-10-30T21:08:06.460-0700] {processor.py:914} INFO - Processing file /Users/saiprasadreddykolan/Documents/E-commerce_project/venv/lib/python3.10/site-packages/airflow/example_dags/example_outlet_event_extra.py for tasks to queue
[2024-10-30T21:08:06.460-0700] {logging_mixin.py:190} INFO - [2024-10-30T21:08:06.460-0700] {dagbag.py:588} INFO - Filling up the DagBag from /Users/saiprasadreddykolan/Documents/E-commerce_project/venv/lib/python3.10/site-packages/airflow/example_dags/example_outlet_event_extra.py
[2024-10-30T21:08:06.496-0700] {processor.py:925} INFO - DAG(s) 'dataset_with_extra_from_classic_operator', 'dataset_with_extra_by_yield', 'dataset_with_extra_by_context' retrieved from /Users/saiprasadreddykolan/Documents/E-commerce_project/venv/lib/python3.10/site-packages/airflow/example_dags/example_outlet_event_extra.py
[2024-10-30T21:08:06.531-0700] {logging_mixin.py:190} INFO - [2024-10-30T21:08:06.531-0700] {dag.py:3239} INFO - Sync 3 DAGs
[2024-10-30T21:08:06.538-0700] {logging_mixin.py:190} INFO - [2024-10-30T21:08:06.537-0700] {dag.py:4180} INFO - Setting next_dagrun for dataset_with_extra_by_context to 2024-10-30T00:00:00+00:00, run_after=2024-10-31T00:00:00+00:00
[2024-10-30T21:08:06.539-0700] {logging_mixin.py:190} INFO - [2024-10-30T21:08:06.539-0700] {dag.py:4180} INFO - Setting next_dagrun for dataset_with_extra_by_yield to 2024-10-30T00:00:00+00:00, run_after=2024-10-31T00:00:00+00:00
[2024-10-30T21:08:06.539-0700] {logging_mixin.py:190} INFO - [2024-10-30T21:08:06.539-0700] {dag.py:4180} INFO - Setting next_dagrun for dataset_with_extra_from_classic_operator to 2024-10-30T00:00:00+00:00, run_after=2024-10-31T00:00:00+00:00
[2024-10-30T21:08:06.546-0700] {processor.py:208} INFO - Processing /Users/saiprasadreddykolan/Documents/E-commerce_project/venv/lib/python3.10/site-packages/airflow/example_dags/example_outlet_event_extra.py took 0.089 seconds
[2024-10-30T21:10:23.335-0700] {processor.py:186} INFO - Started process (PID=10417) to work on /Users/saiprasadreddykolan/Documents/E-commerce_project/venv/lib/python3.10/site-packages/airflow/example_dags/example_outlet_event_extra.py
[2024-10-30T21:10:23.337-0700] {processor.py:914} INFO - Processing file /Users/saiprasadreddykolan/Documents/E-commerce_project/venv/lib/python3.10/site-packages/airflow/example_dags/example_outlet_event_extra.py for tasks to queue
[2024-10-30T21:10:23.337-0700] {logging_mixin.py:190} INFO - [2024-10-30T21:10:23.337-0700] {dagbag.py:588} INFO - Filling up the DagBag from /Users/saiprasadreddykolan/Documents/E-commerce_project/venv/lib/python3.10/site-packages/airflow/example_dags/example_outlet_event_extra.py
[2024-10-30T21:10:23.375-0700] {processor.py:925} INFO - DAG(s) 'dataset_with_extra_from_classic_operator', 'dataset_with_extra_by_context', 'dataset_with_extra_by_yield' retrieved from /Users/saiprasadreddykolan/Documents/E-commerce_project/venv/lib/python3.10/site-packages/airflow/example_dags/example_outlet_event_extra.py
[2024-10-30T21:10:23.414-0700] {logging_mixin.py:190} INFO - [2024-10-30T21:10:23.414-0700] {dag.py:3239} INFO - Sync 3 DAGs
[2024-10-30T21:10:23.421-0700] {logging_mixin.py:190} INFO - [2024-10-30T21:10:23.421-0700] {dag.py:4180} INFO - Setting next_dagrun for dataset_with_extra_by_context to 2024-10-30T00:00:00+00:00, run_after=2024-10-31T00:00:00+00:00
[2024-10-30T21:10:23.422-0700] {logging_mixin.py:190} INFO - [2024-10-30T21:10:23.422-0700] {dag.py:4180} INFO - Setting next_dagrun for dataset_with_extra_by_yield to 2024-10-30T00:00:00+00:00, run_after=2024-10-31T00:00:00+00:00
[2024-10-30T21:10:23.423-0700] {logging_mixin.py:190} INFO - [2024-10-30T21:10:23.423-0700] {dag.py:4180} INFO - Setting next_dagrun for dataset_with_extra_from_classic_operator to 2024-10-30T00:00:00+00:00, run_after=2024-10-31T00:00:00+00:00
[2024-10-30T21:10:23.429-0700] {processor.py:208} INFO - Processing /Users/saiprasadreddykolan/Documents/E-commerce_project/venv/lib/python3.10/site-packages/airflow/example_dags/example_outlet_event_extra.py took 0.096 seconds
[2024-10-30T21:12:32.000-0700] {processor.py:186} INFO - Started process (PID=10668) to work on /Users/saiprasadreddykolan/Documents/E-commerce_project/venv/lib/python3.10/site-packages/airflow/example_dags/example_outlet_event_extra.py
[2024-10-30T21:12:32.002-0700] {processor.py:914} INFO - Processing file /Users/saiprasadreddykolan/Documents/E-commerce_project/venv/lib/python3.10/site-packages/airflow/example_dags/example_outlet_event_extra.py for tasks to queue
[2024-10-30T21:12:32.002-0700] {logging_mixin.py:190} INFO - [2024-10-30T21:12:32.002-0700] {dagbag.py:588} INFO - Filling up the DagBag from /Users/saiprasadreddykolan/Documents/E-commerce_project/venv/lib/python3.10/site-packages/airflow/example_dags/example_outlet_event_extra.py
[2024-10-30T21:12:32.037-0700] {processor.py:925} INFO - DAG(s) 'dataset_with_extra_by_context', 'dataset_with_extra_from_classic_operator', 'dataset_with_extra_by_yield' retrieved from /Users/saiprasadreddykolan/Documents/E-commerce_project/venv/lib/python3.10/site-packages/airflow/example_dags/example_outlet_event_extra.py
[2024-10-30T21:12:32.073-0700] {logging_mixin.py:190} INFO - [2024-10-30T21:12:32.073-0700] {dag.py:3239} INFO - Sync 3 DAGs
[2024-10-30T21:12:32.079-0700] {logging_mixin.py:190} INFO - [2024-10-30T21:12:32.079-0700] {dag.py:4180} INFO - Setting next_dagrun for dataset_with_extra_by_context to 2024-10-30T00:00:00+00:00, run_after=2024-10-31T00:00:00+00:00
[2024-10-30T21:12:32.080-0700] {logging_mixin.py:190} INFO - [2024-10-30T21:12:32.080-0700] {dag.py:4180} INFO - Setting next_dagrun for dataset_with_extra_by_yield to 2024-10-30T00:00:00+00:00, run_after=2024-10-31T00:00:00+00:00
[2024-10-30T21:12:32.081-0700] {logging_mixin.py:190} INFO - [2024-10-30T21:12:32.081-0700] {dag.py:4180} INFO - Setting next_dagrun for dataset_with_extra_from_classic_operator to 2024-10-30T00:00:00+00:00, run_after=2024-10-31T00:00:00+00:00
[2024-10-30T21:12:32.087-0700] {processor.py:208} INFO - Processing /Users/saiprasadreddykolan/Documents/E-commerce_project/venv/lib/python3.10/site-packages/airflow/example_dags/example_outlet_event_extra.py took 0.088 seconds
[2024-10-30T21:14:40.966-0700] {processor.py:186} INFO - Started process (PID=12400) to work on /Users/saiprasadreddykolan/Documents/E-commerce_project/venv/lib/python3.10/site-packages/airflow/example_dags/example_outlet_event_extra.py
[2024-10-30T21:14:40.968-0700] {processor.py:914} INFO - Processing file /Users/saiprasadreddykolan/Documents/E-commerce_project/venv/lib/python3.10/site-packages/airflow/example_dags/example_outlet_event_extra.py for tasks to queue
[2024-10-30T21:14:40.968-0700] {logging_mixin.py:190} INFO - [2024-10-30T21:14:40.968-0700] {dagbag.py:588} INFO - Filling up the DagBag from /Users/saiprasadreddykolan/Documents/E-commerce_project/venv/lib/python3.10/site-packages/airflow/example_dags/example_outlet_event_extra.py
[2024-10-30T21:14:41.005-0700] {processor.py:925} INFO - DAG(s) 'dataset_with_extra_by_context', 'dataset_with_extra_from_classic_operator', 'dataset_with_extra_by_yield' retrieved from /Users/saiprasadreddykolan/Documents/E-commerce_project/venv/lib/python3.10/site-packages/airflow/example_dags/example_outlet_event_extra.py
[2024-10-30T21:14:41.040-0700] {logging_mixin.py:190} INFO - [2024-10-30T21:14:41.040-0700] {dag.py:3239} INFO - Sync 3 DAGs
[2024-10-30T21:14:41.047-0700] {logging_mixin.py:190} INFO - [2024-10-30T21:14:41.047-0700] {dag.py:4180} INFO - Setting next_dagrun for dataset_with_extra_by_context to 2024-10-30T00:00:00+00:00, run_after=2024-10-31T00:00:00+00:00
[2024-10-30T21:14:41.048-0700] {logging_mixin.py:190} INFO - [2024-10-30T21:14:41.048-0700] {dag.py:4180} INFO - Setting next_dagrun for dataset_with_extra_by_yield to 2024-10-30T00:00:00+00:00, run_after=2024-10-31T00:00:00+00:00
[2024-10-30T21:14:41.049-0700] {logging_mixin.py:190} INFO - [2024-10-30T21:14:41.048-0700] {dag.py:4180} INFO - Setting next_dagrun for dataset_with_extra_from_classic_operator to 2024-10-30T00:00:00+00:00, run_after=2024-10-31T00:00:00+00:00
[2024-10-30T21:14:41.055-0700] {processor.py:208} INFO - Processing /Users/saiprasadreddykolan/Documents/E-commerce_project/venv/lib/python3.10/site-packages/airflow/example_dags/example_outlet_event_extra.py took 0.090 seconds
[2024-10-30T21:17:02.635-0700] {processor.py:186} INFO - Started process (PID=33161) to work on /Users/saiprasadreddykolan/Documents/E-commerce_project/venv/lib/python3.10/site-packages/airflow/example_dags/example_outlet_event_extra.py
[2024-10-30T21:17:02.637-0700] {processor.py:914} INFO - Processing file /Users/saiprasadreddykolan/Documents/E-commerce_project/venv/lib/python3.10/site-packages/airflow/example_dags/example_outlet_event_extra.py for tasks to queue
[2024-10-30T21:17:02.638-0700] {logging_mixin.py:190} INFO - [2024-10-30T21:17:02.638-0700] {dagbag.py:588} INFO - Filling up the DagBag from /Users/saiprasadreddykolan/Documents/E-commerce_project/venv/lib/python3.10/site-packages/airflow/example_dags/example_outlet_event_extra.py
[2024-10-30T21:17:02.673-0700] {processor.py:925} INFO - DAG(s) 'dataset_with_extra_by_context', 'dataset_with_extra_by_yield', 'dataset_with_extra_from_classic_operator' retrieved from /Users/saiprasadreddykolan/Documents/E-commerce_project/venv/lib/python3.10/site-packages/airflow/example_dags/example_outlet_event_extra.py
[2024-10-30T21:17:02.709-0700] {logging_mixin.py:190} INFO - [2024-10-30T21:17:02.708-0700] {dag.py:3239} INFO - Sync 3 DAGs
[2024-10-30T21:17:02.715-0700] {logging_mixin.py:190} INFO - [2024-10-30T21:17:02.715-0700] {dag.py:4180} INFO - Setting next_dagrun for dataset_with_extra_by_context to 2024-10-30T00:00:00+00:00, run_after=2024-10-31T00:00:00+00:00
[2024-10-30T21:17:02.716-0700] {logging_mixin.py:190} INFO - [2024-10-30T21:17:02.716-0700] {dag.py:4180} INFO - Setting next_dagrun for dataset_with_extra_by_yield to 2024-10-30T00:00:00+00:00, run_after=2024-10-31T00:00:00+00:00
[2024-10-30T21:17:02.717-0700] {logging_mixin.py:190} INFO - [2024-10-30T21:17:02.717-0700] {dag.py:4180} INFO - Setting next_dagrun for dataset_with_extra_from_classic_operator to 2024-10-30T00:00:00+00:00, run_after=2024-10-31T00:00:00+00:00
[2024-10-30T21:17:02.723-0700] {processor.py:208} INFO - Processing /Users/saiprasadreddykolan/Documents/E-commerce_project/venv/lib/python3.10/site-packages/airflow/example_dags/example_outlet_event_extra.py took 0.090 seconds
[2024-10-30T21:19:17.940-0700] {processor.py:186} INFO - Started process (PID=33355) to work on /Users/saiprasadreddykolan/Documents/E-commerce_project/venv/lib/python3.10/site-packages/airflow/example_dags/example_outlet_event_extra.py
[2024-10-30T21:19:17.942-0700] {processor.py:914} INFO - Processing file /Users/saiprasadreddykolan/Documents/E-commerce_project/venv/lib/python3.10/site-packages/airflow/example_dags/example_outlet_event_extra.py for tasks to queue
[2024-10-30T21:19:17.943-0700] {logging_mixin.py:190} INFO - [2024-10-30T21:19:17.943-0700] {dagbag.py:588} INFO - Filling up the DagBag from /Users/saiprasadreddykolan/Documents/E-commerce_project/venv/lib/python3.10/site-packages/airflow/example_dags/example_outlet_event_extra.py
[2024-10-30T21:19:17.979-0700] {processor.py:925} INFO - DAG(s) 'dataset_with_extra_by_yield', 'dataset_with_extra_from_classic_operator', 'dataset_with_extra_by_context' retrieved from /Users/saiprasadreddykolan/Documents/E-commerce_project/venv/lib/python3.10/site-packages/airflow/example_dags/example_outlet_event_extra.py
[2024-10-30T21:19:18.014-0700] {logging_mixin.py:190} INFO - [2024-10-30T21:19:18.014-0700] {dag.py:3239} INFO - Sync 3 DAGs
[2024-10-30T21:19:18.021-0700] {logging_mixin.py:190} INFO - [2024-10-30T21:19:18.021-0700] {dag.py:4180} INFO - Setting next_dagrun for dataset_with_extra_by_context to 2024-10-30T00:00:00+00:00, run_after=2024-10-31T00:00:00+00:00
[2024-10-30T21:19:18.022-0700] {logging_mixin.py:190} INFO - [2024-10-30T21:19:18.022-0700] {dag.py:4180} INFO - Setting next_dagrun for dataset_with_extra_by_yield to 2024-10-30T00:00:00+00:00, run_after=2024-10-31T00:00:00+00:00
[2024-10-30T21:19:18.023-0700] {logging_mixin.py:190} INFO - [2024-10-30T21:19:18.023-0700] {dag.py:4180} INFO - Setting next_dagrun for dataset_with_extra_from_classic_operator to 2024-10-30T00:00:00+00:00, run_after=2024-10-31T00:00:00+00:00
[2024-10-30T21:19:18.029-0700] {processor.py:208} INFO - Processing /Users/saiprasadreddykolan/Documents/E-commerce_project/venv/lib/python3.10/site-packages/airflow/example_dags/example_outlet_event_extra.py took 0.090 seconds
[2024-10-30T21:21:24.495-0700] {processor.py:186} INFO - Started process (PID=33564) to work on /Users/saiprasadreddykolan/Documents/E-commerce_project/venv/lib/python3.10/site-packages/airflow/example_dags/example_outlet_event_extra.py
[2024-10-30T21:21:24.496-0700] {processor.py:914} INFO - Processing file /Users/saiprasadreddykolan/Documents/E-commerce_project/venv/lib/python3.10/site-packages/airflow/example_dags/example_outlet_event_extra.py for tasks to queue
[2024-10-30T21:21:24.497-0700] {logging_mixin.py:190} INFO - [2024-10-30T21:21:24.497-0700] {dagbag.py:588} INFO - Filling up the DagBag from /Users/saiprasadreddykolan/Documents/E-commerce_project/venv/lib/python3.10/site-packages/airflow/example_dags/example_outlet_event_extra.py
[2024-10-30T21:21:24.538-0700] {processor.py:925} INFO - DAG(s) 'dataset_with_extra_from_classic_operator', 'dataset_with_extra_by_yield', 'dataset_with_extra_by_context' retrieved from /Users/saiprasadreddykolan/Documents/E-commerce_project/venv/lib/python3.10/site-packages/airflow/example_dags/example_outlet_event_extra.py
[2024-10-30T21:21:24.576-0700] {logging_mixin.py:190} INFO - [2024-10-30T21:21:24.576-0700] {dag.py:3239} INFO - Sync 3 DAGs
[2024-10-30T21:21:24.585-0700] {logging_mixin.py:190} INFO - [2024-10-30T21:21:24.584-0700] {dag.py:4180} INFO - Setting next_dagrun for dataset_with_extra_by_context to 2024-10-30T00:00:00+00:00, run_after=2024-10-31T00:00:00+00:00
[2024-10-30T21:21:24.586-0700] {logging_mixin.py:190} INFO - [2024-10-30T21:21:24.586-0700] {dag.py:4180} INFO - Setting next_dagrun for dataset_with_extra_by_yield to 2024-10-30T00:00:00+00:00, run_after=2024-10-31T00:00:00+00:00
[2024-10-30T21:21:24.587-0700] {logging_mixin.py:190} INFO - [2024-10-30T21:21:24.587-0700] {dag.py:4180} INFO - Setting next_dagrun for dataset_with_extra_from_classic_operator to 2024-10-30T00:00:00+00:00, run_after=2024-10-31T00:00:00+00:00
[2024-10-30T21:21:24.594-0700] {processor.py:208} INFO - Processing /Users/saiprasadreddykolan/Documents/E-commerce_project/venv/lib/python3.10/site-packages/airflow/example_dags/example_outlet_event_extra.py took 0.101 seconds
[2024-10-30T21:23:41.509-0700] {processor.py:186} INFO - Started process (PID=33787) to work on /Users/saiprasadreddykolan/Documents/E-commerce_project/venv/lib/python3.10/site-packages/airflow/example_dags/example_outlet_event_extra.py
[2024-10-30T21:23:41.513-0700] {processor.py:914} INFO - Processing file /Users/saiprasadreddykolan/Documents/E-commerce_project/venv/lib/python3.10/site-packages/airflow/example_dags/example_outlet_event_extra.py for tasks to queue
[2024-10-30T21:23:41.514-0700] {logging_mixin.py:190} INFO - [2024-10-30T21:23:41.514-0700] {dagbag.py:588} INFO - Filling up the DagBag from /Users/saiprasadreddykolan/Documents/E-commerce_project/venv/lib/python3.10/site-packages/airflow/example_dags/example_outlet_event_extra.py
[2024-10-30T21:23:41.553-0700] {processor.py:925} INFO - DAG(s) 'dataset_with_extra_from_classic_operator', 'dataset_with_extra_by_yield', 'dataset_with_extra_by_context' retrieved from /Users/saiprasadreddykolan/Documents/E-commerce_project/venv/lib/python3.10/site-packages/airflow/example_dags/example_outlet_event_extra.py
[2024-10-30T21:23:41.591-0700] {logging_mixin.py:190} INFO - [2024-10-30T21:23:41.591-0700] {dag.py:3239} INFO - Sync 3 DAGs
[2024-10-30T21:23:41.599-0700] {logging_mixin.py:190} INFO - [2024-10-30T21:23:41.599-0700] {dag.py:4180} INFO - Setting next_dagrun for dataset_with_extra_by_context to 2024-10-30T00:00:00+00:00, run_after=2024-10-31T00:00:00+00:00
[2024-10-30T21:23:41.601-0700] {logging_mixin.py:190} INFO - [2024-10-30T21:23:41.601-0700] {dag.py:4180} INFO - Setting next_dagrun for dataset_with_extra_by_yield to 2024-10-30T00:00:00+00:00, run_after=2024-10-31T00:00:00+00:00
[2024-10-30T21:23:41.601-0700] {logging_mixin.py:190} INFO - [2024-10-30T21:23:41.601-0700] {dag.py:4180} INFO - Setting next_dagrun for dataset_with_extra_from_classic_operator to 2024-10-30T00:00:00+00:00, run_after=2024-10-31T00:00:00+00:00
[2024-10-30T21:23:41.608-0700] {processor.py:208} INFO - Processing /Users/saiprasadreddykolan/Documents/E-commerce_project/venv/lib/python3.10/site-packages/airflow/example_dags/example_outlet_event_extra.py took 0.100 seconds
[2024-10-30T21:25:54.807-0700] {processor.py:186} INFO - Started process (PID=36151) to work on /Users/saiprasadreddykolan/Documents/E-commerce_project/venv/lib/python3.10/site-packages/airflow/example_dags/example_outlet_event_extra.py
[2024-10-30T21:25:54.809-0700] {processor.py:914} INFO - Processing file /Users/saiprasadreddykolan/Documents/E-commerce_project/venv/lib/python3.10/site-packages/airflow/example_dags/example_outlet_event_extra.py for tasks to queue
[2024-10-30T21:25:54.809-0700] {logging_mixin.py:190} INFO - [2024-10-30T21:25:54.809-0700] {dagbag.py:588} INFO - Filling up the DagBag from /Users/saiprasadreddykolan/Documents/E-commerce_project/venv/lib/python3.10/site-packages/airflow/example_dags/example_outlet_event_extra.py
[2024-10-30T21:25:54.847-0700] {processor.py:925} INFO - DAG(s) 'dataset_with_extra_by_context', 'dataset_with_extra_by_yield', 'dataset_with_extra_from_classic_operator' retrieved from /Users/saiprasadreddykolan/Documents/E-commerce_project/venv/lib/python3.10/site-packages/airflow/example_dags/example_outlet_event_extra.py
[2024-10-30T21:25:54.887-0700] {logging_mixin.py:190} INFO - [2024-10-30T21:25:54.886-0700] {dag.py:3239} INFO - Sync 3 DAGs
[2024-10-30T21:25:54.896-0700] {logging_mixin.py:190} INFO - [2024-10-30T21:25:54.895-0700] {dag.py:4180} INFO - Setting next_dagrun for dataset_with_extra_by_context to 2024-10-30T00:00:00+00:00, run_after=2024-10-31T00:00:00+00:00
[2024-10-30T21:25:54.897-0700] {logging_mixin.py:190} INFO - [2024-10-30T21:25:54.897-0700] {dag.py:4180} INFO - Setting next_dagrun for dataset_with_extra_by_yield to 2024-10-30T00:00:00+00:00, run_after=2024-10-31T00:00:00+00:00
[2024-10-30T21:25:54.898-0700] {logging_mixin.py:190} INFO - [2024-10-30T21:25:54.898-0700] {dag.py:4180} INFO - Setting next_dagrun for dataset_with_extra_from_classic_operator to 2024-10-30T00:00:00+00:00, run_after=2024-10-31T00:00:00+00:00
[2024-10-30T21:25:54.906-0700] {processor.py:208} INFO - Processing /Users/saiprasadreddykolan/Documents/E-commerce_project/venv/lib/python3.10/site-packages/airflow/example_dags/example_outlet_event_extra.py took 0.101 seconds
[2024-10-30T21:28:08.774-0700] {processor.py:186} INFO - Started process (PID=36351) to work on /Users/saiprasadreddykolan/Documents/E-commerce_project/venv/lib/python3.10/site-packages/airflow/example_dags/example_outlet_event_extra.py
[2024-10-30T21:28:08.776-0700] {processor.py:914} INFO - Processing file /Users/saiprasadreddykolan/Documents/E-commerce_project/venv/lib/python3.10/site-packages/airflow/example_dags/example_outlet_event_extra.py for tasks to queue
[2024-10-30T21:28:08.777-0700] {logging_mixin.py:190} INFO - [2024-10-30T21:28:08.777-0700] {dagbag.py:588} INFO - Filling up the DagBag from /Users/saiprasadreddykolan/Documents/E-commerce_project/venv/lib/python3.10/site-packages/airflow/example_dags/example_outlet_event_extra.py
[2024-10-30T21:28:08.812-0700] {processor.py:925} INFO - DAG(s) 'dataset_with_extra_by_yield', 'dataset_with_extra_by_context', 'dataset_with_extra_from_classic_operator' retrieved from /Users/saiprasadreddykolan/Documents/E-commerce_project/venv/lib/python3.10/site-packages/airflow/example_dags/example_outlet_event_extra.py
[2024-10-30T21:28:08.847-0700] {logging_mixin.py:190} INFO - [2024-10-30T21:28:08.847-0700] {dag.py:3239} INFO - Sync 3 DAGs
[2024-10-30T21:28:08.854-0700] {logging_mixin.py:190} INFO - [2024-10-30T21:28:08.854-0700] {dag.py:4180} INFO - Setting next_dagrun for dataset_with_extra_by_context to 2024-10-30T00:00:00+00:00, run_after=2024-10-31T00:00:00+00:00
[2024-10-30T21:28:08.855-0700] {logging_mixin.py:190} INFO - [2024-10-30T21:28:08.855-0700] {dag.py:4180} INFO - Setting next_dagrun for dataset_with_extra_by_yield to 2024-10-30T00:00:00+00:00, run_after=2024-10-31T00:00:00+00:00
[2024-10-30T21:28:08.856-0700] {logging_mixin.py:190} INFO - [2024-10-30T21:28:08.856-0700] {dag.py:4180} INFO - Setting next_dagrun for dataset_with_extra_from_classic_operator to 2024-10-30T00:00:00+00:00, run_after=2024-10-31T00:00:00+00:00
[2024-10-30T21:28:08.862-0700] {processor.py:208} INFO - Processing /Users/saiprasadreddykolan/Documents/E-commerce_project/venv/lib/python3.10/site-packages/airflow/example_dags/example_outlet_event_extra.py took 0.089 seconds
[2024-10-30T21:30:15.041-0700] {processor.py:186} INFO - Started process (PID=36562) to work on /Users/saiprasadreddykolan/Documents/E-commerce_project/venv/lib/python3.10/site-packages/airflow/example_dags/example_outlet_event_extra.py
[2024-10-30T21:30:15.043-0700] {processor.py:914} INFO - Processing file /Users/saiprasadreddykolan/Documents/E-commerce_project/venv/lib/python3.10/site-packages/airflow/example_dags/example_outlet_event_extra.py for tasks to queue
[2024-10-30T21:30:15.044-0700] {logging_mixin.py:190} INFO - [2024-10-30T21:30:15.044-0700] {dagbag.py:588} INFO - Filling up the DagBag from /Users/saiprasadreddykolan/Documents/E-commerce_project/venv/lib/python3.10/site-packages/airflow/example_dags/example_outlet_event_extra.py
[2024-10-30T21:30:15.080-0700] {processor.py:925} INFO - DAG(s) 'dataset_with_extra_by_yield', 'dataset_with_extra_by_context', 'dataset_with_extra_from_classic_operator' retrieved from /Users/saiprasadreddykolan/Documents/E-commerce_project/venv/lib/python3.10/site-packages/airflow/example_dags/example_outlet_event_extra.py
[2024-10-30T21:30:15.115-0700] {logging_mixin.py:190} INFO - [2024-10-30T21:30:15.115-0700] {dag.py:3239} INFO - Sync 3 DAGs
[2024-10-30T21:30:15.122-0700] {logging_mixin.py:190} INFO - [2024-10-30T21:30:15.122-0700] {dag.py:4180} INFO - Setting next_dagrun for dataset_with_extra_by_context to 2024-10-30T00:00:00+00:00, run_after=2024-10-31T00:00:00+00:00
[2024-10-30T21:30:15.123-0700] {logging_mixin.py:190} INFO - [2024-10-30T21:30:15.123-0700] {dag.py:4180} INFO - Setting next_dagrun for dataset_with_extra_by_yield to 2024-10-30T00:00:00+00:00, run_after=2024-10-31T00:00:00+00:00
[2024-10-30T21:30:15.124-0700] {logging_mixin.py:190} INFO - [2024-10-30T21:30:15.124-0700] {dag.py:4180} INFO - Setting next_dagrun for dataset_with_extra_from_classic_operator to 2024-10-30T00:00:00+00:00, run_after=2024-10-31T00:00:00+00:00
[2024-10-30T21:30:15.130-0700] {processor.py:208} INFO - Processing /Users/saiprasadreddykolan/Documents/E-commerce_project/venv/lib/python3.10/site-packages/airflow/example_dags/example_outlet_event_extra.py took 0.090 seconds
[2024-10-30T21:32:34.206-0700] {processor.py:186} INFO - Started process (PID=36751) to work on /Users/saiprasadreddykolan/Documents/E-commerce_project/venv/lib/python3.10/site-packages/airflow/example_dags/example_outlet_event_extra.py
[2024-10-30T21:32:34.208-0700] {processor.py:914} INFO - Processing file /Users/saiprasadreddykolan/Documents/E-commerce_project/venv/lib/python3.10/site-packages/airflow/example_dags/example_outlet_event_extra.py for tasks to queue
[2024-10-30T21:32:34.208-0700] {logging_mixin.py:190} INFO - [2024-10-30T21:32:34.208-0700] {dagbag.py:588} INFO - Filling up the DagBag from /Users/saiprasadreddykolan/Documents/E-commerce_project/venv/lib/python3.10/site-packages/airflow/example_dags/example_outlet_event_extra.py
[2024-10-30T21:32:34.245-0700] {processor.py:925} INFO - DAG(s) 'dataset_with_extra_from_classic_operator', 'dataset_with_extra_by_context', 'dataset_with_extra_by_yield' retrieved from /Users/saiprasadreddykolan/Documents/E-commerce_project/venv/lib/python3.10/site-packages/airflow/example_dags/example_outlet_event_extra.py
[2024-10-30T21:32:34.281-0700] {logging_mixin.py:190} INFO - [2024-10-30T21:32:34.281-0700] {dag.py:3239} INFO - Sync 3 DAGs
[2024-10-30T21:32:34.288-0700] {logging_mixin.py:190} INFO - [2024-10-30T21:32:34.288-0700] {dag.py:4180} INFO - Setting next_dagrun for dataset_with_extra_by_context to 2024-10-30T00:00:00+00:00, run_after=2024-10-31T00:00:00+00:00
[2024-10-30T21:32:34.289-0700] {logging_mixin.py:190} INFO - [2024-10-30T21:32:34.289-0700] {dag.py:4180} INFO - Setting next_dagrun for dataset_with_extra_by_yield to 2024-10-30T00:00:00+00:00, run_after=2024-10-31T00:00:00+00:00
[2024-10-30T21:32:34.290-0700] {logging_mixin.py:190} INFO - [2024-10-30T21:32:34.290-0700] {dag.py:4180} INFO - Setting next_dagrun for dataset_with_extra_from_classic_operator to 2024-10-30T00:00:00+00:00, run_after=2024-10-31T00:00:00+00:00
[2024-10-30T21:32:34.296-0700] {processor.py:208} INFO - Processing /Users/saiprasadreddykolan/Documents/E-commerce_project/venv/lib/python3.10/site-packages/airflow/example_dags/example_outlet_event_extra.py took 0.092 seconds
[2024-10-30T21:34:51.913-0700] {processor.py:186} INFO - Started process (PID=36924) to work on /Users/saiprasadreddykolan/Documents/E-commerce_project/venv/lib/python3.10/site-packages/airflow/example_dags/example_outlet_event_extra.py
[2024-10-30T21:34:51.915-0700] {processor.py:914} INFO - Processing file /Users/saiprasadreddykolan/Documents/E-commerce_project/venv/lib/python3.10/site-packages/airflow/example_dags/example_outlet_event_extra.py for tasks to queue
[2024-10-30T21:34:51.916-0700] {logging_mixin.py:190} INFO - [2024-10-30T21:34:51.916-0700] {dagbag.py:588} INFO - Filling up the DagBag from /Users/saiprasadreddykolan/Documents/E-commerce_project/venv/lib/python3.10/site-packages/airflow/example_dags/example_outlet_event_extra.py
[2024-10-30T21:34:51.953-0700] {processor.py:925} INFO - DAG(s) 'dataset_with_extra_by_context', 'dataset_with_extra_from_classic_operator', 'dataset_with_extra_by_yield' retrieved from /Users/saiprasadreddykolan/Documents/E-commerce_project/venv/lib/python3.10/site-packages/airflow/example_dags/example_outlet_event_extra.py
[2024-10-30T21:34:51.989-0700] {logging_mixin.py:190} INFO - [2024-10-30T21:34:51.989-0700] {dag.py:3239} INFO - Sync 3 DAGs
[2024-10-30T21:34:51.996-0700] {logging_mixin.py:190} INFO - [2024-10-30T21:34:51.996-0700] {dag.py:4180} INFO - Setting next_dagrun for dataset_with_extra_by_context to 2024-10-30T00:00:00+00:00, run_after=2024-10-31T00:00:00+00:00
[2024-10-30T21:34:51.997-0700] {logging_mixin.py:190} INFO - [2024-10-30T21:34:51.997-0700] {dag.py:4180} INFO - Setting next_dagrun for dataset_with_extra_by_yield to 2024-10-30T00:00:00+00:00, run_after=2024-10-31T00:00:00+00:00
[2024-10-30T21:34:51.998-0700] {logging_mixin.py:190} INFO - [2024-10-30T21:34:51.997-0700] {dag.py:4180} INFO - Setting next_dagrun for dataset_with_extra_from_classic_operator to 2024-10-30T00:00:00+00:00, run_after=2024-10-31T00:00:00+00:00
[2024-10-30T21:34:52.004-0700] {processor.py:208} INFO - Processing /Users/saiprasadreddykolan/Documents/E-commerce_project/venv/lib/python3.10/site-packages/airflow/example_dags/example_outlet_event_extra.py took 0.091 seconds
[2024-10-30T21:37:06.272-0700] {processor.py:186} INFO - Started process (PID=37088) to work on /Users/saiprasadreddykolan/Documents/E-commerce_project/venv/lib/python3.10/site-packages/airflow/example_dags/example_outlet_event_extra.py
[2024-10-30T21:37:06.274-0700] {processor.py:914} INFO - Processing file /Users/saiprasadreddykolan/Documents/E-commerce_project/venv/lib/python3.10/site-packages/airflow/example_dags/example_outlet_event_extra.py for tasks to queue
[2024-10-30T21:37:06.275-0700] {logging_mixin.py:190} INFO - [2024-10-30T21:37:06.275-0700] {dagbag.py:588} INFO - Filling up the DagBag from /Users/saiprasadreddykolan/Documents/E-commerce_project/venv/lib/python3.10/site-packages/airflow/example_dags/example_outlet_event_extra.py
[2024-10-30T21:37:06.312-0700] {processor.py:925} INFO - DAG(s) 'dataset_with_extra_by_yield', 'dataset_with_extra_by_context', 'dataset_with_extra_from_classic_operator' retrieved from /Users/saiprasadreddykolan/Documents/E-commerce_project/venv/lib/python3.10/site-packages/airflow/example_dags/example_outlet_event_extra.py
[2024-10-30T21:37:06.347-0700] {logging_mixin.py:190} INFO - [2024-10-30T21:37:06.347-0700] {dag.py:3239} INFO - Sync 3 DAGs
[2024-10-30T21:37:06.354-0700] {logging_mixin.py:190} INFO - [2024-10-30T21:37:06.354-0700] {dag.py:4180} INFO - Setting next_dagrun for dataset_with_extra_by_context to 2024-10-30T00:00:00+00:00, run_after=2024-10-31T00:00:00+00:00
[2024-10-30T21:37:06.355-0700] {logging_mixin.py:190} INFO - [2024-10-30T21:37:06.355-0700] {dag.py:4180} INFO - Setting next_dagrun for dataset_with_extra_by_yield to 2024-10-30T00:00:00+00:00, run_after=2024-10-31T00:00:00+00:00
[2024-10-30T21:37:06.356-0700] {logging_mixin.py:190} INFO - [2024-10-30T21:37:06.356-0700] {dag.py:4180} INFO - Setting next_dagrun for dataset_with_extra_from_classic_operator to 2024-10-30T00:00:00+00:00, run_after=2024-10-31T00:00:00+00:00
[2024-10-30T21:37:06.362-0700] {processor.py:208} INFO - Processing /Users/saiprasadreddykolan/Documents/E-commerce_project/venv/lib/python3.10/site-packages/airflow/example_dags/example_outlet_event_extra.py took 0.091 seconds
[2024-10-30T21:39:16.520-0700] {processor.py:186} INFO - Started process (PID=37265) to work on /Users/saiprasadreddykolan/Documents/E-commerce_project/venv/lib/python3.10/site-packages/airflow/example_dags/example_outlet_event_extra.py
[2024-10-30T21:39:16.523-0700] {processor.py:914} INFO - Processing file /Users/saiprasadreddykolan/Documents/E-commerce_project/venv/lib/python3.10/site-packages/airflow/example_dags/example_outlet_event_extra.py for tasks to queue
[2024-10-30T21:39:16.523-0700] {logging_mixin.py:190} INFO - [2024-10-30T21:39:16.523-0700] {dagbag.py:588} INFO - Filling up the DagBag from /Users/saiprasadreddykolan/Documents/E-commerce_project/venv/lib/python3.10/site-packages/airflow/example_dags/example_outlet_event_extra.py
[2024-10-30T21:39:16.563-0700] {processor.py:925} INFO - DAG(s) 'dataset_with_extra_by_context', 'dataset_with_extra_from_classic_operator', 'dataset_with_extra_by_yield' retrieved from /Users/saiprasadreddykolan/Documents/E-commerce_project/venv/lib/python3.10/site-packages/airflow/example_dags/example_outlet_event_extra.py
[2024-10-30T21:39:16.602-0700] {logging_mixin.py:190} INFO - [2024-10-30T21:39:16.602-0700] {dag.py:3239} INFO - Sync 3 DAGs
[2024-10-30T21:39:16.609-0700] {logging_mixin.py:190} INFO - [2024-10-30T21:39:16.609-0700] {dag.py:4180} INFO - Setting next_dagrun for dataset_with_extra_by_context to 2024-10-30T00:00:00+00:00, run_after=2024-10-31T00:00:00+00:00
[2024-10-30T21:39:16.610-0700] {logging_mixin.py:190} INFO - [2024-10-30T21:39:16.610-0700] {dag.py:4180} INFO - Setting next_dagrun for dataset_with_extra_by_yield to 2024-10-30T00:00:00+00:00, run_after=2024-10-31T00:00:00+00:00
[2024-10-30T21:39:16.611-0700] {logging_mixin.py:190} INFO - [2024-10-30T21:39:16.611-0700] {dag.py:4180} INFO - Setting next_dagrun for dataset_with_extra_from_classic_operator to 2024-10-30T00:00:00+00:00, run_after=2024-10-31T00:00:00+00:00
[2024-10-30T21:39:16.618-0700] {processor.py:208} INFO - Processing /Users/saiprasadreddykolan/Documents/E-commerce_project/venv/lib/python3.10/site-packages/airflow/example_dags/example_outlet_event_extra.py took 0.099 seconds
[2024-10-30T21:41:28.610-0700] {processor.py:186} INFO - Started process (PID=37437) to work on /Users/saiprasadreddykolan/Documents/E-commerce_project/venv/lib/python3.10/site-packages/airflow/example_dags/example_outlet_event_extra.py
[2024-10-30T21:41:28.611-0700] {processor.py:914} INFO - Processing file /Users/saiprasadreddykolan/Documents/E-commerce_project/venv/lib/python3.10/site-packages/airflow/example_dags/example_outlet_event_extra.py for tasks to queue
[2024-10-30T21:41:28.612-0700] {logging_mixin.py:190} INFO - [2024-10-30T21:41:28.612-0700] {dagbag.py:588} INFO - Filling up the DagBag from /Users/saiprasadreddykolan/Documents/E-commerce_project/venv/lib/python3.10/site-packages/airflow/example_dags/example_outlet_event_extra.py
[2024-10-30T21:41:28.647-0700] {processor.py:925} INFO - DAG(s) 'dataset_with_extra_by_context', 'dataset_with_extra_by_yield', 'dataset_with_extra_from_classic_operator' retrieved from /Users/saiprasadreddykolan/Documents/E-commerce_project/venv/lib/python3.10/site-packages/airflow/example_dags/example_outlet_event_extra.py
[2024-10-30T21:41:28.682-0700] {logging_mixin.py:190} INFO - [2024-10-30T21:41:28.682-0700] {dag.py:3239} INFO - Sync 3 DAGs
[2024-10-30T21:41:28.688-0700] {logging_mixin.py:190} INFO - [2024-10-30T21:41:28.688-0700] {dag.py:4180} INFO - Setting next_dagrun for dataset_with_extra_by_context to 2024-10-30T00:00:00+00:00, run_after=2024-10-31T00:00:00+00:00
[2024-10-30T21:41:28.690-0700] {logging_mixin.py:190} INFO - [2024-10-30T21:41:28.690-0700] {dag.py:4180} INFO - Setting next_dagrun for dataset_with_extra_by_yield to 2024-10-30T00:00:00+00:00, run_after=2024-10-31T00:00:00+00:00
[2024-10-30T21:41:28.691-0700] {logging_mixin.py:190} INFO - [2024-10-30T21:41:28.691-0700] {dag.py:4180} INFO - Setting next_dagrun for dataset_with_extra_from_classic_operator to 2024-10-30T00:00:00+00:00, run_after=2024-10-31T00:00:00+00:00
[2024-10-30T21:41:28.697-0700] {processor.py:208} INFO - Processing /Users/saiprasadreddykolan/Documents/E-commerce_project/venv/lib/python3.10/site-packages/airflow/example_dags/example_outlet_event_extra.py took 0.089 seconds
[2024-10-30T23:05:18.054-0700] {processor.py:186} INFO - Started process (PID=37754) to work on /Users/saiprasadreddykolan/Documents/E-commerce_project/venv/lib/python3.10/site-packages/airflow/example_dags/example_outlet_event_extra.py
[2024-10-30T23:05:18.056-0700] {processor.py:914} INFO - Processing file /Users/saiprasadreddykolan/Documents/E-commerce_project/venv/lib/python3.10/site-packages/airflow/example_dags/example_outlet_event_extra.py for tasks to queue
[2024-10-30T23:05:18.057-0700] {logging_mixin.py:190} INFO - [2024-10-30T23:05:18.057-0700] {dagbag.py:588} INFO - Filling up the DagBag from /Users/saiprasadreddykolan/Documents/E-commerce_project/venv/lib/python3.10/site-packages/airflow/example_dags/example_outlet_event_extra.py
[2024-10-30T23:05:18.094-0700] {processor.py:925} INFO - DAG(s) 'dataset_with_extra_by_context', 'dataset_with_extra_by_yield', 'dataset_with_extra_from_classic_operator' retrieved from /Users/saiprasadreddykolan/Documents/E-commerce_project/venv/lib/python3.10/site-packages/airflow/example_dags/example_outlet_event_extra.py
[2024-10-30T23:05:18.128-0700] {logging_mixin.py:190} INFO - [2024-10-30T23:05:18.128-0700] {dag.py:3239} INFO - Sync 3 DAGs
[2024-10-30T23:05:18.135-0700] {logging_mixin.py:190} INFO - [2024-10-30T23:05:18.135-0700] {dag.py:4180} INFO - Setting next_dagrun for dataset_with_extra_by_context to 2024-10-30T00:00:00+00:00, run_after=2024-10-31T00:00:00+00:00
[2024-10-30T23:05:18.136-0700] {logging_mixin.py:190} INFO - [2024-10-30T23:05:18.136-0700] {dag.py:4180} INFO - Setting next_dagrun for dataset_with_extra_by_yield to 2024-10-30T00:00:00+00:00, run_after=2024-10-31T00:00:00+00:00
[2024-10-30T23:05:18.137-0700] {logging_mixin.py:190} INFO - [2024-10-30T23:05:18.137-0700] {dag.py:4180} INFO - Setting next_dagrun for dataset_with_extra_from_classic_operator to 2024-10-30T00:00:00+00:00, run_after=2024-10-31T00:00:00+00:00
[2024-10-30T23:05:18.143-0700] {processor.py:208} INFO - Processing /Users/saiprasadreddykolan/Documents/E-commerce_project/venv/lib/python3.10/site-packages/airflow/example_dags/example_outlet_event_extra.py took 0.089 seconds
[2024-10-31T00:36:42.332-0700] {processor.py:186} INFO - Started process (PID=37961) to work on /Users/saiprasadreddykolan/Documents/E-commerce_project/venv/lib/python3.10/site-packages/airflow/example_dags/example_outlet_event_extra.py
[2024-10-31T00:36:42.334-0700] {processor.py:914} INFO - Processing file /Users/saiprasadreddykolan/Documents/E-commerce_project/venv/lib/python3.10/site-packages/airflow/example_dags/example_outlet_event_extra.py for tasks to queue
[2024-10-31T00:36:42.334-0700] {logging_mixin.py:190} INFO - [2024-10-31T00:36:42.334-0700] {dagbag.py:588} INFO - Filling up the DagBag from /Users/saiprasadreddykolan/Documents/E-commerce_project/venv/lib/python3.10/site-packages/airflow/example_dags/example_outlet_event_extra.py
[2024-10-31T00:36:42.369-0700] {processor.py:925} INFO - DAG(s) 'dataset_with_extra_by_context', 'dataset_with_extra_from_classic_operator', 'dataset_with_extra_by_yield' retrieved from /Users/saiprasadreddykolan/Documents/E-commerce_project/venv/lib/python3.10/site-packages/airflow/example_dags/example_outlet_event_extra.py
[2024-10-31T00:36:42.404-0700] {logging_mixin.py:190} INFO - [2024-10-31T00:36:42.404-0700] {dag.py:3239} INFO - Sync 3 DAGs
[2024-10-31T00:36:42.410-0700] {logging_mixin.py:190} INFO - [2024-10-31T00:36:42.410-0700] {dag.py:4180} INFO - Setting next_dagrun for dataset_with_extra_by_context to 2024-10-30T00:00:00+00:00, run_after=2024-10-31T00:00:00+00:00
[2024-10-31T00:36:42.412-0700] {logging_mixin.py:190} INFO - [2024-10-31T00:36:42.412-0700] {dag.py:4180} INFO - Setting next_dagrun for dataset_with_extra_by_yield to 2024-10-30T00:00:00+00:00, run_after=2024-10-31T00:00:00+00:00
[2024-10-31T00:36:42.412-0700] {logging_mixin.py:190} INFO - [2024-10-31T00:36:42.412-0700] {dag.py:4180} INFO - Setting next_dagrun for dataset_with_extra_from_classic_operator to 2024-10-30T00:00:00+00:00, run_after=2024-10-31T00:00:00+00:00
[2024-10-31T00:36:42.418-0700] {processor.py:208} INFO - Processing /Users/saiprasadreddykolan/Documents/E-commerce_project/venv/lib/python3.10/site-packages/airflow/example_dags/example_outlet_event_extra.py took 0.088 seconds
[2024-10-31T01:32:25.992-0700] {processor.py:186} INFO - Started process (PID=38115) to work on /Users/saiprasadreddykolan/Documents/E-commerce_project/venv/lib/python3.10/site-packages/airflow/example_dags/example_outlet_event_extra.py
[2024-10-31T01:32:25.994-0700] {processor.py:914} INFO - Processing file /Users/saiprasadreddykolan/Documents/E-commerce_project/venv/lib/python3.10/site-packages/airflow/example_dags/example_outlet_event_extra.py for tasks to queue
[2024-10-31T01:32:25.995-0700] {logging_mixin.py:190} INFO - [2024-10-31T01:32:25.995-0700] {dagbag.py:588} INFO - Filling up the DagBag from /Users/saiprasadreddykolan/Documents/E-commerce_project/venv/lib/python3.10/site-packages/airflow/example_dags/example_outlet_event_extra.py
[2024-10-31T01:32:26.034-0700] {processor.py:925} INFO - DAG(s) 'dataset_with_extra_by_yield', 'dataset_with_extra_by_context', 'dataset_with_extra_from_classic_operator' retrieved from /Users/saiprasadreddykolan/Documents/E-commerce_project/venv/lib/python3.10/site-packages/airflow/example_dags/example_outlet_event_extra.py
[2024-10-31T01:32:26.069-0700] {logging_mixin.py:190} INFO - [2024-10-31T01:32:26.069-0700] {dag.py:3239} INFO - Sync 3 DAGs
[2024-10-31T01:32:26.076-0700] {logging_mixin.py:190} INFO - [2024-10-31T01:32:26.076-0700] {dag.py:4180} INFO - Setting next_dagrun for dataset_with_extra_by_context to 2024-10-30T00:00:00+00:00, run_after=2024-10-31T00:00:00+00:00
[2024-10-31T01:32:26.078-0700] {logging_mixin.py:190} INFO - [2024-10-31T01:32:26.077-0700] {dag.py:4180} INFO - Setting next_dagrun for dataset_with_extra_by_yield to 2024-10-30T00:00:00+00:00, run_after=2024-10-31T00:00:00+00:00
[2024-10-31T01:32:26.078-0700] {logging_mixin.py:190} INFO - [2024-10-31T01:32:26.078-0700] {dag.py:4180} INFO - Setting next_dagrun for dataset_with_extra_from_classic_operator to 2024-10-30T00:00:00+00:00, run_after=2024-10-31T00:00:00+00:00
[2024-10-31T01:32:26.085-0700] {processor.py:208} INFO - Processing /Users/saiprasadreddykolan/Documents/E-commerce_project/venv/lib/python3.10/site-packages/airflow/example_dags/example_outlet_event_extra.py took 0.094 seconds
[2024-10-31T02:26:15.219-0700] {processor.py:186} INFO - Started process (PID=38352) to work on /Users/saiprasadreddykolan/Documents/E-commerce_project/venv/lib/python3.10/site-packages/airflow/example_dags/example_outlet_event_extra.py
[2024-10-31T02:26:15.222-0700] {processor.py:914} INFO - Processing file /Users/saiprasadreddykolan/Documents/E-commerce_project/venv/lib/python3.10/site-packages/airflow/example_dags/example_outlet_event_extra.py for tasks to queue
[2024-10-31T02:26:15.222-0700] {logging_mixin.py:190} INFO - [2024-10-31T02:26:15.222-0700] {dagbag.py:588} INFO - Filling up the DagBag from /Users/saiprasadreddykolan/Documents/E-commerce_project/venv/lib/python3.10/site-packages/airflow/example_dags/example_outlet_event_extra.py
[2024-10-31T02:26:15.262-0700] {processor.py:925} INFO - DAG(s) 'dataset_with_extra_by_yield', 'dataset_with_extra_by_context', 'dataset_with_extra_from_classic_operator' retrieved from /Users/saiprasadreddykolan/Documents/E-commerce_project/venv/lib/python3.10/site-packages/airflow/example_dags/example_outlet_event_extra.py
[2024-10-31T02:26:15.297-0700] {logging_mixin.py:190} INFO - [2024-10-31T02:26:15.297-0700] {dag.py:3239} INFO - Sync 3 DAGs
[2024-10-31T02:26:15.303-0700] {logging_mixin.py:190} INFO - [2024-10-31T02:26:15.303-0700] {dag.py:4180} INFO - Setting next_dagrun for dataset_with_extra_by_context to 2024-10-30T00:00:00+00:00, run_after=2024-10-31T00:00:00+00:00
[2024-10-31T02:26:15.304-0700] {logging_mixin.py:190} INFO - [2024-10-31T02:26:15.304-0700] {dag.py:4180} INFO - Setting next_dagrun for dataset_with_extra_by_yield to 2024-10-30T00:00:00+00:00, run_after=2024-10-31T00:00:00+00:00
[2024-10-31T02:26:15.305-0700] {logging_mixin.py:190} INFO - [2024-10-31T02:26:15.305-0700] {dag.py:4180} INFO - Setting next_dagrun for dataset_with_extra_from_classic_operator to 2024-10-30T00:00:00+00:00, run_after=2024-10-31T00:00:00+00:00
[2024-10-31T02:26:15.311-0700] {processor.py:208} INFO - Processing /Users/saiprasadreddykolan/Documents/E-commerce_project/venv/lib/python3.10/site-packages/airflow/example_dags/example_outlet_event_extra.py took 0.093 seconds
[2024-10-31T04:41:59.634-0700] {processor.py:186} INFO - Started process (PID=38557) to work on /Users/saiprasadreddykolan/Documents/E-commerce_project/venv/lib/python3.10/site-packages/airflow/example_dags/example_outlet_event_extra.py
[2024-10-31T04:41:59.636-0700] {processor.py:914} INFO - Processing file /Users/saiprasadreddykolan/Documents/E-commerce_project/venv/lib/python3.10/site-packages/airflow/example_dags/example_outlet_event_extra.py for tasks to queue
[2024-10-31T04:41:59.636-0700] {logging_mixin.py:190} INFO - [2024-10-31T04:41:59.636-0700] {dagbag.py:588} INFO - Filling up the DagBag from /Users/saiprasadreddykolan/Documents/E-commerce_project/venv/lib/python3.10/site-packages/airflow/example_dags/example_outlet_event_extra.py
[2024-10-31T04:41:59.673-0700] {processor.py:925} INFO - DAG(s) 'dataset_with_extra_by_yield', 'dataset_with_extra_by_context', 'dataset_with_extra_from_classic_operator' retrieved from /Users/saiprasadreddykolan/Documents/E-commerce_project/venv/lib/python3.10/site-packages/airflow/example_dags/example_outlet_event_extra.py
[2024-10-31T04:41:59.707-0700] {logging_mixin.py:190} INFO - [2024-10-31T04:41:59.707-0700] {dag.py:3239} INFO - Sync 3 DAGs
[2024-10-31T04:41:59.714-0700] {logging_mixin.py:190} INFO - [2024-10-31T04:41:59.714-0700] {dag.py:4180} INFO - Setting next_dagrun for dataset_with_extra_by_context to 2024-10-30T00:00:00+00:00, run_after=2024-10-31T00:00:00+00:00
[2024-10-31T04:41:59.715-0700] {logging_mixin.py:190} INFO - [2024-10-31T04:41:59.715-0700] {dag.py:4180} INFO - Setting next_dagrun for dataset_with_extra_by_yield to 2024-10-30T00:00:00+00:00, run_after=2024-10-31T00:00:00+00:00
[2024-10-31T04:41:59.716-0700] {logging_mixin.py:190} INFO - [2024-10-31T04:41:59.716-0700] {dag.py:4180} INFO - Setting next_dagrun for dataset_with_extra_from_classic_operator to 2024-10-30T00:00:00+00:00, run_after=2024-10-31T00:00:00+00:00
[2024-10-31T04:41:59.722-0700] {processor.py:208} INFO - Processing /Users/saiprasadreddykolan/Documents/E-commerce_project/venv/lib/python3.10/site-packages/airflow/example_dags/example_outlet_event_extra.py took 0.089 seconds
[2024-10-31T05:52:11.839-0700] {processor.py:186} INFO - Started process (PID=38792) to work on /Users/saiprasadreddykolan/Documents/E-commerce_project/venv/lib/python3.10/site-packages/airflow/example_dags/example_outlet_event_extra.py
[2024-10-31T05:52:11.841-0700] {processor.py:914} INFO - Processing file /Users/saiprasadreddykolan/Documents/E-commerce_project/venv/lib/python3.10/site-packages/airflow/example_dags/example_outlet_event_extra.py for tasks to queue
[2024-10-31T05:52:11.841-0700] {logging_mixin.py:190} INFO - [2024-10-31T05:52:11.841-0700] {dagbag.py:588} INFO - Filling up the DagBag from /Users/saiprasadreddykolan/Documents/E-commerce_project/venv/lib/python3.10/site-packages/airflow/example_dags/example_outlet_event_extra.py
[2024-10-31T05:52:11.876-0700] {processor.py:925} INFO - DAG(s) 'dataset_with_extra_from_classic_operator', 'dataset_with_extra_by_context', 'dataset_with_extra_by_yield' retrieved from /Users/saiprasadreddykolan/Documents/E-commerce_project/venv/lib/python3.10/site-packages/airflow/example_dags/example_outlet_event_extra.py
[2024-10-31T05:52:11.910-0700] {logging_mixin.py:190} INFO - [2024-10-31T05:52:11.910-0700] {dag.py:3239} INFO - Sync 3 DAGs
[2024-10-31T05:52:11.917-0700] {logging_mixin.py:190} INFO - [2024-10-31T05:52:11.917-0700] {dag.py:4180} INFO - Setting next_dagrun for dataset_with_extra_by_context to 2024-10-30T00:00:00+00:00, run_after=2024-10-31T00:00:00+00:00
[2024-10-31T05:52:11.918-0700] {logging_mixin.py:190} INFO - [2024-10-31T05:52:11.918-0700] {dag.py:4180} INFO - Setting next_dagrun for dataset_with_extra_by_yield to 2024-10-30T00:00:00+00:00, run_after=2024-10-31T00:00:00+00:00
[2024-10-31T05:52:11.919-0700] {logging_mixin.py:190} INFO - [2024-10-31T05:52:11.919-0700] {dag.py:4180} INFO - Setting next_dagrun for dataset_with_extra_from_classic_operator to 2024-10-30T00:00:00+00:00, run_after=2024-10-31T00:00:00+00:00
[2024-10-31T05:52:11.925-0700] {processor.py:208} INFO - Processing /Users/saiprasadreddykolan/Documents/E-commerce_project/venv/lib/python3.10/site-packages/airflow/example_dags/example_outlet_event_extra.py took 0.088 seconds
[2024-10-31T06:59:43.907-0700] {processor.py:186} INFO - Started process (PID=38981) to work on /Users/saiprasadreddykolan/Documents/E-commerce_project/venv/lib/python3.10/site-packages/airflow/example_dags/example_outlet_event_extra.py
[2024-10-31T06:59:43.908-0700] {processor.py:914} INFO - Processing file /Users/saiprasadreddykolan/Documents/E-commerce_project/venv/lib/python3.10/site-packages/airflow/example_dags/example_outlet_event_extra.py for tasks to queue
[2024-10-31T06:59:43.909-0700] {logging_mixin.py:190} INFO - [2024-10-31T06:59:43.909-0700] {dagbag.py:588} INFO - Filling up the DagBag from /Users/saiprasadreddykolan/Documents/E-commerce_project/venv/lib/python3.10/site-packages/airflow/example_dags/example_outlet_event_extra.py
[2024-10-31T06:59:43.945-0700] {processor.py:925} INFO - DAG(s) 'dataset_with_extra_by_yield', 'dataset_with_extra_from_classic_operator', 'dataset_with_extra_by_context' retrieved from /Users/saiprasadreddykolan/Documents/E-commerce_project/venv/lib/python3.10/site-packages/airflow/example_dags/example_outlet_event_extra.py
[2024-10-31T06:59:43.982-0700] {logging_mixin.py:190} INFO - [2024-10-31T06:59:43.982-0700] {dag.py:3239} INFO - Sync 3 DAGs
[2024-10-31T06:59:43.990-0700] {logging_mixin.py:190} INFO - [2024-10-31T06:59:43.989-0700] {dag.py:4180} INFO - Setting next_dagrun for dataset_with_extra_by_context to 2024-10-30T00:00:00+00:00, run_after=2024-10-31T00:00:00+00:00
[2024-10-31T06:59:43.991-0700] {logging_mixin.py:190} INFO - [2024-10-31T06:59:43.991-0700] {dag.py:4180} INFO - Setting next_dagrun for dataset_with_extra_by_yield to 2024-10-30T00:00:00+00:00, run_after=2024-10-31T00:00:00+00:00
[2024-10-31T06:59:43.992-0700] {logging_mixin.py:190} INFO - [2024-10-31T06:59:43.992-0700] {dag.py:4180} INFO - Setting next_dagrun for dataset_with_extra_from_classic_operator to 2024-10-30T00:00:00+00:00, run_after=2024-10-31T00:00:00+00:00
[2024-10-31T06:59:43.998-0700] {processor.py:208} INFO - Processing /Users/saiprasadreddykolan/Documents/E-commerce_project/venv/lib/python3.10/site-packages/airflow/example_dags/example_outlet_event_extra.py took 0.093 seconds
[2024-10-31T07:43:13.698-0700] {processor.py:186} INFO - Started process (PID=39190) to work on /Users/saiprasadreddykolan/Documents/E-commerce_project/venv/lib/python3.10/site-packages/airflow/example_dags/example_outlet_event_extra.py
[2024-10-31T07:43:13.700-0700] {processor.py:914} INFO - Processing file /Users/saiprasadreddykolan/Documents/E-commerce_project/venv/lib/python3.10/site-packages/airflow/example_dags/example_outlet_event_extra.py for tasks to queue
[2024-10-31T07:43:13.700-0700] {logging_mixin.py:190} INFO - [2024-10-31T07:43:13.700-0700] {dagbag.py:588} INFO - Filling up the DagBag from /Users/saiprasadreddykolan/Documents/E-commerce_project/venv/lib/python3.10/site-packages/airflow/example_dags/example_outlet_event_extra.py
[2024-10-31T07:43:13.737-0700] {processor.py:925} INFO - DAG(s) 'dataset_with_extra_by_context', 'dataset_with_extra_by_yield', 'dataset_with_extra_from_classic_operator' retrieved from /Users/saiprasadreddykolan/Documents/E-commerce_project/venv/lib/python3.10/site-packages/airflow/example_dags/example_outlet_event_extra.py
[2024-10-31T07:43:13.771-0700] {logging_mixin.py:190} INFO - [2024-10-31T07:43:13.771-0700] {dag.py:3239} INFO - Sync 3 DAGs
[2024-10-31T07:43:13.777-0700] {logging_mixin.py:190} INFO - [2024-10-31T07:43:13.777-0700] {dag.py:4180} INFO - Setting next_dagrun for dataset_with_extra_by_context to 2024-10-30T00:00:00+00:00, run_after=2024-10-31T00:00:00+00:00
[2024-10-31T07:43:13.779-0700] {logging_mixin.py:190} INFO - [2024-10-31T07:43:13.779-0700] {dag.py:4180} INFO - Setting next_dagrun for dataset_with_extra_by_yield to 2024-10-30T00:00:00+00:00, run_after=2024-10-31T00:00:00+00:00
[2024-10-31T07:43:13.779-0700] {logging_mixin.py:190} INFO - [2024-10-31T07:43:13.779-0700] {dag.py:4180} INFO - Setting next_dagrun for dataset_with_extra_from_classic_operator to 2024-10-30T00:00:00+00:00, run_after=2024-10-31T00:00:00+00:00
[2024-10-31T07:43:13.786-0700] {processor.py:208} INFO - Processing /Users/saiprasadreddykolan/Documents/E-commerce_project/venv/lib/python3.10/site-packages/airflow/example_dags/example_outlet_event_extra.py took 0.088 seconds
[2024-10-31T08:43:50.532-0700] {processor.py:186} INFO - Started process (PID=39319) to work on /Users/saiprasadreddykolan/Documents/E-commerce_project/venv/lib/python3.10/site-packages/airflow/example_dags/example_outlet_event_extra.py
[2024-10-31T08:43:50.534-0700] {processor.py:914} INFO - Processing file /Users/saiprasadreddykolan/Documents/E-commerce_project/venv/lib/python3.10/site-packages/airflow/example_dags/example_outlet_event_extra.py for tasks to queue
[2024-10-31T08:43:50.535-0700] {logging_mixin.py:190} INFO - [2024-10-31T08:43:50.535-0700] {dagbag.py:588} INFO - Filling up the DagBag from /Users/saiprasadreddykolan/Documents/E-commerce_project/venv/lib/python3.10/site-packages/airflow/example_dags/example_outlet_event_extra.py
[2024-10-31T08:43:50.573-0700] {processor.py:925} INFO - DAG(s) 'dataset_with_extra_by_context', 'dataset_with_extra_from_classic_operator', 'dataset_with_extra_by_yield' retrieved from /Users/saiprasadreddykolan/Documents/E-commerce_project/venv/lib/python3.10/site-packages/airflow/example_dags/example_outlet_event_extra.py
[2024-10-31T08:43:50.608-0700] {logging_mixin.py:190} INFO - [2024-10-31T08:43:50.608-0700] {dag.py:3239} INFO - Sync 3 DAGs
[2024-10-31T08:43:50.615-0700] {logging_mixin.py:190} INFO - [2024-10-31T08:43:50.615-0700] {dag.py:4180} INFO - Setting next_dagrun for dataset_with_extra_by_context to 2024-10-30T00:00:00+00:00, run_after=2024-10-31T00:00:00+00:00
[2024-10-31T08:43:50.616-0700] {logging_mixin.py:190} INFO - [2024-10-31T08:43:50.616-0700] {dag.py:4180} INFO - Setting next_dagrun for dataset_with_extra_by_yield to 2024-10-30T00:00:00+00:00, run_after=2024-10-31T00:00:00+00:00
[2024-10-31T08:43:50.617-0700] {logging_mixin.py:190} INFO - [2024-10-31T08:43:50.617-0700] {dag.py:4180} INFO - Setting next_dagrun for dataset_with_extra_from_classic_operator to 2024-10-30T00:00:00+00:00, run_after=2024-10-31T00:00:00+00:00
[2024-10-31T08:43:50.623-0700] {processor.py:208} INFO - Processing /Users/saiprasadreddykolan/Documents/E-commerce_project/venv/lib/python3.10/site-packages/airflow/example_dags/example_outlet_event_extra.py took 0.092 seconds
[2024-10-31T09:03:44.537-0700] {processor.py:186} INFO - Started process (PID=39462) to work on /Users/saiprasadreddykolan/Documents/E-commerce_project/venv/lib/python3.10/site-packages/airflow/example_dags/example_outlet_event_extra.py
[2024-10-31T09:03:44.539-0700] {processor.py:914} INFO - Processing file /Users/saiprasadreddykolan/Documents/E-commerce_project/venv/lib/python3.10/site-packages/airflow/example_dags/example_outlet_event_extra.py for tasks to queue
[2024-10-31T09:03:44.540-0700] {logging_mixin.py:190} INFO - [2024-10-31T09:03:44.540-0700] {dagbag.py:588} INFO - Filling up the DagBag from /Users/saiprasadreddykolan/Documents/E-commerce_project/venv/lib/python3.10/site-packages/airflow/example_dags/example_outlet_event_extra.py
[2024-10-31T09:03:44.576-0700] {processor.py:925} INFO - DAG(s) 'dataset_with_extra_by_context', 'dataset_with_extra_by_yield', 'dataset_with_extra_from_classic_operator' retrieved from /Users/saiprasadreddykolan/Documents/E-commerce_project/venv/lib/python3.10/site-packages/airflow/example_dags/example_outlet_event_extra.py
[2024-10-31T09:03:44.610-0700] {logging_mixin.py:190} INFO - [2024-10-31T09:03:44.610-0700] {dag.py:3239} INFO - Sync 3 DAGs
[2024-10-31T09:03:44.617-0700] {logging_mixin.py:190} INFO - [2024-10-31T09:03:44.617-0700] {dag.py:4180} INFO - Setting next_dagrun for dataset_with_extra_by_context to 2024-10-30T00:00:00+00:00, run_after=2024-10-31T00:00:00+00:00
[2024-10-31T09:03:44.618-0700] {logging_mixin.py:190} INFO - [2024-10-31T09:03:44.618-0700] {dag.py:4180} INFO - Setting next_dagrun for dataset_with_extra_by_yield to 2024-10-30T00:00:00+00:00, run_after=2024-10-31T00:00:00+00:00
[2024-10-31T09:03:44.619-0700] {logging_mixin.py:190} INFO - [2024-10-31T09:03:44.619-0700] {dag.py:4180} INFO - Setting next_dagrun for dataset_with_extra_from_classic_operator to 2024-10-30T00:00:00+00:00, run_after=2024-10-31T00:00:00+00:00
[2024-10-31T09:03:44.625-0700] {processor.py:208} INFO - Processing /Users/saiprasadreddykolan/Documents/E-commerce_project/venv/lib/python3.10/site-packages/airflow/example_dags/example_outlet_event_extra.py took 0.089 seconds
[2024-10-31T09:30:24.311-0700] {processor.py:186} INFO - Started process (PID=39688) to work on /Users/saiprasadreddykolan/Documents/E-commerce_project/venv/lib/python3.10/site-packages/airflow/example_dags/example_outlet_event_extra.py
[2024-10-31T09:30:24.313-0700] {processor.py:914} INFO - Processing file /Users/saiprasadreddykolan/Documents/E-commerce_project/venv/lib/python3.10/site-packages/airflow/example_dags/example_outlet_event_extra.py for tasks to queue
[2024-10-31T09:30:24.314-0700] {logging_mixin.py:190} INFO - [2024-10-31T09:30:24.314-0700] {dagbag.py:588} INFO - Filling up the DagBag from /Users/saiprasadreddykolan/Documents/E-commerce_project/venv/lib/python3.10/site-packages/airflow/example_dags/example_outlet_event_extra.py
[2024-10-31T09:30:24.352-0700] {processor.py:925} INFO - DAG(s) 'dataset_with_extra_from_classic_operator', 'dataset_with_extra_by_context', 'dataset_with_extra_by_yield' retrieved from /Users/saiprasadreddykolan/Documents/E-commerce_project/venv/lib/python3.10/site-packages/airflow/example_dags/example_outlet_event_extra.py
[2024-10-31T09:30:24.388-0700] {logging_mixin.py:190} INFO - [2024-10-31T09:30:24.388-0700] {dag.py:3239} INFO - Sync 3 DAGs
[2024-10-31T09:30:24.395-0700] {logging_mixin.py:190} INFO - [2024-10-31T09:30:24.394-0700] {dag.py:4180} INFO - Setting next_dagrun for dataset_with_extra_by_context to 2024-10-30T00:00:00+00:00, run_after=2024-10-31T00:00:00+00:00
[2024-10-31T09:30:24.396-0700] {logging_mixin.py:190} INFO - [2024-10-31T09:30:24.396-0700] {dag.py:4180} INFO - Setting next_dagrun for dataset_with_extra_by_yield to 2024-10-30T00:00:00+00:00, run_after=2024-10-31T00:00:00+00:00
[2024-10-31T09:30:24.397-0700] {logging_mixin.py:190} INFO - [2024-10-31T09:30:24.397-0700] {dag.py:4180} INFO - Setting next_dagrun for dataset_with_extra_from_classic_operator to 2024-10-30T00:00:00+00:00, run_after=2024-10-31T00:00:00+00:00
[2024-10-31T09:30:24.403-0700] {processor.py:208} INFO - Processing /Users/saiprasadreddykolan/Documents/E-commerce_project/venv/lib/python3.10/site-packages/airflow/example_dags/example_outlet_event_extra.py took 0.093 seconds
