[2024-10-30T17:40:03.021-0700] {processor.py:186} INFO - Started process (PID=7006) to work on /opt/anaconda3/lib/python3.12/site-packages/airflow/example_dags/example_inlet_event_extra.py
[2024-10-30T17:40:03.022-0700] {processor.py:914} INFO - Processing file /opt/anaconda3/lib/python3.12/site-packages/airflow/example_dags/example_inlet_event_extra.py for tasks to queue
[2024-10-30T17:40:03.022-0700] {logging_mixin.py:190} INFO - [2024-10-30T17:40:03.022-0700] {dagbag.py:588} INFO - Filling up the DagBag from /opt/anaconda3/lib/python3.12/site-packages/airflow/example_dags/example_inlet_event_extra.py
[2024-10-30T17:40:03.063-0700] {processor.py:925} INFO - DAG(s) 'read_dataset_event_from_classic', 'read_dataset_event' retrieved from /opt/anaconda3/lib/python3.12/site-packages/airflow/example_dags/example_inlet_event_extra.py
[2024-10-30T17:40:03.092-0700] {logging_mixin.py:190} INFO - [2024-10-30T17:40:03.092-0700] {dag.py:3239} INFO - Sync 2 DAGs
[2024-10-30T17:40:03.098-0700] {logging_mixin.py:190} INFO - [2024-10-30T17:40:03.098-0700] {dag.py:4180} INFO - Setting next_dagrun for read_dataset_event to 2024-10-30 00:00:00+00:00, run_after=2024-10-31 00:00:00+00:00
[2024-10-30T17:40:03.099-0700] {logging_mixin.py:190} INFO - [2024-10-30T17:40:03.099-0700] {dag.py:4180} INFO - Setting next_dagrun for read_dataset_event_from_classic to 2024-10-30 00:00:00+00:00, run_after=2024-10-31 00:00:00+00:00
[2024-10-30T17:40:03.104-0700] {processor.py:208} INFO - Processing /opt/anaconda3/lib/python3.12/site-packages/airflow/example_dags/example_inlet_event_extra.py took 0.083 seconds
[2024-10-30T18:51:33.816-0700] {processor.py:186} INFO - Started process (PID=7155) to work on /opt/anaconda3/lib/python3.12/site-packages/airflow/example_dags/example_inlet_event_extra.py
[2024-10-30T18:51:33.817-0700] {processor.py:914} INFO - Processing file /opt/anaconda3/lib/python3.12/site-packages/airflow/example_dags/example_inlet_event_extra.py for tasks to queue
[2024-10-30T18:51:33.817-0700] {logging_mixin.py:190} INFO - [2024-10-30T18:51:33.817-0700] {dagbag.py:588} INFO - Filling up the DagBag from /opt/anaconda3/lib/python3.12/site-packages/airflow/example_dags/example_inlet_event_extra.py
[2024-10-30T18:51:33.865-0700] {processor.py:925} INFO - DAG(s) 'read_dataset_event', 'read_dataset_event_from_classic' retrieved from /opt/anaconda3/lib/python3.12/site-packages/airflow/example_dags/example_inlet_event_extra.py
[2024-10-30T18:51:33.895-0700] {logging_mixin.py:190} INFO - [2024-10-30T18:51:33.895-0700] {dag.py:3239} INFO - Sync 2 DAGs
[2024-10-30T18:51:33.901-0700] {logging_mixin.py:190} INFO - [2024-10-30T18:51:33.901-0700] {dag.py:4180} INFO - Setting next_dagrun for read_dataset_event to 2024-10-30 00:00:00+00:00, run_after=2024-10-31 00:00:00+00:00
[2024-10-30T18:51:33.903-0700] {logging_mixin.py:190} INFO - [2024-10-30T18:51:33.902-0700] {dag.py:4180} INFO - Setting next_dagrun for read_dataset_event_from_classic to 2024-10-30 00:00:00+00:00, run_after=2024-10-31 00:00:00+00:00
[2024-10-30T18:51:33.908-0700] {processor.py:208} INFO - Processing /opt/anaconda3/lib/python3.12/site-packages/airflow/example_dags/example_inlet_event_extra.py took 0.092 seconds
[2024-10-30T21:00:03.087-0700] {processor.py:186} INFO - Started process (PID=9538) to work on /Users/saiprasadreddykolan/Documents/E-commerce_project/venv/lib/python3.10/site-packages/airflow/example_dags/example_inlet_event_extra.py
[2024-10-30T21:00:03.089-0700] {processor.py:914} INFO - Processing file /Users/saiprasadreddykolan/Documents/E-commerce_project/venv/lib/python3.10/site-packages/airflow/example_dags/example_inlet_event_extra.py for tasks to queue
[2024-10-30T21:00:03.089-0700] {logging_mixin.py:190} INFO - [2024-10-30T21:00:03.089-0700] {dagbag.py:588} INFO - Filling up the DagBag from /Users/saiprasadreddykolan/Documents/E-commerce_project/venv/lib/python3.10/site-packages/airflow/example_dags/example_inlet_event_extra.py
[2024-10-30T21:00:03.123-0700] {processor.py:925} INFO - DAG(s) 'read_dataset_event', 'read_dataset_event_from_classic' retrieved from /Users/saiprasadreddykolan/Documents/E-commerce_project/venv/lib/python3.10/site-packages/airflow/example_dags/example_inlet_event_extra.py
[2024-10-30T21:00:03.187-0700] {logging_mixin.py:190} INFO - [2024-10-30T21:00:03.187-0700] {dag.py:3239} INFO - Sync 2 DAGs
[2024-10-30T21:00:03.194-0700] {logging_mixin.py:190} INFO - [2024-10-30T21:00:03.193-0700] {dag.py:4180} INFO - Setting next_dagrun for read_dataset_event to 2024-10-30T00:00:00+00:00, run_after=2024-10-31T00:00:00+00:00
[2024-10-30T21:00:03.195-0700] {logging_mixin.py:190} INFO - [2024-10-30T21:00:03.195-0700] {dag.py:4180} INFO - Setting next_dagrun for read_dataset_event_from_classic to 2024-10-30T00:00:00+00:00, run_after=2024-10-31T00:00:00+00:00
[2024-10-30T21:00:03.203-0700] {processor.py:208} INFO - Processing /Users/saiprasadreddykolan/Documents/E-commerce_project/venv/lib/python3.10/site-packages/airflow/example_dags/example_inlet_event_extra.py took 0.117 seconds
[2024-10-30T21:01:39.280-0700] {processor.py:186} INFO - Started process (PID=9654) to work on /Users/saiprasadreddykolan/Documents/E-commerce_project/venv/lib/python3.10/site-packages/airflow/example_dags/example_inlet_event_extra.py
[2024-10-30T21:01:39.282-0700] {processor.py:914} INFO - Processing file /Users/saiprasadreddykolan/Documents/E-commerce_project/venv/lib/python3.10/site-packages/airflow/example_dags/example_inlet_event_extra.py for tasks to queue
[2024-10-30T21:01:39.282-0700] {logging_mixin.py:190} INFO - [2024-10-30T21:01:39.282-0700] {dagbag.py:588} INFO - Filling up the DagBag from /Users/saiprasadreddykolan/Documents/E-commerce_project/venv/lib/python3.10/site-packages/airflow/example_dags/example_inlet_event_extra.py
[2024-10-30T21:01:39.312-0700] {processor.py:925} INFO - DAG(s) 'read_dataset_event_from_classic', 'read_dataset_event' retrieved from /Users/saiprasadreddykolan/Documents/E-commerce_project/venv/lib/python3.10/site-packages/airflow/example_dags/example_inlet_event_extra.py
[2024-10-30T21:01:39.347-0700] {logging_mixin.py:190} INFO - [2024-10-30T21:01:39.347-0700] {dag.py:3239} INFO - Sync 2 DAGs
[2024-10-30T21:01:39.354-0700] {logging_mixin.py:190} INFO - [2024-10-30T21:01:39.353-0700] {dag.py:4180} INFO - Setting next_dagrun for read_dataset_event to 2024-10-30T00:00:00+00:00, run_after=2024-10-31T00:00:00+00:00
[2024-10-30T21:01:39.355-0700] {logging_mixin.py:190} INFO - [2024-10-30T21:01:39.355-0700] {dag.py:4180} INFO - Setting next_dagrun for read_dataset_event_from_classic to 2024-10-30T00:00:00+00:00, run_after=2024-10-31T00:00:00+00:00
[2024-10-30T21:01:39.360-0700] {processor.py:208} INFO - Processing /Users/saiprasadreddykolan/Documents/E-commerce_project/venv/lib/python3.10/site-packages/airflow/example_dags/example_inlet_event_extra.py took 0.081 seconds
[2024-10-30T21:03:47.556-0700] {processor.py:186} INFO - Started process (PID=9865) to work on /Users/saiprasadreddykolan/Documents/E-commerce_project/venv/lib/python3.10/site-packages/airflow/example_dags/example_inlet_event_extra.py
[2024-10-30T21:03:47.559-0700] {processor.py:914} INFO - Processing file /Users/saiprasadreddykolan/Documents/E-commerce_project/venv/lib/python3.10/site-packages/airflow/example_dags/example_inlet_event_extra.py for tasks to queue
[2024-10-30T21:03:47.559-0700] {logging_mixin.py:190} INFO - [2024-10-30T21:03:47.559-0700] {dagbag.py:588} INFO - Filling up the DagBag from /Users/saiprasadreddykolan/Documents/E-commerce_project/venv/lib/python3.10/site-packages/airflow/example_dags/example_inlet_event_extra.py
[2024-10-30T21:03:47.589-0700] {processor.py:925} INFO - DAG(s) 'read_dataset_event_from_classic', 'read_dataset_event' retrieved from /Users/saiprasadreddykolan/Documents/E-commerce_project/venv/lib/python3.10/site-packages/airflow/example_dags/example_inlet_event_extra.py
[2024-10-30T21:03:47.623-0700] {logging_mixin.py:190} INFO - [2024-10-30T21:03:47.623-0700] {dag.py:3239} INFO - Sync 2 DAGs
[2024-10-30T21:03:47.630-0700] {logging_mixin.py:190} INFO - [2024-10-30T21:03:47.630-0700] {dag.py:4180} INFO - Setting next_dagrun for read_dataset_event to 2024-10-30T00:00:00+00:00, run_after=2024-10-31T00:00:00+00:00
[2024-10-30T21:03:47.631-0700] {logging_mixin.py:190} INFO - [2024-10-30T21:03:47.631-0700] {dag.py:4180} INFO - Setting next_dagrun for read_dataset_event_from_classic to 2024-10-30T00:00:00+00:00, run_after=2024-10-31T00:00:00+00:00
[2024-10-30T21:03:47.637-0700] {processor.py:208} INFO - Processing /Users/saiprasadreddykolan/Documents/E-commerce_project/venv/lib/python3.10/site-packages/airflow/example_dags/example_inlet_event_extra.py took 0.082 seconds
[2024-10-30T21:06:01.404-0700] {processor.py:186} INFO - Started process (PID=10063) to work on /Users/saiprasadreddykolan/Documents/E-commerce_project/venv/lib/python3.10/site-packages/airflow/example_dags/example_inlet_event_extra.py
[2024-10-30T21:06:01.407-0700] {processor.py:914} INFO - Processing file /Users/saiprasadreddykolan/Documents/E-commerce_project/venv/lib/python3.10/site-packages/airflow/example_dags/example_inlet_event_extra.py for tasks to queue
[2024-10-30T21:06:01.407-0700] {logging_mixin.py:190} INFO - [2024-10-30T21:06:01.407-0700] {dagbag.py:588} INFO - Filling up the DagBag from /Users/saiprasadreddykolan/Documents/E-commerce_project/venv/lib/python3.10/site-packages/airflow/example_dags/example_inlet_event_extra.py
[2024-10-30T21:06:01.439-0700] {processor.py:925} INFO - DAG(s) 'read_dataset_event_from_classic', 'read_dataset_event' retrieved from /Users/saiprasadreddykolan/Documents/E-commerce_project/venv/lib/python3.10/site-packages/airflow/example_dags/example_inlet_event_extra.py
[2024-10-30T21:06:01.478-0700] {logging_mixin.py:190} INFO - [2024-10-30T21:06:01.478-0700] {dag.py:3239} INFO - Sync 2 DAGs
[2024-10-30T21:06:01.486-0700] {logging_mixin.py:190} INFO - [2024-10-30T21:06:01.486-0700] {dag.py:4180} INFO - Setting next_dagrun for read_dataset_event to 2024-10-30T00:00:00+00:00, run_after=2024-10-31T00:00:00+00:00
[2024-10-30T21:06:01.488-0700] {logging_mixin.py:190} INFO - [2024-10-30T21:06:01.488-0700] {dag.py:4180} INFO - Setting next_dagrun for read_dataset_event_from_classic to 2024-10-30T00:00:00+00:00, run_after=2024-10-31T00:00:00+00:00
[2024-10-30T21:06:01.494-0700] {processor.py:208} INFO - Processing /Users/saiprasadreddykolan/Documents/E-commerce_project/venv/lib/python3.10/site-packages/airflow/example_dags/example_inlet_event_extra.py took 0.091 seconds
[2024-10-30T21:08:17.193-0700] {processor.py:186} INFO - Started process (PID=10240) to work on /Users/saiprasadreddykolan/Documents/E-commerce_project/venv/lib/python3.10/site-packages/airflow/example_dags/example_inlet_event_extra.py
[2024-10-30T21:08:17.196-0700] {processor.py:914} INFO - Processing file /Users/saiprasadreddykolan/Documents/E-commerce_project/venv/lib/python3.10/site-packages/airflow/example_dags/example_inlet_event_extra.py for tasks to queue
[2024-10-30T21:08:17.196-0700] {logging_mixin.py:190} INFO - [2024-10-30T21:08:17.196-0700] {dagbag.py:588} INFO - Filling up the DagBag from /Users/saiprasadreddykolan/Documents/E-commerce_project/venv/lib/python3.10/site-packages/airflow/example_dags/example_inlet_event_extra.py
[2024-10-30T21:08:17.227-0700] {processor.py:925} INFO - DAG(s) 'read_dataset_event', 'read_dataset_event_from_classic' retrieved from /Users/saiprasadreddykolan/Documents/E-commerce_project/venv/lib/python3.10/site-packages/airflow/example_dags/example_inlet_event_extra.py
[2024-10-30T21:08:17.263-0700] {logging_mixin.py:190} INFO - [2024-10-30T21:08:17.263-0700] {dag.py:3239} INFO - Sync 2 DAGs
[2024-10-30T21:08:17.270-0700] {logging_mixin.py:190} INFO - [2024-10-30T21:08:17.270-0700] {dag.py:4180} INFO - Setting next_dagrun for read_dataset_event to 2024-10-30T00:00:00+00:00, run_after=2024-10-31T00:00:00+00:00
[2024-10-30T21:08:17.271-0700] {logging_mixin.py:190} INFO - [2024-10-30T21:08:17.271-0700] {dag.py:4180} INFO - Setting next_dagrun for read_dataset_event_from_classic to 2024-10-30T00:00:00+00:00, run_after=2024-10-31T00:00:00+00:00
[2024-10-30T21:08:17.276-0700] {processor.py:208} INFO - Processing /Users/saiprasadreddykolan/Documents/E-commerce_project/venv/lib/python3.10/site-packages/airflow/example_dags/example_inlet_event_extra.py took 0.084 seconds
[2024-10-30T21:10:32.299-0700] {processor.py:186} INFO - Started process (PID=10429) to work on /Users/saiprasadreddykolan/Documents/E-commerce_project/venv/lib/python3.10/site-packages/airflow/example_dags/example_inlet_event_extra.py
[2024-10-30T21:10:32.301-0700] {processor.py:914} INFO - Processing file /Users/saiprasadreddykolan/Documents/E-commerce_project/venv/lib/python3.10/site-packages/airflow/example_dags/example_inlet_event_extra.py for tasks to queue
[2024-10-30T21:10:32.302-0700] {logging_mixin.py:190} INFO - [2024-10-30T21:10:32.302-0700] {dagbag.py:588} INFO - Filling up the DagBag from /Users/saiprasadreddykolan/Documents/E-commerce_project/venv/lib/python3.10/site-packages/airflow/example_dags/example_inlet_event_extra.py
[2024-10-30T21:10:32.332-0700] {processor.py:925} INFO - DAG(s) 'read_dataset_event_from_classic', 'read_dataset_event' retrieved from /Users/saiprasadreddykolan/Documents/E-commerce_project/venv/lib/python3.10/site-packages/airflow/example_dags/example_inlet_event_extra.py
[2024-10-30T21:10:32.367-0700] {logging_mixin.py:190} INFO - [2024-10-30T21:10:32.367-0700] {dag.py:3239} INFO - Sync 2 DAGs
[2024-10-30T21:10:32.373-0700] {logging_mixin.py:190} INFO - [2024-10-30T21:10:32.373-0700] {dag.py:4180} INFO - Setting next_dagrun for read_dataset_event to 2024-10-30T00:00:00+00:00, run_after=2024-10-31T00:00:00+00:00
[2024-10-30T21:10:32.375-0700] {logging_mixin.py:190} INFO - [2024-10-30T21:10:32.375-0700] {dag.py:4180} INFO - Setting next_dagrun for read_dataset_event_from_classic to 2024-10-30T00:00:00+00:00, run_after=2024-10-31T00:00:00+00:00
[2024-10-30T21:10:32.380-0700] {processor.py:208} INFO - Processing /Users/saiprasadreddykolan/Documents/E-commerce_project/venv/lib/python3.10/site-packages/airflow/example_dags/example_inlet_event_extra.py took 0.082 seconds
[2024-10-30T21:12:40.673-0700] {processor.py:186} INFO - Started process (PID=10681) to work on /Users/saiprasadreddykolan/Documents/E-commerce_project/venv/lib/python3.10/site-packages/airflow/example_dags/example_inlet_event_extra.py
[2024-10-30T21:12:40.675-0700] {processor.py:914} INFO - Processing file /Users/saiprasadreddykolan/Documents/E-commerce_project/venv/lib/python3.10/site-packages/airflow/example_dags/example_inlet_event_extra.py for tasks to queue
[2024-10-30T21:12:40.675-0700] {logging_mixin.py:190} INFO - [2024-10-30T21:12:40.675-0700] {dagbag.py:588} INFO - Filling up the DagBag from /Users/saiprasadreddykolan/Documents/E-commerce_project/venv/lib/python3.10/site-packages/airflow/example_dags/example_inlet_event_extra.py
[2024-10-30T21:12:40.710-0700] {processor.py:925} INFO - DAG(s) 'read_dataset_event_from_classic', 'read_dataset_event' retrieved from /Users/saiprasadreddykolan/Documents/E-commerce_project/venv/lib/python3.10/site-packages/airflow/example_dags/example_inlet_event_extra.py
[2024-10-30T21:12:40.745-0700] {logging_mixin.py:190} INFO - [2024-10-30T21:12:40.745-0700] {dag.py:3239} INFO - Sync 2 DAGs
[2024-10-30T21:12:40.752-0700] {logging_mixin.py:190} INFO - [2024-10-30T21:12:40.752-0700] {dag.py:4180} INFO - Setting next_dagrun for read_dataset_event to 2024-10-30T00:00:00+00:00, run_after=2024-10-31T00:00:00+00:00
[2024-10-30T21:12:40.754-0700] {logging_mixin.py:190} INFO - [2024-10-30T21:12:40.754-0700] {dag.py:4180} INFO - Setting next_dagrun for read_dataset_event_from_classic to 2024-10-30T00:00:00+00:00, run_after=2024-10-31T00:00:00+00:00
[2024-10-30T21:12:40.759-0700] {processor.py:208} INFO - Processing /Users/saiprasadreddykolan/Documents/E-commerce_project/venv/lib/python3.10/site-packages/airflow/example_dags/example_inlet_event_extra.py took 0.088 seconds
[2024-10-30T21:14:51.318-0700] {processor.py:186} INFO - Started process (PID=14403) to work on /Users/saiprasadreddykolan/Documents/E-commerce_project/venv/lib/python3.10/site-packages/airflow/example_dags/example_inlet_event_extra.py
[2024-10-30T21:14:51.320-0700] {processor.py:914} INFO - Processing file /Users/saiprasadreddykolan/Documents/E-commerce_project/venv/lib/python3.10/site-packages/airflow/example_dags/example_inlet_event_extra.py for tasks to queue
[2024-10-30T21:14:51.320-0700] {logging_mixin.py:190} INFO - [2024-10-30T21:14:51.320-0700] {dagbag.py:588} INFO - Filling up the DagBag from /Users/saiprasadreddykolan/Documents/E-commerce_project/venv/lib/python3.10/site-packages/airflow/example_dags/example_inlet_event_extra.py
[2024-10-30T21:14:51.360-0700] {processor.py:925} INFO - DAG(s) 'read_dataset_event', 'read_dataset_event_from_classic' retrieved from /Users/saiprasadreddykolan/Documents/E-commerce_project/venv/lib/python3.10/site-packages/airflow/example_dags/example_inlet_event_extra.py
[2024-10-30T21:14:51.399-0700] {logging_mixin.py:190} INFO - [2024-10-30T21:14:51.399-0700] {dag.py:3239} INFO - Sync 2 DAGs
[2024-10-30T21:14:51.407-0700] {logging_mixin.py:190} INFO - [2024-10-30T21:14:51.407-0700] {dag.py:4180} INFO - Setting next_dagrun for read_dataset_event to 2024-10-30T00:00:00+00:00, run_after=2024-10-31T00:00:00+00:00
[2024-10-30T21:14:51.408-0700] {logging_mixin.py:190} INFO - [2024-10-30T21:14:51.408-0700] {dag.py:4180} INFO - Setting next_dagrun for read_dataset_event_from_classic to 2024-10-30T00:00:00+00:00, run_after=2024-10-31T00:00:00+00:00
[2024-10-30T21:14:51.414-0700] {processor.py:208} INFO - Processing /Users/saiprasadreddykolan/Documents/E-commerce_project/venv/lib/python3.10/site-packages/airflow/example_dags/example_inlet_event_extra.py took 0.098 seconds
[2024-10-30T21:17:13.010-0700] {processor.py:186} INFO - Started process (PID=33181) to work on /Users/saiprasadreddykolan/Documents/E-commerce_project/venv/lib/python3.10/site-packages/airflow/example_dags/example_inlet_event_extra.py
[2024-10-30T21:17:13.013-0700] {processor.py:914} INFO - Processing file /Users/saiprasadreddykolan/Documents/E-commerce_project/venv/lib/python3.10/site-packages/airflow/example_dags/example_inlet_event_extra.py for tasks to queue
[2024-10-30T21:17:13.013-0700] {logging_mixin.py:190} INFO - [2024-10-30T21:17:13.013-0700] {dagbag.py:588} INFO - Filling up the DagBag from /Users/saiprasadreddykolan/Documents/E-commerce_project/venv/lib/python3.10/site-packages/airflow/example_dags/example_inlet_event_extra.py
[2024-10-30T21:17:13.042-0700] {processor.py:925} INFO - DAG(s) 'read_dataset_event_from_classic', 'read_dataset_event' retrieved from /Users/saiprasadreddykolan/Documents/E-commerce_project/venv/lib/python3.10/site-packages/airflow/example_dags/example_inlet_event_extra.py
[2024-10-30T21:17:13.076-0700] {logging_mixin.py:190} INFO - [2024-10-30T21:17:13.076-0700] {dag.py:3239} INFO - Sync 2 DAGs
[2024-10-30T21:17:13.083-0700] {logging_mixin.py:190} INFO - [2024-10-30T21:17:13.083-0700] {dag.py:4180} INFO - Setting next_dagrun for read_dataset_event to 2024-10-30T00:00:00+00:00, run_after=2024-10-31T00:00:00+00:00
[2024-10-30T21:17:13.085-0700] {logging_mixin.py:190} INFO - [2024-10-30T21:17:13.085-0700] {dag.py:4180} INFO - Setting next_dagrun for read_dataset_event_from_classic to 2024-10-30T00:00:00+00:00, run_after=2024-10-31T00:00:00+00:00
[2024-10-30T21:17:13.090-0700] {processor.py:208} INFO - Processing /Users/saiprasadreddykolan/Documents/E-commerce_project/venv/lib/python3.10/site-packages/airflow/example_dags/example_inlet_event_extra.py took 0.081 seconds
[2024-10-30T21:19:26.896-0700] {processor.py:186} INFO - Started process (PID=33369) to work on /Users/saiprasadreddykolan/Documents/E-commerce_project/venv/lib/python3.10/site-packages/airflow/example_dags/example_inlet_event_extra.py
[2024-10-30T21:19:26.898-0700] {processor.py:914} INFO - Processing file /Users/saiprasadreddykolan/Documents/E-commerce_project/venv/lib/python3.10/site-packages/airflow/example_dags/example_inlet_event_extra.py for tasks to queue
[2024-10-30T21:19:26.899-0700] {logging_mixin.py:190} INFO - [2024-10-30T21:19:26.899-0700] {dagbag.py:588} INFO - Filling up the DagBag from /Users/saiprasadreddykolan/Documents/E-commerce_project/venv/lib/python3.10/site-packages/airflow/example_dags/example_inlet_event_extra.py
[2024-10-30T21:19:26.931-0700] {processor.py:925} INFO - DAG(s) 'read_dataset_event_from_classic', 'read_dataset_event' retrieved from /Users/saiprasadreddykolan/Documents/E-commerce_project/venv/lib/python3.10/site-packages/airflow/example_dags/example_inlet_event_extra.py
[2024-10-30T21:19:26.969-0700] {logging_mixin.py:190} INFO - [2024-10-30T21:19:26.969-0700] {dag.py:3239} INFO - Sync 2 DAGs
[2024-10-30T21:19:26.976-0700] {logging_mixin.py:190} INFO - [2024-10-30T21:19:26.976-0700] {dag.py:4180} INFO - Setting next_dagrun for read_dataset_event to 2024-10-30T00:00:00+00:00, run_after=2024-10-31T00:00:00+00:00
[2024-10-30T21:19:26.977-0700] {logging_mixin.py:190} INFO - [2024-10-30T21:19:26.977-0700] {dag.py:4180} INFO - Setting next_dagrun for read_dataset_event_from_classic to 2024-10-30T00:00:00+00:00, run_after=2024-10-31T00:00:00+00:00
[2024-10-30T21:19:26.982-0700] {processor.py:208} INFO - Processing /Users/saiprasadreddykolan/Documents/E-commerce_project/venv/lib/python3.10/site-packages/airflow/example_dags/example_inlet_event_extra.py took 0.087 seconds
[2024-10-30T21:21:35.951-0700] {processor.py:186} INFO - Started process (PID=33576) to work on /Users/saiprasadreddykolan/Documents/E-commerce_project/venv/lib/python3.10/site-packages/airflow/example_dags/example_inlet_event_extra.py
[2024-10-30T21:21:35.953-0700] {processor.py:914} INFO - Processing file /Users/saiprasadreddykolan/Documents/E-commerce_project/venv/lib/python3.10/site-packages/airflow/example_dags/example_inlet_event_extra.py for tasks to queue
[2024-10-30T21:21:35.953-0700] {logging_mixin.py:190} INFO - [2024-10-30T21:21:35.953-0700] {dagbag.py:588} INFO - Filling up the DagBag from /Users/saiprasadreddykolan/Documents/E-commerce_project/venv/lib/python3.10/site-packages/airflow/example_dags/example_inlet_event_extra.py
[2024-10-30T21:21:35.989-0700] {processor.py:925} INFO - DAG(s) 'read_dataset_event', 'read_dataset_event_from_classic' retrieved from /Users/saiprasadreddykolan/Documents/E-commerce_project/venv/lib/python3.10/site-packages/airflow/example_dags/example_inlet_event_extra.py
[2024-10-30T21:21:36.028-0700] {logging_mixin.py:190} INFO - [2024-10-30T21:21:36.028-0700] {dag.py:3239} INFO - Sync 2 DAGs
[2024-10-30T21:21:36.037-0700] {logging_mixin.py:190} INFO - [2024-10-30T21:21:36.037-0700] {dag.py:4180} INFO - Setting next_dagrun for read_dataset_event to 2024-10-30T00:00:00+00:00, run_after=2024-10-31T00:00:00+00:00
[2024-10-30T21:21:36.038-0700] {logging_mixin.py:190} INFO - [2024-10-30T21:21:36.038-0700] {dag.py:4180} INFO - Setting next_dagrun for read_dataset_event_from_classic to 2024-10-30T00:00:00+00:00, run_after=2024-10-31T00:00:00+00:00
[2024-10-30T21:21:36.044-0700] {processor.py:208} INFO - Processing /Users/saiprasadreddykolan/Documents/E-commerce_project/venv/lib/python3.10/site-packages/airflow/example_dags/example_inlet_event_extra.py took 0.094 seconds
[2024-10-30T21:23:50.479-0700] {processor.py:186} INFO - Started process (PID=33805) to work on /Users/saiprasadreddykolan/Documents/E-commerce_project/venv/lib/python3.10/site-packages/airflow/example_dags/example_inlet_event_extra.py
[2024-10-30T21:23:50.482-0700] {processor.py:914} INFO - Processing file /Users/saiprasadreddykolan/Documents/E-commerce_project/venv/lib/python3.10/site-packages/airflow/example_dags/example_inlet_event_extra.py for tasks to queue
[2024-10-30T21:23:50.482-0700] {logging_mixin.py:190} INFO - [2024-10-30T21:23:50.482-0700] {dagbag.py:588} INFO - Filling up the DagBag from /Users/saiprasadreddykolan/Documents/E-commerce_project/venv/lib/python3.10/site-packages/airflow/example_dags/example_inlet_event_extra.py
[2024-10-30T21:23:50.512-0700] {processor.py:925} INFO - DAG(s) 'read_dataset_event', 'read_dataset_event_from_classic' retrieved from /Users/saiprasadreddykolan/Documents/E-commerce_project/venv/lib/python3.10/site-packages/airflow/example_dags/example_inlet_event_extra.py
[2024-10-30T21:23:50.547-0700] {logging_mixin.py:190} INFO - [2024-10-30T21:23:50.547-0700] {dag.py:3239} INFO - Sync 2 DAGs
[2024-10-30T21:23:50.553-0700] {logging_mixin.py:190} INFO - [2024-10-30T21:23:50.553-0700] {dag.py:4180} INFO - Setting next_dagrun for read_dataset_event to 2024-10-30T00:00:00+00:00, run_after=2024-10-31T00:00:00+00:00
[2024-10-30T21:23:50.555-0700] {logging_mixin.py:190} INFO - [2024-10-30T21:23:50.554-0700] {dag.py:4180} INFO - Setting next_dagrun for read_dataset_event_from_classic to 2024-10-30T00:00:00+00:00, run_after=2024-10-31T00:00:00+00:00
[2024-10-30T21:23:50.560-0700] {processor.py:208} INFO - Processing /Users/saiprasadreddykolan/Documents/E-commerce_project/venv/lib/python3.10/site-packages/airflow/example_dags/example_inlet_event_extra.py took 0.081 seconds
[2024-10-30T21:26:05.629-0700] {processor.py:186} INFO - Started process (PID=36164) to work on /Users/saiprasadreddykolan/Documents/E-commerce_project/venv/lib/python3.10/site-packages/airflow/example_dags/example_inlet_event_extra.py
[2024-10-30T21:26:05.631-0700] {processor.py:914} INFO - Processing file /Users/saiprasadreddykolan/Documents/E-commerce_project/venv/lib/python3.10/site-packages/airflow/example_dags/example_inlet_event_extra.py for tasks to queue
[2024-10-30T21:26:05.632-0700] {logging_mixin.py:190} INFO - [2024-10-30T21:26:05.632-0700] {dagbag.py:588} INFO - Filling up the DagBag from /Users/saiprasadreddykolan/Documents/E-commerce_project/venv/lib/python3.10/site-packages/airflow/example_dags/example_inlet_event_extra.py
[2024-10-30T21:26:05.664-0700] {processor.py:925} INFO - DAG(s) 'read_dataset_event', 'read_dataset_event_from_classic' retrieved from /Users/saiprasadreddykolan/Documents/E-commerce_project/venv/lib/python3.10/site-packages/airflow/example_dags/example_inlet_event_extra.py
[2024-10-30T21:26:05.698-0700] {logging_mixin.py:190} INFO - [2024-10-30T21:26:05.698-0700] {dag.py:3239} INFO - Sync 2 DAGs
[2024-10-30T21:26:05.705-0700] {logging_mixin.py:190} INFO - [2024-10-30T21:26:05.705-0700] {dag.py:4180} INFO - Setting next_dagrun for read_dataset_event to 2024-10-30T00:00:00+00:00, run_after=2024-10-31T00:00:00+00:00
[2024-10-30T21:26:05.706-0700] {logging_mixin.py:190} INFO - [2024-10-30T21:26:05.706-0700] {dag.py:4180} INFO - Setting next_dagrun for read_dataset_event_from_classic to 2024-10-30T00:00:00+00:00, run_after=2024-10-31T00:00:00+00:00
[2024-10-30T21:26:05.711-0700] {processor.py:208} INFO - Processing /Users/saiprasadreddykolan/Documents/E-commerce_project/venv/lib/python3.10/site-packages/airflow/example_dags/example_inlet_event_extra.py took 0.083 seconds
[2024-10-30T21:28:18.516-0700] {processor.py:186} INFO - Started process (PID=36364) to work on /Users/saiprasadreddykolan/Documents/E-commerce_project/venv/lib/python3.10/site-packages/airflow/example_dags/example_inlet_event_extra.py
[2024-10-30T21:28:18.518-0700] {processor.py:914} INFO - Processing file /Users/saiprasadreddykolan/Documents/E-commerce_project/venv/lib/python3.10/site-packages/airflow/example_dags/example_inlet_event_extra.py for tasks to queue
[2024-10-30T21:28:18.518-0700] {logging_mixin.py:190} INFO - [2024-10-30T21:28:18.518-0700] {dagbag.py:588} INFO - Filling up the DagBag from /Users/saiprasadreddykolan/Documents/E-commerce_project/venv/lib/python3.10/site-packages/airflow/example_dags/example_inlet_event_extra.py
[2024-10-30T21:28:18.553-0700] {processor.py:925} INFO - DAG(s) 'read_dataset_event_from_classic', 'read_dataset_event' retrieved from /Users/saiprasadreddykolan/Documents/E-commerce_project/venv/lib/python3.10/site-packages/airflow/example_dags/example_inlet_event_extra.py
[2024-10-30T21:28:18.590-0700] {logging_mixin.py:190} INFO - [2024-10-30T21:28:18.590-0700] {dag.py:3239} INFO - Sync 2 DAGs
[2024-10-30T21:28:18.597-0700] {logging_mixin.py:190} INFO - [2024-10-30T21:28:18.597-0700] {dag.py:4180} INFO - Setting next_dagrun for read_dataset_event to 2024-10-30T00:00:00+00:00, run_after=2024-10-31T00:00:00+00:00
[2024-10-30T21:28:18.599-0700] {logging_mixin.py:190} INFO - [2024-10-30T21:28:18.599-0700] {dag.py:4180} INFO - Setting next_dagrun for read_dataset_event_from_classic to 2024-10-30T00:00:00+00:00, run_after=2024-10-31T00:00:00+00:00
[2024-10-30T21:28:18.604-0700] {processor.py:208} INFO - Processing /Users/saiprasadreddykolan/Documents/E-commerce_project/venv/lib/python3.10/site-packages/airflow/example_dags/example_inlet_event_extra.py took 0.090 seconds
[2024-10-30T21:30:24.701-0700] {processor.py:186} INFO - Started process (PID=36576) to work on /Users/saiprasadreddykolan/Documents/E-commerce_project/venv/lib/python3.10/site-packages/airflow/example_dags/example_inlet_event_extra.py
[2024-10-30T21:30:24.705-0700] {processor.py:914} INFO - Processing file /Users/saiprasadreddykolan/Documents/E-commerce_project/venv/lib/python3.10/site-packages/airflow/example_dags/example_inlet_event_extra.py for tasks to queue
[2024-10-30T21:30:24.705-0700] {logging_mixin.py:190} INFO - [2024-10-30T21:30:24.705-0700] {dagbag.py:588} INFO - Filling up the DagBag from /Users/saiprasadreddykolan/Documents/E-commerce_project/venv/lib/python3.10/site-packages/airflow/example_dags/example_inlet_event_extra.py
[2024-10-30T21:30:24.735-0700] {processor.py:925} INFO - DAG(s) 'read_dataset_event', 'read_dataset_event_from_classic' retrieved from /Users/saiprasadreddykolan/Documents/E-commerce_project/venv/lib/python3.10/site-packages/airflow/example_dags/example_inlet_event_extra.py
[2024-10-30T21:30:24.772-0700] {logging_mixin.py:190} INFO - [2024-10-30T21:30:24.772-0700] {dag.py:3239} INFO - Sync 2 DAGs
[2024-10-30T21:30:24.780-0700] {logging_mixin.py:190} INFO - [2024-10-30T21:30:24.780-0700] {dag.py:4180} INFO - Setting next_dagrun for read_dataset_event to 2024-10-30T00:00:00+00:00, run_after=2024-10-31T00:00:00+00:00
[2024-10-30T21:30:24.782-0700] {logging_mixin.py:190} INFO - [2024-10-30T21:30:24.782-0700] {dag.py:4180} INFO - Setting next_dagrun for read_dataset_event_from_classic to 2024-10-30T00:00:00+00:00, run_after=2024-10-31T00:00:00+00:00
[2024-10-30T21:30:24.787-0700] {processor.py:208} INFO - Processing /Users/saiprasadreddykolan/Documents/E-commerce_project/venv/lib/python3.10/site-packages/airflow/example_dags/example_inlet_event_extra.py took 0.087 seconds
[2024-10-30T21:32:45.480-0700] {processor.py:186} INFO - Started process (PID=36763) to work on /Users/saiprasadreddykolan/Documents/E-commerce_project/venv/lib/python3.10/site-packages/airflow/example_dags/example_inlet_event_extra.py
[2024-10-30T21:32:45.482-0700] {processor.py:914} INFO - Processing file /Users/saiprasadreddykolan/Documents/E-commerce_project/venv/lib/python3.10/site-packages/airflow/example_dags/example_inlet_event_extra.py for tasks to queue
[2024-10-30T21:32:45.482-0700] {logging_mixin.py:190} INFO - [2024-10-30T21:32:45.482-0700] {dagbag.py:588} INFO - Filling up the DagBag from /Users/saiprasadreddykolan/Documents/E-commerce_project/venv/lib/python3.10/site-packages/airflow/example_dags/example_inlet_event_extra.py
[2024-10-30T21:32:45.517-0700] {processor.py:925} INFO - DAG(s) 'read_dataset_event_from_classic', 'read_dataset_event' retrieved from /Users/saiprasadreddykolan/Documents/E-commerce_project/venv/lib/python3.10/site-packages/airflow/example_dags/example_inlet_event_extra.py
[2024-10-30T21:32:45.553-0700] {logging_mixin.py:190} INFO - [2024-10-30T21:32:45.553-0700] {dag.py:3239} INFO - Sync 2 DAGs
[2024-10-30T21:32:45.560-0700] {logging_mixin.py:190} INFO - [2024-10-30T21:32:45.560-0700] {dag.py:4180} INFO - Setting next_dagrun for read_dataset_event to 2024-10-30T00:00:00+00:00, run_after=2024-10-31T00:00:00+00:00
[2024-10-30T21:32:45.562-0700] {logging_mixin.py:190} INFO - [2024-10-30T21:32:45.562-0700] {dag.py:4180} INFO - Setting next_dagrun for read_dataset_event_from_classic to 2024-10-30T00:00:00+00:00, run_after=2024-10-31T00:00:00+00:00
[2024-10-30T21:32:45.569-0700] {processor.py:208} INFO - Processing /Users/saiprasadreddykolan/Documents/E-commerce_project/venv/lib/python3.10/site-packages/airflow/example_dags/example_inlet_event_extra.py took 0.091 seconds
[2024-10-30T21:35:02.002-0700] {processor.py:186} INFO - Started process (PID=36936) to work on /Users/saiprasadreddykolan/Documents/E-commerce_project/venv/lib/python3.10/site-packages/airflow/example_dags/example_inlet_event_extra.py
[2024-10-30T21:35:02.004-0700] {processor.py:914} INFO - Processing file /Users/saiprasadreddykolan/Documents/E-commerce_project/venv/lib/python3.10/site-packages/airflow/example_dags/example_inlet_event_extra.py for tasks to queue
[2024-10-30T21:35:02.004-0700] {logging_mixin.py:190} INFO - [2024-10-30T21:35:02.004-0700] {dagbag.py:588} INFO - Filling up the DagBag from /Users/saiprasadreddykolan/Documents/E-commerce_project/venv/lib/python3.10/site-packages/airflow/example_dags/example_inlet_event_extra.py
[2024-10-30T21:35:02.039-0700] {processor.py:925} INFO - DAG(s) 'read_dataset_event', 'read_dataset_event_from_classic' retrieved from /Users/saiprasadreddykolan/Documents/E-commerce_project/venv/lib/python3.10/site-packages/airflow/example_dags/example_inlet_event_extra.py
[2024-10-30T21:35:02.075-0700] {logging_mixin.py:190} INFO - [2024-10-30T21:35:02.075-0700] {dag.py:3239} INFO - Sync 2 DAGs
[2024-10-30T21:35:02.083-0700] {logging_mixin.py:190} INFO - [2024-10-30T21:35:02.083-0700] {dag.py:4180} INFO - Setting next_dagrun for read_dataset_event to 2024-10-30T00:00:00+00:00, run_after=2024-10-31T00:00:00+00:00
[2024-10-30T21:35:02.084-0700] {logging_mixin.py:190} INFO - [2024-10-30T21:35:02.084-0700] {dag.py:4180} INFO - Setting next_dagrun for read_dataset_event_from_classic to 2024-10-30T00:00:00+00:00, run_after=2024-10-31T00:00:00+00:00
[2024-10-30T21:35:02.090-0700] {processor.py:208} INFO - Processing /Users/saiprasadreddykolan/Documents/E-commerce_project/venv/lib/python3.10/site-packages/airflow/example_dags/example_inlet_event_extra.py took 0.090 seconds
[2024-10-30T21:37:15.960-0700] {processor.py:186} INFO - Started process (PID=37101) to work on /Users/saiprasadreddykolan/Documents/E-commerce_project/venv/lib/python3.10/site-packages/airflow/example_dags/example_inlet_event_extra.py
[2024-10-30T21:37:15.962-0700] {processor.py:914} INFO - Processing file /Users/saiprasadreddykolan/Documents/E-commerce_project/venv/lib/python3.10/site-packages/airflow/example_dags/example_inlet_event_extra.py for tasks to queue
[2024-10-30T21:37:15.963-0700] {logging_mixin.py:190} INFO - [2024-10-30T21:37:15.963-0700] {dagbag.py:588} INFO - Filling up the DagBag from /Users/saiprasadreddykolan/Documents/E-commerce_project/venv/lib/python3.10/site-packages/airflow/example_dags/example_inlet_event_extra.py
[2024-10-30T21:37:15.996-0700] {processor.py:925} INFO - DAG(s) 'read_dataset_event', 'read_dataset_event_from_classic' retrieved from /Users/saiprasadreddykolan/Documents/E-commerce_project/venv/lib/python3.10/site-packages/airflow/example_dags/example_inlet_event_extra.py
[2024-10-30T21:37:16.032-0700] {logging_mixin.py:190} INFO - [2024-10-30T21:37:16.031-0700] {dag.py:3239} INFO - Sync 2 DAGs
[2024-10-30T21:37:16.039-0700] {logging_mixin.py:190} INFO - [2024-10-30T21:37:16.039-0700] {dag.py:4180} INFO - Setting next_dagrun for read_dataset_event to 2024-10-30T00:00:00+00:00, run_after=2024-10-31T00:00:00+00:00
[2024-10-30T21:37:16.040-0700] {logging_mixin.py:190} INFO - [2024-10-30T21:37:16.040-0700] {dag.py:4180} INFO - Setting next_dagrun for read_dataset_event_from_classic to 2024-10-30T00:00:00+00:00, run_after=2024-10-31T00:00:00+00:00
[2024-10-30T21:37:16.045-0700] {processor.py:208} INFO - Processing /Users/saiprasadreddykolan/Documents/E-commerce_project/venv/lib/python3.10/site-packages/airflow/example_dags/example_inlet_event_extra.py took 0.086 seconds
[2024-10-30T21:39:26.688-0700] {processor.py:186} INFO - Started process (PID=37289) to work on /Users/saiprasadreddykolan/Documents/E-commerce_project/venv/lib/python3.10/site-packages/airflow/example_dags/example_inlet_event_extra.py
[2024-10-30T21:39:26.690-0700] {processor.py:914} INFO - Processing file /Users/saiprasadreddykolan/Documents/E-commerce_project/venv/lib/python3.10/site-packages/airflow/example_dags/example_inlet_event_extra.py for tasks to queue
[2024-10-30T21:39:26.690-0700] {logging_mixin.py:190} INFO - [2024-10-30T21:39:26.690-0700] {dagbag.py:588} INFO - Filling up the DagBag from /Users/saiprasadreddykolan/Documents/E-commerce_project/venv/lib/python3.10/site-packages/airflow/example_dags/example_inlet_event_extra.py
[2024-10-30T21:39:26.722-0700] {processor.py:925} INFO - DAG(s) 'read_dataset_event_from_classic', 'read_dataset_event' retrieved from /Users/saiprasadreddykolan/Documents/E-commerce_project/venv/lib/python3.10/site-packages/airflow/example_dags/example_inlet_event_extra.py
[2024-10-30T21:39:26.757-0700] {logging_mixin.py:190} INFO - [2024-10-30T21:39:26.757-0700] {dag.py:3239} INFO - Sync 2 DAGs
[2024-10-30T21:39:26.764-0700] {logging_mixin.py:190} INFO - [2024-10-30T21:39:26.764-0700] {dag.py:4180} INFO - Setting next_dagrun for read_dataset_event to 2024-10-30T00:00:00+00:00, run_after=2024-10-31T00:00:00+00:00
[2024-10-30T21:39:26.766-0700] {logging_mixin.py:190} INFO - [2024-10-30T21:39:26.766-0700] {dag.py:4180} INFO - Setting next_dagrun for read_dataset_event_from_classic to 2024-10-30T00:00:00+00:00, run_after=2024-10-31T00:00:00+00:00
[2024-10-30T21:39:26.771-0700] {processor.py:208} INFO - Processing /Users/saiprasadreddykolan/Documents/E-commerce_project/venv/lib/python3.10/site-packages/airflow/example_dags/example_inlet_event_extra.py took 0.084 seconds
[2024-10-30T21:41:39.260-0700] {processor.py:186} INFO - Started process (PID=37449) to work on /Users/saiprasadreddykolan/Documents/E-commerce_project/venv/lib/python3.10/site-packages/airflow/example_dags/example_inlet_event_extra.py
[2024-10-30T21:41:39.262-0700] {processor.py:914} INFO - Processing file /Users/saiprasadreddykolan/Documents/E-commerce_project/venv/lib/python3.10/site-packages/airflow/example_dags/example_inlet_event_extra.py for tasks to queue
[2024-10-30T21:41:39.263-0700] {logging_mixin.py:190} INFO - [2024-10-30T21:41:39.263-0700] {dagbag.py:588} INFO - Filling up the DagBag from /Users/saiprasadreddykolan/Documents/E-commerce_project/venv/lib/python3.10/site-packages/airflow/example_dags/example_inlet_event_extra.py
[2024-10-30T21:41:39.286-0700] {processor.py:925} INFO - DAG(s) 'read_dataset_event_from_classic', 'read_dataset_event' retrieved from /Users/saiprasadreddykolan/Documents/E-commerce_project/venv/lib/python3.10/site-packages/airflow/example_dags/example_inlet_event_extra.py
[2024-10-30T21:41:39.321-0700] {logging_mixin.py:190} INFO - [2024-10-30T21:41:39.321-0700] {dag.py:3239} INFO - Sync 2 DAGs
[2024-10-30T21:41:39.327-0700] {logging_mixin.py:190} INFO - [2024-10-30T21:41:39.327-0700] {dag.py:4180} INFO - Setting next_dagrun for read_dataset_event to 2024-10-30T00:00:00+00:00, run_after=2024-10-31T00:00:00+00:00
[2024-10-30T21:41:39.329-0700] {logging_mixin.py:190} INFO - [2024-10-30T21:41:39.329-0700] {dag.py:4180} INFO - Setting next_dagrun for read_dataset_event_from_classic to 2024-10-30T00:00:00+00:00, run_after=2024-10-31T00:00:00+00:00
[2024-10-30T21:41:39.334-0700] {processor.py:208} INFO - Processing /Users/saiprasadreddykolan/Documents/E-commerce_project/venv/lib/python3.10/site-packages/airflow/example_dags/example_inlet_event_extra.py took 0.075 seconds
[2024-10-30T23:05:28.682-0700] {processor.py:186} INFO - Started process (PID=37766) to work on /Users/saiprasadreddykolan/Documents/E-commerce_project/venv/lib/python3.10/site-packages/airflow/example_dags/example_inlet_event_extra.py
[2024-10-30T23:05:28.684-0700] {processor.py:914} INFO - Processing file /Users/saiprasadreddykolan/Documents/E-commerce_project/venv/lib/python3.10/site-packages/airflow/example_dags/example_inlet_event_extra.py for tasks to queue
[2024-10-30T23:05:28.685-0700] {logging_mixin.py:190} INFO - [2024-10-30T23:05:28.684-0700] {dagbag.py:588} INFO - Filling up the DagBag from /Users/saiprasadreddykolan/Documents/E-commerce_project/venv/lib/python3.10/site-packages/airflow/example_dags/example_inlet_event_extra.py
[2024-10-30T23:05:28.713-0700] {processor.py:925} INFO - DAG(s) 'read_dataset_event', 'read_dataset_event_from_classic' retrieved from /Users/saiprasadreddykolan/Documents/E-commerce_project/venv/lib/python3.10/site-packages/airflow/example_dags/example_inlet_event_extra.py
[2024-10-30T23:05:28.746-0700] {logging_mixin.py:190} INFO - [2024-10-30T23:05:28.746-0700] {dag.py:3239} INFO - Sync 2 DAGs
[2024-10-30T23:05:28.753-0700] {logging_mixin.py:190} INFO - [2024-10-30T23:05:28.753-0700] {dag.py:4180} INFO - Setting next_dagrun for read_dataset_event to 2024-10-30T00:00:00+00:00, run_after=2024-10-31T00:00:00+00:00
[2024-10-30T23:05:28.754-0700] {logging_mixin.py:190} INFO - [2024-10-30T23:05:28.754-0700] {dag.py:4180} INFO - Setting next_dagrun for read_dataset_event_from_classic to 2024-10-30T00:00:00+00:00, run_after=2024-10-31T00:00:00+00:00
[2024-10-30T23:05:28.759-0700] {processor.py:208} INFO - Processing /Users/saiprasadreddykolan/Documents/E-commerce_project/venv/lib/python3.10/site-packages/airflow/example_dags/example_inlet_event_extra.py took 0.078 seconds
[2024-10-31T00:36:52.550-0700] {processor.py:186} INFO - Started process (PID=37983) to work on /Users/saiprasadreddykolan/Documents/E-commerce_project/venv/lib/python3.10/site-packages/airflow/example_dags/example_inlet_event_extra.py
[2024-10-31T00:36:52.553-0700] {processor.py:914} INFO - Processing file /Users/saiprasadreddykolan/Documents/E-commerce_project/venv/lib/python3.10/site-packages/airflow/example_dags/example_inlet_event_extra.py for tasks to queue
[2024-10-31T00:36:52.553-0700] {logging_mixin.py:190} INFO - [2024-10-31T00:36:52.553-0700] {dagbag.py:588} INFO - Filling up the DagBag from /Users/saiprasadreddykolan/Documents/E-commerce_project/venv/lib/python3.10/site-packages/airflow/example_dags/example_inlet_event_extra.py
[2024-10-31T00:36:52.591-0700] {processor.py:925} INFO - DAG(s) 'read_dataset_event', 'read_dataset_event_from_classic' retrieved from /Users/saiprasadreddykolan/Documents/E-commerce_project/venv/lib/python3.10/site-packages/airflow/example_dags/example_inlet_event_extra.py
[2024-10-31T00:36:52.626-0700] {logging_mixin.py:190} INFO - [2024-10-31T00:36:52.626-0700] {dag.py:3239} INFO - Sync 2 DAGs
[2024-10-31T00:36:52.633-0700] {logging_mixin.py:190} INFO - [2024-10-31T00:36:52.633-0700] {dag.py:4180} INFO - Setting next_dagrun for read_dataset_event to 2024-10-30T00:00:00+00:00, run_after=2024-10-31T00:00:00+00:00
[2024-10-31T00:36:52.634-0700] {logging_mixin.py:190} INFO - [2024-10-31T00:36:52.634-0700] {dag.py:4180} INFO - Setting next_dagrun for read_dataset_event_from_classic to 2024-10-30T00:00:00+00:00, run_after=2024-10-31T00:00:00+00:00
[2024-10-31T00:36:52.639-0700] {processor.py:208} INFO - Processing /Users/saiprasadreddykolan/Documents/E-commerce_project/venv/lib/python3.10/site-packages/airflow/example_dags/example_inlet_event_extra.py took 0.090 seconds
[2024-10-31T01:51:34.208-0700] {processor.py:186} INFO - Started process (PID=38224) to work on /Users/saiprasadreddykolan/Documents/E-commerce_project/venv/lib/python3.10/site-packages/airflow/example_dags/example_inlet_event_extra.py
[2024-10-31T01:51:34.210-0700] {processor.py:914} INFO - Processing file /Users/saiprasadreddykolan/Documents/E-commerce_project/venv/lib/python3.10/site-packages/airflow/example_dags/example_inlet_event_extra.py for tasks to queue
[2024-10-31T01:51:34.211-0700] {logging_mixin.py:190} INFO - [2024-10-31T01:51:34.211-0700] {dagbag.py:588} INFO - Filling up the DagBag from /Users/saiprasadreddykolan/Documents/E-commerce_project/venv/lib/python3.10/site-packages/airflow/example_dags/example_inlet_event_extra.py
[2024-10-31T01:51:34.247-0700] {processor.py:925} INFO - DAG(s) 'read_dataset_event_from_classic', 'read_dataset_event' retrieved from /Users/saiprasadreddykolan/Documents/E-commerce_project/venv/lib/python3.10/site-packages/airflow/example_dags/example_inlet_event_extra.py
[2024-10-31T01:51:34.280-0700] {logging_mixin.py:190} INFO - [2024-10-31T01:51:34.280-0700] {dag.py:3239} INFO - Sync 2 DAGs
[2024-10-31T01:51:34.286-0700] {logging_mixin.py:190} INFO - [2024-10-31T01:51:34.286-0700] {dag.py:4180} INFO - Setting next_dagrun for read_dataset_event to 2024-10-30T00:00:00+00:00, run_after=2024-10-31T00:00:00+00:00
[2024-10-31T01:51:34.288-0700] {logging_mixin.py:190} INFO - [2024-10-31T01:51:34.288-0700] {dag.py:4180} INFO - Setting next_dagrun for read_dataset_event_from_classic to 2024-10-30T00:00:00+00:00, run_after=2024-10-31T00:00:00+00:00
[2024-10-31T01:51:34.293-0700] {processor.py:208} INFO - Processing /Users/saiprasadreddykolan/Documents/E-commerce_project/venv/lib/python3.10/site-packages/airflow/example_dags/example_inlet_event_extra.py took 0.086 seconds
[2024-10-31T04:42:10.298-0700] {processor.py:186} INFO - Started process (PID=38575) to work on /Users/saiprasadreddykolan/Documents/E-commerce_project/venv/lib/python3.10/site-packages/airflow/example_dags/example_inlet_event_extra.py
[2024-10-31T04:42:10.301-0700] {processor.py:914} INFO - Processing file /Users/saiprasadreddykolan/Documents/E-commerce_project/venv/lib/python3.10/site-packages/airflow/example_dags/example_inlet_event_extra.py for tasks to queue
[2024-10-31T04:42:10.301-0700] {logging_mixin.py:190} INFO - [2024-10-31T04:42:10.301-0700] {dagbag.py:588} INFO - Filling up the DagBag from /Users/saiprasadreddykolan/Documents/E-commerce_project/venv/lib/python3.10/site-packages/airflow/example_dags/example_inlet_event_extra.py
[2024-10-31T04:42:10.330-0700] {processor.py:925} INFO - DAG(s) 'read_dataset_event_from_classic', 'read_dataset_event' retrieved from /Users/saiprasadreddykolan/Documents/E-commerce_project/venv/lib/python3.10/site-packages/airflow/example_dags/example_inlet_event_extra.py
[2024-10-31T04:42:10.363-0700] {logging_mixin.py:190} INFO - [2024-10-31T04:42:10.363-0700] {dag.py:3239} INFO - Sync 2 DAGs
[2024-10-31T04:42:10.370-0700] {logging_mixin.py:190} INFO - [2024-10-31T04:42:10.370-0700] {dag.py:4180} INFO - Setting next_dagrun for read_dataset_event to 2024-10-30T00:00:00+00:00, run_after=2024-10-31T00:00:00+00:00
[2024-10-31T04:42:10.371-0700] {logging_mixin.py:190} INFO - [2024-10-31T04:42:10.371-0700] {dag.py:4180} INFO - Setting next_dagrun for read_dataset_event_from_classic to 2024-10-30T00:00:00+00:00, run_after=2024-10-31T00:00:00+00:00
[2024-10-31T04:42:10.376-0700] {processor.py:208} INFO - Processing /Users/saiprasadreddykolan/Documents/E-commerce_project/venv/lib/python3.10/site-packages/airflow/example_dags/example_inlet_event_extra.py took 0.079 seconds
[2024-10-31T05:52:22.430-0700] {processor.py:186} INFO - Started process (PID=38812) to work on /Users/saiprasadreddykolan/Documents/E-commerce_project/venv/lib/python3.10/site-packages/airflow/example_dags/example_inlet_event_extra.py
[2024-10-31T05:52:22.433-0700] {processor.py:914} INFO - Processing file /Users/saiprasadreddykolan/Documents/E-commerce_project/venv/lib/python3.10/site-packages/airflow/example_dags/example_inlet_event_extra.py for tasks to queue
[2024-10-31T05:52:22.433-0700] {logging_mixin.py:190} INFO - [2024-10-31T05:52:22.433-0700] {dagbag.py:588} INFO - Filling up the DagBag from /Users/saiprasadreddykolan/Documents/E-commerce_project/venv/lib/python3.10/site-packages/airflow/example_dags/example_inlet_event_extra.py
[2024-10-31T05:52:22.480-0700] {processor.py:925} INFO - DAG(s) 'read_dataset_event', 'read_dataset_event_from_classic' retrieved from /Users/saiprasadreddykolan/Documents/E-commerce_project/venv/lib/python3.10/site-packages/airflow/example_dags/example_inlet_event_extra.py
[2024-10-31T05:52:22.515-0700] {logging_mixin.py:190} INFO - [2024-10-31T05:52:22.515-0700] {dag.py:3239} INFO - Sync 2 DAGs
[2024-10-31T05:52:22.522-0700] {logging_mixin.py:190} INFO - [2024-10-31T05:52:22.522-0700] {dag.py:4180} INFO - Setting next_dagrun for read_dataset_event to 2024-10-30T00:00:00+00:00, run_after=2024-10-31T00:00:00+00:00
[2024-10-31T05:52:22.524-0700] {logging_mixin.py:190} INFO - [2024-10-31T05:52:22.524-0700] {dag.py:4180} INFO - Setting next_dagrun for read_dataset_event_from_classic to 2024-10-30T00:00:00+00:00, run_after=2024-10-31T00:00:00+00:00
[2024-10-31T05:52:22.529-0700] {processor.py:208} INFO - Processing /Users/saiprasadreddykolan/Documents/E-commerce_project/venv/lib/python3.10/site-packages/airflow/example_dags/example_inlet_event_extra.py took 0.100 seconds
[2024-10-31T07:16:06.168-0700] {processor.py:186} INFO - Started process (PID=39061) to work on /Users/saiprasadreddykolan/Documents/E-commerce_project/venv/lib/python3.10/site-packages/airflow/example_dags/example_inlet_event_extra.py
[2024-10-31T07:16:06.169-0700] {processor.py:914} INFO - Processing file /Users/saiprasadreddykolan/Documents/E-commerce_project/venv/lib/python3.10/site-packages/airflow/example_dags/example_inlet_event_extra.py for tasks to queue
[2024-10-31T07:16:06.170-0700] {logging_mixin.py:190} INFO - [2024-10-31T07:16:06.170-0700] {dagbag.py:588} INFO - Filling up the DagBag from /Users/saiprasadreddykolan/Documents/E-commerce_project/venv/lib/python3.10/site-packages/airflow/example_dags/example_inlet_event_extra.py
[2024-10-31T07:16:06.205-0700] {processor.py:925} INFO - DAG(s) 'read_dataset_event_from_classic', 'read_dataset_event' retrieved from /Users/saiprasadreddykolan/Documents/E-commerce_project/venv/lib/python3.10/site-packages/airflow/example_dags/example_inlet_event_extra.py
[2024-10-31T07:16:06.240-0700] {logging_mixin.py:190} INFO - [2024-10-31T07:16:06.240-0700] {dag.py:3239} INFO - Sync 2 DAGs
[2024-10-31T07:16:06.247-0700] {logging_mixin.py:190} INFO - [2024-10-31T07:16:06.247-0700] {dag.py:4180} INFO - Setting next_dagrun for read_dataset_event to 2024-10-30T00:00:00+00:00, run_after=2024-10-31T00:00:00+00:00
[2024-10-31T07:16:06.249-0700] {logging_mixin.py:190} INFO - [2024-10-31T07:16:06.248-0700] {dag.py:4180} INFO - Setting next_dagrun for read_dataset_event_from_classic to 2024-10-30T00:00:00+00:00, run_after=2024-10-31T00:00:00+00:00
[2024-10-31T07:16:06.254-0700] {processor.py:208} INFO - Processing /Users/saiprasadreddykolan/Documents/E-commerce_project/venv/lib/python3.10/site-packages/airflow/example_dags/example_inlet_event_extra.py took 0.087 seconds
[2024-10-31T08:43:55.575-0700] {processor.py:186} INFO - Started process (PID=39327) to work on /Users/saiprasadreddykolan/Documents/E-commerce_project/venv/lib/python3.10/site-packages/airflow/example_dags/example_inlet_event_extra.py
[2024-10-31T08:43:55.577-0700] {processor.py:914} INFO - Processing file /Users/saiprasadreddykolan/Documents/E-commerce_project/venv/lib/python3.10/site-packages/airflow/example_dags/example_inlet_event_extra.py for tasks to queue
[2024-10-31T08:43:55.577-0700] {logging_mixin.py:190} INFO - [2024-10-31T08:43:55.577-0700] {dagbag.py:588} INFO - Filling up the DagBag from /Users/saiprasadreddykolan/Documents/E-commerce_project/venv/lib/python3.10/site-packages/airflow/example_dags/example_inlet_event_extra.py
[2024-10-31T08:43:55.603-0700] {processor.py:925} INFO - DAG(s) 'read_dataset_event', 'read_dataset_event_from_classic' retrieved from /Users/saiprasadreddykolan/Documents/E-commerce_project/venv/lib/python3.10/site-packages/airflow/example_dags/example_inlet_event_extra.py
[2024-10-31T08:43:55.636-0700] {logging_mixin.py:190} INFO - [2024-10-31T08:43:55.636-0700] {dag.py:3239} INFO - Sync 2 DAGs
[2024-10-31T08:43:55.644-0700] {logging_mixin.py:190} INFO - [2024-10-31T08:43:55.644-0700] {dag.py:4180} INFO - Setting next_dagrun for read_dataset_event to 2024-10-30T00:00:00+00:00, run_after=2024-10-31T00:00:00+00:00
[2024-10-31T08:43:55.645-0700] {logging_mixin.py:190} INFO - [2024-10-31T08:43:55.645-0700] {dag.py:4180} INFO - Setting next_dagrun for read_dataset_event_from_classic to 2024-10-30T00:00:00+00:00, run_after=2024-10-31T00:00:00+00:00
[2024-10-31T08:43:55.651-0700] {processor.py:208} INFO - Processing /Users/saiprasadreddykolan/Documents/E-commerce_project/venv/lib/python3.10/site-packages/airflow/example_dags/example_inlet_event_extra.py took 0.077 seconds
[2024-10-31T09:22:04.002-0700] {processor.py:186} INFO - Started process (PID=39536) to work on /Users/saiprasadreddykolan/Documents/E-commerce_project/venv/lib/python3.10/site-packages/airflow/example_dags/example_inlet_event_extra.py
[2024-10-31T09:22:04.004-0700] {processor.py:914} INFO - Processing file /Users/saiprasadreddykolan/Documents/E-commerce_project/venv/lib/python3.10/site-packages/airflow/example_dags/example_inlet_event_extra.py for tasks to queue
[2024-10-31T09:22:04.004-0700] {logging_mixin.py:190} INFO - [2024-10-31T09:22:04.004-0700] {dagbag.py:588} INFO - Filling up the DagBag from /Users/saiprasadreddykolan/Documents/E-commerce_project/venv/lib/python3.10/site-packages/airflow/example_dags/example_inlet_event_extra.py
[2024-10-31T09:22:04.043-0700] {processor.py:925} INFO - DAG(s) 'read_dataset_event_from_classic', 'read_dataset_event' retrieved from /Users/saiprasadreddykolan/Documents/E-commerce_project/venv/lib/python3.10/site-packages/airflow/example_dags/example_inlet_event_extra.py
[2024-10-31T09:22:04.077-0700] {logging_mixin.py:190} INFO - [2024-10-31T09:22:04.077-0700] {dag.py:3239} INFO - Sync 2 DAGs
[2024-10-31T09:22:04.084-0700] {logging_mixin.py:190} INFO - [2024-10-31T09:22:04.084-0700] {dag.py:4180} INFO - Setting next_dagrun for read_dataset_event to 2024-10-30T00:00:00+00:00, run_after=2024-10-31T00:00:00+00:00
[2024-10-31T09:22:04.085-0700] {logging_mixin.py:190} INFO - [2024-10-31T09:22:04.085-0700] {dag.py:4180} INFO - Setting next_dagrun for read_dataset_event_from_classic to 2024-10-30T00:00:00+00:00, run_after=2024-10-31T00:00:00+00:00
[2024-10-31T09:22:04.090-0700] {processor.py:208} INFO - Processing /Users/saiprasadreddykolan/Documents/E-commerce_project/venv/lib/python3.10/site-packages/airflow/example_dags/example_inlet_event_extra.py took 0.090 seconds
[2024-10-31T09:30:35.467-0700] {processor.py:186} INFO - Started process (PID=39704) to work on /Users/saiprasadreddykolan/Documents/E-commerce_project/venv/lib/python3.10/site-packages/airflow/example_dags/example_inlet_event_extra.py
[2024-10-31T09:30:35.470-0700] {processor.py:914} INFO - Processing file /Users/saiprasadreddykolan/Documents/E-commerce_project/venv/lib/python3.10/site-packages/airflow/example_dags/example_inlet_event_extra.py for tasks to queue
[2024-10-31T09:30:35.470-0700] {logging_mixin.py:190} INFO - [2024-10-31T09:30:35.470-0700] {dagbag.py:588} INFO - Filling up the DagBag from /Users/saiprasadreddykolan/Documents/E-commerce_project/venv/lib/python3.10/site-packages/airflow/example_dags/example_inlet_event_extra.py
[2024-10-31T09:30:35.500-0700] {processor.py:925} INFO - DAG(s) 'read_dataset_event_from_classic', 'read_dataset_event' retrieved from /Users/saiprasadreddykolan/Documents/E-commerce_project/venv/lib/python3.10/site-packages/airflow/example_dags/example_inlet_event_extra.py
[2024-10-31T09:30:35.534-0700] {logging_mixin.py:190} INFO - [2024-10-31T09:30:35.534-0700] {dag.py:3239} INFO - Sync 2 DAGs
[2024-10-31T09:30:35.540-0700] {logging_mixin.py:190} INFO - [2024-10-31T09:30:35.540-0700] {dag.py:4180} INFO - Setting next_dagrun for read_dataset_event to 2024-10-30T00:00:00+00:00, run_after=2024-10-31T00:00:00+00:00
[2024-10-31T09:30:35.542-0700] {logging_mixin.py:190} INFO - [2024-10-31T09:30:35.542-0700] {dag.py:4180} INFO - Setting next_dagrun for read_dataset_event_from_classic to 2024-10-30T00:00:00+00:00, run_after=2024-10-31T00:00:00+00:00
[2024-10-31T09:30:35.547-0700] {processor.py:208} INFO - Processing /Users/saiprasadreddykolan/Documents/E-commerce_project/venv/lib/python3.10/site-packages/airflow/example_dags/example_inlet_event_extra.py took 0.081 seconds
