[2024-10-30T18:22:13.875-0700] {processor.py:186} INFO - Started process (PID=7078) to work on /opt/anaconda3/lib/python3.12/site-packages/airflow/example_dags/example_xcomargs.py
[2024-10-30T18:22:13.875-0700] {processor.py:914} INFO - Processing file /opt/anaconda3/lib/python3.12/site-packages/airflow/example_dags/example_xcomargs.py for tasks to queue
[2024-10-30T18:22:13.876-0700] {logging_mixin.py:190} INFO - [2024-10-30T18:22:13.876-0700] {dagbag.py:588} INFO - Filling up the DagBag from /opt/anaconda3/lib/python3.12/site-packages/airflow/example_dags/example_xcomargs.py
[2024-10-30T18:22:13.893-0700] {processor.py:925} INFO - DAG(s) 'example_xcom_args', 'example_xcom_args_with_operators' retrieved from /opt/anaconda3/lib/python3.12/site-packages/airflow/example_dags/example_xcomargs.py
[2024-10-30T18:22:13.923-0700] {logging_mixin.py:190} INFO - [2024-10-30T18:22:13.923-0700] {dag.py:3239} INFO - Sync 2 DAGs
[2024-10-30T18:22:13.926-0700] {logging_mixin.py:190} INFO - [2024-10-30T18:22:13.926-0700] {dag.py:4180} INFO - Setting next_dagrun for example_xcom_args to None, run_after=None
[2024-10-30T18:22:13.927-0700] {logging_mixin.py:190} INFO - [2024-10-30T18:22:13.927-0700] {dag.py:4180} INFO - Setting next_dagrun for example_xcom_args_with_operators to None, run_after=None
[2024-10-30T18:22:13.933-0700] {processor.py:208} INFO - Processing /opt/anaconda3/lib/python3.12/site-packages/airflow/example_dags/example_xcomargs.py took 0.059 seconds
[2024-10-30T19:25:28.621-0700] {processor.py:186} INFO - Started process (PID=7224) to work on /opt/anaconda3/lib/python3.12/site-packages/airflow/example_dags/example_xcomargs.py
[2024-10-30T19:25:28.622-0700] {processor.py:914} INFO - Processing file /opt/anaconda3/lib/python3.12/site-packages/airflow/example_dags/example_xcomargs.py for tasks to queue
[2024-10-30T19:25:28.622-0700] {logging_mixin.py:190} INFO - [2024-10-30T19:25:28.622-0700] {dagbag.py:588} INFO - Filling up the DagBag from /opt/anaconda3/lib/python3.12/site-packages/airflow/example_dags/example_xcomargs.py
[2024-10-30T19:25:28.635-0700] {processor.py:925} INFO - DAG(s) 'example_xcom_args', 'example_xcom_args_with_operators' retrieved from /opt/anaconda3/lib/python3.12/site-packages/airflow/example_dags/example_xcomargs.py
[2024-10-30T19:25:28.665-0700] {logging_mixin.py:190} INFO - [2024-10-30T19:25:28.665-0700] {dag.py:3239} INFO - Sync 2 DAGs
[2024-10-30T19:25:28.668-0700] {logging_mixin.py:190} INFO - [2024-10-30T19:25:28.668-0700] {dag.py:4180} INFO - Setting next_dagrun for example_xcom_args to None, run_after=None
[2024-10-30T19:25:28.669-0700] {logging_mixin.py:190} INFO - [2024-10-30T19:25:28.669-0700] {dag.py:4180} INFO - Setting next_dagrun for example_xcom_args_with_operators to None, run_after=None
[2024-10-30T19:25:28.674-0700] {processor.py:208} INFO - Processing /opt/anaconda3/lib/python3.12/site-packages/airflow/example_dags/example_xcomargs.py took 0.054 seconds
[2024-10-30T20:59:12.772-0700] {processor.py:186} INFO - Started process (PID=9474) to work on /Users/saiprasadreddykolan/Documents/E-commerce_project/venv/lib/python3.10/site-packages/airflow/example_dags/example_xcomargs.py
[2024-10-30T20:59:12.774-0700] {processor.py:914} INFO - Processing file /Users/saiprasadreddykolan/Documents/E-commerce_project/venv/lib/python3.10/site-packages/airflow/example_dags/example_xcomargs.py for tasks to queue
[2024-10-30T20:59:12.774-0700] {logging_mixin.py:190} INFO - [2024-10-30T20:59:12.774-0700] {dagbag.py:588} INFO - Filling up the DagBag from /Users/saiprasadreddykolan/Documents/E-commerce_project/venv/lib/python3.10/site-packages/airflow/example_dags/example_xcomargs.py
[2024-10-30T20:59:12.787-0700] {processor.py:925} INFO - DAG(s) 'example_xcom_args_with_operators', 'example_xcom_args' retrieved from /Users/saiprasadreddykolan/Documents/E-commerce_project/venv/lib/python3.10/site-packages/airflow/example_dags/example_xcomargs.py
[2024-10-30T20:59:12.852-0700] {logging_mixin.py:190} INFO - [2024-10-30T20:59:12.852-0700] {dag.py:3239} INFO - Sync 2 DAGs
[2024-10-30T20:59:12.855-0700] {logging_mixin.py:190} INFO - [2024-10-30T20:59:12.855-0700] {dag.py:4180} INFO - Setting next_dagrun for example_xcom_args to None, run_after=None
[2024-10-30T20:59:12.856-0700] {logging_mixin.py:190} INFO - [2024-10-30T20:59:12.856-0700] {dag.py:4180} INFO - Setting next_dagrun for example_xcom_args_with_operators to None, run_after=None
[2024-10-30T20:59:12.863-0700] {processor.py:208} INFO - Processing /Users/saiprasadreddykolan/Documents/E-commerce_project/venv/lib/python3.10/site-packages/airflow/example_dags/example_xcomargs.py took 0.092 seconds
[2024-10-30T21:00:52.712-0700] {processor.py:186} INFO - Started process (PID=9595) to work on /Users/saiprasadreddykolan/Documents/E-commerce_project/venv/lib/python3.10/site-packages/airflow/example_dags/example_xcomargs.py
[2024-10-30T21:00:52.714-0700] {processor.py:914} INFO - Processing file /Users/saiprasadreddykolan/Documents/E-commerce_project/venv/lib/python3.10/site-packages/airflow/example_dags/example_xcomargs.py for tasks to queue
[2024-10-30T21:00:52.714-0700] {logging_mixin.py:190} INFO - [2024-10-30T21:00:52.714-0700] {dagbag.py:588} INFO - Filling up the DagBag from /Users/saiprasadreddykolan/Documents/E-commerce_project/venv/lib/python3.10/site-packages/airflow/example_dags/example_xcomargs.py
[2024-10-30T21:00:52.727-0700] {processor.py:925} INFO - DAG(s) 'example_xcom_args', 'example_xcom_args_with_operators' retrieved from /Users/saiprasadreddykolan/Documents/E-commerce_project/venv/lib/python3.10/site-packages/airflow/example_dags/example_xcomargs.py
[2024-10-30T21:00:52.761-0700] {logging_mixin.py:190} INFO - [2024-10-30T21:00:52.761-0700] {dag.py:3239} INFO - Sync 2 DAGs
[2024-10-30T21:00:52.765-0700] {logging_mixin.py:190} INFO - [2024-10-30T21:00:52.765-0700] {dag.py:4180} INFO - Setting next_dagrun for example_xcom_args to None, run_after=None
[2024-10-30T21:00:52.766-0700] {logging_mixin.py:190} INFO - [2024-10-30T21:00:52.766-0700] {dag.py:4180} INFO - Setting next_dagrun for example_xcom_args_with_operators to None, run_after=None
[2024-10-30T21:00:52.771-0700] {processor.py:208} INFO - Processing /Users/saiprasadreddykolan/Documents/E-commerce_project/venv/lib/python3.10/site-packages/airflow/example_dags/example_xcomargs.py took 0.061 seconds
[2024-10-30T21:01:57.251-0700] {processor.py:186} INFO - Started process (PID=9678) to work on /Users/saiprasadreddykolan/Documents/E-commerce_project/venv/lib/python3.10/site-packages/airflow/example_dags/example_xcomargs.py
[2024-10-30T21:01:57.253-0700] {processor.py:914} INFO - Processing file /Users/saiprasadreddykolan/Documents/E-commerce_project/venv/lib/python3.10/site-packages/airflow/example_dags/example_xcomargs.py for tasks to queue
[2024-10-30T21:01:57.253-0700] {logging_mixin.py:190} INFO - [2024-10-30T21:01:57.253-0700] {dagbag.py:588} INFO - Filling up the DagBag from /Users/saiprasadreddykolan/Documents/E-commerce_project/venv/lib/python3.10/site-packages/airflow/example_dags/example_xcomargs.py
[2024-10-30T21:01:57.267-0700] {processor.py:925} INFO - DAG(s) 'example_xcom_args', 'example_xcom_args_with_operators' retrieved from /Users/saiprasadreddykolan/Documents/E-commerce_project/venv/lib/python3.10/site-packages/airflow/example_dags/example_xcomargs.py
[2024-10-30T21:01:57.302-0700] {logging_mixin.py:190} INFO - [2024-10-30T21:01:57.302-0700] {dag.py:3239} INFO - Sync 2 DAGs
[2024-10-30T21:01:57.306-0700] {logging_mixin.py:190} INFO - [2024-10-30T21:01:57.306-0700] {dag.py:4180} INFO - Setting next_dagrun for example_xcom_args to None, run_after=None
[2024-10-30T21:01:57.307-0700] {logging_mixin.py:190} INFO - [2024-10-30T21:01:57.307-0700] {dag.py:4180} INFO - Setting next_dagrun for example_xcom_args_with_operators to None, run_after=None
[2024-10-30T21:01:57.312-0700] {processor.py:208} INFO - Processing /Users/saiprasadreddykolan/Documents/E-commerce_project/venv/lib/python3.10/site-packages/airflow/example_dags/example_xcomargs.py took 0.062 seconds
[2024-10-30T21:02:59.684-0700] {processor.py:186} INFO - Started process (PID=9804) to work on /Users/saiprasadreddykolan/Documents/E-commerce_project/venv/lib/python3.10/site-packages/airflow/example_dags/example_xcomargs.py
[2024-10-30T21:02:59.686-0700] {processor.py:914} INFO - Processing file /Users/saiprasadreddykolan/Documents/E-commerce_project/venv/lib/python3.10/site-packages/airflow/example_dags/example_xcomargs.py for tasks to queue
[2024-10-30T21:02:59.686-0700] {logging_mixin.py:190} INFO - [2024-10-30T21:02:59.686-0700] {dagbag.py:588} INFO - Filling up the DagBag from /Users/saiprasadreddykolan/Documents/E-commerce_project/venv/lib/python3.10/site-packages/airflow/example_dags/example_xcomargs.py
[2024-10-30T21:02:59.701-0700] {processor.py:925} INFO - DAG(s) 'example_xcom_args', 'example_xcom_args_with_operators' retrieved from /Users/saiprasadreddykolan/Documents/E-commerce_project/venv/lib/python3.10/site-packages/airflow/example_dags/example_xcomargs.py
[2024-10-30T21:02:59.737-0700] {logging_mixin.py:190} INFO - [2024-10-30T21:02:59.737-0700] {dag.py:3239} INFO - Sync 2 DAGs
[2024-10-30T21:02:59.741-0700] {logging_mixin.py:190} INFO - [2024-10-30T21:02:59.741-0700] {dag.py:4180} INFO - Setting next_dagrun for example_xcom_args to None, run_after=None
[2024-10-30T21:02:59.743-0700] {logging_mixin.py:190} INFO - [2024-10-30T21:02:59.743-0700] {dag.py:4180} INFO - Setting next_dagrun for example_xcom_args_with_operators to None, run_after=None
[2024-10-30T21:02:59.749-0700] {processor.py:208} INFO - Processing /Users/saiprasadreddykolan/Documents/E-commerce_project/venv/lib/python3.10/site-packages/airflow/example_dags/example_xcomargs.py took 0.066 seconds
[2024-10-30T21:04:04.205-0700] {processor.py:186} INFO - Started process (PID=9914) to work on /Users/saiprasadreddykolan/Documents/E-commerce_project/venv/lib/python3.10/site-packages/airflow/example_dags/example_xcomargs.py
[2024-10-30T21:04:04.207-0700] {processor.py:914} INFO - Processing file /Users/saiprasadreddykolan/Documents/E-commerce_project/venv/lib/python3.10/site-packages/airflow/example_dags/example_xcomargs.py for tasks to queue
[2024-10-30T21:04:04.208-0700] {logging_mixin.py:190} INFO - [2024-10-30T21:04:04.208-0700] {dagbag.py:588} INFO - Filling up the DagBag from /Users/saiprasadreddykolan/Documents/E-commerce_project/venv/lib/python3.10/site-packages/airflow/example_dags/example_xcomargs.py
[2024-10-30T21:04:04.220-0700] {processor.py:925} INFO - DAG(s) 'example_xcom_args', 'example_xcom_args_with_operators' retrieved from /Users/saiprasadreddykolan/Documents/E-commerce_project/venv/lib/python3.10/site-packages/airflow/example_dags/example_xcomargs.py
[2024-10-30T21:04:04.254-0700] {logging_mixin.py:190} INFO - [2024-10-30T21:04:04.254-0700] {dag.py:3239} INFO - Sync 2 DAGs
[2024-10-30T21:04:04.258-0700] {logging_mixin.py:190} INFO - [2024-10-30T21:04:04.258-0700] {dag.py:4180} INFO - Setting next_dagrun for example_xcom_args to None, run_after=None
[2024-10-30T21:04:04.259-0700] {logging_mixin.py:190} INFO - [2024-10-30T21:04:04.259-0700] {dag.py:4180} INFO - Setting next_dagrun for example_xcom_args_with_operators to None, run_after=None
[2024-10-30T21:04:04.264-0700] {processor.py:208} INFO - Processing /Users/saiprasadreddykolan/Documents/E-commerce_project/venv/lib/python3.10/site-packages/airflow/example_dags/example_xcomargs.py took 0.061 seconds
[2024-10-30T21:05:11.471-0700] {processor.py:186} INFO - Started process (PID=9998) to work on /Users/saiprasadreddykolan/Documents/E-commerce_project/venv/lib/python3.10/site-packages/airflow/example_dags/example_xcomargs.py
[2024-10-30T21:05:11.473-0700] {processor.py:914} INFO - Processing file /Users/saiprasadreddykolan/Documents/E-commerce_project/venv/lib/python3.10/site-packages/airflow/example_dags/example_xcomargs.py for tasks to queue
[2024-10-30T21:05:11.473-0700] {logging_mixin.py:190} INFO - [2024-10-30T21:05:11.473-0700] {dagbag.py:588} INFO - Filling up the DagBag from /Users/saiprasadreddykolan/Documents/E-commerce_project/venv/lib/python3.10/site-packages/airflow/example_dags/example_xcomargs.py
[2024-10-30T21:05:11.486-0700] {processor.py:925} INFO - DAG(s) 'example_xcom_args', 'example_xcom_args_with_operators' retrieved from /Users/saiprasadreddykolan/Documents/E-commerce_project/venv/lib/python3.10/site-packages/airflow/example_dags/example_xcomargs.py
[2024-10-30T21:05:11.521-0700] {logging_mixin.py:190} INFO - [2024-10-30T21:05:11.521-0700] {dag.py:3239} INFO - Sync 2 DAGs
[2024-10-30T21:05:11.526-0700] {logging_mixin.py:190} INFO - [2024-10-30T21:05:11.526-0700] {dag.py:4180} INFO - Setting next_dagrun for example_xcom_args to None, run_after=None
[2024-10-30T21:05:11.528-0700] {logging_mixin.py:190} INFO - [2024-10-30T21:05:11.528-0700] {dag.py:4180} INFO - Setting next_dagrun for example_xcom_args_with_operators to None, run_after=None
[2024-10-30T21:05:11.533-0700] {processor.py:208} INFO - Processing /Users/saiprasadreddykolan/Documents/E-commerce_project/venv/lib/python3.10/site-packages/airflow/example_dags/example_xcomargs.py took 0.063 seconds
[2024-10-30T21:06:20.866-0700] {processor.py:186} INFO - Started process (PID=10086) to work on /Users/saiprasadreddykolan/Documents/E-commerce_project/venv/lib/python3.10/site-packages/airflow/example_dags/example_xcomargs.py
[2024-10-30T21:06:20.868-0700] {processor.py:914} INFO - Processing file /Users/saiprasadreddykolan/Documents/E-commerce_project/venv/lib/python3.10/site-packages/airflow/example_dags/example_xcomargs.py for tasks to queue
[2024-10-30T21:06:20.868-0700] {logging_mixin.py:190} INFO - [2024-10-30T21:06:20.868-0700] {dagbag.py:588} INFO - Filling up the DagBag from /Users/saiprasadreddykolan/Documents/E-commerce_project/venv/lib/python3.10/site-packages/airflow/example_dags/example_xcomargs.py
[2024-10-30T21:06:20.881-0700] {processor.py:925} INFO - DAG(s) 'example_xcom_args', 'example_xcom_args_with_operators' retrieved from /Users/saiprasadreddykolan/Documents/E-commerce_project/venv/lib/python3.10/site-packages/airflow/example_dags/example_xcomargs.py
[2024-10-30T21:06:20.915-0700] {logging_mixin.py:190} INFO - [2024-10-30T21:06:20.915-0700] {dag.py:3239} INFO - Sync 2 DAGs
[2024-10-30T21:06:20.919-0700] {logging_mixin.py:190} INFO - [2024-10-30T21:06:20.919-0700] {dag.py:4180} INFO - Setting next_dagrun for example_xcom_args to None, run_after=None
[2024-10-30T21:06:20.920-0700] {logging_mixin.py:190} INFO - [2024-10-30T21:06:20.920-0700] {dag.py:4180} INFO - Setting next_dagrun for example_xcom_args_with_operators to None, run_after=None
[2024-10-30T21:06:20.925-0700] {processor.py:208} INFO - Processing /Users/saiprasadreddykolan/Documents/E-commerce_project/venv/lib/python3.10/site-packages/airflow/example_dags/example_xcomargs.py took 0.060 seconds
[2024-10-30T21:07:27.052-0700] {processor.py:186} INFO - Started process (PID=10169) to work on /Users/saiprasadreddykolan/Documents/E-commerce_project/venv/lib/python3.10/site-packages/airflow/example_dags/example_xcomargs.py
[2024-10-30T21:07:27.054-0700] {processor.py:914} INFO - Processing file /Users/saiprasadreddykolan/Documents/E-commerce_project/venv/lib/python3.10/site-packages/airflow/example_dags/example_xcomargs.py for tasks to queue
[2024-10-30T21:07:27.055-0700] {logging_mixin.py:190} INFO - [2024-10-30T21:07:27.055-0700] {dagbag.py:588} INFO - Filling up the DagBag from /Users/saiprasadreddykolan/Documents/E-commerce_project/venv/lib/python3.10/site-packages/airflow/example_dags/example_xcomargs.py
[2024-10-30T21:07:27.068-0700] {processor.py:925} INFO - DAG(s) 'example_xcom_args_with_operators', 'example_xcom_args' retrieved from /Users/saiprasadreddykolan/Documents/E-commerce_project/venv/lib/python3.10/site-packages/airflow/example_dags/example_xcomargs.py
[2024-10-30T21:07:27.103-0700] {logging_mixin.py:190} INFO - [2024-10-30T21:07:27.103-0700] {dag.py:3239} INFO - Sync 2 DAGs
[2024-10-30T21:07:27.109-0700] {logging_mixin.py:190} INFO - [2024-10-30T21:07:27.109-0700] {dag.py:4180} INFO - Setting next_dagrun for example_xcom_args to None, run_after=None
[2024-10-30T21:07:27.110-0700] {logging_mixin.py:190} INFO - [2024-10-30T21:07:27.110-0700] {dag.py:4180} INFO - Setting next_dagrun for example_xcom_args_with_operators to None, run_after=None
[2024-10-30T21:07:27.116-0700] {processor.py:208} INFO - Processing /Users/saiprasadreddykolan/Documents/E-commerce_project/venv/lib/python3.10/site-packages/airflow/example_dags/example_xcomargs.py took 0.065 seconds
[2024-10-30T21:08:36.295-0700] {processor.py:186} INFO - Started process (PID=10271) to work on /Users/saiprasadreddykolan/Documents/E-commerce_project/venv/lib/python3.10/site-packages/airflow/example_dags/example_xcomargs.py
[2024-10-30T21:08:36.297-0700] {processor.py:914} INFO - Processing file /Users/saiprasadreddykolan/Documents/E-commerce_project/venv/lib/python3.10/site-packages/airflow/example_dags/example_xcomargs.py for tasks to queue
[2024-10-30T21:08:36.297-0700] {logging_mixin.py:190} INFO - [2024-10-30T21:08:36.297-0700] {dagbag.py:588} INFO - Filling up the DagBag from /Users/saiprasadreddykolan/Documents/E-commerce_project/venv/lib/python3.10/site-packages/airflow/example_dags/example_xcomargs.py
[2024-10-30T21:08:36.312-0700] {processor.py:925} INFO - DAG(s) 'example_xcom_args_with_operators', 'example_xcom_args' retrieved from /Users/saiprasadreddykolan/Documents/E-commerce_project/venv/lib/python3.10/site-packages/airflow/example_dags/example_xcomargs.py
[2024-10-30T21:08:36.358-0700] {logging_mixin.py:190} INFO - [2024-10-30T21:08:36.358-0700] {dag.py:3239} INFO - Sync 2 DAGs
[2024-10-30T21:08:36.363-0700] {logging_mixin.py:190} INFO - [2024-10-30T21:08:36.363-0700] {dag.py:4180} INFO - Setting next_dagrun for example_xcom_args to None, run_after=None
[2024-10-30T21:08:36.365-0700] {logging_mixin.py:190} INFO - [2024-10-30T21:08:36.365-0700] {dag.py:4180} INFO - Setting next_dagrun for example_xcom_args_with_operators to None, run_after=None
[2024-10-30T21:08:36.371-0700] {processor.py:208} INFO - Processing /Users/saiprasadreddykolan/Documents/E-commerce_project/venv/lib/python3.10/site-packages/airflow/example_dags/example_xcomargs.py took 0.077 seconds
[2024-10-30T21:09:43.815-0700] {processor.py:186} INFO - Started process (PID=10359) to work on /Users/saiprasadreddykolan/Documents/E-commerce_project/venv/lib/python3.10/site-packages/airflow/example_dags/example_xcomargs.py
[2024-10-30T21:09:43.817-0700] {processor.py:914} INFO - Processing file /Users/saiprasadreddykolan/Documents/E-commerce_project/venv/lib/python3.10/site-packages/airflow/example_dags/example_xcomargs.py for tasks to queue
[2024-10-30T21:09:43.817-0700] {logging_mixin.py:190} INFO - [2024-10-30T21:09:43.817-0700] {dagbag.py:588} INFO - Filling up the DagBag from /Users/saiprasadreddykolan/Documents/E-commerce_project/venv/lib/python3.10/site-packages/airflow/example_dags/example_xcomargs.py
[2024-10-30T21:09:43.830-0700] {processor.py:925} INFO - DAG(s) 'example_xcom_args_with_operators', 'example_xcom_args' retrieved from /Users/saiprasadreddykolan/Documents/E-commerce_project/venv/lib/python3.10/site-packages/airflow/example_dags/example_xcomargs.py
[2024-10-30T21:09:43.864-0700] {logging_mixin.py:190} INFO - [2024-10-30T21:09:43.864-0700] {dag.py:3239} INFO - Sync 2 DAGs
[2024-10-30T21:09:43.868-0700] {logging_mixin.py:190} INFO - [2024-10-30T21:09:43.868-0700] {dag.py:4180} INFO - Setting next_dagrun for example_xcom_args to None, run_after=None
[2024-10-30T21:09:43.869-0700] {logging_mixin.py:190} INFO - [2024-10-30T21:09:43.869-0700] {dag.py:4180} INFO - Setting next_dagrun for example_xcom_args_with_operators to None, run_after=None
[2024-10-30T21:09:43.875-0700] {processor.py:208} INFO - Processing /Users/saiprasadreddykolan/Documents/E-commerce_project/venv/lib/python3.10/site-packages/airflow/example_dags/example_xcomargs.py took 0.061 seconds
[2024-10-30T21:10:49.648-0700] {processor.py:186} INFO - Started process (PID=10453) to work on /Users/saiprasadreddykolan/Documents/E-commerce_project/venv/lib/python3.10/site-packages/airflow/example_dags/example_xcomargs.py
[2024-10-30T21:10:49.650-0700] {processor.py:914} INFO - Processing file /Users/saiprasadreddykolan/Documents/E-commerce_project/venv/lib/python3.10/site-packages/airflow/example_dags/example_xcomargs.py for tasks to queue
[2024-10-30T21:10:49.650-0700] {logging_mixin.py:190} INFO - [2024-10-30T21:10:49.650-0700] {dagbag.py:588} INFO - Filling up the DagBag from /Users/saiprasadreddykolan/Documents/E-commerce_project/venv/lib/python3.10/site-packages/airflow/example_dags/example_xcomargs.py
[2024-10-30T21:10:49.663-0700] {processor.py:925} INFO - DAG(s) 'example_xcom_args_with_operators', 'example_xcom_args' retrieved from /Users/saiprasadreddykolan/Documents/E-commerce_project/venv/lib/python3.10/site-packages/airflow/example_dags/example_xcomargs.py
[2024-10-30T21:10:49.699-0700] {logging_mixin.py:190} INFO - [2024-10-30T21:10:49.699-0700] {dag.py:3239} INFO - Sync 2 DAGs
[2024-10-30T21:10:49.703-0700] {logging_mixin.py:190} INFO - [2024-10-30T21:10:49.703-0700] {dag.py:4180} INFO - Setting next_dagrun for example_xcom_args to None, run_after=None
[2024-10-30T21:10:49.705-0700] {logging_mixin.py:190} INFO - [2024-10-30T21:10:49.705-0700] {dag.py:4180} INFO - Setting next_dagrun for example_xcom_args_with_operators to None, run_after=None
[2024-10-30T21:10:49.710-0700] {processor.py:208} INFO - Processing /Users/saiprasadreddykolan/Documents/E-commerce_project/venv/lib/python3.10/site-packages/airflow/example_dags/example_xcomargs.py took 0.063 seconds
[2024-10-30T21:11:56.777-0700] {processor.py:186} INFO - Started process (PID=10613) to work on /Users/saiprasadreddykolan/Documents/E-commerce_project/venv/lib/python3.10/site-packages/airflow/example_dags/example_xcomargs.py
[2024-10-30T21:11:56.779-0700] {processor.py:914} INFO - Processing file /Users/saiprasadreddykolan/Documents/E-commerce_project/venv/lib/python3.10/site-packages/airflow/example_dags/example_xcomargs.py for tasks to queue
[2024-10-30T21:11:56.780-0700] {logging_mixin.py:190} INFO - [2024-10-30T21:11:56.780-0700] {dagbag.py:588} INFO - Filling up the DagBag from /Users/saiprasadreddykolan/Documents/E-commerce_project/venv/lib/python3.10/site-packages/airflow/example_dags/example_xcomargs.py
[2024-10-30T21:11:56.793-0700] {processor.py:925} INFO - DAG(s) 'example_xcom_args', 'example_xcom_args_with_operators' retrieved from /Users/saiprasadreddykolan/Documents/E-commerce_project/venv/lib/python3.10/site-packages/airflow/example_dags/example_xcomargs.py
[2024-10-30T21:11:56.827-0700] {logging_mixin.py:190} INFO - [2024-10-30T21:11:56.827-0700] {dag.py:3239} INFO - Sync 2 DAGs
[2024-10-30T21:11:56.831-0700] {logging_mixin.py:190} INFO - [2024-10-30T21:11:56.831-0700] {dag.py:4180} INFO - Setting next_dagrun for example_xcom_args to None, run_after=None
[2024-10-30T21:11:56.832-0700] {logging_mixin.py:190} INFO - [2024-10-30T21:11:56.832-0700] {dag.py:4180} INFO - Setting next_dagrun for example_xcom_args_with_operators to None, run_after=None
[2024-10-30T21:11:56.839-0700] {processor.py:208} INFO - Processing /Users/saiprasadreddykolan/Documents/E-commerce_project/venv/lib/python3.10/site-packages/airflow/example_dags/example_xcomargs.py took 0.062 seconds
[2024-10-30T21:12:59.279-0700] {processor.py:186} INFO - Started process (PID=10708) to work on /Users/saiprasadreddykolan/Documents/E-commerce_project/venv/lib/python3.10/site-packages/airflow/example_dags/example_xcomargs.py
[2024-10-30T21:12:59.281-0700] {processor.py:914} INFO - Processing file /Users/saiprasadreddykolan/Documents/E-commerce_project/venv/lib/python3.10/site-packages/airflow/example_dags/example_xcomargs.py for tasks to queue
[2024-10-30T21:12:59.281-0700] {logging_mixin.py:190} INFO - [2024-10-30T21:12:59.281-0700] {dagbag.py:588} INFO - Filling up the DagBag from /Users/saiprasadreddykolan/Documents/E-commerce_project/venv/lib/python3.10/site-packages/airflow/example_dags/example_xcomargs.py
[2024-10-30T21:12:59.295-0700] {processor.py:925} INFO - DAG(s) 'example_xcom_args', 'example_xcom_args_with_operators' retrieved from /Users/saiprasadreddykolan/Documents/E-commerce_project/venv/lib/python3.10/site-packages/airflow/example_dags/example_xcomargs.py
[2024-10-30T21:12:59.331-0700] {logging_mixin.py:190} INFO - [2024-10-30T21:12:59.331-0700] {dag.py:3239} INFO - Sync 2 DAGs
[2024-10-30T21:12:59.335-0700] {logging_mixin.py:190} INFO - [2024-10-30T21:12:59.335-0700] {dag.py:4180} INFO - Setting next_dagrun for example_xcom_args to None, run_after=None
[2024-10-30T21:12:59.337-0700] {logging_mixin.py:190} INFO - [2024-10-30T21:12:59.337-0700] {dag.py:4180} INFO - Setting next_dagrun for example_xcom_args_with_operators to None, run_after=None
[2024-10-30T21:12:59.342-0700] {processor.py:208} INFO - Processing /Users/saiprasadreddykolan/Documents/E-commerce_project/venv/lib/python3.10/site-packages/airflow/example_dags/example_xcomargs.py took 0.064 seconds
[2024-10-30T21:14:01.796-0700] {processor.py:186} INFO - Started process (PID=12355) to work on /Users/saiprasadreddykolan/Documents/E-commerce_project/venv/lib/python3.10/site-packages/airflow/example_dags/example_xcomargs.py
[2024-10-30T21:14:01.798-0700] {processor.py:914} INFO - Processing file /Users/saiprasadreddykolan/Documents/E-commerce_project/venv/lib/python3.10/site-packages/airflow/example_dags/example_xcomargs.py for tasks to queue
[2024-10-30T21:14:01.798-0700] {logging_mixin.py:190} INFO - [2024-10-30T21:14:01.798-0700] {dagbag.py:588} INFO - Filling up the DagBag from /Users/saiprasadreddykolan/Documents/E-commerce_project/venv/lib/python3.10/site-packages/airflow/example_dags/example_xcomargs.py
[2024-10-30T21:14:01.811-0700] {processor.py:925} INFO - DAG(s) 'example_xcom_args', 'example_xcom_args_with_operators' retrieved from /Users/saiprasadreddykolan/Documents/E-commerce_project/venv/lib/python3.10/site-packages/airflow/example_dags/example_xcomargs.py
[2024-10-30T21:14:01.847-0700] {logging_mixin.py:190} INFO - [2024-10-30T21:14:01.846-0700] {dag.py:3239} INFO - Sync 2 DAGs
[2024-10-30T21:14:01.851-0700] {logging_mixin.py:190} INFO - [2024-10-30T21:14:01.851-0700] {dag.py:4180} INFO - Setting next_dagrun for example_xcom_args to None, run_after=None
[2024-10-30T21:14:01.852-0700] {logging_mixin.py:190} INFO - [2024-10-30T21:14:01.852-0700] {dag.py:4180} INFO - Setting next_dagrun for example_xcom_args_with_operators to None, run_after=None
[2024-10-30T21:14:01.857-0700] {processor.py:208} INFO - Processing /Users/saiprasadreddykolan/Documents/E-commerce_project/venv/lib/python3.10/site-packages/airflow/example_dags/example_xcomargs.py took 0.062 seconds
[2024-10-30T21:15:11.075-0700] {processor.py:186} INFO - Started process (PID=19117) to work on /Users/saiprasadreddykolan/Documents/E-commerce_project/venv/lib/python3.10/site-packages/airflow/example_dags/example_xcomargs.py
[2024-10-30T21:15:11.077-0700] {processor.py:914} INFO - Processing file /Users/saiprasadreddykolan/Documents/E-commerce_project/venv/lib/python3.10/site-packages/airflow/example_dags/example_xcomargs.py for tasks to queue
[2024-10-30T21:15:11.078-0700] {logging_mixin.py:190} INFO - [2024-10-30T21:15:11.077-0700] {dagbag.py:588} INFO - Filling up the DagBag from /Users/saiprasadreddykolan/Documents/E-commerce_project/venv/lib/python3.10/site-packages/airflow/example_dags/example_xcomargs.py
[2024-10-30T21:15:11.093-0700] {processor.py:925} INFO - DAG(s) 'example_xcom_args_with_operators', 'example_xcom_args' retrieved from /Users/saiprasadreddykolan/Documents/E-commerce_project/venv/lib/python3.10/site-packages/airflow/example_dags/example_xcomargs.py
[2024-10-30T21:15:11.132-0700] {logging_mixin.py:190} INFO - [2024-10-30T21:15:11.132-0700] {dag.py:3239} INFO - Sync 2 DAGs
[2024-10-30T21:15:11.136-0700] {logging_mixin.py:190} INFO - [2024-10-30T21:15:11.136-0700] {dag.py:4180} INFO - Setting next_dagrun for example_xcom_args to None, run_after=None
[2024-10-30T21:15:11.137-0700] {logging_mixin.py:190} INFO - [2024-10-30T21:15:11.137-0700] {dag.py:4180} INFO - Setting next_dagrun for example_xcom_args_with_operators to None, run_after=None
[2024-10-30T21:15:11.143-0700] {processor.py:208} INFO - Processing /Users/saiprasadreddykolan/Documents/E-commerce_project/venv/lib/python3.10/site-packages/airflow/example_dags/example_xcomargs.py took 0.069 seconds
[2024-10-30T21:16:21.780-0700] {processor.py:186} INFO - Started process (PID=25798) to work on /Users/saiprasadreddykolan/Documents/E-commerce_project/venv/lib/python3.10/site-packages/airflow/example_dags/example_xcomargs.py
[2024-10-30T21:16:21.782-0700] {processor.py:914} INFO - Processing file /Users/saiprasadreddykolan/Documents/E-commerce_project/venv/lib/python3.10/site-packages/airflow/example_dags/example_xcomargs.py for tasks to queue
[2024-10-30T21:16:21.782-0700] {logging_mixin.py:190} INFO - [2024-10-30T21:16:21.782-0700] {dagbag.py:588} INFO - Filling up the DagBag from /Users/saiprasadreddykolan/Documents/E-commerce_project/venv/lib/python3.10/site-packages/airflow/example_dags/example_xcomargs.py
[2024-10-30T21:16:21.797-0700] {processor.py:925} INFO - DAG(s) 'example_xcom_args', 'example_xcom_args_with_operators' retrieved from /Users/saiprasadreddykolan/Documents/E-commerce_project/venv/lib/python3.10/site-packages/airflow/example_dags/example_xcomargs.py
[2024-10-30T21:16:21.835-0700] {logging_mixin.py:190} INFO - [2024-10-30T21:16:21.835-0700] {dag.py:3239} INFO - Sync 2 DAGs
[2024-10-30T21:16:21.840-0700] {logging_mixin.py:190} INFO - [2024-10-30T21:16:21.840-0700] {dag.py:4180} INFO - Setting next_dagrun for example_xcom_args to None, run_after=None
[2024-10-30T21:16:21.841-0700] {logging_mixin.py:190} INFO - [2024-10-30T21:16:21.841-0700] {dag.py:4180} INFO - Setting next_dagrun for example_xcom_args_with_operators to None, run_after=None
[2024-10-30T21:16:21.846-0700] {processor.py:208} INFO - Processing /Users/saiprasadreddykolan/Documents/E-commerce_project/venv/lib/python3.10/site-packages/airflow/example_dags/example_xcomargs.py took 0.068 seconds
[2024-10-30T21:17:32.467-0700] {processor.py:186} INFO - Started process (PID=33211) to work on /Users/saiprasadreddykolan/Documents/E-commerce_project/venv/lib/python3.10/site-packages/airflow/example_dags/example_xcomargs.py
[2024-10-30T21:17:32.469-0700] {processor.py:914} INFO - Processing file /Users/saiprasadreddykolan/Documents/E-commerce_project/venv/lib/python3.10/site-packages/airflow/example_dags/example_xcomargs.py for tasks to queue
[2024-10-30T21:17:32.469-0700] {logging_mixin.py:190} INFO - [2024-10-30T21:17:32.469-0700] {dagbag.py:588} INFO - Filling up the DagBag from /Users/saiprasadreddykolan/Documents/E-commerce_project/venv/lib/python3.10/site-packages/airflow/example_dags/example_xcomargs.py
[2024-10-30T21:17:32.482-0700] {processor.py:925} INFO - DAG(s) 'example_xcom_args_with_operators', 'example_xcom_args' retrieved from /Users/saiprasadreddykolan/Documents/E-commerce_project/venv/lib/python3.10/site-packages/airflow/example_dags/example_xcomargs.py
[2024-10-30T21:17:32.518-0700] {logging_mixin.py:190} INFO - [2024-10-30T21:17:32.518-0700] {dag.py:3239} INFO - Sync 2 DAGs
[2024-10-30T21:17:32.522-0700] {logging_mixin.py:190} INFO - [2024-10-30T21:17:32.522-0700] {dag.py:4180} INFO - Setting next_dagrun for example_xcom_args to None, run_after=None
[2024-10-30T21:17:32.524-0700] {logging_mixin.py:190} INFO - [2024-10-30T21:17:32.524-0700] {dag.py:4180} INFO - Setting next_dagrun for example_xcom_args_with_operators to None, run_after=None
[2024-10-30T21:17:32.530-0700] {processor.py:208} INFO - Processing /Users/saiprasadreddykolan/Documents/E-commerce_project/venv/lib/python3.10/site-packages/airflow/example_dags/example_xcomargs.py took 0.064 seconds
[2024-10-30T21:18:42.066-0700] {processor.py:186} INFO - Started process (PID=33298) to work on /Users/saiprasadreddykolan/Documents/E-commerce_project/venv/lib/python3.10/site-packages/airflow/example_dags/example_xcomargs.py
[2024-10-30T21:18:42.067-0700] {processor.py:914} INFO - Processing file /Users/saiprasadreddykolan/Documents/E-commerce_project/venv/lib/python3.10/site-packages/airflow/example_dags/example_xcomargs.py for tasks to queue
[2024-10-30T21:18:42.068-0700] {logging_mixin.py:190} INFO - [2024-10-30T21:18:42.068-0700] {dagbag.py:588} INFO - Filling up the DagBag from /Users/saiprasadreddykolan/Documents/E-commerce_project/venv/lib/python3.10/site-packages/airflow/example_dags/example_xcomargs.py
[2024-10-30T21:18:42.081-0700] {processor.py:925} INFO - DAG(s) 'example_xcom_args_with_operators', 'example_xcom_args' retrieved from /Users/saiprasadreddykolan/Documents/E-commerce_project/venv/lib/python3.10/site-packages/airflow/example_dags/example_xcomargs.py
[2024-10-30T21:18:42.116-0700] {logging_mixin.py:190} INFO - [2024-10-30T21:18:42.116-0700] {dag.py:3239} INFO - Sync 2 DAGs
[2024-10-30T21:18:42.120-0700] {logging_mixin.py:190} INFO - [2024-10-30T21:18:42.120-0700] {dag.py:4180} INFO - Setting next_dagrun for example_xcom_args to None, run_after=None
[2024-10-30T21:18:42.121-0700] {logging_mixin.py:190} INFO - [2024-10-30T21:18:42.121-0700] {dag.py:4180} INFO - Setting next_dagrun for example_xcom_args_with_operators to None, run_after=None
[2024-10-30T21:18:42.126-0700] {processor.py:208} INFO - Processing /Users/saiprasadreddykolan/Documents/E-commerce_project/venv/lib/python3.10/site-packages/airflow/example_dags/example_xcomargs.py took 0.062 seconds
[2024-10-30T21:19:44.858-0700] {processor.py:186} INFO - Started process (PID=33391) to work on /Users/saiprasadreddykolan/Documents/E-commerce_project/venv/lib/python3.10/site-packages/airflow/example_dags/example_xcomargs.py
[2024-10-30T21:19:44.861-0700] {processor.py:914} INFO - Processing file /Users/saiprasadreddykolan/Documents/E-commerce_project/venv/lib/python3.10/site-packages/airflow/example_dags/example_xcomargs.py for tasks to queue
[2024-10-30T21:19:44.861-0700] {logging_mixin.py:190} INFO - [2024-10-30T21:19:44.861-0700] {dagbag.py:588} INFO - Filling up the DagBag from /Users/saiprasadreddykolan/Documents/E-commerce_project/venv/lib/python3.10/site-packages/airflow/example_dags/example_xcomargs.py
[2024-10-30T21:19:44.874-0700] {processor.py:925} INFO - DAG(s) 'example_xcom_args_with_operators', 'example_xcom_args' retrieved from /Users/saiprasadreddykolan/Documents/E-commerce_project/venv/lib/python3.10/site-packages/airflow/example_dags/example_xcomargs.py
[2024-10-30T21:19:44.908-0700] {logging_mixin.py:190} INFO - [2024-10-30T21:19:44.908-0700] {dag.py:3239} INFO - Sync 2 DAGs
[2024-10-30T21:19:44.912-0700] {logging_mixin.py:190} INFO - [2024-10-30T21:19:44.912-0700] {dag.py:4180} INFO - Setting next_dagrun for example_xcom_args to None, run_after=None
[2024-10-30T21:19:44.913-0700] {logging_mixin.py:190} INFO - [2024-10-30T21:19:44.913-0700] {dag.py:4180} INFO - Setting next_dagrun for example_xcom_args_with_operators to None, run_after=None
[2024-10-30T21:19:44.918-0700] {processor.py:208} INFO - Processing /Users/saiprasadreddykolan/Documents/E-commerce_project/venv/lib/python3.10/site-packages/airflow/example_dags/example_xcomargs.py took 0.061 seconds
[2024-10-30T21:20:47.702-0700] {processor.py:186} INFO - Started process (PID=33508) to work on /Users/saiprasadreddykolan/Documents/E-commerce_project/venv/lib/python3.10/site-packages/airflow/example_dags/example_xcomargs.py
[2024-10-30T21:20:47.704-0700] {processor.py:914} INFO - Processing file /Users/saiprasadreddykolan/Documents/E-commerce_project/venv/lib/python3.10/site-packages/airflow/example_dags/example_xcomargs.py for tasks to queue
[2024-10-30T21:20:47.704-0700] {logging_mixin.py:190} INFO - [2024-10-30T21:20:47.704-0700] {dagbag.py:588} INFO - Filling up the DagBag from /Users/saiprasadreddykolan/Documents/E-commerce_project/venv/lib/python3.10/site-packages/airflow/example_dags/example_xcomargs.py
[2024-10-30T21:20:47.719-0700] {processor.py:925} INFO - DAG(s) 'example_xcom_args', 'example_xcom_args_with_operators' retrieved from /Users/saiprasadreddykolan/Documents/E-commerce_project/venv/lib/python3.10/site-packages/airflow/example_dags/example_xcomargs.py
[2024-10-30T21:20:47.754-0700] {logging_mixin.py:190} INFO - [2024-10-30T21:20:47.754-0700] {dag.py:3239} INFO - Sync 2 DAGs
[2024-10-30T21:20:47.758-0700] {logging_mixin.py:190} INFO - [2024-10-30T21:20:47.758-0700] {dag.py:4180} INFO - Setting next_dagrun for example_xcom_args to None, run_after=None
[2024-10-30T21:20:47.759-0700] {logging_mixin.py:190} INFO - [2024-10-30T21:20:47.759-0700] {dag.py:4180} INFO - Setting next_dagrun for example_xcom_args_with_operators to None, run_after=None
[2024-10-30T21:20:47.764-0700] {processor.py:208} INFO - Processing /Users/saiprasadreddykolan/Documents/E-commerce_project/venv/lib/python3.10/site-packages/airflow/example_dags/example_xcomargs.py took 0.063 seconds
[2024-10-30T21:21:54.849-0700] {processor.py:186} INFO - Started process (PID=33603) to work on /Users/saiprasadreddykolan/Documents/E-commerce_project/venv/lib/python3.10/site-packages/airflow/example_dags/example_xcomargs.py
[2024-10-30T21:21:54.851-0700] {processor.py:914} INFO - Processing file /Users/saiprasadreddykolan/Documents/E-commerce_project/venv/lib/python3.10/site-packages/airflow/example_dags/example_xcomargs.py for tasks to queue
[2024-10-30T21:21:54.852-0700] {logging_mixin.py:190} INFO - [2024-10-30T21:21:54.851-0700] {dagbag.py:588} INFO - Filling up the DagBag from /Users/saiprasadreddykolan/Documents/E-commerce_project/venv/lib/python3.10/site-packages/airflow/example_dags/example_xcomargs.py
[2024-10-30T21:21:54.865-0700] {processor.py:925} INFO - DAG(s) 'example_xcom_args_with_operators', 'example_xcom_args' retrieved from /Users/saiprasadreddykolan/Documents/E-commerce_project/venv/lib/python3.10/site-packages/airflow/example_dags/example_xcomargs.py
[2024-10-30T21:21:54.901-0700] {logging_mixin.py:190} INFO - [2024-10-30T21:21:54.901-0700] {dag.py:3239} INFO - Sync 2 DAGs
[2024-10-30T21:21:54.905-0700] {logging_mixin.py:190} INFO - [2024-10-30T21:21:54.905-0700] {dag.py:4180} INFO - Setting next_dagrun for example_xcom_args to None, run_after=None
[2024-10-30T21:21:54.907-0700] {logging_mixin.py:190} INFO - [2024-10-30T21:21:54.907-0700] {dag.py:4180} INFO - Setting next_dagrun for example_xcom_args_with_operators to None, run_after=None
[2024-10-30T21:21:54.913-0700] {processor.py:208} INFO - Processing /Users/saiprasadreddykolan/Documents/E-commerce_project/venv/lib/python3.10/site-packages/airflow/example_dags/example_xcomargs.py took 0.064 seconds
[2024-10-30T21:23:02.762-0700] {processor.py:186} INFO - Started process (PID=33702) to work on /Users/saiprasadreddykolan/Documents/E-commerce_project/venv/lib/python3.10/site-packages/airflow/example_dags/example_xcomargs.py
[2024-10-30T21:23:02.765-0700] {processor.py:914} INFO - Processing file /Users/saiprasadreddykolan/Documents/E-commerce_project/venv/lib/python3.10/site-packages/airflow/example_dags/example_xcomargs.py for tasks to queue
[2024-10-30T21:23:02.765-0700] {logging_mixin.py:190} INFO - [2024-10-30T21:23:02.765-0700] {dagbag.py:588} INFO - Filling up the DagBag from /Users/saiprasadreddykolan/Documents/E-commerce_project/venv/lib/python3.10/site-packages/airflow/example_dags/example_xcomargs.py
[2024-10-30T21:23:02.778-0700] {processor.py:925} INFO - DAG(s) 'example_xcom_args_with_operators', 'example_xcom_args' retrieved from /Users/saiprasadreddykolan/Documents/E-commerce_project/venv/lib/python3.10/site-packages/airflow/example_dags/example_xcomargs.py
[2024-10-30T21:23:02.813-0700] {logging_mixin.py:190} INFO - [2024-10-30T21:23:02.813-0700] {dag.py:3239} INFO - Sync 2 DAGs
[2024-10-30T21:23:02.817-0700] {logging_mixin.py:190} INFO - [2024-10-30T21:23:02.817-0700] {dag.py:4180} INFO - Setting next_dagrun for example_xcom_args to None, run_after=None
[2024-10-30T21:23:02.818-0700] {logging_mixin.py:190} INFO - [2024-10-30T21:23:02.818-0700] {dag.py:4180} INFO - Setting next_dagrun for example_xcom_args_with_operators to None, run_after=None
[2024-10-30T21:23:02.823-0700] {processor.py:208} INFO - Processing /Users/saiprasadreddykolan/Documents/E-commerce_project/venv/lib/python3.10/site-packages/airflow/example_dags/example_xcomargs.py took 0.062 seconds
[2024-10-30T21:24:08.332-0700] {processor.py:186} INFO - Started process (PID=33901) to work on /Users/saiprasadreddykolan/Documents/E-commerce_project/venv/lib/python3.10/site-packages/airflow/example_dags/example_xcomargs.py
[2024-10-30T21:24:08.334-0700] {processor.py:914} INFO - Processing file /Users/saiprasadreddykolan/Documents/E-commerce_project/venv/lib/python3.10/site-packages/airflow/example_dags/example_xcomargs.py for tasks to queue
[2024-10-30T21:24:08.335-0700] {logging_mixin.py:190} INFO - [2024-10-30T21:24:08.335-0700] {dagbag.py:588} INFO - Filling up the DagBag from /Users/saiprasadreddykolan/Documents/E-commerce_project/venv/lib/python3.10/site-packages/airflow/example_dags/example_xcomargs.py
[2024-10-30T21:24:08.349-0700] {processor.py:925} INFO - DAG(s) 'example_xcom_args', 'example_xcom_args_with_operators' retrieved from /Users/saiprasadreddykolan/Documents/E-commerce_project/venv/lib/python3.10/site-packages/airflow/example_dags/example_xcomargs.py
[2024-10-30T21:24:08.387-0700] {logging_mixin.py:190} INFO - [2024-10-30T21:24:08.387-0700] {dag.py:3239} INFO - Sync 2 DAGs
[2024-10-30T21:24:08.391-0700] {logging_mixin.py:190} INFO - [2024-10-30T21:24:08.391-0700] {dag.py:4180} INFO - Setting next_dagrun for example_xcom_args to None, run_after=None
[2024-10-30T21:24:08.392-0700] {logging_mixin.py:190} INFO - [2024-10-30T21:24:08.392-0700] {dag.py:4180} INFO - Setting next_dagrun for example_xcom_args_with_operators to None, run_after=None
[2024-10-30T21:24:08.397-0700] {processor.py:208} INFO - Processing /Users/saiprasadreddykolan/Documents/E-commerce_project/venv/lib/python3.10/site-packages/airflow/example_dags/example_xcomargs.py took 0.066 seconds
[2024-10-30T21:25:16.377-0700] {processor.py:186} INFO - Started process (PID=36096) to work on /Users/saiprasadreddykolan/Documents/E-commerce_project/venv/lib/python3.10/site-packages/airflow/example_dags/example_xcomargs.py
[2024-10-30T21:25:16.379-0700] {processor.py:914} INFO - Processing file /Users/saiprasadreddykolan/Documents/E-commerce_project/venv/lib/python3.10/site-packages/airflow/example_dags/example_xcomargs.py for tasks to queue
[2024-10-30T21:25:16.380-0700] {logging_mixin.py:190} INFO - [2024-10-30T21:25:16.380-0700] {dagbag.py:588} INFO - Filling up the DagBag from /Users/saiprasadreddykolan/Documents/E-commerce_project/venv/lib/python3.10/site-packages/airflow/example_dags/example_xcomargs.py
[2024-10-30T21:25:16.395-0700] {processor.py:925} INFO - DAG(s) 'example_xcom_args', 'example_xcom_args_with_operators' retrieved from /Users/saiprasadreddykolan/Documents/E-commerce_project/venv/lib/python3.10/site-packages/airflow/example_dags/example_xcomargs.py
[2024-10-30T21:25:16.430-0700] {logging_mixin.py:190} INFO - [2024-10-30T21:25:16.430-0700] {dag.py:3239} INFO - Sync 2 DAGs
[2024-10-30T21:25:16.434-0700] {logging_mixin.py:190} INFO - [2024-10-30T21:25:16.434-0700] {dag.py:4180} INFO - Setting next_dagrun for example_xcom_args to None, run_after=None
[2024-10-30T21:25:16.435-0700] {logging_mixin.py:190} INFO - [2024-10-30T21:25:16.435-0700] {dag.py:4180} INFO - Setting next_dagrun for example_xcom_args_with_operators to None, run_after=None
[2024-10-30T21:25:16.441-0700] {processor.py:208} INFO - Processing /Users/saiprasadreddykolan/Documents/E-commerce_project/venv/lib/python3.10/site-packages/airflow/example_dags/example_xcomargs.py took 0.065 seconds
[2024-10-30T21:26:22.771-0700] {processor.py:186} INFO - Started process (PID=36186) to work on /Users/saiprasadreddykolan/Documents/E-commerce_project/venv/lib/python3.10/site-packages/airflow/example_dags/example_xcomargs.py
[2024-10-30T21:26:22.772-0700] {processor.py:914} INFO - Processing file /Users/saiprasadreddykolan/Documents/E-commerce_project/venv/lib/python3.10/site-packages/airflow/example_dags/example_xcomargs.py for tasks to queue
[2024-10-30T21:26:22.773-0700] {logging_mixin.py:190} INFO - [2024-10-30T21:26:22.773-0700] {dagbag.py:588} INFO - Filling up the DagBag from /Users/saiprasadreddykolan/Documents/E-commerce_project/venv/lib/python3.10/site-packages/airflow/example_dags/example_xcomargs.py
[2024-10-30T21:26:22.786-0700] {processor.py:925} INFO - DAG(s) 'example_xcom_args_with_operators', 'example_xcom_args' retrieved from /Users/saiprasadreddykolan/Documents/E-commerce_project/venv/lib/python3.10/site-packages/airflow/example_dags/example_xcomargs.py
[2024-10-30T21:26:22.820-0700] {logging_mixin.py:190} INFO - [2024-10-30T21:26:22.820-0700] {dag.py:3239} INFO - Sync 2 DAGs
[2024-10-30T21:26:22.824-0700] {logging_mixin.py:190} INFO - [2024-10-30T21:26:22.824-0700] {dag.py:4180} INFO - Setting next_dagrun for example_xcom_args to None, run_after=None
[2024-10-30T21:26:22.825-0700] {logging_mixin.py:190} INFO - [2024-10-30T21:26:22.825-0700] {dag.py:4180} INFO - Setting next_dagrun for example_xcom_args_with_operators to None, run_after=None
[2024-10-30T21:26:22.830-0700] {processor.py:208} INFO - Processing /Users/saiprasadreddykolan/Documents/E-commerce_project/venv/lib/python3.10/site-packages/airflow/example_dags/example_xcomargs.py took 0.061 seconds
[2024-10-30T21:27:30.823-0700] {processor.py:186} INFO - Started process (PID=36266) to work on /Users/saiprasadreddykolan/Documents/E-commerce_project/venv/lib/python3.10/site-packages/airflow/example_dags/example_xcomargs.py
[2024-10-30T21:27:30.825-0700] {processor.py:914} INFO - Processing file /Users/saiprasadreddykolan/Documents/E-commerce_project/venv/lib/python3.10/site-packages/airflow/example_dags/example_xcomargs.py for tasks to queue
[2024-10-30T21:27:30.826-0700] {logging_mixin.py:190} INFO - [2024-10-30T21:27:30.826-0700] {dagbag.py:588} INFO - Filling up the DagBag from /Users/saiprasadreddykolan/Documents/E-commerce_project/venv/lib/python3.10/site-packages/airflow/example_dags/example_xcomargs.py
[2024-10-30T21:27:30.841-0700] {processor.py:925} INFO - DAG(s) 'example_xcom_args_with_operators', 'example_xcom_args' retrieved from /Users/saiprasadreddykolan/Documents/E-commerce_project/venv/lib/python3.10/site-packages/airflow/example_dags/example_xcomargs.py
[2024-10-30T21:27:30.879-0700] {logging_mixin.py:190} INFO - [2024-10-30T21:27:30.879-0700] {dag.py:3239} INFO - Sync 2 DAGs
[2024-10-30T21:27:30.884-0700] {logging_mixin.py:190} INFO - [2024-10-30T21:27:30.884-0700] {dag.py:4180} INFO - Setting next_dagrun for example_xcom_args to None, run_after=None
[2024-10-30T21:27:30.885-0700] {logging_mixin.py:190} INFO - [2024-10-30T21:27:30.885-0700] {dag.py:4180} INFO - Setting next_dagrun for example_xcom_args_with_operators to None, run_after=None
[2024-10-30T21:27:30.891-0700] {processor.py:208} INFO - Processing /Users/saiprasadreddykolan/Documents/E-commerce_project/venv/lib/python3.10/site-packages/airflow/example_dags/example_xcomargs.py took 0.069 seconds
[2024-10-30T21:28:35.924-0700] {processor.py:186} INFO - Started process (PID=36387) to work on /Users/saiprasadreddykolan/Documents/E-commerce_project/venv/lib/python3.10/site-packages/airflow/example_dags/example_xcomargs.py
[2024-10-30T21:28:35.927-0700] {processor.py:914} INFO - Processing file /Users/saiprasadreddykolan/Documents/E-commerce_project/venv/lib/python3.10/site-packages/airflow/example_dags/example_xcomargs.py for tasks to queue
[2024-10-30T21:28:35.927-0700] {logging_mixin.py:190} INFO - [2024-10-30T21:28:35.927-0700] {dagbag.py:588} INFO - Filling up the DagBag from /Users/saiprasadreddykolan/Documents/E-commerce_project/venv/lib/python3.10/site-packages/airflow/example_dags/example_xcomargs.py
[2024-10-30T21:28:35.945-0700] {processor.py:925} INFO - DAG(s) 'example_xcom_args', 'example_xcom_args_with_operators' retrieved from /Users/saiprasadreddykolan/Documents/E-commerce_project/venv/lib/python3.10/site-packages/airflow/example_dags/example_xcomargs.py
[2024-10-30T21:28:35.983-0700] {logging_mixin.py:190} INFO - [2024-10-30T21:28:35.982-0700] {dag.py:3239} INFO - Sync 2 DAGs
[2024-10-30T21:28:35.987-0700] {logging_mixin.py:190} INFO - [2024-10-30T21:28:35.987-0700] {dag.py:4180} INFO - Setting next_dagrun for example_xcom_args to None, run_after=None
[2024-10-30T21:28:35.988-0700] {logging_mixin.py:190} INFO - [2024-10-30T21:28:35.988-0700] {dag.py:4180} INFO - Setting next_dagrun for example_xcom_args_with_operators to None, run_after=None
[2024-10-30T21:28:35.994-0700] {processor.py:208} INFO - Processing /Users/saiprasadreddykolan/Documents/E-commerce_project/venv/lib/python3.10/site-packages/airflow/example_dags/example_xcomargs.py took 0.071 seconds
[2024-10-30T21:29:39.370-0700] {processor.py:186} INFO - Started process (PID=36515) to work on /Users/saiprasadreddykolan/Documents/E-commerce_project/venv/lib/python3.10/site-packages/airflow/example_dags/example_xcomargs.py
[2024-10-30T21:29:39.372-0700] {processor.py:914} INFO - Processing file /Users/saiprasadreddykolan/Documents/E-commerce_project/venv/lib/python3.10/site-packages/airflow/example_dags/example_xcomargs.py for tasks to queue
[2024-10-30T21:29:39.373-0700] {logging_mixin.py:190} INFO - [2024-10-30T21:29:39.373-0700] {dagbag.py:588} INFO - Filling up the DagBag from /Users/saiprasadreddykolan/Documents/E-commerce_project/venv/lib/python3.10/site-packages/airflow/example_dags/example_xcomargs.py
[2024-10-30T21:29:39.386-0700] {processor.py:925} INFO - DAG(s) 'example_xcom_args', 'example_xcom_args_with_operators' retrieved from /Users/saiprasadreddykolan/Documents/E-commerce_project/venv/lib/python3.10/site-packages/airflow/example_dags/example_xcomargs.py
[2024-10-30T21:29:39.422-0700] {logging_mixin.py:190} INFO - [2024-10-30T21:29:39.422-0700] {dag.py:3239} INFO - Sync 2 DAGs
[2024-10-30T21:29:39.426-0700] {logging_mixin.py:190} INFO - [2024-10-30T21:29:39.426-0700] {dag.py:4180} INFO - Setting next_dagrun for example_xcom_args to None, run_after=None
[2024-10-30T21:29:39.427-0700] {logging_mixin.py:190} INFO - [2024-10-30T21:29:39.427-0700] {dag.py:4180} INFO - Setting next_dagrun for example_xcom_args_with_operators to None, run_after=None
[2024-10-30T21:29:39.433-0700] {processor.py:208} INFO - Processing /Users/saiprasadreddykolan/Documents/E-commerce_project/venv/lib/python3.10/site-packages/airflow/example_dags/example_xcomargs.py took 0.064 seconds
[2024-10-30T21:30:44.452-0700] {processor.py:186} INFO - Started process (PID=36606) to work on /Users/saiprasadreddykolan/Documents/E-commerce_project/venv/lib/python3.10/site-packages/airflow/example_dags/example_xcomargs.py
[2024-10-30T21:30:44.454-0700] {processor.py:914} INFO - Processing file /Users/saiprasadreddykolan/Documents/E-commerce_project/venv/lib/python3.10/site-packages/airflow/example_dags/example_xcomargs.py for tasks to queue
[2024-10-30T21:30:44.454-0700] {logging_mixin.py:190} INFO - [2024-10-30T21:30:44.454-0700] {dagbag.py:588} INFO - Filling up the DagBag from /Users/saiprasadreddykolan/Documents/E-commerce_project/venv/lib/python3.10/site-packages/airflow/example_dags/example_xcomargs.py
[2024-10-30T21:30:44.470-0700] {processor.py:925} INFO - DAG(s) 'example_xcom_args_with_operators', 'example_xcom_args' retrieved from /Users/saiprasadreddykolan/Documents/E-commerce_project/venv/lib/python3.10/site-packages/airflow/example_dags/example_xcomargs.py
[2024-10-30T21:30:44.506-0700] {logging_mixin.py:190} INFO - [2024-10-30T21:30:44.505-0700] {dag.py:3239} INFO - Sync 2 DAGs
[2024-10-30T21:30:44.510-0700] {logging_mixin.py:190} INFO - [2024-10-30T21:30:44.510-0700] {dag.py:4180} INFO - Setting next_dagrun for example_xcom_args to None, run_after=None
[2024-10-30T21:30:44.511-0700] {logging_mixin.py:190} INFO - [2024-10-30T21:30:44.511-0700] {dag.py:4180} INFO - Setting next_dagrun for example_xcom_args_with_operators to None, run_after=None
[2024-10-30T21:30:44.516-0700] {processor.py:208} INFO - Processing /Users/saiprasadreddykolan/Documents/E-commerce_project/venv/lib/python3.10/site-packages/airflow/example_dags/example_xcomargs.py took 0.065 seconds
[2024-10-30T21:31:52.071-0700] {processor.py:186} INFO - Started process (PID=36704) to work on /Users/saiprasadreddykolan/Documents/E-commerce_project/venv/lib/python3.10/site-packages/airflow/example_dags/example_xcomargs.py
[2024-10-30T21:31:52.073-0700] {processor.py:914} INFO - Processing file /Users/saiprasadreddykolan/Documents/E-commerce_project/venv/lib/python3.10/site-packages/airflow/example_dags/example_xcomargs.py for tasks to queue
[2024-10-30T21:31:52.073-0700] {logging_mixin.py:190} INFO - [2024-10-30T21:31:52.073-0700] {dagbag.py:588} INFO - Filling up the DagBag from /Users/saiprasadreddykolan/Documents/E-commerce_project/venv/lib/python3.10/site-packages/airflow/example_dags/example_xcomargs.py
[2024-10-30T21:31:52.087-0700] {processor.py:925} INFO - DAG(s) 'example_xcom_args_with_operators', 'example_xcom_args' retrieved from /Users/saiprasadreddykolan/Documents/E-commerce_project/venv/lib/python3.10/site-packages/airflow/example_dags/example_xcomargs.py
[2024-10-30T21:31:52.122-0700] {logging_mixin.py:190} INFO - [2024-10-30T21:31:52.122-0700] {dag.py:3239} INFO - Sync 2 DAGs
[2024-10-30T21:31:52.126-0700] {logging_mixin.py:190} INFO - [2024-10-30T21:31:52.126-0700] {dag.py:4180} INFO - Setting next_dagrun for example_xcom_args to None, run_after=None
[2024-10-30T21:31:52.127-0700] {logging_mixin.py:190} INFO - [2024-10-30T21:31:52.127-0700] {dag.py:4180} INFO - Setting next_dagrun for example_xcom_args_with_operators to None, run_after=None
[2024-10-30T21:31:52.133-0700] {processor.py:208} INFO - Processing /Users/saiprasadreddykolan/Documents/E-commerce_project/venv/lib/python3.10/site-packages/airflow/example_dags/example_xcomargs.py took 0.063 seconds
[2024-10-30T21:33:04.167-0700] {processor.py:186} INFO - Started process (PID=36792) to work on /Users/saiprasadreddykolan/Documents/E-commerce_project/venv/lib/python3.10/site-packages/airflow/example_dags/example_xcomargs.py
[2024-10-30T21:33:04.169-0700] {processor.py:914} INFO - Processing file /Users/saiprasadreddykolan/Documents/E-commerce_project/venv/lib/python3.10/site-packages/airflow/example_dags/example_xcomargs.py for tasks to queue
[2024-10-30T21:33:04.170-0700] {logging_mixin.py:190} INFO - [2024-10-30T21:33:04.169-0700] {dagbag.py:588} INFO - Filling up the DagBag from /Users/saiprasadreddykolan/Documents/E-commerce_project/venv/lib/python3.10/site-packages/airflow/example_dags/example_xcomargs.py
[2024-10-30T21:33:04.183-0700] {processor.py:925} INFO - DAG(s) 'example_xcom_args', 'example_xcom_args_with_operators' retrieved from /Users/saiprasadreddykolan/Documents/E-commerce_project/venv/lib/python3.10/site-packages/airflow/example_dags/example_xcomargs.py
[2024-10-30T21:33:04.218-0700] {logging_mixin.py:190} INFO - [2024-10-30T21:33:04.218-0700] {dag.py:3239} INFO - Sync 2 DAGs
[2024-10-30T21:33:04.222-0700] {logging_mixin.py:190} INFO - [2024-10-30T21:33:04.222-0700] {dag.py:4180} INFO - Setting next_dagrun for example_xcom_args to None, run_after=None
[2024-10-30T21:33:04.223-0700] {logging_mixin.py:190} INFO - [2024-10-30T21:33:04.223-0700] {dag.py:4180} INFO - Setting next_dagrun for example_xcom_args_with_operators to None, run_after=None
[2024-10-30T21:33:04.230-0700] {processor.py:208} INFO - Processing /Users/saiprasadreddykolan/Documents/E-commerce_project/venv/lib/python3.10/site-packages/airflow/example_dags/example_xcomargs.py took 0.064 seconds
[2024-10-30T21:34:13.157-0700] {processor.py:186} INFO - Started process (PID=36875) to work on /Users/saiprasadreddykolan/Documents/E-commerce_project/venv/lib/python3.10/site-packages/airflow/example_dags/example_xcomargs.py
[2024-10-30T21:34:13.159-0700] {processor.py:914} INFO - Processing file /Users/saiprasadreddykolan/Documents/E-commerce_project/venv/lib/python3.10/site-packages/airflow/example_dags/example_xcomargs.py for tasks to queue
[2024-10-30T21:34:13.159-0700] {logging_mixin.py:190} INFO - [2024-10-30T21:34:13.159-0700] {dagbag.py:588} INFO - Filling up the DagBag from /Users/saiprasadreddykolan/Documents/E-commerce_project/venv/lib/python3.10/site-packages/airflow/example_dags/example_xcomargs.py
[2024-10-30T21:34:13.176-0700] {processor.py:925} INFO - DAG(s) 'example_xcom_args', 'example_xcom_args_with_operators' retrieved from /Users/saiprasadreddykolan/Documents/E-commerce_project/venv/lib/python3.10/site-packages/airflow/example_dags/example_xcomargs.py
[2024-10-30T21:34:13.210-0700] {logging_mixin.py:190} INFO - [2024-10-30T21:34:13.210-0700] {dag.py:3239} INFO - Sync 2 DAGs
[2024-10-30T21:34:13.214-0700] {logging_mixin.py:190} INFO - [2024-10-30T21:34:13.214-0700] {dag.py:4180} INFO - Setting next_dagrun for example_xcom_args to None, run_after=None
[2024-10-30T21:34:13.215-0700] {logging_mixin.py:190} INFO - [2024-10-30T21:34:13.215-0700] {dag.py:4180} INFO - Setting next_dagrun for example_xcom_args_with_operators to None, run_after=None
[2024-10-30T21:34:13.220-0700] {processor.py:208} INFO - Processing /Users/saiprasadreddykolan/Documents/E-commerce_project/venv/lib/python3.10/site-packages/airflow/example_dags/example_xcomargs.py took 0.065 seconds
[2024-10-30T21:35:20.556-0700] {processor.py:186} INFO - Started process (PID=36959) to work on /Users/saiprasadreddykolan/Documents/E-commerce_project/venv/lib/python3.10/site-packages/airflow/example_dags/example_xcomargs.py
[2024-10-30T21:35:20.558-0700] {processor.py:914} INFO - Processing file /Users/saiprasadreddykolan/Documents/E-commerce_project/venv/lib/python3.10/site-packages/airflow/example_dags/example_xcomargs.py for tasks to queue
[2024-10-30T21:35:20.558-0700] {logging_mixin.py:190} INFO - [2024-10-30T21:35:20.558-0700] {dagbag.py:588} INFO - Filling up the DagBag from /Users/saiprasadreddykolan/Documents/E-commerce_project/venv/lib/python3.10/site-packages/airflow/example_dags/example_xcomargs.py
[2024-10-30T21:35:20.571-0700] {processor.py:925} INFO - DAG(s) 'example_xcom_args_with_operators', 'example_xcom_args' retrieved from /Users/saiprasadreddykolan/Documents/E-commerce_project/venv/lib/python3.10/site-packages/airflow/example_dags/example_xcomargs.py
[2024-10-30T21:35:20.606-0700] {logging_mixin.py:190} INFO - [2024-10-30T21:35:20.606-0700] {dag.py:3239} INFO - Sync 2 DAGs
[2024-10-30T21:35:20.610-0700] {logging_mixin.py:190} INFO - [2024-10-30T21:35:20.610-0700] {dag.py:4180} INFO - Setting next_dagrun for example_xcom_args to None, run_after=None
[2024-10-30T21:35:20.611-0700] {logging_mixin.py:190} INFO - [2024-10-30T21:35:20.611-0700] {dag.py:4180} INFO - Setting next_dagrun for example_xcom_args_with_operators to None, run_after=None
[2024-10-30T21:35:20.616-0700] {processor.py:208} INFO - Processing /Users/saiprasadreddykolan/Documents/E-commerce_project/venv/lib/python3.10/site-packages/airflow/example_dags/example_xcomargs.py took 0.061 seconds
[2024-10-30T21:36:28.062-0700] {processor.py:186} INFO - Started process (PID=37042) to work on /Users/saiprasadreddykolan/Documents/E-commerce_project/venv/lib/python3.10/site-packages/airflow/example_dags/example_xcomargs.py
[2024-10-30T21:36:28.064-0700] {processor.py:914} INFO - Processing file /Users/saiprasadreddykolan/Documents/E-commerce_project/venv/lib/python3.10/site-packages/airflow/example_dags/example_xcomargs.py for tasks to queue
[2024-10-30T21:36:28.065-0700] {logging_mixin.py:190} INFO - [2024-10-30T21:36:28.064-0700] {dagbag.py:588} INFO - Filling up the DagBag from /Users/saiprasadreddykolan/Documents/E-commerce_project/venv/lib/python3.10/site-packages/airflow/example_dags/example_xcomargs.py
[2024-10-30T21:36:28.077-0700] {processor.py:925} INFO - DAG(s) 'example_xcom_args', 'example_xcom_args_with_operators' retrieved from /Users/saiprasadreddykolan/Documents/E-commerce_project/venv/lib/python3.10/site-packages/airflow/example_dags/example_xcomargs.py
[2024-10-30T21:36:28.112-0700] {logging_mixin.py:190} INFO - [2024-10-30T21:36:28.112-0700] {dag.py:3239} INFO - Sync 2 DAGs
[2024-10-30T21:36:28.116-0700] {logging_mixin.py:190} INFO - [2024-10-30T21:36:28.116-0700] {dag.py:4180} INFO - Setting next_dagrun for example_xcom_args to None, run_after=None
[2024-10-30T21:36:28.117-0700] {logging_mixin.py:190} INFO - [2024-10-30T21:36:28.117-0700] {dag.py:4180} INFO - Setting next_dagrun for example_xcom_args_with_operators to None, run_after=None
[2024-10-30T21:36:28.122-0700] {processor.py:208} INFO - Processing /Users/saiprasadreddykolan/Documents/E-commerce_project/venv/lib/python3.10/site-packages/airflow/example_dags/example_xcomargs.py took 0.060 seconds
[2024-10-30T21:37:35.721-0700] {processor.py:186} INFO - Started process (PID=37123) to work on /Users/saiprasadreddykolan/Documents/E-commerce_project/venv/lib/python3.10/site-packages/airflow/example_dags/example_xcomargs.py
[2024-10-30T21:37:35.726-0700] {processor.py:914} INFO - Processing file /Users/saiprasadreddykolan/Documents/E-commerce_project/venv/lib/python3.10/site-packages/airflow/example_dags/example_xcomargs.py for tasks to queue
[2024-10-30T21:37:35.727-0700] {logging_mixin.py:190} INFO - [2024-10-30T21:37:35.727-0700] {dagbag.py:588} INFO - Filling up the DagBag from /Users/saiprasadreddykolan/Documents/E-commerce_project/venv/lib/python3.10/site-packages/airflow/example_dags/example_xcomargs.py
[2024-10-30T21:37:35.740-0700] {processor.py:925} INFO - DAG(s) 'example_xcom_args', 'example_xcom_args_with_operators' retrieved from /Users/saiprasadreddykolan/Documents/E-commerce_project/venv/lib/python3.10/site-packages/airflow/example_dags/example_xcomargs.py
[2024-10-30T21:37:35.777-0700] {logging_mixin.py:190} INFO - [2024-10-30T21:37:35.777-0700] {dag.py:3239} INFO - Sync 2 DAGs
[2024-10-30T21:37:35.783-0700] {logging_mixin.py:190} INFO - [2024-10-30T21:37:35.783-0700] {dag.py:4180} INFO - Setting next_dagrun for example_xcom_args to None, run_after=None
[2024-10-30T21:37:35.784-0700] {logging_mixin.py:190} INFO - [2024-10-30T21:37:35.784-0700] {dag.py:4180} INFO - Setting next_dagrun for example_xcom_args_with_operators to None, run_after=None
[2024-10-30T21:37:35.790-0700] {processor.py:208} INFO - Processing /Users/saiprasadreddykolan/Documents/E-commerce_project/venv/lib/python3.10/site-packages/airflow/example_dags/example_xcomargs.py took 0.074 seconds
[2024-10-30T21:38:41.785-0700] {processor.py:186} INFO - Started process (PID=37220) to work on /Users/saiprasadreddykolan/Documents/E-commerce_project/venv/lib/python3.10/site-packages/airflow/example_dags/example_xcomargs.py
[2024-10-30T21:38:41.788-0700] {processor.py:914} INFO - Processing file /Users/saiprasadreddykolan/Documents/E-commerce_project/venv/lib/python3.10/site-packages/airflow/example_dags/example_xcomargs.py for tasks to queue
[2024-10-30T21:38:41.788-0700] {logging_mixin.py:190} INFO - [2024-10-30T21:38:41.788-0700] {dagbag.py:588} INFO - Filling up the DagBag from /Users/saiprasadreddykolan/Documents/E-commerce_project/venv/lib/python3.10/site-packages/airflow/example_dags/example_xcomargs.py
[2024-10-30T21:38:41.801-0700] {processor.py:925} INFO - DAG(s) 'example_xcom_args_with_operators', 'example_xcom_args' retrieved from /Users/saiprasadreddykolan/Documents/E-commerce_project/venv/lib/python3.10/site-packages/airflow/example_dags/example_xcomargs.py
[2024-10-30T21:38:41.835-0700] {logging_mixin.py:190} INFO - [2024-10-30T21:38:41.835-0700] {dag.py:3239} INFO - Sync 2 DAGs
[2024-10-30T21:38:41.839-0700] {logging_mixin.py:190} INFO - [2024-10-30T21:38:41.839-0700] {dag.py:4180} INFO - Setting next_dagrun for example_xcom_args to None, run_after=None
[2024-10-30T21:38:41.841-0700] {logging_mixin.py:190} INFO - [2024-10-30T21:38:41.841-0700] {dag.py:4180} INFO - Setting next_dagrun for example_xcom_args_with_operators to None, run_after=None
[2024-10-30T21:38:41.846-0700] {processor.py:208} INFO - Processing /Users/saiprasadreddykolan/Documents/E-commerce_project/venv/lib/python3.10/site-packages/airflow/example_dags/example_xcomargs.py took 0.062 seconds
[2024-10-30T21:39:45.227-0700] {processor.py:186} INFO - Started process (PID=37311) to work on /Users/saiprasadreddykolan/Documents/E-commerce_project/venv/lib/python3.10/site-packages/airflow/example_dags/example_xcomargs.py
[2024-10-30T21:39:45.229-0700] {processor.py:914} INFO - Processing file /Users/saiprasadreddykolan/Documents/E-commerce_project/venv/lib/python3.10/site-packages/airflow/example_dags/example_xcomargs.py for tasks to queue
[2024-10-30T21:39:45.230-0700] {logging_mixin.py:190} INFO - [2024-10-30T21:39:45.230-0700] {dagbag.py:588} INFO - Filling up the DagBag from /Users/saiprasadreddykolan/Documents/E-commerce_project/venv/lib/python3.10/site-packages/airflow/example_dags/example_xcomargs.py
[2024-10-30T21:39:45.242-0700] {processor.py:925} INFO - DAG(s) 'example_xcom_args_with_operators', 'example_xcom_args' retrieved from /Users/saiprasadreddykolan/Documents/E-commerce_project/venv/lib/python3.10/site-packages/airflow/example_dags/example_xcomargs.py
[2024-10-30T21:39:45.278-0700] {logging_mixin.py:190} INFO - [2024-10-30T21:39:45.278-0700] {dag.py:3239} INFO - Sync 2 DAGs
[2024-10-30T21:39:45.282-0700] {logging_mixin.py:190} INFO - [2024-10-30T21:39:45.282-0700] {dag.py:4180} INFO - Setting next_dagrun for example_xcom_args to None, run_after=None
[2024-10-30T21:39:45.283-0700] {logging_mixin.py:190} INFO - [2024-10-30T21:39:45.283-0700] {dag.py:4180} INFO - Setting next_dagrun for example_xcom_args_with_operators to None, run_after=None
[2024-10-30T21:39:45.288-0700] {processor.py:208} INFO - Processing /Users/saiprasadreddykolan/Documents/E-commerce_project/venv/lib/python3.10/site-packages/airflow/example_dags/example_xcomargs.py took 0.062 seconds
[2024-10-30T21:40:51.863-0700] {processor.py:186} INFO - Started process (PID=37394) to work on /Users/saiprasadreddykolan/Documents/E-commerce_project/venv/lib/python3.10/site-packages/airflow/example_dags/example_xcomargs.py
[2024-10-30T21:40:51.865-0700] {processor.py:914} INFO - Processing file /Users/saiprasadreddykolan/Documents/E-commerce_project/venv/lib/python3.10/site-packages/airflow/example_dags/example_xcomargs.py for tasks to queue
[2024-10-30T21:40:51.866-0700] {logging_mixin.py:190} INFO - [2024-10-30T21:40:51.866-0700] {dagbag.py:588} INFO - Filling up the DagBag from /Users/saiprasadreddykolan/Documents/E-commerce_project/venv/lib/python3.10/site-packages/airflow/example_dags/example_xcomargs.py
[2024-10-30T21:40:51.878-0700] {processor.py:925} INFO - DAG(s) 'example_xcom_args_with_operators', 'example_xcom_args' retrieved from /Users/saiprasadreddykolan/Documents/E-commerce_project/venv/lib/python3.10/site-packages/airflow/example_dags/example_xcomargs.py
[2024-10-30T21:40:51.913-0700] {logging_mixin.py:190} INFO - [2024-10-30T21:40:51.913-0700] {dag.py:3239} INFO - Sync 2 DAGs
[2024-10-30T21:40:51.917-0700] {logging_mixin.py:190} INFO - [2024-10-30T21:40:51.917-0700] {dag.py:4180} INFO - Setting next_dagrun for example_xcom_args to None, run_after=None
[2024-10-30T21:40:51.918-0700] {logging_mixin.py:190} INFO - [2024-10-30T21:40:51.918-0700] {dag.py:4180} INFO - Setting next_dagrun for example_xcom_args_with_operators to None, run_after=None
[2024-10-30T21:40:51.923-0700] {processor.py:208} INFO - Processing /Users/saiprasadreddykolan/Documents/E-commerce_project/venv/lib/python3.10/site-packages/airflow/example_dags/example_xcomargs.py took 0.061 seconds
[2024-10-30T21:41:57.688-0700] {processor.py:186} INFO - Started process (PID=37472) to work on /Users/saiprasadreddykolan/Documents/E-commerce_project/venv/lib/python3.10/site-packages/airflow/example_dags/example_xcomargs.py
[2024-10-30T21:41:57.690-0700] {processor.py:914} INFO - Processing file /Users/saiprasadreddykolan/Documents/E-commerce_project/venv/lib/python3.10/site-packages/airflow/example_dags/example_xcomargs.py for tasks to queue
[2024-10-30T21:41:57.690-0700] {logging_mixin.py:190} INFO - [2024-10-30T21:41:57.690-0700] {dagbag.py:588} INFO - Filling up the DagBag from /Users/saiprasadreddykolan/Documents/E-commerce_project/venv/lib/python3.10/site-packages/airflow/example_dags/example_xcomargs.py
[2024-10-30T21:41:57.703-0700] {processor.py:925} INFO - DAG(s) 'example_xcom_args_with_operators', 'example_xcom_args' retrieved from /Users/saiprasadreddykolan/Documents/E-commerce_project/venv/lib/python3.10/site-packages/airflow/example_dags/example_xcomargs.py
[2024-10-30T21:41:57.738-0700] {logging_mixin.py:190} INFO - [2024-10-30T21:41:57.738-0700] {dag.py:3239} INFO - Sync 2 DAGs
[2024-10-30T21:41:57.742-0700] {logging_mixin.py:190} INFO - [2024-10-30T21:41:57.742-0700] {dag.py:4180} INFO - Setting next_dagrun for example_xcom_args to None, run_after=None
[2024-10-30T21:41:57.743-0700] {logging_mixin.py:190} INFO - [2024-10-30T21:41:57.743-0700] {dag.py:4180} INFO - Setting next_dagrun for example_xcom_args_with_operators to None, run_after=None
[2024-10-30T21:41:57.748-0700] {processor.py:208} INFO - Processing /Users/saiprasadreddykolan/Documents/E-commerce_project/venv/lib/python3.10/site-packages/airflow/example_dags/example_xcomargs.py took 0.061 seconds
[2024-10-30T22:15:49.504-0700] {processor.py:186} INFO - Started process (PID=37671) to work on /Users/saiprasadreddykolan/Documents/E-commerce_project/venv/lib/python3.10/site-packages/airflow/example_dags/example_xcomargs.py
[2024-10-30T22:15:49.508-0700] {processor.py:914} INFO - Processing file /Users/saiprasadreddykolan/Documents/E-commerce_project/venv/lib/python3.10/site-packages/airflow/example_dags/example_xcomargs.py for tasks to queue
[2024-10-30T22:15:49.509-0700] {logging_mixin.py:190} INFO - [2024-10-30T22:15:49.508-0700] {dagbag.py:588} INFO - Filling up the DagBag from /Users/saiprasadreddykolan/Documents/E-commerce_project/venv/lib/python3.10/site-packages/airflow/example_dags/example_xcomargs.py
[2024-10-30T22:15:49.523-0700] {processor.py:925} INFO - DAG(s) 'example_xcom_args_with_operators', 'example_xcom_args' retrieved from /Users/saiprasadreddykolan/Documents/E-commerce_project/venv/lib/python3.10/site-packages/airflow/example_dags/example_xcomargs.py
[2024-10-30T22:15:49.557-0700] {logging_mixin.py:190} INFO - [2024-10-30T22:15:49.556-0700] {dag.py:3239} INFO - Sync 2 DAGs
[2024-10-30T22:15:49.560-0700] {logging_mixin.py:190} INFO - [2024-10-30T22:15:49.560-0700] {dag.py:4180} INFO - Setting next_dagrun for example_xcom_args to None, run_after=None
[2024-10-30T22:15:49.562-0700] {logging_mixin.py:190} INFO - [2024-10-30T22:15:49.561-0700] {dag.py:4180} INFO - Setting next_dagrun for example_xcom_args_with_operators to None, run_after=None
[2024-10-30T22:15:49.566-0700] {processor.py:208} INFO - Processing /Users/saiprasadreddykolan/Documents/E-commerce_project/venv/lib/python3.10/site-packages/airflow/example_dags/example_xcomargs.py took 0.064 seconds
[2024-10-30T23:43:50.326-0700] {processor.py:186} INFO - Started process (PID=37859) to work on /Users/saiprasadreddykolan/Documents/E-commerce_project/venv/lib/python3.10/site-packages/airflow/example_dags/example_xcomargs.py
[2024-10-30T23:43:50.328-0700] {processor.py:914} INFO - Processing file /Users/saiprasadreddykolan/Documents/E-commerce_project/venv/lib/python3.10/site-packages/airflow/example_dags/example_xcomargs.py for tasks to queue
[2024-10-30T23:43:50.329-0700] {logging_mixin.py:190} INFO - [2024-10-30T23:43:50.329-0700] {dagbag.py:588} INFO - Filling up the DagBag from /Users/saiprasadreddykolan/Documents/E-commerce_project/venv/lib/python3.10/site-packages/airflow/example_dags/example_xcomargs.py
[2024-10-30T23:43:50.343-0700] {processor.py:925} INFO - DAG(s) 'example_xcom_args', 'example_xcom_args_with_operators' retrieved from /Users/saiprasadreddykolan/Documents/E-commerce_project/venv/lib/python3.10/site-packages/airflow/example_dags/example_xcomargs.py
[2024-10-30T23:43:50.378-0700] {logging_mixin.py:190} INFO - [2024-10-30T23:43:50.378-0700] {dag.py:3239} INFO - Sync 2 DAGs
[2024-10-30T23:43:50.382-0700] {logging_mixin.py:190} INFO - [2024-10-30T23:43:50.382-0700] {dag.py:4180} INFO - Setting next_dagrun for example_xcom_args to None, run_after=None
[2024-10-30T23:43:50.383-0700] {logging_mixin.py:190} INFO - [2024-10-30T23:43:50.383-0700] {dag.py:4180} INFO - Setting next_dagrun for example_xcom_args_with_operators to None, run_after=None
[2024-10-30T23:43:50.388-0700] {processor.py:208} INFO - Processing /Users/saiprasadreddykolan/Documents/E-commerce_project/venv/lib/python3.10/site-packages/airflow/example_dags/example_xcomargs.py took 0.063 seconds
[2024-10-31T00:44:37.847-0700] {processor.py:186} INFO - Started process (PID=38045) to work on /Users/saiprasadreddykolan/Documents/E-commerce_project/venv/lib/python3.10/site-packages/airflow/example_dags/example_xcomargs.py
[2024-10-31T00:44:37.852-0700] {processor.py:914} INFO - Processing file /Users/saiprasadreddykolan/Documents/E-commerce_project/venv/lib/python3.10/site-packages/airflow/example_dags/example_xcomargs.py for tasks to queue
[2024-10-31T00:44:37.852-0700] {logging_mixin.py:190} INFO - [2024-10-31T00:44:37.852-0700] {dagbag.py:588} INFO - Filling up the DagBag from /Users/saiprasadreddykolan/Documents/E-commerce_project/venv/lib/python3.10/site-packages/airflow/example_dags/example_xcomargs.py
[2024-10-31T00:44:37.865-0700] {processor.py:925} INFO - DAG(s) 'example_xcom_args_with_operators', 'example_xcom_args' retrieved from /Users/saiprasadreddykolan/Documents/E-commerce_project/venv/lib/python3.10/site-packages/airflow/example_dags/example_xcomargs.py
[2024-10-31T00:44:37.901-0700] {logging_mixin.py:190} INFO - [2024-10-31T00:44:37.901-0700] {dag.py:3239} INFO - Sync 2 DAGs
[2024-10-31T00:44:37.905-0700] {logging_mixin.py:190} INFO - [2024-10-31T00:44:37.905-0700] {dag.py:4180} INFO - Setting next_dagrun for example_xcom_args to None, run_after=None
[2024-10-31T00:44:37.905-0700] {logging_mixin.py:190} INFO - [2024-10-31T00:44:37.905-0700] {dag.py:4180} INFO - Setting next_dagrun for example_xcom_args_with_operators to None, run_after=None
[2024-10-31T00:44:37.910-0700] {processor.py:208} INFO - Processing /Users/saiprasadreddykolan/Documents/E-commerce_project/venv/lib/python3.10/site-packages/airflow/example_dags/example_xcomargs.py took 0.067 seconds
[2024-10-31T01:32:55.083-0700] {processor.py:186} INFO - Started process (PID=38168) to work on /Users/saiprasadreddykolan/Documents/E-commerce_project/venv/lib/python3.10/site-packages/airflow/example_dags/example_xcomargs.py
[2024-10-31T01:32:55.086-0700] {processor.py:914} INFO - Processing file /Users/saiprasadreddykolan/Documents/E-commerce_project/venv/lib/python3.10/site-packages/airflow/example_dags/example_xcomargs.py for tasks to queue
[2024-10-31T01:32:55.086-0700] {logging_mixin.py:190} INFO - [2024-10-31T01:32:55.086-0700] {dagbag.py:588} INFO - Filling up the DagBag from /Users/saiprasadreddykolan/Documents/E-commerce_project/venv/lib/python3.10/site-packages/airflow/example_dags/example_xcomargs.py
[2024-10-31T01:32:55.101-0700] {processor.py:925} INFO - DAG(s) 'example_xcom_args', 'example_xcom_args_with_operators' retrieved from /Users/saiprasadreddykolan/Documents/E-commerce_project/venv/lib/python3.10/site-packages/airflow/example_dags/example_xcomargs.py
[2024-10-31T01:32:55.136-0700] {logging_mixin.py:190} INFO - [2024-10-31T01:32:55.136-0700] {dag.py:3239} INFO - Sync 2 DAGs
[2024-10-31T01:32:55.140-0700] {logging_mixin.py:190} INFO - [2024-10-31T01:32:55.140-0700] {dag.py:4180} INFO - Setting next_dagrun for example_xcom_args to None, run_after=None
[2024-10-31T01:32:55.142-0700] {logging_mixin.py:190} INFO - [2024-10-31T01:32:55.142-0700] {dag.py:4180} INFO - Setting next_dagrun for example_xcom_args_with_operators to None, run_after=None
[2024-10-31T01:32:55.148-0700] {processor.py:208} INFO - Processing /Users/saiprasadreddykolan/Documents/E-commerce_project/venv/lib/python3.10/site-packages/airflow/example_dags/example_xcomargs.py took 0.065 seconds
[2024-10-31T02:25:40.624-0700] {processor.py:186} INFO - Started process (PID=38299) to work on /Users/saiprasadreddykolan/Documents/E-commerce_project/venv/lib/python3.10/site-packages/airflow/example_dags/example_xcomargs.py
[2024-10-31T02:25:40.626-0700] {processor.py:914} INFO - Processing file /Users/saiprasadreddykolan/Documents/E-commerce_project/venv/lib/python3.10/site-packages/airflow/example_dags/example_xcomargs.py for tasks to queue
[2024-10-31T02:25:40.627-0700] {logging_mixin.py:190} INFO - [2024-10-31T02:25:40.626-0700] {dagbag.py:588} INFO - Filling up the DagBag from /Users/saiprasadreddykolan/Documents/E-commerce_project/venv/lib/python3.10/site-packages/airflow/example_dags/example_xcomargs.py
[2024-10-31T02:25:40.639-0700] {processor.py:925} INFO - DAG(s) 'example_xcom_args_with_operators', 'example_xcom_args' retrieved from /Users/saiprasadreddykolan/Documents/E-commerce_project/venv/lib/python3.10/site-packages/airflow/example_dags/example_xcomargs.py
[2024-10-31T02:25:40.673-0700] {logging_mixin.py:190} INFO - [2024-10-31T02:25:40.673-0700] {dag.py:3239} INFO - Sync 2 DAGs
[2024-10-31T02:25:40.677-0700] {logging_mixin.py:190} INFO - [2024-10-31T02:25:40.677-0700] {dag.py:4180} INFO - Setting next_dagrun for example_xcom_args to None, run_after=None
[2024-10-31T02:25:40.677-0700] {logging_mixin.py:190} INFO - [2024-10-31T02:25:40.677-0700] {dag.py:4180} INFO - Setting next_dagrun for example_xcom_args_with_operators to None, run_after=None
[2024-10-31T02:25:40.682-0700] {processor.py:208} INFO - Processing /Users/saiprasadreddykolan/Documents/E-commerce_project/venv/lib/python3.10/site-packages/airflow/example_dags/example_xcomargs.py took 0.059 seconds
[2024-10-31T03:49:56.718-0700] {processor.py:186} INFO - Started process (PID=38450) to work on /Users/saiprasadreddykolan/Documents/E-commerce_project/venv/lib/python3.10/site-packages/airflow/example_dags/example_xcomargs.py
[2024-10-31T03:49:56.720-0700] {processor.py:914} INFO - Processing file /Users/saiprasadreddykolan/Documents/E-commerce_project/venv/lib/python3.10/site-packages/airflow/example_dags/example_xcomargs.py for tasks to queue
[2024-10-31T03:49:56.720-0700] {logging_mixin.py:190} INFO - [2024-10-31T03:49:56.720-0700] {dagbag.py:588} INFO - Filling up the DagBag from /Users/saiprasadreddykolan/Documents/E-commerce_project/venv/lib/python3.10/site-packages/airflow/example_dags/example_xcomargs.py
[2024-10-31T03:49:56.733-0700] {processor.py:925} INFO - DAG(s) 'example_xcom_args', 'example_xcom_args_with_operators' retrieved from /Users/saiprasadreddykolan/Documents/E-commerce_project/venv/lib/python3.10/site-packages/airflow/example_dags/example_xcomargs.py
[2024-10-31T03:49:56.767-0700] {logging_mixin.py:190} INFO - [2024-10-31T03:49:56.767-0700] {dag.py:3239} INFO - Sync 2 DAGs
[2024-10-31T03:49:56.771-0700] {logging_mixin.py:190} INFO - [2024-10-31T03:49:56.771-0700] {dag.py:4180} INFO - Setting next_dagrun for example_xcom_args to None, run_after=None
[2024-10-31T03:49:56.772-0700] {logging_mixin.py:190} INFO - [2024-10-31T03:49:56.772-0700] {dag.py:4180} INFO - Setting next_dagrun for example_xcom_args_with_operators to None, run_after=None
[2024-10-31T03:49:56.777-0700] {processor.py:208} INFO - Processing /Users/saiprasadreddykolan/Documents/E-commerce_project/venv/lib/python3.10/site-packages/airflow/example_dags/example_xcomargs.py took 0.060 seconds
[2024-10-31T05:34:57.891-0700] {processor.py:186} INFO - Started process (PID=38733) to work on /Users/saiprasadreddykolan/Documents/E-commerce_project/venv/lib/python3.10/site-packages/airflow/example_dags/example_xcomargs.py
[2024-10-31T05:34:57.893-0700] {processor.py:914} INFO - Processing file /Users/saiprasadreddykolan/Documents/E-commerce_project/venv/lib/python3.10/site-packages/airflow/example_dags/example_xcomargs.py for tasks to queue
[2024-10-31T05:34:57.893-0700] {logging_mixin.py:190} INFO - [2024-10-31T05:34:57.893-0700] {dagbag.py:588} INFO - Filling up the DagBag from /Users/saiprasadreddykolan/Documents/E-commerce_project/venv/lib/python3.10/site-packages/airflow/example_dags/example_xcomargs.py
[2024-10-31T05:34:57.906-0700] {processor.py:925} INFO - DAG(s) 'example_xcom_args', 'example_xcom_args_with_operators' retrieved from /Users/saiprasadreddykolan/Documents/E-commerce_project/venv/lib/python3.10/site-packages/airflow/example_dags/example_xcomargs.py
[2024-10-31T05:34:57.940-0700] {logging_mixin.py:190} INFO - [2024-10-31T05:34:57.940-0700] {dag.py:3239} INFO - Sync 2 DAGs
[2024-10-31T05:34:57.944-0700] {logging_mixin.py:190} INFO - [2024-10-31T05:34:57.944-0700] {dag.py:4180} INFO - Setting next_dagrun for example_xcom_args to None, run_after=None
[2024-10-31T05:34:57.945-0700] {logging_mixin.py:190} INFO - [2024-10-31T05:34:57.945-0700] {dag.py:4180} INFO - Setting next_dagrun for example_xcom_args_with_operators to None, run_after=None
[2024-10-31T05:34:57.950-0700] {processor.py:208} INFO - Processing /Users/saiprasadreddykolan/Documents/E-commerce_project/venv/lib/python3.10/site-packages/airflow/example_dags/example_xcomargs.py took 0.060 seconds
[2024-10-31T06:10:06.831-0700] {processor.py:186} INFO - Started process (PID=38884) to work on /Users/saiprasadreddykolan/Documents/E-commerce_project/venv/lib/python3.10/site-packages/airflow/example_dags/example_xcomargs.py
[2024-10-31T06:10:06.832-0700] {processor.py:914} INFO - Processing file /Users/saiprasadreddykolan/Documents/E-commerce_project/venv/lib/python3.10/site-packages/airflow/example_dags/example_xcomargs.py for tasks to queue
[2024-10-31T06:10:06.833-0700] {logging_mixin.py:190} INFO - [2024-10-31T06:10:06.833-0700] {dagbag.py:588} INFO - Filling up the DagBag from /Users/saiprasadreddykolan/Documents/E-commerce_project/venv/lib/python3.10/site-packages/airflow/example_dags/example_xcomargs.py
[2024-10-31T06:10:06.845-0700] {processor.py:925} INFO - DAG(s) 'example_xcom_args', 'example_xcom_args_with_operators' retrieved from /Users/saiprasadreddykolan/Documents/E-commerce_project/venv/lib/python3.10/site-packages/airflow/example_dags/example_xcomargs.py
[2024-10-31T06:10:06.879-0700] {logging_mixin.py:190} INFO - [2024-10-31T06:10:06.879-0700] {dag.py:3239} INFO - Sync 2 DAGs
[2024-10-31T06:10:06.883-0700] {logging_mixin.py:190} INFO - [2024-10-31T06:10:06.883-0700] {dag.py:4180} INFO - Setting next_dagrun for example_xcom_args to None, run_after=None
[2024-10-31T06:10:06.884-0700] {logging_mixin.py:190} INFO - [2024-10-31T06:10:06.884-0700] {dag.py:4180} INFO - Setting next_dagrun for example_xcom_args_with_operators to None, run_after=None
[2024-10-31T06:10:06.889-0700] {processor.py:208} INFO - Processing /Users/saiprasadreddykolan/Documents/E-commerce_project/venv/lib/python3.10/site-packages/airflow/example_dags/example_xcomargs.py took 0.060 seconds
[2024-10-31T07:00:15.010-0700] {processor.py:186} INFO - Started process (PID=39020) to work on /Users/saiprasadreddykolan/Documents/E-commerce_project/venv/lib/python3.10/site-packages/airflow/example_dags/example_xcomargs.py
[2024-10-31T07:00:15.013-0700] {processor.py:914} INFO - Processing file /Users/saiprasadreddykolan/Documents/E-commerce_project/venv/lib/python3.10/site-packages/airflow/example_dags/example_xcomargs.py for tasks to queue
[2024-10-31T07:00:15.013-0700] {logging_mixin.py:190} INFO - [2024-10-31T07:00:15.013-0700] {dagbag.py:588} INFO - Filling up the DagBag from /Users/saiprasadreddykolan/Documents/E-commerce_project/venv/lib/python3.10/site-packages/airflow/example_dags/example_xcomargs.py
[2024-10-31T07:00:15.031-0700] {processor.py:925} INFO - DAG(s) 'example_xcom_args_with_operators', 'example_xcom_args' retrieved from /Users/saiprasadreddykolan/Documents/E-commerce_project/venv/lib/python3.10/site-packages/airflow/example_dags/example_xcomargs.py
[2024-10-31T07:00:15.071-0700] {logging_mixin.py:190} INFO - [2024-10-31T07:00:15.071-0700] {dag.py:3239} INFO - Sync 2 DAGs
[2024-10-31T07:00:15.076-0700] {logging_mixin.py:190} INFO - [2024-10-31T07:00:15.076-0700] {dag.py:4180} INFO - Setting next_dagrun for example_xcom_args to None, run_after=None
[2024-10-31T07:00:15.077-0700] {logging_mixin.py:190} INFO - [2024-10-31T07:00:15.077-0700] {dag.py:4180} INFO - Setting next_dagrun for example_xcom_args_with_operators to None, run_after=None
[2024-10-31T07:00:15.083-0700] {processor.py:208} INFO - Processing /Users/saiprasadreddykolan/Documents/E-commerce_project/venv/lib/python3.10/site-packages/airflow/example_dags/example_xcomargs.py took 0.074 seconds
[2024-10-31T07:16:45.874-0700] {processor.py:186} INFO - Started process (PID=39125) to work on /Users/saiprasadreddykolan/Documents/E-commerce_project/venv/lib/python3.10/site-packages/airflow/example_dags/example_xcomargs.py
[2024-10-31T07:16:45.876-0700] {processor.py:914} INFO - Processing file /Users/saiprasadreddykolan/Documents/E-commerce_project/venv/lib/python3.10/site-packages/airflow/example_dags/example_xcomargs.py for tasks to queue
[2024-10-31T07:16:45.876-0700] {logging_mixin.py:190} INFO - [2024-10-31T07:16:45.876-0700] {dagbag.py:588} INFO - Filling up the DagBag from /Users/saiprasadreddykolan/Documents/E-commerce_project/venv/lib/python3.10/site-packages/airflow/example_dags/example_xcomargs.py
[2024-10-31T07:16:45.889-0700] {processor.py:925} INFO - DAG(s) 'example_xcom_args', 'example_xcom_args_with_operators' retrieved from /Users/saiprasadreddykolan/Documents/E-commerce_project/venv/lib/python3.10/site-packages/airflow/example_dags/example_xcomargs.py
[2024-10-31T07:16:45.923-0700] {logging_mixin.py:190} INFO - [2024-10-31T07:16:45.923-0700] {dag.py:3239} INFO - Sync 2 DAGs
[2024-10-31T07:16:45.927-0700] {logging_mixin.py:190} INFO - [2024-10-31T07:16:45.927-0700] {dag.py:4180} INFO - Setting next_dagrun for example_xcom_args to None, run_after=None
[2024-10-31T07:16:45.928-0700] {logging_mixin.py:190} INFO - [2024-10-31T07:16:45.927-0700] {dag.py:4180} INFO - Setting next_dagrun for example_xcom_args_with_operators to None, run_after=None
[2024-10-31T07:16:45.932-0700] {processor.py:208} INFO - Processing /Users/saiprasadreddykolan/Documents/E-commerce_project/venv/lib/python3.10/site-packages/airflow/example_dags/example_xcomargs.py took 0.060 seconds
[2024-10-31T07:59:08.597-0700] {processor.py:186} INFO - Started process (PID=39247) to work on /Users/saiprasadreddykolan/Documents/E-commerce_project/venv/lib/python3.10/site-packages/airflow/example_dags/example_xcomargs.py
[2024-10-31T07:59:08.599-0700] {processor.py:914} INFO - Processing file /Users/saiprasadreddykolan/Documents/E-commerce_project/venv/lib/python3.10/site-packages/airflow/example_dags/example_xcomargs.py for tasks to queue
[2024-10-31T07:59:08.600-0700] {logging_mixin.py:190} INFO - [2024-10-31T07:59:08.600-0700] {dagbag.py:588} INFO - Filling up the DagBag from /Users/saiprasadreddykolan/Documents/E-commerce_project/venv/lib/python3.10/site-packages/airflow/example_dags/example_xcomargs.py
[2024-10-31T07:59:08.615-0700] {processor.py:925} INFO - DAG(s) 'example_xcom_args', 'example_xcom_args_with_operators' retrieved from /Users/saiprasadreddykolan/Documents/E-commerce_project/venv/lib/python3.10/site-packages/airflow/example_dags/example_xcomargs.py
[2024-10-31T07:59:08.650-0700] {logging_mixin.py:190} INFO - [2024-10-31T07:59:08.650-0700] {dag.py:3239} INFO - Sync 2 DAGs
[2024-10-31T07:59:08.654-0700] {logging_mixin.py:190} INFO - [2024-10-31T07:59:08.654-0700] {dag.py:4180} INFO - Setting next_dagrun for example_xcom_args to None, run_after=None
[2024-10-31T07:59:08.655-0700] {logging_mixin.py:190} INFO - [2024-10-31T07:59:08.655-0700] {dag.py:4180} INFO - Setting next_dagrun for example_xcom_args_with_operators to None, run_after=None
[2024-10-31T07:59:08.660-0700] {processor.py:208} INFO - Processing /Users/saiprasadreddykolan/Documents/E-commerce_project/venv/lib/python3.10/site-packages/airflow/example_dags/example_xcomargs.py took 0.064 seconds
[2024-10-31T09:00:44.274-0700] {processor.py:186} INFO - Started process (PID=39398) to work on /Users/saiprasadreddykolan/Documents/E-commerce_project/venv/lib/python3.10/site-packages/airflow/example_dags/example_xcomargs.py
[2024-10-31T09:00:44.276-0700] {processor.py:914} INFO - Processing file /Users/saiprasadreddykolan/Documents/E-commerce_project/venv/lib/python3.10/site-packages/airflow/example_dags/example_xcomargs.py for tasks to queue
[2024-10-31T09:00:44.276-0700] {logging_mixin.py:190} INFO - [2024-10-31T09:00:44.276-0700] {dagbag.py:588} INFO - Filling up the DagBag from /Users/saiprasadreddykolan/Documents/E-commerce_project/venv/lib/python3.10/site-packages/airflow/example_dags/example_xcomargs.py
[2024-10-31T09:00:44.290-0700] {processor.py:925} INFO - DAG(s) 'example_xcom_args_with_operators', 'example_xcom_args' retrieved from /Users/saiprasadreddykolan/Documents/E-commerce_project/venv/lib/python3.10/site-packages/airflow/example_dags/example_xcomargs.py
[2024-10-31T09:00:44.323-0700] {logging_mixin.py:190} INFO - [2024-10-31T09:00:44.323-0700] {dag.py:3239} INFO - Sync 2 DAGs
[2024-10-31T09:00:44.327-0700] {logging_mixin.py:190} INFO - [2024-10-31T09:00:44.327-0700] {dag.py:4180} INFO - Setting next_dagrun for example_xcom_args to None, run_after=None
[2024-10-31T09:00:44.328-0700] {logging_mixin.py:190} INFO - [2024-10-31T09:00:44.328-0700] {dag.py:4180} INFO - Setting next_dagrun for example_xcom_args_with_operators to None, run_after=None
[2024-10-31T09:00:44.333-0700] {processor.py:208} INFO - Processing /Users/saiprasadreddykolan/Documents/E-commerce_project/venv/lib/python3.10/site-packages/airflow/example_dags/example_xcomargs.py took 0.060 seconds
[2024-10-31T09:21:39.895-0700] {processor.py:186} INFO - Started process (PID=39503) to work on /Users/saiprasadreddykolan/Documents/E-commerce_project/venv/lib/python3.10/site-packages/airflow/example_dags/example_xcomargs.py
[2024-10-31T09:21:39.896-0700] {processor.py:914} INFO - Processing file /Users/saiprasadreddykolan/Documents/E-commerce_project/venv/lib/python3.10/site-packages/airflow/example_dags/example_xcomargs.py for tasks to queue
[2024-10-31T09:21:39.897-0700] {logging_mixin.py:190} INFO - [2024-10-31T09:21:39.897-0700] {dagbag.py:588} INFO - Filling up the DagBag from /Users/saiprasadreddykolan/Documents/E-commerce_project/venv/lib/python3.10/site-packages/airflow/example_dags/example_xcomargs.py
[2024-10-31T09:21:39.910-0700] {processor.py:925} INFO - DAG(s) 'example_xcom_args', 'example_xcom_args_with_operators' retrieved from /Users/saiprasadreddykolan/Documents/E-commerce_project/venv/lib/python3.10/site-packages/airflow/example_dags/example_xcomargs.py
[2024-10-31T09:21:39.945-0700] {logging_mixin.py:190} INFO - [2024-10-31T09:21:39.945-0700] {dag.py:3239} INFO - Sync 2 DAGs
[2024-10-31T09:21:39.949-0700] {logging_mixin.py:190} INFO - [2024-10-31T09:21:39.949-0700] {dag.py:4180} INFO - Setting next_dagrun for example_xcom_args to None, run_after=None
[2024-10-31T09:21:39.951-0700] {logging_mixin.py:190} INFO - [2024-10-31T09:21:39.951-0700] {dag.py:4180} INFO - Setting next_dagrun for example_xcom_args_with_operators to None, run_after=None
[2024-10-31T09:21:39.956-0700] {processor.py:208} INFO - Processing /Users/saiprasadreddykolan/Documents/E-commerce_project/venv/lib/python3.10/site-packages/airflow/example_dags/example_xcomargs.py took 0.063 seconds
[2024-10-31T09:23:05.540-0700] {processor.py:186} INFO - Started process (PID=39590) to work on /Users/saiprasadreddykolan/Documents/E-commerce_project/venv/lib/python3.10/site-packages/airflow/example_dags/example_xcomargs.py
[2024-10-31T09:23:05.542-0700] {processor.py:914} INFO - Processing file /Users/saiprasadreddykolan/Documents/E-commerce_project/venv/lib/python3.10/site-packages/airflow/example_dags/example_xcomargs.py for tasks to queue
[2024-10-31T09:23:05.542-0700] {logging_mixin.py:190} INFO - [2024-10-31T09:23:05.542-0700] {dagbag.py:588} INFO - Filling up the DagBag from /Users/saiprasadreddykolan/Documents/E-commerce_project/venv/lib/python3.10/site-packages/airflow/example_dags/example_xcomargs.py
[2024-10-31T09:23:05.555-0700] {processor.py:925} INFO - DAG(s) 'example_xcom_args', 'example_xcom_args_with_operators' retrieved from /Users/saiprasadreddykolan/Documents/E-commerce_project/venv/lib/python3.10/site-packages/airflow/example_dags/example_xcomargs.py
[2024-10-31T09:23:05.589-0700] {logging_mixin.py:190} INFO - [2024-10-31T09:23:05.589-0700] {dag.py:3239} INFO - Sync 2 DAGs
[2024-10-31T09:23:05.593-0700] {logging_mixin.py:190} INFO - [2024-10-31T09:23:05.593-0700] {dag.py:4180} INFO - Setting next_dagrun for example_xcom_args to None, run_after=None
[2024-10-31T09:23:05.594-0700] {logging_mixin.py:190} INFO - [2024-10-31T09:23:05.594-0700] {dag.py:4180} INFO - Setting next_dagrun for example_xcom_args_with_operators to None, run_after=None
[2024-10-31T09:23:05.599-0700] {processor.py:208} INFO - Processing /Users/saiprasadreddykolan/Documents/E-commerce_project/venv/lib/python3.10/site-packages/airflow/example_dags/example_xcomargs.py took 0.060 seconds
