[2024-10-30T17:39:59.982-0700] {processor.py:186} INFO - Started process (PID=7001) to work on /opt/anaconda3/lib/python3.12/site-packages/airflow/example_dags/example_latest_only.py
[2024-10-30T17:39:59.983-0700] {processor.py:914} INFO - Processing file /opt/anaconda3/lib/python3.12/site-packages/airflow/example_dags/example_latest_only.py for tasks to queue
[2024-10-30T17:39:59.983-0700] {logging_mixin.py:190} INFO - [2024-10-30T17:39:59.983-0700] {dagbag.py:588} INFO - Filling up the DagBag from /opt/anaconda3/lib/python3.12/site-packages/airflow/example_dags/example_latest_only.py
[2024-10-30T17:39:59.986-0700] {processor.py:925} INFO - DAG(s) 'latest_only' retrieved from /opt/anaconda3/lib/python3.12/site-packages/airflow/example_dags/example_latest_only.py
[2024-10-30T17:40:00.016-0700] {logging_mixin.py:190} INFO - [2024-10-30T17:40:00.016-0700] {dag.py:3239} INFO - Sync 1 DAGs
[2024-10-30T17:40:00.022-0700] {logging_mixin.py:190} INFO - [2024-10-30T17:40:00.022-0700] {dag.py:4180} INFO - Setting next_dagrun for latest_only to 2024-10-30 20:00:00+00:00, run_after=2024-10-31 00:00:00+00:00
[2024-10-30T17:40:00.028-0700] {processor.py:208} INFO - Processing /opt/anaconda3/lib/python3.12/site-packages/airflow/example_dags/example_latest_only.py took 0.046 seconds
[2024-10-30T18:51:30.932-0700] {processor.py:186} INFO - Started process (PID=7151) to work on /opt/anaconda3/lib/python3.12/site-packages/airflow/example_dags/example_latest_only.py
[2024-10-30T18:51:30.934-0700] {processor.py:914} INFO - Processing file /opt/anaconda3/lib/python3.12/site-packages/airflow/example_dags/example_latest_only.py for tasks to queue
[2024-10-30T18:51:30.935-0700] {logging_mixin.py:190} INFO - [2024-10-30T18:51:30.935-0700] {dagbag.py:588} INFO - Filling up the DagBag from /opt/anaconda3/lib/python3.12/site-packages/airflow/example_dags/example_latest_only.py
[2024-10-30T18:51:30.937-0700] {processor.py:925} INFO - DAG(s) 'latest_only' retrieved from /opt/anaconda3/lib/python3.12/site-packages/airflow/example_dags/example_latest_only.py
[2024-10-30T18:51:30.966-0700] {logging_mixin.py:190} INFO - [2024-10-30T18:51:30.966-0700] {dag.py:3239} INFO - Sync 1 DAGs
[2024-10-30T18:51:30.972-0700] {logging_mixin.py:190} INFO - [2024-10-30T18:51:30.972-0700] {dag.py:4180} INFO - Setting next_dagrun for latest_only to 2024-10-30 20:00:00+00:00, run_after=2024-10-31 00:00:00+00:00
[2024-10-30T18:51:30.977-0700] {processor.py:208} INFO - Processing /opt/anaconda3/lib/python3.12/site-packages/airflow/example_dags/example_latest_only.py took 0.047 seconds
[2024-10-30T20:59:59.433-0700] {processor.py:186} INFO - Started process (PID=9533) to work on /Users/saiprasadreddykolan/Documents/E-commerce_project/venv/lib/python3.10/site-packages/airflow/example_dags/example_latest_only.py
[2024-10-30T20:59:59.435-0700] {processor.py:914} INFO - Processing file /Users/saiprasadreddykolan/Documents/E-commerce_project/venv/lib/python3.10/site-packages/airflow/example_dags/example_latest_only.py for tasks to queue
[2024-10-30T20:59:59.435-0700] {logging_mixin.py:190} INFO - [2024-10-30T20:59:59.435-0700] {dagbag.py:588} INFO - Filling up the DagBag from /Users/saiprasadreddykolan/Documents/E-commerce_project/venv/lib/python3.10/site-packages/airflow/example_dags/example_latest_only.py
[2024-10-30T20:59:59.437-0700] {processor.py:925} INFO - DAG(s) 'latest_only' retrieved from /Users/saiprasadreddykolan/Documents/E-commerce_project/venv/lib/python3.10/site-packages/airflow/example_dags/example_latest_only.py
[2024-10-30T20:59:59.499-0700] {logging_mixin.py:190} INFO - [2024-10-30T20:59:59.499-0700] {dag.py:3239} INFO - Sync 1 DAGs
[2024-10-30T20:59:59.504-0700] {logging_mixin.py:190} INFO - [2024-10-30T20:59:59.504-0700] {dag.py:4180} INFO - Setting next_dagrun for latest_only to 2024-10-30T20:00:00+00:00, run_after=2024-10-31T00:00:00+00:00
[2024-10-30T20:59:59.511-0700] {processor.py:208} INFO - Processing /Users/saiprasadreddykolan/Documents/E-commerce_project/venv/lib/python3.10/site-packages/airflow/example_dags/example_latest_only.py took 0.079 seconds
[2024-10-30T21:01:35.652-0700] {processor.py:186} INFO - Started process (PID=9650) to work on /Users/saiprasadreddykolan/Documents/E-commerce_project/venv/lib/python3.10/site-packages/airflow/example_dags/example_latest_only.py
[2024-10-30T21:01:35.655-0700] {processor.py:914} INFO - Processing file /Users/saiprasadreddykolan/Documents/E-commerce_project/venv/lib/python3.10/site-packages/airflow/example_dags/example_latest_only.py for tasks to queue
[2024-10-30T21:01:35.655-0700] {logging_mixin.py:190} INFO - [2024-10-30T21:01:35.655-0700] {dagbag.py:588} INFO - Filling up the DagBag from /Users/saiprasadreddykolan/Documents/E-commerce_project/venv/lib/python3.10/site-packages/airflow/example_dags/example_latest_only.py
[2024-10-30T21:01:35.658-0700] {processor.py:925} INFO - DAG(s) 'latest_only' retrieved from /Users/saiprasadreddykolan/Documents/E-commerce_project/venv/lib/python3.10/site-packages/airflow/example_dags/example_latest_only.py
[2024-10-30T21:01:35.694-0700] {logging_mixin.py:190} INFO - [2024-10-30T21:01:35.694-0700] {dag.py:3239} INFO - Sync 1 DAGs
[2024-10-30T21:01:35.700-0700] {logging_mixin.py:190} INFO - [2024-10-30T21:01:35.700-0700] {dag.py:4180} INFO - Setting next_dagrun for latest_only to 2024-10-31T00:00:00+00:00, run_after=2024-10-31T04:00:00+00:00
[2024-10-30T21:01:35.706-0700] {processor.py:208} INFO - Processing /Users/saiprasadreddykolan/Documents/E-commerce_project/venv/lib/python3.10/site-packages/airflow/example_dags/example_latest_only.py took 0.054 seconds
[2024-10-30T21:03:43.987-0700] {processor.py:186} INFO - Started process (PID=9861) to work on /Users/saiprasadreddykolan/Documents/E-commerce_project/venv/lib/python3.10/site-packages/airflow/example_dags/example_latest_only.py
[2024-10-30T21:03:43.989-0700] {processor.py:914} INFO - Processing file /Users/saiprasadreddykolan/Documents/E-commerce_project/venv/lib/python3.10/site-packages/airflow/example_dags/example_latest_only.py for tasks to queue
[2024-10-30T21:03:43.989-0700] {logging_mixin.py:190} INFO - [2024-10-30T21:03:43.989-0700] {dagbag.py:588} INFO - Filling up the DagBag from /Users/saiprasadreddykolan/Documents/E-commerce_project/venv/lib/python3.10/site-packages/airflow/example_dags/example_latest_only.py
[2024-10-30T21:03:43.992-0700] {processor.py:925} INFO - DAG(s) 'latest_only' retrieved from /Users/saiprasadreddykolan/Documents/E-commerce_project/venv/lib/python3.10/site-packages/airflow/example_dags/example_latest_only.py
[2024-10-30T21:03:44.030-0700] {logging_mixin.py:190} INFO - [2024-10-30T21:03:44.029-0700] {dag.py:3239} INFO - Sync 1 DAGs
[2024-10-30T21:03:44.035-0700] {logging_mixin.py:190} INFO - [2024-10-30T21:03:44.035-0700] {dag.py:4180} INFO - Setting next_dagrun for latest_only to 2024-10-31T00:00:00+00:00, run_after=2024-10-31T04:00:00+00:00
[2024-10-30T21:03:44.040-0700] {processor.py:208} INFO - Processing /Users/saiprasadreddykolan/Documents/E-commerce_project/venv/lib/python3.10/site-packages/airflow/example_dags/example_latest_only.py took 0.055 seconds
[2024-10-30T21:05:57.625-0700] {processor.py:186} INFO - Started process (PID=10058) to work on /Users/saiprasadreddykolan/Documents/E-commerce_project/venv/lib/python3.10/site-packages/airflow/example_dags/example_latest_only.py
[2024-10-30T21:05:57.627-0700] {processor.py:914} INFO - Processing file /Users/saiprasadreddykolan/Documents/E-commerce_project/venv/lib/python3.10/site-packages/airflow/example_dags/example_latest_only.py for tasks to queue
[2024-10-30T21:05:57.628-0700] {logging_mixin.py:190} INFO - [2024-10-30T21:05:57.628-0700] {dagbag.py:588} INFO - Filling up the DagBag from /Users/saiprasadreddykolan/Documents/E-commerce_project/venv/lib/python3.10/site-packages/airflow/example_dags/example_latest_only.py
[2024-10-30T21:05:57.630-0700] {processor.py:925} INFO - DAG(s) 'latest_only' retrieved from /Users/saiprasadreddykolan/Documents/E-commerce_project/venv/lib/python3.10/site-packages/airflow/example_dags/example_latest_only.py
[2024-10-30T21:05:57.667-0700] {logging_mixin.py:190} INFO - [2024-10-30T21:05:57.667-0700] {dag.py:3239} INFO - Sync 1 DAGs
[2024-10-30T21:05:57.673-0700] {logging_mixin.py:190} INFO - [2024-10-30T21:05:57.673-0700] {dag.py:4180} INFO - Setting next_dagrun for latest_only to 2024-10-31T00:00:00+00:00, run_after=2024-10-31T04:00:00+00:00
[2024-10-30T21:05:57.678-0700] {processor.py:208} INFO - Processing /Users/saiprasadreddykolan/Documents/E-commerce_project/venv/lib/python3.10/site-packages/airflow/example_dags/example_latest_only.py took 0.055 seconds
[2024-10-30T21:08:13.575-0700] {processor.py:186} INFO - Started process (PID=10236) to work on /Users/saiprasadreddykolan/Documents/E-commerce_project/venv/lib/python3.10/site-packages/airflow/example_dags/example_latest_only.py
[2024-10-30T21:08:13.577-0700] {processor.py:914} INFO - Processing file /Users/saiprasadreddykolan/Documents/E-commerce_project/venv/lib/python3.10/site-packages/airflow/example_dags/example_latest_only.py for tasks to queue
[2024-10-30T21:08:13.577-0700] {logging_mixin.py:190} INFO - [2024-10-30T21:08:13.577-0700] {dagbag.py:588} INFO - Filling up the DagBag from /Users/saiprasadreddykolan/Documents/E-commerce_project/venv/lib/python3.10/site-packages/airflow/example_dags/example_latest_only.py
[2024-10-30T21:08:13.581-0700] {processor.py:925} INFO - DAG(s) 'latest_only' retrieved from /Users/saiprasadreddykolan/Documents/E-commerce_project/venv/lib/python3.10/site-packages/airflow/example_dags/example_latest_only.py
[2024-10-30T21:08:13.617-0700] {logging_mixin.py:190} INFO - [2024-10-30T21:08:13.617-0700] {dag.py:3239} INFO - Sync 1 DAGs
[2024-10-30T21:08:13.622-0700] {logging_mixin.py:190} INFO - [2024-10-30T21:08:13.622-0700] {dag.py:4180} INFO - Setting next_dagrun for latest_only to 2024-10-31T00:00:00+00:00, run_after=2024-10-31T04:00:00+00:00
[2024-10-30T21:08:13.628-0700] {processor.py:208} INFO - Processing /Users/saiprasadreddykolan/Documents/E-commerce_project/venv/lib/python3.10/site-packages/airflow/example_dags/example_latest_only.py took 0.054 seconds
[2024-10-30T21:10:29.183-0700] {processor.py:186} INFO - Started process (PID=10425) to work on /Users/saiprasadreddykolan/Documents/E-commerce_project/venv/lib/python3.10/site-packages/airflow/example_dags/example_latest_only.py
[2024-10-30T21:10:29.185-0700] {processor.py:914} INFO - Processing file /Users/saiprasadreddykolan/Documents/E-commerce_project/venv/lib/python3.10/site-packages/airflow/example_dags/example_latest_only.py for tasks to queue
[2024-10-30T21:10:29.186-0700] {logging_mixin.py:190} INFO - [2024-10-30T21:10:29.186-0700] {dagbag.py:588} INFO - Filling up the DagBag from /Users/saiprasadreddykolan/Documents/E-commerce_project/venv/lib/python3.10/site-packages/airflow/example_dags/example_latest_only.py
[2024-10-30T21:10:29.188-0700] {processor.py:925} INFO - DAG(s) 'latest_only' retrieved from /Users/saiprasadreddykolan/Documents/E-commerce_project/venv/lib/python3.10/site-packages/airflow/example_dags/example_latest_only.py
[2024-10-30T21:10:29.223-0700] {logging_mixin.py:190} INFO - [2024-10-30T21:10:29.223-0700] {dag.py:3239} INFO - Sync 1 DAGs
[2024-10-30T21:10:29.229-0700] {logging_mixin.py:190} INFO - [2024-10-30T21:10:29.229-0700] {dag.py:4180} INFO - Setting next_dagrun for latest_only to 2024-10-31T00:00:00+00:00, run_after=2024-10-31T04:00:00+00:00
[2024-10-30T21:10:29.234-0700] {processor.py:208} INFO - Processing /Users/saiprasadreddykolan/Documents/E-commerce_project/venv/lib/python3.10/site-packages/airflow/example_dags/example_latest_only.py took 0.052 seconds
[2024-10-30T21:12:38.058-0700] {processor.py:186} INFO - Started process (PID=10677) to work on /Users/saiprasadreddykolan/Documents/E-commerce_project/venv/lib/python3.10/site-packages/airflow/example_dags/example_latest_only.py
[2024-10-30T21:12:38.061-0700] {processor.py:914} INFO - Processing file /Users/saiprasadreddykolan/Documents/E-commerce_project/venv/lib/python3.10/site-packages/airflow/example_dags/example_latest_only.py for tasks to queue
[2024-10-30T21:12:38.061-0700] {logging_mixin.py:190} INFO - [2024-10-30T21:12:38.061-0700] {dagbag.py:588} INFO - Filling up the DagBag from /Users/saiprasadreddykolan/Documents/E-commerce_project/venv/lib/python3.10/site-packages/airflow/example_dags/example_latest_only.py
[2024-10-30T21:12:38.064-0700] {processor.py:925} INFO - DAG(s) 'latest_only' retrieved from /Users/saiprasadreddykolan/Documents/E-commerce_project/venv/lib/python3.10/site-packages/airflow/example_dags/example_latest_only.py
[2024-10-30T21:12:38.101-0700] {logging_mixin.py:190} INFO - [2024-10-30T21:12:38.100-0700] {dag.py:3239} INFO - Sync 1 DAGs
[2024-10-30T21:12:38.106-0700] {logging_mixin.py:190} INFO - [2024-10-30T21:12:38.106-0700] {dag.py:4180} INFO - Setting next_dagrun for latest_only to 2024-10-31T00:00:00+00:00, run_after=2024-10-31T04:00:00+00:00
[2024-10-30T21:12:38.112-0700] {processor.py:208} INFO - Processing /Users/saiprasadreddykolan/Documents/E-commerce_project/venv/lib/python3.10/site-packages/airflow/example_dags/example_latest_only.py took 0.055 seconds
[2024-10-30T21:14:48.040-0700] {processor.py:186} INFO - Started process (PID=12674) to work on /Users/saiprasadreddykolan/Documents/E-commerce_project/venv/lib/python3.10/site-packages/airflow/example_dags/example_latest_only.py
[2024-10-30T21:14:48.042-0700] {processor.py:914} INFO - Processing file /Users/saiprasadreddykolan/Documents/E-commerce_project/venv/lib/python3.10/site-packages/airflow/example_dags/example_latest_only.py for tasks to queue
[2024-10-30T21:14:48.043-0700] {logging_mixin.py:190} INFO - [2024-10-30T21:14:48.043-0700] {dagbag.py:588} INFO - Filling up the DagBag from /Users/saiprasadreddykolan/Documents/E-commerce_project/venv/lib/python3.10/site-packages/airflow/example_dags/example_latest_only.py
[2024-10-30T21:14:48.046-0700] {processor.py:925} INFO - DAG(s) 'latest_only' retrieved from /Users/saiprasadreddykolan/Documents/E-commerce_project/venv/lib/python3.10/site-packages/airflow/example_dags/example_latest_only.py
[2024-10-30T21:14:48.086-0700] {logging_mixin.py:190} INFO - [2024-10-30T21:14:48.086-0700] {dag.py:3239} INFO - Sync 1 DAGs
[2024-10-30T21:14:48.095-0700] {logging_mixin.py:190} INFO - [2024-10-30T21:14:48.094-0700] {dag.py:4180} INFO - Setting next_dagrun for latest_only to 2024-10-31T00:00:00+00:00, run_after=2024-10-31T04:00:00+00:00
[2024-10-30T21:14:48.101-0700] {processor.py:208} INFO - Processing /Users/saiprasadreddykolan/Documents/E-commerce_project/venv/lib/python3.10/site-packages/airflow/example_dags/example_latest_only.py took 0.062 seconds
[2024-10-30T21:17:09.851-0700] {processor.py:186} INFO - Started process (PID=33174) to work on /Users/saiprasadreddykolan/Documents/E-commerce_project/venv/lib/python3.10/site-packages/airflow/example_dags/example_latest_only.py
[2024-10-30T21:17:09.853-0700] {processor.py:914} INFO - Processing file /Users/saiprasadreddykolan/Documents/E-commerce_project/venv/lib/python3.10/site-packages/airflow/example_dags/example_latest_only.py for tasks to queue
[2024-10-30T21:17:09.854-0700] {logging_mixin.py:190} INFO - [2024-10-30T21:17:09.854-0700] {dagbag.py:588} INFO - Filling up the DagBag from /Users/saiprasadreddykolan/Documents/E-commerce_project/venv/lib/python3.10/site-packages/airflow/example_dags/example_latest_only.py
[2024-10-30T21:17:09.856-0700] {processor.py:925} INFO - DAG(s) 'latest_only' retrieved from /Users/saiprasadreddykolan/Documents/E-commerce_project/venv/lib/python3.10/site-packages/airflow/example_dags/example_latest_only.py
[2024-10-30T21:17:09.891-0700] {logging_mixin.py:190} INFO - [2024-10-30T21:17:09.891-0700] {dag.py:3239} INFO - Sync 1 DAGs
[2024-10-30T21:17:09.896-0700] {logging_mixin.py:190} INFO - [2024-10-30T21:17:09.896-0700] {dag.py:4180} INFO - Setting next_dagrun for latest_only to 2024-10-31T00:00:00+00:00, run_after=2024-10-31T04:00:00+00:00
[2024-10-30T21:17:09.902-0700] {processor.py:208} INFO - Processing /Users/saiprasadreddykolan/Documents/E-commerce_project/venv/lib/python3.10/site-packages/airflow/example_dags/example_latest_only.py took 0.052 seconds
[2024-10-30T21:19:23.262-0700] {processor.py:186} INFO - Started process (PID=33365) to work on /Users/saiprasadreddykolan/Documents/E-commerce_project/venv/lib/python3.10/site-packages/airflow/example_dags/example_latest_only.py
[2024-10-30T21:19:23.264-0700] {processor.py:914} INFO - Processing file /Users/saiprasadreddykolan/Documents/E-commerce_project/venv/lib/python3.10/site-packages/airflow/example_dags/example_latest_only.py for tasks to queue
[2024-10-30T21:19:23.264-0700] {logging_mixin.py:190} INFO - [2024-10-30T21:19:23.264-0700] {dagbag.py:588} INFO - Filling up the DagBag from /Users/saiprasadreddykolan/Documents/E-commerce_project/venv/lib/python3.10/site-packages/airflow/example_dags/example_latest_only.py
[2024-10-30T21:19:23.267-0700] {processor.py:925} INFO - DAG(s) 'latest_only' retrieved from /Users/saiprasadreddykolan/Documents/E-commerce_project/venv/lib/python3.10/site-packages/airflow/example_dags/example_latest_only.py
[2024-10-30T21:19:23.303-0700] {logging_mixin.py:190} INFO - [2024-10-30T21:19:23.303-0700] {dag.py:3239} INFO - Sync 1 DAGs
[2024-10-30T21:19:23.309-0700] {logging_mixin.py:190} INFO - [2024-10-30T21:19:23.309-0700] {dag.py:4180} INFO - Setting next_dagrun for latest_only to 2024-10-31T00:00:00+00:00, run_after=2024-10-31T04:00:00+00:00
[2024-10-30T21:19:23.315-0700] {processor.py:208} INFO - Processing /Users/saiprasadreddykolan/Documents/E-commerce_project/venv/lib/python3.10/site-packages/airflow/example_dags/example_latest_only.py took 0.054 seconds
[2024-10-30T21:21:32.139-0700] {processor.py:186} INFO - Started process (PID=33572) to work on /Users/saiprasadreddykolan/Documents/E-commerce_project/venv/lib/python3.10/site-packages/airflow/example_dags/example_latest_only.py
[2024-10-30T21:21:32.141-0700] {processor.py:914} INFO - Processing file /Users/saiprasadreddykolan/Documents/E-commerce_project/venv/lib/python3.10/site-packages/airflow/example_dags/example_latest_only.py for tasks to queue
[2024-10-30T21:21:32.141-0700] {logging_mixin.py:190} INFO - [2024-10-30T21:21:32.141-0700] {dagbag.py:588} INFO - Filling up the DagBag from /Users/saiprasadreddykolan/Documents/E-commerce_project/venv/lib/python3.10/site-packages/airflow/example_dags/example_latest_only.py
[2024-10-30T21:21:32.144-0700] {processor.py:925} INFO - DAG(s) 'latest_only' retrieved from /Users/saiprasadreddykolan/Documents/E-commerce_project/venv/lib/python3.10/site-packages/airflow/example_dags/example_latest_only.py
[2024-10-30T21:21:32.181-0700] {logging_mixin.py:190} INFO - [2024-10-30T21:21:32.181-0700] {dag.py:3239} INFO - Sync 1 DAGs
[2024-10-30T21:21:32.187-0700] {logging_mixin.py:190} INFO - [2024-10-30T21:21:32.187-0700] {dag.py:4180} INFO - Setting next_dagrun for latest_only to 2024-10-31T00:00:00+00:00, run_after=2024-10-31T04:00:00+00:00
[2024-10-30T21:21:32.194-0700] {processor.py:208} INFO - Processing /Users/saiprasadreddykolan/Documents/E-commerce_project/venv/lib/python3.10/site-packages/airflow/example_dags/example_latest_only.py took 0.056 seconds
[2024-10-30T21:23:47.396-0700] {processor.py:186} INFO - Started process (PID=33800) to work on /Users/saiprasadreddykolan/Documents/E-commerce_project/venv/lib/python3.10/site-packages/airflow/example_dags/example_latest_only.py
[2024-10-30T21:23:47.398-0700] {processor.py:914} INFO - Processing file /Users/saiprasadreddykolan/Documents/E-commerce_project/venv/lib/python3.10/site-packages/airflow/example_dags/example_latest_only.py for tasks to queue
[2024-10-30T21:23:47.399-0700] {logging_mixin.py:190} INFO - [2024-10-30T21:23:47.399-0700] {dagbag.py:588} INFO - Filling up the DagBag from /Users/saiprasadreddykolan/Documents/E-commerce_project/venv/lib/python3.10/site-packages/airflow/example_dags/example_latest_only.py
[2024-10-30T21:23:47.402-0700] {processor.py:925} INFO - DAG(s) 'latest_only' retrieved from /Users/saiprasadreddykolan/Documents/E-commerce_project/venv/lib/python3.10/site-packages/airflow/example_dags/example_latest_only.py
[2024-10-30T21:23:47.440-0700] {logging_mixin.py:190} INFO - [2024-10-30T21:23:47.439-0700] {dag.py:3239} INFO - Sync 1 DAGs
[2024-10-30T21:23:47.446-0700] {logging_mixin.py:190} INFO - [2024-10-30T21:23:47.446-0700] {dag.py:4180} INFO - Setting next_dagrun for latest_only to 2024-10-31T00:00:00+00:00, run_after=2024-10-31T04:00:00+00:00
[2024-10-30T21:23:47.452-0700] {processor.py:208} INFO - Processing /Users/saiprasadreddykolan/Documents/E-commerce_project/venv/lib/python3.10/site-packages/airflow/example_dags/example_latest_only.py took 0.058 seconds
[2024-10-30T21:26:01.919-0700] {processor.py:186} INFO - Started process (PID=36160) to work on /Users/saiprasadreddykolan/Documents/E-commerce_project/venv/lib/python3.10/site-packages/airflow/example_dags/example_latest_only.py
[2024-10-30T21:26:01.922-0700] {processor.py:914} INFO - Processing file /Users/saiprasadreddykolan/Documents/E-commerce_project/venv/lib/python3.10/site-packages/airflow/example_dags/example_latest_only.py for tasks to queue
[2024-10-30T21:26:01.922-0700] {logging_mixin.py:190} INFO - [2024-10-30T21:26:01.922-0700] {dagbag.py:588} INFO - Filling up the DagBag from /Users/saiprasadreddykolan/Documents/E-commerce_project/venv/lib/python3.10/site-packages/airflow/example_dags/example_latest_only.py
[2024-10-30T21:26:01.926-0700] {processor.py:925} INFO - DAG(s) 'latest_only' retrieved from /Users/saiprasadreddykolan/Documents/E-commerce_project/venv/lib/python3.10/site-packages/airflow/example_dags/example_latest_only.py
[2024-10-30T21:26:01.963-0700] {logging_mixin.py:190} INFO - [2024-10-30T21:26:01.962-0700] {dag.py:3239} INFO - Sync 1 DAGs
[2024-10-30T21:26:01.968-0700] {logging_mixin.py:190} INFO - [2024-10-30T21:26:01.968-0700] {dag.py:4180} INFO - Setting next_dagrun for latest_only to 2024-10-31T00:00:00+00:00, run_after=2024-10-31T04:00:00+00:00
[2024-10-30T21:26:01.974-0700] {processor.py:208} INFO - Processing /Users/saiprasadreddykolan/Documents/E-commerce_project/venv/lib/python3.10/site-packages/airflow/example_dags/example_latest_only.py took 0.056 seconds
[2024-10-30T21:28:14.693-0700] {processor.py:186} INFO - Started process (PID=36360) to work on /Users/saiprasadreddykolan/Documents/E-commerce_project/venv/lib/python3.10/site-packages/airflow/example_dags/example_latest_only.py
[2024-10-30T21:28:14.695-0700] {processor.py:914} INFO - Processing file /Users/saiprasadreddykolan/Documents/E-commerce_project/venv/lib/python3.10/site-packages/airflow/example_dags/example_latest_only.py for tasks to queue
[2024-10-30T21:28:14.695-0700] {logging_mixin.py:190} INFO - [2024-10-30T21:28:14.695-0700] {dagbag.py:588} INFO - Filling up the DagBag from /Users/saiprasadreddykolan/Documents/E-commerce_project/venv/lib/python3.10/site-packages/airflow/example_dags/example_latest_only.py
[2024-10-30T21:28:14.698-0700] {processor.py:925} INFO - DAG(s) 'latest_only' retrieved from /Users/saiprasadreddykolan/Documents/E-commerce_project/venv/lib/python3.10/site-packages/airflow/example_dags/example_latest_only.py
[2024-10-30T21:28:14.736-0700] {logging_mixin.py:190} INFO - [2024-10-30T21:28:14.735-0700] {dag.py:3239} INFO - Sync 1 DAGs
[2024-10-30T21:28:14.742-0700] {logging_mixin.py:190} INFO - [2024-10-30T21:28:14.742-0700] {dag.py:4180} INFO - Setting next_dagrun for latest_only to 2024-10-31T00:00:00+00:00, run_after=2024-10-31T04:00:00+00:00
[2024-10-30T21:28:14.748-0700] {processor.py:208} INFO - Processing /Users/saiprasadreddykolan/Documents/E-commerce_project/venv/lib/python3.10/site-packages/airflow/example_dags/example_latest_only.py took 0.057 seconds
[2024-10-30T21:30:21.840-0700] {processor.py:186} INFO - Started process (PID=36570) to work on /Users/saiprasadreddykolan/Documents/E-commerce_project/venv/lib/python3.10/site-packages/airflow/example_dags/example_latest_only.py
[2024-10-30T21:30:21.842-0700] {processor.py:914} INFO - Processing file /Users/saiprasadreddykolan/Documents/E-commerce_project/venv/lib/python3.10/site-packages/airflow/example_dags/example_latest_only.py for tasks to queue
[2024-10-30T21:30:21.842-0700] {logging_mixin.py:190} INFO - [2024-10-30T21:30:21.842-0700] {dagbag.py:588} INFO - Filling up the DagBag from /Users/saiprasadreddykolan/Documents/E-commerce_project/venv/lib/python3.10/site-packages/airflow/example_dags/example_latest_only.py
[2024-10-30T21:30:21.845-0700] {processor.py:925} INFO - DAG(s) 'latest_only' retrieved from /Users/saiprasadreddykolan/Documents/E-commerce_project/venv/lib/python3.10/site-packages/airflow/example_dags/example_latest_only.py
[2024-10-30T21:30:21.880-0700] {logging_mixin.py:190} INFO - [2024-10-30T21:30:21.880-0700] {dag.py:3239} INFO - Sync 1 DAGs
[2024-10-30T21:30:21.885-0700] {logging_mixin.py:190} INFO - [2024-10-30T21:30:21.885-0700] {dag.py:4180} INFO - Setting next_dagrun for latest_only to 2024-10-31T00:00:00+00:00, run_after=2024-10-31T04:00:00+00:00
[2024-10-30T21:30:21.891-0700] {processor.py:208} INFO - Processing /Users/saiprasadreddykolan/Documents/E-commerce_project/venv/lib/python3.10/site-packages/airflow/example_dags/example_latest_only.py took 0.052 seconds
[2024-10-30T21:32:41.652-0700] {processor.py:186} INFO - Started process (PID=36759) to work on /Users/saiprasadreddykolan/Documents/E-commerce_project/venv/lib/python3.10/site-packages/airflow/example_dags/example_latest_only.py
[2024-10-30T21:32:41.655-0700] {processor.py:914} INFO - Processing file /Users/saiprasadreddykolan/Documents/E-commerce_project/venv/lib/python3.10/site-packages/airflow/example_dags/example_latest_only.py for tasks to queue
[2024-10-30T21:32:41.655-0700] {logging_mixin.py:190} INFO - [2024-10-30T21:32:41.655-0700] {dagbag.py:588} INFO - Filling up the DagBag from /Users/saiprasadreddykolan/Documents/E-commerce_project/venv/lib/python3.10/site-packages/airflow/example_dags/example_latest_only.py
[2024-10-30T21:32:41.659-0700] {processor.py:925} INFO - DAG(s) 'latest_only' retrieved from /Users/saiprasadreddykolan/Documents/E-commerce_project/venv/lib/python3.10/site-packages/airflow/example_dags/example_latest_only.py
[2024-10-30T21:32:41.697-0700] {logging_mixin.py:190} INFO - [2024-10-30T21:32:41.696-0700] {dag.py:3239} INFO - Sync 1 DAGs
[2024-10-30T21:32:41.702-0700] {logging_mixin.py:190} INFO - [2024-10-30T21:32:41.702-0700] {dag.py:4180} INFO - Setting next_dagrun for latest_only to 2024-10-31T00:00:00+00:00, run_after=2024-10-31T04:00:00+00:00
[2024-10-30T21:32:41.708-0700] {processor.py:208} INFO - Processing /Users/saiprasadreddykolan/Documents/E-commerce_project/venv/lib/python3.10/site-packages/airflow/example_dags/example_latest_only.py took 0.057 seconds
[2024-10-30T21:34:59.257-0700] {processor.py:186} INFO - Started process (PID=36932) to work on /Users/saiprasadreddykolan/Documents/E-commerce_project/venv/lib/python3.10/site-packages/airflow/example_dags/example_latest_only.py
[2024-10-30T21:34:59.259-0700] {processor.py:914} INFO - Processing file /Users/saiprasadreddykolan/Documents/E-commerce_project/venv/lib/python3.10/site-packages/airflow/example_dags/example_latest_only.py for tasks to queue
[2024-10-30T21:34:59.259-0700] {logging_mixin.py:190} INFO - [2024-10-30T21:34:59.259-0700] {dagbag.py:588} INFO - Filling up the DagBag from /Users/saiprasadreddykolan/Documents/E-commerce_project/venv/lib/python3.10/site-packages/airflow/example_dags/example_latest_only.py
[2024-10-30T21:34:59.261-0700] {processor.py:925} INFO - DAG(s) 'latest_only' retrieved from /Users/saiprasadreddykolan/Documents/E-commerce_project/venv/lib/python3.10/site-packages/airflow/example_dags/example_latest_only.py
[2024-10-30T21:34:59.297-0700] {logging_mixin.py:190} INFO - [2024-10-30T21:34:59.297-0700] {dag.py:3239} INFO - Sync 1 DAGs
[2024-10-30T21:34:59.304-0700] {logging_mixin.py:190} INFO - [2024-10-30T21:34:59.304-0700] {dag.py:4180} INFO - Setting next_dagrun for latest_only to 2024-10-31T00:00:00+00:00, run_after=2024-10-31T04:00:00+00:00
[2024-10-30T21:34:59.309-0700] {processor.py:208} INFO - Processing /Users/saiprasadreddykolan/Documents/E-commerce_project/venv/lib/python3.10/site-packages/airflow/example_dags/example_latest_only.py took 0.054 seconds
[2024-10-30T21:37:12.984-0700] {processor.py:186} INFO - Started process (PID=37097) to work on /Users/saiprasadreddykolan/Documents/E-commerce_project/venv/lib/python3.10/site-packages/airflow/example_dags/example_latest_only.py
[2024-10-30T21:37:12.985-0700] {processor.py:914} INFO - Processing file /Users/saiprasadreddykolan/Documents/E-commerce_project/venv/lib/python3.10/site-packages/airflow/example_dags/example_latest_only.py for tasks to queue
[2024-10-30T21:37:12.986-0700] {logging_mixin.py:190} INFO - [2024-10-30T21:37:12.986-0700] {dagbag.py:588} INFO - Filling up the DagBag from /Users/saiprasadreddykolan/Documents/E-commerce_project/venv/lib/python3.10/site-packages/airflow/example_dags/example_latest_only.py
[2024-10-30T21:37:12.988-0700] {processor.py:925} INFO - DAG(s) 'latest_only' retrieved from /Users/saiprasadreddykolan/Documents/E-commerce_project/venv/lib/python3.10/site-packages/airflow/example_dags/example_latest_only.py
[2024-10-30T21:37:13.023-0700] {logging_mixin.py:190} INFO - [2024-10-30T21:37:13.023-0700] {dag.py:3239} INFO - Sync 1 DAGs
[2024-10-30T21:37:13.029-0700] {logging_mixin.py:190} INFO - [2024-10-30T21:37:13.029-0700] {dag.py:4180} INFO - Setting next_dagrun for latest_only to 2024-10-31T00:00:00+00:00, run_after=2024-10-31T04:00:00+00:00
[2024-10-30T21:37:13.034-0700] {processor.py:208} INFO - Processing /Users/saiprasadreddykolan/Documents/E-commerce_project/venv/lib/python3.10/site-packages/airflow/example_dags/example_latest_only.py took 0.052 seconds
[2024-10-30T21:39:23.366-0700] {processor.py:186} INFO - Started process (PID=37279) to work on /Users/saiprasadreddykolan/Documents/E-commerce_project/venv/lib/python3.10/site-packages/airflow/example_dags/example_latest_only.py
[2024-10-30T21:39:23.368-0700] {processor.py:914} INFO - Processing file /Users/saiprasadreddykolan/Documents/E-commerce_project/venv/lib/python3.10/site-packages/airflow/example_dags/example_latest_only.py for tasks to queue
[2024-10-30T21:39:23.369-0700] {logging_mixin.py:190} INFO - [2024-10-30T21:39:23.369-0700] {dagbag.py:588} INFO - Filling up the DagBag from /Users/saiprasadreddykolan/Documents/E-commerce_project/venv/lib/python3.10/site-packages/airflow/example_dags/example_latest_only.py
[2024-10-30T21:39:23.371-0700] {processor.py:925} INFO - DAG(s) 'latest_only' retrieved from /Users/saiprasadreddykolan/Documents/E-commerce_project/venv/lib/python3.10/site-packages/airflow/example_dags/example_latest_only.py
[2024-10-30T21:39:23.408-0700] {logging_mixin.py:190} INFO - [2024-10-30T21:39:23.408-0700] {dag.py:3239} INFO - Sync 1 DAGs
[2024-10-30T21:39:23.414-0700] {logging_mixin.py:190} INFO - [2024-10-30T21:39:23.414-0700] {dag.py:4180} INFO - Setting next_dagrun for latest_only to 2024-10-31T00:00:00+00:00, run_after=2024-10-31T04:00:00+00:00
[2024-10-30T21:39:23.420-0700] {processor.py:208} INFO - Processing /Users/saiprasadreddykolan/Documents/E-commerce_project/venv/lib/python3.10/site-packages/airflow/example_dags/example_latest_only.py took 0.055 seconds
[2024-10-30T21:41:35.727-0700] {processor.py:186} INFO - Started process (PID=37445) to work on /Users/saiprasadreddykolan/Documents/E-commerce_project/venv/lib/python3.10/site-packages/airflow/example_dags/example_latest_only.py
[2024-10-30T21:41:35.730-0700] {processor.py:914} INFO - Processing file /Users/saiprasadreddykolan/Documents/E-commerce_project/venv/lib/python3.10/site-packages/airflow/example_dags/example_latest_only.py for tasks to queue
[2024-10-30T21:41:35.730-0700] {logging_mixin.py:190} INFO - [2024-10-30T21:41:35.730-0700] {dagbag.py:588} INFO - Filling up the DagBag from /Users/saiprasadreddykolan/Documents/E-commerce_project/venv/lib/python3.10/site-packages/airflow/example_dags/example_latest_only.py
[2024-10-30T21:41:35.732-0700] {processor.py:925} INFO - DAG(s) 'latest_only' retrieved from /Users/saiprasadreddykolan/Documents/E-commerce_project/venv/lib/python3.10/site-packages/airflow/example_dags/example_latest_only.py
[2024-10-30T21:41:35.767-0700] {logging_mixin.py:190} INFO - [2024-10-30T21:41:35.766-0700] {dag.py:3239} INFO - Sync 1 DAGs
[2024-10-30T21:41:35.772-0700] {logging_mixin.py:190} INFO - [2024-10-30T21:41:35.772-0700] {dag.py:4180} INFO - Setting next_dagrun for latest_only to 2024-10-31T00:00:00+00:00, run_after=2024-10-31T04:00:00+00:00
[2024-10-30T21:41:35.777-0700] {processor.py:208} INFO - Processing /Users/saiprasadreddykolan/Documents/E-commerce_project/venv/lib/python3.10/site-packages/airflow/example_dags/example_latest_only.py took 0.051 seconds
[2024-10-30T23:05:25.280-0700] {processor.py:186} INFO - Started process (PID=37762) to work on /Users/saiprasadreddykolan/Documents/E-commerce_project/venv/lib/python3.10/site-packages/airflow/example_dags/example_latest_only.py
[2024-10-30T23:05:25.282-0700] {processor.py:914} INFO - Processing file /Users/saiprasadreddykolan/Documents/E-commerce_project/venv/lib/python3.10/site-packages/airflow/example_dags/example_latest_only.py for tasks to queue
[2024-10-30T23:05:25.283-0700] {logging_mixin.py:190} INFO - [2024-10-30T23:05:25.283-0700] {dagbag.py:588} INFO - Filling up the DagBag from /Users/saiprasadreddykolan/Documents/E-commerce_project/venv/lib/python3.10/site-packages/airflow/example_dags/example_latest_only.py
[2024-10-30T23:05:25.285-0700] {processor.py:925} INFO - DAG(s) 'latest_only' retrieved from /Users/saiprasadreddykolan/Documents/E-commerce_project/venv/lib/python3.10/site-packages/airflow/example_dags/example_latest_only.py
[2024-10-30T23:05:25.319-0700] {logging_mixin.py:190} INFO - [2024-10-30T23:05:25.319-0700] {dag.py:3239} INFO - Sync 1 DAGs
[2024-10-30T23:05:25.325-0700] {logging_mixin.py:190} INFO - [2024-10-30T23:05:25.325-0700] {dag.py:4180} INFO - Setting next_dagrun for latest_only to 2024-10-31T00:00:00+00:00, run_after=2024-10-31T04:00:00+00:00
[2024-10-30T23:05:25.330-0700] {processor.py:208} INFO - Processing /Users/saiprasadreddykolan/Documents/E-commerce_project/venv/lib/python3.10/site-packages/airflow/example_dags/example_latest_only.py took 0.051 seconds
[2024-10-31T00:36:49.418-0700] {processor.py:186} INFO - Started process (PID=37978) to work on /Users/saiprasadreddykolan/Documents/E-commerce_project/venv/lib/python3.10/site-packages/airflow/example_dags/example_latest_only.py
[2024-10-31T00:36:49.420-0700] {processor.py:914} INFO - Processing file /Users/saiprasadreddykolan/Documents/E-commerce_project/venv/lib/python3.10/site-packages/airflow/example_dags/example_latest_only.py for tasks to queue
[2024-10-31T00:36:49.421-0700] {logging_mixin.py:190} INFO - [2024-10-31T00:36:49.421-0700] {dagbag.py:588} INFO - Filling up the DagBag from /Users/saiprasadreddykolan/Documents/E-commerce_project/venv/lib/python3.10/site-packages/airflow/example_dags/example_latest_only.py
[2024-10-31T00:36:49.423-0700] {processor.py:925} INFO - DAG(s) 'latest_only' retrieved from /Users/saiprasadreddykolan/Documents/E-commerce_project/venv/lib/python3.10/site-packages/airflow/example_dags/example_latest_only.py
[2024-10-31T00:36:49.458-0700] {logging_mixin.py:190} INFO - [2024-10-31T00:36:49.458-0700] {dag.py:3239} INFO - Sync 1 DAGs
[2024-10-31T00:36:49.464-0700] {logging_mixin.py:190} INFO - [2024-10-31T00:36:49.464-0700] {dag.py:4180} INFO - Setting next_dagrun for latest_only to 2024-10-31T00:00:00+00:00, run_after=2024-10-31T04:00:00+00:00
[2024-10-31T00:36:49.469-0700] {processor.py:208} INFO - Processing /Users/saiprasadreddykolan/Documents/E-commerce_project/venv/lib/python3.10/site-packages/airflow/example_dags/example_latest_only.py took 0.052 seconds
[2024-10-31T01:51:30.961-0700] {processor.py:186} INFO - Started process (PID=38219) to work on /Users/saiprasadreddykolan/Documents/E-commerce_project/venv/lib/python3.10/site-packages/airflow/example_dags/example_latest_only.py
[2024-10-31T01:51:30.963-0700] {processor.py:914} INFO - Processing file /Users/saiprasadreddykolan/Documents/E-commerce_project/venv/lib/python3.10/site-packages/airflow/example_dags/example_latest_only.py for tasks to queue
[2024-10-31T01:51:30.964-0700] {logging_mixin.py:190} INFO - [2024-10-31T01:51:30.964-0700] {dagbag.py:588} INFO - Filling up the DagBag from /Users/saiprasadreddykolan/Documents/E-commerce_project/venv/lib/python3.10/site-packages/airflow/example_dags/example_latest_only.py
[2024-10-31T01:51:30.966-0700] {processor.py:925} INFO - DAG(s) 'latest_only' retrieved from /Users/saiprasadreddykolan/Documents/E-commerce_project/venv/lib/python3.10/site-packages/airflow/example_dags/example_latest_only.py
[2024-10-31T01:51:31.000-0700] {logging_mixin.py:190} INFO - [2024-10-31T01:51:31.000-0700] {dag.py:3239} INFO - Sync 1 DAGs
[2024-10-31T01:51:31.006-0700] {logging_mixin.py:190} INFO - [2024-10-31T01:51:31.006-0700] {dag.py:4180} INFO - Setting next_dagrun for latest_only to 2024-10-31T04:00:00+00:00, run_after=2024-10-31T08:00:00+00:00
[2024-10-31T01:51:31.011-0700] {processor.py:208} INFO - Processing /Users/saiprasadreddykolan/Documents/E-commerce_project/venv/lib/python3.10/site-packages/airflow/example_dags/example_latest_only.py took 0.051 seconds
[2024-10-31T04:42:06.703-0700] {processor.py:186} INFO - Started process (PID=38567) to work on /Users/saiprasadreddykolan/Documents/E-commerce_project/venv/lib/python3.10/site-packages/airflow/example_dags/example_latest_only.py
[2024-10-31T04:42:06.706-0700] {processor.py:914} INFO - Processing file /Users/saiprasadreddykolan/Documents/E-commerce_project/venv/lib/python3.10/site-packages/airflow/example_dags/example_latest_only.py for tasks to queue
[2024-10-31T04:42:06.706-0700] {logging_mixin.py:190} INFO - [2024-10-31T04:42:06.706-0700] {dagbag.py:588} INFO - Filling up the DagBag from /Users/saiprasadreddykolan/Documents/E-commerce_project/venv/lib/python3.10/site-packages/airflow/example_dags/example_latest_only.py
[2024-10-31T04:42:06.708-0700] {processor.py:925} INFO - DAG(s) 'latest_only' retrieved from /Users/saiprasadreddykolan/Documents/E-commerce_project/venv/lib/python3.10/site-packages/airflow/example_dags/example_latest_only.py
[2024-10-31T04:42:06.742-0700] {logging_mixin.py:190} INFO - [2024-10-31T04:42:06.742-0700] {dag.py:3239} INFO - Sync 1 DAGs
[2024-10-31T04:42:06.748-0700] {logging_mixin.py:190} INFO - [2024-10-31T04:42:06.748-0700] {dag.py:4180} INFO - Setting next_dagrun for latest_only to 2024-10-31T04:00:00+00:00, run_after=2024-10-31T08:00:00+00:00
[2024-10-31T04:42:06.753-0700] {processor.py:208} INFO - Processing /Users/saiprasadreddykolan/Documents/E-commerce_project/venv/lib/python3.10/site-packages/airflow/example_dags/example_latest_only.py took 0.051 seconds
[2024-10-31T05:52:18.776-0700] {processor.py:186} INFO - Started process (PID=38804) to work on /Users/saiprasadreddykolan/Documents/E-commerce_project/venv/lib/python3.10/site-packages/airflow/example_dags/example_latest_only.py
[2024-10-31T05:52:18.778-0700] {processor.py:914} INFO - Processing file /Users/saiprasadreddykolan/Documents/E-commerce_project/venv/lib/python3.10/site-packages/airflow/example_dags/example_latest_only.py for tasks to queue
[2024-10-31T05:52:18.778-0700] {logging_mixin.py:190} INFO - [2024-10-31T05:52:18.778-0700] {dagbag.py:588} INFO - Filling up the DagBag from /Users/saiprasadreddykolan/Documents/E-commerce_project/venv/lib/python3.10/site-packages/airflow/example_dags/example_latest_only.py
[2024-10-31T05:52:18.780-0700] {processor.py:925} INFO - DAG(s) 'latest_only' retrieved from /Users/saiprasadreddykolan/Documents/E-commerce_project/venv/lib/python3.10/site-packages/airflow/example_dags/example_latest_only.py
[2024-10-31T05:52:18.814-0700] {logging_mixin.py:190} INFO - [2024-10-31T05:52:18.814-0700] {dag.py:3239} INFO - Sync 1 DAGs
[2024-10-31T05:52:18.820-0700] {logging_mixin.py:190} INFO - [2024-10-31T05:52:18.820-0700] {dag.py:4180} INFO - Setting next_dagrun for latest_only to 2024-10-31T08:00:00+00:00, run_after=2024-10-31T12:00:00+00:00
[2024-10-31T05:52:18.825-0700] {processor.py:208} INFO - Processing /Users/saiprasadreddykolan/Documents/E-commerce_project/venv/lib/python3.10/site-packages/airflow/example_dags/example_latest_only.py took 0.050 seconds
[2024-10-31T07:15:56.273-0700] {processor.py:186} INFO - Started process (PID=39057) to work on /Users/saiprasadreddykolan/Documents/E-commerce_project/venv/lib/python3.10/site-packages/airflow/example_dags/example_latest_only.py
[2024-10-31T07:15:56.274-0700] {processor.py:914} INFO - Processing file /Users/saiprasadreddykolan/Documents/E-commerce_project/venv/lib/python3.10/site-packages/airflow/example_dags/example_latest_only.py for tasks to queue
[2024-10-31T07:15:56.275-0700] {logging_mixin.py:190} INFO - [2024-10-31T07:15:56.275-0700] {dagbag.py:588} INFO - Filling up the DagBag from /Users/saiprasadreddykolan/Documents/E-commerce_project/venv/lib/python3.10/site-packages/airflow/example_dags/example_latest_only.py
[2024-10-31T07:15:56.277-0700] {processor.py:925} INFO - DAG(s) 'latest_only' retrieved from /Users/saiprasadreddykolan/Documents/E-commerce_project/venv/lib/python3.10/site-packages/airflow/example_dags/example_latest_only.py
[2024-10-31T07:15:56.311-0700] {logging_mixin.py:190} INFO - [2024-10-31T07:15:56.311-0700] {dag.py:3239} INFO - Sync 1 DAGs
[2024-10-31T07:15:56.317-0700] {logging_mixin.py:190} INFO - [2024-10-31T07:15:56.317-0700] {dag.py:4180} INFO - Setting next_dagrun for latest_only to 2024-10-31T08:00:00+00:00, run_after=2024-10-31T12:00:00+00:00
[2024-10-31T07:15:56.322-0700] {processor.py:208} INFO - Processing /Users/saiprasadreddykolan/Documents/E-commerce_project/venv/lib/python3.10/site-packages/airflow/example_dags/example_latest_only.py took 0.050 seconds
[2024-10-31T07:58:40.879-0700] {processor.py:186} INFO - Started process (PID=39205) to work on /Users/saiprasadreddykolan/Documents/E-commerce_project/venv/lib/python3.10/site-packages/airflow/example_dags/example_latest_only.py
[2024-10-31T07:58:40.881-0700] {processor.py:914} INFO - Processing file /Users/saiprasadreddykolan/Documents/E-commerce_project/venv/lib/python3.10/site-packages/airflow/example_dags/example_latest_only.py for tasks to queue
[2024-10-31T07:58:40.881-0700] {logging_mixin.py:190} INFO - [2024-10-31T07:58:40.881-0700] {dagbag.py:588} INFO - Filling up the DagBag from /Users/saiprasadreddykolan/Documents/E-commerce_project/venv/lib/python3.10/site-packages/airflow/example_dags/example_latest_only.py
[2024-10-31T07:58:40.884-0700] {processor.py:925} INFO - DAG(s) 'latest_only' retrieved from /Users/saiprasadreddykolan/Documents/E-commerce_project/venv/lib/python3.10/site-packages/airflow/example_dags/example_latest_only.py
[2024-10-31T07:58:40.918-0700] {logging_mixin.py:190} INFO - [2024-10-31T07:58:40.918-0700] {dag.py:3239} INFO - Sync 1 DAGs
[2024-10-31T07:58:40.925-0700] {logging_mixin.py:190} INFO - [2024-10-31T07:58:40.925-0700] {dag.py:4180} INFO - Setting next_dagrun for latest_only to 2024-10-31T08:00:00+00:00, run_after=2024-10-31T12:00:00+00:00
[2024-10-31T07:58:40.931-0700] {processor.py:208} INFO - Processing /Users/saiprasadreddykolan/Documents/E-commerce_project/venv/lib/python3.10/site-packages/airflow/example_dags/example_latest_only.py took 0.053 seconds
[2024-10-31T09:03:48.186-0700] {processor.py:186} INFO - Started process (PID=39466) to work on /Users/saiprasadreddykolan/Documents/E-commerce_project/venv/lib/python3.10/site-packages/airflow/example_dags/example_latest_only.py
[2024-10-31T09:03:48.188-0700] {processor.py:914} INFO - Processing file /Users/saiprasadreddykolan/Documents/E-commerce_project/venv/lib/python3.10/site-packages/airflow/example_dags/example_latest_only.py for tasks to queue
[2024-10-31T09:03:48.189-0700] {logging_mixin.py:190} INFO - [2024-10-31T09:03:48.189-0700] {dagbag.py:588} INFO - Filling up the DagBag from /Users/saiprasadreddykolan/Documents/E-commerce_project/venv/lib/python3.10/site-packages/airflow/example_dags/example_latest_only.py
[2024-10-31T09:03:48.191-0700] {processor.py:925} INFO - DAG(s) 'latest_only' retrieved from /Users/saiprasadreddykolan/Documents/E-commerce_project/venv/lib/python3.10/site-packages/airflow/example_dags/example_latest_only.py
[2024-10-31T09:03:48.225-0700] {logging_mixin.py:190} INFO - [2024-10-31T09:03:48.225-0700] {dag.py:3239} INFO - Sync 1 DAGs
[2024-10-31T09:03:48.230-0700] {logging_mixin.py:190} INFO - [2024-10-31T09:03:48.230-0700] {dag.py:4180} INFO - Setting next_dagrun for latest_only to 2024-10-31T12:00:00+00:00, run_after=2024-10-31T16:00:00+00:00
[2024-10-31T09:03:48.236-0700] {processor.py:208} INFO - Processing /Users/saiprasadreddykolan/Documents/E-commerce_project/venv/lib/python3.10/site-packages/airflow/example_dags/example_latest_only.py took 0.050 seconds
[2024-10-31T09:30:31.756-0700] {processor.py:186} INFO - Started process (PID=39699) to work on /Users/saiprasadreddykolan/Documents/E-commerce_project/venv/lib/python3.10/site-packages/airflow/example_dags/example_latest_only.py
[2024-10-31T09:30:31.758-0700] {processor.py:914} INFO - Processing file /Users/saiprasadreddykolan/Documents/E-commerce_project/venv/lib/python3.10/site-packages/airflow/example_dags/example_latest_only.py for tasks to queue
[2024-10-31T09:30:31.758-0700] {logging_mixin.py:190} INFO - [2024-10-31T09:30:31.758-0700] {dagbag.py:588} INFO - Filling up the DagBag from /Users/saiprasadreddykolan/Documents/E-commerce_project/venv/lib/python3.10/site-packages/airflow/example_dags/example_latest_only.py
[2024-10-31T09:30:31.761-0700] {processor.py:925} INFO - DAG(s) 'latest_only' retrieved from /Users/saiprasadreddykolan/Documents/E-commerce_project/venv/lib/python3.10/site-packages/airflow/example_dags/example_latest_only.py
[2024-10-31T09:30:31.801-0700] {logging_mixin.py:190} INFO - [2024-10-31T09:30:31.801-0700] {dag.py:3239} INFO - Sync 1 DAGs
[2024-10-31T09:30:31.808-0700] {logging_mixin.py:190} INFO - [2024-10-31T09:30:31.808-0700] {dag.py:4180} INFO - Setting next_dagrun for latest_only to 2024-10-31T12:00:00+00:00, run_after=2024-10-31T16:00:00+00:00
[2024-10-31T09:30:31.814-0700] {processor.py:208} INFO - Processing /Users/saiprasadreddykolan/Documents/E-commerce_project/venv/lib/python3.10/site-packages/airflow/example_dags/example_latest_only.py took 0.060 seconds
