[2024-10-30T17:40:08.970-0700] {processor.py:186} INFO - Started process (PID=7013) to work on /opt/anaconda3/lib/python3.12/site-packages/airflow/example_dags/example_dynamic_task_mapping.py
[2024-10-30T17:40:08.971-0700] {processor.py:914} INFO - Processing file /opt/anaconda3/lib/python3.12/site-packages/airflow/example_dags/example_dynamic_task_mapping.py for tasks to queue
[2024-10-30T17:40:08.971-0700] {logging_mixin.py:190} INFO - [2024-10-30T17:40:08.971-0700] {dagbag.py:588} INFO - Filling up the DagBag from /opt/anaconda3/lib/python3.12/site-packages/airflow/example_dags/example_dynamic_task_mapping.py
[2024-10-30T17:40:08.984-0700] {processor.py:925} INFO - DAG(s) 'example_dynamic_task_mapping' retrieved from /opt/anaconda3/lib/python3.12/site-packages/airflow/example_dags/example_dynamic_task_mapping.py
[2024-10-30T17:40:09.012-0700] {logging_mixin.py:190} INFO - [2024-10-30T17:40:09.012-0700] {dag.py:3239} INFO - Sync 1 DAGs
[2024-10-30T17:40:09.015-0700] {logging_mixin.py:190} INFO - [2024-10-30T17:40:09.015-0700] {dag.py:4180} INFO - Setting next_dagrun for example_dynamic_task_mapping to None, run_after=None
[2024-10-30T17:40:09.020-0700] {processor.py:208} INFO - Processing /opt/anaconda3/lib/python3.12/site-packages/airflow/example_dags/example_dynamic_task_mapping.py took 0.051 seconds
[2024-10-30T18:51:39.261-0700] {processor.py:186} INFO - Started process (PID=7164) to work on /opt/anaconda3/lib/python3.12/site-packages/airflow/example_dags/example_dynamic_task_mapping.py
[2024-10-30T18:51:39.261-0700] {processor.py:914} INFO - Processing file /opt/anaconda3/lib/python3.12/site-packages/airflow/example_dags/example_dynamic_task_mapping.py for tasks to queue
[2024-10-30T18:51:39.262-0700] {logging_mixin.py:190} INFO - [2024-10-30T18:51:39.262-0700] {dagbag.py:588} INFO - Filling up the DagBag from /opt/anaconda3/lib/python3.12/site-packages/airflow/example_dags/example_dynamic_task_mapping.py
[2024-10-30T18:51:39.275-0700] {processor.py:925} INFO - DAG(s) 'example_dynamic_task_mapping' retrieved from /opt/anaconda3/lib/python3.12/site-packages/airflow/example_dags/example_dynamic_task_mapping.py
[2024-10-30T18:51:39.303-0700] {logging_mixin.py:190} INFO - [2024-10-30T18:51:39.302-0700] {dag.py:3239} INFO - Sync 1 DAGs
[2024-10-30T18:51:39.306-0700] {logging_mixin.py:190} INFO - [2024-10-30T18:51:39.306-0700] {dag.py:4180} INFO - Setting next_dagrun for example_dynamic_task_mapping to None, run_after=None
[2024-10-30T18:51:39.311-0700] {processor.py:208} INFO - Processing /opt/anaconda3/lib/python3.12/site-packages/airflow/example_dags/example_dynamic_task_mapping.py took 0.051 seconds
[2024-10-30T21:00:08.446-0700] {processor.py:186} INFO - Started process (PID=9544) to work on /Users/saiprasadreddykolan/Documents/E-commerce_project/venv/lib/python3.10/site-packages/airflow/example_dags/example_dynamic_task_mapping.py
[2024-10-30T21:00:08.449-0700] {processor.py:914} INFO - Processing file /Users/saiprasadreddykolan/Documents/E-commerce_project/venv/lib/python3.10/site-packages/airflow/example_dags/example_dynamic_task_mapping.py for tasks to queue
[2024-10-30T21:00:08.449-0700] {logging_mixin.py:190} INFO - [2024-10-30T21:00:08.449-0700] {dagbag.py:588} INFO - Filling up the DagBag from /Users/saiprasadreddykolan/Documents/E-commerce_project/venv/lib/python3.10/site-packages/airflow/example_dags/example_dynamic_task_mapping.py
[2024-10-30T21:00:08.462-0700] {processor.py:925} INFO - DAG(s) 'example_dynamic_task_mapping' retrieved from /Users/saiprasadreddykolan/Documents/E-commerce_project/venv/lib/python3.10/site-packages/airflow/example_dags/example_dynamic_task_mapping.py
[2024-10-30T21:00:08.524-0700] {logging_mixin.py:190} INFO - [2024-10-30T21:00:08.524-0700] {dag.py:3239} INFO - Sync 1 DAGs
[2024-10-30T21:00:08.528-0700] {logging_mixin.py:190} INFO - [2024-10-30T21:00:08.527-0700] {dag.py:4180} INFO - Setting next_dagrun for example_dynamic_task_mapping to None, run_after=None
[2024-10-30T21:00:08.534-0700] {processor.py:208} INFO - Processing /Users/saiprasadreddykolan/Documents/E-commerce_project/venv/lib/python3.10/site-packages/airflow/example_dags/example_dynamic_task_mapping.py took 0.089 seconds
[2024-10-30T21:02:18.441-0700] {processor.py:186} INFO - Started process (PID=9734) to work on /Users/saiprasadreddykolan/Documents/E-commerce_project/venv/lib/python3.10/site-packages/airflow/example_dags/example_dynamic_task_mapping.py
[2024-10-30T21:02:18.443-0700] {processor.py:914} INFO - Processing file /Users/saiprasadreddykolan/Documents/E-commerce_project/venv/lib/python3.10/site-packages/airflow/example_dags/example_dynamic_task_mapping.py for tasks to queue
[2024-10-30T21:02:18.443-0700] {logging_mixin.py:190} INFO - [2024-10-30T21:02:18.443-0700] {dagbag.py:588} INFO - Filling up the DagBag from /Users/saiprasadreddykolan/Documents/E-commerce_project/venv/lib/python3.10/site-packages/airflow/example_dags/example_dynamic_task_mapping.py
[2024-10-30T21:02:18.455-0700] {processor.py:925} INFO - DAG(s) 'example_dynamic_task_mapping' retrieved from /Users/saiprasadreddykolan/Documents/E-commerce_project/venv/lib/python3.10/site-packages/airflow/example_dags/example_dynamic_task_mapping.py
[2024-10-30T21:02:18.489-0700] {logging_mixin.py:190} INFO - [2024-10-30T21:02:18.489-0700] {dag.py:3239} INFO - Sync 1 DAGs
[2024-10-30T21:02:18.493-0700] {logging_mixin.py:190} INFO - [2024-10-30T21:02:18.493-0700] {dag.py:4180} INFO - Setting next_dagrun for example_dynamic_task_mapping to None, run_after=None
[2024-10-30T21:02:18.498-0700] {processor.py:208} INFO - Processing /Users/saiprasadreddykolan/Documents/E-commerce_project/venv/lib/python3.10/site-packages/airflow/example_dags/example_dynamic_task_mapping.py took 0.059 seconds
[2024-10-30T21:04:30.793-0700] {processor.py:186} INFO - Started process (PID=9943) to work on /Users/saiprasadreddykolan/Documents/E-commerce_project/venv/lib/python3.10/site-packages/airflow/example_dags/example_dynamic_task_mapping.py
[2024-10-30T21:04:30.795-0700] {processor.py:914} INFO - Processing file /Users/saiprasadreddykolan/Documents/E-commerce_project/venv/lib/python3.10/site-packages/airflow/example_dags/example_dynamic_task_mapping.py for tasks to queue
[2024-10-30T21:04:30.795-0700] {logging_mixin.py:190} INFO - [2024-10-30T21:04:30.795-0700] {dagbag.py:588} INFO - Filling up the DagBag from /Users/saiprasadreddykolan/Documents/E-commerce_project/venv/lib/python3.10/site-packages/airflow/example_dags/example_dynamic_task_mapping.py
[2024-10-30T21:04:30.808-0700] {processor.py:925} INFO - DAG(s) 'example_dynamic_task_mapping' retrieved from /Users/saiprasadreddykolan/Documents/E-commerce_project/venv/lib/python3.10/site-packages/airflow/example_dags/example_dynamic_task_mapping.py
[2024-10-30T21:04:30.842-0700] {logging_mixin.py:190} INFO - [2024-10-30T21:04:30.842-0700] {dag.py:3239} INFO - Sync 1 DAGs
[2024-10-30T21:04:30.846-0700] {logging_mixin.py:190} INFO - [2024-10-30T21:04:30.846-0700] {dag.py:4180} INFO - Setting next_dagrun for example_dynamic_task_mapping to None, run_after=None
[2024-10-30T21:04:30.851-0700] {processor.py:208} INFO - Processing /Users/saiprasadreddykolan/Documents/E-commerce_project/venv/lib/python3.10/site-packages/airflow/example_dags/example_dynamic_task_mapping.py took 0.060 seconds
[2024-10-30T21:06:43.888-0700] {processor.py:186} INFO - Started process (PID=10117) to work on /Users/saiprasadreddykolan/Documents/E-commerce_project/venv/lib/python3.10/site-packages/airflow/example_dags/example_dynamic_task_mapping.py
[2024-10-30T21:06:43.891-0700] {processor.py:914} INFO - Processing file /Users/saiprasadreddykolan/Documents/E-commerce_project/venv/lib/python3.10/site-packages/airflow/example_dags/example_dynamic_task_mapping.py for tasks to queue
[2024-10-30T21:06:43.891-0700] {logging_mixin.py:190} INFO - [2024-10-30T21:06:43.891-0700] {dagbag.py:588} INFO - Filling up the DagBag from /Users/saiprasadreddykolan/Documents/E-commerce_project/venv/lib/python3.10/site-packages/airflow/example_dags/example_dynamic_task_mapping.py
[2024-10-30T21:06:43.904-0700] {processor.py:925} INFO - DAG(s) 'example_dynamic_task_mapping' retrieved from /Users/saiprasadreddykolan/Documents/E-commerce_project/venv/lib/python3.10/site-packages/airflow/example_dags/example_dynamic_task_mapping.py
[2024-10-30T21:06:43.938-0700] {logging_mixin.py:190} INFO - [2024-10-30T21:06:43.938-0700] {dag.py:3239} INFO - Sync 1 DAGs
[2024-10-30T21:06:43.942-0700] {logging_mixin.py:190} INFO - [2024-10-30T21:06:43.942-0700] {dag.py:4180} INFO - Setting next_dagrun for example_dynamic_task_mapping to None, run_after=None
[2024-10-30T21:06:43.948-0700] {processor.py:208} INFO - Processing /Users/saiprasadreddykolan/Documents/E-commerce_project/venv/lib/python3.10/site-packages/airflow/example_dags/example_dynamic_task_mapping.py took 0.061 seconds
[2024-10-30T21:08:59.946-0700] {processor.py:186} INFO - Started process (PID=10307) to work on /Users/saiprasadreddykolan/Documents/E-commerce_project/venv/lib/python3.10/site-packages/airflow/example_dags/example_dynamic_task_mapping.py
[2024-10-30T21:08:59.948-0700] {processor.py:914} INFO - Processing file /Users/saiprasadreddykolan/Documents/E-commerce_project/venv/lib/python3.10/site-packages/airflow/example_dags/example_dynamic_task_mapping.py for tasks to queue
[2024-10-30T21:08:59.949-0700] {logging_mixin.py:190} INFO - [2024-10-30T21:08:59.948-0700] {dagbag.py:588} INFO - Filling up the DagBag from /Users/saiprasadreddykolan/Documents/E-commerce_project/venv/lib/python3.10/site-packages/airflow/example_dags/example_dynamic_task_mapping.py
[2024-10-30T21:08:59.964-0700] {processor.py:925} INFO - DAG(s) 'example_dynamic_task_mapping' retrieved from /Users/saiprasadreddykolan/Documents/E-commerce_project/venv/lib/python3.10/site-packages/airflow/example_dags/example_dynamic_task_mapping.py
[2024-10-30T21:08:59.999-0700] {logging_mixin.py:190} INFO - [2024-10-30T21:08:59.999-0700] {dag.py:3239} INFO - Sync 1 DAGs
[2024-10-30T21:09:00.003-0700] {logging_mixin.py:190} INFO - [2024-10-30T21:09:00.003-0700] {dag.py:4180} INFO - Setting next_dagrun for example_dynamic_task_mapping to None, run_after=None
[2024-10-30T21:09:00.008-0700] {processor.py:208} INFO - Processing /Users/saiprasadreddykolan/Documents/E-commerce_project/venv/lib/python3.10/site-packages/airflow/example_dags/example_dynamic_task_mapping.py took 0.064 seconds
[2024-10-30T21:11:13.164-0700] {processor.py:186} INFO - Started process (PID=10519) to work on /Users/saiprasadreddykolan/Documents/E-commerce_project/venv/lib/python3.10/site-packages/airflow/example_dags/example_dynamic_task_mapping.py
[2024-10-30T21:11:13.166-0700] {processor.py:914} INFO - Processing file /Users/saiprasadreddykolan/Documents/E-commerce_project/venv/lib/python3.10/site-packages/airflow/example_dags/example_dynamic_task_mapping.py for tasks to queue
[2024-10-30T21:11:13.166-0700] {logging_mixin.py:190} INFO - [2024-10-30T21:11:13.166-0700] {dagbag.py:588} INFO - Filling up the DagBag from /Users/saiprasadreddykolan/Documents/E-commerce_project/venv/lib/python3.10/site-packages/airflow/example_dags/example_dynamic_task_mapping.py
[2024-10-30T21:11:13.184-0700] {processor.py:925} INFO - DAG(s) 'example_dynamic_task_mapping' retrieved from /Users/saiprasadreddykolan/Documents/E-commerce_project/venv/lib/python3.10/site-packages/airflow/example_dags/example_dynamic_task_mapping.py
[2024-10-30T21:11:13.219-0700] {logging_mixin.py:190} INFO - [2024-10-30T21:11:13.219-0700] {dag.py:3239} INFO - Sync 1 DAGs
[2024-10-30T21:11:13.225-0700] {logging_mixin.py:190} INFO - [2024-10-30T21:11:13.225-0700] {dag.py:4180} INFO - Setting next_dagrun for example_dynamic_task_mapping to None, run_after=None
[2024-10-30T21:11:13.230-0700] {processor.py:208} INFO - Processing /Users/saiprasadreddykolan/Documents/E-commerce_project/venv/lib/python3.10/site-packages/airflow/example_dags/example_dynamic_task_mapping.py took 0.067 seconds
[2024-10-30T21:13:20.842-0700] {processor.py:186} INFO - Started process (PID=10733) to work on /Users/saiprasadreddykolan/Documents/E-commerce_project/venv/lib/python3.10/site-packages/airflow/example_dags/example_dynamic_task_mapping.py
[2024-10-30T21:13:20.844-0700] {processor.py:914} INFO - Processing file /Users/saiprasadreddykolan/Documents/E-commerce_project/venv/lib/python3.10/site-packages/airflow/example_dags/example_dynamic_task_mapping.py for tasks to queue
[2024-10-30T21:13:20.844-0700] {logging_mixin.py:190} INFO - [2024-10-30T21:13:20.844-0700] {dagbag.py:588} INFO - Filling up the DagBag from /Users/saiprasadreddykolan/Documents/E-commerce_project/venv/lib/python3.10/site-packages/airflow/example_dags/example_dynamic_task_mapping.py
[2024-10-30T21:13:20.857-0700] {processor.py:925} INFO - DAG(s) 'example_dynamic_task_mapping' retrieved from /Users/saiprasadreddykolan/Documents/E-commerce_project/venv/lib/python3.10/site-packages/airflow/example_dags/example_dynamic_task_mapping.py
[2024-10-30T21:13:20.891-0700] {logging_mixin.py:190} INFO - [2024-10-30T21:13:20.890-0700] {dag.py:3239} INFO - Sync 1 DAGs
[2024-10-30T21:13:20.894-0700] {logging_mixin.py:190} INFO - [2024-10-30T21:13:20.894-0700] {dag.py:4180} INFO - Setting next_dagrun for example_dynamic_task_mapping to None, run_after=None
[2024-10-30T21:13:20.900-0700] {processor.py:208} INFO - Processing /Users/saiprasadreddykolan/Documents/E-commerce_project/venv/lib/python3.10/site-packages/airflow/example_dags/example_dynamic_task_mapping.py took 0.059 seconds
[2024-10-30T21:15:38.067-0700] {processor.py:186} INFO - Started process (PID=23391) to work on /Users/saiprasadreddykolan/Documents/E-commerce_project/venv/lib/python3.10/site-packages/airflow/example_dags/example_dynamic_task_mapping.py
[2024-10-30T21:15:38.069-0700] {processor.py:914} INFO - Processing file /Users/saiprasadreddykolan/Documents/E-commerce_project/venv/lib/python3.10/site-packages/airflow/example_dags/example_dynamic_task_mapping.py for tasks to queue
[2024-10-30T21:15:38.069-0700] {logging_mixin.py:190} INFO - [2024-10-30T21:15:38.069-0700] {dagbag.py:588} INFO - Filling up the DagBag from /Users/saiprasadreddykolan/Documents/E-commerce_project/venv/lib/python3.10/site-packages/airflow/example_dags/example_dynamic_task_mapping.py
[2024-10-30T21:15:38.082-0700] {processor.py:925} INFO - DAG(s) 'example_dynamic_task_mapping' retrieved from /Users/saiprasadreddykolan/Documents/E-commerce_project/venv/lib/python3.10/site-packages/airflow/example_dags/example_dynamic_task_mapping.py
[2024-10-30T21:15:38.117-0700] {logging_mixin.py:190} INFO - [2024-10-30T21:15:38.116-0700] {dag.py:3239} INFO - Sync 1 DAGs
[2024-10-30T21:15:38.120-0700] {logging_mixin.py:190} INFO - [2024-10-30T21:15:38.120-0700] {dag.py:4180} INFO - Setting next_dagrun for example_dynamic_task_mapping to None, run_after=None
[2024-10-30T21:15:38.126-0700] {processor.py:208} INFO - Processing /Users/saiprasadreddykolan/Documents/E-commerce_project/venv/lib/python3.10/site-packages/airflow/example_dags/example_dynamic_task_mapping.py took 0.061 seconds
[2024-10-30T21:17:57.788-0700] {processor.py:186} INFO - Started process (PID=33243) to work on /Users/saiprasadreddykolan/Documents/E-commerce_project/venv/lib/python3.10/site-packages/airflow/example_dags/example_dynamic_task_mapping.py
[2024-10-30T21:17:57.790-0700] {processor.py:914} INFO - Processing file /Users/saiprasadreddykolan/Documents/E-commerce_project/venv/lib/python3.10/site-packages/airflow/example_dags/example_dynamic_task_mapping.py for tasks to queue
[2024-10-30T21:17:57.791-0700] {logging_mixin.py:190} INFO - [2024-10-30T21:17:57.791-0700] {dagbag.py:588} INFO - Filling up the DagBag from /Users/saiprasadreddykolan/Documents/E-commerce_project/venv/lib/python3.10/site-packages/airflow/example_dags/example_dynamic_task_mapping.py
[2024-10-30T21:17:57.807-0700] {processor.py:925} INFO - DAG(s) 'example_dynamic_task_mapping' retrieved from /Users/saiprasadreddykolan/Documents/E-commerce_project/venv/lib/python3.10/site-packages/airflow/example_dags/example_dynamic_task_mapping.py
[2024-10-30T21:17:57.843-0700] {logging_mixin.py:190} INFO - [2024-10-30T21:17:57.843-0700] {dag.py:3239} INFO - Sync 1 DAGs
[2024-10-30T21:17:57.847-0700] {logging_mixin.py:190} INFO - [2024-10-30T21:17:57.847-0700] {dag.py:4180} INFO - Setting next_dagrun for example_dynamic_task_mapping to None, run_after=None
[2024-10-30T21:17:57.853-0700] {processor.py:208} INFO - Processing /Users/saiprasadreddykolan/Documents/E-commerce_project/venv/lib/python3.10/site-packages/airflow/example_dags/example_dynamic_task_mapping.py took 0.066 seconds
[2024-10-30T21:20:04.492-0700] {processor.py:186} INFO - Started process (PID=33434) to work on /Users/saiprasadreddykolan/Documents/E-commerce_project/venv/lib/python3.10/site-packages/airflow/example_dags/example_dynamic_task_mapping.py
[2024-10-30T21:20:04.495-0700] {processor.py:914} INFO - Processing file /Users/saiprasadreddykolan/Documents/E-commerce_project/venv/lib/python3.10/site-packages/airflow/example_dags/example_dynamic_task_mapping.py for tasks to queue
[2024-10-30T21:20:04.495-0700] {logging_mixin.py:190} INFO - [2024-10-30T21:20:04.495-0700] {dagbag.py:588} INFO - Filling up the DagBag from /Users/saiprasadreddykolan/Documents/E-commerce_project/venv/lib/python3.10/site-packages/airflow/example_dags/example_dynamic_task_mapping.py
[2024-10-30T21:20:04.508-0700] {processor.py:925} INFO - DAG(s) 'example_dynamic_task_mapping' retrieved from /Users/saiprasadreddykolan/Documents/E-commerce_project/venv/lib/python3.10/site-packages/airflow/example_dags/example_dynamic_task_mapping.py
[2024-10-30T21:20:04.542-0700] {logging_mixin.py:190} INFO - [2024-10-30T21:20:04.542-0700] {dag.py:3239} INFO - Sync 1 DAGs
[2024-10-30T21:20:04.547-0700] {logging_mixin.py:190} INFO - [2024-10-30T21:20:04.547-0700] {dag.py:4180} INFO - Setting next_dagrun for example_dynamic_task_mapping to None, run_after=None
[2024-10-30T21:20:04.552-0700] {processor.py:208} INFO - Processing /Users/saiprasadreddykolan/Documents/E-commerce_project/venv/lib/python3.10/site-packages/airflow/example_dags/example_dynamic_task_mapping.py took 0.061 seconds
[2024-10-30T21:22:18.436-0700] {processor.py:186} INFO - Started process (PID=33634) to work on /Users/saiprasadreddykolan/Documents/E-commerce_project/venv/lib/python3.10/site-packages/airflow/example_dags/example_dynamic_task_mapping.py
[2024-10-30T21:22:18.439-0700] {processor.py:914} INFO - Processing file /Users/saiprasadreddykolan/Documents/E-commerce_project/venv/lib/python3.10/site-packages/airflow/example_dags/example_dynamic_task_mapping.py for tasks to queue
[2024-10-30T21:22:18.439-0700] {logging_mixin.py:190} INFO - [2024-10-30T21:22:18.439-0700] {dagbag.py:588} INFO - Filling up the DagBag from /Users/saiprasadreddykolan/Documents/E-commerce_project/venv/lib/python3.10/site-packages/airflow/example_dags/example_dynamic_task_mapping.py
[2024-10-30T21:22:18.451-0700] {processor.py:925} INFO - DAG(s) 'example_dynamic_task_mapping' retrieved from /Users/saiprasadreddykolan/Documents/E-commerce_project/venv/lib/python3.10/site-packages/airflow/example_dags/example_dynamic_task_mapping.py
[2024-10-30T21:22:18.484-0700] {logging_mixin.py:190} INFO - [2024-10-30T21:22:18.484-0700] {dag.py:3239} INFO - Sync 1 DAGs
[2024-10-30T21:22:18.488-0700] {logging_mixin.py:190} INFO - [2024-10-30T21:22:18.488-0700] {dag.py:4180} INFO - Setting next_dagrun for example_dynamic_task_mapping to None, run_after=None
[2024-10-30T21:22:18.494-0700] {processor.py:208} INFO - Processing /Users/saiprasadreddykolan/Documents/E-commerce_project/venv/lib/python3.10/site-packages/airflow/example_dags/example_dynamic_task_mapping.py took 0.058 seconds
[2024-10-30T21:24:33.968-0700] {processor.py:186} INFO - Started process (PID=35367) to work on /Users/saiprasadreddykolan/Documents/E-commerce_project/venv/lib/python3.10/site-packages/airflow/example_dags/example_dynamic_task_mapping.py
[2024-10-30T21:24:33.970-0700] {processor.py:914} INFO - Processing file /Users/saiprasadreddykolan/Documents/E-commerce_project/venv/lib/python3.10/site-packages/airflow/example_dags/example_dynamic_task_mapping.py for tasks to queue
[2024-10-30T21:24:33.971-0700] {logging_mixin.py:190} INFO - [2024-10-30T21:24:33.970-0700] {dagbag.py:588} INFO - Filling up the DagBag from /Users/saiprasadreddykolan/Documents/E-commerce_project/venv/lib/python3.10/site-packages/airflow/example_dags/example_dynamic_task_mapping.py
[2024-10-30T21:24:33.983-0700] {processor.py:925} INFO - DAG(s) 'example_dynamic_task_mapping' retrieved from /Users/saiprasadreddykolan/Documents/E-commerce_project/venv/lib/python3.10/site-packages/airflow/example_dags/example_dynamic_task_mapping.py
[2024-10-30T21:24:34.017-0700] {logging_mixin.py:190} INFO - [2024-10-30T21:24:34.017-0700] {dag.py:3239} INFO - Sync 1 DAGs
[2024-10-30T21:24:34.021-0700] {logging_mixin.py:190} INFO - [2024-10-30T21:24:34.021-0700] {dag.py:4180} INFO - Setting next_dagrun for example_dynamic_task_mapping to None, run_after=None
[2024-10-30T21:24:34.027-0700] {processor.py:208} INFO - Processing /Users/saiprasadreddykolan/Documents/E-commerce_project/venv/lib/python3.10/site-packages/airflow/example_dags/example_dynamic_task_mapping.py took 0.060 seconds
[2024-10-30T21:26:48.665-0700] {processor.py:186} INFO - Started process (PID=36215) to work on /Users/saiprasadreddykolan/Documents/E-commerce_project/venv/lib/python3.10/site-packages/airflow/example_dags/example_dynamic_task_mapping.py
[2024-10-30T21:26:48.667-0700] {processor.py:914} INFO - Processing file /Users/saiprasadreddykolan/Documents/E-commerce_project/venv/lib/python3.10/site-packages/airflow/example_dags/example_dynamic_task_mapping.py for tasks to queue
[2024-10-30T21:26:48.667-0700] {logging_mixin.py:190} INFO - [2024-10-30T21:26:48.667-0700] {dagbag.py:588} INFO - Filling up the DagBag from /Users/saiprasadreddykolan/Documents/E-commerce_project/venv/lib/python3.10/site-packages/airflow/example_dags/example_dynamic_task_mapping.py
[2024-10-30T21:26:48.680-0700] {processor.py:925} INFO - DAG(s) 'example_dynamic_task_mapping' retrieved from /Users/saiprasadreddykolan/Documents/E-commerce_project/venv/lib/python3.10/site-packages/airflow/example_dags/example_dynamic_task_mapping.py
[2024-10-30T21:26:48.715-0700] {logging_mixin.py:190} INFO - [2024-10-30T21:26:48.715-0700] {dag.py:3239} INFO - Sync 1 DAGs
[2024-10-30T21:26:48.720-0700] {logging_mixin.py:190} INFO - [2024-10-30T21:26:48.720-0700] {dag.py:4180} INFO - Setting next_dagrun for example_dynamic_task_mapping to None, run_after=None
[2024-10-30T21:26:48.726-0700] {processor.py:208} INFO - Processing /Users/saiprasadreddykolan/Documents/E-commerce_project/venv/lib/python3.10/site-packages/airflow/example_dags/example_dynamic_task_mapping.py took 0.062 seconds
[2024-10-30T21:28:59.860-0700] {processor.py:186} INFO - Started process (PID=36452) to work on /Users/saiprasadreddykolan/Documents/E-commerce_project/venv/lib/python3.10/site-packages/airflow/example_dags/example_dynamic_task_mapping.py
[2024-10-30T21:28:59.861-0700] {processor.py:914} INFO - Processing file /Users/saiprasadreddykolan/Documents/E-commerce_project/venv/lib/python3.10/site-packages/airflow/example_dags/example_dynamic_task_mapping.py for tasks to queue
[2024-10-30T21:28:59.862-0700] {logging_mixin.py:190} INFO - [2024-10-30T21:28:59.862-0700] {dagbag.py:588} INFO - Filling up the DagBag from /Users/saiprasadreddykolan/Documents/E-commerce_project/venv/lib/python3.10/site-packages/airflow/example_dags/example_dynamic_task_mapping.py
[2024-10-30T21:28:59.874-0700] {processor.py:925} INFO - DAG(s) 'example_dynamic_task_mapping' retrieved from /Users/saiprasadreddykolan/Documents/E-commerce_project/venv/lib/python3.10/site-packages/airflow/example_dags/example_dynamic_task_mapping.py
[2024-10-30T21:28:59.908-0700] {logging_mixin.py:190} INFO - [2024-10-30T21:28:59.908-0700] {dag.py:3239} INFO - Sync 1 DAGs
[2024-10-30T21:28:59.912-0700] {logging_mixin.py:190} INFO - [2024-10-30T21:28:59.912-0700] {dag.py:4180} INFO - Setting next_dagrun for example_dynamic_task_mapping to None, run_after=None
[2024-10-30T21:28:59.917-0700] {processor.py:208} INFO - Processing /Users/saiprasadreddykolan/Documents/E-commerce_project/venv/lib/python3.10/site-packages/airflow/example_dags/example_dynamic_task_mapping.py took 0.058 seconds
[2024-10-30T21:31:07.489-0700] {processor.py:186} INFO - Started process (PID=36637) to work on /Users/saiprasadreddykolan/Documents/E-commerce_project/venv/lib/python3.10/site-packages/airflow/example_dags/example_dynamic_task_mapping.py
[2024-10-30T21:31:07.491-0700] {processor.py:914} INFO - Processing file /Users/saiprasadreddykolan/Documents/E-commerce_project/venv/lib/python3.10/site-packages/airflow/example_dags/example_dynamic_task_mapping.py for tasks to queue
[2024-10-30T21:31:07.492-0700] {logging_mixin.py:190} INFO - [2024-10-30T21:31:07.492-0700] {dagbag.py:588} INFO - Filling up the DagBag from /Users/saiprasadreddykolan/Documents/E-commerce_project/venv/lib/python3.10/site-packages/airflow/example_dags/example_dynamic_task_mapping.py
[2024-10-30T21:31:07.506-0700] {processor.py:925} INFO - DAG(s) 'example_dynamic_task_mapping' retrieved from /Users/saiprasadreddykolan/Documents/E-commerce_project/venv/lib/python3.10/site-packages/airflow/example_dags/example_dynamic_task_mapping.py
[2024-10-30T21:31:07.539-0700] {logging_mixin.py:190} INFO - [2024-10-30T21:31:07.539-0700] {dag.py:3239} INFO - Sync 1 DAGs
[2024-10-30T21:31:07.543-0700] {logging_mixin.py:190} INFO - [2024-10-30T21:31:07.543-0700] {dag.py:4180} INFO - Setting next_dagrun for example_dynamic_task_mapping to None, run_after=None
[2024-10-30T21:31:07.549-0700] {processor.py:208} INFO - Processing /Users/saiprasadreddykolan/Documents/E-commerce_project/venv/lib/python3.10/site-packages/airflow/example_dags/example_dynamic_task_mapping.py took 0.061 seconds
[2024-10-30T21:33:28.346-0700] {processor.py:186} INFO - Started process (PID=36823) to work on /Users/saiprasadreddykolan/Documents/E-commerce_project/venv/lib/python3.10/site-packages/airflow/example_dags/example_dynamic_task_mapping.py
[2024-10-30T21:33:28.348-0700] {processor.py:914} INFO - Processing file /Users/saiprasadreddykolan/Documents/E-commerce_project/venv/lib/python3.10/site-packages/airflow/example_dags/example_dynamic_task_mapping.py for tasks to queue
[2024-10-30T21:33:28.348-0700] {logging_mixin.py:190} INFO - [2024-10-30T21:33:28.348-0700] {dagbag.py:588} INFO - Filling up the DagBag from /Users/saiprasadreddykolan/Documents/E-commerce_project/venv/lib/python3.10/site-packages/airflow/example_dags/example_dynamic_task_mapping.py
[2024-10-30T21:33:28.361-0700] {processor.py:925} INFO - DAG(s) 'example_dynamic_task_mapping' retrieved from /Users/saiprasadreddykolan/Documents/E-commerce_project/venv/lib/python3.10/site-packages/airflow/example_dags/example_dynamic_task_mapping.py
[2024-10-30T21:33:28.396-0700] {logging_mixin.py:190} INFO - [2024-10-30T21:33:28.395-0700] {dag.py:3239} INFO - Sync 1 DAGs
[2024-10-30T21:33:28.400-0700] {logging_mixin.py:190} INFO - [2024-10-30T21:33:28.400-0700] {dag.py:4180} INFO - Setting next_dagrun for example_dynamic_task_mapping to None, run_after=None
[2024-10-30T21:33:28.405-0700] {processor.py:208} INFO - Processing /Users/saiprasadreddykolan/Documents/E-commerce_project/venv/lib/python3.10/site-packages/airflow/example_dags/example_dynamic_task_mapping.py took 0.061 seconds
[2024-10-30T21:35:45.736-0700] {processor.py:186} INFO - Started process (PID=36988) to work on /Users/saiprasadreddykolan/Documents/E-commerce_project/venv/lib/python3.10/site-packages/airflow/example_dags/example_dynamic_task_mapping.py
[2024-10-30T21:35:45.739-0700] {processor.py:914} INFO - Processing file /Users/saiprasadreddykolan/Documents/E-commerce_project/venv/lib/python3.10/site-packages/airflow/example_dags/example_dynamic_task_mapping.py for tasks to queue
[2024-10-30T21:35:45.739-0700] {logging_mixin.py:190} INFO - [2024-10-30T21:35:45.739-0700] {dagbag.py:588} INFO - Filling up the DagBag from /Users/saiprasadreddykolan/Documents/E-commerce_project/venv/lib/python3.10/site-packages/airflow/example_dags/example_dynamic_task_mapping.py
[2024-10-30T21:35:45.752-0700] {processor.py:925} INFO - DAG(s) 'example_dynamic_task_mapping' retrieved from /Users/saiprasadreddykolan/Documents/E-commerce_project/venv/lib/python3.10/site-packages/airflow/example_dags/example_dynamic_task_mapping.py
[2024-10-30T21:35:45.785-0700] {logging_mixin.py:190} INFO - [2024-10-30T21:35:45.784-0700] {dag.py:3239} INFO - Sync 1 DAGs
[2024-10-30T21:35:45.788-0700] {logging_mixin.py:190} INFO - [2024-10-30T21:35:45.788-0700] {dag.py:4180} INFO - Setting next_dagrun for example_dynamic_task_mapping to None, run_after=None
[2024-10-30T21:35:45.794-0700] {processor.py:208} INFO - Processing /Users/saiprasadreddykolan/Documents/E-commerce_project/venv/lib/python3.10/site-packages/airflow/example_dags/example_dynamic_task_mapping.py took 0.059 seconds
[2024-10-30T21:37:59.574-0700] {processor.py:186} INFO - Started process (PID=37155) to work on /Users/saiprasadreddykolan/Documents/E-commerce_project/venv/lib/python3.10/site-packages/airflow/example_dags/example_dynamic_task_mapping.py
[2024-10-30T21:37:59.577-0700] {processor.py:914} INFO - Processing file /Users/saiprasadreddykolan/Documents/E-commerce_project/venv/lib/python3.10/site-packages/airflow/example_dags/example_dynamic_task_mapping.py for tasks to queue
[2024-10-30T21:37:59.577-0700] {logging_mixin.py:190} INFO - [2024-10-30T21:37:59.577-0700] {dagbag.py:588} INFO - Filling up the DagBag from /Users/saiprasadreddykolan/Documents/E-commerce_project/venv/lib/python3.10/site-packages/airflow/example_dags/example_dynamic_task_mapping.py
[2024-10-30T21:37:59.598-0700] {processor.py:925} INFO - DAG(s) 'example_dynamic_task_mapping' retrieved from /Users/saiprasadreddykolan/Documents/E-commerce_project/venv/lib/python3.10/site-packages/airflow/example_dags/example_dynamic_task_mapping.py
[2024-10-30T21:37:59.633-0700] {logging_mixin.py:190} INFO - [2024-10-30T21:37:59.633-0700] {dag.py:3239} INFO - Sync 1 DAGs
[2024-10-30T21:37:59.637-0700] {logging_mixin.py:190} INFO - [2024-10-30T21:37:59.637-0700] {dag.py:4180} INFO - Setting next_dagrun for example_dynamic_task_mapping to None, run_after=None
[2024-10-30T21:37:59.643-0700] {processor.py:208} INFO - Processing /Users/saiprasadreddykolan/Documents/E-commerce_project/venv/lib/python3.10/site-packages/airflow/example_dags/example_dynamic_task_mapping.py took 0.069 seconds
[2024-10-30T21:40:11.084-0700] {processor.py:186} INFO - Started process (PID=37342) to work on /Users/saiprasadreddykolan/Documents/E-commerce_project/venv/lib/python3.10/site-packages/airflow/example_dags/example_dynamic_task_mapping.py
[2024-10-30T21:40:11.086-0700] {processor.py:914} INFO - Processing file /Users/saiprasadreddykolan/Documents/E-commerce_project/venv/lib/python3.10/site-packages/airflow/example_dags/example_dynamic_task_mapping.py for tasks to queue
[2024-10-30T21:40:11.086-0700] {logging_mixin.py:190} INFO - [2024-10-30T21:40:11.086-0700] {dagbag.py:588} INFO - Filling up the DagBag from /Users/saiprasadreddykolan/Documents/E-commerce_project/venv/lib/python3.10/site-packages/airflow/example_dags/example_dynamic_task_mapping.py
[2024-10-30T21:40:11.099-0700] {processor.py:925} INFO - DAG(s) 'example_dynamic_task_mapping' retrieved from /Users/saiprasadreddykolan/Documents/E-commerce_project/venv/lib/python3.10/site-packages/airflow/example_dags/example_dynamic_task_mapping.py
[2024-10-30T21:40:11.132-0700] {logging_mixin.py:190} INFO - [2024-10-30T21:40:11.132-0700] {dag.py:3239} INFO - Sync 1 DAGs
[2024-10-30T21:40:11.136-0700] {logging_mixin.py:190} INFO - [2024-10-30T21:40:11.136-0700] {dag.py:4180} INFO - Setting next_dagrun for example_dynamic_task_mapping to None, run_after=None
[2024-10-30T21:40:11.141-0700] {processor.py:208} INFO - Processing /Users/saiprasadreddykolan/Documents/E-commerce_project/venv/lib/python3.10/site-packages/airflow/example_dags/example_dynamic_task_mapping.py took 0.058 seconds
[2024-10-30T21:42:20.421-0700] {processor.py:186} INFO - Started process (PID=37501) to work on /Users/saiprasadreddykolan/Documents/E-commerce_project/venv/lib/python3.10/site-packages/airflow/example_dags/example_dynamic_task_mapping.py
[2024-10-30T21:42:20.424-0700] {processor.py:914} INFO - Processing file /Users/saiprasadreddykolan/Documents/E-commerce_project/venv/lib/python3.10/site-packages/airflow/example_dags/example_dynamic_task_mapping.py for tasks to queue
[2024-10-30T21:42:20.425-0700] {logging_mixin.py:190} INFO - [2024-10-30T21:42:20.424-0700] {dagbag.py:588} INFO - Filling up the DagBag from /Users/saiprasadreddykolan/Documents/E-commerce_project/venv/lib/python3.10/site-packages/airflow/example_dags/example_dynamic_task_mapping.py
[2024-10-30T21:42:20.441-0700] {processor.py:925} INFO - DAG(s) 'example_dynamic_task_mapping' retrieved from /Users/saiprasadreddykolan/Documents/E-commerce_project/venv/lib/python3.10/site-packages/airflow/example_dags/example_dynamic_task_mapping.py
[2024-10-30T21:42:20.490-0700] {logging_mixin.py:190} INFO - [2024-10-30T21:42:20.490-0700] {dag.py:3239} INFO - Sync 1 DAGs
[2024-10-30T21:42:20.495-0700] {logging_mixin.py:190} INFO - [2024-10-30T21:42:20.494-0700] {dag.py:4180} INFO - Setting next_dagrun for example_dynamic_task_mapping to None, run_after=None
[2024-10-30T21:42:20.501-0700] {processor.py:208} INFO - Processing /Users/saiprasadreddykolan/Documents/E-commerce_project/venv/lib/python3.10/site-packages/airflow/example_dags/example_dynamic_task_mapping.py took 0.083 seconds
[2024-10-30T23:21:36.739-0700] {processor.py:186} INFO - Started process (PID=37780) to work on /Users/saiprasadreddykolan/Documents/E-commerce_project/venv/lib/python3.10/site-packages/airflow/example_dags/example_dynamic_task_mapping.py
[2024-10-30T23:21:36.741-0700] {processor.py:914} INFO - Processing file /Users/saiprasadreddykolan/Documents/E-commerce_project/venv/lib/python3.10/site-packages/airflow/example_dags/example_dynamic_task_mapping.py for tasks to queue
[2024-10-30T23:21:36.742-0700] {logging_mixin.py:190} INFO - [2024-10-30T23:21:36.741-0700] {dagbag.py:588} INFO - Filling up the DagBag from /Users/saiprasadreddykolan/Documents/E-commerce_project/venv/lib/python3.10/site-packages/airflow/example_dags/example_dynamic_task_mapping.py
[2024-10-30T23:21:36.754-0700] {processor.py:925} INFO - DAG(s) 'example_dynamic_task_mapping' retrieved from /Users/saiprasadreddykolan/Documents/E-commerce_project/venv/lib/python3.10/site-packages/airflow/example_dags/example_dynamic_task_mapping.py
[2024-10-30T23:21:36.787-0700] {logging_mixin.py:190} INFO - [2024-10-30T23:21:36.786-0700] {dag.py:3239} INFO - Sync 1 DAGs
[2024-10-30T23:21:36.790-0700] {logging_mixin.py:190} INFO - [2024-10-30T23:21:36.790-0700] {dag.py:4180} INFO - Setting next_dagrun for example_dynamic_task_mapping to None, run_after=None
[2024-10-30T23:21:36.796-0700] {processor.py:208} INFO - Processing /Users/saiprasadreddykolan/Documents/E-commerce_project/venv/lib/python3.10/site-packages/airflow/example_dags/example_dynamic_task_mapping.py took 0.057 seconds
[2024-10-31T00:36:58.164-0700] {processor.py:186} INFO - Started process (PID=37990) to work on /Users/saiprasadreddykolan/Documents/E-commerce_project/venv/lib/python3.10/site-packages/airflow/example_dags/example_dynamic_task_mapping.py
[2024-10-31T00:36:58.166-0700] {processor.py:914} INFO - Processing file /Users/saiprasadreddykolan/Documents/E-commerce_project/venv/lib/python3.10/site-packages/airflow/example_dags/example_dynamic_task_mapping.py for tasks to queue
[2024-10-31T00:36:58.167-0700] {logging_mixin.py:190} INFO - [2024-10-31T00:36:58.167-0700] {dagbag.py:588} INFO - Filling up the DagBag from /Users/saiprasadreddykolan/Documents/E-commerce_project/venv/lib/python3.10/site-packages/airflow/example_dags/example_dynamic_task_mapping.py
[2024-10-31T00:36:58.178-0700] {processor.py:925} INFO - DAG(s) 'example_dynamic_task_mapping' retrieved from /Users/saiprasadreddykolan/Documents/E-commerce_project/venv/lib/python3.10/site-packages/airflow/example_dags/example_dynamic_task_mapping.py
[2024-10-31T00:36:58.211-0700] {logging_mixin.py:190} INFO - [2024-10-31T00:36:58.210-0700] {dag.py:3239} INFO - Sync 1 DAGs
[2024-10-31T00:36:58.214-0700] {logging_mixin.py:190} INFO - [2024-10-31T00:36:58.214-0700] {dag.py:4180} INFO - Setting next_dagrun for example_dynamic_task_mapping to None, run_after=None
[2024-10-31T00:36:58.220-0700] {processor.py:208} INFO - Processing /Users/saiprasadreddykolan/Documents/E-commerce_project/venv/lib/python3.10/site-packages/airflow/example_dags/example_dynamic_task_mapping.py took 0.057 seconds
[2024-10-31T01:51:40.173-0700] {processor.py:186} INFO - Started process (PID=38231) to work on /Users/saiprasadreddykolan/Documents/E-commerce_project/venv/lib/python3.10/site-packages/airflow/example_dags/example_dynamic_task_mapping.py
[2024-10-31T01:51:40.175-0700] {processor.py:914} INFO - Processing file /Users/saiprasadreddykolan/Documents/E-commerce_project/venv/lib/python3.10/site-packages/airflow/example_dags/example_dynamic_task_mapping.py for tasks to queue
[2024-10-31T01:51:40.175-0700] {logging_mixin.py:190} INFO - [2024-10-31T01:51:40.175-0700] {dagbag.py:588} INFO - Filling up the DagBag from /Users/saiprasadreddykolan/Documents/E-commerce_project/venv/lib/python3.10/site-packages/airflow/example_dags/example_dynamic_task_mapping.py
[2024-10-31T01:51:40.187-0700] {processor.py:925} INFO - DAG(s) 'example_dynamic_task_mapping' retrieved from /Users/saiprasadreddykolan/Documents/E-commerce_project/venv/lib/python3.10/site-packages/airflow/example_dags/example_dynamic_task_mapping.py
[2024-10-31T01:51:40.219-0700] {logging_mixin.py:190} INFO - [2024-10-31T01:51:40.219-0700] {dag.py:3239} INFO - Sync 1 DAGs
[2024-10-31T01:51:40.223-0700] {logging_mixin.py:190} INFO - [2024-10-31T01:51:40.223-0700] {dag.py:4180} INFO - Setting next_dagrun for example_dynamic_task_mapping to None, run_after=None
[2024-10-31T01:51:40.228-0700] {processor.py:208} INFO - Processing /Users/saiprasadreddykolan/Documents/E-commerce_project/venv/lib/python3.10/site-packages/airflow/example_dags/example_dynamic_task_mapping.py took 0.057 seconds
[2024-10-31T04:42:15.895-0700] {processor.py:186} INFO - Started process (PID=38584) to work on /Users/saiprasadreddykolan/Documents/E-commerce_project/venv/lib/python3.10/site-packages/airflow/example_dags/example_dynamic_task_mapping.py
[2024-10-31T04:42:15.897-0700] {processor.py:914} INFO - Processing file /Users/saiprasadreddykolan/Documents/E-commerce_project/venv/lib/python3.10/site-packages/airflow/example_dags/example_dynamic_task_mapping.py for tasks to queue
[2024-10-31T04:42:15.897-0700] {logging_mixin.py:190} INFO - [2024-10-31T04:42:15.897-0700] {dagbag.py:588} INFO - Filling up the DagBag from /Users/saiprasadreddykolan/Documents/E-commerce_project/venv/lib/python3.10/site-packages/airflow/example_dags/example_dynamic_task_mapping.py
[2024-10-31T04:42:15.909-0700] {processor.py:925} INFO - DAG(s) 'example_dynamic_task_mapping' retrieved from /Users/saiprasadreddykolan/Documents/E-commerce_project/venv/lib/python3.10/site-packages/airflow/example_dags/example_dynamic_task_mapping.py
[2024-10-31T04:42:15.942-0700] {logging_mixin.py:190} INFO - [2024-10-31T04:42:15.942-0700] {dag.py:3239} INFO - Sync 1 DAGs
[2024-10-31T04:42:15.946-0700] {logging_mixin.py:190} INFO - [2024-10-31T04:42:15.946-0700] {dag.py:4180} INFO - Setting next_dagrun for example_dynamic_task_mapping to None, run_after=None
[2024-10-31T04:42:15.951-0700] {processor.py:208} INFO - Processing /Users/saiprasadreddykolan/Documents/E-commerce_project/venv/lib/python3.10/site-packages/airflow/example_dags/example_dynamic_task_mapping.py took 0.058 seconds
[2024-10-31T05:52:28.106-0700] {processor.py:186} INFO - Started process (PID=38825) to work on /Users/saiprasadreddykolan/Documents/E-commerce_project/venv/lib/python3.10/site-packages/airflow/example_dags/example_dynamic_task_mapping.py
[2024-10-31T05:52:28.107-0700] {processor.py:914} INFO - Processing file /Users/saiprasadreddykolan/Documents/E-commerce_project/venv/lib/python3.10/site-packages/airflow/example_dags/example_dynamic_task_mapping.py for tasks to queue
[2024-10-31T05:52:28.108-0700] {logging_mixin.py:190} INFO - [2024-10-31T05:52:28.108-0700] {dagbag.py:588} INFO - Filling up the DagBag from /Users/saiprasadreddykolan/Documents/E-commerce_project/venv/lib/python3.10/site-packages/airflow/example_dags/example_dynamic_task_mapping.py
[2024-10-31T05:52:28.124-0700] {processor.py:925} INFO - DAG(s) 'example_dynamic_task_mapping' retrieved from /Users/saiprasadreddykolan/Documents/E-commerce_project/venv/lib/python3.10/site-packages/airflow/example_dags/example_dynamic_task_mapping.py
[2024-10-31T05:52:28.157-0700] {logging_mixin.py:190} INFO - [2024-10-31T05:52:28.157-0700] {dag.py:3239} INFO - Sync 1 DAGs
[2024-10-31T05:52:28.161-0700] {logging_mixin.py:190} INFO - [2024-10-31T05:52:28.161-0700] {dag.py:4180} INFO - Setting next_dagrun for example_dynamic_task_mapping to None, run_after=None
[2024-10-31T05:52:28.167-0700] {processor.py:208} INFO - Processing /Users/saiprasadreddykolan/Documents/E-commerce_project/venv/lib/python3.10/site-packages/airflow/example_dags/example_dynamic_task_mapping.py took 0.063 seconds
[2024-10-31T07:16:11.508-0700] {processor.py:186} INFO - Started process (PID=39067) to work on /Users/saiprasadreddykolan/Documents/E-commerce_project/venv/lib/python3.10/site-packages/airflow/example_dags/example_dynamic_task_mapping.py
[2024-10-31T07:16:11.510-0700] {processor.py:914} INFO - Processing file /Users/saiprasadreddykolan/Documents/E-commerce_project/venv/lib/python3.10/site-packages/airflow/example_dags/example_dynamic_task_mapping.py for tasks to queue
[2024-10-31T07:16:11.511-0700] {logging_mixin.py:190} INFO - [2024-10-31T07:16:11.510-0700] {dagbag.py:588} INFO - Filling up the DagBag from /Users/saiprasadreddykolan/Documents/E-commerce_project/venv/lib/python3.10/site-packages/airflow/example_dags/example_dynamic_task_mapping.py
[2024-10-31T07:16:11.522-0700] {processor.py:925} INFO - DAG(s) 'example_dynamic_task_mapping' retrieved from /Users/saiprasadreddykolan/Documents/E-commerce_project/venv/lib/python3.10/site-packages/airflow/example_dags/example_dynamic_task_mapping.py
[2024-10-31T07:16:11.554-0700] {logging_mixin.py:190} INFO - [2024-10-31T07:16:11.554-0700] {dag.py:3239} INFO - Sync 1 DAGs
[2024-10-31T07:16:11.558-0700] {logging_mixin.py:190} INFO - [2024-10-31T07:16:11.558-0700] {dag.py:4180} INFO - Setting next_dagrun for example_dynamic_task_mapping to None, run_after=None
[2024-10-31T07:16:11.564-0700] {processor.py:208} INFO - Processing /Users/saiprasadreddykolan/Documents/E-commerce_project/venv/lib/python3.10/site-packages/airflow/example_dags/example_dynamic_task_mapping.py took 0.057 seconds
[2024-10-31T08:44:01.334-0700] {processor.py:186} INFO - Started process (PID=39333) to work on /Users/saiprasadreddykolan/Documents/E-commerce_project/venv/lib/python3.10/site-packages/airflow/example_dags/example_dynamic_task_mapping.py
[2024-10-31T08:44:01.336-0700] {processor.py:914} INFO - Processing file /Users/saiprasadreddykolan/Documents/E-commerce_project/venv/lib/python3.10/site-packages/airflow/example_dags/example_dynamic_task_mapping.py for tasks to queue
[2024-10-31T08:44:01.337-0700] {logging_mixin.py:190} INFO - [2024-10-31T08:44:01.337-0700] {dagbag.py:588} INFO - Filling up the DagBag from /Users/saiprasadreddykolan/Documents/E-commerce_project/venv/lib/python3.10/site-packages/airflow/example_dags/example_dynamic_task_mapping.py
[2024-10-31T08:44:01.349-0700] {processor.py:925} INFO - DAG(s) 'example_dynamic_task_mapping' retrieved from /Users/saiprasadreddykolan/Documents/E-commerce_project/venv/lib/python3.10/site-packages/airflow/example_dags/example_dynamic_task_mapping.py
[2024-10-31T08:44:01.382-0700] {logging_mixin.py:190} INFO - [2024-10-31T08:44:01.382-0700] {dag.py:3239} INFO - Sync 1 DAGs
[2024-10-31T08:44:01.386-0700] {logging_mixin.py:190} INFO - [2024-10-31T08:44:01.386-0700] {dag.py:4180} INFO - Setting next_dagrun for example_dynamic_task_mapping to None, run_after=None
[2024-10-31T08:44:01.392-0700] {processor.py:208} INFO - Processing /Users/saiprasadreddykolan/Documents/E-commerce_project/venv/lib/python3.10/site-packages/airflow/example_dags/example_dynamic_task_mapping.py took 0.058 seconds
[2024-10-31T09:22:09.705-0700] {processor.py:186} INFO - Started process (PID=39542) to work on /Users/saiprasadreddykolan/Documents/E-commerce_project/venv/lib/python3.10/site-packages/airflow/example_dags/example_dynamic_task_mapping.py
[2024-10-31T09:22:09.707-0700] {processor.py:914} INFO - Processing file /Users/saiprasadreddykolan/Documents/E-commerce_project/venv/lib/python3.10/site-packages/airflow/example_dags/example_dynamic_task_mapping.py for tasks to queue
[2024-10-31T09:22:09.707-0700] {logging_mixin.py:190} INFO - [2024-10-31T09:22:09.707-0700] {dagbag.py:588} INFO - Filling up the DagBag from /Users/saiprasadreddykolan/Documents/E-commerce_project/venv/lib/python3.10/site-packages/airflow/example_dags/example_dynamic_task_mapping.py
[2024-10-31T09:22:09.722-0700] {processor.py:925} INFO - DAG(s) 'example_dynamic_task_mapping' retrieved from /Users/saiprasadreddykolan/Documents/E-commerce_project/venv/lib/python3.10/site-packages/airflow/example_dags/example_dynamic_task_mapping.py
[2024-10-31T09:22:09.755-0700] {logging_mixin.py:190} INFO - [2024-10-31T09:22:09.755-0700] {dag.py:3239} INFO - Sync 1 DAGs
[2024-10-31T09:22:09.759-0700] {logging_mixin.py:190} INFO - [2024-10-31T09:22:09.759-0700] {dag.py:4180} INFO - Setting next_dagrun for example_dynamic_task_mapping to None, run_after=None
[2024-10-31T09:22:09.764-0700] {processor.py:208} INFO - Processing /Users/saiprasadreddykolan/Documents/E-commerce_project/venv/lib/python3.10/site-packages/airflow/example_dags/example_dynamic_task_mapping.py took 0.060 seconds
