[2024-10-30T17:39:55.156-0700] {processor.py:186} INFO - Started process (PID=6993) to work on /opt/anaconda3/lib/python3.12/site-packages/airflow/example_dags/example_nested_branch_dag.py
[2024-10-30T17:39:55.156-0700] {processor.py:914} INFO - Processing file /opt/anaconda3/lib/python3.12/site-packages/airflow/example_dags/example_nested_branch_dag.py for tasks to queue
[2024-10-30T17:39:55.156-0700] {logging_mixin.py:190} INFO - [2024-10-30T17:39:55.156-0700] {dagbag.py:588} INFO - Filling up the DagBag from /opt/anaconda3/lib/python3.12/site-packages/airflow/example_dags/example_nested_branch_dag.py
[2024-10-30T17:39:55.170-0700] {processor.py:925} INFO - DAG(s) 'example_nested_branch_dag' retrieved from /opt/anaconda3/lib/python3.12/site-packages/airflow/example_dags/example_nested_branch_dag.py
[2024-10-30T17:39:55.201-0700] {logging_mixin.py:190} INFO - [2024-10-30T17:39:55.201-0700] {dag.py:3239} INFO - Sync 1 DAGs
[2024-10-30T17:39:55.218-0700] {logging_mixin.py:190} INFO - [2024-10-30T17:39:55.218-0700] {dag.py:4180} INFO - Setting next_dagrun for example_nested_branch_dag to 2024-10-30 00:00:00+00:00, run_after=2024-10-31 00:00:00+00:00
[2024-10-30T17:39:55.241-0700] {processor.py:208} INFO - Processing /opt/anaconda3/lib/python3.12/site-packages/airflow/example_dags/example_nested_branch_dag.py took 0.086 seconds
[2024-10-30T18:51:25.084-0700] {processor.py:186} INFO - Started process (PID=7138) to work on /opt/anaconda3/lib/python3.12/site-packages/airflow/example_dags/example_nested_branch_dag.py
[2024-10-30T18:51:25.085-0700] {processor.py:914} INFO - Processing file /opt/anaconda3/lib/python3.12/site-packages/airflow/example_dags/example_nested_branch_dag.py for tasks to queue
[2024-10-30T18:51:25.085-0700] {logging_mixin.py:190} INFO - [2024-10-30T18:51:25.085-0700] {dagbag.py:588} INFO - Filling up the DagBag from /opt/anaconda3/lib/python3.12/site-packages/airflow/example_dags/example_nested_branch_dag.py
[2024-10-30T18:51:25.099-0700] {processor.py:925} INFO - DAG(s) 'example_nested_branch_dag' retrieved from /opt/anaconda3/lib/python3.12/site-packages/airflow/example_dags/example_nested_branch_dag.py
[2024-10-30T18:51:25.128-0700] {logging_mixin.py:190} INFO - [2024-10-30T18:51:25.128-0700] {dag.py:3239} INFO - Sync 1 DAGs
[2024-10-30T18:51:25.134-0700] {logging_mixin.py:190} INFO - [2024-10-30T18:51:25.133-0700] {dag.py:4180} INFO - Setting next_dagrun for example_nested_branch_dag to 2024-10-30 00:00:00+00:00, run_after=2024-10-31 00:00:00+00:00
[2024-10-30T18:51:25.139-0700] {processor.py:208} INFO - Processing /opt/anaconda3/lib/python3.12/site-packages/airflow/example_dags/example_nested_branch_dag.py took 0.056 seconds
[2024-10-30T20:59:53.917-0700] {processor.py:186} INFO - Started process (PID=9525) to work on /Users/saiprasadreddykolan/Documents/E-commerce_project/venv/lib/python3.10/site-packages/airflow/example_dags/example_nested_branch_dag.py
[2024-10-30T20:59:53.920-0700] {processor.py:914} INFO - Processing file /Users/saiprasadreddykolan/Documents/E-commerce_project/venv/lib/python3.10/site-packages/airflow/example_dags/example_nested_branch_dag.py for tasks to queue
[2024-10-30T20:59:53.920-0700] {logging_mixin.py:190} INFO - [2024-10-30T20:59:53.920-0700] {dagbag.py:588} INFO - Filling up the DagBag from /Users/saiprasadreddykolan/Documents/E-commerce_project/venv/lib/python3.10/site-packages/airflow/example_dags/example_nested_branch_dag.py
[2024-10-30T20:59:53.933-0700] {processor.py:925} INFO - DAG(s) 'example_nested_branch_dag' retrieved from /Users/saiprasadreddykolan/Documents/E-commerce_project/venv/lib/python3.10/site-packages/airflow/example_dags/example_nested_branch_dag.py
[2024-10-30T20:59:53.994-0700] {logging_mixin.py:190} INFO - [2024-10-30T20:59:53.994-0700] {dag.py:3239} INFO - Sync 1 DAGs
[2024-10-30T20:59:54.000-0700] {logging_mixin.py:190} INFO - [2024-10-30T20:59:53.999-0700] {dag.py:4180} INFO - Setting next_dagrun for example_nested_branch_dag to 2024-10-30T00:00:00+00:00, run_after=2024-10-31T00:00:00+00:00
[2024-10-30T20:59:54.006-0700] {processor.py:208} INFO - Processing /Users/saiprasadreddykolan/Documents/E-commerce_project/venv/lib/python3.10/site-packages/airflow/example_dags/example_nested_branch_dag.py took 0.090 seconds
[2024-10-30T21:01:30.828-0700] {processor.py:186} INFO - Started process (PID=9644) to work on /Users/saiprasadreddykolan/Documents/E-commerce_project/venv/lib/python3.10/site-packages/airflow/example_dags/example_nested_branch_dag.py
[2024-10-30T21:01:30.831-0700] {processor.py:914} INFO - Processing file /Users/saiprasadreddykolan/Documents/E-commerce_project/venv/lib/python3.10/site-packages/airflow/example_dags/example_nested_branch_dag.py for tasks to queue
[2024-10-30T21:01:30.831-0700] {logging_mixin.py:190} INFO - [2024-10-30T21:01:30.831-0700] {dagbag.py:588} INFO - Filling up the DagBag from /Users/saiprasadreddykolan/Documents/E-commerce_project/venv/lib/python3.10/site-packages/airflow/example_dags/example_nested_branch_dag.py
[2024-10-30T21:01:30.844-0700] {processor.py:925} INFO - DAG(s) 'example_nested_branch_dag' retrieved from /Users/saiprasadreddykolan/Documents/E-commerce_project/venv/lib/python3.10/site-packages/airflow/example_dags/example_nested_branch_dag.py
[2024-10-30T21:01:30.879-0700] {logging_mixin.py:190} INFO - [2024-10-30T21:01:30.879-0700] {dag.py:3239} INFO - Sync 1 DAGs
[2024-10-30T21:01:30.885-0700] {logging_mixin.py:190} INFO - [2024-10-30T21:01:30.885-0700] {dag.py:4180} INFO - Setting next_dagrun for example_nested_branch_dag to 2024-10-30T00:00:00+00:00, run_after=2024-10-31T00:00:00+00:00
[2024-10-30T21:01:30.891-0700] {processor.py:208} INFO - Processing /Users/saiprasadreddykolan/Documents/E-commerce_project/venv/lib/python3.10/site-packages/airflow/example_dags/example_nested_branch_dag.py took 0.063 seconds
[2024-10-30T21:03:38.677-0700] {processor.py:186} INFO - Started process (PID=9855) to work on /Users/saiprasadreddykolan/Documents/E-commerce_project/venv/lib/python3.10/site-packages/airflow/example_dags/example_nested_branch_dag.py
[2024-10-30T21:03:38.679-0700] {processor.py:914} INFO - Processing file /Users/saiprasadreddykolan/Documents/E-commerce_project/venv/lib/python3.10/site-packages/airflow/example_dags/example_nested_branch_dag.py for tasks to queue
[2024-10-30T21:03:38.679-0700] {logging_mixin.py:190} INFO - [2024-10-30T21:03:38.679-0700] {dagbag.py:588} INFO - Filling up the DagBag from /Users/saiprasadreddykolan/Documents/E-commerce_project/venv/lib/python3.10/site-packages/airflow/example_dags/example_nested_branch_dag.py
[2024-10-30T21:03:38.693-0700] {processor.py:925} INFO - DAG(s) 'example_nested_branch_dag' retrieved from /Users/saiprasadreddykolan/Documents/E-commerce_project/venv/lib/python3.10/site-packages/airflow/example_dags/example_nested_branch_dag.py
[2024-10-30T21:03:38.727-0700] {logging_mixin.py:190} INFO - [2024-10-30T21:03:38.727-0700] {dag.py:3239} INFO - Sync 1 DAGs
[2024-10-30T21:03:38.733-0700] {logging_mixin.py:190} INFO - [2024-10-30T21:03:38.733-0700] {dag.py:4180} INFO - Setting next_dagrun for example_nested_branch_dag to 2024-10-30T00:00:00+00:00, run_after=2024-10-31T00:00:00+00:00
[2024-10-30T21:03:38.739-0700] {processor.py:208} INFO - Processing /Users/saiprasadreddykolan/Documents/E-commerce_project/venv/lib/python3.10/site-packages/airflow/example_dags/example_nested_branch_dag.py took 0.063 seconds
[2024-10-30T21:05:52.849-0700] {processor.py:186} INFO - Started process (PID=10052) to work on /Users/saiprasadreddykolan/Documents/E-commerce_project/venv/lib/python3.10/site-packages/airflow/example_dags/example_nested_branch_dag.py
[2024-10-30T21:05:52.851-0700] {processor.py:914} INFO - Processing file /Users/saiprasadreddykolan/Documents/E-commerce_project/venv/lib/python3.10/site-packages/airflow/example_dags/example_nested_branch_dag.py for tasks to queue
[2024-10-30T21:05:52.851-0700] {logging_mixin.py:190} INFO - [2024-10-30T21:05:52.851-0700] {dagbag.py:588} INFO - Filling up the DagBag from /Users/saiprasadreddykolan/Documents/E-commerce_project/venv/lib/python3.10/site-packages/airflow/example_dags/example_nested_branch_dag.py
[2024-10-30T21:05:52.864-0700] {processor.py:925} INFO - DAG(s) 'example_nested_branch_dag' retrieved from /Users/saiprasadreddykolan/Documents/E-commerce_project/venv/lib/python3.10/site-packages/airflow/example_dags/example_nested_branch_dag.py
[2024-10-30T21:05:52.899-0700] {logging_mixin.py:190} INFO - [2024-10-30T21:05:52.899-0700] {dag.py:3239} INFO - Sync 1 DAGs
[2024-10-30T21:05:52.906-0700] {logging_mixin.py:190} INFO - [2024-10-30T21:05:52.906-0700] {dag.py:4180} INFO - Setting next_dagrun for example_nested_branch_dag to 2024-10-30T00:00:00+00:00, run_after=2024-10-31T00:00:00+00:00
[2024-10-30T21:05:52.912-0700] {processor.py:208} INFO - Processing /Users/saiprasadreddykolan/Documents/E-commerce_project/venv/lib/python3.10/site-packages/airflow/example_dags/example_nested_branch_dag.py took 0.064 seconds
[2024-10-30T21:08:08.298-0700] {processor.py:186} INFO - Started process (PID=10230) to work on /Users/saiprasadreddykolan/Documents/E-commerce_project/venv/lib/python3.10/site-packages/airflow/example_dags/example_nested_branch_dag.py
[2024-10-30T21:08:08.301-0700] {processor.py:914} INFO - Processing file /Users/saiprasadreddykolan/Documents/E-commerce_project/venv/lib/python3.10/site-packages/airflow/example_dags/example_nested_branch_dag.py for tasks to queue
[2024-10-30T21:08:08.301-0700] {logging_mixin.py:190} INFO - [2024-10-30T21:08:08.301-0700] {dagbag.py:588} INFO - Filling up the DagBag from /Users/saiprasadreddykolan/Documents/E-commerce_project/venv/lib/python3.10/site-packages/airflow/example_dags/example_nested_branch_dag.py
[2024-10-30T21:08:08.314-0700] {processor.py:925} INFO - DAG(s) 'example_nested_branch_dag' retrieved from /Users/saiprasadreddykolan/Documents/E-commerce_project/venv/lib/python3.10/site-packages/airflow/example_dags/example_nested_branch_dag.py
[2024-10-30T21:08:08.348-0700] {logging_mixin.py:190} INFO - [2024-10-30T21:08:08.348-0700] {dag.py:3239} INFO - Sync 1 DAGs
[2024-10-30T21:08:08.354-0700] {logging_mixin.py:190} INFO - [2024-10-30T21:08:08.354-0700] {dag.py:4180} INFO - Setting next_dagrun for example_nested_branch_dag to 2024-10-30T00:00:00+00:00, run_after=2024-10-31T00:00:00+00:00
[2024-10-30T21:08:08.360-0700] {processor.py:208} INFO - Processing /Users/saiprasadreddykolan/Documents/E-commerce_project/venv/lib/python3.10/site-packages/airflow/example_dags/example_nested_branch_dag.py took 0.063 seconds
[2024-10-30T21:10:24.435-0700] {processor.py:186} INFO - Started process (PID=10419) to work on /Users/saiprasadreddykolan/Documents/E-commerce_project/venv/lib/python3.10/site-packages/airflow/example_dags/example_nested_branch_dag.py
[2024-10-30T21:10:24.437-0700] {processor.py:914} INFO - Processing file /Users/saiprasadreddykolan/Documents/E-commerce_project/venv/lib/python3.10/site-packages/airflow/example_dags/example_nested_branch_dag.py for tasks to queue
[2024-10-30T21:10:24.438-0700] {logging_mixin.py:190} INFO - [2024-10-30T21:10:24.438-0700] {dagbag.py:588} INFO - Filling up the DagBag from /Users/saiprasadreddykolan/Documents/E-commerce_project/venv/lib/python3.10/site-packages/airflow/example_dags/example_nested_branch_dag.py
[2024-10-30T21:10:24.450-0700] {processor.py:925} INFO - DAG(s) 'example_nested_branch_dag' retrieved from /Users/saiprasadreddykolan/Documents/E-commerce_project/venv/lib/python3.10/site-packages/airflow/example_dags/example_nested_branch_dag.py
[2024-10-30T21:10:24.484-0700] {logging_mixin.py:190} INFO - [2024-10-30T21:10:24.484-0700] {dag.py:3239} INFO - Sync 1 DAGs
[2024-10-30T21:10:24.491-0700] {logging_mixin.py:190} INFO - [2024-10-30T21:10:24.491-0700] {dag.py:4180} INFO - Setting next_dagrun for example_nested_branch_dag to 2024-10-30T00:00:00+00:00, run_after=2024-10-31T00:00:00+00:00
[2024-10-30T21:10:24.496-0700] {processor.py:208} INFO - Processing /Users/saiprasadreddykolan/Documents/E-commerce_project/venv/lib/python3.10/site-packages/airflow/example_dags/example_nested_branch_dag.py took 0.063 seconds
[2024-10-30T21:12:33.103-0700] {processor.py:186} INFO - Started process (PID=10671) to work on /Users/saiprasadreddykolan/Documents/E-commerce_project/venv/lib/python3.10/site-packages/airflow/example_dags/example_nested_branch_dag.py
[2024-10-30T21:12:33.104-0700] {processor.py:914} INFO - Processing file /Users/saiprasadreddykolan/Documents/E-commerce_project/venv/lib/python3.10/site-packages/airflow/example_dags/example_nested_branch_dag.py for tasks to queue
[2024-10-30T21:12:33.105-0700] {logging_mixin.py:190} INFO - [2024-10-30T21:12:33.105-0700] {dagbag.py:588} INFO - Filling up the DagBag from /Users/saiprasadreddykolan/Documents/E-commerce_project/venv/lib/python3.10/site-packages/airflow/example_dags/example_nested_branch_dag.py
[2024-10-30T21:12:33.118-0700] {processor.py:925} INFO - DAG(s) 'example_nested_branch_dag' retrieved from /Users/saiprasadreddykolan/Documents/E-commerce_project/venv/lib/python3.10/site-packages/airflow/example_dags/example_nested_branch_dag.py
[2024-10-30T21:12:33.154-0700] {logging_mixin.py:190} INFO - [2024-10-30T21:12:33.153-0700] {dag.py:3239} INFO - Sync 1 DAGs
[2024-10-30T21:12:33.161-0700] {logging_mixin.py:190} INFO - [2024-10-30T21:12:33.161-0700] {dag.py:4180} INFO - Setting next_dagrun for example_nested_branch_dag to 2024-10-30T00:00:00+00:00, run_after=2024-10-31T00:00:00+00:00
[2024-10-30T21:12:33.167-0700] {processor.py:208} INFO - Processing /Users/saiprasadreddykolan/Documents/E-commerce_project/venv/lib/python3.10/site-packages/airflow/example_dags/example_nested_branch_dag.py took 0.066 seconds
[2024-10-30T21:14:42.857-0700] {processor.py:186} INFO - Started process (PID=12402) to work on /Users/saiprasadreddykolan/Documents/E-commerce_project/venv/lib/python3.10/site-packages/airflow/example_dags/example_nested_branch_dag.py
[2024-10-30T21:14:42.859-0700] {processor.py:914} INFO - Processing file /Users/saiprasadreddykolan/Documents/E-commerce_project/venv/lib/python3.10/site-packages/airflow/example_dags/example_nested_branch_dag.py for tasks to queue
[2024-10-30T21:14:42.860-0700] {logging_mixin.py:190} INFO - [2024-10-30T21:14:42.860-0700] {dagbag.py:588} INFO - Filling up the DagBag from /Users/saiprasadreddykolan/Documents/E-commerce_project/venv/lib/python3.10/site-packages/airflow/example_dags/example_nested_branch_dag.py
[2024-10-30T21:14:42.880-0700] {processor.py:925} INFO - DAG(s) 'example_nested_branch_dag' retrieved from /Users/saiprasadreddykolan/Documents/E-commerce_project/venv/lib/python3.10/site-packages/airflow/example_dags/example_nested_branch_dag.py
[2024-10-30T21:14:42.915-0700] {logging_mixin.py:190} INFO - [2024-10-30T21:14:42.914-0700] {dag.py:3239} INFO - Sync 1 DAGs
[2024-10-30T21:14:42.923-0700] {logging_mixin.py:190} INFO - [2024-10-30T21:14:42.923-0700] {dag.py:4180} INFO - Setting next_dagrun for example_nested_branch_dag to 2024-10-30T00:00:00+00:00, run_after=2024-10-31T00:00:00+00:00
[2024-10-30T21:14:42.929-0700] {processor.py:208} INFO - Processing /Users/saiprasadreddykolan/Documents/E-commerce_project/venv/lib/python3.10/site-packages/airflow/example_dags/example_nested_branch_dag.py took 0.073 seconds
[2024-10-30T21:17:04.429-0700] {processor.py:186} INFO - Started process (PID=33163) to work on /Users/saiprasadreddykolan/Documents/E-commerce_project/venv/lib/python3.10/site-packages/airflow/example_dags/example_nested_branch_dag.py
[2024-10-30T21:17:04.431-0700] {processor.py:914} INFO - Processing file /Users/saiprasadreddykolan/Documents/E-commerce_project/venv/lib/python3.10/site-packages/airflow/example_dags/example_nested_branch_dag.py for tasks to queue
[2024-10-30T21:17:04.432-0700] {logging_mixin.py:190} INFO - [2024-10-30T21:17:04.432-0700] {dagbag.py:588} INFO - Filling up the DagBag from /Users/saiprasadreddykolan/Documents/E-commerce_project/venv/lib/python3.10/site-packages/airflow/example_dags/example_nested_branch_dag.py
[2024-10-30T21:17:04.445-0700] {processor.py:925} INFO - DAG(s) 'example_nested_branch_dag' retrieved from /Users/saiprasadreddykolan/Documents/E-commerce_project/venv/lib/python3.10/site-packages/airflow/example_dags/example_nested_branch_dag.py
[2024-10-30T21:17:04.481-0700] {logging_mixin.py:190} INFO - [2024-10-30T21:17:04.481-0700] {dag.py:3239} INFO - Sync 1 DAGs
[2024-10-30T21:17:04.488-0700] {logging_mixin.py:190} INFO - [2024-10-30T21:17:04.488-0700] {dag.py:4180} INFO - Setting next_dagrun for example_nested_branch_dag to 2024-10-30T00:00:00+00:00, run_after=2024-10-31T00:00:00+00:00
[2024-10-30T21:17:04.495-0700] {processor.py:208} INFO - Processing /Users/saiprasadreddykolan/Documents/E-commerce_project/venv/lib/python3.10/site-packages/airflow/example_dags/example_nested_branch_dag.py took 0.067 seconds
[2024-10-30T21:19:19.236-0700] {processor.py:186} INFO - Started process (PID=33358) to work on /Users/saiprasadreddykolan/Documents/E-commerce_project/venv/lib/python3.10/site-packages/airflow/example_dags/example_nested_branch_dag.py
[2024-10-30T21:19:19.238-0700] {processor.py:914} INFO - Processing file /Users/saiprasadreddykolan/Documents/E-commerce_project/venv/lib/python3.10/site-packages/airflow/example_dags/example_nested_branch_dag.py for tasks to queue
[2024-10-30T21:19:19.239-0700] {logging_mixin.py:190} INFO - [2024-10-30T21:19:19.239-0700] {dagbag.py:588} INFO - Filling up the DagBag from /Users/saiprasadreddykolan/Documents/E-commerce_project/venv/lib/python3.10/site-packages/airflow/example_dags/example_nested_branch_dag.py
[2024-10-30T21:19:19.252-0700] {processor.py:925} INFO - DAG(s) 'example_nested_branch_dag' retrieved from /Users/saiprasadreddykolan/Documents/E-commerce_project/venv/lib/python3.10/site-packages/airflow/example_dags/example_nested_branch_dag.py
[2024-10-30T21:19:19.286-0700] {logging_mixin.py:190} INFO - [2024-10-30T21:19:19.286-0700] {dag.py:3239} INFO - Sync 1 DAGs
[2024-10-30T21:19:19.292-0700] {logging_mixin.py:190} INFO - [2024-10-30T21:19:19.292-0700] {dag.py:4180} INFO - Setting next_dagrun for example_nested_branch_dag to 2024-10-30T00:00:00+00:00, run_after=2024-10-31T00:00:00+00:00
[2024-10-30T21:19:19.298-0700] {processor.py:208} INFO - Processing /Users/saiprasadreddykolan/Documents/E-commerce_project/venv/lib/python3.10/site-packages/airflow/example_dags/example_nested_branch_dag.py took 0.063 seconds
[2024-10-30T21:21:26.423-0700] {processor.py:186} INFO - Started process (PID=33566) to work on /Users/saiprasadreddykolan/Documents/E-commerce_project/venv/lib/python3.10/site-packages/airflow/example_dags/example_nested_branch_dag.py
[2024-10-30T21:21:26.425-0700] {processor.py:914} INFO - Processing file /Users/saiprasadreddykolan/Documents/E-commerce_project/venv/lib/python3.10/site-packages/airflow/example_dags/example_nested_branch_dag.py for tasks to queue
[2024-10-30T21:21:26.425-0700] {logging_mixin.py:190} INFO - [2024-10-30T21:21:26.425-0700] {dagbag.py:588} INFO - Filling up the DagBag from /Users/saiprasadreddykolan/Documents/E-commerce_project/venv/lib/python3.10/site-packages/airflow/example_dags/example_nested_branch_dag.py
[2024-10-30T21:21:26.441-0700] {processor.py:925} INFO - DAG(s) 'example_nested_branch_dag' retrieved from /Users/saiprasadreddykolan/Documents/E-commerce_project/venv/lib/python3.10/site-packages/airflow/example_dags/example_nested_branch_dag.py
[2024-10-30T21:21:26.476-0700] {logging_mixin.py:190} INFO - [2024-10-30T21:21:26.476-0700] {dag.py:3239} INFO - Sync 1 DAGs
[2024-10-30T21:21:26.483-0700] {logging_mixin.py:190} INFO - [2024-10-30T21:21:26.483-0700] {dag.py:4180} INFO - Setting next_dagrun for example_nested_branch_dag to 2024-10-30T00:00:00+00:00, run_after=2024-10-31T00:00:00+00:00
[2024-10-30T21:21:26.490-0700] {processor.py:208} INFO - Processing /Users/saiprasadreddykolan/Documents/E-commerce_project/venv/lib/python3.10/site-packages/airflow/example_dags/example_nested_branch_dag.py took 0.068 seconds
[2024-10-30T21:23:43.431-0700] {processor.py:186} INFO - Started process (PID=33790) to work on /Users/saiprasadreddykolan/Documents/E-commerce_project/venv/lib/python3.10/site-packages/airflow/example_dags/example_nested_branch_dag.py
[2024-10-30T21:23:43.433-0700] {processor.py:914} INFO - Processing file /Users/saiprasadreddykolan/Documents/E-commerce_project/venv/lib/python3.10/site-packages/airflow/example_dags/example_nested_branch_dag.py for tasks to queue
[2024-10-30T21:23:43.434-0700] {logging_mixin.py:190} INFO - [2024-10-30T21:23:43.433-0700] {dagbag.py:588} INFO - Filling up the DagBag from /Users/saiprasadreddykolan/Documents/E-commerce_project/venv/lib/python3.10/site-packages/airflow/example_dags/example_nested_branch_dag.py
[2024-10-30T21:23:43.448-0700] {processor.py:925} INFO - DAG(s) 'example_nested_branch_dag' retrieved from /Users/saiprasadreddykolan/Documents/E-commerce_project/venv/lib/python3.10/site-packages/airflow/example_dags/example_nested_branch_dag.py
[2024-10-30T21:23:43.485-0700] {logging_mixin.py:190} INFO - [2024-10-30T21:23:43.485-0700] {dag.py:3239} INFO - Sync 1 DAGs
[2024-10-30T21:23:43.492-0700] {logging_mixin.py:190} INFO - [2024-10-30T21:23:43.492-0700] {dag.py:4180} INFO - Setting next_dagrun for example_nested_branch_dag to 2024-10-30T00:00:00+00:00, run_after=2024-10-31T00:00:00+00:00
[2024-10-30T21:23:43.498-0700] {processor.py:208} INFO - Processing /Users/saiprasadreddykolan/Documents/E-commerce_project/venv/lib/python3.10/site-packages/airflow/example_dags/example_nested_branch_dag.py took 0.069 seconds
[2024-10-30T21:25:56.685-0700] {processor.py:186} INFO - Started process (PID=36153) to work on /Users/saiprasadreddykolan/Documents/E-commerce_project/venv/lib/python3.10/site-packages/airflow/example_dags/example_nested_branch_dag.py
[2024-10-30T21:25:56.687-0700] {processor.py:914} INFO - Processing file /Users/saiprasadreddykolan/Documents/E-commerce_project/venv/lib/python3.10/site-packages/airflow/example_dags/example_nested_branch_dag.py for tasks to queue
[2024-10-30T21:25:56.688-0700] {logging_mixin.py:190} INFO - [2024-10-30T21:25:56.687-0700] {dagbag.py:588} INFO - Filling up the DagBag from /Users/saiprasadreddykolan/Documents/E-commerce_project/venv/lib/python3.10/site-packages/airflow/example_dags/example_nested_branch_dag.py
[2024-10-30T21:25:56.701-0700] {processor.py:925} INFO - DAG(s) 'example_nested_branch_dag' retrieved from /Users/saiprasadreddykolan/Documents/E-commerce_project/venv/lib/python3.10/site-packages/airflow/example_dags/example_nested_branch_dag.py
[2024-10-30T21:25:56.736-0700] {logging_mixin.py:190} INFO - [2024-10-30T21:25:56.736-0700] {dag.py:3239} INFO - Sync 1 DAGs
[2024-10-30T21:25:56.742-0700] {logging_mixin.py:190} INFO - [2024-10-30T21:25:56.742-0700] {dag.py:4180} INFO - Setting next_dagrun for example_nested_branch_dag to 2024-10-30T00:00:00+00:00, run_after=2024-10-31T00:00:00+00:00
[2024-10-30T21:25:56.748-0700] {processor.py:208} INFO - Processing /Users/saiprasadreddykolan/Documents/E-commerce_project/venv/lib/python3.10/site-packages/airflow/example_dags/example_nested_branch_dag.py took 0.064 seconds
[2024-10-30T21:28:10.644-0700] {processor.py:186} INFO - Started process (PID=36353) to work on /Users/saiprasadreddykolan/Documents/E-commerce_project/venv/lib/python3.10/site-packages/airflow/example_dags/example_nested_branch_dag.py
[2024-10-30T21:28:10.645-0700] {processor.py:914} INFO - Processing file /Users/saiprasadreddykolan/Documents/E-commerce_project/venv/lib/python3.10/site-packages/airflow/example_dags/example_nested_branch_dag.py for tasks to queue
[2024-10-30T21:28:10.646-0700] {logging_mixin.py:190} INFO - [2024-10-30T21:28:10.646-0700] {dagbag.py:588} INFO - Filling up the DagBag from /Users/saiprasadreddykolan/Documents/E-commerce_project/venv/lib/python3.10/site-packages/airflow/example_dags/example_nested_branch_dag.py
[2024-10-30T21:28:10.659-0700] {processor.py:925} INFO - DAG(s) 'example_nested_branch_dag' retrieved from /Users/saiprasadreddykolan/Documents/E-commerce_project/venv/lib/python3.10/site-packages/airflow/example_dags/example_nested_branch_dag.py
[2024-10-30T21:28:10.694-0700] {logging_mixin.py:190} INFO - [2024-10-30T21:28:10.694-0700] {dag.py:3239} INFO - Sync 1 DAGs
[2024-10-30T21:28:10.702-0700] {logging_mixin.py:190} INFO - [2024-10-30T21:28:10.702-0700] {dag.py:4180} INFO - Setting next_dagrun for example_nested_branch_dag to 2024-10-30T00:00:00+00:00, run_after=2024-10-31T00:00:00+00:00
[2024-10-30T21:28:10.708-0700] {processor.py:208} INFO - Processing /Users/saiprasadreddykolan/Documents/E-commerce_project/venv/lib/python3.10/site-packages/airflow/example_dags/example_nested_branch_dag.py took 0.066 seconds
[2024-10-30T21:30:16.898-0700] {processor.py:186} INFO - Started process (PID=36564) to work on /Users/saiprasadreddykolan/Documents/E-commerce_project/venv/lib/python3.10/site-packages/airflow/example_dags/example_nested_branch_dag.py
[2024-10-30T21:30:16.900-0700] {processor.py:914} INFO - Processing file /Users/saiprasadreddykolan/Documents/E-commerce_project/venv/lib/python3.10/site-packages/airflow/example_dags/example_nested_branch_dag.py for tasks to queue
[2024-10-30T21:30:16.900-0700] {logging_mixin.py:190} INFO - [2024-10-30T21:30:16.900-0700] {dagbag.py:588} INFO - Filling up the DagBag from /Users/saiprasadreddykolan/Documents/E-commerce_project/venv/lib/python3.10/site-packages/airflow/example_dags/example_nested_branch_dag.py
[2024-10-30T21:30:16.913-0700] {processor.py:925} INFO - DAG(s) 'example_nested_branch_dag' retrieved from /Users/saiprasadreddykolan/Documents/E-commerce_project/venv/lib/python3.10/site-packages/airflow/example_dags/example_nested_branch_dag.py
[2024-10-30T21:30:16.947-0700] {logging_mixin.py:190} INFO - [2024-10-30T21:30:16.947-0700] {dag.py:3239} INFO - Sync 1 DAGs
[2024-10-30T21:30:16.954-0700] {logging_mixin.py:190} INFO - [2024-10-30T21:30:16.954-0700] {dag.py:4180} INFO - Setting next_dagrun for example_nested_branch_dag to 2024-10-30T00:00:00+00:00, run_after=2024-10-31T00:00:00+00:00
[2024-10-30T21:30:16.960-0700] {processor.py:208} INFO - Processing /Users/saiprasadreddykolan/Documents/E-commerce_project/venv/lib/python3.10/site-packages/airflow/example_dags/example_nested_branch_dag.py took 0.064 seconds
[2024-10-30T21:32:35.908-0700] {processor.py:186} INFO - Started process (PID=36753) to work on /Users/saiprasadreddykolan/Documents/E-commerce_project/venv/lib/python3.10/site-packages/airflow/example_dags/example_nested_branch_dag.py
[2024-10-30T21:32:35.911-0700] {processor.py:914} INFO - Processing file /Users/saiprasadreddykolan/Documents/E-commerce_project/venv/lib/python3.10/site-packages/airflow/example_dags/example_nested_branch_dag.py for tasks to queue
[2024-10-30T21:32:35.911-0700] {logging_mixin.py:190} INFO - [2024-10-30T21:32:35.911-0700] {dagbag.py:588} INFO - Filling up the DagBag from /Users/saiprasadreddykolan/Documents/E-commerce_project/venv/lib/python3.10/site-packages/airflow/example_dags/example_nested_branch_dag.py
[2024-10-30T21:32:35.928-0700] {processor.py:925} INFO - DAG(s) 'example_nested_branch_dag' retrieved from /Users/saiprasadreddykolan/Documents/E-commerce_project/venv/lib/python3.10/site-packages/airflow/example_dags/example_nested_branch_dag.py
[2024-10-30T21:32:35.967-0700] {logging_mixin.py:190} INFO - [2024-10-30T21:32:35.966-0700] {dag.py:3239} INFO - Sync 1 DAGs
[2024-10-30T21:32:35.973-0700] {logging_mixin.py:190} INFO - [2024-10-30T21:32:35.973-0700] {dag.py:4180} INFO - Setting next_dagrun for example_nested_branch_dag to 2024-10-30T00:00:00+00:00, run_after=2024-10-31T00:00:00+00:00
[2024-10-30T21:32:35.979-0700] {processor.py:208} INFO - Processing /Users/saiprasadreddykolan/Documents/E-commerce_project/venv/lib/python3.10/site-packages/airflow/example_dags/example_nested_branch_dag.py took 0.072 seconds
[2024-10-30T21:34:53.784-0700] {processor.py:186} INFO - Started process (PID=36926) to work on /Users/saiprasadreddykolan/Documents/E-commerce_project/venv/lib/python3.10/site-packages/airflow/example_dags/example_nested_branch_dag.py
[2024-10-30T21:34:53.786-0700] {processor.py:914} INFO - Processing file /Users/saiprasadreddykolan/Documents/E-commerce_project/venv/lib/python3.10/site-packages/airflow/example_dags/example_nested_branch_dag.py for tasks to queue
[2024-10-30T21:34:53.786-0700] {logging_mixin.py:190} INFO - [2024-10-30T21:34:53.786-0700] {dagbag.py:588} INFO - Filling up the DagBag from /Users/saiprasadreddykolan/Documents/E-commerce_project/venv/lib/python3.10/site-packages/airflow/example_dags/example_nested_branch_dag.py
[2024-10-30T21:34:53.801-0700] {processor.py:925} INFO - DAG(s) 'example_nested_branch_dag' retrieved from /Users/saiprasadreddykolan/Documents/E-commerce_project/venv/lib/python3.10/site-packages/airflow/example_dags/example_nested_branch_dag.py
[2024-10-30T21:34:53.836-0700] {logging_mixin.py:190} INFO - [2024-10-30T21:34:53.836-0700] {dag.py:3239} INFO - Sync 1 DAGs
[2024-10-30T21:34:53.844-0700] {logging_mixin.py:190} INFO - [2024-10-30T21:34:53.844-0700] {dag.py:4180} INFO - Setting next_dagrun for example_nested_branch_dag to 2024-10-30T00:00:00+00:00, run_after=2024-10-31T00:00:00+00:00
[2024-10-30T21:34:53.850-0700] {processor.py:208} INFO - Processing /Users/saiprasadreddykolan/Documents/E-commerce_project/venv/lib/python3.10/site-packages/airflow/example_dags/example_nested_branch_dag.py took 0.067 seconds
[2024-10-30T21:37:08.120-0700] {processor.py:186} INFO - Started process (PID=37090) to work on /Users/saiprasadreddykolan/Documents/E-commerce_project/venv/lib/python3.10/site-packages/airflow/example_dags/example_nested_branch_dag.py
[2024-10-30T21:37:08.123-0700] {processor.py:914} INFO - Processing file /Users/saiprasadreddykolan/Documents/E-commerce_project/venv/lib/python3.10/site-packages/airflow/example_dags/example_nested_branch_dag.py for tasks to queue
[2024-10-30T21:37:08.123-0700] {logging_mixin.py:190} INFO - [2024-10-30T21:37:08.123-0700] {dagbag.py:588} INFO - Filling up the DagBag from /Users/saiprasadreddykolan/Documents/E-commerce_project/venv/lib/python3.10/site-packages/airflow/example_dags/example_nested_branch_dag.py
[2024-10-30T21:37:08.136-0700] {processor.py:925} INFO - DAG(s) 'example_nested_branch_dag' retrieved from /Users/saiprasadreddykolan/Documents/E-commerce_project/venv/lib/python3.10/site-packages/airflow/example_dags/example_nested_branch_dag.py
[2024-10-30T21:37:08.170-0700] {logging_mixin.py:190} INFO - [2024-10-30T21:37:08.170-0700] {dag.py:3239} INFO - Sync 1 DAGs
[2024-10-30T21:37:08.177-0700] {logging_mixin.py:190} INFO - [2024-10-30T21:37:08.177-0700] {dag.py:4180} INFO - Setting next_dagrun for example_nested_branch_dag to 2024-10-30T00:00:00+00:00, run_after=2024-10-31T00:00:00+00:00
[2024-10-30T21:37:08.183-0700] {processor.py:208} INFO - Processing /Users/saiprasadreddykolan/Documents/E-commerce_project/venv/lib/python3.10/site-packages/airflow/example_dags/example_nested_branch_dag.py took 0.064 seconds
[2024-10-30T21:39:17.642-0700] {processor.py:186} INFO - Started process (PID=37267) to work on /Users/saiprasadreddykolan/Documents/E-commerce_project/venv/lib/python3.10/site-packages/airflow/example_dags/example_nested_branch_dag.py
[2024-10-30T21:39:17.644-0700] {processor.py:914} INFO - Processing file /Users/saiprasadreddykolan/Documents/E-commerce_project/venv/lib/python3.10/site-packages/airflow/example_dags/example_nested_branch_dag.py for tasks to queue
[2024-10-30T21:39:17.645-0700] {logging_mixin.py:190} INFO - [2024-10-30T21:39:17.645-0700] {dagbag.py:588} INFO - Filling up the DagBag from /Users/saiprasadreddykolan/Documents/E-commerce_project/venv/lib/python3.10/site-packages/airflow/example_dags/example_nested_branch_dag.py
[2024-10-30T21:39:17.660-0700] {processor.py:925} INFO - DAG(s) 'example_nested_branch_dag' retrieved from /Users/saiprasadreddykolan/Documents/E-commerce_project/venv/lib/python3.10/site-packages/airflow/example_dags/example_nested_branch_dag.py
[2024-10-30T21:39:17.697-0700] {logging_mixin.py:190} INFO - [2024-10-30T21:39:17.697-0700] {dag.py:3239} INFO - Sync 1 DAGs
[2024-10-30T21:39:17.705-0700] {logging_mixin.py:190} INFO - [2024-10-30T21:39:17.704-0700] {dag.py:4180} INFO - Setting next_dagrun for example_nested_branch_dag to 2024-10-30T00:00:00+00:00, run_after=2024-10-31T00:00:00+00:00
[2024-10-30T21:39:17.711-0700] {processor.py:208} INFO - Processing /Users/saiprasadreddykolan/Documents/E-commerce_project/venv/lib/python3.10/site-packages/airflow/example_dags/example_nested_branch_dag.py took 0.070 seconds
[2024-10-30T21:41:30.423-0700] {processor.py:186} INFO - Started process (PID=37439) to work on /Users/saiprasadreddykolan/Documents/E-commerce_project/venv/lib/python3.10/site-packages/airflow/example_dags/example_nested_branch_dag.py
[2024-10-30T21:41:30.425-0700] {processor.py:914} INFO - Processing file /Users/saiprasadreddykolan/Documents/E-commerce_project/venv/lib/python3.10/site-packages/airflow/example_dags/example_nested_branch_dag.py for tasks to queue
[2024-10-30T21:41:30.426-0700] {logging_mixin.py:190} INFO - [2024-10-30T21:41:30.426-0700] {dagbag.py:588} INFO - Filling up the DagBag from /Users/saiprasadreddykolan/Documents/E-commerce_project/venv/lib/python3.10/site-packages/airflow/example_dags/example_nested_branch_dag.py
[2024-10-30T21:41:30.438-0700] {processor.py:925} INFO - DAG(s) 'example_nested_branch_dag' retrieved from /Users/saiprasadreddykolan/Documents/E-commerce_project/venv/lib/python3.10/site-packages/airflow/example_dags/example_nested_branch_dag.py
[2024-10-30T21:41:30.472-0700] {logging_mixin.py:190} INFO - [2024-10-30T21:41:30.472-0700] {dag.py:3239} INFO - Sync 1 DAGs
[2024-10-30T21:41:30.479-0700] {logging_mixin.py:190} INFO - [2024-10-30T21:41:30.479-0700] {dag.py:4180} INFO - Setting next_dagrun for example_nested_branch_dag to 2024-10-30T00:00:00+00:00, run_after=2024-10-31T00:00:00+00:00
[2024-10-30T21:41:30.484-0700] {processor.py:208} INFO - Processing /Users/saiprasadreddykolan/Documents/E-commerce_project/venv/lib/python3.10/site-packages/airflow/example_dags/example_nested_branch_dag.py took 0.063 seconds
[2024-10-30T23:05:19.902-0700] {processor.py:186} INFO - Started process (PID=37756) to work on /Users/saiprasadreddykolan/Documents/E-commerce_project/venv/lib/python3.10/site-packages/airflow/example_dags/example_nested_branch_dag.py
[2024-10-30T23:05:19.904-0700] {processor.py:914} INFO - Processing file /Users/saiprasadreddykolan/Documents/E-commerce_project/venv/lib/python3.10/site-packages/airflow/example_dags/example_nested_branch_dag.py for tasks to queue
[2024-10-30T23:05:19.905-0700] {logging_mixin.py:190} INFO - [2024-10-30T23:05:19.904-0700] {dagbag.py:588} INFO - Filling up the DagBag from /Users/saiprasadreddykolan/Documents/E-commerce_project/venv/lib/python3.10/site-packages/airflow/example_dags/example_nested_branch_dag.py
[2024-10-30T23:05:19.921-0700] {processor.py:925} INFO - DAG(s) 'example_nested_branch_dag' retrieved from /Users/saiprasadreddykolan/Documents/E-commerce_project/venv/lib/python3.10/site-packages/airflow/example_dags/example_nested_branch_dag.py
[2024-10-30T23:05:19.954-0700] {logging_mixin.py:190} INFO - [2024-10-30T23:05:19.954-0700] {dag.py:3239} INFO - Sync 1 DAGs
[2024-10-30T23:05:19.960-0700] {logging_mixin.py:190} INFO - [2024-10-30T23:05:19.960-0700] {dag.py:4180} INFO - Setting next_dagrun for example_nested_branch_dag to 2024-10-30T00:00:00+00:00, run_after=2024-10-31T00:00:00+00:00
[2024-10-30T23:05:19.966-0700] {processor.py:208} INFO - Processing /Users/saiprasadreddykolan/Documents/E-commerce_project/venv/lib/python3.10/site-packages/airflow/example_dags/example_nested_branch_dag.py took 0.065 seconds
[2024-10-31T00:36:44.017-0700] {processor.py:186} INFO - Started process (PID=37967) to work on /Users/saiprasadreddykolan/Documents/E-commerce_project/venv/lib/python3.10/site-packages/airflow/example_dags/example_nested_branch_dag.py
[2024-10-31T00:36:44.019-0700] {processor.py:914} INFO - Processing file /Users/saiprasadreddykolan/Documents/E-commerce_project/venv/lib/python3.10/site-packages/airflow/example_dags/example_nested_branch_dag.py for tasks to queue
[2024-10-31T00:36:44.020-0700] {logging_mixin.py:190} INFO - [2024-10-31T00:36:44.020-0700] {dagbag.py:588} INFO - Filling up the DagBag from /Users/saiprasadreddykolan/Documents/E-commerce_project/venv/lib/python3.10/site-packages/airflow/example_dags/example_nested_branch_dag.py
[2024-10-31T00:36:44.033-0700] {processor.py:925} INFO - DAG(s) 'example_nested_branch_dag' retrieved from /Users/saiprasadreddykolan/Documents/E-commerce_project/venv/lib/python3.10/site-packages/airflow/example_dags/example_nested_branch_dag.py
[2024-10-31T00:36:44.067-0700] {logging_mixin.py:190} INFO - [2024-10-31T00:36:44.067-0700] {dag.py:3239} INFO - Sync 1 DAGs
[2024-10-31T00:36:44.073-0700] {logging_mixin.py:190} INFO - [2024-10-31T00:36:44.073-0700] {dag.py:4180} INFO - Setting next_dagrun for example_nested_branch_dag to 2024-10-30T00:00:00+00:00, run_after=2024-10-31T00:00:00+00:00
[2024-10-31T00:36:44.080-0700] {processor.py:208} INFO - Processing /Users/saiprasadreddykolan/Documents/E-commerce_project/venv/lib/python3.10/site-packages/airflow/example_dags/example_nested_branch_dag.py took 0.064 seconds
[2024-10-31T01:32:27.862-0700] {processor.py:186} INFO - Started process (PID=38121) to work on /Users/saiprasadreddykolan/Documents/E-commerce_project/venv/lib/python3.10/site-packages/airflow/example_dags/example_nested_branch_dag.py
[2024-10-31T01:32:27.865-0700] {processor.py:914} INFO - Processing file /Users/saiprasadreddykolan/Documents/E-commerce_project/venv/lib/python3.10/site-packages/airflow/example_dags/example_nested_branch_dag.py for tasks to queue
[2024-10-31T01:32:27.865-0700] {logging_mixin.py:190} INFO - [2024-10-31T01:32:27.865-0700] {dagbag.py:588} INFO - Filling up the DagBag from /Users/saiprasadreddykolan/Documents/E-commerce_project/venv/lib/python3.10/site-packages/airflow/example_dags/example_nested_branch_dag.py
[2024-10-31T01:32:27.878-0700] {processor.py:925} INFO - DAG(s) 'example_nested_branch_dag' retrieved from /Users/saiprasadreddykolan/Documents/E-commerce_project/venv/lib/python3.10/site-packages/airflow/example_dags/example_nested_branch_dag.py
[2024-10-31T01:32:27.911-0700] {logging_mixin.py:190} INFO - [2024-10-31T01:32:27.911-0700] {dag.py:3239} INFO - Sync 1 DAGs
[2024-10-31T01:32:27.918-0700] {logging_mixin.py:190} INFO - [2024-10-31T01:32:27.918-0700] {dag.py:4180} INFO - Setting next_dagrun for example_nested_branch_dag to 2024-10-30T00:00:00+00:00, run_after=2024-10-31T00:00:00+00:00
[2024-10-31T01:32:27.923-0700] {processor.py:208} INFO - Processing /Users/saiprasadreddykolan/Documents/E-commerce_project/venv/lib/python3.10/site-packages/airflow/example_dags/example_nested_branch_dag.py took 0.062 seconds
[2024-10-31T02:26:16.670-0700] {processor.py:186} INFO - Started process (PID=38354) to work on /Users/saiprasadreddykolan/Documents/E-commerce_project/venv/lib/python3.10/site-packages/airflow/example_dags/example_nested_branch_dag.py
[2024-10-31T02:26:16.672-0700] {processor.py:914} INFO - Processing file /Users/saiprasadreddykolan/Documents/E-commerce_project/venv/lib/python3.10/site-packages/airflow/example_dags/example_nested_branch_dag.py for tasks to queue
[2024-10-31T02:26:16.672-0700] {logging_mixin.py:190} INFO - [2024-10-31T02:26:16.672-0700] {dagbag.py:588} INFO - Filling up the DagBag from /Users/saiprasadreddykolan/Documents/E-commerce_project/venv/lib/python3.10/site-packages/airflow/example_dags/example_nested_branch_dag.py
[2024-10-31T02:26:16.685-0700] {processor.py:925} INFO - DAG(s) 'example_nested_branch_dag' retrieved from /Users/saiprasadreddykolan/Documents/E-commerce_project/venv/lib/python3.10/site-packages/airflow/example_dags/example_nested_branch_dag.py
[2024-10-31T02:26:16.718-0700] {logging_mixin.py:190} INFO - [2024-10-31T02:26:16.718-0700] {dag.py:3239} INFO - Sync 1 DAGs
[2024-10-31T02:26:16.724-0700] {logging_mixin.py:190} INFO - [2024-10-31T02:26:16.724-0700] {dag.py:4180} INFO - Setting next_dagrun for example_nested_branch_dag to 2024-10-30T00:00:00+00:00, run_after=2024-10-31T00:00:00+00:00
[2024-10-31T02:26:16.730-0700] {processor.py:208} INFO - Processing /Users/saiprasadreddykolan/Documents/E-commerce_project/venv/lib/python3.10/site-packages/airflow/example_dags/example_nested_branch_dag.py took 0.061 seconds
[2024-10-31T04:42:01.494-0700] {processor.py:186} INFO - Started process (PID=38559) to work on /Users/saiprasadreddykolan/Documents/E-commerce_project/venv/lib/python3.10/site-packages/airflow/example_dags/example_nested_branch_dag.py
[2024-10-31T04:42:01.496-0700] {processor.py:914} INFO - Processing file /Users/saiprasadreddykolan/Documents/E-commerce_project/venv/lib/python3.10/site-packages/airflow/example_dags/example_nested_branch_dag.py for tasks to queue
[2024-10-31T04:42:01.496-0700] {logging_mixin.py:190} INFO - [2024-10-31T04:42:01.496-0700] {dagbag.py:588} INFO - Filling up the DagBag from /Users/saiprasadreddykolan/Documents/E-commerce_project/venv/lib/python3.10/site-packages/airflow/example_dags/example_nested_branch_dag.py
[2024-10-31T04:42:01.509-0700] {processor.py:925} INFO - DAG(s) 'example_nested_branch_dag' retrieved from /Users/saiprasadreddykolan/Documents/E-commerce_project/venv/lib/python3.10/site-packages/airflow/example_dags/example_nested_branch_dag.py
[2024-10-31T04:42:01.544-0700] {logging_mixin.py:190} INFO - [2024-10-31T04:42:01.544-0700] {dag.py:3239} INFO - Sync 1 DAGs
[2024-10-31T04:42:01.551-0700] {logging_mixin.py:190} INFO - [2024-10-31T04:42:01.551-0700] {dag.py:4180} INFO - Setting next_dagrun for example_nested_branch_dag to 2024-10-30T00:00:00+00:00, run_after=2024-10-31T00:00:00+00:00
[2024-10-31T04:42:01.557-0700] {processor.py:208} INFO - Processing /Users/saiprasadreddykolan/Documents/E-commerce_project/venv/lib/python3.10/site-packages/airflow/example_dags/example_nested_branch_dag.py took 0.064 seconds
[2024-10-31T05:52:13.703-0700] {processor.py:186} INFO - Started process (PID=38794) to work on /Users/saiprasadreddykolan/Documents/E-commerce_project/venv/lib/python3.10/site-packages/airflow/example_dags/example_nested_branch_dag.py
[2024-10-31T05:52:13.705-0700] {processor.py:914} INFO - Processing file /Users/saiprasadreddykolan/Documents/E-commerce_project/venv/lib/python3.10/site-packages/airflow/example_dags/example_nested_branch_dag.py for tasks to queue
[2024-10-31T05:52:13.705-0700] {logging_mixin.py:190} INFO - [2024-10-31T05:52:13.705-0700] {dagbag.py:588} INFO - Filling up the DagBag from /Users/saiprasadreddykolan/Documents/E-commerce_project/venv/lib/python3.10/site-packages/airflow/example_dags/example_nested_branch_dag.py
[2024-10-31T05:52:13.718-0700] {processor.py:925} INFO - DAG(s) 'example_nested_branch_dag' retrieved from /Users/saiprasadreddykolan/Documents/E-commerce_project/venv/lib/python3.10/site-packages/airflow/example_dags/example_nested_branch_dag.py
[2024-10-31T05:52:13.752-0700] {logging_mixin.py:190} INFO - [2024-10-31T05:52:13.752-0700] {dag.py:3239} INFO - Sync 1 DAGs
[2024-10-31T05:52:13.758-0700] {logging_mixin.py:190} INFO - [2024-10-31T05:52:13.758-0700] {dag.py:4180} INFO - Setting next_dagrun for example_nested_branch_dag to 2024-10-30T00:00:00+00:00, run_after=2024-10-31T00:00:00+00:00
[2024-10-31T05:52:13.764-0700] {processor.py:208} INFO - Processing /Users/saiprasadreddykolan/Documents/E-commerce_project/venv/lib/python3.10/site-packages/airflow/example_dags/example_nested_branch_dag.py took 0.062 seconds
[2024-10-31T06:59:45.349-0700] {processor.py:186} INFO - Started process (PID=38983) to work on /Users/saiprasadreddykolan/Documents/E-commerce_project/venv/lib/python3.10/site-packages/airflow/example_dags/example_nested_branch_dag.py
[2024-10-31T06:59:45.351-0700] {processor.py:914} INFO - Processing file /Users/saiprasadreddykolan/Documents/E-commerce_project/venv/lib/python3.10/site-packages/airflow/example_dags/example_nested_branch_dag.py for tasks to queue
[2024-10-31T06:59:45.351-0700] {logging_mixin.py:190} INFO - [2024-10-31T06:59:45.351-0700] {dagbag.py:588} INFO - Filling up the DagBag from /Users/saiprasadreddykolan/Documents/E-commerce_project/venv/lib/python3.10/site-packages/airflow/example_dags/example_nested_branch_dag.py
[2024-10-31T06:59:45.365-0700] {processor.py:925} INFO - DAG(s) 'example_nested_branch_dag' retrieved from /Users/saiprasadreddykolan/Documents/E-commerce_project/venv/lib/python3.10/site-packages/airflow/example_dags/example_nested_branch_dag.py
[2024-10-31T06:59:45.398-0700] {logging_mixin.py:190} INFO - [2024-10-31T06:59:45.397-0700] {dag.py:3239} INFO - Sync 1 DAGs
[2024-10-31T06:59:45.404-0700] {logging_mixin.py:190} INFO - [2024-10-31T06:59:45.404-0700] {dag.py:4180} INFO - Setting next_dagrun for example_nested_branch_dag to 2024-10-30T00:00:00+00:00, run_after=2024-10-31T00:00:00+00:00
[2024-10-31T06:59:45.409-0700] {processor.py:208} INFO - Processing /Users/saiprasadreddykolan/Documents/E-commerce_project/venv/lib/python3.10/site-packages/airflow/example_dags/example_nested_branch_dag.py took 0.061 seconds
[2024-10-31T07:43:15.524-0700] {processor.py:186} INFO - Started process (PID=39192) to work on /Users/saiprasadreddykolan/Documents/E-commerce_project/venv/lib/python3.10/site-packages/airflow/example_dags/example_nested_branch_dag.py
[2024-10-31T07:43:15.526-0700] {processor.py:914} INFO - Processing file /Users/saiprasadreddykolan/Documents/E-commerce_project/venv/lib/python3.10/site-packages/airflow/example_dags/example_nested_branch_dag.py for tasks to queue
[2024-10-31T07:43:15.527-0700] {logging_mixin.py:190} INFO - [2024-10-31T07:43:15.527-0700] {dagbag.py:588} INFO - Filling up the DagBag from /Users/saiprasadreddykolan/Documents/E-commerce_project/venv/lib/python3.10/site-packages/airflow/example_dags/example_nested_branch_dag.py
[2024-10-31T07:43:15.540-0700] {processor.py:925} INFO - DAG(s) 'example_nested_branch_dag' retrieved from /Users/saiprasadreddykolan/Documents/E-commerce_project/venv/lib/python3.10/site-packages/airflow/example_dags/example_nested_branch_dag.py
[2024-10-31T07:43:15.573-0700] {logging_mixin.py:190} INFO - [2024-10-31T07:43:15.573-0700] {dag.py:3239} INFO - Sync 1 DAGs
[2024-10-31T07:43:15.579-0700] {logging_mixin.py:190} INFO - [2024-10-31T07:43:15.579-0700] {dag.py:4180} INFO - Setting next_dagrun for example_nested_branch_dag to 2024-10-30T00:00:00+00:00, run_after=2024-10-31T00:00:00+00:00
[2024-10-31T07:43:15.585-0700] {processor.py:208} INFO - Processing /Users/saiprasadreddykolan/Documents/E-commerce_project/venv/lib/python3.10/site-packages/airflow/example_dags/example_nested_branch_dag.py took 0.062 seconds
[2024-10-31T08:43:52.405-0700] {processor.py:186} INFO - Started process (PID=39322) to work on /Users/saiprasadreddykolan/Documents/E-commerce_project/venv/lib/python3.10/site-packages/airflow/example_dags/example_nested_branch_dag.py
[2024-10-31T08:43:52.406-0700] {processor.py:914} INFO - Processing file /Users/saiprasadreddykolan/Documents/E-commerce_project/venv/lib/python3.10/site-packages/airflow/example_dags/example_nested_branch_dag.py for tasks to queue
[2024-10-31T08:43:52.407-0700] {logging_mixin.py:190} INFO - [2024-10-31T08:43:52.407-0700] {dagbag.py:588} INFO - Filling up the DagBag from /Users/saiprasadreddykolan/Documents/E-commerce_project/venv/lib/python3.10/site-packages/airflow/example_dags/example_nested_branch_dag.py
[2024-10-31T08:43:52.420-0700] {processor.py:925} INFO - DAG(s) 'example_nested_branch_dag' retrieved from /Users/saiprasadreddykolan/Documents/E-commerce_project/venv/lib/python3.10/site-packages/airflow/example_dags/example_nested_branch_dag.py
[2024-10-31T08:43:52.454-0700] {logging_mixin.py:190} INFO - [2024-10-31T08:43:52.453-0700] {dag.py:3239} INFO - Sync 1 DAGs
[2024-10-31T08:43:52.460-0700] {logging_mixin.py:190} INFO - [2024-10-31T08:43:52.460-0700] {dag.py:4180} INFO - Setting next_dagrun for example_nested_branch_dag to 2024-10-30T00:00:00+00:00, run_after=2024-10-31T00:00:00+00:00
[2024-10-31T08:43:52.466-0700] {processor.py:208} INFO - Processing /Users/saiprasadreddykolan/Documents/E-commerce_project/venv/lib/python3.10/site-packages/airflow/example_dags/example_nested_branch_dag.py took 0.062 seconds
[2024-10-31T09:22:00.490-0700] {processor.py:186} INFO - Started process (PID=39531) to work on /Users/saiprasadreddykolan/Documents/E-commerce_project/venv/lib/python3.10/site-packages/airflow/example_dags/example_nested_branch_dag.py
[2024-10-31T09:22:00.492-0700] {processor.py:914} INFO - Processing file /Users/saiprasadreddykolan/Documents/E-commerce_project/venv/lib/python3.10/site-packages/airflow/example_dags/example_nested_branch_dag.py for tasks to queue
[2024-10-31T09:22:00.492-0700] {logging_mixin.py:190} INFO - [2024-10-31T09:22:00.492-0700] {dagbag.py:588} INFO - Filling up the DagBag from /Users/saiprasadreddykolan/Documents/E-commerce_project/venv/lib/python3.10/site-packages/airflow/example_dags/example_nested_branch_dag.py
[2024-10-31T09:22:00.506-0700] {processor.py:925} INFO - DAG(s) 'example_nested_branch_dag' retrieved from /Users/saiprasadreddykolan/Documents/E-commerce_project/venv/lib/python3.10/site-packages/airflow/example_dags/example_nested_branch_dag.py
[2024-10-31T09:22:00.539-0700] {logging_mixin.py:190} INFO - [2024-10-31T09:22:00.539-0700] {dag.py:3239} INFO - Sync 1 DAGs
[2024-10-31T09:22:00.545-0700] {logging_mixin.py:190} INFO - [2024-10-31T09:22:00.545-0700] {dag.py:4180} INFO - Setting next_dagrun for example_nested_branch_dag to 2024-10-30T00:00:00+00:00, run_after=2024-10-31T00:00:00+00:00
[2024-10-31T09:22:00.550-0700] {processor.py:208} INFO - Processing /Users/saiprasadreddykolan/Documents/E-commerce_project/venv/lib/python3.10/site-packages/airflow/example_dags/example_nested_branch_dag.py took 0.061 seconds
[2024-10-31T09:30:26.157-0700] {processor.py:186} INFO - Started process (PID=39690) to work on /Users/saiprasadreddykolan/Documents/E-commerce_project/venv/lib/python3.10/site-packages/airflow/example_dags/example_nested_branch_dag.py
[2024-10-31T09:30:26.160-0700] {processor.py:914} INFO - Processing file /Users/saiprasadreddykolan/Documents/E-commerce_project/venv/lib/python3.10/site-packages/airflow/example_dags/example_nested_branch_dag.py for tasks to queue
[2024-10-31T09:30:26.160-0700] {logging_mixin.py:190} INFO - [2024-10-31T09:30:26.160-0700] {dagbag.py:588} INFO - Filling up the DagBag from /Users/saiprasadreddykolan/Documents/E-commerce_project/venv/lib/python3.10/site-packages/airflow/example_dags/example_nested_branch_dag.py
[2024-10-31T09:30:26.173-0700] {processor.py:925} INFO - DAG(s) 'example_nested_branch_dag' retrieved from /Users/saiprasadreddykolan/Documents/E-commerce_project/venv/lib/python3.10/site-packages/airflow/example_dags/example_nested_branch_dag.py
[2024-10-31T09:30:26.207-0700] {logging_mixin.py:190} INFO - [2024-10-31T09:30:26.207-0700] {dag.py:3239} INFO - Sync 1 DAGs
[2024-10-31T09:30:26.213-0700] {logging_mixin.py:190} INFO - [2024-10-31T09:30:26.213-0700] {dag.py:4180} INFO - Setting next_dagrun for example_nested_branch_dag to 2024-10-30T00:00:00+00:00, run_after=2024-10-31T00:00:00+00:00
[2024-10-31T09:30:26.219-0700] {processor.py:208} INFO - Processing /Users/saiprasadreddykolan/Documents/E-commerce_project/venv/lib/python3.10/site-packages/airflow/example_dags/example_nested_branch_dag.py took 0.063 seconds
