[2024-10-30T17:40:04.954-0700] {processor.py:186} INFO - Started process (PID=7008) to work on /opt/anaconda3/lib/python3.12/site-packages/airflow/example_dags/example_external_task_marker_dag.py
[2024-10-30T17:40:04.955-0700] {processor.py:914} INFO - Processing file /opt/anaconda3/lib/python3.12/site-packages/airflow/example_dags/example_external_task_marker_dag.py for tasks to queue
[2024-10-30T17:40:04.955-0700] {logging_mixin.py:190} INFO - [2024-10-30T17:40:04.955-0700] {dagbag.py:588} INFO - Filling up the DagBag from /opt/anaconda3/lib/python3.12/site-packages/airflow/example_dags/example_external_task_marker_dag.py
[2024-10-30T17:40:04.959-0700] {processor.py:925} INFO - DAG(s) 'example_external_task_marker_parent', 'example_external_task_marker_child' retrieved from /opt/anaconda3/lib/python3.12/site-packages/airflow/example_dags/example_external_task_marker_dag.py
[2024-10-30T17:40:05.131-0700] {logging_mixin.py:190} INFO - [2024-10-30T17:40:05.130-0700] {utils.py:160} INFO - NumExpr defaulting to 8 threads.
[2024-10-30T17:40:05.305-0700] {logging_mixin.py:190} INFO - [2024-10-30T17:40:05.305-0700] {dag.py:3239} INFO - Sync 2 DAGs
[2024-10-30T17:40:05.310-0700] {logging_mixin.py:190} INFO - [2024-10-30T17:40:05.310-0700] {dag.py:4180} INFO - Setting next_dagrun for example_external_task_marker_child to None, run_after=None
[2024-10-30T17:40:05.312-0700] {logging_mixin.py:190} INFO - [2024-10-30T17:40:05.312-0700] {dag.py:4180} INFO - Setting next_dagrun for example_external_task_marker_parent to None, run_after=None
[2024-10-30T17:40:05.319-0700] {processor.py:208} INFO - Processing /opt/anaconda3/lib/python3.12/site-packages/airflow/example_dags/example_external_task_marker_dag.py took 0.365 seconds
[2024-10-30T18:51:34.951-0700] {processor.py:186} INFO - Started process (PID=7158) to work on /opt/anaconda3/lib/python3.12/site-packages/airflow/example_dags/example_external_task_marker_dag.py
[2024-10-30T18:51:34.951-0700] {processor.py:914} INFO - Processing file /opt/anaconda3/lib/python3.12/site-packages/airflow/example_dags/example_external_task_marker_dag.py for tasks to queue
[2024-10-30T18:51:34.952-0700] {logging_mixin.py:190} INFO - [2024-10-30T18:51:34.952-0700] {dagbag.py:588} INFO - Filling up the DagBag from /opt/anaconda3/lib/python3.12/site-packages/airflow/example_dags/example_external_task_marker_dag.py
[2024-10-30T18:51:34.956-0700] {processor.py:925} INFO - DAG(s) 'example_external_task_marker_parent', 'example_external_task_marker_child' retrieved from /opt/anaconda3/lib/python3.12/site-packages/airflow/example_dags/example_external_task_marker_dag.py
[2024-10-30T18:51:35.269-0700] {logging_mixin.py:190} INFO - [2024-10-30T18:51:35.269-0700] {utils.py:160} INFO - NumExpr defaulting to 8 threads.
[2024-10-30T18:51:35.460-0700] {logging_mixin.py:190} INFO - [2024-10-30T18:51:35.460-0700] {dag.py:3239} INFO - Sync 2 DAGs
[2024-10-30T18:51:35.464-0700] {logging_mixin.py:190} INFO - [2024-10-30T18:51:35.464-0700] {dag.py:4180} INFO - Setting next_dagrun for example_external_task_marker_child to None, run_after=None
[2024-10-30T18:51:35.466-0700] {logging_mixin.py:190} INFO - [2024-10-30T18:51:35.466-0700] {dag.py:4180} INFO - Setting next_dagrun for example_external_task_marker_parent to None, run_after=None
[2024-10-30T18:51:35.471-0700] {processor.py:208} INFO - Processing /opt/anaconda3/lib/python3.12/site-packages/airflow/example_dags/example_external_task_marker_dag.py took 0.522 seconds
[2024-10-30T21:00:05.083-0700] {processor.py:186} INFO - Started process (PID=9540) to work on /Users/saiprasadreddykolan/Documents/E-commerce_project/venv/lib/python3.10/site-packages/airflow/example_dags/example_external_task_marker_dag.py
[2024-10-30T21:00:05.084-0700] {processor.py:914} INFO - Processing file /Users/saiprasadreddykolan/Documents/E-commerce_project/venv/lib/python3.10/site-packages/airflow/example_dags/example_external_task_marker_dag.py for tasks to queue
[2024-10-30T21:00:05.085-0700] {logging_mixin.py:190} INFO - [2024-10-30T21:00:05.085-0700] {dagbag.py:588} INFO - Filling up the DagBag from /Users/saiprasadreddykolan/Documents/E-commerce_project/venv/lib/python3.10/site-packages/airflow/example_dags/example_external_task_marker_dag.py
[2024-10-30T21:00:05.090-0700] {processor.py:925} INFO - DAG(s) 'example_external_task_marker_parent', 'example_external_task_marker_child' retrieved from /Users/saiprasadreddykolan/Documents/E-commerce_project/venv/lib/python3.10/site-packages/airflow/example_dags/example_external_task_marker_dag.py
[2024-10-30T21:00:05.411-0700] {logging_mixin.py:190} INFO - [2024-10-30T21:00:05.411-0700] {dag.py:3239} INFO - Sync 2 DAGs
[2024-10-30T21:00:05.415-0700] {logging_mixin.py:190} INFO - [2024-10-30T21:00:05.415-0700] {dag.py:4180} INFO - Setting next_dagrun for example_external_task_marker_child to None, run_after=None
[2024-10-30T21:00:05.417-0700] {logging_mixin.py:190} INFO - [2024-10-30T21:00:05.416-0700] {dag.py:4180} INFO - Setting next_dagrun for example_external_task_marker_parent to None, run_after=None
[2024-10-30T21:00:05.423-0700] {processor.py:208} INFO - Processing /Users/saiprasadreddykolan/Documents/E-commerce_project/venv/lib/python3.10/site-packages/airflow/example_dags/example_external_task_marker_dag.py took 0.342 seconds
[2024-10-30T21:02:16.378-0700] {processor.py:186} INFO - Started process (PID=9730) to work on /Users/saiprasadreddykolan/Documents/E-commerce_project/venv/lib/python3.10/site-packages/airflow/example_dags/example_external_task_marker_dag.py
[2024-10-30T21:02:16.380-0700] {processor.py:914} INFO - Processing file /Users/saiprasadreddykolan/Documents/E-commerce_project/venv/lib/python3.10/site-packages/airflow/example_dags/example_external_task_marker_dag.py for tasks to queue
[2024-10-30T21:02:16.380-0700] {logging_mixin.py:190} INFO - [2024-10-30T21:02:16.380-0700] {dagbag.py:588} INFO - Filling up the DagBag from /Users/saiprasadreddykolan/Documents/E-commerce_project/venv/lib/python3.10/site-packages/airflow/example_dags/example_external_task_marker_dag.py
[2024-10-30T21:02:16.385-0700] {processor.py:925} INFO - DAG(s) 'example_external_task_marker_child', 'example_external_task_marker_parent' retrieved from /Users/saiprasadreddykolan/Documents/E-commerce_project/venv/lib/python3.10/site-packages/airflow/example_dags/example_external_task_marker_dag.py
[2024-10-30T21:02:16.629-0700] {logging_mixin.py:190} INFO - [2024-10-30T21:02:16.629-0700] {dag.py:3239} INFO - Sync 2 DAGs
[2024-10-30T21:02:16.633-0700] {logging_mixin.py:190} INFO - [2024-10-30T21:02:16.633-0700] {dag.py:4180} INFO - Setting next_dagrun for example_external_task_marker_child to None, run_after=None
[2024-10-30T21:02:16.634-0700] {logging_mixin.py:190} INFO - [2024-10-30T21:02:16.634-0700] {dag.py:4180} INFO - Setting next_dagrun for example_external_task_marker_parent to None, run_after=None
[2024-10-30T21:02:16.640-0700] {processor.py:208} INFO - Processing /Users/saiprasadreddykolan/Documents/E-commerce_project/venv/lib/python3.10/site-packages/airflow/example_dags/example_external_task_marker_dag.py took 0.263 seconds
[2024-10-30T21:04:26.680-0700] {processor.py:186} INFO - Started process (PID=9938) to work on /Users/saiprasadreddykolan/Documents/E-commerce_project/venv/lib/python3.10/site-packages/airflow/example_dags/example_external_task_marker_dag.py
[2024-10-30T21:04:26.682-0700] {processor.py:914} INFO - Processing file /Users/saiprasadreddykolan/Documents/E-commerce_project/venv/lib/python3.10/site-packages/airflow/example_dags/example_external_task_marker_dag.py for tasks to queue
[2024-10-30T21:04:26.683-0700] {logging_mixin.py:190} INFO - [2024-10-30T21:04:26.683-0700] {dagbag.py:588} INFO - Filling up the DagBag from /Users/saiprasadreddykolan/Documents/E-commerce_project/venv/lib/python3.10/site-packages/airflow/example_dags/example_external_task_marker_dag.py
[2024-10-30T21:04:26.689-0700] {processor.py:925} INFO - DAG(s) 'example_external_task_marker_parent', 'example_external_task_marker_child' retrieved from /Users/saiprasadreddykolan/Documents/E-commerce_project/venv/lib/python3.10/site-packages/airflow/example_dags/example_external_task_marker_dag.py
[2024-10-30T21:04:27.001-0700] {logging_mixin.py:190} INFO - [2024-10-30T21:04:27.001-0700] {dag.py:3239} INFO - Sync 2 DAGs
[2024-10-30T21:04:27.006-0700] {logging_mixin.py:190} INFO - [2024-10-30T21:04:27.005-0700] {dag.py:4180} INFO - Setting next_dagrun for example_external_task_marker_child to None, run_after=None
[2024-10-30T21:04:27.007-0700] {logging_mixin.py:190} INFO - [2024-10-30T21:04:27.007-0700] {dag.py:4180} INFO - Setting next_dagrun for example_external_task_marker_parent to None, run_after=None
[2024-10-30T21:04:27.013-0700] {processor.py:208} INFO - Processing /Users/saiprasadreddykolan/Documents/E-commerce_project/venv/lib/python3.10/site-packages/airflow/example_dags/example_external_task_marker_dag.py took 0.335 seconds
[2024-10-30T21:06:40.030-0700] {processor.py:186} INFO - Started process (PID=10113) to work on /Users/saiprasadreddykolan/Documents/E-commerce_project/venv/lib/python3.10/site-packages/airflow/example_dags/example_external_task_marker_dag.py
[2024-10-30T21:06:40.032-0700] {processor.py:914} INFO - Processing file /Users/saiprasadreddykolan/Documents/E-commerce_project/venv/lib/python3.10/site-packages/airflow/example_dags/example_external_task_marker_dag.py for tasks to queue
[2024-10-30T21:06:40.032-0700] {logging_mixin.py:190} INFO - [2024-10-30T21:06:40.032-0700] {dagbag.py:588} INFO - Filling up the DagBag from /Users/saiprasadreddykolan/Documents/E-commerce_project/venv/lib/python3.10/site-packages/airflow/example_dags/example_external_task_marker_dag.py
[2024-10-30T21:06:40.037-0700] {processor.py:925} INFO - DAG(s) 'example_external_task_marker_child', 'example_external_task_marker_parent' retrieved from /Users/saiprasadreddykolan/Documents/E-commerce_project/venv/lib/python3.10/site-packages/airflow/example_dags/example_external_task_marker_dag.py
[2024-10-30T21:06:40.277-0700] {logging_mixin.py:190} INFO - [2024-10-30T21:06:40.277-0700] {dag.py:3239} INFO - Sync 2 DAGs
[2024-10-30T21:06:40.281-0700] {logging_mixin.py:190} INFO - [2024-10-30T21:06:40.281-0700] {dag.py:4180} INFO - Setting next_dagrun for example_external_task_marker_child to None, run_after=None
[2024-10-30T21:06:40.282-0700] {logging_mixin.py:190} INFO - [2024-10-30T21:06:40.282-0700] {dag.py:4180} INFO - Setting next_dagrun for example_external_task_marker_parent to None, run_after=None
[2024-10-30T21:06:40.288-0700] {processor.py:208} INFO - Processing /Users/saiprasadreddykolan/Documents/E-commerce_project/venv/lib/python3.10/site-packages/airflow/example_dags/example_external_task_marker_dag.py took 0.258 seconds
[2024-10-30T21:08:56.727-0700] {processor.py:186} INFO - Started process (PID=10302) to work on /Users/saiprasadreddykolan/Documents/E-commerce_project/venv/lib/python3.10/site-packages/airflow/example_dags/example_external_task_marker_dag.py
[2024-10-30T21:08:56.729-0700] {processor.py:914} INFO - Processing file /Users/saiprasadreddykolan/Documents/E-commerce_project/venv/lib/python3.10/site-packages/airflow/example_dags/example_external_task_marker_dag.py for tasks to queue
[2024-10-30T21:08:56.729-0700] {logging_mixin.py:190} INFO - [2024-10-30T21:08:56.729-0700] {dagbag.py:588} INFO - Filling up the DagBag from /Users/saiprasadreddykolan/Documents/E-commerce_project/venv/lib/python3.10/site-packages/airflow/example_dags/example_external_task_marker_dag.py
[2024-10-30T21:08:56.733-0700] {processor.py:925} INFO - DAG(s) 'example_external_task_marker_child', 'example_external_task_marker_parent' retrieved from /Users/saiprasadreddykolan/Documents/E-commerce_project/venv/lib/python3.10/site-packages/airflow/example_dags/example_external_task_marker_dag.py
[2024-10-30T21:08:56.978-0700] {logging_mixin.py:190} INFO - [2024-10-30T21:08:56.978-0700] {dag.py:3239} INFO - Sync 2 DAGs
[2024-10-30T21:08:56.982-0700] {logging_mixin.py:190} INFO - [2024-10-30T21:08:56.982-0700] {dag.py:4180} INFO - Setting next_dagrun for example_external_task_marker_child to None, run_after=None
[2024-10-30T21:08:56.983-0700] {logging_mixin.py:190} INFO - [2024-10-30T21:08:56.983-0700] {dag.py:4180} INFO - Setting next_dagrun for example_external_task_marker_parent to None, run_after=None
[2024-10-30T21:08:56.989-0700] {processor.py:208} INFO - Processing /Users/saiprasadreddykolan/Documents/E-commerce_project/venv/lib/python3.10/site-packages/airflow/example_dags/example_external_task_marker_dag.py took 0.264 seconds
[2024-10-30T21:11:10.105-0700] {processor.py:186} INFO - Started process (PID=10497) to work on /Users/saiprasadreddykolan/Documents/E-commerce_project/venv/lib/python3.10/site-packages/airflow/example_dags/example_external_task_marker_dag.py
[2024-10-30T21:11:10.107-0700] {processor.py:914} INFO - Processing file /Users/saiprasadreddykolan/Documents/E-commerce_project/venv/lib/python3.10/site-packages/airflow/example_dags/example_external_task_marker_dag.py for tasks to queue
[2024-10-30T21:11:10.107-0700] {logging_mixin.py:190} INFO - [2024-10-30T21:11:10.107-0700] {dagbag.py:588} INFO - Filling up the DagBag from /Users/saiprasadreddykolan/Documents/E-commerce_project/venv/lib/python3.10/site-packages/airflow/example_dags/example_external_task_marker_dag.py
[2024-10-30T21:11:10.112-0700] {processor.py:925} INFO - DAG(s) 'example_external_task_marker_child', 'example_external_task_marker_parent' retrieved from /Users/saiprasadreddykolan/Documents/E-commerce_project/venv/lib/python3.10/site-packages/airflow/example_dags/example_external_task_marker_dag.py
[2024-10-30T21:11:10.411-0700] {logging_mixin.py:190} INFO - [2024-10-30T21:11:10.410-0700] {dag.py:3239} INFO - Sync 2 DAGs
[2024-10-30T21:11:10.414-0700] {logging_mixin.py:190} INFO - [2024-10-30T21:11:10.414-0700] {dag.py:4180} INFO - Setting next_dagrun for example_external_task_marker_child to None, run_after=None
[2024-10-30T21:11:10.416-0700] {logging_mixin.py:190} INFO - [2024-10-30T21:11:10.416-0700] {dag.py:4180} INFO - Setting next_dagrun for example_external_task_marker_parent to None, run_after=None
[2024-10-30T21:11:10.422-0700] {processor.py:208} INFO - Processing /Users/saiprasadreddykolan/Documents/E-commerce_project/venv/lib/python3.10/site-packages/airflow/example_dags/example_external_task_marker_dag.py took 0.318 seconds
[2024-10-30T21:13:16.908-0700] {processor.py:186} INFO - Started process (PID=10729) to work on /Users/saiprasadreddykolan/Documents/E-commerce_project/venv/lib/python3.10/site-packages/airflow/example_dags/example_external_task_marker_dag.py
[2024-10-30T21:13:16.910-0700] {processor.py:914} INFO - Processing file /Users/saiprasadreddykolan/Documents/E-commerce_project/venv/lib/python3.10/site-packages/airflow/example_dags/example_external_task_marker_dag.py for tasks to queue
[2024-10-30T21:13:16.910-0700] {logging_mixin.py:190} INFO - [2024-10-30T21:13:16.910-0700] {dagbag.py:588} INFO - Filling up the DagBag from /Users/saiprasadreddykolan/Documents/E-commerce_project/venv/lib/python3.10/site-packages/airflow/example_dags/example_external_task_marker_dag.py
[2024-10-30T21:13:16.915-0700] {processor.py:925} INFO - DAG(s) 'example_external_task_marker_parent', 'example_external_task_marker_child' retrieved from /Users/saiprasadreddykolan/Documents/E-commerce_project/venv/lib/python3.10/site-packages/airflow/example_dags/example_external_task_marker_dag.py
[2024-10-30T21:13:17.164-0700] {logging_mixin.py:190} INFO - [2024-10-30T21:13:17.164-0700] {dag.py:3239} INFO - Sync 2 DAGs
[2024-10-30T21:13:17.168-0700] {logging_mixin.py:190} INFO - [2024-10-30T21:13:17.168-0700] {dag.py:4180} INFO - Setting next_dagrun for example_external_task_marker_child to None, run_after=None
[2024-10-30T21:13:17.169-0700] {logging_mixin.py:190} INFO - [2024-10-30T21:13:17.169-0700] {dag.py:4180} INFO - Setting next_dagrun for example_external_task_marker_parent to None, run_after=None
[2024-10-30T21:13:17.175-0700] {processor.py:208} INFO - Processing /Users/saiprasadreddykolan/Documents/E-commerce_project/venv/lib/python3.10/site-packages/airflow/example_dags/example_external_task_marker_dag.py took 0.268 seconds
[2024-10-30T21:15:34.201-0700] {processor.py:186} INFO - Started process (PID=23387) to work on /Users/saiprasadreddykolan/Documents/E-commerce_project/venv/lib/python3.10/site-packages/airflow/example_dags/example_external_task_marker_dag.py
[2024-10-30T21:15:34.202-0700] {processor.py:914} INFO - Processing file /Users/saiprasadreddykolan/Documents/E-commerce_project/venv/lib/python3.10/site-packages/airflow/example_dags/example_external_task_marker_dag.py for tasks to queue
[2024-10-30T21:15:34.203-0700] {logging_mixin.py:190} INFO - [2024-10-30T21:15:34.203-0700] {dagbag.py:588} INFO - Filling up the DagBag from /Users/saiprasadreddykolan/Documents/E-commerce_project/venv/lib/python3.10/site-packages/airflow/example_dags/example_external_task_marker_dag.py
[2024-10-30T21:15:34.208-0700] {processor.py:925} INFO - DAG(s) 'example_external_task_marker_parent', 'example_external_task_marker_child' retrieved from /Users/saiprasadreddykolan/Documents/E-commerce_project/venv/lib/python3.10/site-packages/airflow/example_dags/example_external_task_marker_dag.py
[2024-10-30T21:15:34.448-0700] {logging_mixin.py:190} INFO - [2024-10-30T21:15:34.448-0700] {dag.py:3239} INFO - Sync 2 DAGs
[2024-10-30T21:15:34.453-0700] {logging_mixin.py:190} INFO - [2024-10-30T21:15:34.453-0700] {dag.py:4180} INFO - Setting next_dagrun for example_external_task_marker_child to None, run_after=None
[2024-10-30T21:15:34.455-0700] {logging_mixin.py:190} INFO - [2024-10-30T21:15:34.455-0700] {dag.py:4180} INFO - Setting next_dagrun for example_external_task_marker_parent to None, run_after=None
[2024-10-30T21:15:34.462-0700] {processor.py:208} INFO - Processing /Users/saiprasadreddykolan/Documents/E-commerce_project/venv/lib/python3.10/site-packages/airflow/example_dags/example_external_task_marker_dag.py took 0.262 seconds
[2024-10-30T21:17:54.492-0700] {processor.py:186} INFO - Started process (PID=33238) to work on /Users/saiprasadreddykolan/Documents/E-commerce_project/venv/lib/python3.10/site-packages/airflow/example_dags/example_external_task_marker_dag.py
[2024-10-30T21:17:54.496-0700] {processor.py:914} INFO - Processing file /Users/saiprasadreddykolan/Documents/E-commerce_project/venv/lib/python3.10/site-packages/airflow/example_dags/example_external_task_marker_dag.py for tasks to queue
[2024-10-30T21:17:54.496-0700] {logging_mixin.py:190} INFO - [2024-10-30T21:17:54.496-0700] {dagbag.py:588} INFO - Filling up the DagBag from /Users/saiprasadreddykolan/Documents/E-commerce_project/venv/lib/python3.10/site-packages/airflow/example_dags/example_external_task_marker_dag.py
[2024-10-30T21:17:54.501-0700] {processor.py:925} INFO - DAG(s) 'example_external_task_marker_child', 'example_external_task_marker_parent' retrieved from /Users/saiprasadreddykolan/Documents/E-commerce_project/venv/lib/python3.10/site-packages/airflow/example_dags/example_external_task_marker_dag.py
[2024-10-30T21:17:54.796-0700] {logging_mixin.py:190} INFO - [2024-10-30T21:17:54.796-0700] {dag.py:3239} INFO - Sync 2 DAGs
[2024-10-30T21:17:54.801-0700] {logging_mixin.py:190} INFO - [2024-10-30T21:17:54.800-0700] {dag.py:4180} INFO - Setting next_dagrun for example_external_task_marker_child to None, run_after=None
[2024-10-30T21:17:54.802-0700] {logging_mixin.py:190} INFO - [2024-10-30T21:17:54.802-0700] {dag.py:4180} INFO - Setting next_dagrun for example_external_task_marker_parent to None, run_after=None
[2024-10-30T21:17:54.808-0700] {processor.py:208} INFO - Processing /Users/saiprasadreddykolan/Documents/E-commerce_project/venv/lib/python3.10/site-packages/airflow/example_dags/example_external_task_marker_dag.py took 0.317 seconds
[2024-10-30T21:20:00.556-0700] {processor.py:186} INFO - Started process (PID=33413) to work on /Users/saiprasadreddykolan/Documents/E-commerce_project/venv/lib/python3.10/site-packages/airflow/example_dags/example_external_task_marker_dag.py
[2024-10-30T21:20:00.558-0700] {processor.py:914} INFO - Processing file /Users/saiprasadreddykolan/Documents/E-commerce_project/venv/lib/python3.10/site-packages/airflow/example_dags/example_external_task_marker_dag.py for tasks to queue
[2024-10-30T21:20:00.558-0700] {logging_mixin.py:190} INFO - [2024-10-30T21:20:00.558-0700] {dagbag.py:588} INFO - Filling up the DagBag from /Users/saiprasadreddykolan/Documents/E-commerce_project/venv/lib/python3.10/site-packages/airflow/example_dags/example_external_task_marker_dag.py
[2024-10-30T21:20:00.563-0700] {processor.py:925} INFO - DAG(s) 'example_external_task_marker_parent', 'example_external_task_marker_child' retrieved from /Users/saiprasadreddykolan/Documents/E-commerce_project/venv/lib/python3.10/site-packages/airflow/example_dags/example_external_task_marker_dag.py
[2024-10-30T21:20:00.810-0700] {logging_mixin.py:190} INFO - [2024-10-30T21:20:00.810-0700] {dag.py:3239} INFO - Sync 2 DAGs
[2024-10-30T21:20:00.814-0700] {logging_mixin.py:190} INFO - [2024-10-30T21:20:00.814-0700] {dag.py:4180} INFO - Setting next_dagrun for example_external_task_marker_child to None, run_after=None
[2024-10-30T21:20:00.815-0700] {logging_mixin.py:190} INFO - [2024-10-30T21:20:00.815-0700] {dag.py:4180} INFO - Setting next_dagrun for example_external_task_marker_parent to None, run_after=None
[2024-10-30T21:20:00.822-0700] {processor.py:208} INFO - Processing /Users/saiprasadreddykolan/Documents/E-commerce_project/venv/lib/python3.10/site-packages/airflow/example_dags/example_external_task_marker_dag.py took 0.267 seconds
[2024-10-30T21:22:14.634-0700] {processor.py:186} INFO - Started process (PID=33630) to work on /Users/saiprasadreddykolan/Documents/E-commerce_project/venv/lib/python3.10/site-packages/airflow/example_dags/example_external_task_marker_dag.py
[2024-10-30T21:22:14.636-0700] {processor.py:914} INFO - Processing file /Users/saiprasadreddykolan/Documents/E-commerce_project/venv/lib/python3.10/site-packages/airflow/example_dags/example_external_task_marker_dag.py for tasks to queue
[2024-10-30T21:22:14.636-0700] {logging_mixin.py:190} INFO - [2024-10-30T21:22:14.636-0700] {dagbag.py:588} INFO - Filling up the DagBag from /Users/saiprasadreddykolan/Documents/E-commerce_project/venv/lib/python3.10/site-packages/airflow/example_dags/example_external_task_marker_dag.py
[2024-10-30T21:22:14.641-0700] {processor.py:925} INFO - DAG(s) 'example_external_task_marker_parent', 'example_external_task_marker_child' retrieved from /Users/saiprasadreddykolan/Documents/E-commerce_project/venv/lib/python3.10/site-packages/airflow/example_dags/example_external_task_marker_dag.py
[2024-10-30T21:22:14.881-0700] {logging_mixin.py:190} INFO - [2024-10-30T21:22:14.881-0700] {dag.py:3239} INFO - Sync 2 DAGs
[2024-10-30T21:22:14.885-0700] {logging_mixin.py:190} INFO - [2024-10-30T21:22:14.885-0700] {dag.py:4180} INFO - Setting next_dagrun for example_external_task_marker_child to None, run_after=None
[2024-10-30T21:22:14.886-0700] {logging_mixin.py:190} INFO - [2024-10-30T21:22:14.886-0700] {dag.py:4180} INFO - Setting next_dagrun for example_external_task_marker_parent to None, run_after=None
[2024-10-30T21:22:14.892-0700] {processor.py:208} INFO - Processing /Users/saiprasadreddykolan/Documents/E-commerce_project/venv/lib/python3.10/site-packages/airflow/example_dags/example_external_task_marker_dag.py took 0.260 seconds
[2024-10-30T21:24:30.563-0700] {processor.py:186} INFO - Started process (PID=35095) to work on /Users/saiprasadreddykolan/Documents/E-commerce_project/venv/lib/python3.10/site-packages/airflow/example_dags/example_external_task_marker_dag.py
[2024-10-30T21:24:30.565-0700] {processor.py:914} INFO - Processing file /Users/saiprasadreddykolan/Documents/E-commerce_project/venv/lib/python3.10/site-packages/airflow/example_dags/example_external_task_marker_dag.py for tasks to queue
[2024-10-30T21:24:30.565-0700] {logging_mixin.py:190} INFO - [2024-10-30T21:24:30.565-0700] {dagbag.py:588} INFO - Filling up the DagBag from /Users/saiprasadreddykolan/Documents/E-commerce_project/venv/lib/python3.10/site-packages/airflow/example_dags/example_external_task_marker_dag.py
[2024-10-30T21:24:30.570-0700] {processor.py:925} INFO - DAG(s) 'example_external_task_marker_child', 'example_external_task_marker_parent' retrieved from /Users/saiprasadreddykolan/Documents/E-commerce_project/venv/lib/python3.10/site-packages/airflow/example_dags/example_external_task_marker_dag.py
[2024-10-30T21:24:30.868-0700] {logging_mixin.py:190} INFO - [2024-10-30T21:24:30.868-0700] {dag.py:3239} INFO - Sync 2 DAGs
[2024-10-30T21:24:30.872-0700] {logging_mixin.py:190} INFO - [2024-10-30T21:24:30.872-0700] {dag.py:4180} INFO - Setting next_dagrun for example_external_task_marker_child to None, run_after=None
[2024-10-30T21:24:30.873-0700] {logging_mixin.py:190} INFO - [2024-10-30T21:24:30.873-0700] {dag.py:4180} INFO - Setting next_dagrun for example_external_task_marker_parent to None, run_after=None
[2024-10-30T21:24:30.879-0700] {processor.py:208} INFO - Processing /Users/saiprasadreddykolan/Documents/E-commerce_project/venv/lib/python3.10/site-packages/airflow/example_dags/example_external_task_marker_dag.py took 0.317 seconds
[2024-10-30T21:26:44.700-0700] {processor.py:186} INFO - Started process (PID=36211) to work on /Users/saiprasadreddykolan/Documents/E-commerce_project/venv/lib/python3.10/site-packages/airflow/example_dags/example_external_task_marker_dag.py
[2024-10-30T21:26:44.702-0700] {processor.py:914} INFO - Processing file /Users/saiprasadreddykolan/Documents/E-commerce_project/venv/lib/python3.10/site-packages/airflow/example_dags/example_external_task_marker_dag.py for tasks to queue
[2024-10-30T21:26:44.702-0700] {logging_mixin.py:190} INFO - [2024-10-30T21:26:44.702-0700] {dagbag.py:588} INFO - Filling up the DagBag from /Users/saiprasadreddykolan/Documents/E-commerce_project/venv/lib/python3.10/site-packages/airflow/example_dags/example_external_task_marker_dag.py
[2024-10-30T21:26:44.716-0700] {processor.py:925} INFO - DAG(s) 'example_external_task_marker_child', 'example_external_task_marker_parent' retrieved from /Users/saiprasadreddykolan/Documents/E-commerce_project/venv/lib/python3.10/site-packages/airflow/example_dags/example_external_task_marker_dag.py
[2024-10-30T21:26:45.018-0700] {logging_mixin.py:190} INFO - [2024-10-30T21:26:45.017-0700] {dag.py:3239} INFO - Sync 2 DAGs
[2024-10-30T21:26:45.022-0700] {logging_mixin.py:190} INFO - [2024-10-30T21:26:45.022-0700] {dag.py:4180} INFO - Setting next_dagrun for example_external_task_marker_child to None, run_after=None
[2024-10-30T21:26:45.023-0700] {logging_mixin.py:190} INFO - [2024-10-30T21:26:45.023-0700] {dag.py:4180} INFO - Setting next_dagrun for example_external_task_marker_parent to None, run_after=None
[2024-10-30T21:26:45.030-0700] {processor.py:208} INFO - Processing /Users/saiprasadreddykolan/Documents/E-commerce_project/venv/lib/python3.10/site-packages/airflow/example_dags/example_external_task_marker_dag.py took 0.332 seconds
[2024-10-30T21:28:57.660-0700] {processor.py:186} INFO - Started process (PID=36448) to work on /Users/saiprasadreddykolan/Documents/E-commerce_project/venv/lib/python3.10/site-packages/airflow/example_dags/example_external_task_marker_dag.py
[2024-10-30T21:28:57.661-0700] {processor.py:914} INFO - Processing file /Users/saiprasadreddykolan/Documents/E-commerce_project/venv/lib/python3.10/site-packages/airflow/example_dags/example_external_task_marker_dag.py for tasks to queue
[2024-10-30T21:28:57.662-0700] {logging_mixin.py:190} INFO - [2024-10-30T21:28:57.662-0700] {dagbag.py:588} INFO - Filling up the DagBag from /Users/saiprasadreddykolan/Documents/E-commerce_project/venv/lib/python3.10/site-packages/airflow/example_dags/example_external_task_marker_dag.py
[2024-10-30T21:28:57.667-0700] {processor.py:925} INFO - DAG(s) 'example_external_task_marker_child', 'example_external_task_marker_parent' retrieved from /Users/saiprasadreddykolan/Documents/E-commerce_project/venv/lib/python3.10/site-packages/airflow/example_dags/example_external_task_marker_dag.py
[2024-10-30T21:28:57.902-0700] {logging_mixin.py:190} INFO - [2024-10-30T21:28:57.901-0700] {dag.py:3239} INFO - Sync 2 DAGs
[2024-10-30T21:28:57.905-0700] {logging_mixin.py:190} INFO - [2024-10-30T21:28:57.905-0700] {dag.py:4180} INFO - Setting next_dagrun for example_external_task_marker_child to None, run_after=None
[2024-10-30T21:28:57.906-0700] {logging_mixin.py:190} INFO - [2024-10-30T21:28:57.906-0700] {dag.py:4180} INFO - Setting next_dagrun for example_external_task_marker_parent to None, run_after=None
[2024-10-30T21:28:57.913-0700] {processor.py:208} INFO - Processing /Users/saiprasadreddykolan/Documents/E-commerce_project/venv/lib/python3.10/site-packages/airflow/example_dags/example_external_task_marker_dag.py took 0.254 seconds
[2024-10-30T21:31:03.421-0700] {processor.py:186} INFO - Started process (PID=36633) to work on /Users/saiprasadreddykolan/Documents/E-commerce_project/venv/lib/python3.10/site-packages/airflow/example_dags/example_external_task_marker_dag.py
[2024-10-30T21:31:03.424-0700] {processor.py:914} INFO - Processing file /Users/saiprasadreddykolan/Documents/E-commerce_project/venv/lib/python3.10/site-packages/airflow/example_dags/example_external_task_marker_dag.py for tasks to queue
[2024-10-30T21:31:03.424-0700] {logging_mixin.py:190} INFO - [2024-10-30T21:31:03.424-0700] {dagbag.py:588} INFO - Filling up the DagBag from /Users/saiprasadreddykolan/Documents/E-commerce_project/venv/lib/python3.10/site-packages/airflow/example_dags/example_external_task_marker_dag.py
[2024-10-30T21:31:03.431-0700] {processor.py:925} INFO - DAG(s) 'example_external_task_marker_child', 'example_external_task_marker_parent' retrieved from /Users/saiprasadreddykolan/Documents/E-commerce_project/venv/lib/python3.10/site-packages/airflow/example_dags/example_external_task_marker_dag.py
[2024-10-30T21:31:03.672-0700] {logging_mixin.py:190} INFO - [2024-10-30T21:31:03.671-0700] {dag.py:3239} INFO - Sync 2 DAGs
[2024-10-30T21:31:03.675-0700] {logging_mixin.py:190} INFO - [2024-10-30T21:31:03.675-0700] {dag.py:4180} INFO - Setting next_dagrun for example_external_task_marker_child to None, run_after=None
[2024-10-30T21:31:03.677-0700] {logging_mixin.py:190} INFO - [2024-10-30T21:31:03.677-0700] {dag.py:4180} INFO - Setting next_dagrun for example_external_task_marker_parent to None, run_after=None
[2024-10-30T21:31:03.683-0700] {processor.py:208} INFO - Processing /Users/saiprasadreddykolan/Documents/E-commerce_project/venv/lib/python3.10/site-packages/airflow/example_dags/example_external_task_marker_dag.py took 0.263 seconds
[2024-10-30T21:33:24.480-0700] {processor.py:186} INFO - Started process (PID=36818) to work on /Users/saiprasadreddykolan/Documents/E-commerce_project/venv/lib/python3.10/site-packages/airflow/example_dags/example_external_task_marker_dag.py
[2024-10-30T21:33:24.482-0700] {processor.py:914} INFO - Processing file /Users/saiprasadreddykolan/Documents/E-commerce_project/venv/lib/python3.10/site-packages/airflow/example_dags/example_external_task_marker_dag.py for tasks to queue
[2024-10-30T21:33:24.483-0700] {logging_mixin.py:190} INFO - [2024-10-30T21:33:24.482-0700] {dagbag.py:588} INFO - Filling up the DagBag from /Users/saiprasadreddykolan/Documents/E-commerce_project/venv/lib/python3.10/site-packages/airflow/example_dags/example_external_task_marker_dag.py
[2024-10-30T21:33:24.487-0700] {processor.py:925} INFO - DAG(s) 'example_external_task_marker_parent', 'example_external_task_marker_child' retrieved from /Users/saiprasadreddykolan/Documents/E-commerce_project/venv/lib/python3.10/site-packages/airflow/example_dags/example_external_task_marker_dag.py
[2024-10-30T21:33:24.729-0700] {logging_mixin.py:190} INFO - [2024-10-30T21:33:24.729-0700] {dag.py:3239} INFO - Sync 2 DAGs
[2024-10-30T21:33:24.735-0700] {logging_mixin.py:190} INFO - [2024-10-30T21:33:24.735-0700] {dag.py:4180} INFO - Setting next_dagrun for example_external_task_marker_child to None, run_after=None
[2024-10-30T21:33:24.736-0700] {logging_mixin.py:190} INFO - [2024-10-30T21:33:24.736-0700] {dag.py:4180} INFO - Setting next_dagrun for example_external_task_marker_parent to None, run_after=None
[2024-10-30T21:33:24.743-0700] {processor.py:208} INFO - Processing /Users/saiprasadreddykolan/Documents/E-commerce_project/venv/lib/python3.10/site-packages/airflow/example_dags/example_external_task_marker_dag.py took 0.264 seconds
[2024-10-30T21:35:41.940-0700] {processor.py:186} INFO - Started process (PID=36984) to work on /Users/saiprasadreddykolan/Documents/E-commerce_project/venv/lib/python3.10/site-packages/airflow/example_dags/example_external_task_marker_dag.py
[2024-10-30T21:35:41.943-0700] {processor.py:914} INFO - Processing file /Users/saiprasadreddykolan/Documents/E-commerce_project/venv/lib/python3.10/site-packages/airflow/example_dags/example_external_task_marker_dag.py for tasks to queue
[2024-10-30T21:35:41.943-0700] {logging_mixin.py:190} INFO - [2024-10-30T21:35:41.943-0700] {dagbag.py:588} INFO - Filling up the DagBag from /Users/saiprasadreddykolan/Documents/E-commerce_project/venv/lib/python3.10/site-packages/airflow/example_dags/example_external_task_marker_dag.py
[2024-10-30T21:35:41.952-0700] {processor.py:925} INFO - DAG(s) 'example_external_task_marker_parent', 'example_external_task_marker_child' retrieved from /Users/saiprasadreddykolan/Documents/E-commerce_project/venv/lib/python3.10/site-packages/airflow/example_dags/example_external_task_marker_dag.py
[2024-10-30T21:35:42.188-0700] {logging_mixin.py:190} INFO - [2024-10-30T21:35:42.188-0700] {dag.py:3239} INFO - Sync 2 DAGs
[2024-10-30T21:35:42.192-0700] {logging_mixin.py:190} INFO - [2024-10-30T21:35:42.192-0700] {dag.py:4180} INFO - Setting next_dagrun for example_external_task_marker_child to None, run_after=None
[2024-10-30T21:35:42.193-0700] {logging_mixin.py:190} INFO - [2024-10-30T21:35:42.193-0700] {dag.py:4180} INFO - Setting next_dagrun for example_external_task_marker_parent to None, run_after=None
[2024-10-30T21:35:42.199-0700] {processor.py:208} INFO - Processing /Users/saiprasadreddykolan/Documents/E-commerce_project/venv/lib/python3.10/site-packages/airflow/example_dags/example_external_task_marker_dag.py took 0.260 seconds
[2024-10-30T21:37:55.758-0700] {processor.py:186} INFO - Started process (PID=37146) to work on /Users/saiprasadreddykolan/Documents/E-commerce_project/venv/lib/python3.10/site-packages/airflow/example_dags/example_external_task_marker_dag.py
[2024-10-30T21:37:55.761-0700] {processor.py:914} INFO - Processing file /Users/saiprasadreddykolan/Documents/E-commerce_project/venv/lib/python3.10/site-packages/airflow/example_dags/example_external_task_marker_dag.py for tasks to queue
[2024-10-30T21:37:55.761-0700] {logging_mixin.py:190} INFO - [2024-10-30T21:37:55.761-0700] {dagbag.py:588} INFO - Filling up the DagBag from /Users/saiprasadreddykolan/Documents/E-commerce_project/venv/lib/python3.10/site-packages/airflow/example_dags/example_external_task_marker_dag.py
[2024-10-30T21:37:55.766-0700] {processor.py:925} INFO - DAG(s) 'example_external_task_marker_child', 'example_external_task_marker_parent' retrieved from /Users/saiprasadreddykolan/Documents/E-commerce_project/venv/lib/python3.10/site-packages/airflow/example_dags/example_external_task_marker_dag.py
[2024-10-30T21:37:56.002-0700] {logging_mixin.py:190} INFO - [2024-10-30T21:37:56.002-0700] {dag.py:3239} INFO - Sync 2 DAGs
[2024-10-30T21:37:56.006-0700] {logging_mixin.py:190} INFO - [2024-10-30T21:37:56.006-0700] {dag.py:4180} INFO - Setting next_dagrun for example_external_task_marker_child to None, run_after=None
[2024-10-30T21:37:56.007-0700] {logging_mixin.py:190} INFO - [2024-10-30T21:37:56.007-0700] {dag.py:4180} INFO - Setting next_dagrun for example_external_task_marker_parent to None, run_after=None
[2024-10-30T21:37:56.013-0700] {processor.py:208} INFO - Processing /Users/saiprasadreddykolan/Documents/E-commerce_project/venv/lib/python3.10/site-packages/airflow/example_dags/example_external_task_marker_dag.py took 0.256 seconds
[2024-10-30T21:40:07.244-0700] {processor.py:186} INFO - Started process (PID=37338) to work on /Users/saiprasadreddykolan/Documents/E-commerce_project/venv/lib/python3.10/site-packages/airflow/example_dags/example_external_task_marker_dag.py
[2024-10-30T21:40:07.246-0700] {processor.py:914} INFO - Processing file /Users/saiprasadreddykolan/Documents/E-commerce_project/venv/lib/python3.10/site-packages/airflow/example_dags/example_external_task_marker_dag.py for tasks to queue
[2024-10-30T21:40:07.246-0700] {logging_mixin.py:190} INFO - [2024-10-30T21:40:07.246-0700] {dagbag.py:588} INFO - Filling up the DagBag from /Users/saiprasadreddykolan/Documents/E-commerce_project/venv/lib/python3.10/site-packages/airflow/example_dags/example_external_task_marker_dag.py
[2024-10-30T21:40:07.251-0700] {processor.py:925} INFO - DAG(s) 'example_external_task_marker_child', 'example_external_task_marker_parent' retrieved from /Users/saiprasadreddykolan/Documents/E-commerce_project/venv/lib/python3.10/site-packages/airflow/example_dags/example_external_task_marker_dag.py
[2024-10-30T21:40:07.528-0700] {logging_mixin.py:190} INFO - [2024-10-30T21:40:07.528-0700] {dag.py:3239} INFO - Sync 2 DAGs
[2024-10-30T21:40:07.533-0700] {logging_mixin.py:190} INFO - [2024-10-30T21:40:07.532-0700] {dag.py:4180} INFO - Setting next_dagrun for example_external_task_marker_child to None, run_after=None
[2024-10-30T21:40:07.534-0700] {logging_mixin.py:190} INFO - [2024-10-30T21:40:07.534-0700] {dag.py:4180} INFO - Setting next_dagrun for example_external_task_marker_parent to None, run_after=None
[2024-10-30T21:40:07.541-0700] {processor.py:208} INFO - Processing /Users/saiprasadreddykolan/Documents/E-commerce_project/venv/lib/python3.10/site-packages/airflow/example_dags/example_external_task_marker_dag.py took 0.298 seconds
[2024-10-30T21:42:18.180-0700] {processor.py:186} INFO - Started process (PID=37497) to work on /Users/saiprasadreddykolan/Documents/E-commerce_project/venv/lib/python3.10/site-packages/airflow/example_dags/example_external_task_marker_dag.py
[2024-10-30T21:42:18.182-0700] {processor.py:914} INFO - Processing file /Users/saiprasadreddykolan/Documents/E-commerce_project/venv/lib/python3.10/site-packages/airflow/example_dags/example_external_task_marker_dag.py for tasks to queue
[2024-10-30T21:42:18.183-0700] {logging_mixin.py:190} INFO - [2024-10-30T21:42:18.183-0700] {dagbag.py:588} INFO - Filling up the DagBag from /Users/saiprasadreddykolan/Documents/E-commerce_project/venv/lib/python3.10/site-packages/airflow/example_dags/example_external_task_marker_dag.py
[2024-10-30T21:42:18.191-0700] {processor.py:925} INFO - DAG(s) 'example_external_task_marker_child', 'example_external_task_marker_parent' retrieved from /Users/saiprasadreddykolan/Documents/E-commerce_project/venv/lib/python3.10/site-packages/airflow/example_dags/example_external_task_marker_dag.py
[2024-10-30T21:42:18.425-0700] {logging_mixin.py:190} INFO - [2024-10-30T21:42:18.424-0700] {dag.py:3239} INFO - Sync 2 DAGs
[2024-10-30T21:42:18.430-0700] {logging_mixin.py:190} INFO - [2024-10-30T21:42:18.430-0700] {dag.py:4180} INFO - Setting next_dagrun for example_external_task_marker_child to None, run_after=None
[2024-10-30T21:42:18.431-0700] {logging_mixin.py:190} INFO - [2024-10-30T21:42:18.431-0700] {dag.py:4180} INFO - Setting next_dagrun for example_external_task_marker_parent to None, run_after=None
[2024-10-30T21:42:18.438-0700] {processor.py:208} INFO - Processing /Users/saiprasadreddykolan/Documents/E-commerce_project/venv/lib/python3.10/site-packages/airflow/example_dags/example_external_task_marker_dag.py took 0.259 seconds
[2024-10-30T23:05:30.505-0700] {processor.py:186} INFO - Started process (PID=37768) to work on /Users/saiprasadreddykolan/Documents/E-commerce_project/venv/lib/python3.10/site-packages/airflow/example_dags/example_external_task_marker_dag.py
[2024-10-30T23:05:30.507-0700] {processor.py:914} INFO - Processing file /Users/saiprasadreddykolan/Documents/E-commerce_project/venv/lib/python3.10/site-packages/airflow/example_dags/example_external_task_marker_dag.py for tasks to queue
[2024-10-30T23:05:30.507-0700] {logging_mixin.py:190} INFO - [2024-10-30T23:05:30.507-0700] {dagbag.py:588} INFO - Filling up the DagBag from /Users/saiprasadreddykolan/Documents/E-commerce_project/venv/lib/python3.10/site-packages/airflow/example_dags/example_external_task_marker_dag.py
[2024-10-30T23:05:30.512-0700] {processor.py:925} INFO - DAG(s) 'example_external_task_marker_child', 'example_external_task_marker_parent' retrieved from /Users/saiprasadreddykolan/Documents/E-commerce_project/venv/lib/python3.10/site-packages/airflow/example_dags/example_external_task_marker_dag.py
[2024-10-30T23:05:30.802-0700] {logging_mixin.py:190} INFO - [2024-10-30T23:05:30.802-0700] {dag.py:3239} INFO - Sync 2 DAGs
[2024-10-30T23:05:30.806-0700] {logging_mixin.py:190} INFO - [2024-10-30T23:05:30.806-0700] {dag.py:4180} INFO - Setting next_dagrun for example_external_task_marker_child to None, run_after=None
[2024-10-30T23:05:30.807-0700] {logging_mixin.py:190} INFO - [2024-10-30T23:05:30.807-0700] {dag.py:4180} INFO - Setting next_dagrun for example_external_task_marker_parent to None, run_after=None
[2024-10-30T23:05:30.815-0700] {processor.py:208} INFO - Processing /Users/saiprasadreddykolan/Documents/E-commerce_project/venv/lib/python3.10/site-packages/airflow/example_dags/example_external_task_marker_dag.py took 0.311 seconds
[2024-10-31T00:36:54.376-0700] {processor.py:186} INFO - Started process (PID=37986) to work on /Users/saiprasadreddykolan/Documents/E-commerce_project/venv/lib/python3.10/site-packages/airflow/example_dags/example_external_task_marker_dag.py
[2024-10-31T00:36:54.378-0700] {processor.py:914} INFO - Processing file /Users/saiprasadreddykolan/Documents/E-commerce_project/venv/lib/python3.10/site-packages/airflow/example_dags/example_external_task_marker_dag.py for tasks to queue
[2024-10-31T00:36:54.378-0700] {logging_mixin.py:190} INFO - [2024-10-31T00:36:54.378-0700] {dagbag.py:588} INFO - Filling up the DagBag from /Users/saiprasadreddykolan/Documents/E-commerce_project/venv/lib/python3.10/site-packages/airflow/example_dags/example_external_task_marker_dag.py
[2024-10-31T00:36:54.383-0700] {processor.py:925} INFO - DAG(s) 'example_external_task_marker_child', 'example_external_task_marker_parent' retrieved from /Users/saiprasadreddykolan/Documents/E-commerce_project/venv/lib/python3.10/site-packages/airflow/example_dags/example_external_task_marker_dag.py
[2024-10-31T00:36:54.681-0700] {logging_mixin.py:190} INFO - [2024-10-31T00:36:54.681-0700] {dag.py:3239} INFO - Sync 2 DAGs
[2024-10-31T00:36:54.686-0700] {logging_mixin.py:190} INFO - [2024-10-31T00:36:54.686-0700] {dag.py:4180} INFO - Setting next_dagrun for example_external_task_marker_child to None, run_after=None
[2024-10-31T00:36:54.688-0700] {logging_mixin.py:190} INFO - [2024-10-31T00:36:54.688-0700] {dag.py:4180} INFO - Setting next_dagrun for example_external_task_marker_parent to None, run_after=None
[2024-10-31T00:36:54.694-0700] {processor.py:208} INFO - Processing /Users/saiprasadreddykolan/Documents/E-commerce_project/venv/lib/python3.10/site-packages/airflow/example_dags/example_external_task_marker_dag.py took 0.319 seconds
[2024-10-31T01:51:36.041-0700] {processor.py:186} INFO - Started process (PID=38226) to work on /Users/saiprasadreddykolan/Documents/E-commerce_project/venv/lib/python3.10/site-packages/airflow/example_dags/example_external_task_marker_dag.py
[2024-10-31T01:51:36.043-0700] {processor.py:914} INFO - Processing file /Users/saiprasadreddykolan/Documents/E-commerce_project/venv/lib/python3.10/site-packages/airflow/example_dags/example_external_task_marker_dag.py for tasks to queue
[2024-10-31T01:51:36.043-0700] {logging_mixin.py:190} INFO - [2024-10-31T01:51:36.043-0700] {dagbag.py:588} INFO - Filling up the DagBag from /Users/saiprasadreddykolan/Documents/E-commerce_project/venv/lib/python3.10/site-packages/airflow/example_dags/example_external_task_marker_dag.py
[2024-10-31T01:51:36.048-0700] {processor.py:925} INFO - DAG(s) 'example_external_task_marker_parent', 'example_external_task_marker_child' retrieved from /Users/saiprasadreddykolan/Documents/E-commerce_project/venv/lib/python3.10/site-packages/airflow/example_dags/example_external_task_marker_dag.py
[2024-10-31T01:51:36.330-0700] {logging_mixin.py:190} INFO - [2024-10-31T01:51:36.330-0700] {dag.py:3239} INFO - Sync 2 DAGs
[2024-10-31T01:51:36.334-0700] {logging_mixin.py:190} INFO - [2024-10-31T01:51:36.334-0700] {dag.py:4180} INFO - Setting next_dagrun for example_external_task_marker_child to None, run_after=None
[2024-10-31T01:51:36.335-0700] {logging_mixin.py:190} INFO - [2024-10-31T01:51:36.335-0700] {dag.py:4180} INFO - Setting next_dagrun for example_external_task_marker_parent to None, run_after=None
[2024-10-31T01:51:36.341-0700] {processor.py:208} INFO - Processing /Users/saiprasadreddykolan/Documents/E-commerce_project/venv/lib/python3.10/site-packages/airflow/example_dags/example_external_task_marker_dag.py took 0.301 seconds
[2024-10-31T04:42:12.115-0700] {processor.py:186} INFO - Started process (PID=38577) to work on /Users/saiprasadreddykolan/Documents/E-commerce_project/venv/lib/python3.10/site-packages/airflow/example_dags/example_external_task_marker_dag.py
[2024-10-31T04:42:12.117-0700] {processor.py:914} INFO - Processing file /Users/saiprasadreddykolan/Documents/E-commerce_project/venv/lib/python3.10/site-packages/airflow/example_dags/example_external_task_marker_dag.py for tasks to queue
[2024-10-31T04:42:12.117-0700] {logging_mixin.py:190} INFO - [2024-10-31T04:42:12.117-0700] {dagbag.py:588} INFO - Filling up the DagBag from /Users/saiprasadreddykolan/Documents/E-commerce_project/venv/lib/python3.10/site-packages/airflow/example_dags/example_external_task_marker_dag.py
[2024-10-31T04:42:12.122-0700] {processor.py:925} INFO - DAG(s) 'example_external_task_marker_child', 'example_external_task_marker_parent' retrieved from /Users/saiprasadreddykolan/Documents/E-commerce_project/venv/lib/python3.10/site-packages/airflow/example_dags/example_external_task_marker_dag.py
[2024-10-31T04:42:12.414-0700] {logging_mixin.py:190} INFO - [2024-10-31T04:42:12.414-0700] {dag.py:3239} INFO - Sync 2 DAGs
[2024-10-31T04:42:12.418-0700] {logging_mixin.py:190} INFO - [2024-10-31T04:42:12.418-0700] {dag.py:4180} INFO - Setting next_dagrun for example_external_task_marker_child to None, run_after=None
[2024-10-31T04:42:12.419-0700] {logging_mixin.py:190} INFO - [2024-10-31T04:42:12.419-0700] {dag.py:4180} INFO - Setting next_dagrun for example_external_task_marker_parent to None, run_after=None
[2024-10-31T04:42:12.425-0700] {processor.py:208} INFO - Processing /Users/saiprasadreddykolan/Documents/E-commerce_project/venv/lib/python3.10/site-packages/airflow/example_dags/example_external_task_marker_dag.py took 0.311 seconds
[2024-10-31T05:52:24.284-0700] {processor.py:186} INFO - Started process (PID=38818) to work on /Users/saiprasadreddykolan/Documents/E-commerce_project/venv/lib/python3.10/site-packages/airflow/example_dags/example_external_task_marker_dag.py
[2024-10-31T05:52:24.286-0700] {processor.py:914} INFO - Processing file /Users/saiprasadreddykolan/Documents/E-commerce_project/venv/lib/python3.10/site-packages/airflow/example_dags/example_external_task_marker_dag.py for tasks to queue
[2024-10-31T05:52:24.286-0700] {logging_mixin.py:190} INFO - [2024-10-31T05:52:24.286-0700] {dagbag.py:588} INFO - Filling up the DagBag from /Users/saiprasadreddykolan/Documents/E-commerce_project/venv/lib/python3.10/site-packages/airflow/example_dags/example_external_task_marker_dag.py
[2024-10-31T05:52:24.292-0700] {processor.py:925} INFO - DAG(s) 'example_external_task_marker_parent', 'example_external_task_marker_child' retrieved from /Users/saiprasadreddykolan/Documents/E-commerce_project/venv/lib/python3.10/site-packages/airflow/example_dags/example_external_task_marker_dag.py
[2024-10-31T05:52:24.577-0700] {logging_mixin.py:190} INFO - [2024-10-31T05:52:24.577-0700] {dag.py:3239} INFO - Sync 2 DAGs
[2024-10-31T05:52:24.581-0700] {logging_mixin.py:190} INFO - [2024-10-31T05:52:24.581-0700] {dag.py:4180} INFO - Setting next_dagrun for example_external_task_marker_child to None, run_after=None
[2024-10-31T05:52:24.582-0700] {logging_mixin.py:190} INFO - [2024-10-31T05:52:24.582-0700] {dag.py:4180} INFO - Setting next_dagrun for example_external_task_marker_parent to None, run_after=None
[2024-10-31T05:52:24.588-0700] {processor.py:208} INFO - Processing /Users/saiprasadreddykolan/Documents/E-commerce_project/venv/lib/python3.10/site-packages/airflow/example_dags/example_external_task_marker_dag.py took 0.305 seconds
[2024-10-31T07:16:08.003-0700] {processor.py:186} INFO - Started process (PID=39063) to work on /Users/saiprasadreddykolan/Documents/E-commerce_project/venv/lib/python3.10/site-packages/airflow/example_dags/example_external_task_marker_dag.py
[2024-10-31T07:16:08.005-0700] {processor.py:914} INFO - Processing file /Users/saiprasadreddykolan/Documents/E-commerce_project/venv/lib/python3.10/site-packages/airflow/example_dags/example_external_task_marker_dag.py for tasks to queue
[2024-10-31T07:16:08.005-0700] {logging_mixin.py:190} INFO - [2024-10-31T07:16:08.005-0700] {dagbag.py:588} INFO - Filling up the DagBag from /Users/saiprasadreddykolan/Documents/E-commerce_project/venv/lib/python3.10/site-packages/airflow/example_dags/example_external_task_marker_dag.py
[2024-10-31T07:16:08.011-0700] {processor.py:925} INFO - DAG(s) 'example_external_task_marker_child', 'example_external_task_marker_parent' retrieved from /Users/saiprasadreddykolan/Documents/E-commerce_project/venv/lib/python3.10/site-packages/airflow/example_dags/example_external_task_marker_dag.py
[2024-10-31T07:16:08.304-0700] {logging_mixin.py:190} INFO - [2024-10-31T07:16:08.304-0700] {dag.py:3239} INFO - Sync 2 DAGs
[2024-10-31T07:16:08.308-0700] {logging_mixin.py:190} INFO - [2024-10-31T07:16:08.308-0700] {dag.py:4180} INFO - Setting next_dagrun for example_external_task_marker_child to None, run_after=None
[2024-10-31T07:16:08.309-0700] {logging_mixin.py:190} INFO - [2024-10-31T07:16:08.309-0700] {dag.py:4180} INFO - Setting next_dagrun for example_external_task_marker_parent to None, run_after=None
[2024-10-31T07:16:08.315-0700] {processor.py:208} INFO - Processing /Users/saiprasadreddykolan/Documents/E-commerce_project/venv/lib/python3.10/site-packages/airflow/example_dags/example_external_task_marker_dag.py took 0.313 seconds
[2024-10-31T08:43:57.403-0700] {processor.py:186} INFO - Started process (PID=39329) to work on /Users/saiprasadreddykolan/Documents/E-commerce_project/venv/lib/python3.10/site-packages/airflow/example_dags/example_external_task_marker_dag.py
[2024-10-31T08:43:57.406-0700] {processor.py:914} INFO - Processing file /Users/saiprasadreddykolan/Documents/E-commerce_project/venv/lib/python3.10/site-packages/airflow/example_dags/example_external_task_marker_dag.py for tasks to queue
[2024-10-31T08:43:57.406-0700] {logging_mixin.py:190} INFO - [2024-10-31T08:43:57.406-0700] {dagbag.py:588} INFO - Filling up the DagBag from /Users/saiprasadreddykolan/Documents/E-commerce_project/venv/lib/python3.10/site-packages/airflow/example_dags/example_external_task_marker_dag.py
[2024-10-31T08:43:57.412-0700] {processor.py:925} INFO - DAG(s) 'example_external_task_marker_child', 'example_external_task_marker_parent' retrieved from /Users/saiprasadreddykolan/Documents/E-commerce_project/venv/lib/python3.10/site-packages/airflow/example_dags/example_external_task_marker_dag.py
[2024-10-31T08:43:57.714-0700] {logging_mixin.py:190} INFO - [2024-10-31T08:43:57.713-0700] {dag.py:3239} INFO - Sync 2 DAGs
[2024-10-31T08:43:57.717-0700] {logging_mixin.py:190} INFO - [2024-10-31T08:43:57.717-0700] {dag.py:4180} INFO - Setting next_dagrun for example_external_task_marker_child to None, run_after=None
[2024-10-31T08:43:57.719-0700] {logging_mixin.py:190} INFO - [2024-10-31T08:43:57.719-0700] {dag.py:4180} INFO - Setting next_dagrun for example_external_task_marker_parent to None, run_after=None
[2024-10-31T08:43:57.725-0700] {processor.py:208} INFO - Processing /Users/saiprasadreddykolan/Documents/E-commerce_project/venv/lib/python3.10/site-packages/airflow/example_dags/example_external_task_marker_dag.py took 0.323 seconds
[2024-10-31T09:22:05.874-0700] {processor.py:186} INFO - Started process (PID=39538) to work on /Users/saiprasadreddykolan/Documents/E-commerce_project/venv/lib/python3.10/site-packages/airflow/example_dags/example_external_task_marker_dag.py
[2024-10-31T09:22:05.876-0700] {processor.py:914} INFO - Processing file /Users/saiprasadreddykolan/Documents/E-commerce_project/venv/lib/python3.10/site-packages/airflow/example_dags/example_external_task_marker_dag.py for tasks to queue
[2024-10-31T09:22:05.876-0700] {logging_mixin.py:190} INFO - [2024-10-31T09:22:05.876-0700] {dagbag.py:588} INFO - Filling up the DagBag from /Users/saiprasadreddykolan/Documents/E-commerce_project/venv/lib/python3.10/site-packages/airflow/example_dags/example_external_task_marker_dag.py
[2024-10-31T09:22:05.881-0700] {processor.py:925} INFO - DAG(s) 'example_external_task_marker_child', 'example_external_task_marker_parent' retrieved from /Users/saiprasadreddykolan/Documents/E-commerce_project/venv/lib/python3.10/site-packages/airflow/example_dags/example_external_task_marker_dag.py
[2024-10-31T09:22:06.180-0700] {logging_mixin.py:190} INFO - [2024-10-31T09:22:06.179-0700] {dag.py:3239} INFO - Sync 2 DAGs
[2024-10-31T09:22:06.183-0700] {logging_mixin.py:190} INFO - [2024-10-31T09:22:06.183-0700] {dag.py:4180} INFO - Setting next_dagrun for example_external_task_marker_child to None, run_after=None
[2024-10-31T09:22:06.185-0700] {logging_mixin.py:190} INFO - [2024-10-31T09:22:06.185-0700] {dag.py:4180} INFO - Setting next_dagrun for example_external_task_marker_parent to None, run_after=None
[2024-10-31T09:22:06.191-0700] {processor.py:208} INFO - Processing /Users/saiprasadreddykolan/Documents/E-commerce_project/venv/lib/python3.10/site-packages/airflow/example_dags/example_external_task_marker_dag.py took 0.318 seconds
