[2024-10-30T18:22:11.993-0700] {processor.py:186} INFO - Started process (PID=7076) to work on /opt/anaconda3/lib/python3.12/site-packages/airflow/example_dags/tutorial.py
[2024-10-30T18:22:11.993-0700] {processor.py:914} INFO - Processing file /opt/anaconda3/lib/python3.12/site-packages/airflow/example_dags/tutorial.py for tasks to queue
[2024-10-30T18:22:11.994-0700] {logging_mixin.py:190} INFO - [2024-10-30T18:22:11.994-0700] {dagbag.py:588} INFO - Filling up the DagBag from /opt/anaconda3/lib/python3.12/site-packages/airflow/example_dags/tutorial.py
[2024-10-30T18:22:11.996-0700] {processor.py:925} INFO - DAG(s) 'tutorial' retrieved from /opt/anaconda3/lib/python3.12/site-packages/airflow/example_dags/tutorial.py
[2024-10-30T18:22:12.026-0700] {logging_mixin.py:190} INFO - [2024-10-30T18:22:12.026-0700] {dag.py:3239} INFO - Sync 1 DAGs
[2024-10-30T18:22:12.032-0700] {logging_mixin.py:190} INFO - [2024-10-30T18:22:12.032-0700] {dag.py:4180} INFO - Setting next_dagrun for tutorial to 2024-10-30 00:00:00+00:00, run_after=2024-10-31 00:00:00+00:00
[2024-10-30T18:22:12.037-0700] {processor.py:208} INFO - Processing /opt/anaconda3/lib/python3.12/site-packages/airflow/example_dags/tutorial.py took 0.046 seconds
[2024-10-30T19:25:26.731-0700] {processor.py:186} INFO - Started process (PID=7222) to work on /opt/anaconda3/lib/python3.12/site-packages/airflow/example_dags/tutorial.py
[2024-10-30T19:25:26.732-0700] {processor.py:914} INFO - Processing file /opt/anaconda3/lib/python3.12/site-packages/airflow/example_dags/tutorial.py for tasks to queue
[2024-10-30T19:25:26.732-0700] {logging_mixin.py:190} INFO - [2024-10-30T19:25:26.732-0700] {dagbag.py:588} INFO - Filling up the DagBag from /opt/anaconda3/lib/python3.12/site-packages/airflow/example_dags/tutorial.py
[2024-10-30T19:25:26.735-0700] {processor.py:925} INFO - DAG(s) 'tutorial' retrieved from /opt/anaconda3/lib/python3.12/site-packages/airflow/example_dags/tutorial.py
[2024-10-30T19:25:26.764-0700] {logging_mixin.py:190} INFO - [2024-10-30T19:25:26.764-0700] {dag.py:3239} INFO - Sync 1 DAGs
[2024-10-30T19:25:26.770-0700] {logging_mixin.py:190} INFO - [2024-10-30T19:25:26.770-0700] {dag.py:4180} INFO - Setting next_dagrun for tutorial to 2024-10-30 00:00:00+00:00, run_after=2024-10-31 00:00:00+00:00
[2024-10-30T19:25:26.776-0700] {processor.py:208} INFO - Processing /opt/anaconda3/lib/python3.12/site-packages/airflow/example_dags/tutorial.py took 0.046 seconds
[2024-10-30T20:59:10.907-0700] {processor.py:186} INFO - Started process (PID=9472) to work on /Users/saiprasadreddykolan/Documents/E-commerce_project/venv/lib/python3.10/site-packages/airflow/example_dags/tutorial.py
[2024-10-30T20:59:10.909-0700] {processor.py:914} INFO - Processing file /Users/saiprasadreddykolan/Documents/E-commerce_project/venv/lib/python3.10/site-packages/airflow/example_dags/tutorial.py for tasks to queue
[2024-10-30T20:59:10.910-0700] {logging_mixin.py:190} INFO - [2024-10-30T20:59:10.910-0700] {dagbag.py:588} INFO - Filling up the DagBag from /Users/saiprasadreddykolan/Documents/E-commerce_project/venv/lib/python3.10/site-packages/airflow/example_dags/tutorial.py
[2024-10-30T20:59:10.914-0700] {processor.py:925} INFO - DAG(s) 'tutorial' retrieved from /Users/saiprasadreddykolan/Documents/E-commerce_project/venv/lib/python3.10/site-packages/airflow/example_dags/tutorial.py
[2024-10-30T20:59:10.982-0700] {logging_mixin.py:190} INFO - [2024-10-30T20:59:10.982-0700] {dag.py:3239} INFO - Sync 1 DAGs
[2024-10-30T20:59:10.988-0700] {logging_mixin.py:190} INFO - [2024-10-30T20:59:10.988-0700] {dag.py:4180} INFO - Setting next_dagrun for tutorial to 2024-10-30T00:00:00+00:00, run_after=2024-10-31T00:00:00+00:00
[2024-10-30T20:59:10.997-0700] {processor.py:208} INFO - Processing /Users/saiprasadreddykolan/Documents/E-commerce_project/venv/lib/python3.10/site-packages/airflow/example_dags/tutorial.py took 0.090 seconds
[2024-10-30T21:00:50.817-0700] {processor.py:186} INFO - Started process (PID=9593) to work on /Users/saiprasadreddykolan/Documents/E-commerce_project/venv/lib/python3.10/site-packages/airflow/example_dags/tutorial.py
[2024-10-30T21:00:50.818-0700] {processor.py:914} INFO - Processing file /Users/saiprasadreddykolan/Documents/E-commerce_project/venv/lib/python3.10/site-packages/airflow/example_dags/tutorial.py for tasks to queue
[2024-10-30T21:00:50.819-0700] {logging_mixin.py:190} INFO - [2024-10-30T21:00:50.819-0700] {dagbag.py:588} INFO - Filling up the DagBag from /Users/saiprasadreddykolan/Documents/E-commerce_project/venv/lib/python3.10/site-packages/airflow/example_dags/tutorial.py
[2024-10-30T21:00:50.822-0700] {processor.py:925} INFO - DAG(s) 'tutorial' retrieved from /Users/saiprasadreddykolan/Documents/E-commerce_project/venv/lib/python3.10/site-packages/airflow/example_dags/tutorial.py
[2024-10-30T21:00:50.859-0700] {logging_mixin.py:190} INFO - [2024-10-30T21:00:50.859-0700] {dag.py:3239} INFO - Sync 1 DAGs
[2024-10-30T21:00:50.865-0700] {logging_mixin.py:190} INFO - [2024-10-30T21:00:50.865-0700] {dag.py:4180} INFO - Setting next_dagrun for tutorial to 2024-10-30T00:00:00+00:00, run_after=2024-10-31T00:00:00+00:00
[2024-10-30T21:00:50.872-0700] {processor.py:208} INFO - Processing /Users/saiprasadreddykolan/Documents/E-commerce_project/venv/lib/python3.10/site-packages/airflow/example_dags/tutorial.py took 0.057 seconds
[2024-10-30T21:01:55.411-0700] {processor.py:186} INFO - Started process (PID=9676) to work on /Users/saiprasadreddykolan/Documents/E-commerce_project/venv/lib/python3.10/site-packages/airflow/example_dags/tutorial.py
[2024-10-30T21:01:55.413-0700] {processor.py:914} INFO - Processing file /Users/saiprasadreddykolan/Documents/E-commerce_project/venv/lib/python3.10/site-packages/airflow/example_dags/tutorial.py for tasks to queue
[2024-10-30T21:01:55.413-0700] {logging_mixin.py:190} INFO - [2024-10-30T21:01:55.413-0700] {dagbag.py:588} INFO - Filling up the DagBag from /Users/saiprasadreddykolan/Documents/E-commerce_project/venv/lib/python3.10/site-packages/airflow/example_dags/tutorial.py
[2024-10-30T21:01:55.416-0700] {processor.py:925} INFO - DAG(s) 'tutorial' retrieved from /Users/saiprasadreddykolan/Documents/E-commerce_project/venv/lib/python3.10/site-packages/airflow/example_dags/tutorial.py
[2024-10-30T21:01:55.451-0700] {logging_mixin.py:190} INFO - [2024-10-30T21:01:55.451-0700] {dag.py:3239} INFO - Sync 1 DAGs
[2024-10-30T21:01:55.456-0700] {logging_mixin.py:190} INFO - [2024-10-30T21:01:55.456-0700] {dag.py:4180} INFO - Setting next_dagrun for tutorial to 2024-10-30T00:00:00+00:00, run_after=2024-10-31T00:00:00+00:00
[2024-10-30T21:01:55.462-0700] {processor.py:208} INFO - Processing /Users/saiprasadreddykolan/Documents/E-commerce_project/venv/lib/python3.10/site-packages/airflow/example_dags/tutorial.py took 0.052 seconds
[2024-10-30T21:02:57.844-0700] {processor.py:186} INFO - Started process (PID=9801) to work on /Users/saiprasadreddykolan/Documents/E-commerce_project/venv/lib/python3.10/site-packages/airflow/example_dags/tutorial.py
[2024-10-30T21:02:57.846-0700] {processor.py:914} INFO - Processing file /Users/saiprasadreddykolan/Documents/E-commerce_project/venv/lib/python3.10/site-packages/airflow/example_dags/tutorial.py for tasks to queue
[2024-10-30T21:02:57.846-0700] {logging_mixin.py:190} INFO - [2024-10-30T21:02:57.846-0700] {dagbag.py:588} INFO - Filling up the DagBag from /Users/saiprasadreddykolan/Documents/E-commerce_project/venv/lib/python3.10/site-packages/airflow/example_dags/tutorial.py
[2024-10-30T21:02:57.849-0700] {processor.py:925} INFO - DAG(s) 'tutorial' retrieved from /Users/saiprasadreddykolan/Documents/E-commerce_project/venv/lib/python3.10/site-packages/airflow/example_dags/tutorial.py
[2024-10-30T21:02:57.884-0700] {logging_mixin.py:190} INFO - [2024-10-30T21:02:57.884-0700] {dag.py:3239} INFO - Sync 1 DAGs
[2024-10-30T21:02:57.890-0700] {logging_mixin.py:190} INFO - [2024-10-30T21:02:57.890-0700] {dag.py:4180} INFO - Setting next_dagrun for tutorial to 2024-10-30T00:00:00+00:00, run_after=2024-10-31T00:00:00+00:00
[2024-10-30T21:02:57.895-0700] {processor.py:208} INFO - Processing /Users/saiprasadreddykolan/Documents/E-commerce_project/venv/lib/python3.10/site-packages/airflow/example_dags/tutorial.py took 0.052 seconds
[2024-10-30T21:04:03.437-0700] {processor.py:186} INFO - Started process (PID=9912) to work on /Users/saiprasadreddykolan/Documents/E-commerce_project/venv/lib/python3.10/site-packages/airflow/example_dags/tutorial.py
[2024-10-30T21:04:03.439-0700] {processor.py:914} INFO - Processing file /Users/saiprasadreddykolan/Documents/E-commerce_project/venv/lib/python3.10/site-packages/airflow/example_dags/tutorial.py for tasks to queue
[2024-10-30T21:04:03.439-0700] {logging_mixin.py:190} INFO - [2024-10-30T21:04:03.439-0700] {dagbag.py:588} INFO - Filling up the DagBag from /Users/saiprasadreddykolan/Documents/E-commerce_project/venv/lib/python3.10/site-packages/airflow/example_dags/tutorial.py
[2024-10-30T21:04:03.442-0700] {processor.py:925} INFO - DAG(s) 'tutorial' retrieved from /Users/saiprasadreddykolan/Documents/E-commerce_project/venv/lib/python3.10/site-packages/airflow/example_dags/tutorial.py
[2024-10-30T21:04:03.477-0700] {logging_mixin.py:190} INFO - [2024-10-30T21:04:03.477-0700] {dag.py:3239} INFO - Sync 1 DAGs
[2024-10-30T21:04:03.482-0700] {logging_mixin.py:190} INFO - [2024-10-30T21:04:03.482-0700] {dag.py:4180} INFO - Setting next_dagrun for tutorial to 2024-10-30T00:00:00+00:00, run_after=2024-10-31T00:00:00+00:00
[2024-10-30T21:04:03.490-0700] {processor.py:208} INFO - Processing /Users/saiprasadreddykolan/Documents/E-commerce_project/venv/lib/python3.10/site-packages/airflow/example_dags/tutorial.py took 0.054 seconds
[2024-10-30T21:05:10.201-0700] {processor.py:186} INFO - Started process (PID=9996) to work on /Users/saiprasadreddykolan/Documents/E-commerce_project/venv/lib/python3.10/site-packages/airflow/example_dags/tutorial.py
[2024-10-30T21:05:10.203-0700] {processor.py:914} INFO - Processing file /Users/saiprasadreddykolan/Documents/E-commerce_project/venv/lib/python3.10/site-packages/airflow/example_dags/tutorial.py for tasks to queue
[2024-10-30T21:05:10.204-0700] {logging_mixin.py:190} INFO - [2024-10-30T21:05:10.203-0700] {dagbag.py:588} INFO - Filling up the DagBag from /Users/saiprasadreddykolan/Documents/E-commerce_project/venv/lib/python3.10/site-packages/airflow/example_dags/tutorial.py
[2024-10-30T21:05:10.207-0700] {processor.py:925} INFO - DAG(s) 'tutorial' retrieved from /Users/saiprasadreddykolan/Documents/E-commerce_project/venv/lib/python3.10/site-packages/airflow/example_dags/tutorial.py
[2024-10-30T21:05:10.241-0700] {logging_mixin.py:190} INFO - [2024-10-30T21:05:10.241-0700] {dag.py:3239} INFO - Sync 1 DAGs
[2024-10-30T21:05:10.247-0700] {logging_mixin.py:190} INFO - [2024-10-30T21:05:10.247-0700] {dag.py:4180} INFO - Setting next_dagrun for tutorial to 2024-10-30T00:00:00+00:00, run_after=2024-10-31T00:00:00+00:00
[2024-10-30T21:05:10.253-0700] {processor.py:208} INFO - Processing /Users/saiprasadreddykolan/Documents/E-commerce_project/venv/lib/python3.10/site-packages/airflow/example_dags/tutorial.py took 0.053 seconds
[2024-10-30T21:06:18.996-0700] {processor.py:186} INFO - Started process (PID=10084) to work on /Users/saiprasadreddykolan/Documents/E-commerce_project/venv/lib/python3.10/site-packages/airflow/example_dags/tutorial.py
[2024-10-30T21:06:18.998-0700] {processor.py:914} INFO - Processing file /Users/saiprasadreddykolan/Documents/E-commerce_project/venv/lib/python3.10/site-packages/airflow/example_dags/tutorial.py for tasks to queue
[2024-10-30T21:06:18.998-0700] {logging_mixin.py:190} INFO - [2024-10-30T21:06:18.998-0700] {dagbag.py:588} INFO - Filling up the DagBag from /Users/saiprasadreddykolan/Documents/E-commerce_project/venv/lib/python3.10/site-packages/airflow/example_dags/tutorial.py
[2024-10-30T21:06:19.001-0700] {processor.py:925} INFO - DAG(s) 'tutorial' retrieved from /Users/saiprasadreddykolan/Documents/E-commerce_project/venv/lib/python3.10/site-packages/airflow/example_dags/tutorial.py
[2024-10-30T21:06:19.036-0700] {logging_mixin.py:190} INFO - [2024-10-30T21:06:19.036-0700] {dag.py:3239} INFO - Sync 1 DAGs
[2024-10-30T21:06:19.043-0700] {logging_mixin.py:190} INFO - [2024-10-30T21:06:19.043-0700] {dag.py:4180} INFO - Setting next_dagrun for tutorial to 2024-10-30T00:00:00+00:00, run_after=2024-10-31T00:00:00+00:00
[2024-10-30T21:06:19.048-0700] {processor.py:208} INFO - Processing /Users/saiprasadreddykolan/Documents/E-commerce_project/venv/lib/python3.10/site-packages/airflow/example_dags/tutorial.py took 0.054 seconds
[2024-10-30T21:07:25.308-0700] {processor.py:186} INFO - Started process (PID=10167) to work on /Users/saiprasadreddykolan/Documents/E-commerce_project/venv/lib/python3.10/site-packages/airflow/example_dags/tutorial.py
[2024-10-30T21:07:25.310-0700] {processor.py:914} INFO - Processing file /Users/saiprasadreddykolan/Documents/E-commerce_project/venv/lib/python3.10/site-packages/airflow/example_dags/tutorial.py for tasks to queue
[2024-10-30T21:07:25.310-0700] {logging_mixin.py:190} INFO - [2024-10-30T21:07:25.310-0700] {dagbag.py:588} INFO - Filling up the DagBag from /Users/saiprasadreddykolan/Documents/E-commerce_project/venv/lib/python3.10/site-packages/airflow/example_dags/tutorial.py
[2024-10-30T21:07:25.313-0700] {processor.py:925} INFO - DAG(s) 'tutorial' retrieved from /Users/saiprasadreddykolan/Documents/E-commerce_project/venv/lib/python3.10/site-packages/airflow/example_dags/tutorial.py
[2024-10-30T21:07:25.349-0700] {logging_mixin.py:190} INFO - [2024-10-30T21:07:25.349-0700] {dag.py:3239} INFO - Sync 1 DAGs
[2024-10-30T21:07:25.356-0700] {logging_mixin.py:190} INFO - [2024-10-30T21:07:25.356-0700] {dag.py:4180} INFO - Setting next_dagrun for tutorial to 2024-10-30T00:00:00+00:00, run_after=2024-10-31T00:00:00+00:00
[2024-10-30T21:07:25.361-0700] {processor.py:208} INFO - Processing /Users/saiprasadreddykolan/Documents/E-commerce_project/venv/lib/python3.10/site-packages/airflow/example_dags/tutorial.py took 0.054 seconds
[2024-10-30T21:08:34.406-0700] {processor.py:186} INFO - Started process (PID=10269) to work on /Users/saiprasadreddykolan/Documents/E-commerce_project/venv/lib/python3.10/site-packages/airflow/example_dags/tutorial.py
[2024-10-30T21:08:34.408-0700] {processor.py:914} INFO - Processing file /Users/saiprasadreddykolan/Documents/E-commerce_project/venv/lib/python3.10/site-packages/airflow/example_dags/tutorial.py for tasks to queue
[2024-10-30T21:08:34.408-0700] {logging_mixin.py:190} INFO - [2024-10-30T21:08:34.408-0700] {dagbag.py:588} INFO - Filling up the DagBag from /Users/saiprasadreddykolan/Documents/E-commerce_project/venv/lib/python3.10/site-packages/airflow/example_dags/tutorial.py
[2024-10-30T21:08:34.413-0700] {processor.py:925} INFO - DAG(s) 'tutorial' retrieved from /Users/saiprasadreddykolan/Documents/E-commerce_project/venv/lib/python3.10/site-packages/airflow/example_dags/tutorial.py
[2024-10-30T21:08:34.452-0700] {logging_mixin.py:190} INFO - [2024-10-30T21:08:34.452-0700] {dag.py:3239} INFO - Sync 1 DAGs
[2024-10-30T21:08:34.458-0700] {logging_mixin.py:190} INFO - [2024-10-30T21:08:34.458-0700] {dag.py:4180} INFO - Setting next_dagrun for tutorial to 2024-10-30T00:00:00+00:00, run_after=2024-10-31T00:00:00+00:00
[2024-10-30T21:08:34.465-0700] {processor.py:208} INFO - Processing /Users/saiprasadreddykolan/Documents/E-commerce_project/venv/lib/python3.10/site-packages/airflow/example_dags/tutorial.py took 0.060 seconds
[2024-10-30T21:09:42.014-0700] {processor.py:186} INFO - Started process (PID=10357) to work on /Users/saiprasadreddykolan/Documents/E-commerce_project/venv/lib/python3.10/site-packages/airflow/example_dags/tutorial.py
[2024-10-30T21:09:42.015-0700] {processor.py:914} INFO - Processing file /Users/saiprasadreddykolan/Documents/E-commerce_project/venv/lib/python3.10/site-packages/airflow/example_dags/tutorial.py for tasks to queue
[2024-10-30T21:09:42.016-0700] {logging_mixin.py:190} INFO - [2024-10-30T21:09:42.016-0700] {dagbag.py:588} INFO - Filling up the DagBag from /Users/saiprasadreddykolan/Documents/E-commerce_project/venv/lib/python3.10/site-packages/airflow/example_dags/tutorial.py
[2024-10-30T21:09:42.019-0700] {processor.py:925} INFO - DAG(s) 'tutorial' retrieved from /Users/saiprasadreddykolan/Documents/E-commerce_project/venv/lib/python3.10/site-packages/airflow/example_dags/tutorial.py
[2024-10-30T21:09:42.053-0700] {logging_mixin.py:190} INFO - [2024-10-30T21:09:42.053-0700] {dag.py:3239} INFO - Sync 1 DAGs
[2024-10-30T21:09:42.060-0700] {logging_mixin.py:190} INFO - [2024-10-30T21:09:42.060-0700] {dag.py:4180} INFO - Setting next_dagrun for tutorial to 2024-10-30T00:00:00+00:00, run_after=2024-10-31T00:00:00+00:00
[2024-10-30T21:09:42.065-0700] {processor.py:208} INFO - Processing /Users/saiprasadreddykolan/Documents/E-commerce_project/venv/lib/python3.10/site-packages/airflow/example_dags/tutorial.py took 0.053 seconds
[2024-10-30T21:10:47.856-0700] {processor.py:186} INFO - Started process (PID=10451) to work on /Users/saiprasadreddykolan/Documents/E-commerce_project/venv/lib/python3.10/site-packages/airflow/example_dags/tutorial.py
[2024-10-30T21:10:47.858-0700] {processor.py:914} INFO - Processing file /Users/saiprasadreddykolan/Documents/E-commerce_project/venv/lib/python3.10/site-packages/airflow/example_dags/tutorial.py for tasks to queue
[2024-10-30T21:10:47.859-0700] {logging_mixin.py:190} INFO - [2024-10-30T21:10:47.859-0700] {dagbag.py:588} INFO - Filling up the DagBag from /Users/saiprasadreddykolan/Documents/E-commerce_project/venv/lib/python3.10/site-packages/airflow/example_dags/tutorial.py
[2024-10-30T21:10:47.862-0700] {processor.py:925} INFO - DAG(s) 'tutorial' retrieved from /Users/saiprasadreddykolan/Documents/E-commerce_project/venv/lib/python3.10/site-packages/airflow/example_dags/tutorial.py
[2024-10-30T21:10:47.896-0700] {logging_mixin.py:190} INFO - [2024-10-30T21:10:47.896-0700] {dag.py:3239} INFO - Sync 1 DAGs
[2024-10-30T21:10:47.902-0700] {logging_mixin.py:190} INFO - [2024-10-30T21:10:47.902-0700] {dag.py:4180} INFO - Setting next_dagrun for tutorial to 2024-10-30T00:00:00+00:00, run_after=2024-10-31T00:00:00+00:00
[2024-10-30T21:10:47.907-0700] {processor.py:208} INFO - Processing /Users/saiprasadreddykolan/Documents/E-commerce_project/venv/lib/python3.10/site-packages/airflow/example_dags/tutorial.py took 0.052 seconds
[2024-10-30T21:11:54.981-0700] {processor.py:186} INFO - Started process (PID=10593) to work on /Users/saiprasadreddykolan/Documents/E-commerce_project/venv/lib/python3.10/site-packages/airflow/example_dags/tutorial.py
[2024-10-30T21:11:54.983-0700] {processor.py:914} INFO - Processing file /Users/saiprasadreddykolan/Documents/E-commerce_project/venv/lib/python3.10/site-packages/airflow/example_dags/tutorial.py for tasks to queue
[2024-10-30T21:11:54.984-0700] {logging_mixin.py:190} INFO - [2024-10-30T21:11:54.983-0700] {dagbag.py:588} INFO - Filling up the DagBag from /Users/saiprasadreddykolan/Documents/E-commerce_project/venv/lib/python3.10/site-packages/airflow/example_dags/tutorial.py
[2024-10-30T21:11:54.987-0700] {processor.py:925} INFO - DAG(s) 'tutorial' retrieved from /Users/saiprasadreddykolan/Documents/E-commerce_project/venv/lib/python3.10/site-packages/airflow/example_dags/tutorial.py
[2024-10-30T21:11:55.024-0700] {logging_mixin.py:190} INFO - [2024-10-30T21:11:55.024-0700] {dag.py:3239} INFO - Sync 1 DAGs
[2024-10-30T21:11:55.030-0700] {logging_mixin.py:190} INFO - [2024-10-30T21:11:55.030-0700] {dag.py:4180} INFO - Setting next_dagrun for tutorial to 2024-10-30T00:00:00+00:00, run_after=2024-10-31T00:00:00+00:00
[2024-10-30T21:11:55.036-0700] {processor.py:208} INFO - Processing /Users/saiprasadreddykolan/Documents/E-commerce_project/venv/lib/python3.10/site-packages/airflow/example_dags/tutorial.py took 0.057 seconds
[2024-10-30T21:12:57.495-0700] {processor.py:186} INFO - Started process (PID=10706) to work on /Users/saiprasadreddykolan/Documents/E-commerce_project/venv/lib/python3.10/site-packages/airflow/example_dags/tutorial.py
[2024-10-30T21:12:57.497-0700] {processor.py:914} INFO - Processing file /Users/saiprasadreddykolan/Documents/E-commerce_project/venv/lib/python3.10/site-packages/airflow/example_dags/tutorial.py for tasks to queue
[2024-10-30T21:12:57.497-0700] {logging_mixin.py:190} INFO - [2024-10-30T21:12:57.497-0700] {dagbag.py:588} INFO - Filling up the DagBag from /Users/saiprasadreddykolan/Documents/E-commerce_project/venv/lib/python3.10/site-packages/airflow/example_dags/tutorial.py
[2024-10-30T21:12:57.501-0700] {processor.py:925} INFO - DAG(s) 'tutorial' retrieved from /Users/saiprasadreddykolan/Documents/E-commerce_project/venv/lib/python3.10/site-packages/airflow/example_dags/tutorial.py
[2024-10-30T21:12:57.535-0700] {logging_mixin.py:190} INFO - [2024-10-30T21:12:57.535-0700] {dag.py:3239} INFO - Sync 1 DAGs
[2024-10-30T21:12:57.540-0700] {logging_mixin.py:190} INFO - [2024-10-30T21:12:57.540-0700] {dag.py:4180} INFO - Setting next_dagrun for tutorial to 2024-10-30T00:00:00+00:00, run_after=2024-10-31T00:00:00+00:00
[2024-10-30T21:12:57.546-0700] {processor.py:208} INFO - Processing /Users/saiprasadreddykolan/Documents/E-commerce_project/venv/lib/python3.10/site-packages/airflow/example_dags/tutorial.py took 0.052 seconds
[2024-10-30T21:13:59.985-0700] {processor.py:186} INFO - Started process (PID=12353) to work on /Users/saiprasadreddykolan/Documents/E-commerce_project/venv/lib/python3.10/site-packages/airflow/example_dags/tutorial.py
[2024-10-30T21:13:59.988-0700] {processor.py:914} INFO - Processing file /Users/saiprasadreddykolan/Documents/E-commerce_project/venv/lib/python3.10/site-packages/airflow/example_dags/tutorial.py for tasks to queue
[2024-10-30T21:13:59.988-0700] {logging_mixin.py:190} INFO - [2024-10-30T21:13:59.988-0700] {dagbag.py:588} INFO - Filling up the DagBag from /Users/saiprasadreddykolan/Documents/E-commerce_project/venv/lib/python3.10/site-packages/airflow/example_dags/tutorial.py
[2024-10-30T21:13:59.991-0700] {processor.py:925} INFO - DAG(s) 'tutorial' retrieved from /Users/saiprasadreddykolan/Documents/E-commerce_project/venv/lib/python3.10/site-packages/airflow/example_dags/tutorial.py
[2024-10-30T21:14:00.025-0700] {logging_mixin.py:190} INFO - [2024-10-30T21:14:00.025-0700] {dag.py:3239} INFO - Sync 1 DAGs
[2024-10-30T21:14:00.031-0700] {logging_mixin.py:190} INFO - [2024-10-30T21:14:00.031-0700] {dag.py:4180} INFO - Setting next_dagrun for tutorial to 2024-10-30T00:00:00+00:00, run_after=2024-10-31T00:00:00+00:00
[2024-10-30T21:14:00.037-0700] {processor.py:208} INFO - Processing /Users/saiprasadreddykolan/Documents/E-commerce_project/venv/lib/python3.10/site-packages/airflow/example_dags/tutorial.py took 0.052 seconds
[2024-10-30T21:15:09.179-0700] {processor.py:186} INFO - Started process (PID=18873) to work on /Users/saiprasadreddykolan/Documents/E-commerce_project/venv/lib/python3.10/site-packages/airflow/example_dags/tutorial.py
[2024-10-30T21:15:09.181-0700] {processor.py:914} INFO - Processing file /Users/saiprasadreddykolan/Documents/E-commerce_project/venv/lib/python3.10/site-packages/airflow/example_dags/tutorial.py for tasks to queue
[2024-10-30T21:15:09.182-0700] {logging_mixin.py:190} INFO - [2024-10-30T21:15:09.182-0700] {dagbag.py:588} INFO - Filling up the DagBag from /Users/saiprasadreddykolan/Documents/E-commerce_project/venv/lib/python3.10/site-packages/airflow/example_dags/tutorial.py
[2024-10-30T21:15:09.186-0700] {processor.py:925} INFO - DAG(s) 'tutorial' retrieved from /Users/saiprasadreddykolan/Documents/E-commerce_project/venv/lib/python3.10/site-packages/airflow/example_dags/tutorial.py
[2024-10-30T21:15:09.224-0700] {logging_mixin.py:190} INFO - [2024-10-30T21:15:09.224-0700] {dag.py:3239} INFO - Sync 1 DAGs
[2024-10-30T21:15:09.230-0700] {logging_mixin.py:190} INFO - [2024-10-30T21:15:09.230-0700] {dag.py:4180} INFO - Setting next_dagrun for tutorial to 2024-10-30T00:00:00+00:00, run_after=2024-10-31T00:00:00+00:00
[2024-10-30T21:15:09.237-0700] {processor.py:208} INFO - Processing /Users/saiprasadreddykolan/Documents/E-commerce_project/venv/lib/python3.10/site-packages/airflow/example_dags/tutorial.py took 0.059 seconds
[2024-10-30T21:16:19.814-0700] {processor.py:186} INFO - Started process (PID=24103) to work on /Users/saiprasadreddykolan/Documents/E-commerce_project/venv/lib/python3.10/site-packages/airflow/example_dags/tutorial.py
[2024-10-30T21:16:19.815-0700] {processor.py:914} INFO - Processing file /Users/saiprasadreddykolan/Documents/E-commerce_project/venv/lib/python3.10/site-packages/airflow/example_dags/tutorial.py for tasks to queue
[2024-10-30T21:16:19.816-0700] {logging_mixin.py:190} INFO - [2024-10-30T21:16:19.816-0700] {dagbag.py:588} INFO - Filling up the DagBag from /Users/saiprasadreddykolan/Documents/E-commerce_project/venv/lib/python3.10/site-packages/airflow/example_dags/tutorial.py
[2024-10-30T21:16:19.820-0700] {processor.py:925} INFO - DAG(s) 'tutorial' retrieved from /Users/saiprasadreddykolan/Documents/E-commerce_project/venv/lib/python3.10/site-packages/airflow/example_dags/tutorial.py
[2024-10-30T21:16:19.858-0700] {logging_mixin.py:190} INFO - [2024-10-30T21:16:19.858-0700] {dag.py:3239} INFO - Sync 1 DAGs
[2024-10-30T21:16:19.865-0700] {logging_mixin.py:190} INFO - [2024-10-30T21:16:19.865-0700] {dag.py:4180} INFO - Setting next_dagrun for tutorial to 2024-10-30T00:00:00+00:00, run_after=2024-10-31T00:00:00+00:00
[2024-10-30T21:16:19.872-0700] {processor.py:208} INFO - Processing /Users/saiprasadreddykolan/Documents/E-commerce_project/venv/lib/python3.10/site-packages/airflow/example_dags/tutorial.py took 0.059 seconds
[2024-10-30T21:17:30.657-0700] {processor.py:186} INFO - Started process (PID=33204) to work on /Users/saiprasadreddykolan/Documents/E-commerce_project/venv/lib/python3.10/site-packages/airflow/example_dags/tutorial.py
[2024-10-30T21:17:30.659-0700] {processor.py:914} INFO - Processing file /Users/saiprasadreddykolan/Documents/E-commerce_project/venv/lib/python3.10/site-packages/airflow/example_dags/tutorial.py for tasks to queue
[2024-10-30T21:17:30.659-0700] {logging_mixin.py:190} INFO - [2024-10-30T21:17:30.659-0700] {dagbag.py:588} INFO - Filling up the DagBag from /Users/saiprasadreddykolan/Documents/E-commerce_project/venv/lib/python3.10/site-packages/airflow/example_dags/tutorial.py
[2024-10-30T21:17:30.662-0700] {processor.py:925} INFO - DAG(s) 'tutorial' retrieved from /Users/saiprasadreddykolan/Documents/E-commerce_project/venv/lib/python3.10/site-packages/airflow/example_dags/tutorial.py
[2024-10-30T21:17:30.697-0700] {logging_mixin.py:190} INFO - [2024-10-30T21:17:30.697-0700] {dag.py:3239} INFO - Sync 1 DAGs
[2024-10-30T21:17:30.702-0700] {logging_mixin.py:190} INFO - [2024-10-30T21:17:30.702-0700] {dag.py:4180} INFO - Setting next_dagrun for tutorial to 2024-10-30T00:00:00+00:00, run_after=2024-10-31T00:00:00+00:00
[2024-10-30T21:17:30.708-0700] {processor.py:208} INFO - Processing /Users/saiprasadreddykolan/Documents/E-commerce_project/venv/lib/python3.10/site-packages/airflow/example_dags/tutorial.py took 0.052 seconds
[2024-10-30T21:18:40.164-0700] {processor.py:186} INFO - Started process (PID=33296) to work on /Users/saiprasadreddykolan/Documents/E-commerce_project/venv/lib/python3.10/site-packages/airflow/example_dags/tutorial.py
[2024-10-30T21:18:40.167-0700] {processor.py:914} INFO - Processing file /Users/saiprasadreddykolan/Documents/E-commerce_project/venv/lib/python3.10/site-packages/airflow/example_dags/tutorial.py for tasks to queue
[2024-10-30T21:18:40.167-0700] {logging_mixin.py:190} INFO - [2024-10-30T21:18:40.167-0700] {dagbag.py:588} INFO - Filling up the DagBag from /Users/saiprasadreddykolan/Documents/E-commerce_project/venv/lib/python3.10/site-packages/airflow/example_dags/tutorial.py
[2024-10-30T21:18:40.171-0700] {processor.py:925} INFO - DAG(s) 'tutorial' retrieved from /Users/saiprasadreddykolan/Documents/E-commerce_project/venv/lib/python3.10/site-packages/airflow/example_dags/tutorial.py
[2024-10-30T21:18:40.209-0700] {logging_mixin.py:190} INFO - [2024-10-30T21:18:40.208-0700] {dag.py:3239} INFO - Sync 1 DAGs
[2024-10-30T21:18:40.215-0700] {logging_mixin.py:190} INFO - [2024-10-30T21:18:40.215-0700] {dag.py:4180} INFO - Setting next_dagrun for tutorial to 2024-10-30T00:00:00+00:00, run_after=2024-10-31T00:00:00+00:00
[2024-10-30T21:18:40.221-0700] {processor.py:208} INFO - Processing /Users/saiprasadreddykolan/Documents/E-commerce_project/venv/lib/python3.10/site-packages/airflow/example_dags/tutorial.py took 0.058 seconds
[2024-10-30T21:19:43.852-0700] {processor.py:186} INFO - Started process (PID=33389) to work on /Users/saiprasadreddykolan/Documents/E-commerce_project/venv/lib/python3.10/site-packages/airflow/example_dags/tutorial.py
[2024-10-30T21:19:43.854-0700] {processor.py:914} INFO - Processing file /Users/saiprasadreddykolan/Documents/E-commerce_project/venv/lib/python3.10/site-packages/airflow/example_dags/tutorial.py for tasks to queue
[2024-10-30T21:19:43.854-0700] {logging_mixin.py:190} INFO - [2024-10-30T21:19:43.854-0700] {dagbag.py:588} INFO - Filling up the DagBag from /Users/saiprasadreddykolan/Documents/E-commerce_project/venv/lib/python3.10/site-packages/airflow/example_dags/tutorial.py
[2024-10-30T21:19:43.858-0700] {processor.py:925} INFO - DAG(s) 'tutorial' retrieved from /Users/saiprasadreddykolan/Documents/E-commerce_project/venv/lib/python3.10/site-packages/airflow/example_dags/tutorial.py
[2024-10-30T21:19:43.892-0700] {logging_mixin.py:190} INFO - [2024-10-30T21:19:43.892-0700] {dag.py:3239} INFO - Sync 1 DAGs
[2024-10-30T21:19:43.897-0700] {logging_mixin.py:190} INFO - [2024-10-30T21:19:43.897-0700] {dag.py:4180} INFO - Setting next_dagrun for tutorial to 2024-10-30T00:00:00+00:00, run_after=2024-10-31T00:00:00+00:00
[2024-10-30T21:19:43.903-0700] {processor.py:208} INFO - Processing /Users/saiprasadreddykolan/Documents/E-commerce_project/venv/lib/python3.10/site-packages/airflow/example_dags/tutorial.py took 0.052 seconds
[2024-10-30T21:20:45.877-0700] {processor.py:186} INFO - Started process (PID=33506) to work on /Users/saiprasadreddykolan/Documents/E-commerce_project/venv/lib/python3.10/site-packages/airflow/example_dags/tutorial.py
[2024-10-30T21:20:45.880-0700] {processor.py:914} INFO - Processing file /Users/saiprasadreddykolan/Documents/E-commerce_project/venv/lib/python3.10/site-packages/airflow/example_dags/tutorial.py for tasks to queue
[2024-10-30T21:20:45.880-0700] {logging_mixin.py:190} INFO - [2024-10-30T21:20:45.880-0700] {dagbag.py:588} INFO - Filling up the DagBag from /Users/saiprasadreddykolan/Documents/E-commerce_project/venv/lib/python3.10/site-packages/airflow/example_dags/tutorial.py
[2024-10-30T21:20:45.883-0700] {processor.py:925} INFO - DAG(s) 'tutorial' retrieved from /Users/saiprasadreddykolan/Documents/E-commerce_project/venv/lib/python3.10/site-packages/airflow/example_dags/tutorial.py
[2024-10-30T21:20:45.918-0700] {logging_mixin.py:190} INFO - [2024-10-30T21:20:45.918-0700] {dag.py:3239} INFO - Sync 1 DAGs
[2024-10-30T21:20:45.923-0700] {logging_mixin.py:190} INFO - [2024-10-30T21:20:45.923-0700] {dag.py:4180} INFO - Setting next_dagrun for tutorial to 2024-10-30T00:00:00+00:00, run_after=2024-10-31T00:00:00+00:00
[2024-10-30T21:20:45.929-0700] {processor.py:208} INFO - Processing /Users/saiprasadreddykolan/Documents/E-commerce_project/venv/lib/python3.10/site-packages/airflow/example_dags/tutorial.py took 0.053 seconds
[2024-10-30T21:21:52.990-0700] {processor.py:186} INFO - Started process (PID=33601) to work on /Users/saiprasadreddykolan/Documents/E-commerce_project/venv/lib/python3.10/site-packages/airflow/example_dags/tutorial.py
[2024-10-30T21:21:52.992-0700] {processor.py:914} INFO - Processing file /Users/saiprasadreddykolan/Documents/E-commerce_project/venv/lib/python3.10/site-packages/airflow/example_dags/tutorial.py for tasks to queue
[2024-10-30T21:21:52.992-0700] {logging_mixin.py:190} INFO - [2024-10-30T21:21:52.992-0700] {dagbag.py:588} INFO - Filling up the DagBag from /Users/saiprasadreddykolan/Documents/E-commerce_project/venv/lib/python3.10/site-packages/airflow/example_dags/tutorial.py
[2024-10-30T21:21:52.996-0700] {processor.py:925} INFO - DAG(s) 'tutorial' retrieved from /Users/saiprasadreddykolan/Documents/E-commerce_project/venv/lib/python3.10/site-packages/airflow/example_dags/tutorial.py
[2024-10-30T21:21:53.032-0700] {logging_mixin.py:190} INFO - [2024-10-30T21:21:53.032-0700] {dag.py:3239} INFO - Sync 1 DAGs
[2024-10-30T21:21:53.038-0700] {logging_mixin.py:190} INFO - [2024-10-30T21:21:53.037-0700] {dag.py:4180} INFO - Setting next_dagrun for tutorial to 2024-10-30T00:00:00+00:00, run_after=2024-10-31T00:00:00+00:00
[2024-10-30T21:21:53.043-0700] {processor.py:208} INFO - Processing /Users/saiprasadreddykolan/Documents/E-commerce_project/venv/lib/python3.10/site-packages/airflow/example_dags/tutorial.py took 0.055 seconds
[2024-10-30T21:23:00.970-0700] {processor.py:186} INFO - Started process (PID=33700) to work on /Users/saiprasadreddykolan/Documents/E-commerce_project/venv/lib/python3.10/site-packages/airflow/example_dags/tutorial.py
[2024-10-30T21:23:00.972-0700] {processor.py:914} INFO - Processing file /Users/saiprasadreddykolan/Documents/E-commerce_project/venv/lib/python3.10/site-packages/airflow/example_dags/tutorial.py for tasks to queue
[2024-10-30T21:23:00.972-0700] {logging_mixin.py:190} INFO - [2024-10-30T21:23:00.972-0700] {dagbag.py:588} INFO - Filling up the DagBag from /Users/saiprasadreddykolan/Documents/E-commerce_project/venv/lib/python3.10/site-packages/airflow/example_dags/tutorial.py
[2024-10-30T21:23:00.976-0700] {processor.py:925} INFO - DAG(s) 'tutorial' retrieved from /Users/saiprasadreddykolan/Documents/E-commerce_project/venv/lib/python3.10/site-packages/airflow/example_dags/tutorial.py
[2024-10-30T21:23:01.011-0700] {logging_mixin.py:190} INFO - [2024-10-30T21:23:01.011-0700] {dag.py:3239} INFO - Sync 1 DAGs
[2024-10-30T21:23:01.017-0700] {logging_mixin.py:190} INFO - [2024-10-30T21:23:01.016-0700] {dag.py:4180} INFO - Setting next_dagrun for tutorial to 2024-10-30T00:00:00+00:00, run_after=2024-10-31T00:00:00+00:00
[2024-10-30T21:23:01.022-0700] {processor.py:208} INFO - Processing /Users/saiprasadreddykolan/Documents/E-commerce_project/venv/lib/python3.10/site-packages/airflow/example_dags/tutorial.py took 0.054 seconds
[2024-10-30T21:24:07.035-0700] {processor.py:186} INFO - Started process (PID=33883) to work on /Users/saiprasadreddykolan/Documents/E-commerce_project/venv/lib/python3.10/site-packages/airflow/example_dags/tutorial.py
[2024-10-30T21:24:07.037-0700] {processor.py:914} INFO - Processing file /Users/saiprasadreddykolan/Documents/E-commerce_project/venv/lib/python3.10/site-packages/airflow/example_dags/tutorial.py for tasks to queue
[2024-10-30T21:24:07.037-0700] {logging_mixin.py:190} INFO - [2024-10-30T21:24:07.037-0700] {dagbag.py:588} INFO - Filling up the DagBag from /Users/saiprasadreddykolan/Documents/E-commerce_project/venv/lib/python3.10/site-packages/airflow/example_dags/tutorial.py
[2024-10-30T21:24:07.040-0700] {processor.py:925} INFO - DAG(s) 'tutorial' retrieved from /Users/saiprasadreddykolan/Documents/E-commerce_project/venv/lib/python3.10/site-packages/airflow/example_dags/tutorial.py
[2024-10-30T21:24:07.079-0700] {logging_mixin.py:190} INFO - [2024-10-30T21:24:07.079-0700] {dag.py:3239} INFO - Sync 1 DAGs
[2024-10-30T21:24:07.085-0700] {logging_mixin.py:190} INFO - [2024-10-30T21:24:07.085-0700] {dag.py:4180} INFO - Setting next_dagrun for tutorial to 2024-10-30T00:00:00+00:00, run_after=2024-10-31T00:00:00+00:00
[2024-10-30T21:24:07.092-0700] {processor.py:208} INFO - Processing /Users/saiprasadreddykolan/Documents/E-commerce_project/venv/lib/python3.10/site-packages/airflow/example_dags/tutorial.py took 0.058 seconds
[2024-10-30T21:25:14.549-0700] {processor.py:186} INFO - Started process (PID=36094) to work on /Users/saiprasadreddykolan/Documents/E-commerce_project/venv/lib/python3.10/site-packages/airflow/example_dags/tutorial.py
[2024-10-30T21:25:14.552-0700] {processor.py:914} INFO - Processing file /Users/saiprasadreddykolan/Documents/E-commerce_project/venv/lib/python3.10/site-packages/airflow/example_dags/tutorial.py for tasks to queue
[2024-10-30T21:25:14.552-0700] {logging_mixin.py:190} INFO - [2024-10-30T21:25:14.552-0700] {dagbag.py:588} INFO - Filling up the DagBag from /Users/saiprasadreddykolan/Documents/E-commerce_project/venv/lib/python3.10/site-packages/airflow/example_dags/tutorial.py
[2024-10-30T21:25:14.557-0700] {processor.py:925} INFO - DAG(s) 'tutorial' retrieved from /Users/saiprasadreddykolan/Documents/E-commerce_project/venv/lib/python3.10/site-packages/airflow/example_dags/tutorial.py
[2024-10-30T21:25:14.593-0700] {logging_mixin.py:190} INFO - [2024-10-30T21:25:14.592-0700] {dag.py:3239} INFO - Sync 1 DAGs
[2024-10-30T21:25:14.598-0700] {logging_mixin.py:190} INFO - [2024-10-30T21:25:14.598-0700] {dag.py:4180} INFO - Setting next_dagrun for tutorial to 2024-10-30T00:00:00+00:00, run_after=2024-10-31T00:00:00+00:00
[2024-10-30T21:25:14.604-0700] {processor.py:208} INFO - Processing /Users/saiprasadreddykolan/Documents/E-commerce_project/venv/lib/python3.10/site-packages/airflow/example_dags/tutorial.py took 0.056 seconds
[2024-10-30T21:26:21.681-0700] {processor.py:186} INFO - Started process (PID=36184) to work on /Users/saiprasadreddykolan/Documents/E-commerce_project/venv/lib/python3.10/site-packages/airflow/example_dags/tutorial.py
[2024-10-30T21:26:21.683-0700] {processor.py:914} INFO - Processing file /Users/saiprasadreddykolan/Documents/E-commerce_project/venv/lib/python3.10/site-packages/airflow/example_dags/tutorial.py for tasks to queue
[2024-10-30T21:26:21.684-0700] {logging_mixin.py:190} INFO - [2024-10-30T21:26:21.684-0700] {dagbag.py:588} INFO - Filling up the DagBag from /Users/saiprasadreddykolan/Documents/E-commerce_project/venv/lib/python3.10/site-packages/airflow/example_dags/tutorial.py
[2024-10-30T21:26:21.688-0700] {processor.py:925} INFO - DAG(s) 'tutorial' retrieved from /Users/saiprasadreddykolan/Documents/E-commerce_project/venv/lib/python3.10/site-packages/airflow/example_dags/tutorial.py
[2024-10-30T21:26:21.724-0700] {logging_mixin.py:190} INFO - [2024-10-30T21:26:21.724-0700] {dag.py:3239} INFO - Sync 1 DAGs
[2024-10-30T21:26:21.730-0700] {logging_mixin.py:190} INFO - [2024-10-30T21:26:21.730-0700] {dag.py:4180} INFO - Setting next_dagrun for tutorial to 2024-10-30T00:00:00+00:00, run_after=2024-10-31T00:00:00+00:00
[2024-10-30T21:26:21.736-0700] {processor.py:208} INFO - Processing /Users/saiprasadreddykolan/Documents/E-commerce_project/venv/lib/python3.10/site-packages/airflow/example_dags/tutorial.py took 0.056 seconds
[2024-10-30T21:27:28.918-0700] {processor.py:186} INFO - Started process (PID=36264) to work on /Users/saiprasadreddykolan/Documents/E-commerce_project/venv/lib/python3.10/site-packages/airflow/example_dags/tutorial.py
[2024-10-30T21:27:28.921-0700] {processor.py:914} INFO - Processing file /Users/saiprasadreddykolan/Documents/E-commerce_project/venv/lib/python3.10/site-packages/airflow/example_dags/tutorial.py for tasks to queue
[2024-10-30T21:27:28.922-0700] {logging_mixin.py:190} INFO - [2024-10-30T21:27:28.922-0700] {dagbag.py:588} INFO - Filling up the DagBag from /Users/saiprasadreddykolan/Documents/E-commerce_project/venv/lib/python3.10/site-packages/airflow/example_dags/tutorial.py
[2024-10-30T21:27:28.927-0700] {processor.py:925} INFO - DAG(s) 'tutorial' retrieved from /Users/saiprasadreddykolan/Documents/E-commerce_project/venv/lib/python3.10/site-packages/airflow/example_dags/tutorial.py
[2024-10-30T21:27:28.966-0700] {logging_mixin.py:190} INFO - [2024-10-30T21:27:28.966-0700] {dag.py:3239} INFO - Sync 1 DAGs
[2024-10-30T21:27:28.972-0700] {logging_mixin.py:190} INFO - [2024-10-30T21:27:28.972-0700] {dag.py:4180} INFO - Setting next_dagrun for tutorial to 2024-10-30T00:00:00+00:00, run_after=2024-10-31T00:00:00+00:00
[2024-10-30T21:27:28.978-0700] {processor.py:208} INFO - Processing /Users/saiprasadreddykolan/Documents/E-commerce_project/venv/lib/python3.10/site-packages/airflow/example_dags/tutorial.py took 0.061 seconds
[2024-10-30T21:28:34.043-0700] {processor.py:186} INFO - Started process (PID=36385) to work on /Users/saiprasadreddykolan/Documents/E-commerce_project/venv/lib/python3.10/site-packages/airflow/example_dags/tutorial.py
[2024-10-30T21:28:34.045-0700] {processor.py:914} INFO - Processing file /Users/saiprasadreddykolan/Documents/E-commerce_project/venv/lib/python3.10/site-packages/airflow/example_dags/tutorial.py for tasks to queue
[2024-10-30T21:28:34.046-0700] {logging_mixin.py:190} INFO - [2024-10-30T21:28:34.046-0700] {dagbag.py:588} INFO - Filling up the DagBag from /Users/saiprasadreddykolan/Documents/E-commerce_project/venv/lib/python3.10/site-packages/airflow/example_dags/tutorial.py
[2024-10-30T21:28:34.051-0700] {processor.py:925} INFO - DAG(s) 'tutorial' retrieved from /Users/saiprasadreddykolan/Documents/E-commerce_project/venv/lib/python3.10/site-packages/airflow/example_dags/tutorial.py
[2024-10-30T21:28:34.088-0700] {logging_mixin.py:190} INFO - [2024-10-30T21:28:34.088-0700] {dag.py:3239} INFO - Sync 1 DAGs
[2024-10-30T21:28:34.094-0700] {logging_mixin.py:190} INFO - [2024-10-30T21:28:34.094-0700] {dag.py:4180} INFO - Setting next_dagrun for tutorial to 2024-10-30T00:00:00+00:00, run_after=2024-10-31T00:00:00+00:00
[2024-10-30T21:28:34.099-0700] {processor.py:208} INFO - Processing /Users/saiprasadreddykolan/Documents/E-commerce_project/venv/lib/python3.10/site-packages/airflow/example_dags/tutorial.py took 0.058 seconds
[2024-10-30T21:29:38.289-0700] {processor.py:186} INFO - Started process (PID=36513) to work on /Users/saiprasadreddykolan/Documents/E-commerce_project/venv/lib/python3.10/site-packages/airflow/example_dags/tutorial.py
[2024-10-30T21:29:38.291-0700] {processor.py:914} INFO - Processing file /Users/saiprasadreddykolan/Documents/E-commerce_project/venv/lib/python3.10/site-packages/airflow/example_dags/tutorial.py for tasks to queue
[2024-10-30T21:29:38.291-0700] {logging_mixin.py:190} INFO - [2024-10-30T21:29:38.291-0700] {dagbag.py:588} INFO - Filling up the DagBag from /Users/saiprasadreddykolan/Documents/E-commerce_project/venv/lib/python3.10/site-packages/airflow/example_dags/tutorial.py
[2024-10-30T21:29:38.294-0700] {processor.py:925} INFO - DAG(s) 'tutorial' retrieved from /Users/saiprasadreddykolan/Documents/E-commerce_project/venv/lib/python3.10/site-packages/airflow/example_dags/tutorial.py
[2024-10-30T21:29:38.329-0700] {logging_mixin.py:190} INFO - [2024-10-30T21:29:38.329-0700] {dag.py:3239} INFO - Sync 1 DAGs
[2024-10-30T21:29:38.335-0700] {logging_mixin.py:190} INFO - [2024-10-30T21:29:38.335-0700] {dag.py:4180} INFO - Setting next_dagrun for tutorial to 2024-10-30T00:00:00+00:00, run_after=2024-10-31T00:00:00+00:00
[2024-10-30T21:29:38.340-0700] {processor.py:208} INFO - Processing /Users/saiprasadreddykolan/Documents/E-commerce_project/venv/lib/python3.10/site-packages/airflow/example_dags/tutorial.py took 0.053 seconds
[2024-10-30T21:30:42.643-0700] {processor.py:186} INFO - Started process (PID=36604) to work on /Users/saiprasadreddykolan/Documents/E-commerce_project/venv/lib/python3.10/site-packages/airflow/example_dags/tutorial.py
[2024-10-30T21:30:42.645-0700] {processor.py:914} INFO - Processing file /Users/saiprasadreddykolan/Documents/E-commerce_project/venv/lib/python3.10/site-packages/airflow/example_dags/tutorial.py for tasks to queue
[2024-10-30T21:30:42.646-0700] {logging_mixin.py:190} INFO - [2024-10-30T21:30:42.645-0700] {dagbag.py:588} INFO - Filling up the DagBag from /Users/saiprasadreddykolan/Documents/E-commerce_project/venv/lib/python3.10/site-packages/airflow/example_dags/tutorial.py
[2024-10-30T21:30:42.650-0700] {processor.py:925} INFO - DAG(s) 'tutorial' retrieved from /Users/saiprasadreddykolan/Documents/E-commerce_project/venv/lib/python3.10/site-packages/airflow/example_dags/tutorial.py
[2024-10-30T21:30:42.686-0700] {logging_mixin.py:190} INFO - [2024-10-30T21:30:42.686-0700] {dag.py:3239} INFO - Sync 1 DAGs
[2024-10-30T21:30:42.692-0700] {logging_mixin.py:190} INFO - [2024-10-30T21:30:42.692-0700] {dag.py:4180} INFO - Setting next_dagrun for tutorial to 2024-10-30T00:00:00+00:00, run_after=2024-10-31T00:00:00+00:00
[2024-10-30T21:30:42.698-0700] {processor.py:208} INFO - Processing /Users/saiprasadreddykolan/Documents/E-commerce_project/venv/lib/python3.10/site-packages/airflow/example_dags/tutorial.py took 0.056 seconds
[2024-10-30T21:31:50.369-0700] {processor.py:186} INFO - Started process (PID=36702) to work on /Users/saiprasadreddykolan/Documents/E-commerce_project/venv/lib/python3.10/site-packages/airflow/example_dags/tutorial.py
[2024-10-30T21:31:50.371-0700] {processor.py:914} INFO - Processing file /Users/saiprasadreddykolan/Documents/E-commerce_project/venv/lib/python3.10/site-packages/airflow/example_dags/tutorial.py for tasks to queue
[2024-10-30T21:31:50.371-0700] {logging_mixin.py:190} INFO - [2024-10-30T21:31:50.371-0700] {dagbag.py:588} INFO - Filling up the DagBag from /Users/saiprasadreddykolan/Documents/E-commerce_project/venv/lib/python3.10/site-packages/airflow/example_dags/tutorial.py
[2024-10-30T21:31:50.374-0700] {processor.py:925} INFO - DAG(s) 'tutorial' retrieved from /Users/saiprasadreddykolan/Documents/E-commerce_project/venv/lib/python3.10/site-packages/airflow/example_dags/tutorial.py
[2024-10-30T21:31:50.409-0700] {logging_mixin.py:190} INFO - [2024-10-30T21:31:50.409-0700] {dag.py:3239} INFO - Sync 1 DAGs
[2024-10-30T21:31:50.415-0700] {logging_mixin.py:190} INFO - [2024-10-30T21:31:50.415-0700] {dag.py:4180} INFO - Setting next_dagrun for tutorial to 2024-10-30T00:00:00+00:00, run_after=2024-10-31T00:00:00+00:00
[2024-10-30T21:31:50.421-0700] {processor.py:208} INFO - Processing /Users/saiprasadreddykolan/Documents/E-commerce_project/venv/lib/python3.10/site-packages/airflow/example_dags/tutorial.py took 0.053 seconds
[2024-10-30T21:33:02.375-0700] {processor.py:186} INFO - Started process (PID=36790) to work on /Users/saiprasadreddykolan/Documents/E-commerce_project/venv/lib/python3.10/site-packages/airflow/example_dags/tutorial.py
[2024-10-30T21:33:02.378-0700] {processor.py:914} INFO - Processing file /Users/saiprasadreddykolan/Documents/E-commerce_project/venv/lib/python3.10/site-packages/airflow/example_dags/tutorial.py for tasks to queue
[2024-10-30T21:33:02.378-0700] {logging_mixin.py:190} INFO - [2024-10-30T21:33:02.378-0700] {dagbag.py:588} INFO - Filling up the DagBag from /Users/saiprasadreddykolan/Documents/E-commerce_project/venv/lib/python3.10/site-packages/airflow/example_dags/tutorial.py
[2024-10-30T21:33:02.382-0700] {processor.py:925} INFO - DAG(s) 'tutorial' retrieved from /Users/saiprasadreddykolan/Documents/E-commerce_project/venv/lib/python3.10/site-packages/airflow/example_dags/tutorial.py
[2024-10-30T21:33:02.417-0700] {logging_mixin.py:190} INFO - [2024-10-30T21:33:02.417-0700] {dag.py:3239} INFO - Sync 1 DAGs
[2024-10-30T21:33:02.422-0700] {logging_mixin.py:190} INFO - [2024-10-30T21:33:02.422-0700] {dag.py:4180} INFO - Setting next_dagrun for tutorial to 2024-10-30T00:00:00+00:00, run_after=2024-10-31T00:00:00+00:00
[2024-10-30T21:33:02.428-0700] {processor.py:208} INFO - Processing /Users/saiprasadreddykolan/Documents/E-commerce_project/venv/lib/python3.10/site-packages/airflow/example_dags/tutorial.py took 0.054 seconds
[2024-10-30T21:34:11.520-0700] {processor.py:186} INFO - Started process (PID=36873) to work on /Users/saiprasadreddykolan/Documents/E-commerce_project/venv/lib/python3.10/site-packages/airflow/example_dags/tutorial.py
[2024-10-30T21:34:11.522-0700] {processor.py:914} INFO - Processing file /Users/saiprasadreddykolan/Documents/E-commerce_project/venv/lib/python3.10/site-packages/airflow/example_dags/tutorial.py for tasks to queue
[2024-10-30T21:34:11.522-0700] {logging_mixin.py:190} INFO - [2024-10-30T21:34:11.522-0700] {dagbag.py:588} INFO - Filling up the DagBag from /Users/saiprasadreddykolan/Documents/E-commerce_project/venv/lib/python3.10/site-packages/airflow/example_dags/tutorial.py
[2024-10-30T21:34:11.526-0700] {processor.py:925} INFO - DAG(s) 'tutorial' retrieved from /Users/saiprasadreddykolan/Documents/E-commerce_project/venv/lib/python3.10/site-packages/airflow/example_dags/tutorial.py
[2024-10-30T21:34:11.562-0700] {logging_mixin.py:190} INFO - [2024-10-30T21:34:11.562-0700] {dag.py:3239} INFO - Sync 1 DAGs
[2024-10-30T21:34:11.569-0700] {logging_mixin.py:190} INFO - [2024-10-30T21:34:11.569-0700] {dag.py:4180} INFO - Setting next_dagrun for tutorial to 2024-10-30T00:00:00+00:00, run_after=2024-10-31T00:00:00+00:00
[2024-10-30T21:34:11.574-0700] {processor.py:208} INFO - Processing /Users/saiprasadreddykolan/Documents/E-commerce_project/venv/lib/python3.10/site-packages/airflow/example_dags/tutorial.py took 0.055 seconds
[2024-10-30T21:35:18.743-0700] {processor.py:186} INFO - Started process (PID=36957) to work on /Users/saiprasadreddykolan/Documents/E-commerce_project/venv/lib/python3.10/site-packages/airflow/example_dags/tutorial.py
[2024-10-30T21:35:18.745-0700] {processor.py:914} INFO - Processing file /Users/saiprasadreddykolan/Documents/E-commerce_project/venv/lib/python3.10/site-packages/airflow/example_dags/tutorial.py for tasks to queue
[2024-10-30T21:35:18.745-0700] {logging_mixin.py:190} INFO - [2024-10-30T21:35:18.745-0700] {dagbag.py:588} INFO - Filling up the DagBag from /Users/saiprasadreddykolan/Documents/E-commerce_project/venv/lib/python3.10/site-packages/airflow/example_dags/tutorial.py
[2024-10-30T21:35:18.748-0700] {processor.py:925} INFO - DAG(s) 'tutorial' retrieved from /Users/saiprasadreddykolan/Documents/E-commerce_project/venv/lib/python3.10/site-packages/airflow/example_dags/tutorial.py
[2024-10-30T21:35:18.783-0700] {logging_mixin.py:190} INFO - [2024-10-30T21:35:18.783-0700] {dag.py:3239} INFO - Sync 1 DAGs
[2024-10-30T21:35:18.788-0700] {logging_mixin.py:190} INFO - [2024-10-30T21:35:18.788-0700] {dag.py:4180} INFO - Setting next_dagrun for tutorial to 2024-10-30T00:00:00+00:00, run_after=2024-10-31T00:00:00+00:00
[2024-10-30T21:35:18.794-0700] {processor.py:208} INFO - Processing /Users/saiprasadreddykolan/Documents/E-commerce_project/venv/lib/python3.10/site-packages/airflow/example_dags/tutorial.py took 0.052 seconds
[2024-10-30T21:36:26.291-0700] {processor.py:186} INFO - Started process (PID=37040) to work on /Users/saiprasadreddykolan/Documents/E-commerce_project/venv/lib/python3.10/site-packages/airflow/example_dags/tutorial.py
[2024-10-30T21:36:26.294-0700] {processor.py:914} INFO - Processing file /Users/saiprasadreddykolan/Documents/E-commerce_project/venv/lib/python3.10/site-packages/airflow/example_dags/tutorial.py for tasks to queue
[2024-10-30T21:36:26.294-0700] {logging_mixin.py:190} INFO - [2024-10-30T21:36:26.294-0700] {dagbag.py:588} INFO - Filling up the DagBag from /Users/saiprasadreddykolan/Documents/E-commerce_project/venv/lib/python3.10/site-packages/airflow/example_dags/tutorial.py
[2024-10-30T21:36:26.297-0700] {processor.py:925} INFO - DAG(s) 'tutorial' retrieved from /Users/saiprasadreddykolan/Documents/E-commerce_project/venv/lib/python3.10/site-packages/airflow/example_dags/tutorial.py
[2024-10-30T21:36:26.332-0700] {logging_mixin.py:190} INFO - [2024-10-30T21:36:26.331-0700] {dag.py:3239} INFO - Sync 1 DAGs
[2024-10-30T21:36:26.337-0700] {logging_mixin.py:190} INFO - [2024-10-30T21:36:26.337-0700] {dag.py:4180} INFO - Setting next_dagrun for tutorial to 2024-10-30T00:00:00+00:00, run_after=2024-10-31T00:00:00+00:00
[2024-10-30T21:36:26.343-0700] {processor.py:208} INFO - Processing /Users/saiprasadreddykolan/Documents/E-commerce_project/venv/lib/python3.10/site-packages/airflow/example_dags/tutorial.py took 0.053 seconds
[2024-10-30T21:37:33.832-0700] {processor.py:186} INFO - Started process (PID=37121) to work on /Users/saiprasadreddykolan/Documents/E-commerce_project/venv/lib/python3.10/site-packages/airflow/example_dags/tutorial.py
[2024-10-30T21:37:33.835-0700] {processor.py:914} INFO - Processing file /Users/saiprasadreddykolan/Documents/E-commerce_project/venv/lib/python3.10/site-packages/airflow/example_dags/tutorial.py for tasks to queue
[2024-10-30T21:37:33.835-0700] {logging_mixin.py:190} INFO - [2024-10-30T21:37:33.835-0700] {dagbag.py:588} INFO - Filling up the DagBag from /Users/saiprasadreddykolan/Documents/E-commerce_project/venv/lib/python3.10/site-packages/airflow/example_dags/tutorial.py
[2024-10-30T21:37:33.845-0700] {processor.py:925} INFO - DAG(s) 'tutorial' retrieved from /Users/saiprasadreddykolan/Documents/E-commerce_project/venv/lib/python3.10/site-packages/airflow/example_dags/tutorial.py
[2024-10-30T21:37:33.885-0700] {logging_mixin.py:190} INFO - [2024-10-30T21:37:33.885-0700] {dag.py:3239} INFO - Sync 1 DAGs
[2024-10-30T21:37:33.892-0700] {logging_mixin.py:190} INFO - [2024-10-30T21:37:33.892-0700] {dag.py:4180} INFO - Setting next_dagrun for tutorial to 2024-10-30T00:00:00+00:00, run_after=2024-10-31T00:00:00+00:00
[2024-10-30T21:37:33.898-0700] {processor.py:208} INFO - Processing /Users/saiprasadreddykolan/Documents/E-commerce_project/venv/lib/python3.10/site-packages/airflow/example_dags/tutorial.py took 0.068 seconds
[2024-10-30T21:38:39.999-0700] {processor.py:186} INFO - Started process (PID=37217) to work on /Users/saiprasadreddykolan/Documents/E-commerce_project/venv/lib/python3.10/site-packages/airflow/example_dags/tutorial.py
[2024-10-30T21:38:40.001-0700] {processor.py:914} INFO - Processing file /Users/saiprasadreddykolan/Documents/E-commerce_project/venv/lib/python3.10/site-packages/airflow/example_dags/tutorial.py for tasks to queue
[2024-10-30T21:38:40.001-0700] {logging_mixin.py:190} INFO - [2024-10-30T21:38:40.001-0700] {dagbag.py:588} INFO - Filling up the DagBag from /Users/saiprasadreddykolan/Documents/E-commerce_project/venv/lib/python3.10/site-packages/airflow/example_dags/tutorial.py
[2024-10-30T21:38:40.005-0700] {processor.py:925} INFO - DAG(s) 'tutorial' retrieved from /Users/saiprasadreddykolan/Documents/E-commerce_project/venv/lib/python3.10/site-packages/airflow/example_dags/tutorial.py
[2024-10-30T21:38:40.040-0700] {logging_mixin.py:190} INFO - [2024-10-30T21:38:40.040-0700] {dag.py:3239} INFO - Sync 1 DAGs
[2024-10-30T21:38:40.045-0700] {logging_mixin.py:190} INFO - [2024-10-30T21:38:40.045-0700] {dag.py:4180} INFO - Setting next_dagrun for tutorial to 2024-10-30T00:00:00+00:00, run_after=2024-10-31T00:00:00+00:00
[2024-10-30T21:38:40.051-0700] {processor.py:208} INFO - Processing /Users/saiprasadreddykolan/Documents/E-commerce_project/venv/lib/python3.10/site-packages/airflow/example_dags/tutorial.py took 0.053 seconds
[2024-10-30T21:39:44.305-0700] {processor.py:186} INFO - Started process (PID=37309) to work on /Users/saiprasadreddykolan/Documents/E-commerce_project/venv/lib/python3.10/site-packages/airflow/example_dags/tutorial.py
[2024-10-30T21:39:44.307-0700] {processor.py:914} INFO - Processing file /Users/saiprasadreddykolan/Documents/E-commerce_project/venv/lib/python3.10/site-packages/airflow/example_dags/tutorial.py for tasks to queue
[2024-10-30T21:39:44.307-0700] {logging_mixin.py:190} INFO - [2024-10-30T21:39:44.307-0700] {dagbag.py:588} INFO - Filling up the DagBag from /Users/saiprasadreddykolan/Documents/E-commerce_project/venv/lib/python3.10/site-packages/airflow/example_dags/tutorial.py
[2024-10-30T21:39:44.310-0700] {processor.py:925} INFO - DAG(s) 'tutorial' retrieved from /Users/saiprasadreddykolan/Documents/E-commerce_project/venv/lib/python3.10/site-packages/airflow/example_dags/tutorial.py
[2024-10-30T21:39:44.345-0700] {logging_mixin.py:190} INFO - [2024-10-30T21:39:44.345-0700] {dag.py:3239} INFO - Sync 1 DAGs
[2024-10-30T21:39:44.350-0700] {logging_mixin.py:190} INFO - [2024-10-30T21:39:44.350-0700] {dag.py:4180} INFO - Setting next_dagrun for tutorial to 2024-10-30T00:00:00+00:00, run_after=2024-10-31T00:00:00+00:00
[2024-10-30T21:39:44.356-0700] {processor.py:208} INFO - Processing /Users/saiprasadreddykolan/Documents/E-commerce_project/venv/lib/python3.10/site-packages/airflow/example_dags/tutorial.py took 0.052 seconds
[2024-10-30T21:40:50.073-0700] {processor.py:186} INFO - Started process (PID=37392) to work on /Users/saiprasadreddykolan/Documents/E-commerce_project/venv/lib/python3.10/site-packages/airflow/example_dags/tutorial.py
[2024-10-30T21:40:50.075-0700] {processor.py:914} INFO - Processing file /Users/saiprasadreddykolan/Documents/E-commerce_project/venv/lib/python3.10/site-packages/airflow/example_dags/tutorial.py for tasks to queue
[2024-10-30T21:40:50.075-0700] {logging_mixin.py:190} INFO - [2024-10-30T21:40:50.075-0700] {dagbag.py:588} INFO - Filling up the DagBag from /Users/saiprasadreddykolan/Documents/E-commerce_project/venv/lib/python3.10/site-packages/airflow/example_dags/tutorial.py
[2024-10-30T21:40:50.078-0700] {processor.py:925} INFO - DAG(s) 'tutorial' retrieved from /Users/saiprasadreddykolan/Documents/E-commerce_project/venv/lib/python3.10/site-packages/airflow/example_dags/tutorial.py
[2024-10-30T21:40:50.112-0700] {logging_mixin.py:190} INFO - [2024-10-30T21:40:50.112-0700] {dag.py:3239} INFO - Sync 1 DAGs
[2024-10-30T21:40:50.118-0700] {logging_mixin.py:190} INFO - [2024-10-30T21:40:50.118-0700] {dag.py:4180} INFO - Setting next_dagrun for tutorial to 2024-10-30T00:00:00+00:00, run_after=2024-10-31T00:00:00+00:00
[2024-10-30T21:40:50.123-0700] {processor.py:208} INFO - Processing /Users/saiprasadreddykolan/Documents/E-commerce_project/venv/lib/python3.10/site-packages/airflow/example_dags/tutorial.py took 0.051 seconds
[2024-10-30T21:41:55.914-0700] {processor.py:186} INFO - Started process (PID=37470) to work on /Users/saiprasadreddykolan/Documents/E-commerce_project/venv/lib/python3.10/site-packages/airflow/example_dags/tutorial.py
[2024-10-30T21:41:55.916-0700] {processor.py:914} INFO - Processing file /Users/saiprasadreddykolan/Documents/E-commerce_project/venv/lib/python3.10/site-packages/airflow/example_dags/tutorial.py for tasks to queue
[2024-10-30T21:41:55.917-0700] {logging_mixin.py:190} INFO - [2024-10-30T21:41:55.916-0700] {dagbag.py:588} INFO - Filling up the DagBag from /Users/saiprasadreddykolan/Documents/E-commerce_project/venv/lib/python3.10/site-packages/airflow/example_dags/tutorial.py
[2024-10-30T21:41:55.920-0700] {processor.py:925} INFO - DAG(s) 'tutorial' retrieved from /Users/saiprasadreddykolan/Documents/E-commerce_project/venv/lib/python3.10/site-packages/airflow/example_dags/tutorial.py
[2024-10-30T21:41:55.954-0700] {logging_mixin.py:190} INFO - [2024-10-30T21:41:55.954-0700] {dag.py:3239} INFO - Sync 1 DAGs
[2024-10-30T21:41:55.960-0700] {logging_mixin.py:190} INFO - [2024-10-30T21:41:55.960-0700] {dag.py:4180} INFO - Setting next_dagrun for tutorial to 2024-10-30T00:00:00+00:00, run_after=2024-10-31T00:00:00+00:00
[2024-10-30T21:41:55.965-0700] {processor.py:208} INFO - Processing /Users/saiprasadreddykolan/Documents/E-commerce_project/venv/lib/python3.10/site-packages/airflow/example_dags/tutorial.py took 0.053 seconds
[2024-10-30T22:15:47.662-0700] {processor.py:186} INFO - Started process (PID=37669) to work on /Users/saiprasadreddykolan/Documents/E-commerce_project/venv/lib/python3.10/site-packages/airflow/example_dags/tutorial.py
[2024-10-30T22:15:47.664-0700] {processor.py:914} INFO - Processing file /Users/saiprasadreddykolan/Documents/E-commerce_project/venv/lib/python3.10/site-packages/airflow/example_dags/tutorial.py for tasks to queue
[2024-10-30T22:15:47.665-0700] {logging_mixin.py:190} INFO - [2024-10-30T22:15:47.665-0700] {dagbag.py:588} INFO - Filling up the DagBag from /Users/saiprasadreddykolan/Documents/E-commerce_project/venv/lib/python3.10/site-packages/airflow/example_dags/tutorial.py
[2024-10-30T22:15:47.668-0700] {processor.py:925} INFO - DAG(s) 'tutorial' retrieved from /Users/saiprasadreddykolan/Documents/E-commerce_project/venv/lib/python3.10/site-packages/airflow/example_dags/tutorial.py
[2024-10-30T22:15:47.701-0700] {logging_mixin.py:190} INFO - [2024-10-30T22:15:47.701-0700] {dag.py:3239} INFO - Sync 1 DAGs
[2024-10-30T22:15:47.707-0700] {logging_mixin.py:190} INFO - [2024-10-30T22:15:47.707-0700] {dag.py:4180} INFO - Setting next_dagrun for tutorial to 2024-10-30T00:00:00+00:00, run_after=2024-10-31T00:00:00+00:00
[2024-10-30T22:15:47.712-0700] {processor.py:208} INFO - Processing /Users/saiprasadreddykolan/Documents/E-commerce_project/venv/lib/python3.10/site-packages/airflow/example_dags/tutorial.py took 0.052 seconds
[2024-10-30T23:43:48.522-0700] {processor.py:186} INFO - Started process (PID=37857) to work on /Users/saiprasadreddykolan/Documents/E-commerce_project/venv/lib/python3.10/site-packages/airflow/example_dags/tutorial.py
[2024-10-30T23:43:48.525-0700] {processor.py:914} INFO - Processing file /Users/saiprasadreddykolan/Documents/E-commerce_project/venv/lib/python3.10/site-packages/airflow/example_dags/tutorial.py for tasks to queue
[2024-10-30T23:43:48.525-0700] {logging_mixin.py:190} INFO - [2024-10-30T23:43:48.525-0700] {dagbag.py:588} INFO - Filling up the DagBag from /Users/saiprasadreddykolan/Documents/E-commerce_project/venv/lib/python3.10/site-packages/airflow/example_dags/tutorial.py
[2024-10-30T23:43:48.529-0700] {processor.py:925} INFO - DAG(s) 'tutorial' retrieved from /Users/saiprasadreddykolan/Documents/E-commerce_project/venv/lib/python3.10/site-packages/airflow/example_dags/tutorial.py
[2024-10-30T23:43:48.565-0700] {logging_mixin.py:190} INFO - [2024-10-30T23:43:48.565-0700] {dag.py:3239} INFO - Sync 1 DAGs
[2024-10-30T23:43:48.571-0700] {logging_mixin.py:190} INFO - [2024-10-30T23:43:48.571-0700] {dag.py:4180} INFO - Setting next_dagrun for tutorial to 2024-10-30T00:00:00+00:00, run_after=2024-10-31T00:00:00+00:00
[2024-10-30T23:43:48.577-0700] {processor.py:208} INFO - Processing /Users/saiprasadreddykolan/Documents/E-commerce_project/venv/lib/python3.10/site-packages/airflow/example_dags/tutorial.py took 0.056 seconds
[2024-10-31T00:44:35.880-0700] {processor.py:186} INFO - Started process (PID=38043) to work on /Users/saiprasadreddykolan/Documents/E-commerce_project/venv/lib/python3.10/site-packages/airflow/example_dags/tutorial.py
[2024-10-31T00:44:35.884-0700] {processor.py:914} INFO - Processing file /Users/saiprasadreddykolan/Documents/E-commerce_project/venv/lib/python3.10/site-packages/airflow/example_dags/tutorial.py for tasks to queue
[2024-10-31T00:44:35.884-0700] {logging_mixin.py:190} INFO - [2024-10-31T00:44:35.884-0700] {dagbag.py:588} INFO - Filling up the DagBag from /Users/saiprasadreddykolan/Documents/E-commerce_project/venv/lib/python3.10/site-packages/airflow/example_dags/tutorial.py
[2024-10-31T00:44:35.887-0700] {processor.py:925} INFO - DAG(s) 'tutorial' retrieved from /Users/saiprasadreddykolan/Documents/E-commerce_project/venv/lib/python3.10/site-packages/airflow/example_dags/tutorial.py
[2024-10-31T00:44:35.920-0700] {logging_mixin.py:190} INFO - [2024-10-31T00:44:35.920-0700] {dag.py:3239} INFO - Sync 1 DAGs
[2024-10-31T00:44:35.925-0700] {logging_mixin.py:190} INFO - [2024-10-31T00:44:35.925-0700] {dag.py:4180} INFO - Setting next_dagrun for tutorial to 2024-10-30T00:00:00+00:00, run_after=2024-10-31T00:00:00+00:00
[2024-10-31T00:44:35.931-0700] {processor.py:208} INFO - Processing /Users/saiprasadreddykolan/Documents/E-commerce_project/venv/lib/python3.10/site-packages/airflow/example_dags/tutorial.py took 0.052 seconds
[2024-10-31T01:32:53.298-0700] {processor.py:186} INFO - Started process (PID=38166) to work on /Users/saiprasadreddykolan/Documents/E-commerce_project/venv/lib/python3.10/site-packages/airflow/example_dags/tutorial.py
[2024-10-31T01:32:53.299-0700] {processor.py:914} INFO - Processing file /Users/saiprasadreddykolan/Documents/E-commerce_project/venv/lib/python3.10/site-packages/airflow/example_dags/tutorial.py for tasks to queue
[2024-10-31T01:32:53.300-0700] {logging_mixin.py:190} INFO - [2024-10-31T01:32:53.300-0700] {dagbag.py:588} INFO - Filling up the DagBag from /Users/saiprasadreddykolan/Documents/E-commerce_project/venv/lib/python3.10/site-packages/airflow/example_dags/tutorial.py
[2024-10-31T01:32:53.303-0700] {processor.py:925} INFO - DAG(s) 'tutorial' retrieved from /Users/saiprasadreddykolan/Documents/E-commerce_project/venv/lib/python3.10/site-packages/airflow/example_dags/tutorial.py
[2024-10-31T01:32:53.337-0700] {logging_mixin.py:190} INFO - [2024-10-31T01:32:53.337-0700] {dag.py:3239} INFO - Sync 1 DAGs
[2024-10-31T01:32:53.343-0700] {logging_mixin.py:190} INFO - [2024-10-31T01:32:53.343-0700] {dag.py:4180} INFO - Setting next_dagrun for tutorial to 2024-10-30T00:00:00+00:00, run_after=2024-10-31T00:00:00+00:00
[2024-10-31T01:32:53.348-0700] {processor.py:208} INFO - Processing /Users/saiprasadreddykolan/Documents/E-commerce_project/venv/lib/python3.10/site-packages/airflow/example_dags/tutorial.py took 0.052 seconds
[2024-10-31T02:25:38.819-0700] {processor.py:186} INFO - Started process (PID=38297) to work on /Users/saiprasadreddykolan/Documents/E-commerce_project/venv/lib/python3.10/site-packages/airflow/example_dags/tutorial.py
[2024-10-31T02:25:38.823-0700] {processor.py:914} INFO - Processing file /Users/saiprasadreddykolan/Documents/E-commerce_project/venv/lib/python3.10/site-packages/airflow/example_dags/tutorial.py for tasks to queue
[2024-10-31T02:25:38.824-0700] {logging_mixin.py:190} INFO - [2024-10-31T02:25:38.824-0700] {dagbag.py:588} INFO - Filling up the DagBag from /Users/saiprasadreddykolan/Documents/E-commerce_project/venv/lib/python3.10/site-packages/airflow/example_dags/tutorial.py
[2024-10-31T02:25:38.828-0700] {processor.py:925} INFO - DAG(s) 'tutorial' retrieved from /Users/saiprasadreddykolan/Documents/E-commerce_project/venv/lib/python3.10/site-packages/airflow/example_dags/tutorial.py
[2024-10-31T02:25:38.862-0700] {logging_mixin.py:190} INFO - [2024-10-31T02:25:38.862-0700] {dag.py:3239} INFO - Sync 1 DAGs
[2024-10-31T02:25:38.867-0700] {logging_mixin.py:190} INFO - [2024-10-31T02:25:38.867-0700] {dag.py:4180} INFO - Setting next_dagrun for tutorial to 2024-10-30T00:00:00+00:00, run_after=2024-10-31T00:00:00+00:00
[2024-10-31T02:25:38.873-0700] {processor.py:208} INFO - Processing /Users/saiprasadreddykolan/Documents/E-commerce_project/venv/lib/python3.10/site-packages/airflow/example_dags/tutorial.py took 0.055 seconds
[2024-10-31T03:33:00.902-0700] {processor.py:186} INFO - Started process (PID=38414) to work on /Users/saiprasadreddykolan/Documents/E-commerce_project/venv/lib/python3.10/site-packages/airflow/example_dags/tutorial.py
[2024-10-31T03:33:00.904-0700] {processor.py:914} INFO - Processing file /Users/saiprasadreddykolan/Documents/E-commerce_project/venv/lib/python3.10/site-packages/airflow/example_dags/tutorial.py for tasks to queue
[2024-10-31T03:33:00.904-0700] {logging_mixin.py:190} INFO - [2024-10-31T03:33:00.904-0700] {dagbag.py:588} INFO - Filling up the DagBag from /Users/saiprasadreddykolan/Documents/E-commerce_project/venv/lib/python3.10/site-packages/airflow/example_dags/tutorial.py
[2024-10-31T03:33:00.907-0700] {processor.py:925} INFO - DAG(s) 'tutorial' retrieved from /Users/saiprasadreddykolan/Documents/E-commerce_project/venv/lib/python3.10/site-packages/airflow/example_dags/tutorial.py
[2024-10-31T03:33:00.942-0700] {logging_mixin.py:190} INFO - [2024-10-31T03:33:00.942-0700] {dag.py:3239} INFO - Sync 1 DAGs
[2024-10-31T03:33:00.948-0700] {logging_mixin.py:190} INFO - [2024-10-31T03:33:00.948-0700] {dag.py:4180} INFO - Setting next_dagrun for tutorial to 2024-10-30T00:00:00+00:00, run_after=2024-10-31T00:00:00+00:00
[2024-10-31T03:33:00.954-0700] {processor.py:208} INFO - Processing /Users/saiprasadreddykolan/Documents/E-commerce_project/venv/lib/python3.10/site-packages/airflow/example_dags/tutorial.py took 0.053 seconds
[2024-10-31T05:34:56.220-0700] {processor.py:186} INFO - Started process (PID=38731) to work on /Users/saiprasadreddykolan/Documents/E-commerce_project/venv/lib/python3.10/site-packages/airflow/example_dags/tutorial.py
[2024-10-31T05:34:56.222-0700] {processor.py:914} INFO - Processing file /Users/saiprasadreddykolan/Documents/E-commerce_project/venv/lib/python3.10/site-packages/airflow/example_dags/tutorial.py for tasks to queue
[2024-10-31T05:34:56.223-0700] {logging_mixin.py:190} INFO - [2024-10-31T05:34:56.223-0700] {dagbag.py:588} INFO - Filling up the DagBag from /Users/saiprasadreddykolan/Documents/E-commerce_project/venv/lib/python3.10/site-packages/airflow/example_dags/tutorial.py
[2024-10-31T05:34:56.226-0700] {processor.py:925} INFO - DAG(s) 'tutorial' retrieved from /Users/saiprasadreddykolan/Documents/E-commerce_project/venv/lib/python3.10/site-packages/airflow/example_dags/tutorial.py
[2024-10-31T05:34:56.259-0700] {logging_mixin.py:190} INFO - [2024-10-31T05:34:56.259-0700] {dag.py:3239} INFO - Sync 1 DAGs
[2024-10-31T05:34:56.265-0700] {logging_mixin.py:190} INFO - [2024-10-31T05:34:56.265-0700] {dag.py:4180} INFO - Setting next_dagrun for tutorial to 2024-10-30T00:00:00+00:00, run_after=2024-10-31T00:00:00+00:00
[2024-10-31T05:34:56.271-0700] {processor.py:208} INFO - Processing /Users/saiprasadreddykolan/Documents/E-commerce_project/venv/lib/python3.10/site-packages/airflow/example_dags/tutorial.py took 0.052 seconds
[2024-10-31T06:10:05.035-0700] {processor.py:186} INFO - Started process (PID=38882) to work on /Users/saiprasadreddykolan/Documents/E-commerce_project/venv/lib/python3.10/site-packages/airflow/example_dags/tutorial.py
[2024-10-31T06:10:05.037-0700] {processor.py:914} INFO - Processing file /Users/saiprasadreddykolan/Documents/E-commerce_project/venv/lib/python3.10/site-packages/airflow/example_dags/tutorial.py for tasks to queue
[2024-10-31T06:10:05.037-0700] {logging_mixin.py:190} INFO - [2024-10-31T06:10:05.037-0700] {dagbag.py:588} INFO - Filling up the DagBag from /Users/saiprasadreddykolan/Documents/E-commerce_project/venv/lib/python3.10/site-packages/airflow/example_dags/tutorial.py
[2024-10-31T06:10:05.040-0700] {processor.py:925} INFO - DAG(s) 'tutorial' retrieved from /Users/saiprasadreddykolan/Documents/E-commerce_project/venv/lib/python3.10/site-packages/airflow/example_dags/tutorial.py
[2024-10-31T06:10:05.075-0700] {logging_mixin.py:190} INFO - [2024-10-31T06:10:05.075-0700] {dag.py:3239} INFO - Sync 1 DAGs
[2024-10-31T06:10:05.081-0700] {logging_mixin.py:190} INFO - [2024-10-31T06:10:05.081-0700] {dag.py:4180} INFO - Setting next_dagrun for tutorial to 2024-10-30T00:00:00+00:00, run_after=2024-10-31T00:00:00+00:00
[2024-10-31T06:10:05.087-0700] {processor.py:208} INFO - Processing /Users/saiprasadreddykolan/Documents/E-commerce_project/venv/lib/python3.10/site-packages/airflow/example_dags/tutorial.py took 0.053 seconds
[2024-10-31T07:00:08.684-0700] {processor.py:186} INFO - Started process (PID=39018) to work on /Users/saiprasadreddykolan/Documents/E-commerce_project/venv/lib/python3.10/site-packages/airflow/example_dags/tutorial.py
[2024-10-31T07:00:08.686-0700] {processor.py:914} INFO - Processing file /Users/saiprasadreddykolan/Documents/E-commerce_project/venv/lib/python3.10/site-packages/airflow/example_dags/tutorial.py for tasks to queue
[2024-10-31T07:00:08.686-0700] {logging_mixin.py:190} INFO - [2024-10-31T07:00:08.686-0700] {dagbag.py:588} INFO - Filling up the DagBag from /Users/saiprasadreddykolan/Documents/E-commerce_project/venv/lib/python3.10/site-packages/airflow/example_dags/tutorial.py
[2024-10-31T07:00:08.690-0700] {processor.py:925} INFO - DAG(s) 'tutorial' retrieved from /Users/saiprasadreddykolan/Documents/E-commerce_project/venv/lib/python3.10/site-packages/airflow/example_dags/tutorial.py
[2024-10-31T07:00:08.723-0700] {logging_mixin.py:190} INFO - [2024-10-31T07:00:08.723-0700] {dag.py:3239} INFO - Sync 1 DAGs
[2024-10-31T07:00:08.728-0700] {logging_mixin.py:190} INFO - [2024-10-31T07:00:08.728-0700] {dag.py:4180} INFO - Setting next_dagrun for tutorial to 2024-10-30T00:00:00+00:00, run_after=2024-10-31T00:00:00+00:00
[2024-10-31T07:00:08.734-0700] {processor.py:208} INFO - Processing /Users/saiprasadreddykolan/Documents/E-commerce_project/venv/lib/python3.10/site-packages/airflow/example_dags/tutorial.py took 0.051 seconds
[2024-10-31T07:16:45.062-0700] {processor.py:186} INFO - Started process (PID=39123) to work on /Users/saiprasadreddykolan/Documents/E-commerce_project/venv/lib/python3.10/site-packages/airflow/example_dags/tutorial.py
[2024-10-31T07:16:45.064-0700] {processor.py:914} INFO - Processing file /Users/saiprasadreddykolan/Documents/E-commerce_project/venv/lib/python3.10/site-packages/airflow/example_dags/tutorial.py for tasks to queue
[2024-10-31T07:16:45.065-0700] {logging_mixin.py:190} INFO - [2024-10-31T07:16:45.065-0700] {dagbag.py:588} INFO - Filling up the DagBag from /Users/saiprasadreddykolan/Documents/E-commerce_project/venv/lib/python3.10/site-packages/airflow/example_dags/tutorial.py
[2024-10-31T07:16:45.069-0700] {processor.py:925} INFO - DAG(s) 'tutorial' retrieved from /Users/saiprasadreddykolan/Documents/E-commerce_project/venv/lib/python3.10/site-packages/airflow/example_dags/tutorial.py
[2024-10-31T07:16:45.103-0700] {logging_mixin.py:190} INFO - [2024-10-31T07:16:45.103-0700] {dag.py:3239} INFO - Sync 1 DAGs
[2024-10-31T07:16:45.108-0700] {logging_mixin.py:190} INFO - [2024-10-31T07:16:45.108-0700] {dag.py:4180} INFO - Setting next_dagrun for tutorial to 2024-10-30T00:00:00+00:00, run_after=2024-10-31T00:00:00+00:00
[2024-10-31T07:16:45.113-0700] {processor.py:208} INFO - Processing /Users/saiprasadreddykolan/Documents/E-commerce_project/venv/lib/python3.10/site-packages/airflow/example_dags/tutorial.py took 0.052 seconds
[2024-10-31T07:59:06.698-0700] {processor.py:186} INFO - Started process (PID=39244) to work on /Users/saiprasadreddykolan/Documents/E-commerce_project/venv/lib/python3.10/site-packages/airflow/example_dags/tutorial.py
[2024-10-31T07:59:06.701-0700] {processor.py:914} INFO - Processing file /Users/saiprasadreddykolan/Documents/E-commerce_project/venv/lib/python3.10/site-packages/airflow/example_dags/tutorial.py for tasks to queue
[2024-10-31T07:59:06.701-0700] {logging_mixin.py:190} INFO - [2024-10-31T07:59:06.701-0700] {dagbag.py:588} INFO - Filling up the DagBag from /Users/saiprasadreddykolan/Documents/E-commerce_project/venv/lib/python3.10/site-packages/airflow/example_dags/tutorial.py
[2024-10-31T07:59:06.704-0700] {processor.py:925} INFO - DAG(s) 'tutorial' retrieved from /Users/saiprasadreddykolan/Documents/E-commerce_project/venv/lib/python3.10/site-packages/airflow/example_dags/tutorial.py
[2024-10-31T07:59:06.738-0700] {logging_mixin.py:190} INFO - [2024-10-31T07:59:06.737-0700] {dag.py:3239} INFO - Sync 1 DAGs
[2024-10-31T07:59:06.743-0700] {logging_mixin.py:190} INFO - [2024-10-31T07:59:06.743-0700] {dag.py:4180} INFO - Setting next_dagrun for tutorial to 2024-10-30T00:00:00+00:00, run_after=2024-10-31T00:00:00+00:00
[2024-10-31T07:59:06.748-0700] {processor.py:208} INFO - Processing /Users/saiprasadreddykolan/Documents/E-commerce_project/venv/lib/python3.10/site-packages/airflow/example_dags/tutorial.py took 0.051 seconds
[2024-10-31T09:00:42.397-0700] {processor.py:186} INFO - Started process (PID=39391) to work on /Users/saiprasadreddykolan/Documents/E-commerce_project/venv/lib/python3.10/site-packages/airflow/example_dags/tutorial.py
[2024-10-31T09:00:42.399-0700] {processor.py:914} INFO - Processing file /Users/saiprasadreddykolan/Documents/E-commerce_project/venv/lib/python3.10/site-packages/airflow/example_dags/tutorial.py for tasks to queue
[2024-10-31T09:00:42.400-0700] {logging_mixin.py:190} INFO - [2024-10-31T09:00:42.400-0700] {dagbag.py:588} INFO - Filling up the DagBag from /Users/saiprasadreddykolan/Documents/E-commerce_project/venv/lib/python3.10/site-packages/airflow/example_dags/tutorial.py
[2024-10-31T09:00:42.404-0700] {processor.py:925} INFO - DAG(s) 'tutorial' retrieved from /Users/saiprasadreddykolan/Documents/E-commerce_project/venv/lib/python3.10/site-packages/airflow/example_dags/tutorial.py
[2024-10-31T09:00:42.439-0700] {logging_mixin.py:190} INFO - [2024-10-31T09:00:42.439-0700] {dag.py:3239} INFO - Sync 1 DAGs
[2024-10-31T09:00:42.444-0700] {logging_mixin.py:190} INFO - [2024-10-31T09:00:42.444-0700] {dag.py:4180} INFO - Setting next_dagrun for tutorial to 2024-10-30T00:00:00+00:00, run_after=2024-10-31T00:00:00+00:00
[2024-10-31T09:00:42.450-0700] {processor.py:208} INFO - Processing /Users/saiprasadreddykolan/Documents/E-commerce_project/venv/lib/python3.10/site-packages/airflow/example_dags/tutorial.py took 0.054 seconds
[2024-10-31T09:21:31.886-0700] {processor.py:186} INFO - Started process (PID=39501) to work on /Users/saiprasadreddykolan/Documents/E-commerce_project/venv/lib/python3.10/site-packages/airflow/example_dags/tutorial.py
[2024-10-31T09:21:31.889-0700] {processor.py:914} INFO - Processing file /Users/saiprasadreddykolan/Documents/E-commerce_project/venv/lib/python3.10/site-packages/airflow/example_dags/tutorial.py for tasks to queue
[2024-10-31T09:21:31.889-0700] {logging_mixin.py:190} INFO - [2024-10-31T09:21:31.889-0700] {dagbag.py:588} INFO - Filling up the DagBag from /Users/saiprasadreddykolan/Documents/E-commerce_project/venv/lib/python3.10/site-packages/airflow/example_dags/tutorial.py
[2024-10-31T09:21:31.892-0700] {processor.py:925} INFO - DAG(s) 'tutorial' retrieved from /Users/saiprasadreddykolan/Documents/E-commerce_project/venv/lib/python3.10/site-packages/airflow/example_dags/tutorial.py
[2024-10-31T09:21:31.926-0700] {logging_mixin.py:190} INFO - [2024-10-31T09:21:31.925-0700] {dag.py:3239} INFO - Sync 1 DAGs
[2024-10-31T09:21:31.931-0700] {logging_mixin.py:190} INFO - [2024-10-31T09:21:31.931-0700] {dag.py:4180} INFO - Setting next_dagrun for tutorial to 2024-10-30T00:00:00+00:00, run_after=2024-10-31T00:00:00+00:00
[2024-10-31T09:21:31.938-0700] {processor.py:208} INFO - Processing /Users/saiprasadreddykolan/Documents/E-commerce_project/venv/lib/python3.10/site-packages/airflow/example_dags/tutorial.py took 0.053 seconds
[2024-10-31T09:23:03.736-0700] {processor.py:186} INFO - Started process (PID=39587) to work on /Users/saiprasadreddykolan/Documents/E-commerce_project/venv/lib/python3.10/site-packages/airflow/example_dags/tutorial.py
[2024-10-31T09:23:03.739-0700] {processor.py:914} INFO - Processing file /Users/saiprasadreddykolan/Documents/E-commerce_project/venv/lib/python3.10/site-packages/airflow/example_dags/tutorial.py for tasks to queue
[2024-10-31T09:23:03.739-0700] {logging_mixin.py:190} INFO - [2024-10-31T09:23:03.739-0700] {dagbag.py:588} INFO - Filling up the DagBag from /Users/saiprasadreddykolan/Documents/E-commerce_project/venv/lib/python3.10/site-packages/airflow/example_dags/tutorial.py
[2024-10-31T09:23:03.743-0700] {processor.py:925} INFO - DAG(s) 'tutorial' retrieved from /Users/saiprasadreddykolan/Documents/E-commerce_project/venv/lib/python3.10/site-packages/airflow/example_dags/tutorial.py
[2024-10-31T09:23:03.779-0700] {logging_mixin.py:190} INFO - [2024-10-31T09:23:03.779-0700] {dag.py:3239} INFO - Sync 1 DAGs
[2024-10-31T09:23:03.786-0700] {logging_mixin.py:190} INFO - [2024-10-31T09:23:03.786-0700] {dag.py:4180} INFO - Setting next_dagrun for tutorial to 2024-10-30T00:00:00+00:00, run_after=2024-10-31T00:00:00+00:00
[2024-10-31T09:23:03.791-0700] {processor.py:208} INFO - Processing /Users/saiprasadreddykolan/Documents/E-commerce_project/venv/lib/python3.10/site-packages/airflow/example_dags/tutorial.py took 0.056 seconds
