[2024-10-30T18:22:07.051-0700] {processor.py:186} INFO - Started process (PID=7066) to work on /opt/anaconda3/lib/python3.12/site-packages/airflow/example_dags/tutorial_taskflow_api.py
[2024-10-30T18:22:07.051-0700] {processor.py:914} INFO - Processing file /opt/anaconda3/lib/python3.12/site-packages/airflow/example_dags/tutorial_taskflow_api.py for tasks to queue
[2024-10-30T18:22:07.051-0700] {logging_mixin.py:190} INFO - [2024-10-30T18:22:07.051-0700] {dagbag.py:588} INFO - Filling up the DagBag from /opt/anaconda3/lib/python3.12/site-packages/airflow/example_dags/tutorial_taskflow_api.py
[2024-10-30T18:22:07.067-0700] {processor.py:925} INFO - DAG(s) 'tutorial_taskflow_api' retrieved from /opt/anaconda3/lib/python3.12/site-packages/airflow/example_dags/tutorial_taskflow_api.py
[2024-10-30T18:22:07.098-0700] {logging_mixin.py:190} INFO - [2024-10-30T18:22:07.098-0700] {dag.py:3239} INFO - Sync 1 DAGs
[2024-10-30T18:22:07.101-0700] {logging_mixin.py:190} INFO - [2024-10-30T18:22:07.101-0700] {dag.py:4180} INFO - Setting next_dagrun for tutorial_taskflow_api to None, run_after=None
[2024-10-30T18:22:07.107-0700] {processor.py:208} INFO - Processing /opt/anaconda3/lib/python3.12/site-packages/airflow/example_dags/tutorial_taskflow_api.py took 0.058 seconds
[2024-10-30T19:25:21.052-0700] {processor.py:186} INFO - Started process (PID=7216) to work on /opt/anaconda3/lib/python3.12/site-packages/airflow/example_dags/tutorial_taskflow_api.py
[2024-10-30T19:25:21.053-0700] {processor.py:914} INFO - Processing file /opt/anaconda3/lib/python3.12/site-packages/airflow/example_dags/tutorial_taskflow_api.py for tasks to queue
[2024-10-30T19:25:21.053-0700] {logging_mixin.py:190} INFO - [2024-10-30T19:25:21.053-0700] {dagbag.py:588} INFO - Filling up the DagBag from /opt/anaconda3/lib/python3.12/site-packages/airflow/example_dags/tutorial_taskflow_api.py
[2024-10-30T19:25:21.066-0700] {processor.py:925} INFO - DAG(s) 'tutorial_taskflow_api' retrieved from /opt/anaconda3/lib/python3.12/site-packages/airflow/example_dags/tutorial_taskflow_api.py
[2024-10-30T19:25:21.094-0700] {logging_mixin.py:190} INFO - [2024-10-30T19:25:21.094-0700] {dag.py:3239} INFO - Sync 1 DAGs
[2024-10-30T19:25:21.098-0700] {logging_mixin.py:190} INFO - [2024-10-30T19:25:21.097-0700] {dag.py:4180} INFO - Setting next_dagrun for tutorial_taskflow_api to None, run_after=None
[2024-10-30T19:25:21.103-0700] {processor.py:208} INFO - Processing /opt/anaconda3/lib/python3.12/site-packages/airflow/example_dags/tutorial_taskflow_api.py took 0.052 seconds
[2024-10-30T20:59:05.713-0700] {processor.py:186} INFO - Started process (PID=9463) to work on /Users/saiprasadreddykolan/Documents/E-commerce_project/venv/lib/python3.10/site-packages/airflow/example_dags/tutorial_taskflow_api.py
[2024-10-30T20:59:05.715-0700] {processor.py:914} INFO - Processing file /Users/saiprasadreddykolan/Documents/E-commerce_project/venv/lib/python3.10/site-packages/airflow/example_dags/tutorial_taskflow_api.py for tasks to queue
[2024-10-30T20:59:05.716-0700] {logging_mixin.py:190} INFO - [2024-10-30T20:59:05.716-0700] {dagbag.py:588} INFO - Filling up the DagBag from /Users/saiprasadreddykolan/Documents/E-commerce_project/venv/lib/python3.10/site-packages/airflow/example_dags/tutorial_taskflow_api.py
[2024-10-30T20:59:05.732-0700] {processor.py:925} INFO - DAG(s) 'tutorial_taskflow_api' retrieved from /Users/saiprasadreddykolan/Documents/E-commerce_project/venv/lib/python3.10/site-packages/airflow/example_dags/tutorial_taskflow_api.py
[2024-10-30T20:59:05.809-0700] {logging_mixin.py:190} INFO - [2024-10-30T20:59:05.808-0700] {dag.py:3239} INFO - Sync 1 DAGs
[2024-10-30T20:59:05.812-0700] {logging_mixin.py:190} INFO - [2024-10-30T20:59:05.812-0700] {dag.py:4180} INFO - Setting next_dagrun for tutorial_taskflow_api to None, run_after=None
[2024-10-30T20:59:05.820-0700] {processor.py:208} INFO - Processing /Users/saiprasadreddykolan/Documents/E-commerce_project/venv/lib/python3.10/site-packages/airflow/example_dags/tutorial_taskflow_api.py took 0.109 seconds
[2024-10-30T21:00:45.297-0700] {processor.py:186} INFO - Started process (PID=9587) to work on /Users/saiprasadreddykolan/Documents/E-commerce_project/venv/lib/python3.10/site-packages/airflow/example_dags/tutorial_taskflow_api.py
[2024-10-30T21:00:45.299-0700] {processor.py:914} INFO - Processing file /Users/saiprasadreddykolan/Documents/E-commerce_project/venv/lib/python3.10/site-packages/airflow/example_dags/tutorial_taskflow_api.py for tasks to queue
[2024-10-30T21:00:45.300-0700] {logging_mixin.py:190} INFO - [2024-10-30T21:00:45.300-0700] {dagbag.py:588} INFO - Filling up the DagBag from /Users/saiprasadreddykolan/Documents/E-commerce_project/venv/lib/python3.10/site-packages/airflow/example_dags/tutorial_taskflow_api.py
[2024-10-30T21:00:45.314-0700] {processor.py:925} INFO - DAG(s) 'tutorial_taskflow_api' retrieved from /Users/saiprasadreddykolan/Documents/E-commerce_project/venv/lib/python3.10/site-packages/airflow/example_dags/tutorial_taskflow_api.py
[2024-10-30T21:00:45.352-0700] {logging_mixin.py:190} INFO - [2024-10-30T21:00:45.352-0700] {dag.py:3239} INFO - Sync 1 DAGs
[2024-10-30T21:00:45.356-0700] {logging_mixin.py:190} INFO - [2024-10-30T21:00:45.356-0700] {dag.py:4180} INFO - Setting next_dagrun for tutorial_taskflow_api to None, run_after=None
[2024-10-30T21:00:45.364-0700] {processor.py:208} INFO - Processing /Users/saiprasadreddykolan/Documents/E-commerce_project/venv/lib/python3.10/site-packages/airflow/example_dags/tutorial_taskflow_api.py took 0.068 seconds
[2024-10-30T21:01:50.852-0700] {processor.py:186} INFO - Started process (PID=9670) to work on /Users/saiprasadreddykolan/Documents/E-commerce_project/venv/lib/python3.10/site-packages/airflow/example_dags/tutorial_taskflow_api.py
[2024-10-30T21:01:50.854-0700] {processor.py:914} INFO - Processing file /Users/saiprasadreddykolan/Documents/E-commerce_project/venv/lib/python3.10/site-packages/airflow/example_dags/tutorial_taskflow_api.py for tasks to queue
[2024-10-30T21:01:50.854-0700] {logging_mixin.py:190} INFO - [2024-10-30T21:01:50.854-0700] {dagbag.py:588} INFO - Filling up the DagBag from /Users/saiprasadreddykolan/Documents/E-commerce_project/venv/lib/python3.10/site-packages/airflow/example_dags/tutorial_taskflow_api.py
[2024-10-30T21:01:50.868-0700] {processor.py:925} INFO - DAG(s) 'tutorial_taskflow_api' retrieved from /Users/saiprasadreddykolan/Documents/E-commerce_project/venv/lib/python3.10/site-packages/airflow/example_dags/tutorial_taskflow_api.py
[2024-10-30T21:01:50.903-0700] {logging_mixin.py:190} INFO - [2024-10-30T21:01:50.903-0700] {dag.py:3239} INFO - Sync 1 DAGs
[2024-10-30T21:01:50.907-0700] {logging_mixin.py:190} INFO - [2024-10-30T21:01:50.907-0700] {dag.py:4180} INFO - Setting next_dagrun for tutorial_taskflow_api to None, run_after=None
[2024-10-30T21:01:50.913-0700] {processor.py:208} INFO - Processing /Users/saiprasadreddykolan/Documents/E-commerce_project/venv/lib/python3.10/site-packages/airflow/example_dags/tutorial_taskflow_api.py took 0.062 seconds
[2024-10-30T21:02:53.858-0700] {processor.py:186} INFO - Started process (PID=9795) to work on /Users/saiprasadreddykolan/Documents/E-commerce_project/venv/lib/python3.10/site-packages/airflow/example_dags/tutorial_taskflow_api.py
[2024-10-30T21:02:53.860-0700] {processor.py:914} INFO - Processing file /Users/saiprasadreddykolan/Documents/E-commerce_project/venv/lib/python3.10/site-packages/airflow/example_dags/tutorial_taskflow_api.py for tasks to queue
[2024-10-30T21:02:53.861-0700] {logging_mixin.py:190} INFO - [2024-10-30T21:02:53.861-0700] {dagbag.py:588} INFO - Filling up the DagBag from /Users/saiprasadreddykolan/Documents/E-commerce_project/venv/lib/python3.10/site-packages/airflow/example_dags/tutorial_taskflow_api.py
[2024-10-30T21:02:53.875-0700] {processor.py:925} INFO - DAG(s) 'tutorial_taskflow_api' retrieved from /Users/saiprasadreddykolan/Documents/E-commerce_project/venv/lib/python3.10/site-packages/airflow/example_dags/tutorial_taskflow_api.py
[2024-10-30T21:02:53.917-0700] {logging_mixin.py:190} INFO - [2024-10-30T21:02:53.916-0700] {dag.py:3239} INFO - Sync 1 DAGs
[2024-10-30T21:02:53.921-0700] {logging_mixin.py:190} INFO - [2024-10-30T21:02:53.921-0700] {dag.py:4180} INFO - Setting next_dagrun for tutorial_taskflow_api to None, run_after=None
[2024-10-30T21:02:53.930-0700] {processor.py:208} INFO - Processing /Users/saiprasadreddykolan/Documents/E-commerce_project/venv/lib/python3.10/site-packages/airflow/example_dags/tutorial_taskflow_api.py took 0.073 seconds
[2024-10-30T21:03:58.446-0700] {processor.py:186} INFO - Started process (PID=9905) to work on /Users/saiprasadreddykolan/Documents/E-commerce_project/venv/lib/python3.10/site-packages/airflow/example_dags/tutorial_taskflow_api.py
[2024-10-30T21:03:58.448-0700] {processor.py:914} INFO - Processing file /Users/saiprasadreddykolan/Documents/E-commerce_project/venv/lib/python3.10/site-packages/airflow/example_dags/tutorial_taskflow_api.py for tasks to queue
[2024-10-30T21:03:58.448-0700] {logging_mixin.py:190} INFO - [2024-10-30T21:03:58.448-0700] {dagbag.py:588} INFO - Filling up the DagBag from /Users/saiprasadreddykolan/Documents/E-commerce_project/venv/lib/python3.10/site-packages/airflow/example_dags/tutorial_taskflow_api.py
[2024-10-30T21:03:58.461-0700] {processor.py:925} INFO - DAG(s) 'tutorial_taskflow_api' retrieved from /Users/saiprasadreddykolan/Documents/E-commerce_project/venv/lib/python3.10/site-packages/airflow/example_dags/tutorial_taskflow_api.py
[2024-10-30T21:03:58.495-0700] {logging_mixin.py:190} INFO - [2024-10-30T21:03:58.495-0700] {dag.py:3239} INFO - Sync 1 DAGs
[2024-10-30T21:03:58.499-0700] {logging_mixin.py:190} INFO - [2024-10-30T21:03:58.499-0700] {dag.py:4180} INFO - Setting next_dagrun for tutorial_taskflow_api to None, run_after=None
[2024-10-30T21:03:58.505-0700] {processor.py:208} INFO - Processing /Users/saiprasadreddykolan/Documents/E-commerce_project/venv/lib/python3.10/site-packages/airflow/example_dags/tutorial_taskflow_api.py took 0.060 seconds
[2024-10-30T21:05:05.638-0700] {processor.py:186} INFO - Started process (PID=9988) to work on /Users/saiprasadreddykolan/Documents/E-commerce_project/venv/lib/python3.10/site-packages/airflow/example_dags/tutorial_taskflow_api.py
[2024-10-30T21:05:05.641-0700] {processor.py:914} INFO - Processing file /Users/saiprasadreddykolan/Documents/E-commerce_project/venv/lib/python3.10/site-packages/airflow/example_dags/tutorial_taskflow_api.py for tasks to queue
[2024-10-30T21:05:05.641-0700] {logging_mixin.py:190} INFO - [2024-10-30T21:05:05.641-0700] {dagbag.py:588} INFO - Filling up the DagBag from /Users/saiprasadreddykolan/Documents/E-commerce_project/venv/lib/python3.10/site-packages/airflow/example_dags/tutorial_taskflow_api.py
[2024-10-30T21:05:05.656-0700] {processor.py:925} INFO - DAG(s) 'tutorial_taskflow_api' retrieved from /Users/saiprasadreddykolan/Documents/E-commerce_project/venv/lib/python3.10/site-packages/airflow/example_dags/tutorial_taskflow_api.py
[2024-10-30T21:05:05.691-0700] {logging_mixin.py:190} INFO - [2024-10-30T21:05:05.691-0700] {dag.py:3239} INFO - Sync 1 DAGs
[2024-10-30T21:05:05.695-0700] {logging_mixin.py:190} INFO - [2024-10-30T21:05:05.695-0700] {dag.py:4180} INFO - Setting next_dagrun for tutorial_taskflow_api to None, run_after=None
[2024-10-30T21:05:05.701-0700] {processor.py:208} INFO - Processing /Users/saiprasadreddykolan/Documents/E-commerce_project/venv/lib/python3.10/site-packages/airflow/example_dags/tutorial_taskflow_api.py took 0.064 seconds
[2024-10-30T21:06:13.457-0700] {processor.py:186} INFO - Started process (PID=10078) to work on /Users/saiprasadreddykolan/Documents/E-commerce_project/venv/lib/python3.10/site-packages/airflow/example_dags/tutorial_taskflow_api.py
[2024-10-30T21:06:13.459-0700] {processor.py:914} INFO - Processing file /Users/saiprasadreddykolan/Documents/E-commerce_project/venv/lib/python3.10/site-packages/airflow/example_dags/tutorial_taskflow_api.py for tasks to queue
[2024-10-30T21:06:13.460-0700] {logging_mixin.py:190} INFO - [2024-10-30T21:06:13.459-0700] {dagbag.py:588} INFO - Filling up the DagBag from /Users/saiprasadreddykolan/Documents/E-commerce_project/venv/lib/python3.10/site-packages/airflow/example_dags/tutorial_taskflow_api.py
[2024-10-30T21:06:13.476-0700] {processor.py:925} INFO - DAG(s) 'tutorial_taskflow_api' retrieved from /Users/saiprasadreddykolan/Documents/E-commerce_project/venv/lib/python3.10/site-packages/airflow/example_dags/tutorial_taskflow_api.py
[2024-10-30T21:06:13.513-0700] {logging_mixin.py:190} INFO - [2024-10-30T21:06:13.512-0700] {dag.py:3239} INFO - Sync 1 DAGs
[2024-10-30T21:06:13.516-0700] {logging_mixin.py:190} INFO - [2024-10-30T21:06:13.516-0700] {dag.py:4180} INFO - Setting next_dagrun for tutorial_taskflow_api to None, run_after=None
[2024-10-30T21:06:13.522-0700] {processor.py:208} INFO - Processing /Users/saiprasadreddykolan/Documents/E-commerce_project/venv/lib/python3.10/site-packages/airflow/example_dags/tutorial_taskflow_api.py took 0.067 seconds
[2024-10-30T21:07:19.853-0700] {processor.py:186} INFO - Started process (PID=10161) to work on /Users/saiprasadreddykolan/Documents/E-commerce_project/venv/lib/python3.10/site-packages/airflow/example_dags/tutorial_taskflow_api.py
[2024-10-30T21:07:19.856-0700] {processor.py:914} INFO - Processing file /Users/saiprasadreddykolan/Documents/E-commerce_project/venv/lib/python3.10/site-packages/airflow/example_dags/tutorial_taskflow_api.py for tasks to queue
[2024-10-30T21:07:19.856-0700] {logging_mixin.py:190} INFO - [2024-10-30T21:07:19.856-0700] {dagbag.py:588} INFO - Filling up the DagBag from /Users/saiprasadreddykolan/Documents/E-commerce_project/venv/lib/python3.10/site-packages/airflow/example_dags/tutorial_taskflow_api.py
[2024-10-30T21:07:19.872-0700] {processor.py:925} INFO - DAG(s) 'tutorial_taskflow_api' retrieved from /Users/saiprasadreddykolan/Documents/E-commerce_project/venv/lib/python3.10/site-packages/airflow/example_dags/tutorial_taskflow_api.py
[2024-10-30T21:07:19.907-0700] {logging_mixin.py:190} INFO - [2024-10-30T21:07:19.907-0700] {dag.py:3239} INFO - Sync 1 DAGs
[2024-10-30T21:07:19.912-0700] {logging_mixin.py:190} INFO - [2024-10-30T21:07:19.912-0700] {dag.py:4180} INFO - Setting next_dagrun for tutorial_taskflow_api to None, run_after=None
[2024-10-30T21:07:19.919-0700] {processor.py:208} INFO - Processing /Users/saiprasadreddykolan/Documents/E-commerce_project/venv/lib/python3.10/site-packages/airflow/example_dags/tutorial_taskflow_api.py took 0.066 seconds
[2024-10-30T21:08:30.186-0700] {processor.py:186} INFO - Started process (PID=10257) to work on /Users/saiprasadreddykolan/Documents/E-commerce_project/venv/lib/python3.10/site-packages/airflow/example_dags/tutorial_taskflow_api.py
[2024-10-30T21:08:30.188-0700] {processor.py:914} INFO - Processing file /Users/saiprasadreddykolan/Documents/E-commerce_project/venv/lib/python3.10/site-packages/airflow/example_dags/tutorial_taskflow_api.py for tasks to queue
[2024-10-30T21:08:30.188-0700] {logging_mixin.py:190} INFO - [2024-10-30T21:08:30.188-0700] {dagbag.py:588} INFO - Filling up the DagBag from /Users/saiprasadreddykolan/Documents/E-commerce_project/venv/lib/python3.10/site-packages/airflow/example_dags/tutorial_taskflow_api.py
[2024-10-30T21:08:30.204-0700] {processor.py:925} INFO - DAG(s) 'tutorial_taskflow_api' retrieved from /Users/saiprasadreddykolan/Documents/E-commerce_project/venv/lib/python3.10/site-packages/airflow/example_dags/tutorial_taskflow_api.py
[2024-10-30T21:08:30.243-0700] {logging_mixin.py:190} INFO - [2024-10-30T21:08:30.243-0700] {dag.py:3239} INFO - Sync 1 DAGs
[2024-10-30T21:08:30.248-0700] {logging_mixin.py:190} INFO - [2024-10-30T21:08:30.248-0700] {dag.py:4180} INFO - Setting next_dagrun for tutorial_taskflow_api to None, run_after=None
[2024-10-30T21:08:30.255-0700] {processor.py:208} INFO - Processing /Users/saiprasadreddykolan/Documents/E-commerce_project/venv/lib/python3.10/site-packages/airflow/example_dags/tutorial_taskflow_api.py took 0.070 seconds
[2024-10-30T21:09:37.190-0700] {processor.py:186} INFO - Started process (PID=10351) to work on /Users/saiprasadreddykolan/Documents/E-commerce_project/venv/lib/python3.10/site-packages/airflow/example_dags/tutorial_taskflow_api.py
[2024-10-30T21:09:37.192-0700] {processor.py:914} INFO - Processing file /Users/saiprasadreddykolan/Documents/E-commerce_project/venv/lib/python3.10/site-packages/airflow/example_dags/tutorial_taskflow_api.py for tasks to queue
[2024-10-30T21:09:37.193-0700] {logging_mixin.py:190} INFO - [2024-10-30T21:09:37.193-0700] {dagbag.py:588} INFO - Filling up the DagBag from /Users/saiprasadreddykolan/Documents/E-commerce_project/venv/lib/python3.10/site-packages/airflow/example_dags/tutorial_taskflow_api.py
[2024-10-30T21:09:37.206-0700] {processor.py:925} INFO - DAG(s) 'tutorial_taskflow_api' retrieved from /Users/saiprasadreddykolan/Documents/E-commerce_project/venv/lib/python3.10/site-packages/airflow/example_dags/tutorial_taskflow_api.py
[2024-10-30T21:09:37.242-0700] {logging_mixin.py:190} INFO - [2024-10-30T21:09:37.242-0700] {dag.py:3239} INFO - Sync 1 DAGs
[2024-10-30T21:09:37.246-0700] {logging_mixin.py:190} INFO - [2024-10-30T21:09:37.246-0700] {dag.py:4180} INFO - Setting next_dagrun for tutorial_taskflow_api to None, run_after=None
[2024-10-30T21:09:37.252-0700] {processor.py:208} INFO - Processing /Users/saiprasadreddykolan/Documents/E-commerce_project/venv/lib/python3.10/site-packages/airflow/example_dags/tutorial_taskflow_api.py took 0.063 seconds
[2024-10-30T21:10:43.089-0700] {processor.py:186} INFO - Started process (PID=10444) to work on /Users/saiprasadreddykolan/Documents/E-commerce_project/venv/lib/python3.10/site-packages/airflow/example_dags/tutorial_taskflow_api.py
[2024-10-30T21:10:43.091-0700] {processor.py:914} INFO - Processing file /Users/saiprasadreddykolan/Documents/E-commerce_project/venv/lib/python3.10/site-packages/airflow/example_dags/tutorial_taskflow_api.py for tasks to queue
[2024-10-30T21:10:43.091-0700] {logging_mixin.py:190} INFO - [2024-10-30T21:10:43.091-0700] {dagbag.py:588} INFO - Filling up the DagBag from /Users/saiprasadreddykolan/Documents/E-commerce_project/venv/lib/python3.10/site-packages/airflow/example_dags/tutorial_taskflow_api.py
[2024-10-30T21:10:43.105-0700] {processor.py:925} INFO - DAG(s) 'tutorial_taskflow_api' retrieved from /Users/saiprasadreddykolan/Documents/E-commerce_project/venv/lib/python3.10/site-packages/airflow/example_dags/tutorial_taskflow_api.py
[2024-10-30T21:10:43.141-0700] {logging_mixin.py:190} INFO - [2024-10-30T21:10:43.141-0700] {dag.py:3239} INFO - Sync 1 DAGs
[2024-10-30T21:10:43.145-0700] {logging_mixin.py:190} INFO - [2024-10-30T21:10:43.145-0700] {dag.py:4180} INFO - Setting next_dagrun for tutorial_taskflow_api to None, run_after=None
[2024-10-30T21:10:43.151-0700] {processor.py:208} INFO - Processing /Users/saiprasadreddykolan/Documents/E-commerce_project/venv/lib/python3.10/site-packages/airflow/example_dags/tutorial_taskflow_api.py took 0.063 seconds
[2024-10-30T21:11:49.555-0700] {processor.py:186} INFO - Started process (PID=10587) to work on /Users/saiprasadreddykolan/Documents/E-commerce_project/venv/lib/python3.10/site-packages/airflow/example_dags/tutorial_taskflow_api.py
[2024-10-30T21:11:49.557-0700] {processor.py:914} INFO - Processing file /Users/saiprasadreddykolan/Documents/E-commerce_project/venv/lib/python3.10/site-packages/airflow/example_dags/tutorial_taskflow_api.py for tasks to queue
[2024-10-30T21:11:49.557-0700] {logging_mixin.py:190} INFO - [2024-10-30T21:11:49.557-0700] {dagbag.py:588} INFO - Filling up the DagBag from /Users/saiprasadreddykolan/Documents/E-commerce_project/venv/lib/python3.10/site-packages/airflow/example_dags/tutorial_taskflow_api.py
[2024-10-30T21:11:49.570-0700] {processor.py:925} INFO - DAG(s) 'tutorial_taskflow_api' retrieved from /Users/saiprasadreddykolan/Documents/E-commerce_project/venv/lib/python3.10/site-packages/airflow/example_dags/tutorial_taskflow_api.py
[2024-10-30T21:11:49.603-0700] {logging_mixin.py:190} INFO - [2024-10-30T21:11:49.603-0700] {dag.py:3239} INFO - Sync 1 DAGs
[2024-10-30T21:11:49.607-0700] {logging_mixin.py:190} INFO - [2024-10-30T21:11:49.607-0700] {dag.py:4180} INFO - Setting next_dagrun for tutorial_taskflow_api to None, run_after=None
[2024-10-30T21:11:49.613-0700] {processor.py:208} INFO - Processing /Users/saiprasadreddykolan/Documents/E-commerce_project/venv/lib/python3.10/site-packages/airflow/example_dags/tutorial_taskflow_api.py took 0.059 seconds
[2024-10-30T21:12:52.099-0700] {processor.py:186} INFO - Started process (PID=10698) to work on /Users/saiprasadreddykolan/Documents/E-commerce_project/venv/lib/python3.10/site-packages/airflow/example_dags/tutorial_taskflow_api.py
[2024-10-30T21:12:52.101-0700] {processor.py:914} INFO - Processing file /Users/saiprasadreddykolan/Documents/E-commerce_project/venv/lib/python3.10/site-packages/airflow/example_dags/tutorial_taskflow_api.py for tasks to queue
[2024-10-30T21:12:52.101-0700] {logging_mixin.py:190} INFO - [2024-10-30T21:12:52.101-0700] {dagbag.py:588} INFO - Filling up the DagBag from /Users/saiprasadreddykolan/Documents/E-commerce_project/venv/lib/python3.10/site-packages/airflow/example_dags/tutorial_taskflow_api.py
[2024-10-30T21:12:52.116-0700] {processor.py:925} INFO - DAG(s) 'tutorial_taskflow_api' retrieved from /Users/saiprasadreddykolan/Documents/E-commerce_project/venv/lib/python3.10/site-packages/airflow/example_dags/tutorial_taskflow_api.py
[2024-10-30T21:12:52.153-0700] {logging_mixin.py:190} INFO - [2024-10-30T21:12:52.153-0700] {dag.py:3239} INFO - Sync 1 DAGs
[2024-10-30T21:12:52.157-0700] {logging_mixin.py:190} INFO - [2024-10-30T21:12:52.157-0700] {dag.py:4180} INFO - Setting next_dagrun for tutorial_taskflow_api to None, run_after=None
[2024-10-30T21:12:52.164-0700] {processor.py:208} INFO - Processing /Users/saiprasadreddykolan/Documents/E-commerce_project/venv/lib/python3.10/site-packages/airflow/example_dags/tutorial_taskflow_api.py took 0.066 seconds
[2024-10-30T21:13:55.100-0700] {processor.py:186} INFO - Started process (PID=12346) to work on /Users/saiprasadreddykolan/Documents/E-commerce_project/venv/lib/python3.10/site-packages/airflow/example_dags/tutorial_taskflow_api.py
[2024-10-30T21:13:55.101-0700] {processor.py:914} INFO - Processing file /Users/saiprasadreddykolan/Documents/E-commerce_project/venv/lib/python3.10/site-packages/airflow/example_dags/tutorial_taskflow_api.py for tasks to queue
[2024-10-30T21:13:55.102-0700] {logging_mixin.py:190} INFO - [2024-10-30T21:13:55.102-0700] {dagbag.py:588} INFO - Filling up the DagBag from /Users/saiprasadreddykolan/Documents/E-commerce_project/venv/lib/python3.10/site-packages/airflow/example_dags/tutorial_taskflow_api.py
[2024-10-30T21:13:55.115-0700] {processor.py:925} INFO - DAG(s) 'tutorial_taskflow_api' retrieved from /Users/saiprasadreddykolan/Documents/E-commerce_project/venv/lib/python3.10/site-packages/airflow/example_dags/tutorial_taskflow_api.py
[2024-10-30T21:13:55.151-0700] {logging_mixin.py:190} INFO - [2024-10-30T21:13:55.151-0700] {dag.py:3239} INFO - Sync 1 DAGs
[2024-10-30T21:13:55.155-0700] {logging_mixin.py:190} INFO - [2024-10-30T21:13:55.155-0700] {dag.py:4180} INFO - Setting next_dagrun for tutorial_taskflow_api to None, run_after=None
[2024-10-30T21:13:55.161-0700] {processor.py:208} INFO - Processing /Users/saiprasadreddykolan/Documents/E-commerce_project/venv/lib/python3.10/site-packages/airflow/example_dags/tutorial_taskflow_api.py took 0.063 seconds
[2024-10-30T21:15:03.968-0700] {processor.py:186} INFO - Started process (PID=18024) to work on /Users/saiprasadreddykolan/Documents/E-commerce_project/venv/lib/python3.10/site-packages/airflow/example_dags/tutorial_taskflow_api.py
[2024-10-30T21:15:03.970-0700] {processor.py:914} INFO - Processing file /Users/saiprasadreddykolan/Documents/E-commerce_project/venv/lib/python3.10/site-packages/airflow/example_dags/tutorial_taskflow_api.py for tasks to queue
[2024-10-30T21:15:03.971-0700] {logging_mixin.py:190} INFO - [2024-10-30T21:15:03.971-0700] {dagbag.py:588} INFO - Filling up the DagBag from /Users/saiprasadreddykolan/Documents/E-commerce_project/venv/lib/python3.10/site-packages/airflow/example_dags/tutorial_taskflow_api.py
[2024-10-30T21:15:03.985-0700] {processor.py:925} INFO - DAG(s) 'tutorial_taskflow_api' retrieved from /Users/saiprasadreddykolan/Documents/E-commerce_project/venv/lib/python3.10/site-packages/airflow/example_dags/tutorial_taskflow_api.py
[2024-10-30T21:15:04.028-0700] {logging_mixin.py:190} INFO - [2024-10-30T21:15:04.028-0700] {dag.py:3239} INFO - Sync 1 DAGs
[2024-10-30T21:15:04.033-0700] {logging_mixin.py:190} INFO - [2024-10-30T21:15:04.033-0700] {dag.py:4180} INFO - Setting next_dagrun for tutorial_taskflow_api to None, run_after=None
[2024-10-30T21:15:04.040-0700] {processor.py:208} INFO - Processing /Users/saiprasadreddykolan/Documents/E-commerce_project/venv/lib/python3.10/site-packages/airflow/example_dags/tutorial_taskflow_api.py took 0.073 seconds
[2024-10-30T21:16:14.227-0700] {processor.py:186} INFO - Started process (PID=23436) to work on /Users/saiprasadreddykolan/Documents/E-commerce_project/venv/lib/python3.10/site-packages/airflow/example_dags/tutorial_taskflow_api.py
[2024-10-30T21:16:14.229-0700] {processor.py:914} INFO - Processing file /Users/saiprasadreddykolan/Documents/E-commerce_project/venv/lib/python3.10/site-packages/airflow/example_dags/tutorial_taskflow_api.py for tasks to queue
[2024-10-30T21:16:14.230-0700] {logging_mixin.py:190} INFO - [2024-10-30T21:16:14.230-0700] {dagbag.py:588} INFO - Filling up the DagBag from /Users/saiprasadreddykolan/Documents/E-commerce_project/venv/lib/python3.10/site-packages/airflow/example_dags/tutorial_taskflow_api.py
[2024-10-30T21:16:14.247-0700] {processor.py:925} INFO - DAG(s) 'tutorial_taskflow_api' retrieved from /Users/saiprasadreddykolan/Documents/E-commerce_project/venv/lib/python3.10/site-packages/airflow/example_dags/tutorial_taskflow_api.py
[2024-10-30T21:16:14.284-0700] {logging_mixin.py:190} INFO - [2024-10-30T21:16:14.284-0700] {dag.py:3239} INFO - Sync 1 DAGs
[2024-10-30T21:16:14.288-0700] {logging_mixin.py:190} INFO - [2024-10-30T21:16:14.288-0700] {dag.py:4180} INFO - Setting next_dagrun for tutorial_taskflow_api to None, run_after=None
[2024-10-30T21:16:14.294-0700] {processor.py:208} INFO - Processing /Users/saiprasadreddykolan/Documents/E-commerce_project/venv/lib/python3.10/site-packages/airflow/example_dags/tutorial_taskflow_api.py took 0.068 seconds
[2024-10-30T21:17:25.702-0700] {processor.py:186} INFO - Started process (PID=33198) to work on /Users/saiprasadreddykolan/Documents/E-commerce_project/venv/lib/python3.10/site-packages/airflow/example_dags/tutorial_taskflow_api.py
[2024-10-30T21:17:25.704-0700] {processor.py:914} INFO - Processing file /Users/saiprasadreddykolan/Documents/E-commerce_project/venv/lib/python3.10/site-packages/airflow/example_dags/tutorial_taskflow_api.py for tasks to queue
[2024-10-30T21:17:25.705-0700] {logging_mixin.py:190} INFO - [2024-10-30T21:17:25.705-0700] {dagbag.py:588} INFO - Filling up the DagBag from /Users/saiprasadreddykolan/Documents/E-commerce_project/venv/lib/python3.10/site-packages/airflow/example_dags/tutorial_taskflow_api.py
[2024-10-30T21:17:25.719-0700] {processor.py:925} INFO - DAG(s) 'tutorial_taskflow_api' retrieved from /Users/saiprasadreddykolan/Documents/E-commerce_project/venv/lib/python3.10/site-packages/airflow/example_dags/tutorial_taskflow_api.py
[2024-10-30T21:17:25.755-0700] {logging_mixin.py:190} INFO - [2024-10-30T21:17:25.755-0700] {dag.py:3239} INFO - Sync 1 DAGs
[2024-10-30T21:17:25.759-0700] {logging_mixin.py:190} INFO - [2024-10-30T21:17:25.759-0700] {dag.py:4180} INFO - Setting next_dagrun for tutorial_taskflow_api to None, run_after=None
[2024-10-30T21:17:25.766-0700] {processor.py:208} INFO - Processing /Users/saiprasadreddykolan/Documents/E-commerce_project/venv/lib/python3.10/site-packages/airflow/example_dags/tutorial_taskflow_api.py took 0.065 seconds
[2024-10-30T21:18:34.542-0700] {processor.py:186} INFO - Started process (PID=33290) to work on /Users/saiprasadreddykolan/Documents/E-commerce_project/venv/lib/python3.10/site-packages/airflow/example_dags/tutorial_taskflow_api.py
[2024-10-30T21:18:34.545-0700] {processor.py:914} INFO - Processing file /Users/saiprasadreddykolan/Documents/E-commerce_project/venv/lib/python3.10/site-packages/airflow/example_dags/tutorial_taskflow_api.py for tasks to queue
[2024-10-30T21:18:34.545-0700] {logging_mixin.py:190} INFO - [2024-10-30T21:18:34.545-0700] {dagbag.py:588} INFO - Filling up the DagBag from /Users/saiprasadreddykolan/Documents/E-commerce_project/venv/lib/python3.10/site-packages/airflow/example_dags/tutorial_taskflow_api.py
[2024-10-30T21:18:34.560-0700] {processor.py:925} INFO - DAG(s) 'tutorial_taskflow_api' retrieved from /Users/saiprasadreddykolan/Documents/E-commerce_project/venv/lib/python3.10/site-packages/airflow/example_dags/tutorial_taskflow_api.py
[2024-10-30T21:18:34.597-0700] {logging_mixin.py:190} INFO - [2024-10-30T21:18:34.597-0700] {dag.py:3239} INFO - Sync 1 DAGs
[2024-10-30T21:18:34.601-0700] {logging_mixin.py:190} INFO - [2024-10-30T21:18:34.601-0700] {dag.py:4180} INFO - Setting next_dagrun for tutorial_taskflow_api to None, run_after=None
[2024-10-30T21:18:34.608-0700] {processor.py:208} INFO - Processing /Users/saiprasadreddykolan/Documents/E-commerce_project/venv/lib/python3.10/site-packages/airflow/example_dags/tutorial_taskflow_api.py took 0.067 seconds
[2024-10-30T21:19:38.409-0700] {processor.py:186} INFO - Started process (PID=33383) to work on /Users/saiprasadreddykolan/Documents/E-commerce_project/venv/lib/python3.10/site-packages/airflow/example_dags/tutorial_taskflow_api.py
[2024-10-30T21:19:38.412-0700] {processor.py:914} INFO - Processing file /Users/saiprasadreddykolan/Documents/E-commerce_project/venv/lib/python3.10/site-packages/airflow/example_dags/tutorial_taskflow_api.py for tasks to queue
[2024-10-30T21:19:38.412-0700] {logging_mixin.py:190} INFO - [2024-10-30T21:19:38.412-0700] {dagbag.py:588} INFO - Filling up the DagBag from /Users/saiprasadreddykolan/Documents/E-commerce_project/venv/lib/python3.10/site-packages/airflow/example_dags/tutorial_taskflow_api.py
[2024-10-30T21:19:38.424-0700] {processor.py:925} INFO - DAG(s) 'tutorial_taskflow_api' retrieved from /Users/saiprasadreddykolan/Documents/E-commerce_project/venv/lib/python3.10/site-packages/airflow/example_dags/tutorial_taskflow_api.py
[2024-10-30T21:19:38.457-0700] {logging_mixin.py:190} INFO - [2024-10-30T21:19:38.457-0700] {dag.py:3239} INFO - Sync 1 DAGs
[2024-10-30T21:19:38.461-0700] {logging_mixin.py:190} INFO - [2024-10-30T21:19:38.461-0700] {dag.py:4180} INFO - Setting next_dagrun for tutorial_taskflow_api to None, run_after=None
[2024-10-30T21:19:38.467-0700] {processor.py:208} INFO - Processing /Users/saiprasadreddykolan/Documents/E-commerce_project/venv/lib/python3.10/site-packages/airflow/example_dags/tutorial_taskflow_api.py took 0.059 seconds
[2024-10-30T21:20:40.386-0700] {processor.py:186} INFO - Started process (PID=33500) to work on /Users/saiprasadreddykolan/Documents/E-commerce_project/venv/lib/python3.10/site-packages/airflow/example_dags/tutorial_taskflow_api.py
[2024-10-30T21:20:40.388-0700] {processor.py:914} INFO - Processing file /Users/saiprasadreddykolan/Documents/E-commerce_project/venv/lib/python3.10/site-packages/airflow/example_dags/tutorial_taskflow_api.py for tasks to queue
[2024-10-30T21:20:40.388-0700] {logging_mixin.py:190} INFO - [2024-10-30T21:20:40.388-0700] {dagbag.py:588} INFO - Filling up the DagBag from /Users/saiprasadreddykolan/Documents/E-commerce_project/venv/lib/python3.10/site-packages/airflow/example_dags/tutorial_taskflow_api.py
[2024-10-30T21:20:40.402-0700] {processor.py:925} INFO - DAG(s) 'tutorial_taskflow_api' retrieved from /Users/saiprasadreddykolan/Documents/E-commerce_project/venv/lib/python3.10/site-packages/airflow/example_dags/tutorial_taskflow_api.py
[2024-10-30T21:20:40.438-0700] {logging_mixin.py:190} INFO - [2024-10-30T21:20:40.438-0700] {dag.py:3239} INFO - Sync 1 DAGs
[2024-10-30T21:20:40.442-0700] {logging_mixin.py:190} INFO - [2024-10-30T21:20:40.442-0700] {dag.py:4180} INFO - Setting next_dagrun for tutorial_taskflow_api to None, run_after=None
[2024-10-30T21:20:40.449-0700] {processor.py:208} INFO - Processing /Users/saiprasadreddykolan/Documents/E-commerce_project/venv/lib/python3.10/site-packages/airflow/example_dags/tutorial_taskflow_api.py took 0.064 seconds
[2024-10-30T21:21:47.550-0700] {processor.py:186} INFO - Started process (PID=33595) to work on /Users/saiprasadreddykolan/Documents/E-commerce_project/venv/lib/python3.10/site-packages/airflow/example_dags/tutorial_taskflow_api.py
[2024-10-30T21:21:47.551-0700] {processor.py:914} INFO - Processing file /Users/saiprasadreddykolan/Documents/E-commerce_project/venv/lib/python3.10/site-packages/airflow/example_dags/tutorial_taskflow_api.py for tasks to queue
[2024-10-30T21:21:47.552-0700] {logging_mixin.py:190} INFO - [2024-10-30T21:21:47.552-0700] {dagbag.py:588} INFO - Filling up the DagBag from /Users/saiprasadreddykolan/Documents/E-commerce_project/venv/lib/python3.10/site-packages/airflow/example_dags/tutorial_taskflow_api.py
[2024-10-30T21:21:47.566-0700] {processor.py:925} INFO - DAG(s) 'tutorial_taskflow_api' retrieved from /Users/saiprasadreddykolan/Documents/E-commerce_project/venv/lib/python3.10/site-packages/airflow/example_dags/tutorial_taskflow_api.py
[2024-10-30T21:21:47.603-0700] {logging_mixin.py:190} INFO - [2024-10-30T21:21:47.603-0700] {dag.py:3239} INFO - Sync 1 DAGs
[2024-10-30T21:21:47.607-0700] {logging_mixin.py:190} INFO - [2024-10-30T21:21:47.607-0700] {dag.py:4180} INFO - Setting next_dagrun for tutorial_taskflow_api to None, run_after=None
[2024-10-30T21:21:47.614-0700] {processor.py:208} INFO - Processing /Users/saiprasadreddykolan/Documents/E-commerce_project/venv/lib/python3.10/site-packages/airflow/example_dags/tutorial_taskflow_api.py took 0.066 seconds
[2024-10-30T21:22:55.840-0700] {processor.py:186} INFO - Started process (PID=33688) to work on /Users/saiprasadreddykolan/Documents/E-commerce_project/venv/lib/python3.10/site-packages/airflow/example_dags/tutorial_taskflow_api.py
[2024-10-30T21:22:55.843-0700] {processor.py:914} INFO - Processing file /Users/saiprasadreddykolan/Documents/E-commerce_project/venv/lib/python3.10/site-packages/airflow/example_dags/tutorial_taskflow_api.py for tasks to queue
[2024-10-30T21:22:55.843-0700] {logging_mixin.py:190} INFO - [2024-10-30T21:22:55.843-0700] {dagbag.py:588} INFO - Filling up the DagBag from /Users/saiprasadreddykolan/Documents/E-commerce_project/venv/lib/python3.10/site-packages/airflow/example_dags/tutorial_taskflow_api.py
[2024-10-30T21:22:55.857-0700] {processor.py:925} INFO - DAG(s) 'tutorial_taskflow_api' retrieved from /Users/saiprasadreddykolan/Documents/E-commerce_project/venv/lib/python3.10/site-packages/airflow/example_dags/tutorial_taskflow_api.py
[2024-10-30T21:22:55.894-0700] {logging_mixin.py:190} INFO - [2024-10-30T21:22:55.894-0700] {dag.py:3239} INFO - Sync 1 DAGs
[2024-10-30T21:22:55.898-0700] {logging_mixin.py:190} INFO - [2024-10-30T21:22:55.898-0700] {dag.py:4180} INFO - Setting next_dagrun for tutorial_taskflow_api to None, run_after=None
[2024-10-30T21:22:55.905-0700] {processor.py:208} INFO - Processing /Users/saiprasadreddykolan/Documents/E-commerce_project/venv/lib/python3.10/site-packages/airflow/example_dags/tutorial_taskflow_api.py took 0.066 seconds
[2024-10-30T21:24:01.991-0700] {processor.py:186} INFO - Started process (PID=33852) to work on /Users/saiprasadreddykolan/Documents/E-commerce_project/venv/lib/python3.10/site-packages/airflow/example_dags/tutorial_taskflow_api.py
[2024-10-30T21:24:01.993-0700] {processor.py:914} INFO - Processing file /Users/saiprasadreddykolan/Documents/E-commerce_project/venv/lib/python3.10/site-packages/airflow/example_dags/tutorial_taskflow_api.py for tasks to queue
[2024-10-30T21:24:01.993-0700] {logging_mixin.py:190} INFO - [2024-10-30T21:24:01.993-0700] {dagbag.py:588} INFO - Filling up the DagBag from /Users/saiprasadreddykolan/Documents/E-commerce_project/venv/lib/python3.10/site-packages/airflow/example_dags/tutorial_taskflow_api.py
[2024-10-30T21:24:02.007-0700] {processor.py:925} INFO - DAG(s) 'tutorial_taskflow_api' retrieved from /Users/saiprasadreddykolan/Documents/E-commerce_project/venv/lib/python3.10/site-packages/airflow/example_dags/tutorial_taskflow_api.py
[2024-10-30T21:24:02.042-0700] {logging_mixin.py:190} INFO - [2024-10-30T21:24:02.042-0700] {dag.py:3239} INFO - Sync 1 DAGs
[2024-10-30T21:24:02.046-0700] {logging_mixin.py:190} INFO - [2024-10-30T21:24:02.046-0700] {dag.py:4180} INFO - Setting next_dagrun for tutorial_taskflow_api to None, run_after=None
[2024-10-30T21:24:02.052-0700] {processor.py:208} INFO - Processing /Users/saiprasadreddykolan/Documents/E-commerce_project/venv/lib/python3.10/site-packages/airflow/example_dags/tutorial_taskflow_api.py took 0.062 seconds
[2024-10-30T21:25:09.168-0700] {processor.py:186} INFO - Started process (PID=36088) to work on /Users/saiprasadreddykolan/Documents/E-commerce_project/venv/lib/python3.10/site-packages/airflow/example_dags/tutorial_taskflow_api.py
[2024-10-30T21:25:09.170-0700] {processor.py:914} INFO - Processing file /Users/saiprasadreddykolan/Documents/E-commerce_project/venv/lib/python3.10/site-packages/airflow/example_dags/tutorial_taskflow_api.py for tasks to queue
[2024-10-30T21:25:09.171-0700] {logging_mixin.py:190} INFO - [2024-10-30T21:25:09.171-0700] {dagbag.py:588} INFO - Filling up the DagBag from /Users/saiprasadreddykolan/Documents/E-commerce_project/venv/lib/python3.10/site-packages/airflow/example_dags/tutorial_taskflow_api.py
[2024-10-30T21:25:09.186-0700] {processor.py:925} INFO - DAG(s) 'tutorial_taskflow_api' retrieved from /Users/saiprasadreddykolan/Documents/E-commerce_project/venv/lib/python3.10/site-packages/airflow/example_dags/tutorial_taskflow_api.py
[2024-10-30T21:25:09.226-0700] {logging_mixin.py:190} INFO - [2024-10-30T21:25:09.225-0700] {dag.py:3239} INFO - Sync 1 DAGs
[2024-10-30T21:25:09.231-0700] {logging_mixin.py:190} INFO - [2024-10-30T21:25:09.230-0700] {dag.py:4180} INFO - Setting next_dagrun for tutorial_taskflow_api to None, run_after=None
[2024-10-30T21:25:09.238-0700] {processor.py:208} INFO - Processing /Users/saiprasadreddykolan/Documents/E-commerce_project/venv/lib/python3.10/site-packages/airflow/example_dags/tutorial_taskflow_api.py took 0.071 seconds
[2024-10-30T21:26:16.367-0700] {processor.py:186} INFO - Started process (PID=36178) to work on /Users/saiprasadreddykolan/Documents/E-commerce_project/venv/lib/python3.10/site-packages/airflow/example_dags/tutorial_taskflow_api.py
[2024-10-30T21:26:16.369-0700] {processor.py:914} INFO - Processing file /Users/saiprasadreddykolan/Documents/E-commerce_project/venv/lib/python3.10/site-packages/airflow/example_dags/tutorial_taskflow_api.py for tasks to queue
[2024-10-30T21:26:16.369-0700] {logging_mixin.py:190} INFO - [2024-10-30T21:26:16.369-0700] {dagbag.py:588} INFO - Filling up the DagBag from /Users/saiprasadreddykolan/Documents/E-commerce_project/venv/lib/python3.10/site-packages/airflow/example_dags/tutorial_taskflow_api.py
[2024-10-30T21:26:16.383-0700] {processor.py:925} INFO - DAG(s) 'tutorial_taskflow_api' retrieved from /Users/saiprasadreddykolan/Documents/E-commerce_project/venv/lib/python3.10/site-packages/airflow/example_dags/tutorial_taskflow_api.py
[2024-10-30T21:26:16.418-0700] {logging_mixin.py:190} INFO - [2024-10-30T21:26:16.418-0700] {dag.py:3239} INFO - Sync 1 DAGs
[2024-10-30T21:26:16.422-0700] {logging_mixin.py:190} INFO - [2024-10-30T21:26:16.422-0700] {dag.py:4180} INFO - Setting next_dagrun for tutorial_taskflow_api to None, run_after=None
[2024-10-30T21:26:16.428-0700] {processor.py:208} INFO - Processing /Users/saiprasadreddykolan/Documents/E-commerce_project/venv/lib/python3.10/site-packages/airflow/example_dags/tutorial_taskflow_api.py took 0.062 seconds
[2024-10-30T21:27:23.731-0700] {processor.py:186} INFO - Started process (PID=36258) to work on /Users/saiprasadreddykolan/Documents/E-commerce_project/venv/lib/python3.10/site-packages/airflow/example_dags/tutorial_taskflow_api.py
[2024-10-30T21:27:23.733-0700] {processor.py:914} INFO - Processing file /Users/saiprasadreddykolan/Documents/E-commerce_project/venv/lib/python3.10/site-packages/airflow/example_dags/tutorial_taskflow_api.py for tasks to queue
[2024-10-30T21:27:23.733-0700] {logging_mixin.py:190} INFO - [2024-10-30T21:27:23.733-0700] {dagbag.py:588} INFO - Filling up the DagBag from /Users/saiprasadreddykolan/Documents/E-commerce_project/venv/lib/python3.10/site-packages/airflow/example_dags/tutorial_taskflow_api.py
[2024-10-30T21:27:23.747-0700] {processor.py:925} INFO - DAG(s) 'tutorial_taskflow_api' retrieved from /Users/saiprasadreddykolan/Documents/E-commerce_project/venv/lib/python3.10/site-packages/airflow/example_dags/tutorial_taskflow_api.py
[2024-10-30T21:27:23.783-0700] {logging_mixin.py:190} INFO - [2024-10-30T21:27:23.782-0700] {dag.py:3239} INFO - Sync 1 DAGs
[2024-10-30T21:27:23.786-0700] {logging_mixin.py:190} INFO - [2024-10-30T21:27:23.786-0700] {dag.py:4180} INFO - Setting next_dagrun for tutorial_taskflow_api to None, run_after=None
[2024-10-30T21:27:23.792-0700] {processor.py:208} INFO - Processing /Users/saiprasadreddykolan/Documents/E-commerce_project/venv/lib/python3.10/site-packages/airflow/example_dags/tutorial_taskflow_api.py took 0.063 seconds
[2024-10-30T21:28:29.229-0700] {processor.py:186} INFO - Started process (PID=36378) to work on /Users/saiprasadreddykolan/Documents/E-commerce_project/venv/lib/python3.10/site-packages/airflow/example_dags/tutorial_taskflow_api.py
[2024-10-30T21:28:29.231-0700] {processor.py:914} INFO - Processing file /Users/saiprasadreddykolan/Documents/E-commerce_project/venv/lib/python3.10/site-packages/airflow/example_dags/tutorial_taskflow_api.py for tasks to queue
[2024-10-30T21:28:29.232-0700] {logging_mixin.py:190} INFO - [2024-10-30T21:28:29.232-0700] {dagbag.py:588} INFO - Filling up the DagBag from /Users/saiprasadreddykolan/Documents/E-commerce_project/venv/lib/python3.10/site-packages/airflow/example_dags/tutorial_taskflow_api.py
[2024-10-30T21:28:29.246-0700] {processor.py:925} INFO - DAG(s) 'tutorial_taskflow_api' retrieved from /Users/saiprasadreddykolan/Documents/E-commerce_project/venv/lib/python3.10/site-packages/airflow/example_dags/tutorial_taskflow_api.py
[2024-10-30T21:28:29.281-0700] {logging_mixin.py:190} INFO - [2024-10-30T21:28:29.281-0700] {dag.py:3239} INFO - Sync 1 DAGs
[2024-10-30T21:28:29.286-0700] {logging_mixin.py:190} INFO - [2024-10-30T21:28:29.286-0700] {dag.py:4180} INFO - Setting next_dagrun for tutorial_taskflow_api to None, run_after=None
[2024-10-30T21:28:29.293-0700] {processor.py:208} INFO - Processing /Users/saiprasadreddykolan/Documents/E-commerce_project/venv/lib/python3.10/site-packages/airflow/example_dags/tutorial_taskflow_api.py took 0.065 seconds
[2024-10-30T21:29:33.540-0700] {processor.py:186} INFO - Started process (PID=36507) to work on /Users/saiprasadreddykolan/Documents/E-commerce_project/venv/lib/python3.10/site-packages/airflow/example_dags/tutorial_taskflow_api.py
[2024-10-30T21:29:33.543-0700] {processor.py:914} INFO - Processing file /Users/saiprasadreddykolan/Documents/E-commerce_project/venv/lib/python3.10/site-packages/airflow/example_dags/tutorial_taskflow_api.py for tasks to queue
[2024-10-30T21:29:33.543-0700] {logging_mixin.py:190} INFO - [2024-10-30T21:29:33.543-0700] {dagbag.py:588} INFO - Filling up the DagBag from /Users/saiprasadreddykolan/Documents/E-commerce_project/venv/lib/python3.10/site-packages/airflow/example_dags/tutorial_taskflow_api.py
[2024-10-30T21:29:33.557-0700] {processor.py:925} INFO - DAG(s) 'tutorial_taskflow_api' retrieved from /Users/saiprasadreddykolan/Documents/E-commerce_project/venv/lib/python3.10/site-packages/airflow/example_dags/tutorial_taskflow_api.py
[2024-10-30T21:29:33.592-0700] {logging_mixin.py:190} INFO - [2024-10-30T21:29:33.592-0700] {dag.py:3239} INFO - Sync 1 DAGs
[2024-10-30T21:29:33.596-0700] {logging_mixin.py:190} INFO - [2024-10-30T21:29:33.596-0700] {dag.py:4180} INFO - Setting next_dagrun for tutorial_taskflow_api to None, run_after=None
[2024-10-30T21:29:33.601-0700] {processor.py:208} INFO - Processing /Users/saiprasadreddykolan/Documents/E-commerce_project/venv/lib/python3.10/site-packages/airflow/example_dags/tutorial_taskflow_api.py took 0.062 seconds
[2024-10-30T21:30:37.499-0700] {processor.py:186} INFO - Started process (PID=36598) to work on /Users/saiprasadreddykolan/Documents/E-commerce_project/venv/lib/python3.10/site-packages/airflow/example_dags/tutorial_taskflow_api.py
[2024-10-30T21:30:37.501-0700] {processor.py:914} INFO - Processing file /Users/saiprasadreddykolan/Documents/E-commerce_project/venv/lib/python3.10/site-packages/airflow/example_dags/tutorial_taskflow_api.py for tasks to queue
[2024-10-30T21:30:37.502-0700] {logging_mixin.py:190} INFO - [2024-10-30T21:30:37.502-0700] {dagbag.py:588} INFO - Filling up the DagBag from /Users/saiprasadreddykolan/Documents/E-commerce_project/venv/lib/python3.10/site-packages/airflow/example_dags/tutorial_taskflow_api.py
[2024-10-30T21:30:37.524-0700] {processor.py:925} INFO - DAG(s) 'tutorial_taskflow_api' retrieved from /Users/saiprasadreddykolan/Documents/E-commerce_project/venv/lib/python3.10/site-packages/airflow/example_dags/tutorial_taskflow_api.py
[2024-10-30T21:30:37.565-0700] {logging_mixin.py:190} INFO - [2024-10-30T21:30:37.565-0700] {dag.py:3239} INFO - Sync 1 DAGs
[2024-10-30T21:30:37.570-0700] {logging_mixin.py:190} INFO - [2024-10-30T21:30:37.570-0700] {dag.py:4180} INFO - Setting next_dagrun for tutorial_taskflow_api to None, run_after=None
[2024-10-30T21:30:37.577-0700] {processor.py:208} INFO - Processing /Users/saiprasadreddykolan/Documents/E-commerce_project/venv/lib/python3.10/site-packages/airflow/example_dags/tutorial_taskflow_api.py took 0.079 seconds
[2024-10-30T21:31:44.955-0700] {processor.py:186} INFO - Started process (PID=36696) to work on /Users/saiprasadreddykolan/Documents/E-commerce_project/venv/lib/python3.10/site-packages/airflow/example_dags/tutorial_taskflow_api.py
[2024-10-30T21:31:44.958-0700] {processor.py:914} INFO - Processing file /Users/saiprasadreddykolan/Documents/E-commerce_project/venv/lib/python3.10/site-packages/airflow/example_dags/tutorial_taskflow_api.py for tasks to queue
[2024-10-30T21:31:44.958-0700] {logging_mixin.py:190} INFO - [2024-10-30T21:31:44.958-0700] {dagbag.py:588} INFO - Filling up the DagBag from /Users/saiprasadreddykolan/Documents/E-commerce_project/venv/lib/python3.10/site-packages/airflow/example_dags/tutorial_taskflow_api.py
[2024-10-30T21:31:44.971-0700] {processor.py:925} INFO - DAG(s) 'tutorial_taskflow_api' retrieved from /Users/saiprasadreddykolan/Documents/E-commerce_project/venv/lib/python3.10/site-packages/airflow/example_dags/tutorial_taskflow_api.py
[2024-10-30T21:31:45.005-0700] {logging_mixin.py:190} INFO - [2024-10-30T21:31:45.005-0700] {dag.py:3239} INFO - Sync 1 DAGs
[2024-10-30T21:31:45.009-0700] {logging_mixin.py:190} INFO - [2024-10-30T21:31:45.009-0700] {dag.py:4180} INFO - Setting next_dagrun for tutorial_taskflow_api to None, run_after=None
[2024-10-30T21:31:45.015-0700] {processor.py:208} INFO - Processing /Users/saiprasadreddykolan/Documents/E-commerce_project/venv/lib/python3.10/site-packages/airflow/example_dags/tutorial_taskflow_api.py took 0.061 seconds
[2024-10-30T21:32:57.408-0700] {processor.py:186} INFO - Started process (PID=36779) to work on /Users/saiprasadreddykolan/Documents/E-commerce_project/venv/lib/python3.10/site-packages/airflow/example_dags/tutorial_taskflow_api.py
[2024-10-30T21:32:57.410-0700] {processor.py:914} INFO - Processing file /Users/saiprasadreddykolan/Documents/E-commerce_project/venv/lib/python3.10/site-packages/airflow/example_dags/tutorial_taskflow_api.py for tasks to queue
[2024-10-30T21:32:57.410-0700] {logging_mixin.py:190} INFO - [2024-10-30T21:32:57.410-0700] {dagbag.py:588} INFO - Filling up the DagBag from /Users/saiprasadreddykolan/Documents/E-commerce_project/venv/lib/python3.10/site-packages/airflow/example_dags/tutorial_taskflow_api.py
[2024-10-30T21:32:57.425-0700] {processor.py:925} INFO - DAG(s) 'tutorial_taskflow_api' retrieved from /Users/saiprasadreddykolan/Documents/E-commerce_project/venv/lib/python3.10/site-packages/airflow/example_dags/tutorial_taskflow_api.py
[2024-10-30T21:32:57.460-0700] {logging_mixin.py:190} INFO - [2024-10-30T21:32:57.460-0700] {dag.py:3239} INFO - Sync 1 DAGs
[2024-10-30T21:32:57.464-0700] {logging_mixin.py:190} INFO - [2024-10-30T21:32:57.464-0700] {dag.py:4180} INFO - Setting next_dagrun for tutorial_taskflow_api to None, run_after=None
[2024-10-30T21:32:57.471-0700] {processor.py:208} INFO - Processing /Users/saiprasadreddykolan/Documents/E-commerce_project/venv/lib/python3.10/site-packages/airflow/example_dags/tutorial_taskflow_api.py took 0.064 seconds
[2024-10-30T21:34:05.985-0700] {processor.py:186} INFO - Started process (PID=36867) to work on /Users/saiprasadreddykolan/Documents/E-commerce_project/venv/lib/python3.10/site-packages/airflow/example_dags/tutorial_taskflow_api.py
[2024-10-30T21:34:05.987-0700] {processor.py:914} INFO - Processing file /Users/saiprasadreddykolan/Documents/E-commerce_project/venv/lib/python3.10/site-packages/airflow/example_dags/tutorial_taskflow_api.py for tasks to queue
[2024-10-30T21:34:05.988-0700] {logging_mixin.py:190} INFO - [2024-10-30T21:34:05.988-0700] {dagbag.py:588} INFO - Filling up the DagBag from /Users/saiprasadreddykolan/Documents/E-commerce_project/venv/lib/python3.10/site-packages/airflow/example_dags/tutorial_taskflow_api.py
[2024-10-30T21:34:06.004-0700] {processor.py:925} INFO - DAG(s) 'tutorial_taskflow_api' retrieved from /Users/saiprasadreddykolan/Documents/E-commerce_project/venv/lib/python3.10/site-packages/airflow/example_dags/tutorial_taskflow_api.py
[2024-10-30T21:34:06.039-0700] {logging_mixin.py:190} INFO - [2024-10-30T21:34:06.039-0700] {dag.py:3239} INFO - Sync 1 DAGs
[2024-10-30T21:34:06.043-0700] {logging_mixin.py:190} INFO - [2024-10-30T21:34:06.043-0700] {dag.py:4180} INFO - Setting next_dagrun for tutorial_taskflow_api to None, run_after=None
[2024-10-30T21:34:06.049-0700] {processor.py:208} INFO - Processing /Users/saiprasadreddykolan/Documents/E-commerce_project/venv/lib/python3.10/site-packages/airflow/example_dags/tutorial_taskflow_api.py took 0.064 seconds
[2024-10-30T21:35:13.098-0700] {processor.py:186} INFO - Started process (PID=36951) to work on /Users/saiprasadreddykolan/Documents/E-commerce_project/venv/lib/python3.10/site-packages/airflow/example_dags/tutorial_taskflow_api.py
[2024-10-30T21:35:13.100-0700] {processor.py:914} INFO - Processing file /Users/saiprasadreddykolan/Documents/E-commerce_project/venv/lib/python3.10/site-packages/airflow/example_dags/tutorial_taskflow_api.py for tasks to queue
[2024-10-30T21:35:13.101-0700] {logging_mixin.py:190} INFO - [2024-10-30T21:35:13.101-0700] {dagbag.py:588} INFO - Filling up the DagBag from /Users/saiprasadreddykolan/Documents/E-commerce_project/venv/lib/python3.10/site-packages/airflow/example_dags/tutorial_taskflow_api.py
[2024-10-30T21:35:13.114-0700] {processor.py:925} INFO - DAG(s) 'tutorial_taskflow_api' retrieved from /Users/saiprasadreddykolan/Documents/E-commerce_project/venv/lib/python3.10/site-packages/airflow/example_dags/tutorial_taskflow_api.py
[2024-10-30T21:35:13.149-0700] {logging_mixin.py:190} INFO - [2024-10-30T21:35:13.149-0700] {dag.py:3239} INFO - Sync 1 DAGs
[2024-10-30T21:35:13.153-0700] {logging_mixin.py:190} INFO - [2024-10-30T21:35:13.153-0700] {dag.py:4180} INFO - Setting next_dagrun for tutorial_taskflow_api to None, run_after=None
[2024-10-30T21:35:13.159-0700] {processor.py:208} INFO - Processing /Users/saiprasadreddykolan/Documents/E-commerce_project/venv/lib/python3.10/site-packages/airflow/example_dags/tutorial_taskflow_api.py took 0.061 seconds
[2024-10-30T21:36:21.654-0700] {processor.py:186} INFO - Started process (PID=37033) to work on /Users/saiprasadreddykolan/Documents/E-commerce_project/venv/lib/python3.10/site-packages/airflow/example_dags/tutorial_taskflow_api.py
[2024-10-30T21:36:21.656-0700] {processor.py:914} INFO - Processing file /Users/saiprasadreddykolan/Documents/E-commerce_project/venv/lib/python3.10/site-packages/airflow/example_dags/tutorial_taskflow_api.py for tasks to queue
[2024-10-30T21:36:21.656-0700] {logging_mixin.py:190} INFO - [2024-10-30T21:36:21.656-0700] {dagbag.py:588} INFO - Filling up the DagBag from /Users/saiprasadreddykolan/Documents/E-commerce_project/venv/lib/python3.10/site-packages/airflow/example_dags/tutorial_taskflow_api.py
[2024-10-30T21:36:21.670-0700] {processor.py:925} INFO - DAG(s) 'tutorial_taskflow_api' retrieved from /Users/saiprasadreddykolan/Documents/E-commerce_project/venv/lib/python3.10/site-packages/airflow/example_dags/tutorial_taskflow_api.py
[2024-10-30T21:36:21.705-0700] {logging_mixin.py:190} INFO - [2024-10-30T21:36:21.705-0700] {dag.py:3239} INFO - Sync 1 DAGs
[2024-10-30T21:36:21.708-0700] {logging_mixin.py:190} INFO - [2024-10-30T21:36:21.708-0700] {dag.py:4180} INFO - Setting next_dagrun for tutorial_taskflow_api to None, run_after=None
[2024-10-30T21:36:21.714-0700] {processor.py:208} INFO - Processing /Users/saiprasadreddykolan/Documents/E-commerce_project/venv/lib/python3.10/site-packages/airflow/example_dags/tutorial_taskflow_api.py took 0.062 seconds
[2024-10-30T21:37:28.517-0700] {processor.py:186} INFO - Started process (PID=37115) to work on /Users/saiprasadreddykolan/Documents/E-commerce_project/venv/lib/python3.10/site-packages/airflow/example_dags/tutorial_taskflow_api.py
[2024-10-30T21:37:28.519-0700] {processor.py:914} INFO - Processing file /Users/saiprasadreddykolan/Documents/E-commerce_project/venv/lib/python3.10/site-packages/airflow/example_dags/tutorial_taskflow_api.py for tasks to queue
[2024-10-30T21:37:28.520-0700] {logging_mixin.py:190} INFO - [2024-10-30T21:37:28.520-0700] {dagbag.py:588} INFO - Filling up the DagBag from /Users/saiprasadreddykolan/Documents/E-commerce_project/venv/lib/python3.10/site-packages/airflow/example_dags/tutorial_taskflow_api.py
[2024-10-30T21:37:28.540-0700] {processor.py:925} INFO - DAG(s) 'tutorial_taskflow_api' retrieved from /Users/saiprasadreddykolan/Documents/E-commerce_project/venv/lib/python3.10/site-packages/airflow/example_dags/tutorial_taskflow_api.py
[2024-10-30T21:37:28.580-0700] {logging_mixin.py:190} INFO - [2024-10-30T21:37:28.580-0700] {dag.py:3239} INFO - Sync 1 DAGs
[2024-10-30T21:37:28.585-0700] {logging_mixin.py:190} INFO - [2024-10-30T21:37:28.584-0700] {dag.py:4180} INFO - Setting next_dagrun for tutorial_taskflow_api to None, run_after=None
[2024-10-30T21:37:28.592-0700] {processor.py:208} INFO - Processing /Users/saiprasadreddykolan/Documents/E-commerce_project/venv/lib/python3.10/site-packages/airflow/example_dags/tutorial_taskflow_api.py took 0.077 seconds
[2024-10-30T21:38:35.106-0700] {processor.py:186} INFO - Started process (PID=37211) to work on /Users/saiprasadreddykolan/Documents/E-commerce_project/venv/lib/python3.10/site-packages/airflow/example_dags/tutorial_taskflow_api.py
[2024-10-30T21:38:35.109-0700] {processor.py:914} INFO - Processing file /Users/saiprasadreddykolan/Documents/E-commerce_project/venv/lib/python3.10/site-packages/airflow/example_dags/tutorial_taskflow_api.py for tasks to queue
[2024-10-30T21:38:35.109-0700] {logging_mixin.py:190} INFO - [2024-10-30T21:38:35.109-0700] {dagbag.py:588} INFO - Filling up the DagBag from /Users/saiprasadreddykolan/Documents/E-commerce_project/venv/lib/python3.10/site-packages/airflow/example_dags/tutorial_taskflow_api.py
[2024-10-30T21:38:35.122-0700] {processor.py:925} INFO - DAG(s) 'tutorial_taskflow_api' retrieved from /Users/saiprasadreddykolan/Documents/E-commerce_project/venv/lib/python3.10/site-packages/airflow/example_dags/tutorial_taskflow_api.py
[2024-10-30T21:38:35.155-0700] {logging_mixin.py:190} INFO - [2024-10-30T21:38:35.155-0700] {dag.py:3239} INFO - Sync 1 DAGs
[2024-10-30T21:38:35.159-0700] {logging_mixin.py:190} INFO - [2024-10-30T21:38:35.159-0700] {dag.py:4180} INFO - Setting next_dagrun for tutorial_taskflow_api to None, run_after=None
[2024-10-30T21:38:35.165-0700] {processor.py:208} INFO - Processing /Users/saiprasadreddykolan/Documents/E-commerce_project/venv/lib/python3.10/site-packages/airflow/example_dags/tutorial_taskflow_api.py took 0.060 seconds
[2024-10-30T21:39:39.444-0700] {processor.py:186} INFO - Started process (PID=37303) to work on /Users/saiprasadreddykolan/Documents/E-commerce_project/venv/lib/python3.10/site-packages/airflow/example_dags/tutorial_taskflow_api.py
[2024-10-30T21:39:39.446-0700] {processor.py:914} INFO - Processing file /Users/saiprasadreddykolan/Documents/E-commerce_project/venv/lib/python3.10/site-packages/airflow/example_dags/tutorial_taskflow_api.py for tasks to queue
[2024-10-30T21:39:39.446-0700] {logging_mixin.py:190} INFO - [2024-10-30T21:39:39.446-0700] {dagbag.py:588} INFO - Filling up the DagBag from /Users/saiprasadreddykolan/Documents/E-commerce_project/venv/lib/python3.10/site-packages/airflow/example_dags/tutorial_taskflow_api.py
[2024-10-30T21:39:39.460-0700] {processor.py:925} INFO - DAG(s) 'tutorial_taskflow_api' retrieved from /Users/saiprasadreddykolan/Documents/E-commerce_project/venv/lib/python3.10/site-packages/airflow/example_dags/tutorial_taskflow_api.py
[2024-10-30T21:39:39.495-0700] {logging_mixin.py:190} INFO - [2024-10-30T21:39:39.495-0700] {dag.py:3239} INFO - Sync 1 DAGs
[2024-10-30T21:39:39.499-0700] {logging_mixin.py:190} INFO - [2024-10-30T21:39:39.499-0700] {dag.py:4180} INFO - Setting next_dagrun for tutorial_taskflow_api to None, run_after=None
[2024-10-30T21:39:39.504-0700] {processor.py:208} INFO - Processing /Users/saiprasadreddykolan/Documents/E-commerce_project/venv/lib/python3.10/site-packages/airflow/example_dags/tutorial_taskflow_api.py took 0.062 seconds
[2024-10-30T21:40:45.694-0700] {processor.py:186} INFO - Started process (PID=37386) to work on /Users/saiprasadreddykolan/Documents/E-commerce_project/venv/lib/python3.10/site-packages/airflow/example_dags/tutorial_taskflow_api.py
[2024-10-30T21:40:45.696-0700] {processor.py:914} INFO - Processing file /Users/saiprasadreddykolan/Documents/E-commerce_project/venv/lib/python3.10/site-packages/airflow/example_dags/tutorial_taskflow_api.py for tasks to queue
[2024-10-30T21:40:45.696-0700] {logging_mixin.py:190} INFO - [2024-10-30T21:40:45.696-0700] {dagbag.py:588} INFO - Filling up the DagBag from /Users/saiprasadreddykolan/Documents/E-commerce_project/venv/lib/python3.10/site-packages/airflow/example_dags/tutorial_taskflow_api.py
[2024-10-30T21:40:45.710-0700] {processor.py:925} INFO - DAG(s) 'tutorial_taskflow_api' retrieved from /Users/saiprasadreddykolan/Documents/E-commerce_project/venv/lib/python3.10/site-packages/airflow/example_dags/tutorial_taskflow_api.py
[2024-10-30T21:40:45.746-0700] {logging_mixin.py:190} INFO - [2024-10-30T21:40:45.745-0700] {dag.py:3239} INFO - Sync 1 DAGs
[2024-10-30T21:40:45.749-0700] {logging_mixin.py:190} INFO - [2024-10-30T21:40:45.749-0700] {dag.py:4180} INFO - Setting next_dagrun for tutorial_taskflow_api to None, run_after=None
[2024-10-30T21:40:45.756-0700] {processor.py:208} INFO - Processing /Users/saiprasadreddykolan/Documents/E-commerce_project/venv/lib/python3.10/site-packages/airflow/example_dags/tutorial_taskflow_api.py took 0.063 seconds
[2024-10-30T21:41:51.510-0700] {processor.py:186} INFO - Started process (PID=37463) to work on /Users/saiprasadreddykolan/Documents/E-commerce_project/venv/lib/python3.10/site-packages/airflow/example_dags/tutorial_taskflow_api.py
[2024-10-30T21:41:51.512-0700] {processor.py:914} INFO - Processing file /Users/saiprasadreddykolan/Documents/E-commerce_project/venv/lib/python3.10/site-packages/airflow/example_dags/tutorial_taskflow_api.py for tasks to queue
[2024-10-30T21:41:51.512-0700] {logging_mixin.py:190} INFO - [2024-10-30T21:41:51.512-0700] {dagbag.py:588} INFO - Filling up the DagBag from /Users/saiprasadreddykolan/Documents/E-commerce_project/venv/lib/python3.10/site-packages/airflow/example_dags/tutorial_taskflow_api.py
[2024-10-30T21:41:51.526-0700] {processor.py:925} INFO - DAG(s) 'tutorial_taskflow_api' retrieved from /Users/saiprasadreddykolan/Documents/E-commerce_project/venv/lib/python3.10/site-packages/airflow/example_dags/tutorial_taskflow_api.py
[2024-10-30T21:41:51.561-0700] {logging_mixin.py:190} INFO - [2024-10-30T21:41:51.561-0700] {dag.py:3239} INFO - Sync 1 DAGs
[2024-10-30T21:41:51.565-0700] {logging_mixin.py:190} INFO - [2024-10-30T21:41:51.565-0700] {dag.py:4180} INFO - Setting next_dagrun for tutorial_taskflow_api to None, run_after=None
[2024-10-30T21:41:51.571-0700] {processor.py:208} INFO - Processing /Users/saiprasadreddykolan/Documents/E-commerce_project/venv/lib/python3.10/site-packages/airflow/example_dags/tutorial_taskflow_api.py took 0.061 seconds
[2024-10-30T22:15:42.608-0700] {processor.py:186} INFO - Started process (PID=37657) to work on /Users/saiprasadreddykolan/Documents/E-commerce_project/venv/lib/python3.10/site-packages/airflow/example_dags/tutorial_taskflow_api.py
[2024-10-30T22:15:42.610-0700] {processor.py:914} INFO - Processing file /Users/saiprasadreddykolan/Documents/E-commerce_project/venv/lib/python3.10/site-packages/airflow/example_dags/tutorial_taskflow_api.py for tasks to queue
[2024-10-30T22:15:42.610-0700] {logging_mixin.py:190} INFO - [2024-10-30T22:15:42.610-0700] {dagbag.py:588} INFO - Filling up the DagBag from /Users/saiprasadreddykolan/Documents/E-commerce_project/venv/lib/python3.10/site-packages/airflow/example_dags/tutorial_taskflow_api.py
[2024-10-30T22:15:42.623-0700] {processor.py:925} INFO - DAG(s) 'tutorial_taskflow_api' retrieved from /Users/saiprasadreddykolan/Documents/E-commerce_project/venv/lib/python3.10/site-packages/airflow/example_dags/tutorial_taskflow_api.py
[2024-10-30T22:15:42.658-0700] {logging_mixin.py:190} INFO - [2024-10-30T22:15:42.657-0700] {dag.py:3239} INFO - Sync 1 DAGs
[2024-10-30T22:15:42.661-0700] {logging_mixin.py:190} INFO - [2024-10-30T22:15:42.661-0700] {dag.py:4180} INFO - Setting next_dagrun for tutorial_taskflow_api to None, run_after=None
[2024-10-30T22:15:42.667-0700] {processor.py:208} INFO - Processing /Users/saiprasadreddykolan/Documents/E-commerce_project/venv/lib/python3.10/site-packages/airflow/example_dags/tutorial_taskflow_api.py took 0.061 seconds
[2024-10-30T23:43:43.108-0700] {processor.py:186} INFO - Started process (PID=37851) to work on /Users/saiprasadreddykolan/Documents/E-commerce_project/venv/lib/python3.10/site-packages/airflow/example_dags/tutorial_taskflow_api.py
[2024-10-30T23:43:43.111-0700] {processor.py:914} INFO - Processing file /Users/saiprasadreddykolan/Documents/E-commerce_project/venv/lib/python3.10/site-packages/airflow/example_dags/tutorial_taskflow_api.py for tasks to queue
[2024-10-30T23:43:43.111-0700] {logging_mixin.py:190} INFO - [2024-10-30T23:43:43.111-0700] {dagbag.py:588} INFO - Filling up the DagBag from /Users/saiprasadreddykolan/Documents/E-commerce_project/venv/lib/python3.10/site-packages/airflow/example_dags/tutorial_taskflow_api.py
[2024-10-30T23:43:43.124-0700] {processor.py:925} INFO - DAG(s) 'tutorial_taskflow_api' retrieved from /Users/saiprasadreddykolan/Documents/E-commerce_project/venv/lib/python3.10/site-packages/airflow/example_dags/tutorial_taskflow_api.py
[2024-10-30T23:43:43.158-0700] {logging_mixin.py:190} INFO - [2024-10-30T23:43:43.158-0700] {dag.py:3239} INFO - Sync 1 DAGs
[2024-10-30T23:43:43.162-0700] {logging_mixin.py:190} INFO - [2024-10-30T23:43:43.162-0700] {dag.py:4180} INFO - Setting next_dagrun for tutorial_taskflow_api to None, run_after=None
[2024-10-30T23:43:43.168-0700] {processor.py:208} INFO - Processing /Users/saiprasadreddykolan/Documents/E-commerce_project/venv/lib/python3.10/site-packages/airflow/example_dags/tutorial_taskflow_api.py took 0.061 seconds
[2024-10-31T00:44:30.810-0700] {processor.py:186} INFO - Started process (PID=38036) to work on /Users/saiprasadreddykolan/Documents/E-commerce_project/venv/lib/python3.10/site-packages/airflow/example_dags/tutorial_taskflow_api.py
[2024-10-31T00:44:30.812-0700] {processor.py:914} INFO - Processing file /Users/saiprasadreddykolan/Documents/E-commerce_project/venv/lib/python3.10/site-packages/airflow/example_dags/tutorial_taskflow_api.py for tasks to queue
[2024-10-31T00:44:30.813-0700] {logging_mixin.py:190} INFO - [2024-10-31T00:44:30.812-0700] {dagbag.py:588} INFO - Filling up the DagBag from /Users/saiprasadreddykolan/Documents/E-commerce_project/venv/lib/python3.10/site-packages/airflow/example_dags/tutorial_taskflow_api.py
[2024-10-31T00:44:30.824-0700] {processor.py:925} INFO - DAG(s) 'tutorial_taskflow_api' retrieved from /Users/saiprasadreddykolan/Documents/E-commerce_project/venv/lib/python3.10/site-packages/airflow/example_dags/tutorial_taskflow_api.py
[2024-10-31T00:44:30.857-0700] {logging_mixin.py:190} INFO - [2024-10-31T00:44:30.857-0700] {dag.py:3239} INFO - Sync 1 DAGs
[2024-10-31T00:44:30.861-0700] {logging_mixin.py:190} INFO - [2024-10-31T00:44:30.861-0700] {dag.py:4180} INFO - Setting next_dagrun for tutorial_taskflow_api to None, run_after=None
[2024-10-31T00:44:30.867-0700] {processor.py:208} INFO - Processing /Users/saiprasadreddykolan/Documents/E-commerce_project/venv/lib/python3.10/site-packages/airflow/example_dags/tutorial_taskflow_api.py took 0.057 seconds
[2024-10-31T01:32:48.377-0700] {processor.py:186} INFO - Started process (PID=38160) to work on /Users/saiprasadreddykolan/Documents/E-commerce_project/venv/lib/python3.10/site-packages/airflow/example_dags/tutorial_taskflow_api.py
[2024-10-31T01:32:48.380-0700] {processor.py:914} INFO - Processing file /Users/saiprasadreddykolan/Documents/E-commerce_project/venv/lib/python3.10/site-packages/airflow/example_dags/tutorial_taskflow_api.py for tasks to queue
[2024-10-31T01:32:48.380-0700] {logging_mixin.py:190} INFO - [2024-10-31T01:32:48.380-0700] {dagbag.py:588} INFO - Filling up the DagBag from /Users/saiprasadreddykolan/Documents/E-commerce_project/venv/lib/python3.10/site-packages/airflow/example_dags/tutorial_taskflow_api.py
[2024-10-31T01:32:48.393-0700] {processor.py:925} INFO - DAG(s) 'tutorial_taskflow_api' retrieved from /Users/saiprasadreddykolan/Documents/E-commerce_project/venv/lib/python3.10/site-packages/airflow/example_dags/tutorial_taskflow_api.py
[2024-10-31T01:32:48.429-0700] {logging_mixin.py:190} INFO - [2024-10-31T01:32:48.429-0700] {dag.py:3239} INFO - Sync 1 DAGs
[2024-10-31T01:32:48.433-0700] {logging_mixin.py:190} INFO - [2024-10-31T01:32:48.433-0700] {dag.py:4180} INFO - Setting next_dagrun for tutorial_taskflow_api to None, run_after=None
[2024-10-31T01:32:48.439-0700] {processor.py:208} INFO - Processing /Users/saiprasadreddykolan/Documents/E-commerce_project/venv/lib/python3.10/site-packages/airflow/example_dags/tutorial_taskflow_api.py took 0.063 seconds
[2024-10-31T02:25:29.827-0700] {processor.py:186} INFO - Started process (PID=38286) to work on /Users/saiprasadreddykolan/Documents/E-commerce_project/venv/lib/python3.10/site-packages/airflow/example_dags/tutorial_taskflow_api.py
[2024-10-31T02:25:29.829-0700] {processor.py:914} INFO - Processing file /Users/saiprasadreddykolan/Documents/E-commerce_project/venv/lib/python3.10/site-packages/airflow/example_dags/tutorial_taskflow_api.py for tasks to queue
[2024-10-31T02:25:29.829-0700] {logging_mixin.py:190} INFO - [2024-10-31T02:25:29.829-0700] {dagbag.py:588} INFO - Filling up the DagBag from /Users/saiprasadreddykolan/Documents/E-commerce_project/venv/lib/python3.10/site-packages/airflow/example_dags/tutorial_taskflow_api.py
[2024-10-31T02:25:29.843-0700] {processor.py:925} INFO - DAG(s) 'tutorial_taskflow_api' retrieved from /Users/saiprasadreddykolan/Documents/E-commerce_project/venv/lib/python3.10/site-packages/airflow/example_dags/tutorial_taskflow_api.py
[2024-10-31T02:25:29.878-0700] {logging_mixin.py:190} INFO - [2024-10-31T02:25:29.878-0700] {dag.py:3239} INFO - Sync 1 DAGs
[2024-10-31T02:25:29.882-0700] {logging_mixin.py:190} INFO - [2024-10-31T02:25:29.881-0700] {dag.py:4180} INFO - Setting next_dagrun for tutorial_taskflow_api to None, run_after=None
[2024-10-31T02:25:29.887-0700] {processor.py:208} INFO - Processing /Users/saiprasadreddykolan/Documents/E-commerce_project/venv/lib/python3.10/site-packages/airflow/example_dags/tutorial_taskflow_api.py took 0.061 seconds
[2024-10-31T03:16:01.754-0700] {processor.py:186} INFO - Started process (PID=38398) to work on /Users/saiprasadreddykolan/Documents/E-commerce_project/venv/lib/python3.10/site-packages/airflow/example_dags/tutorial_taskflow_api.py
[2024-10-31T03:16:01.757-0700] {processor.py:914} INFO - Processing file /Users/saiprasadreddykolan/Documents/E-commerce_project/venv/lib/python3.10/site-packages/airflow/example_dags/tutorial_taskflow_api.py for tasks to queue
[2024-10-31T03:16:01.757-0700] {logging_mixin.py:190} INFO - [2024-10-31T03:16:01.757-0700] {dagbag.py:588} INFO - Filling up the DagBag from /Users/saiprasadreddykolan/Documents/E-commerce_project/venv/lib/python3.10/site-packages/airflow/example_dags/tutorial_taskflow_api.py
[2024-10-31T03:16:01.771-0700] {processor.py:925} INFO - DAG(s) 'tutorial_taskflow_api' retrieved from /Users/saiprasadreddykolan/Documents/E-commerce_project/venv/lib/python3.10/site-packages/airflow/example_dags/tutorial_taskflow_api.py
[2024-10-31T03:16:01.806-0700] {logging_mixin.py:190} INFO - [2024-10-31T03:16:01.806-0700] {dag.py:3239} INFO - Sync 1 DAGs
[2024-10-31T03:16:01.811-0700] {logging_mixin.py:190} INFO - [2024-10-31T03:16:01.810-0700] {dag.py:4180} INFO - Setting next_dagrun for tutorial_taskflow_api to None, run_after=None
[2024-10-31T03:16:01.817-0700] {processor.py:208} INFO - Processing /Users/saiprasadreddykolan/Documents/E-commerce_project/venv/lib/python3.10/site-packages/airflow/example_dags/tutorial_taskflow_api.py took 0.064 seconds
[2024-10-31T05:34:50.747-0700] {processor.py:186} INFO - Started process (PID=38723) to work on /Users/saiprasadreddykolan/Documents/E-commerce_project/venv/lib/python3.10/site-packages/airflow/example_dags/tutorial_taskflow_api.py
[2024-10-31T05:34:50.749-0700] {processor.py:914} INFO - Processing file /Users/saiprasadreddykolan/Documents/E-commerce_project/venv/lib/python3.10/site-packages/airflow/example_dags/tutorial_taskflow_api.py for tasks to queue
[2024-10-31T05:34:50.749-0700] {logging_mixin.py:190} INFO - [2024-10-31T05:34:50.749-0700] {dagbag.py:588} INFO - Filling up the DagBag from /Users/saiprasadreddykolan/Documents/E-commerce_project/venv/lib/python3.10/site-packages/airflow/example_dags/tutorial_taskflow_api.py
[2024-10-31T05:34:50.763-0700] {processor.py:925} INFO - DAG(s) 'tutorial_taskflow_api' retrieved from /Users/saiprasadreddykolan/Documents/E-commerce_project/venv/lib/python3.10/site-packages/airflow/example_dags/tutorial_taskflow_api.py
[2024-10-31T05:34:50.798-0700] {logging_mixin.py:190} INFO - [2024-10-31T05:34:50.798-0700] {dag.py:3239} INFO - Sync 1 DAGs
[2024-10-31T05:34:50.803-0700] {logging_mixin.py:190} INFO - [2024-10-31T05:34:50.803-0700] {dag.py:4180} INFO - Setting next_dagrun for tutorial_taskflow_api to None, run_after=None
[2024-10-31T05:34:50.808-0700] {processor.py:208} INFO - Processing /Users/saiprasadreddykolan/Documents/E-commerce_project/venv/lib/python3.10/site-packages/airflow/example_dags/tutorial_taskflow_api.py took 0.063 seconds
[2024-10-31T05:52:54.854-0700] {processor.py:186} INFO - Started process (PID=38871) to work on /Users/saiprasadreddykolan/Documents/E-commerce_project/venv/lib/python3.10/site-packages/airflow/example_dags/tutorial_taskflow_api.py
[2024-10-31T05:52:54.855-0700] {processor.py:914} INFO - Processing file /Users/saiprasadreddykolan/Documents/E-commerce_project/venv/lib/python3.10/site-packages/airflow/example_dags/tutorial_taskflow_api.py for tasks to queue
[2024-10-31T05:52:54.856-0700] {logging_mixin.py:190} INFO - [2024-10-31T05:52:54.856-0700] {dagbag.py:588} INFO - Filling up the DagBag from /Users/saiprasadreddykolan/Documents/E-commerce_project/venv/lib/python3.10/site-packages/airflow/example_dags/tutorial_taskflow_api.py
[2024-10-31T05:52:54.868-0700] {processor.py:925} INFO - DAG(s) 'tutorial_taskflow_api' retrieved from /Users/saiprasadreddykolan/Documents/E-commerce_project/venv/lib/python3.10/site-packages/airflow/example_dags/tutorial_taskflow_api.py
[2024-10-31T05:52:54.900-0700] {logging_mixin.py:190} INFO - [2024-10-31T05:52:54.900-0700] {dag.py:3239} INFO - Sync 1 DAGs
[2024-10-31T05:52:54.904-0700] {logging_mixin.py:190} INFO - [2024-10-31T05:52:54.904-0700] {dag.py:4180} INFO - Setting next_dagrun for tutorial_taskflow_api to None, run_after=None
[2024-10-31T05:52:54.910-0700] {processor.py:208} INFO - Processing /Users/saiprasadreddykolan/Documents/E-commerce_project/venv/lib/python3.10/site-packages/airflow/example_dags/tutorial_taskflow_api.py took 0.058 seconds
[2024-10-31T07:00:03.288-0700] {processor.py:186} INFO - Started process (PID=39011) to work on /Users/saiprasadreddykolan/Documents/E-commerce_project/venv/lib/python3.10/site-packages/airflow/example_dags/tutorial_taskflow_api.py
[2024-10-31T07:00:03.290-0700] {processor.py:914} INFO - Processing file /Users/saiprasadreddykolan/Documents/E-commerce_project/venv/lib/python3.10/site-packages/airflow/example_dags/tutorial_taskflow_api.py for tasks to queue
[2024-10-31T07:00:03.291-0700] {logging_mixin.py:190} INFO - [2024-10-31T07:00:03.291-0700] {dagbag.py:588} INFO - Filling up the DagBag from /Users/saiprasadreddykolan/Documents/E-commerce_project/venv/lib/python3.10/site-packages/airflow/example_dags/tutorial_taskflow_api.py
[2024-10-31T07:00:03.304-0700] {processor.py:925} INFO - DAG(s) 'tutorial_taskflow_api' retrieved from /Users/saiprasadreddykolan/Documents/E-commerce_project/venv/lib/python3.10/site-packages/airflow/example_dags/tutorial_taskflow_api.py
[2024-10-31T07:00:03.341-0700] {logging_mixin.py:190} INFO - [2024-10-31T07:00:03.341-0700] {dag.py:3239} INFO - Sync 1 DAGs
[2024-10-31T07:00:03.345-0700] {logging_mixin.py:190} INFO - [2024-10-31T07:00:03.345-0700] {dag.py:4180} INFO - Setting next_dagrun for tutorial_taskflow_api to None, run_after=None
[2024-10-31T07:00:03.352-0700] {processor.py:208} INFO - Processing /Users/saiprasadreddykolan/Documents/E-commerce_project/venv/lib/python3.10/site-packages/airflow/example_dags/tutorial_taskflow_api.py took 0.065 seconds
[2024-10-31T07:16:39.653-0700] {processor.py:186} INFO - Started process (PID=39111) to work on /Users/saiprasadreddykolan/Documents/E-commerce_project/venv/lib/python3.10/site-packages/airflow/example_dags/tutorial_taskflow_api.py
[2024-10-31T07:16:39.655-0700] {processor.py:914} INFO - Processing file /Users/saiprasadreddykolan/Documents/E-commerce_project/venv/lib/python3.10/site-packages/airflow/example_dags/tutorial_taskflow_api.py for tasks to queue
[2024-10-31T07:16:39.656-0700] {logging_mixin.py:190} INFO - [2024-10-31T07:16:39.656-0700] {dagbag.py:588} INFO - Filling up the DagBag from /Users/saiprasadreddykolan/Documents/E-commerce_project/venv/lib/python3.10/site-packages/airflow/example_dags/tutorial_taskflow_api.py
[2024-10-31T07:16:39.668-0700] {processor.py:925} INFO - DAG(s) 'tutorial_taskflow_api' retrieved from /Users/saiprasadreddykolan/Documents/E-commerce_project/venv/lib/python3.10/site-packages/airflow/example_dags/tutorial_taskflow_api.py
[2024-10-31T07:16:39.700-0700] {logging_mixin.py:190} INFO - [2024-10-31T07:16:39.700-0700] {dag.py:3239} INFO - Sync 1 DAGs
[2024-10-31T07:16:39.704-0700] {logging_mixin.py:190} INFO - [2024-10-31T07:16:39.704-0700] {dag.py:4180} INFO - Setting next_dagrun for tutorial_taskflow_api to None, run_after=None
[2024-10-31T07:16:39.710-0700] {processor.py:208} INFO - Processing /Users/saiprasadreddykolan/Documents/E-commerce_project/venv/lib/python3.10/site-packages/airflow/example_dags/tutorial_taskflow_api.py took 0.058 seconds
[2024-10-31T07:59:01.287-0700] {processor.py:186} INFO - Started process (PID=39231) to work on /Users/saiprasadreddykolan/Documents/E-commerce_project/venv/lib/python3.10/site-packages/airflow/example_dags/tutorial_taskflow_api.py
[2024-10-31T07:59:01.289-0700] {processor.py:914} INFO - Processing file /Users/saiprasadreddykolan/Documents/E-commerce_project/venv/lib/python3.10/site-packages/airflow/example_dags/tutorial_taskflow_api.py for tasks to queue
[2024-10-31T07:59:01.289-0700] {logging_mixin.py:190} INFO - [2024-10-31T07:59:01.289-0700] {dagbag.py:588} INFO - Filling up the DagBag from /Users/saiprasadreddykolan/Documents/E-commerce_project/venv/lib/python3.10/site-packages/airflow/example_dags/tutorial_taskflow_api.py
[2024-10-31T07:59:01.302-0700] {processor.py:925} INFO - DAG(s) 'tutorial_taskflow_api' retrieved from /Users/saiprasadreddykolan/Documents/E-commerce_project/venv/lib/python3.10/site-packages/airflow/example_dags/tutorial_taskflow_api.py
[2024-10-31T07:59:01.336-0700] {logging_mixin.py:190} INFO - [2024-10-31T07:59:01.336-0700] {dag.py:3239} INFO - Sync 1 DAGs
[2024-10-31T07:59:01.340-0700] {logging_mixin.py:190} INFO - [2024-10-31T07:59:01.340-0700] {dag.py:4180} INFO - Setting next_dagrun for tutorial_taskflow_api to None, run_after=None
[2024-10-31T07:59:01.345-0700] {processor.py:208} INFO - Processing /Users/saiprasadreddykolan/Documents/E-commerce_project/venv/lib/python3.10/site-packages/airflow/example_dags/tutorial_taskflow_api.py took 0.060 seconds
[2024-10-31T08:44:30.792-0700] {processor.py:186} INFO - Started process (PID=39384) to work on /Users/saiprasadreddykolan/Documents/E-commerce_project/venv/lib/python3.10/site-packages/airflow/example_dags/tutorial_taskflow_api.py
[2024-10-31T08:44:30.794-0700] {processor.py:914} INFO - Processing file /Users/saiprasadreddykolan/Documents/E-commerce_project/venv/lib/python3.10/site-packages/airflow/example_dags/tutorial_taskflow_api.py for tasks to queue
[2024-10-31T08:44:30.794-0700] {logging_mixin.py:190} INFO - [2024-10-31T08:44:30.794-0700] {dagbag.py:588} INFO - Filling up the DagBag from /Users/saiprasadreddykolan/Documents/E-commerce_project/venv/lib/python3.10/site-packages/airflow/example_dags/tutorial_taskflow_api.py
[2024-10-31T08:44:30.806-0700] {processor.py:925} INFO - DAG(s) 'tutorial_taskflow_api' retrieved from /Users/saiprasadreddykolan/Documents/E-commerce_project/venv/lib/python3.10/site-packages/airflow/example_dags/tutorial_taskflow_api.py
[2024-10-31T08:44:30.839-0700] {logging_mixin.py:190} INFO - [2024-10-31T08:44:30.839-0700] {dag.py:3239} INFO - Sync 1 DAGs
[2024-10-31T08:44:30.843-0700] {logging_mixin.py:190} INFO - [2024-10-31T08:44:30.843-0700] {dag.py:4180} INFO - Setting next_dagrun for tutorial_taskflow_api to None, run_after=None
[2024-10-31T08:44:30.848-0700] {processor.py:208} INFO - Processing /Users/saiprasadreddykolan/Documents/E-commerce_project/venv/lib/python3.10/site-packages/airflow/example_dags/tutorial_taskflow_api.py took 0.058 seconds
[2024-10-31T09:04:07.186-0700] {processor.py:186} INFO - Started process (PID=39488) to work on /Users/saiprasadreddykolan/Documents/E-commerce_project/venv/lib/python3.10/site-packages/airflow/example_dags/tutorial_taskflow_api.py
[2024-10-31T09:04:07.188-0700] {processor.py:914} INFO - Processing file /Users/saiprasadreddykolan/Documents/E-commerce_project/venv/lib/python3.10/site-packages/airflow/example_dags/tutorial_taskflow_api.py for tasks to queue
[2024-10-31T09:04:07.188-0700] {logging_mixin.py:190} INFO - [2024-10-31T09:04:07.188-0700] {dagbag.py:588} INFO - Filling up the DagBag from /Users/saiprasadreddykolan/Documents/E-commerce_project/venv/lib/python3.10/site-packages/airflow/example_dags/tutorial_taskflow_api.py
[2024-10-31T09:04:07.202-0700] {processor.py:925} INFO - DAG(s) 'tutorial_taskflow_api' retrieved from /Users/saiprasadreddykolan/Documents/E-commerce_project/venv/lib/python3.10/site-packages/airflow/example_dags/tutorial_taskflow_api.py
[2024-10-31T09:04:07.238-0700] {logging_mixin.py:190} INFO - [2024-10-31T09:04:07.238-0700] {dag.py:3239} INFO - Sync 1 DAGs
[2024-10-31T09:04:07.242-0700] {logging_mixin.py:190} INFO - [2024-10-31T09:04:07.242-0700] {dag.py:4180} INFO - Setting next_dagrun for tutorial_taskflow_api to None, run_after=None
[2024-10-31T09:04:07.249-0700] {processor.py:208} INFO - Processing /Users/saiprasadreddykolan/Documents/E-commerce_project/venv/lib/python3.10/site-packages/airflow/example_dags/tutorial_taskflow_api.py took 0.064 seconds
[2024-10-31T09:22:58.353-0700] {processor.py:186} INFO - Started process (PID=39580) to work on /Users/saiprasadreddykolan/Documents/E-commerce_project/venv/lib/python3.10/site-packages/airflow/example_dags/tutorial_taskflow_api.py
[2024-10-31T09:22:58.356-0700] {processor.py:914} INFO - Processing file /Users/saiprasadreddykolan/Documents/E-commerce_project/venv/lib/python3.10/site-packages/airflow/example_dags/tutorial_taskflow_api.py for tasks to queue
[2024-10-31T09:22:58.356-0700] {logging_mixin.py:190} INFO - [2024-10-31T09:22:58.356-0700] {dagbag.py:588} INFO - Filling up the DagBag from /Users/saiprasadreddykolan/Documents/E-commerce_project/venv/lib/python3.10/site-packages/airflow/example_dags/tutorial_taskflow_api.py
[2024-10-31T09:22:58.368-0700] {processor.py:925} INFO - DAG(s) 'tutorial_taskflow_api' retrieved from /Users/saiprasadreddykolan/Documents/E-commerce_project/venv/lib/python3.10/site-packages/airflow/example_dags/tutorial_taskflow_api.py
[2024-10-31T09:22:58.400-0700] {logging_mixin.py:190} INFO - [2024-10-31T09:22:58.400-0700] {dag.py:3239} INFO - Sync 1 DAGs
[2024-10-31T09:22:58.404-0700] {logging_mixin.py:190} INFO - [2024-10-31T09:22:58.404-0700] {dag.py:4180} INFO - Setting next_dagrun for tutorial_taskflow_api to None, run_after=None
[2024-10-31T09:22:58.410-0700] {processor.py:208} INFO - Processing /Users/saiprasadreddykolan/Documents/E-commerce_project/venv/lib/python3.10/site-packages/airflow/example_dags/tutorial_taskflow_api.py took 0.058 seconds
